<?xml version='1.0' encoding='UTF-8'?>
<result>
  <suites>
    <suite>
      <file>/home/jenkins/slave/workspace/jenkins_main_trunk/cli/target/surefire-reports/TEST-hudson.cli.ConnectionTest.xml</file>
      <name>hudson.cli.ConnectionTest</name>
      <duration>0.513</duration>
      <cases>
        <case>
          <duration>0.513</duration>
          <className>hudson.cli.ConnectionTest</className>
          <testName>testEncyrpt</testName>
          <skipped>false</skipped>
          <failedSince>0</failedSince>
        </case>
      </cases>
    </suite>
    <suite>
      <file>/home/jenkins/slave/workspace/jenkins_main_trunk/core/target/surefire-reports/TEST-hudson.BulkChangeTest.xml</file>
      <name>hudson.BulkChangeTest</name>
      <duration>0.001</duration>
      <cases>
        <case>
          <duration>0.001</duration>
          <className>hudson.BulkChangeTest</className>
          <testName>testNoBulkChange</testName>
          <skipped>false</skipped>
          <failedSince>0</failedSince>
        </case>
        <case>
          <duration>0.0</duration>
          <className>hudson.BulkChangeTest</className>
          <testName>testBulkChange</testName>
          <skipped>false</skipped>
          <failedSince>0</failedSince>
        </case>
        <case>
          <duration>0.0</duration>
          <className>hudson.BulkChangeTest</className>
          <testName>testNestedBulkChange</testName>
          <skipped>false</skipped>
          <failedSince>0</failedSince>
        </case>
      </cases>
    </suite>
    <suite>
      <file>/home/jenkins/slave/workspace/jenkins_main_trunk/core/target/surefire-reports/TEST-hudson.EnvVarsTest.xml</file>
      <name>hudson.EnvVarsTest</name>
      <duration>0.0</duration>
      <cases>
        <case>
          <duration>0.0</duration>
          <className>hudson.EnvVarsTest</className>
          <testName>test1</testName>
          <skipped>false</skipped>
          <failedSince>0</failedSince>
        </case>
      </cases>
    </suite>
    <suite>
      <file>/home/jenkins/slave/workspace/jenkins_main_trunk/core/target/surefire-reports/TEST-hudson.FilePathTest.xml</file>
      <name>hudson.FilePathTest</name>
      <duration>8.3880005</duration>
      <cases>
        <case>
          <duration>0.017</duration>
          <className>hudson.FilePathTest</className>
          <testName>testCopyTo</testName>
          <skipped>false</skipped>
          <failedSince>0</failedSince>
        </case>
        <case>
          <duration>6.606</duration>
          <className>hudson.FilePathTest</className>
          <testName>testNoFileLeakInCopyTo</testName>
          <skipped>false</skipped>
          <failedSince>0</failedSince>
        </case>
        <case>
          <duration>0.35</duration>
          <className>hudson.FilePathTest</className>
          <testName>testNoRaceConditionInCopyTo</testName>
          <skipped>false</skipped>
          <failedSince>0</failedSince>
        </case>
        <case>
          <duration>0.103</duration>
          <className>hudson.FilePathTest</className>
          <testName>testRepeatCopyRecursiveTo</testName>
          <skipped>false</skipped>
          <failedSince>0</failedSince>
        </case>
        <case>
          <duration>0.129</duration>
          <className>hudson.FilePathTest</className>
          <testName>testArchiveBug4039</testName>
          <skipped>false</skipped>
          <failedSince>0</failedSince>
        </case>
        <case>
          <duration>0.003</duration>
          <className>hudson.FilePathTest</className>
          <testName>testNormalization</testName>
          <skipped>false</skipped>
          <failedSince>0</failedSince>
        </case>
        <case>
          <duration>0.003</duration>
          <className>hudson.FilePathTest</className>
          <testName>testGetParent</testName>
          <skipped>false</skipped>
          <failedSince>0</failedSince>
        </case>
        <case>
          <duration>0.017</duration>
          <className>hudson.FilePathTest</className>
          <testName>testList</testName>
          <skipped>false</skipped>
          <failedSince>0</failedSince>
        </case>
        <case>
          <duration>0.011</duration>
          <className>hudson.FilePathTest</className>
          <testName>testListWithExcludes</testName>
          <skipped>false</skipped>
          <failedSince>0</failedSince>
        </case>
        <case>
          <duration>0.006</duration>
          <className>hudson.FilePathTest</className>
          <testName>testListWithDefaultExcludes</testName>
          <skipped>false</skipped>
          <failedSince>0</failedSince>
        </case>
        <case>
          <duration>0.008</duration>
          <className>hudson.FilePathTest</className>
          <testName>testIsUnix</testName>
          <skipped>false</skipped>
          <failedSince>0</failedSince>
        </case>
        <case>
          <duration>0.798</duration>
          <className>hudson.FilePathTest</className>
          <testName>testCopyToWithPermission</testName>
          <skipped>false</skipped>
          <failedSince>0</failedSince>
        </case>
        <case>
          <duration>0.02</duration>
          <className>hudson.FilePathTest</className>
          <testName>testSymlinkInTar</testName>
          <skipped>false</skipped>
          <failedSince>0</failedSince>
        </case>
        <case>
          <duration>0.002</duration>
          <className>hudson.FilePathTest</className>
          <testName>testMultiSegmentRelativePaths</testName>
          <skipped>false</skipped>
          <failedSince>0</failedSince>
        </case>
        <case>
          <duration>0.022</duration>
          <className>hudson.FilePathTest</className>
          <testName>testValidateAntFileMask</testName>
          <skipped>false</skipped>
          <failedSince>0</failedSince>
        </case>
        <case>
          <duration>0.256</duration>
          <className>hudson.FilePathTest</className>
          <testName>testValidateAntFileMaskBounded</testName>
          <skipped>false</skipped>
          <failedSince>0</failedSince>
        </case>
        <case>
          <duration>0.037</duration>
          <className>hudson.FilePathTest</className>
          <testName>testDeleteLongPathOnWindows</testName>
          <skipped>false</skipped>
          <failedSince>0</failedSince>
        </case>
      </cases>
    </suite>
    <suite>
      <file>/home/jenkins/slave/workspace/jenkins_main_trunk/core/target/surefire-reports/TEST-hudson.FunctionsTest.xml</file>
      <name>hudson.FunctionsTest</name>
      <duration>0.718</duration>
      <cases>
        <case>
          <duration>0.116</duration>
          <className>hudson.FunctionsTest</className>
          <testName>testGetActionUrl_absoluteUriWithAuthority</testName>
          <skipped>false</skipped>
          <failedSince>0</failedSince>
        </case>
        <case>
          <duration>0.004</duration>
          <className>hudson.FunctionsTest</className>
          <testName>testGetActionUrl_absoluteUriWithoutAuthority</testName>
          <skipped>false</skipped>
          <failedSince>0</failedSince>
        </case>
        <case>
          <duration>0.317</duration>
          <className>hudson.FunctionsTest</className>
          <testName>testGetActionUrl_absolutePath</testName>
          <skipped>false</skipped>
          <failedSince>0</failedSince>
        </case>
        <case>
          <duration>0.281</duration>
          <className>hudson.FunctionsTest</className>
          <testName>testGetActionUrl_relativePath</testName>
          <skipped>false</skipped>
          <failedSince>0</failedSince>
        </case>
      </cases>
    </suite>
    <suite>
      <file>/home/jenkins/slave/workspace/jenkins_main_trunk/core/target/surefire-reports/TEST-hudson.LauncherTest.xml</file>
      <name>hudson.LauncherTest</name>
      <duration>2.188</duration>
      <cases>
        <case>
          <duration>2.171</duration>
          <className>hudson.LauncherTest</className>
          <testName>testRemoteKill</testName>
          <skipped>false</skipped>
          <failedSince>0</failedSince>
        </case>
        <case>
          <duration>0.017</duration>
          <className>hudson.LauncherTest</className>
          <testName>testDecorateByEnv</testName>
          <skipped>false</skipped>
          <failedSince>0</failedSince>
        </case>
      </cases>
    </suite>
    <suite>
      <file>/home/jenkins/slave/workspace/jenkins_main_trunk/core/target/surefire-reports/TEST-hudson.MarkupTextTest.xml</file>
      <name>hudson.MarkupTextTest</name>
      <duration>0.003</duration>
      <cases>
        <case>
          <duration>0.002</duration>
          <className>hudson.MarkupTextTest</className>
          <testName>test1</testName>
          <skipped>false</skipped>
          <failedSince>0</failedSince>
        </case>
        <case>
          <duration>0.0</duration>
          <className>hudson.MarkupTextTest</className>
          <testName>testBoundary</testName>
          <skipped>false</skipped>
          <failedSince>0</failedSince>
        </case>
        <case>
          <duration>0.001</duration>
          <className>hudson.MarkupTextTest</className>
          <testName>testFindTokensOnSubText</testName>
          <skipped>false</skipped>
          <failedSince>0</failedSince>
        </case>
        <case>
          <duration>0.0</duration>
          <className>hudson.MarkupTextTest</className>
          <testName>testLiteralTextSurround</testName>
          <skipped>false</skipped>
          <failedSince>0</failedSince>
        </case>
        <case>
          <duration>0.0</duration>
          <className>hudson.MarkupTextTest</className>
          <testName>testAdjacent</testName>
          <skipped>false</skipped>
          <failedSince>0</failedSince>
        </case>
        <case>
          <duration>0.0</duration>
          <className>hudson.MarkupTextTest</className>
          <testName>testEscape</testName>
          <skipped>false</skipped>
          <failedSince>0</failedSince>
        </case>
        <case>
          <duration>0.0</duration>
          <className>hudson.MarkupTextTest</className>
          <testName>testPreEscape</testName>
          <skipped>false</skipped>
          <failedSince>0</failedSince>
        </case>
        <case>
          <duration>0.0</duration>
          <className>hudson.MarkupTextTest</className>
          <testName>testSubTextSubText</testName>
          <skipped>false</skipped>
          <failedSince>0</failedSince>
        </case>
      </cases>
    </suite>
    <suite>
      <file>/home/jenkins/slave/workspace/jenkins_main_trunk/core/target/surefire-reports/TEST-hudson.PluginManagerTest.xml</file>
      <name>hudson.PluginManagerTest</name>
      <duration>0.008</duration>
      <cases>
        <case>
          <duration>0.008</duration>
          <className>hudson.PluginManagerTest</className>
          <testName>parseRequestedPlugins</testName>
          <skipped>false</skipped>
          <failedSince>0</failedSince>
        </case>
      </cases>
    </suite>
    <suite>
      <file>/home/jenkins/slave/workspace/jenkins_main_trunk/core/target/surefire-reports/TEST-hudson.ProxyConfigurationTest.xml</file>
      <name>hudson.ProxyConfigurationTest</name>
      <duration>0.197</duration>
      <cases>
        <case>
          <duration>0.197</duration>
          <className>hudson.ProxyConfigurationTest</className>
          <testName>testNoProxyHost</testName>
          <skipped>false</skipped>
          <failedSince>0</failedSince>
        </case>
      </cases>
    </suite>
    <suite>
      <file>/home/jenkins/slave/workspace/jenkins_main_trunk/core/target/surefire-reports/TEST-hudson.UtilTest.xml</file>
      <name>hudson.UtilTest</name>
      <duration>0.05</duration>
      <cases>
        <case>
          <duration>0.0</duration>
          <className>hudson.UtilTest</className>
          <testName>testReplaceMacro</testName>
          <skipped>false</skipped>
          <failedSince>0</failedSince>
        </case>
        <case>
          <duration>0.004</duration>
          <className>hudson.UtilTest</className>
          <testName>testTimeSpanString</testName>
          <skipped>false</skipped>
          <failedSince>0</failedSince>
        </case>
        <case>
          <duration>0.0</duration>
          <className>hudson.UtilTest</className>
          <testName>testEncodeSpaces</testName>
          <skipped>false</skipped>
          <failedSince>0</failedSince>
        </case>
        <case>
          <duration>0.0</duration>
          <className>hudson.UtilTest</className>
          <testName>testEncodeAmpersand</testName>
          <skipped>false</skipped>
          <failedSince>0</failedSince>
        </case>
        <case>
          <duration>0.0</duration>
          <className>hudson.UtilTest</className>
          <testName>testRawEncode</testName>
          <skipped>false</skipped>
          <failedSince>0</failedSince>
        </case>
        <case>
          <duration>0.001</duration>
          <className>hudson.UtilTest</className>
          <testName>testTryParseNumber</testName>
          <skipped>false</skipped>
          <failedSince>0</failedSince>
        </case>
        <case>
          <duration>0.004</duration>
          <className>hudson.UtilTest</className>
          <testName>testSymlink</testName>
          <skipped>false</skipped>
          <failedSince>0</failedSince>
        </case>
        <case>
          <duration>0.002</duration>
          <className>hudson.UtilTest</className>
          <testName>testIsSymlink</testName>
          <skipped>false</skipped>
          <failedSince>0</failedSince>
        </case>
        <case>
          <duration>0.0</duration>
          <className>hudson.UtilTest</className>
          <testName>testHtmlEscape</testName>
          <skipped>false</skipped>
          <failedSince>0</failedSince>
        </case>
        <case>
          <duration>0.039</duration>
          <className>hudson.UtilTest</className>
          <testName>testDigestThreadSafety</testName>
          <skipped>false</skipped>
          <failedSince>0</failedSince>
        </case>
      </cases>
    </suite>
    <suite>
      <file>/home/jenkins/slave/workspace/jenkins_main_trunk/core/target/surefire-reports/TEST-hudson.console.UrlAnnotatorTest.xml</file>
      <name>hudson.console.UrlAnnotatorTest</name>
      <duration>0.006</duration>
      <cases>
        <case>
          <duration>0.006</duration>
          <className>hudson.console.UrlAnnotatorTest</className>
          <testName>testAnnotate</testName>
          <skipped>false</skipped>
          <failedSince>0</failedSince>
        </case>
      </cases>
    </suite>
    <suite>
      <file>/home/jenkins/slave/workspace/jenkins_main_trunk/core/target/surefire-reports/TEST-hudson.markup.MyspacePolicyTest.xml</file>
      <name>hudson.markup.MyspacePolicyTest</name>
      <duration>0.08</duration>
      <cases>
        <case>
          <duration>0.08</duration>
          <className>hudson.markup.MyspacePolicyTest</className>
          <testName>testPolicy</testName>
          <skipped>false</skipped>
          <failedSince>0</failedSince>
        </case>
      </cases>
    </suite>
    <suite>
      <file>/home/jenkins/slave/workspace/jenkins_main_trunk/core/target/surefire-reports/TEST-hudson.matrix.CombinationTest.xml</file>
      <name>hudson.matrix.CombinationTest</name>
      <duration>0.82</duration>
      <cases>
        <case>
          <duration>0.82</duration>
          <className>hudson.matrix.CombinationTest</className>
          <testName>testEval</testName>
          <skipped>false</skipped>
          <failedSince>0</failedSince>
        </case>
      </cases>
    </suite>
    <suite>
      <file>/home/jenkins/slave/workspace/jenkins_main_trunk/core/target/surefire-reports/TEST-hudson.model.AbstractItemTest.xml</file>
      <name>hudson.model.AbstractItemTest</name>
      <duration>0.001</duration>
      <cases>
        <case>
          <duration>0.0</duration>
          <className>hudson.model.AbstractItemTest</className>
          <testName>testSetDisplayName</testName>
          <skipped>false</skipped>
          <failedSince>0</failedSince>
        </case>
        <case>
          <duration>0.0</duration>
          <className>hudson.model.AbstractItemTest</className>
          <testName>testGetDefaultDisplayName</testName>
          <skipped>false</skipped>
          <failedSince>0</failedSince>
        </case>
        <case>
          <duration>0.0</duration>
          <className>hudson.model.AbstractItemTest</className>
          <testName>testSearchNameIsName</testName>
          <skipped>false</skipped>
          <failedSince>0</failedSince>
        </case>
        <case>
          <duration>0.001</duration>
          <className>hudson.model.AbstractItemTest</className>
          <testName>testGetDisplayNameOrNull</testName>
          <skipped>false</skipped>
          <failedSince>0</failedSince>
        </case>
        <case>
          <duration>0.0</duration>
          <className>hudson.model.AbstractItemTest</className>
          <testName>testSetDisplayNameOrNull</testName>
          <skipped>false</skipped>
          <failedSince>0</failedSince>
        </case>
      </cases>
    </suite>
    <suite>
      <file>/home/jenkins/slave/workspace/jenkins_main_trunk/core/target/surefire-reports/TEST-hudson.model.AutoCompleteSeederTest.xml</file>
      <name>hudson.model.AutoCompleteSeederTest</name>
      <duration>0.001</duration>
      <cases>
        <case>
          <duration>0.0</duration>
          <className>hudson.model.AutoCompleteSeederTest</className>
          <testName>testAutoCompleteSeeds[0]</testName>
          <skipped>false</skipped>
          <failedSince>0</failedSince>
        </case>
        <case>
          <duration>0.0</duration>
          <className>hudson.model.AutoCompleteSeederTest</className>
          <testName>testAutoCompleteSeeds[1]</testName>
          <skipped>false</skipped>
          <failedSince>0</failedSince>
        </case>
        <case>
          <duration>0.0</duration>
          <className>hudson.model.AutoCompleteSeederTest</className>
          <testName>testAutoCompleteSeeds[2]</testName>
          <skipped>false</skipped>
          <failedSince>0</failedSince>
        </case>
        <case>
          <duration>0.001</duration>
          <className>hudson.model.AutoCompleteSeederTest</className>
          <testName>testAutoCompleteSeeds[3]</testName>
          <skipped>false</skipped>
          <failedSince>0</failedSince>
        </case>
        <case>
          <duration>0.0</duration>
          <className>hudson.model.AutoCompleteSeederTest</className>
          <testName>testAutoCompleteSeeds[4]</testName>
          <skipped>false</skipped>
          <failedSince>0</failedSince>
        </case>
        <case>
          <duration>0.0</duration>
          <className>hudson.model.AutoCompleteSeederTest</className>
          <testName>testAutoCompleteSeeds[5]</testName>
          <skipped>false</skipped>
          <failedSince>0</failedSince>
        </case>
        <case>
          <duration>0.0</duration>
          <className>hudson.model.AutoCompleteSeederTest</className>
          <testName>testAutoCompleteSeeds[6]</testName>
          <skipped>false</skipped>
          <failedSince>0</failedSince>
        </case>
        <case>
          <duration>0.0</duration>
          <className>hudson.model.AutoCompleteSeederTest</className>
          <testName>testAutoCompleteSeeds[7]</testName>
          <skipped>false</skipped>
          <failedSince>0</failedSince>
        </case>
        <case>
          <duration>0.0</duration>
          <className>hudson.model.AutoCompleteSeederTest</className>
          <testName>testAutoCompleteSeeds[8]</testName>
          <skipped>false</skipped>
          <failedSince>0</failedSince>
        </case>
        <case>
          <duration>0.0</duration>
          <className>hudson.model.AutoCompleteSeederTest</className>
          <testName>testAutoCompleteSeeds[9]</testName>
          <skipped>false</skipped>
          <failedSince>0</failedSince>
        </case>
        <case>
          <duration>0.0</duration>
          <className>hudson.model.AutoCompleteSeederTest</className>
          <testName>testAutoCompleteSeeds[10]</testName>
          <skipped>false</skipped>
          <failedSince>0</failedSince>
        </case>
        <case>
          <duration>0.0</duration>
          <className>hudson.model.AutoCompleteSeederTest</className>
          <testName>testAutoCompleteSeeds[11]</testName>
          <skipped>false</skipped>
          <failedSince>0</failedSince>
        </case>
        <case>
          <duration>0.0</duration>
          <className>hudson.model.AutoCompleteSeederTest</className>
          <testName>testAutoCompleteSeeds[12]</testName>
          <skipped>false</skipped>
          <failedSince>0</failedSince>
        </case>
      </cases>
    </suite>
    <suite>
      <file>/home/jenkins/slave/workspace/jenkins_main_trunk/core/target/surefire-reports/TEST-hudson.model.BallColorTest.xml</file>
      <name>hudson.model.BallColorTest</name>
      <duration>0.001</duration>
      <cases>
        <case>
          <duration>0.001</duration>
          <className>hudson.model.BallColorTest</className>
          <testName>testHtmlColor</testName>
          <skipped>false</skipped>
          <failedSince>0</failedSince>
        </case>
      </cases>
    </suite>
    <suite>
      <file>/home/jenkins/slave/workspace/jenkins_main_trunk/core/target/surefire-reports/TEST-hudson.model.BuildStatusSummaryTest.xml</file>
      <name>hudson.model.BuildStatusSummaryTest</name>
      <duration>0.254</duration>
      <cases>
        <case>
          <duration>0.109</duration>
          <className>hudson.model.BuildStatusSummaryTest</className>
          <testName>testFailure</testName>
          <skipped>false</skipped>
          <failedSince>0</failedSince>
        </case>
        <case>
          <duration>0.001</duration>
          <className>hudson.model.BuildStatusSummaryTest</className>
          <testName>testStatusUnknownIfRunIsStillBuilding</testName>
          <skipped>false</skipped>
          <failedSince>0</failedSince>
        </case>
        <case>
          <duration>0.007</duration>
          <className>hudson.model.BuildStatusSummaryTest</className>
          <testName>testSuccess</testName>
          <skipped>false</skipped>
          <failedSince>0</failedSince>
        </case>
        <case>
          <duration>0.004</duration>
          <className>hudson.model.BuildStatusSummaryTest</className>
          <testName>testFixed</testName>
          <skipped>false</skipped>
          <failedSince>0</failedSince>
        </case>
        <case>
          <duration>0.003</duration>
          <className>hudson.model.BuildStatusSummaryTest</className>
          <testName>testBecameFailure</testName>
          <skipped>false</skipped>
          <failedSince>0</failedSince>
        </case>
        <case>
          <duration>0.004</duration>
          <className>hudson.model.BuildStatusSummaryTest</className>
          <testName>testFailureSince</testName>
          <skipped>false</skipped>
          <failedSince>0</failedSince>
        </case>
        <case>
          <duration>0.002</duration>
          <className>hudson.model.BuildStatusSummaryTest</className>
          <testName>testBecameUnstable</testName>
          <skipped>false</skipped>
          <failedSince>0</failedSince>
        </case>
        <case>
          <duration>0.003</duration>
          <className>hudson.model.BuildStatusSummaryTest</className>
          <testName>testUnstableAfterFailure</testName>
          <skipped>false</skipped>
          <failedSince>0</failedSince>
        </case>
        <case>
          <duration>0.094</duration>
          <className>hudson.model.BuildStatusSummaryTest</className>
          <testName>testBuildGotAFailingTest</testName>
          <skipped>false</skipped>
          <failedSince>0</failedSince>
        </case>
        <case>
          <duration>0.006</duration>
          <className>hudson.model.BuildStatusSummaryTest</className>
          <testName>testBuildEqualAmountOfTestsFailing</testName>
          <skipped>false</skipped>
          <failedSince>0</failedSince>
        </case>
        <case>
          <duration>0.006</duration>
          <className>hudson.model.BuildStatusSummaryTest</className>
          <testName>testBuildGotMoreFailingTests</testName>
          <skipped>false</skipped>
          <failedSince>0</failedSince>
        </case>
        <case>
          <duration>0.006</duration>
          <className>hudson.model.BuildStatusSummaryTest</className>
          <testName>testBuildGotLessFailingTests</testName>
          <skipped>false</skipped>
          <failedSince>0</failedSince>
        </case>
        <case>
          <duration>0.002</duration>
          <className>hudson.model.BuildStatusSummaryTest</className>
          <testName>testNonTestRelatedUnstable</testName>
          <skipped>false</skipped>
          <failedSince>0</failedSince>
        </case>
        <case>
          <duration>0.003</duration>
          <className>hudson.model.BuildStatusSummaryTest</className>
          <testName>testNonTestRelatedBecameUnstable</testName>
          <skipped>false</skipped>
          <failedSince>0</failedSince>
        </case>
        <case>
          <duration>0.002</duration>
          <className>hudson.model.BuildStatusSummaryTest</className>
          <testName>testAborted</testName>
          <skipped>false</skipped>
          <failedSince>0</failedSince>
        </case>
        <case>
          <duration>0.002</duration>
          <className>hudson.model.BuildStatusSummaryTest</className>
          <testName>testNotBuilt</testName>
          <skipped>false</skipped>
          <failedSince>0</failedSince>
        </case>
      </cases>
    </suite>
    <suite>
      <file>/home/jenkins/slave/workspace/jenkins_main_trunk/core/target/surefire-reports/TEST-hudson.model.ComputerTest.xml</file>
      <name>hudson.model.ComputerTest</name>
      <duration>0.011</duration>
      <cases>
        <case>
          <duration>0.011</duration>
          <className>hudson.model.ComputerTest</className>
          <testName>testRelocate</testName>
          <skipped>false</skipped>
          <failedSince>0</failedSince>
        </case>
      </cases>
    </suite>
    <suite>
      <file>/home/jenkins/slave/workspace/jenkins_main_trunk/core/target/surefire-reports/TEST-hudson.model.DisplayNameListenerTest.xml</file>
      <name>hudson.model.DisplayNameListenerTest</name>
      <duration>0.001</duration>
      <cases>
        <case>
          <duration>0.001</duration>
          <className>hudson.model.DisplayNameListenerTest</className>
          <testName>testOnCopied</testName>
          <skipped>false</skipped>
          <failedSince>0</failedSince>
        </case>
        <case>
          <duration>0.0</duration>
          <className>hudson.model.DisplayNameListenerTest</className>
          <testName>testOnRenamedOldNameEqualsDisplayName</testName>
          <skipped>false</skipped>
          <failedSince>0</failedSince>
        </case>
        <case>
          <duration>0.0</duration>
          <className>hudson.model.DisplayNameListenerTest</className>
          <testName>testOnRenamedOldNameNotEqualDisplayName</testName>
          <skipped>false</skipped>
          <failedSince>0</failedSince>
        </case>
      </cases>
    </suite>
    <suite>
      <file>/home/jenkins/slave/workspace/jenkins_main_trunk/core/target/surefire-reports/TEST-hudson.model.FingerprintTest.xml</file>
      <name>hudson.model.FingerprintTest</name>
      <duration>0.004</duration>
      <cases>
        <case>
          <duration>0.003</duration>
          <className>hudson.model.FingerprintTest</className>
          <testName>test</testName>
          <skipped>false</skipped>
          <failedSince>0</failedSince>
        </case>
        <case>
          <duration>0.0</duration>
          <className>hudson.model.FingerprintTest</className>
          <testName>testMerge</testName>
          <skipped>false</skipped>
          <failedSince>0</failedSince>
        </case>
        <case>
          <duration>0.001</duration>
          <className>hudson.model.FingerprintTest</className>
          <testName>testMerge2</testName>
          <skipped>false</skipped>
          <failedSince>0</failedSince>
        </case>
        <case>
          <duration>0.0</duration>
          <className>hudson.model.FingerprintTest</className>
          <testName>testMerge3</testName>
          <skipped>false</skipped>
          <failedSince>0</failedSince>
        </case>
      </cases>
    </suite>
    <suite>
      <file>/home/jenkins/slave/workspace/jenkins_main_trunk/core/target/surefire-reports/TEST-hudson.model.ItemsTest.xml</file>
      <name>hudson.model.ItemsTest</name>
      <duration>0.018</duration>
      <cases>
        <case>
          <duration>0.015</duration>
          <className>hudson.model.ItemsTest</className>
          <testName>getCanonicalName</testName>
          <skipped>false</skipped>
          <failedSince>0</failedSince>
        </case>
        <case>
          <duration>0.003</duration>
          <className>hudson.model.ItemsTest</className>
          <testName>computeRelativeNamesAfterRenaming</testName>
          <skipped>false</skipped>
          <failedSince>0</failedSince>
        </case>
      </cases>
    </suite>
    <suite>
      <file>/home/jenkins/slave/workspace/jenkins_main_trunk/core/target/surefire-reports/TEST-hudson.model.JobTest.xml</file>
      <name>hudson.model.JobTest</name>
      <duration>0.006</duration>
      <cases>
        <case>
          <duration>0.006</duration>
          <className>hudson.model.JobTest</className>
          <testName>testSetDisplayName</testName>
          <skipped>false</skipped>
          <failedSince>0</failedSince>
        </case>
        <case>
          <duration>0.0</duration>
          <className>hudson.model.JobTest</className>
          <testName>testSetDisplayNameZeroLength</testName>
          <skipped>false</skipped>
          <failedSince>0</failedSince>
        </case>
      </cases>
    </suite>
    <suite>
      <file>/home/jenkins/slave/workspace/jenkins_main_trunk/core/target/surefire-reports/TEST-hudson.model.LoadStatisticsTest.xml</file>
      <name>hudson.model.LoadStatisticsTest</name>
      <duration>1.07</duration>
      <cases>
        <case>
          <duration>1.07</duration>
          <className>hudson.model.LoadStatisticsTest</className>
          <testName>testGraph</testName>
          <skipped>false</skipped>
          <failedSince>0</failedSince>
        </case>
      </cases>
    </suite>
    <suite>
      <file>/home/jenkins/slave/workspace/jenkins_main_trunk/core/target/surefire-reports/TEST-hudson.model.ResourceListTest.xml</file>
      <name>hudson.model.ResourceListTest</name>
      <duration>0.004</duration>
      <cases>
        <case>
          <duration>0.002</duration>
          <className>hudson.model.ResourceListTest</className>
          <testName>testEmptyLists</testName>
          <skipped>false</skipped>
          <failedSince>0</failedSince>
        </case>
        <case>
          <duration>0.0</duration>
          <className>hudson.model.ResourceListTest</className>
          <testName>testSimpleR</testName>
          <skipped>false</skipped>
          <failedSince>0</failedSince>
        </case>
        <case>
          <duration>0.0</duration>
          <className>hudson.model.ResourceListTest</className>
          <testName>testSimpleRW</testName>
          <skipped>false</skipped>
          <failedSince>0</failedSince>
        </case>
        <case>
          <duration>0.0</duration>
          <className>hudson.model.ResourceListTest</className>
          <testName>testSimpleW</testName>
          <skipped>false</skipped>
          <failedSince>0</failedSince>
        </case>
        <case>
          <duration>0.001</duration>
          <className>hudson.model.ResourceListTest</className>
          <testName>testParentChildR</testName>
          <skipped>false</skipped>
          <failedSince>0</failedSince>
        </case>
        <case>
          <duration>0.0</duration>
          <className>hudson.model.ResourceListTest</className>
          <testName>testParentChildW</testName>
          <skipped>false</skipped>
          <failedSince>0</failedSince>
        </case>
        <case>
          <duration>0.0</duration>
          <className>hudson.model.ResourceListTest</className>
          <testName>testParentChildR3</testName>
          <skipped>false</skipped>
          <failedSince>0</failedSince>
        </case>
        <case>
          <duration>0.0</duration>
          <className>hudson.model.ResourceListTest</className>
          <testName>testParentChildW3</testName>
          <skipped>false</skipped>
          <failedSince>0</failedSince>
        </case>
        <case>
          <duration>0.001</duration>
          <className>hudson.model.ResourceListTest</className>
          <testName>testMultiWrite1</testName>
          <skipped>false</skipped>
          <failedSince>0</failedSince>
        </case>
        <case>
          <duration>0.0</duration>
          <className>hudson.model.ResourceListTest</className>
          <testName>testMultiWriteN</testName>
          <skipped>false</skipped>
          <failedSince>0</failedSince>
        </case>
        <case>
          <duration>0.0</duration>
          <className>hudson.model.ResourceListTest</className>
          <testName>testMultiRead1</testName>
          <skipped>false</skipped>
          <failedSince>0</failedSince>
        </case>
        <case>
          <duration>0.0</duration>
          <className>hudson.model.ResourceListTest</className>
          <testName>testMultiReadN</testName>
          <skipped>false</skipped>
          <failedSince>0</failedSince>
        </case>
      </cases>
    </suite>
    <suite>
      <file>/home/jenkins/slave/workspace/jenkins_main_trunk/core/target/surefire-reports/TEST-hudson.model.RunTest.xml</file>
      <name>hudson.model.RunTest</name>
      <duration>0.018</duration>
      <cases>
        <case>
          <duration>0.018</duration>
          <className>hudson.model.RunTest</className>
          <testName>timezoneOfID</testName>
          <skipped>false</skipped>
          <failedSince>0</failedSince>
        </case>
      </cases>
    </suite>
    <suite>
      <file>/home/jenkins/slave/workspace/jenkins_main_trunk/core/target/surefire-reports/TEST-hudson.model.TaskActionTest.xml</file>
      <name>hudson.model.TaskActionTest</name>
      <duration>0.021</duration>
      <cases>
        <case>
          <duration>0.021</duration>
          <className>hudson.model.TaskActionTest</className>
          <testName>testAnnotatedText</testName>
          <skipped>false</skipped>
          <failedSince>0</failedSince>
        </case>
      </cases>
    </suite>
    <suite>
      <file>/home/jenkins/slave/workspace/jenkins_main_trunk/core/target/surefire-reports/TEST-hudson.model.TimeSeriesTest.xml</file>
      <name>hudson.model.TimeSeriesTest</name>
      <duration>0.0</duration>
      <cases>
        <case>
          <duration>0.0</duration>
          <className>hudson.model.TimeSeriesTest</className>
          <testName>test1</testName>
          <skipped>false</skipped>
          <failedSince>0</failedSince>
        </case>
      </cases>
    </suite>
    <suite>
      <file>/home/jenkins/slave/workspace/jenkins_main_trunk/core/target/surefire-reports/TEST-hudson.model.UpdateCenterTest.xml</file>
      <name>hudson.model.UpdateCenterTest</name>
      <duration>1.091</duration>
      <cases>
        <case>
          <duration>1.091</duration>
          <className>hudson.model.UpdateCenterTest</className>
          <testName>testData</testName>
          <skipped>false</skipped>
          <failedSince>0</failedSince>
        </case>
      </cases>
    </suite>
    <suite>
      <file>/home/jenkins/slave/workspace/jenkins_main_trunk/core/target/surefire-reports/TEST-hudson.model.ViewTest.xml</file>
      <name>hudson.model.ViewTest</name>
      <duration>0.071</duration>
      <cases>
        <case>
          <duration>0.071</duration>
          <className>hudson.model.ViewTest</className>
          <testName>testAddDisplayNamesToSearchIndex</testName>
          <skipped>false</skipped>
          <failedSince>0</failedSince>
        </case>
      </cases>
    </suite>
    <suite>
      <file>/home/jenkins/slave/workspace/jenkins_main_trunk/core/target/surefire-reports/TEST-hudson.scheduler.CronTabDayOfWeekLocaleTest.xml</file>
      <name>hudson.scheduler.CronTabDayOfWeekLocaleTest</name>
      <duration>0.77199477</duration>
      <cases>
        <case>
          <duration>0.001</duration>
          <className>hudson.scheduler.CronTabDayOfWeekLocaleTest</className>
          <testName>hudson8658[0]</testName>
          <skipped>false</skipped>
          <failedSince>0</failedSince>
        </case>
        <case>
          <duration>0.001</duration>
          <className>hudson.scheduler.CronTabDayOfWeekLocaleTest</className>
          <testName>isSundayAndNextRunIsMonday[0]</testName>
          <skipped>false</skipped>
          <failedSince>0</failedSince>
        </case>
        <case>
          <duration>0.001</duration>
          <className>hudson.scheduler.CronTabDayOfWeekLocaleTest</className>
          <testName>isSundayAndPreviousRunIsMonday[0]</testName>
          <skipped>false</skipped>
          <failedSince>0</failedSince>
        </case>
        <case>
          <duration>0.0</duration>
          <className>hudson.scheduler.CronTabDayOfWeekLocaleTest</className>
          <testName>isSundayAndNextRunIsTuesday[0]</testName>
          <skipped>false</skipped>
          <failedSince>0</failedSince>
        </case>
        <case>
          <duration>0.001</duration>
          <className>hudson.scheduler.CronTabDayOfWeekLocaleTest</className>
          <testName>isSundayAndPreviousRunIsTuesday[0]</testName>
          <skipped>false</skipped>
          <failedSince>0</failedSince>
        </case>
        <case>
          <duration>0.001</duration>
          <className>hudson.scheduler.CronTabDayOfWeekLocaleTest</className>
          <testName>isSundayAndNextRunIsWednesday[0]</testName>
          <skipped>false</skipped>
          <failedSince>0</failedSince>
        </case>
        <case>
          <duration>0.0</duration>
          <className>hudson.scheduler.CronTabDayOfWeekLocaleTest</className>
          <testName>isSundayAndPreviousRunIsWednesday[0]</testName>
          <skipped>false</skipped>
          <failedSince>0</failedSince>
        </case>
        <case>
          <duration>0.0</duration>
          <className>hudson.scheduler.CronTabDayOfWeekLocaleTest</className>
          <testName>isSundayAndNextRunIsThursday[0]</testName>
          <skipped>false</skipped>
          <failedSince>0</failedSince>
        </case>
        <case>
          <duration>0.001</duration>
          <className>hudson.scheduler.CronTabDayOfWeekLocaleTest</className>
          <testName>isSundayAndPreviousRunIsThursday[0]</testName>
          <skipped>false</skipped>
          <failedSince>0</failedSince>
        </case>
        <case>
          <duration>0.0</duration>
          <className>hudson.scheduler.CronTabDayOfWeekLocaleTest</className>
          <testName>isSundayAndNextRunIsFriday[0]</testName>
          <skipped>false</skipped>
          <failedSince>0</failedSince>
        </case>
        <case>
          <duration>0.001</duration>
          <className>hudson.scheduler.CronTabDayOfWeekLocaleTest</className>
          <testName>isSundayAndPreviousRunIsFriday[0]</testName>
          <skipped>false</skipped>
          <failedSince>0</failedSince>
        </case>
        <case>
          <duration>0.001</duration>
          <className>hudson.scheduler.CronTabDayOfWeekLocaleTest</className>
          <testName>isSundayAndNextRunIsSaturday[0]</testName>
          <skipped>false</skipped>
          <failedSince>0</failedSince>
        </case>
        <case>
          <duration>0.0</duration>
          <className>hudson.scheduler.CronTabDayOfWeekLocaleTest</className>
          <testName>isSundayAndPreviousRunIsSaturday[0]</testName>
          <skipped>false</skipped>
          <failedSince>0</failedSince>
        </case>
        <case>
          <duration>0.0</duration>
          <className>hudson.scheduler.CronTabDayOfWeekLocaleTest</className>
          <testName>isSundayAndNextRunIsNextSunday[0]</testName>
          <skipped>false</skipped>
          <failedSince>0</failedSince>
        </case>
        <case>
          <duration>0.001</duration>
          <className>hudson.scheduler.CronTabDayOfWeekLocaleTest</className>
          <testName>isSundayAndPreviousRunIsPreviousSunday[0]</testName>
          <skipped>false</skipped>
          <failedSince>0</failedSince>
        </case>
        <case>
          <duration>0.001</duration>
          <className>hudson.scheduler.CronTabDayOfWeekLocaleTest</className>
          <testName>isSundayAndNextRunIsNextSunday7[0]</testName>
          <skipped>false</skipped>
          <failedSince>0</failedSince>
        </case>
        <case>
          <duration>0.001</duration>
          <className>hudson.scheduler.CronTabDayOfWeekLocaleTest</className>
          <testName>isSundayAndPreviousRunIsPreviousSunday7[0]</testName>
          <skipped>false</skipped>
          <failedSince>0</failedSince>
        </case>
        <case>
          <duration>0.0</duration>
          <className>hudson.scheduler.CronTabDayOfWeekLocaleTest</className>
          <testName>isSaturdayAndNextRunIsSundayAsterisk[0]</testName>
          <skipped>false</skipped>
          <failedSince>0</failedSince>
        </case>
        <case>
          <duration>0.0</duration>
          <className>hudson.scheduler.CronTabDayOfWeekLocaleTest</className>
          <testName>isSundayAndPreviousRunIsSaturdayAsterisk[0]</testName>
          <skipped>false</skipped>
          <failedSince>0</failedSince>
        </case>
        <case>
          <duration>0.0</duration>
          <className>hudson.scheduler.CronTabDayOfWeekLocaleTest</className>
          <testName>hudson8658[1]</testName>
          <skipped>false</skipped>
          <failedSince>0</failedSince>
        </case>
        <case>
          <duration>0.0</duration>
          <className>hudson.scheduler.CronTabDayOfWeekLocaleTest</className>
          <testName>isSundayAndNextRunIsMonday[1]</testName>
          <skipped>false</skipped>
          <failedSince>0</failedSince>
        </case>
        <case>
          <duration>0.001</duration>
          <className>hudson.scheduler.CronTabDayOfWeekLocaleTest</className>
          <testName>isSundayAndPreviousRunIsMonday[1]</testName>
          <skipped>false</skipped>
          <failedSince>0</failedSince>
        </case>
        <case>
          <duration>0.0</duration>
          <className>hudson.scheduler.CronTabDayOfWeekLocaleTest</className>
          <testName>isSundayAndNextRunIsTuesday[1]</testName>
          <skipped>false</skipped>
          <failedSince>0</failedSince>
        </case>
        <case>
          <duration>0.001</duration>
          <className>hudson.scheduler.CronTabDayOfWeekLocaleTest</className>
          <testName>isSundayAndPreviousRunIsTuesday[1]</testName>
          <skipped>false</skipped>
          <failedSince>0</failedSince>
        </case>
        <case>
          <duration>0.001</duration>
          <className>hudson.scheduler.CronTabDayOfWeekLocaleTest</className>
          <testName>isSundayAndNextRunIsWednesday[1]</testName>
          <skipped>false</skipped>
          <failedSince>0</failedSince>
        </case>
        <case>
          <duration>0.0</duration>
          <className>hudson.scheduler.CronTabDayOfWeekLocaleTest</className>
          <testName>isSundayAndPreviousRunIsWednesday[1]</testName>
          <skipped>false</skipped>
          <failedSince>0</failedSince>
        </case>
        <case>
          <duration>0.0</duration>
          <className>hudson.scheduler.CronTabDayOfWeekLocaleTest</className>
          <testName>isSundayAndNextRunIsThursday[1]</testName>
          <skipped>false</skipped>
          <failedSince>0</failedSince>
        </case>
        <case>
          <duration>0.001</duration>
          <className>hudson.scheduler.CronTabDayOfWeekLocaleTest</className>
          <testName>isSundayAndPreviousRunIsThursday[1]</testName>
          <skipped>false</skipped>
          <failedSince>0</failedSince>
        </case>
        <case>
          <duration>0.0</duration>
          <className>hudson.scheduler.CronTabDayOfWeekLocaleTest</className>
          <testName>isSundayAndNextRunIsFriday[1]</testName>
          <skipped>false</skipped>
          <failedSince>0</failedSince>
        </case>
        <case>
          <duration>0.001</duration>
          <className>hudson.scheduler.CronTabDayOfWeekLocaleTest</className>
          <testName>isSundayAndPreviousRunIsFriday[1]</testName>
          <skipped>false</skipped>
          <failedSince>0</failedSince>
        </case>
        <case>
          <duration>0.001</duration>
          <className>hudson.scheduler.CronTabDayOfWeekLocaleTest</className>
          <testName>isSundayAndNextRunIsSaturday[1]</testName>
          <skipped>false</skipped>
          <failedSince>0</failedSince>
        </case>
        <case>
          <duration>0.0</duration>
          <className>hudson.scheduler.CronTabDayOfWeekLocaleTest</className>
          <testName>isSundayAndPreviousRunIsSaturday[1]</testName>
          <skipped>false</skipped>
          <failedSince>0</failedSince>
        </case>
        <case>
          <duration>0.001</duration>
          <className>hudson.scheduler.CronTabDayOfWeekLocaleTest</className>
          <testName>isSundayAndNextRunIsNextSunday[1]</testName>
          <skipped>false</skipped>
          <failedSince>0</failedSince>
        </case>
        <case>
          <duration>0.001</duration>
          <className>hudson.scheduler.CronTabDayOfWeekLocaleTest</className>
          <testName>isSundayAndPreviousRunIsPreviousSunday[1]</testName>
          <skipped>false</skipped>
          <failedSince>0</failedSince>
        </case>
        <case>
          <duration>0.0</duration>
          <className>hudson.scheduler.CronTabDayOfWeekLocaleTest</className>
          <testName>isSundayAndNextRunIsNextSunday7[1]</testName>
          <skipped>false</skipped>
          <failedSince>0</failedSince>
        </case>
        <case>
          <duration>0.001</duration>
          <className>hudson.scheduler.CronTabDayOfWeekLocaleTest</className>
          <testName>isSundayAndPreviousRunIsPreviousSunday7[1]</testName>
          <skipped>false</skipped>
          <failedSince>0</failedSince>
        </case>
        <case>
          <duration>0.001</duration>
          <className>hudson.scheduler.CronTabDayOfWeekLocaleTest</className>
          <testName>isSaturdayAndNextRunIsSundayAsterisk[1]</testName>
          <skipped>false</skipped>
          <failedSince>0</failedSince>
        </case>
        <case>
          <duration>0.0</duration>
          <className>hudson.scheduler.CronTabDayOfWeekLocaleTest</className>
          <testName>isSundayAndPreviousRunIsSaturdayAsterisk[1]</testName>
          <skipped>false</skipped>
          <failedSince>0</failedSince>
        </case>
        <case>
          <duration>0.001</duration>
          <className>hudson.scheduler.CronTabDayOfWeekLocaleTest</className>
          <testName>hudson8658[2]</testName>
          <skipped>false</skipped>
          <failedSince>0</failedSince>
        </case>
        <case>
          <duration>0.0</duration>
          <className>hudson.scheduler.CronTabDayOfWeekLocaleTest</className>
          <testName>isSundayAndNextRunIsMonday[2]</testName>
          <skipped>false</skipped>
          <failedSince>0</failedSince>
        </case>
        <case>
          <duration>0.001</duration>
          <className>hudson.scheduler.CronTabDayOfWeekLocaleTest</className>
          <testName>isSundayAndPreviousRunIsMonday[2]</testName>
          <skipped>false</skipped>
          <failedSince>0</failedSince>
        </case>
        <case>
          <duration>0.0</duration>
          <className>hudson.scheduler.CronTabDayOfWeekLocaleTest</className>
          <testName>isSundayAndNextRunIsTuesday[2]</testName>
          <skipped>false</skipped>
          <failedSince>0</failedSince>
        </case>
        <case>
          <duration>0.0</duration>
          <className>hudson.scheduler.CronTabDayOfWeekLocaleTest</className>
          <testName>isSundayAndPreviousRunIsTuesday[2]</testName>
          <skipped>false</skipped>
          <failedSince>0</failedSince>
        </case>
        <case>
          <duration>0.001</duration>
          <className>hudson.scheduler.CronTabDayOfWeekLocaleTest</className>
          <testName>isSundayAndNextRunIsWednesday[2]</testName>
          <skipped>false</skipped>
          <failedSince>0</failedSince>
        </case>
        <case>
          <duration>0.0</duration>
          <className>hudson.scheduler.CronTabDayOfWeekLocaleTest</className>
          <testName>isSundayAndPreviousRunIsWednesday[2]</testName>
          <skipped>false</skipped>
          <failedSince>0</failedSince>
        </case>
        <case>
          <duration>0.001</duration>
          <className>hudson.scheduler.CronTabDayOfWeekLocaleTest</className>
          <testName>isSundayAndNextRunIsThursday[2]</testName>
          <skipped>false</skipped>
          <failedSince>0</failedSince>
        </case>
        <case>
          <duration>0.001</duration>
          <className>hudson.scheduler.CronTabDayOfWeekLocaleTest</className>
          <testName>isSundayAndPreviousRunIsThursday[2]</testName>
          <skipped>false</skipped>
          <failedSince>0</failedSince>
        </case>
        <case>
          <duration>0.0</duration>
          <className>hudson.scheduler.CronTabDayOfWeekLocaleTest</className>
          <testName>isSundayAndNextRunIsFriday[2]</testName>
          <skipped>false</skipped>
          <failedSince>0</failedSince>
        </case>
        <case>
          <duration>0.001</duration>
          <className>hudson.scheduler.CronTabDayOfWeekLocaleTest</className>
          <testName>isSundayAndPreviousRunIsFriday[2]</testName>
          <skipped>false</skipped>
          <failedSince>0</failedSince>
        </case>
        <case>
          <duration>0.001</duration>
          <className>hudson.scheduler.CronTabDayOfWeekLocaleTest</className>
          <testName>isSundayAndNextRunIsSaturday[2]</testName>
          <skipped>false</skipped>
          <failedSince>0</failedSince>
        </case>
        <case>
          <duration>0.0</duration>
          <className>hudson.scheduler.CronTabDayOfWeekLocaleTest</className>
          <testName>isSundayAndPreviousRunIsSaturday[2]</testName>
          <skipped>false</skipped>
          <failedSince>0</failedSince>
        </case>
        <case>
          <duration>0.001</duration>
          <className>hudson.scheduler.CronTabDayOfWeekLocaleTest</className>
          <testName>isSundayAndNextRunIsNextSunday[2]</testName>
          <skipped>false</skipped>
          <failedSince>0</failedSince>
        </case>
        <case>
          <duration>0.001</duration>
          <className>hudson.scheduler.CronTabDayOfWeekLocaleTest</className>
          <testName>isSundayAndPreviousRunIsPreviousSunday[2]</testName>
          <skipped>false</skipped>
          <failedSince>0</failedSince>
        </case>
        <case>
          <duration>0.0</duration>
          <className>hudson.scheduler.CronTabDayOfWeekLocaleTest</className>
          <testName>isSundayAndNextRunIsNextSunday7[2]</testName>
          <skipped>false</skipped>
          <failedSince>0</failedSince>
        </case>
        <case>
          <duration>0.001</duration>
          <className>hudson.scheduler.CronTabDayOfWeekLocaleTest</className>
          <testName>isSundayAndPreviousRunIsPreviousSunday7[2]</testName>
          <skipped>false</skipped>
          <failedSince>0</failedSince>
        </case>
        <case>
          <duration>0.001</duration>
          <className>hudson.scheduler.CronTabDayOfWeekLocaleTest</className>
          <testName>isSaturdayAndNextRunIsSundayAsterisk[2]</testName>
          <skipped>false</skipped>
          <failedSince>0</failedSince>
        </case>
        <case>
          <duration>0.0</duration>
          <className>hudson.scheduler.CronTabDayOfWeekLocaleTest</className>
          <testName>isSundayAndPreviousRunIsSaturdayAsterisk[2]</testName>
          <skipped>false</skipped>
          <failedSince>0</failedSince>
        </case>
        <case>
          <duration>0.001</duration>
          <className>hudson.scheduler.CronTabDayOfWeekLocaleTest</className>
          <testName>hudson8658[3]</testName>
          <skipped>false</skipped>
          <failedSince>0</failedSince>
        </case>
        <case>
          <duration>0.0</duration>
          <className>hudson.scheduler.CronTabDayOfWeekLocaleTest</className>
          <testName>isSundayAndNextRunIsMonday[3]</testName>
          <skipped>false</skipped>
          <failedSince>0</failedSince>
        </case>
        <case>
          <duration>0.001</duration>
          <className>hudson.scheduler.CronTabDayOfWeekLocaleTest</className>
          <testName>isSundayAndPreviousRunIsMonday[3]</testName>
          <skipped>false</skipped>
          <failedSince>0</failedSince>
        </case>
        <case>
          <duration>0.001</duration>
          <className>hudson.scheduler.CronTabDayOfWeekLocaleTest</className>
          <testName>isSundayAndNextRunIsTuesday[3]</testName>
          <skipped>false</skipped>
          <failedSince>0</failedSince>
        </case>
        <case>
          <duration>0.0</duration>
          <className>hudson.scheduler.CronTabDayOfWeekLocaleTest</className>
          <testName>isSundayAndPreviousRunIsTuesday[3]</testName>
          <skipped>false</skipped>
          <failedSince>0</failedSince>
        </case>
        <case>
          <duration>0.001</duration>
          <className>hudson.scheduler.CronTabDayOfWeekLocaleTest</className>
          <testName>isSundayAndNextRunIsWednesday[3]</testName>
          <skipped>false</skipped>
          <failedSince>0</failedSince>
        </case>
        <case>
          <duration>0.001</duration>
          <className>hudson.scheduler.CronTabDayOfWeekLocaleTest</className>
          <testName>isSundayAndPreviousRunIsWednesday[3]</testName>
          <skipped>false</skipped>
          <failedSince>0</failedSince>
        </case>
        <case>
          <duration>0.0</duration>
          <className>hudson.scheduler.CronTabDayOfWeekLocaleTest</className>
          <testName>isSundayAndNextRunIsThursday[3]</testName>
          <skipped>false</skipped>
          <failedSince>0</failedSince>
        </case>
        <case>
          <duration>0.003</duration>
          <className>hudson.scheduler.CronTabDayOfWeekLocaleTest</className>
          <testName>isSundayAndPreviousRunIsThursday[3]</testName>
          <skipped>false</skipped>
          <failedSince>0</failedSince>
        </case>
        <case>
          <duration>0.001</duration>
          <className>hudson.scheduler.CronTabDayOfWeekLocaleTest</className>
          <testName>isSundayAndNextRunIsFriday[3]</testName>
          <skipped>false</skipped>
          <failedSince>0</failedSince>
        </case>
        <case>
          <duration>0.001</duration>
          <className>hudson.scheduler.CronTabDayOfWeekLocaleTest</className>
          <testName>isSundayAndPreviousRunIsFriday[3]</testName>
          <skipped>false</skipped>
          <failedSince>0</failedSince>
        </case>
        <case>
          <duration>0.0</duration>
          <className>hudson.scheduler.CronTabDayOfWeekLocaleTest</className>
          <testName>isSundayAndNextRunIsSaturday[3]</testName>
          <skipped>false</skipped>
          <failedSince>0</failedSince>
        </case>
        <case>
          <duration>0.001</duration>
          <className>hudson.scheduler.CronTabDayOfWeekLocaleTest</className>
          <testName>isSundayAndPreviousRunIsSaturday[3]</testName>
          <skipped>false</skipped>
          <failedSince>0</failedSince>
        </case>
        <case>
          <duration>0.001</duration>
          <className>hudson.scheduler.CronTabDayOfWeekLocaleTest</className>
          <testName>isSundayAndNextRunIsNextSunday[3]</testName>
          <skipped>false</skipped>
          <failedSince>0</failedSince>
        </case>
        <case>
          <duration>0.0</duration>
          <className>hudson.scheduler.CronTabDayOfWeekLocaleTest</className>
          <testName>isSundayAndPreviousRunIsPreviousSunday[3]</testName>
          <skipped>false</skipped>
          <failedSince>0</failedSince>
        </case>
        <case>
          <duration>0.001</duration>
          <className>hudson.scheduler.CronTabDayOfWeekLocaleTest</className>
          <testName>isSundayAndNextRunIsNextSunday7[3]</testName>
          <skipped>false</skipped>
          <failedSince>0</failedSince>
        </case>
        <case>
          <duration>0.001</duration>
          <className>hudson.scheduler.CronTabDayOfWeekLocaleTest</className>
          <testName>isSundayAndPreviousRunIsPreviousSunday7[3]</testName>
          <skipped>false</skipped>
          <failedSince>0</failedSince>
        </case>
        <case>
          <duration>0.0</duration>
          <className>hudson.scheduler.CronTabDayOfWeekLocaleTest</className>
          <testName>isSaturdayAndNextRunIsSundayAsterisk[3]</testName>
          <skipped>false</skipped>
          <failedSince>0</failedSince>
        </case>
        <case>
          <duration>0.001</duration>
          <className>hudson.scheduler.CronTabDayOfWeekLocaleTest</className>
          <testName>isSundayAndPreviousRunIsSaturdayAsterisk[3]</testName>
          <skipped>false</skipped>
          <failedSince>0</failedSince>
        </case>
        <case>
          <duration>0.0</duration>
          <className>hudson.scheduler.CronTabDayOfWeekLocaleTest</className>
          <testName>hudson8658[4]</testName>
          <skipped>false</skipped>
          <failedSince>0</failedSince>
        </case>
        <case>
          <duration>0.001</duration>
          <className>hudson.scheduler.CronTabDayOfWeekLocaleTest</className>
          <testName>isSundayAndNextRunIsMonday[4]</testName>
          <skipped>false</skipped>
          <failedSince>0</failedSince>
        </case>
        <case>
          <duration>0.001</duration>
          <className>hudson.scheduler.CronTabDayOfWeekLocaleTest</className>
          <testName>isSundayAndPreviousRunIsMonday[4]</testName>
          <skipped>false</skipped>
          <failedSince>0</failedSince>
        </case>
        <case>
          <duration>0.0</duration>
          <className>hudson.scheduler.CronTabDayOfWeekLocaleTest</className>
          <testName>isSundayAndNextRunIsTuesday[4]</testName>
          <skipped>false</skipped>
          <failedSince>0</failedSince>
        </case>
        <case>
          <duration>0.001</duration>
          <className>hudson.scheduler.CronTabDayOfWeekLocaleTest</className>
          <testName>isSundayAndPreviousRunIsTuesday[4]</testName>
          <skipped>false</skipped>
          <failedSince>0</failedSince>
        </case>
        <case>
          <duration>0.001</duration>
          <className>hudson.scheduler.CronTabDayOfWeekLocaleTest</className>
          <testName>isSundayAndNextRunIsWednesday[4]</testName>
          <skipped>false</skipped>
          <failedSince>0</failedSince>
        </case>
        <case>
          <duration>0.0</duration>
          <className>hudson.scheduler.CronTabDayOfWeekLocaleTest</className>
          <testName>isSundayAndPreviousRunIsWednesday[4]</testName>
          <skipped>false</skipped>
          <failedSince>0</failedSince>
        </case>
        <case>
          <duration>0.001</duration>
          <className>hudson.scheduler.CronTabDayOfWeekLocaleTest</className>
          <testName>isSundayAndNextRunIsThursday[4]</testName>
          <skipped>false</skipped>
          <failedSince>0</failedSince>
        </case>
        <case>
          <duration>0.001</duration>
          <className>hudson.scheduler.CronTabDayOfWeekLocaleTest</className>
          <testName>isSundayAndPreviousRunIsThursday[4]</testName>
          <skipped>false</skipped>
          <failedSince>0</failedSince>
        </case>
        <case>
          <duration>0.0</duration>
          <className>hudson.scheduler.CronTabDayOfWeekLocaleTest</className>
          <testName>isSundayAndNextRunIsFriday[4]</testName>
          <skipped>false</skipped>
          <failedSince>0</failedSince>
        </case>
        <case>
          <duration>0.001</duration>
          <className>hudson.scheduler.CronTabDayOfWeekLocaleTest</className>
          <testName>isSundayAndPreviousRunIsFriday[4]</testName>
          <skipped>false</skipped>
          <failedSince>0</failedSince>
        </case>
        <case>
          <duration>0.001</duration>
          <className>hudson.scheduler.CronTabDayOfWeekLocaleTest</className>
          <testName>isSundayAndNextRunIsSaturday[4]</testName>
          <skipped>false</skipped>
          <failedSince>0</failedSince>
        </case>
        <case>
          <duration>0.0</duration>
          <className>hudson.scheduler.CronTabDayOfWeekLocaleTest</className>
          <testName>isSundayAndPreviousRunIsSaturday[4]</testName>
          <skipped>false</skipped>
          <failedSince>0</failedSince>
        </case>
        <case>
          <duration>0.001</duration>
          <className>hudson.scheduler.CronTabDayOfWeekLocaleTest</className>
          <testName>isSundayAndNextRunIsNextSunday[4]</testName>
          <skipped>false</skipped>
          <failedSince>0</failedSince>
        </case>
        <case>
          <duration>0.001</duration>
          <className>hudson.scheduler.CronTabDayOfWeekLocaleTest</className>
          <testName>isSundayAndPreviousRunIsPreviousSunday[4]</testName>
          <skipped>false</skipped>
          <failedSince>0</failedSince>
        </case>
        <case>
          <duration>0.0</duration>
          <className>hudson.scheduler.CronTabDayOfWeekLocaleTest</className>
          <testName>isSundayAndNextRunIsNextSunday7[4]</testName>
          <skipped>false</skipped>
          <failedSince>0</failedSince>
        </case>
        <case>
          <duration>0.001</duration>
          <className>hudson.scheduler.CronTabDayOfWeekLocaleTest</className>
          <testName>isSundayAndPreviousRunIsPreviousSunday7[4]</testName>
          <skipped>false</skipped>
          <failedSince>0</failedSince>
        </case>
        <case>
          <duration>0.001</duration>
          <className>hudson.scheduler.CronTabDayOfWeekLocaleTest</className>
          <testName>isSaturdayAndNextRunIsSundayAsterisk[4]</testName>
          <skipped>false</skipped>
          <failedSince>0</failedSince>
        </case>
        <case>
          <duration>0.0</duration>
          <className>hudson.scheduler.CronTabDayOfWeekLocaleTest</className>
          <testName>isSundayAndPreviousRunIsSaturdayAsterisk[4]</testName>
          <skipped>false</skipped>
          <failedSince>0</failedSince>
        </case>
        <case>
          <duration>0.001</duration>
          <className>hudson.scheduler.CronTabDayOfWeekLocaleTest</className>
          <testName>hudson8658[5]</testName>
          <skipped>false</skipped>
          <failedSince>0</failedSince>
        </case>
        <case>
          <duration>0.0</duration>
          <className>hudson.scheduler.CronTabDayOfWeekLocaleTest</className>
          <testName>isSundayAndNextRunIsMonday[5]</testName>
          <skipped>false</skipped>
          <failedSince>0</failedSince>
        </case>
        <case>
          <duration>0.001</duration>
          <className>hudson.scheduler.CronTabDayOfWeekLocaleTest</className>
          <testName>isSundayAndPreviousRunIsMonday[5]</testName>
          <skipped>false</skipped>
          <failedSince>0</failedSince>
        </case>
        <case>
          <duration>0.0</duration>
          <className>hudson.scheduler.CronTabDayOfWeekLocaleTest</className>
          <testName>isSundayAndNextRunIsTuesday[5]</testName>
          <skipped>false</skipped>
          <failedSince>0</failedSince>
        </case>
        <case>
          <duration>0.0</duration>
          <className>hudson.scheduler.CronTabDayOfWeekLocaleTest</className>
          <testName>isSundayAndPreviousRunIsTuesday[5]</testName>
          <skipped>false</skipped>
          <failedSince>0</failedSince>
        </case>
        <case>
          <duration>0.001</duration>
          <className>hudson.scheduler.CronTabDayOfWeekLocaleTest</className>
          <testName>isSundayAndNextRunIsWednesday[5]</testName>
          <skipped>false</skipped>
          <failedSince>0</failedSince>
        </case>
        <case>
          <duration>0.001</duration>
          <className>hudson.scheduler.CronTabDayOfWeekLocaleTest</className>
          <testName>isSundayAndPreviousRunIsWednesday[5]</testName>
          <skipped>false</skipped>
          <failedSince>0</failedSince>
        </case>
        <case>
          <duration>0.0</duration>
          <className>hudson.scheduler.CronTabDayOfWeekLocaleTest</className>
          <testName>isSundayAndNextRunIsThursday[5]</testName>
          <skipped>false</skipped>
          <failedSince>0</failedSince>
        </case>
        <case>
          <duration>0.001</duration>
          <className>hudson.scheduler.CronTabDayOfWeekLocaleTest</className>
          <testName>isSundayAndPreviousRunIsThursday[5]</testName>
          <skipped>false</skipped>
          <failedSince>0</failedSince>
        </case>
        <case>
          <duration>0.0</duration>
          <className>hudson.scheduler.CronTabDayOfWeekLocaleTest</className>
          <testName>isSundayAndNextRunIsFriday[5]</testName>
          <skipped>false</skipped>
          <failedSince>0</failedSince>
        </case>
        <case>
          <duration>0.001</duration>
          <className>hudson.scheduler.CronTabDayOfWeekLocaleTest</className>
          <testName>isSundayAndPreviousRunIsFriday[5]</testName>
          <skipped>false</skipped>
          <failedSince>0</failedSince>
        </case>
        <case>
          <duration>0.001</duration>
          <className>hudson.scheduler.CronTabDayOfWeekLocaleTest</className>
          <testName>isSundayAndNextRunIsSaturday[5]</testName>
          <skipped>false</skipped>
          <failedSince>0</failedSince>
        </case>
        <case>
          <duration>0.0</duration>
          <className>hudson.scheduler.CronTabDayOfWeekLocaleTest</className>
          <testName>isSundayAndPreviousRunIsSaturday[5]</testName>
          <skipped>false</skipped>
          <failedSince>0</failedSince>
        </case>
        <case>
          <duration>0.001</duration>
          <className>hudson.scheduler.CronTabDayOfWeekLocaleTest</className>
          <testName>isSundayAndNextRunIsNextSunday[5]</testName>
          <skipped>false</skipped>
          <failedSince>0</failedSince>
        </case>
        <case>
          <duration>0.001</duration>
          <className>hudson.scheduler.CronTabDayOfWeekLocaleTest</className>
          <testName>isSundayAndPreviousRunIsPreviousSunday[5]</testName>
          <skipped>false</skipped>
          <failedSince>0</failedSince>
        </case>
        <case>
          <duration>0.001</duration>
          <className>hudson.scheduler.CronTabDayOfWeekLocaleTest</className>
          <testName>isSundayAndNextRunIsNextSunday7[5]</testName>
          <skipped>false</skipped>
          <failedSince>0</failedSince>
        </case>
        <case>
          <duration>0.0</duration>
          <className>hudson.scheduler.CronTabDayOfWeekLocaleTest</className>
          <testName>isSundayAndPreviousRunIsPreviousSunday7[5]</testName>
          <skipped>false</skipped>
          <failedSince>0</failedSince>
        </case>
        <case>
          <duration>0.0</duration>
          <className>hudson.scheduler.CronTabDayOfWeekLocaleTest</className>
          <testName>isSaturdayAndNextRunIsSundayAsterisk[5]</testName>
          <skipped>false</skipped>
          <failedSince>0</failedSince>
        </case>
        <case>
          <duration>0.0</duration>
          <className>hudson.scheduler.CronTabDayOfWeekLocaleTest</className>
          <testName>isSundayAndPreviousRunIsSaturdayAsterisk[5]</testName>
          <skipped>false</skipped>
          <failedSince>0</failedSince>
        </case>
        <case>
          <duration>0.0</duration>
          <className>hudson.scheduler.CronTabDayOfWeekLocaleTest</className>
          <testName>hudson8658[6]</testName>
          <skipped>false</skipped>
          <failedSince>0</failedSince>
        </case>
        <case>
          <duration>0.0</duration>
          <className>hudson.scheduler.CronTabDayOfWeekLocaleTest</className>
          <testName>isSundayAndNextRunIsMonday[6]</testName>
          <skipped>false</skipped>
          <failedSince>0</failedSince>
        </case>
        <case>
          <duration>0.0</duration>
          <className>hudson.scheduler.CronTabDayOfWeekLocaleTest</className>
          <testName>isSundayAndPreviousRunIsMonday[6]</testName>
          <skipped>false</skipped>
          <failedSince>0</failedSince>
        </case>
        <case>
          <duration>0.0</duration>
          <className>hudson.scheduler.CronTabDayOfWeekLocaleTest</className>
          <testName>isSundayAndNextRunIsTuesday[6]</testName>
          <skipped>false</skipped>
          <failedSince>0</failedSince>
        </case>
        <case>
          <duration>0.0</duration>
          <className>hudson.scheduler.CronTabDayOfWeekLocaleTest</className>
          <testName>isSundayAndPreviousRunIsTuesday[6]</testName>
          <skipped>false</skipped>
          <failedSince>0</failedSince>
        </case>
        <case>
          <duration>0.0</duration>
          <className>hudson.scheduler.CronTabDayOfWeekLocaleTest</className>
          <testName>isSundayAndNextRunIsWednesday[6]</testName>
          <skipped>false</skipped>
          <failedSince>0</failedSince>
        </case>
        <case>
          <duration>0.0</duration>
          <className>hudson.scheduler.CronTabDayOfWeekLocaleTest</className>
          <testName>isSundayAndPreviousRunIsWednesday[6]</testName>
          <skipped>false</skipped>
          <failedSince>0</failedSince>
        </case>
        <case>
          <duration>0.001</duration>
          <className>hudson.scheduler.CronTabDayOfWeekLocaleTest</className>
          <testName>isSundayAndNextRunIsThursday[6]</testName>
          <skipped>false</skipped>
          <failedSince>0</failedSince>
        </case>
        <case>
          <duration>0.0</duration>
          <className>hudson.scheduler.CronTabDayOfWeekLocaleTest</className>
          <testName>isSundayAndPreviousRunIsThursday[6]</testName>
          <skipped>false</skipped>
          <failedSince>0</failedSince>
        </case>
        <case>
          <duration>0.0</duration>
          <className>hudson.scheduler.CronTabDayOfWeekLocaleTest</className>
          <testName>isSundayAndNextRunIsFriday[6]</testName>
          <skipped>false</skipped>
          <failedSince>0</failedSince>
        </case>
        <case>
          <duration>0.0</duration>
          <className>hudson.scheduler.CronTabDayOfWeekLocaleTest</className>
          <testName>isSundayAndPreviousRunIsFriday[6]</testName>
          <skipped>false</skipped>
          <failedSince>0</failedSince>
        </case>
        <case>
          <duration>0.001</duration>
          <className>hudson.scheduler.CronTabDayOfWeekLocaleTest</className>
          <testName>isSundayAndNextRunIsSaturday[6]</testName>
          <skipped>false</skipped>
          <failedSince>0</failedSince>
        </case>
        <case>
          <duration>0.001</duration>
          <className>hudson.scheduler.CronTabDayOfWeekLocaleTest</className>
          <testName>isSundayAndPreviousRunIsSaturday[6]</testName>
          <skipped>false</skipped>
          <failedSince>0</failedSince>
        </case>
        <case>
          <duration>0.0</duration>
          <className>hudson.scheduler.CronTabDayOfWeekLocaleTest</className>
          <testName>isSundayAndNextRunIsNextSunday[6]</testName>
          <skipped>false</skipped>
          <failedSince>0</failedSince>
        </case>
        <case>
          <duration>0.001</duration>
          <className>hudson.scheduler.CronTabDayOfWeekLocaleTest</className>
          <testName>isSundayAndPreviousRunIsPreviousSunday[6]</testName>
          <skipped>false</skipped>
          <failedSince>0</failedSince>
        </case>
        <case>
          <duration>0.0</duration>
          <className>hudson.scheduler.CronTabDayOfWeekLocaleTest</className>
          <testName>isSundayAndNextRunIsNextSunday7[6]</testName>
          <skipped>false</skipped>
          <failedSince>0</failedSince>
        </case>
        <case>
          <duration>0.0</duration>
          <className>hudson.scheduler.CronTabDayOfWeekLocaleTest</className>
          <testName>isSundayAndPreviousRunIsPreviousSunday7[6]</testName>
          <skipped>false</skipped>
          <failedSince>0</failedSince>
        </case>
        <case>
          <duration>0.001</duration>
          <className>hudson.scheduler.CronTabDayOfWeekLocaleTest</className>
          <testName>isSaturdayAndNextRunIsSundayAsterisk[6]</testName>
          <skipped>false</skipped>
          <failedSince>0</failedSince>
        </case>
        <case>
          <duration>0.0</duration>
          <className>hudson.scheduler.CronTabDayOfWeekLocaleTest</className>
          <testName>isSundayAndPreviousRunIsSaturdayAsterisk[6]</testName>
          <skipped>false</skipped>
          <failedSince>0</failedSince>
        </case>
        <case>
          <duration>0.0</duration>
          <className>hudson.scheduler.CronTabDayOfWeekLocaleTest</className>
          <testName>hudson8658[7]</testName>
          <skipped>false</skipped>
          <failedSince>0</failedSince>
        </case>
        <case>
          <duration>0.001</duration>
          <className>hudson.scheduler.CronTabDayOfWeekLocaleTest</className>
          <testName>isSundayAndNextRunIsMonday[7]</testName>
          <skipped>false</skipped>
          <failedSince>0</failedSince>
        </case>
        <case>
          <duration>0.0</duration>
          <className>hudson.scheduler.CronTabDayOfWeekLocaleTest</className>
          <testName>isSundayAndPreviousRunIsMonday[7]</testName>
          <skipped>false</skipped>
          <failedSince>0</failedSince>
        </case>
        <case>
          <duration>0.0</duration>
          <className>hudson.scheduler.CronTabDayOfWeekLocaleTest</className>
          <testName>isSundayAndNextRunIsTuesday[7]</testName>
          <skipped>false</skipped>
          <failedSince>0</failedSince>
        </case>
        <case>
          <duration>0.001</duration>
          <className>hudson.scheduler.CronTabDayOfWeekLocaleTest</className>
          <testName>isSundayAndPreviousRunIsTuesday[7]</testName>
          <skipped>false</skipped>
          <failedSince>0</failedSince>
        </case>
        <case>
          <duration>0.0</duration>
          <className>hudson.scheduler.CronTabDayOfWeekLocaleTest</className>
          <testName>isSundayAndNextRunIsWednesday[7]</testName>
          <skipped>false</skipped>
          <failedSince>0</failedSince>
        </case>
        <case>
          <duration>0.001</duration>
          <className>hudson.scheduler.CronTabDayOfWeekLocaleTest</className>
          <testName>isSundayAndPreviousRunIsWednesday[7]</testName>
          <skipped>false</skipped>
          <failedSince>0</failedSince>
        </case>
        <case>
          <duration>0.0</duration>
          <className>hudson.scheduler.CronTabDayOfWeekLocaleTest</className>
          <testName>isSundayAndNextRunIsThursday[7]</testName>
          <skipped>false</skipped>
          <failedSince>0</failedSince>
        </case>
        <case>
          <duration>0.001</duration>
          <className>hudson.scheduler.CronTabDayOfWeekLocaleTest</className>
          <testName>isSundayAndPreviousRunIsThursday[7]</testName>
          <skipped>false</skipped>
          <failedSince>0</failedSince>
        </case>
        <case>
          <duration>0.001</duration>
          <className>hudson.scheduler.CronTabDayOfWeekLocaleTest</className>
          <testName>isSundayAndNextRunIsFriday[7]</testName>
          <skipped>false</skipped>
          <failedSince>0</failedSince>
        </case>
        <case>
          <duration>0.0</duration>
          <className>hudson.scheduler.CronTabDayOfWeekLocaleTest</className>
          <testName>isSundayAndPreviousRunIsFriday[7]</testName>
          <skipped>false</skipped>
          <failedSince>0</failedSince>
        </case>
        <case>
          <duration>0.001</duration>
          <className>hudson.scheduler.CronTabDayOfWeekLocaleTest</className>
          <testName>isSundayAndNextRunIsSaturday[7]</testName>
          <skipped>false</skipped>
          <failedSince>0</failedSince>
        </case>
        <case>
          <duration>0.0</duration>
          <className>hudson.scheduler.CronTabDayOfWeekLocaleTest</className>
          <testName>isSundayAndPreviousRunIsSaturday[7]</testName>
          <skipped>false</skipped>
          <failedSince>0</failedSince>
        </case>
        <case>
          <duration>0.001</duration>
          <className>hudson.scheduler.CronTabDayOfWeekLocaleTest</className>
          <testName>isSundayAndNextRunIsNextSunday[7]</testName>
          <skipped>false</skipped>
          <failedSince>0</failedSince>
        </case>
        <case>
          <duration>0.001</duration>
          <className>hudson.scheduler.CronTabDayOfWeekLocaleTest</className>
          <testName>isSundayAndPreviousRunIsPreviousSunday[7]</testName>
          <skipped>false</skipped>
          <failedSince>0</failedSince>
        </case>
        <case>
          <duration>0.0</duration>
          <className>hudson.scheduler.CronTabDayOfWeekLocaleTest</className>
          <testName>isSundayAndNextRunIsNextSunday7[7]</testName>
          <skipped>false</skipped>
          <failedSince>0</failedSince>
        </case>
        <case>
          <duration>0.001</duration>
          <className>hudson.scheduler.CronTabDayOfWeekLocaleTest</className>
          <testName>isSundayAndPreviousRunIsPreviousSunday7[7]</testName>
          <skipped>false</skipped>
          <failedSince>0</failedSince>
        </case>
        <case>
          <duration>0.001</duration>
          <className>hudson.scheduler.CronTabDayOfWeekLocaleTest</className>
          <testName>isSaturdayAndNextRunIsSundayAsterisk[7]</testName>
          <skipped>false</skipped>
          <failedSince>0</failedSince>
        </case>
        <case>
          <duration>0.0</duration>
          <className>hudson.scheduler.CronTabDayOfWeekLocaleTest</className>
          <testName>isSundayAndPreviousRunIsSaturdayAsterisk[7]</testName>
          <skipped>false</skipped>
          <failedSince>0</failedSince>
        </case>
        <case>
          <duration>0.001</duration>
          <className>hudson.scheduler.CronTabDayOfWeekLocaleTest</className>
          <testName>hudson8658[8]</testName>
          <skipped>false</skipped>
          <failedSince>0</failedSince>
        </case>
        <case>
          <duration>0.001</duration>
          <className>hudson.scheduler.CronTabDayOfWeekLocaleTest</className>
          <testName>isSundayAndNextRunIsMonday[8]</testName>
          <skipped>false</skipped>
          <failedSince>0</failedSince>
        </case>
        <case>
          <duration>0.0</duration>
          <className>hudson.scheduler.CronTabDayOfWeekLocaleTest</className>
          <testName>isSundayAndPreviousRunIsMonday[8]</testName>
          <skipped>false</skipped>
          <failedSince>0</failedSince>
        </case>
        <case>
          <duration>0.001</duration>
          <className>hudson.scheduler.CronTabDayOfWeekLocaleTest</className>
          <testName>isSundayAndNextRunIsTuesday[8]</testName>
          <skipped>false</skipped>
          <failedSince>0</failedSince>
        </case>
        <case>
          <duration>0.0</duration>
          <className>hudson.scheduler.CronTabDayOfWeekLocaleTest</className>
          <testName>isSundayAndPreviousRunIsTuesday[8]</testName>
          <skipped>false</skipped>
          <failedSince>0</failedSince>
        </case>
        <case>
          <duration>0.001</duration>
          <className>hudson.scheduler.CronTabDayOfWeekLocaleTest</className>
          <testName>isSundayAndNextRunIsWednesday[8]</testName>
          <skipped>false</skipped>
          <failedSince>0</failedSince>
        </case>
        <case>
          <duration>0.0</duration>
          <className>hudson.scheduler.CronTabDayOfWeekLocaleTest</className>
          <testName>isSundayAndPreviousRunIsWednesday[8]</testName>
          <skipped>false</skipped>
          <failedSince>0</failedSince>
        </case>
        <case>
          <duration>0.0</duration>
          <className>hudson.scheduler.CronTabDayOfWeekLocaleTest</className>
          <testName>isSundayAndNextRunIsThursday[8]</testName>
          <skipped>false</skipped>
          <failedSince>0</failedSince>
        </case>
        <case>
          <duration>0.001</duration>
          <className>hudson.scheduler.CronTabDayOfWeekLocaleTest</className>
          <testName>isSundayAndPreviousRunIsThursday[8]</testName>
          <skipped>false</skipped>
          <failedSince>0</failedSince>
        </case>
        <case>
          <duration>0.0</duration>
          <className>hudson.scheduler.CronTabDayOfWeekLocaleTest</className>
          <testName>isSundayAndNextRunIsFriday[8]</testName>
          <skipped>false</skipped>
          <failedSince>0</failedSince>
        </case>
        <case>
          <duration>0.001</duration>
          <className>hudson.scheduler.CronTabDayOfWeekLocaleTest</className>
          <testName>isSundayAndPreviousRunIsFriday[8]</testName>
          <skipped>false</skipped>
          <failedSince>0</failedSince>
        </case>
        <case>
          <duration>0.001</duration>
          <className>hudson.scheduler.CronTabDayOfWeekLocaleTest</className>
          <testName>isSundayAndNextRunIsSaturday[8]</testName>
          <skipped>false</skipped>
          <failedSince>0</failedSince>
        </case>
        <case>
          <duration>0.0</duration>
          <className>hudson.scheduler.CronTabDayOfWeekLocaleTest</className>
          <testName>isSundayAndPreviousRunIsSaturday[8]</testName>
          <skipped>false</skipped>
          <failedSince>0</failedSince>
        </case>
        <case>
          <duration>0.001</duration>
          <className>hudson.scheduler.CronTabDayOfWeekLocaleTest</className>
          <testName>isSundayAndNextRunIsNextSunday[8]</testName>
          <skipped>false</skipped>
          <failedSince>0</failedSince>
        </case>
        <case>
          <duration>0.0</duration>
          <className>hudson.scheduler.CronTabDayOfWeekLocaleTest</className>
          <testName>isSundayAndPreviousRunIsPreviousSunday[8]</testName>
          <skipped>false</skipped>
          <failedSince>0</failedSince>
        </case>
        <case>
          <duration>0.0</duration>
          <className>hudson.scheduler.CronTabDayOfWeekLocaleTest</className>
          <testName>isSundayAndNextRunIsNextSunday7[8]</testName>
          <skipped>false</skipped>
          <failedSince>0</failedSince>
        </case>
        <case>
          <duration>0.001</duration>
          <className>hudson.scheduler.CronTabDayOfWeekLocaleTest</className>
          <testName>isSundayAndPreviousRunIsPreviousSunday7[8]</testName>
          <skipped>false</skipped>
          <failedSince>0</failedSince>
        </case>
        <case>
          <duration>0.0</duration>
          <className>hudson.scheduler.CronTabDayOfWeekLocaleTest</className>
          <testName>isSaturdayAndNextRunIsSundayAsterisk[8]</testName>
          <skipped>false</skipped>
          <failedSince>0</failedSince>
        </case>
        <case>
          <duration>0.001</duration>
          <className>hudson.scheduler.CronTabDayOfWeekLocaleTest</className>
          <testName>isSundayAndPreviousRunIsSaturdayAsterisk[8]</testName>
          <skipped>false</skipped>
          <failedSince>0</failedSince>
        </case>
        <case>
          <duration>0.001</duration>
          <className>hudson.scheduler.CronTabDayOfWeekLocaleTest</className>
          <testName>hudson8658[9]</testName>
          <skipped>false</skipped>
          <failedSince>0</failedSince>
        </case>
        <case>
          <duration>0.0</duration>
          <className>hudson.scheduler.CronTabDayOfWeekLocaleTest</className>
          <testName>isSundayAndNextRunIsMonday[9]</testName>
          <skipped>false</skipped>
          <failedSince>0</failedSince>
        </case>
        <case>
          <duration>0.001</duration>
          <className>hudson.scheduler.CronTabDayOfWeekLocaleTest</className>
          <testName>isSundayAndPreviousRunIsMonday[9]</testName>
          <skipped>false</skipped>
          <failedSince>0</failedSince>
        </case>
        <case>
          <duration>0.0</duration>
          <className>hudson.scheduler.CronTabDayOfWeekLocaleTest</className>
          <testName>isSundayAndNextRunIsTuesday[9]</testName>
          <skipped>false</skipped>
          <failedSince>0</failedSince>
        </case>
        <case>
          <duration>0.001</duration>
          <className>hudson.scheduler.CronTabDayOfWeekLocaleTest</className>
          <testName>isSundayAndPreviousRunIsTuesday[9]</testName>
          <skipped>false</skipped>
          <failedSince>0</failedSince>
        </case>
        <case>
          <duration>0.0</duration>
          <className>hudson.scheduler.CronTabDayOfWeekLocaleTest</className>
          <testName>isSundayAndNextRunIsWednesday[9]</testName>
          <skipped>false</skipped>
          <failedSince>0</failedSince>
        </case>
        <case>
          <duration>0.001</duration>
          <className>hudson.scheduler.CronTabDayOfWeekLocaleTest</className>
          <testName>isSundayAndPreviousRunIsWednesday[9]</testName>
          <skipped>false</skipped>
          <failedSince>0</failedSince>
        </case>
        <case>
          <duration>0.001</duration>
          <className>hudson.scheduler.CronTabDayOfWeekLocaleTest</className>
          <testName>isSundayAndNextRunIsThursday[9]</testName>
          <skipped>false</skipped>
          <failedSince>0</failedSince>
        </case>
        <case>
          <duration>0.0</duration>
          <className>hudson.scheduler.CronTabDayOfWeekLocaleTest</className>
          <testName>isSundayAndPreviousRunIsThursday[9]</testName>
          <skipped>false</skipped>
          <failedSince>0</failedSince>
        </case>
        <case>
          <duration>0.001</duration>
          <className>hudson.scheduler.CronTabDayOfWeekLocaleTest</className>
          <testName>isSundayAndNextRunIsFriday[9]</testName>
          <skipped>false</skipped>
          <failedSince>0</failedSince>
        </case>
        <case>
          <duration>0.0</duration>
          <className>hudson.scheduler.CronTabDayOfWeekLocaleTest</className>
          <testName>isSundayAndPreviousRunIsFriday[9]</testName>
          <skipped>false</skipped>
          <failedSince>0</failedSince>
        </case>
        <case>
          <duration>0.001</duration>
          <className>hudson.scheduler.CronTabDayOfWeekLocaleTest</className>
          <testName>isSundayAndNextRunIsSaturday[9]</testName>
          <skipped>false</skipped>
          <failedSince>0</failedSince>
        </case>
        <case>
          <duration>0.0</duration>
          <className>hudson.scheduler.CronTabDayOfWeekLocaleTest</className>
          <testName>isSundayAndPreviousRunIsSaturday[9]</testName>
          <skipped>false</skipped>
          <failedSince>0</failedSince>
        </case>
        <case>
          <duration>0.0</duration>
          <className>hudson.scheduler.CronTabDayOfWeekLocaleTest</className>
          <testName>isSundayAndNextRunIsNextSunday[9]</testName>
          <skipped>false</skipped>
          <failedSince>0</failedSince>
        </case>
        <case>
          <duration>0.001</duration>
          <className>hudson.scheduler.CronTabDayOfWeekLocaleTest</className>
          <testName>isSundayAndPreviousRunIsPreviousSunday[9]</testName>
          <skipped>false</skipped>
          <failedSince>0</failedSince>
        </case>
        <case>
          <duration>0.0</duration>
          <className>hudson.scheduler.CronTabDayOfWeekLocaleTest</className>
          <testName>isSundayAndNextRunIsNextSunday7[9]</testName>
          <skipped>false</skipped>
          <failedSince>0</failedSince>
        </case>
        <case>
          <duration>0.001</duration>
          <className>hudson.scheduler.CronTabDayOfWeekLocaleTest</className>
          <testName>isSundayAndPreviousRunIsPreviousSunday7[9]</testName>
          <skipped>false</skipped>
          <failedSince>0</failedSince>
        </case>
        <case>
          <duration>0.0</duration>
          <className>hudson.scheduler.CronTabDayOfWeekLocaleTest</className>
          <testName>isSaturdayAndNextRunIsSundayAsterisk[9]</testName>
          <skipped>false</skipped>
          <failedSince>0</failedSince>
        </case>
        <case>
          <duration>0.0</duration>
          <className>hudson.scheduler.CronTabDayOfWeekLocaleTest</className>
          <testName>isSundayAndPreviousRunIsSaturdayAsterisk[9]</testName>
          <skipped>false</skipped>
          <failedSince>0</failedSince>
        </case>
        <case>
          <duration>0.001</duration>
          <className>hudson.scheduler.CronTabDayOfWeekLocaleTest</className>
          <testName>hudson8658[10]</testName>
          <skipped>false</skipped>
          <failedSince>0</failedSince>
        </case>
        <case>
          <duration>0.001</duration>
          <className>hudson.scheduler.CronTabDayOfWeekLocaleTest</className>
          <testName>isSundayAndNextRunIsMonday[10]</testName>
          <skipped>false</skipped>
          <failedSince>0</failedSince>
        </case>
        <case>
          <duration>0.0</duration>
          <className>hudson.scheduler.CronTabDayOfWeekLocaleTest</className>
          <testName>isSundayAndPreviousRunIsMonday[10]</testName>
          <skipped>false</skipped>
          <failedSince>0</failedSince>
        </case>
        <case>
          <duration>0.001</duration>
          <className>hudson.scheduler.CronTabDayOfWeekLocaleTest</className>
          <testName>isSundayAndNextRunIsTuesday[10]</testName>
          <skipped>false</skipped>
          <failedSince>0</failedSince>
        </case>
        <case>
          <duration>0.0</duration>
          <className>hudson.scheduler.CronTabDayOfWeekLocaleTest</className>
          <testName>isSundayAndPreviousRunIsTuesday[10]</testName>
          <skipped>false</skipped>
          <failedSince>0</failedSince>
        </case>
        <case>
          <duration>0.001</duration>
          <className>hudson.scheduler.CronTabDayOfWeekLocaleTest</className>
          <testName>isSundayAndNextRunIsWednesday[10]</testName>
          <skipped>false</skipped>
          <failedSince>0</failedSince>
        </case>
        <case>
          <duration>0.0</duration>
          <className>hudson.scheduler.CronTabDayOfWeekLocaleTest</className>
          <testName>isSundayAndPreviousRunIsWednesday[10]</testName>
          <skipped>false</skipped>
          <failedSince>0</failedSince>
        </case>
        <case>
          <duration>0.0</duration>
          <className>hudson.scheduler.CronTabDayOfWeekLocaleTest</className>
          <testName>isSundayAndNextRunIsThursday[10]</testName>
          <skipped>false</skipped>
          <failedSince>0</failedSince>
        </case>
        <case>
          <duration>0.001</duration>
          <className>hudson.scheduler.CronTabDayOfWeekLocaleTest</className>
          <testName>isSundayAndPreviousRunIsThursday[10]</testName>
          <skipped>false</skipped>
          <failedSince>0</failedSince>
        </case>
        <case>
          <duration>0.0</duration>
          <className>hudson.scheduler.CronTabDayOfWeekLocaleTest</className>
          <testName>isSundayAndNextRunIsFriday[10]</testName>
          <skipped>false</skipped>
          <failedSince>0</failedSince>
        </case>
        <case>
          <duration>0.001</duration>
          <className>hudson.scheduler.CronTabDayOfWeekLocaleTest</className>
          <testName>isSundayAndPreviousRunIsFriday[10]</testName>
          <skipped>false</skipped>
          <failedSince>0</failedSince>
        </case>
        <case>
          <duration>0.0</duration>
          <className>hudson.scheduler.CronTabDayOfWeekLocaleTest</className>
          <testName>isSundayAndNextRunIsSaturday[10]</testName>
          <skipped>false</skipped>
          <failedSince>0</failedSince>
        </case>
        <case>
          <duration>0.001</duration>
          <className>hudson.scheduler.CronTabDayOfWeekLocaleTest</className>
          <testName>isSundayAndPreviousRunIsSaturday[10]</testName>
          <skipped>false</skipped>
          <failedSince>0</failedSince>
        </case>
        <case>
          <duration>0.001</duration>
          <className>hudson.scheduler.CronTabDayOfWeekLocaleTest</className>
          <testName>isSundayAndNextRunIsNextSunday[10]</testName>
          <skipped>false</skipped>
          <failedSince>0</failedSince>
        </case>
        <case>
          <duration>0.0</duration>
          <className>hudson.scheduler.CronTabDayOfWeekLocaleTest</className>
          <testName>isSundayAndPreviousRunIsPreviousSunday[10]</testName>
          <skipped>false</skipped>
          <failedSince>0</failedSince>
        </case>
        <case>
          <duration>0.001</duration>
          <className>hudson.scheduler.CronTabDayOfWeekLocaleTest</className>
          <testName>isSundayAndNextRunIsNextSunday7[10]</testName>
          <skipped>false</skipped>
          <failedSince>0</failedSince>
        </case>
        <case>
          <duration>0.0</duration>
          <className>hudson.scheduler.CronTabDayOfWeekLocaleTest</className>
          <testName>isSundayAndPreviousRunIsPreviousSunday7[10]</testName>
          <skipped>false</skipped>
          <failedSince>0</failedSince>
        </case>
        <case>
          <duration>0.0</duration>
          <className>hudson.scheduler.CronTabDayOfWeekLocaleTest</className>
          <testName>isSaturdayAndNextRunIsSundayAsterisk[10]</testName>
          <skipped>false</skipped>
          <failedSince>0</failedSince>
        </case>
        <case>
          <duration>0.001</duration>
          <className>hudson.scheduler.CronTabDayOfWeekLocaleTest</className>
          <testName>isSundayAndPreviousRunIsSaturdayAsterisk[10]</testName>
          <skipped>false</skipped>
          <failedSince>0</failedSince>
        </case>
        <case>
          <duration>0.0</duration>
          <className>hudson.scheduler.CronTabDayOfWeekLocaleTest</className>
          <testName>hudson8658[11]</testName>
          <skipped>false</skipped>
          <failedSince>0</failedSince>
        </case>
        <case>
          <duration>0.0</duration>
          <className>hudson.scheduler.CronTabDayOfWeekLocaleTest</className>
          <testName>isSundayAndNextRunIsMonday[11]</testName>
          <skipped>false</skipped>
          <failedSince>0</failedSince>
        </case>
        <case>
          <duration>0.001</duration>
          <className>hudson.scheduler.CronTabDayOfWeekLocaleTest</className>
          <testName>isSundayAndPreviousRunIsMonday[11]</testName>
          <skipped>false</skipped>
          <failedSince>0</failedSince>
        </case>
        <case>
          <duration>0.0</duration>
          <className>hudson.scheduler.CronTabDayOfWeekLocaleTest</className>
          <testName>isSundayAndNextRunIsTuesday[11]</testName>
          <skipped>false</skipped>
          <failedSince>0</failedSince>
        </case>
        <case>
          <duration>0.001</duration>
          <className>hudson.scheduler.CronTabDayOfWeekLocaleTest</className>
          <testName>isSundayAndPreviousRunIsTuesday[11]</testName>
          <skipped>false</skipped>
          <failedSince>0</failedSince>
        </case>
        <case>
          <duration>0.0</duration>
          <className>hudson.scheduler.CronTabDayOfWeekLocaleTest</className>
          <testName>isSundayAndNextRunIsWednesday[11]</testName>
          <skipped>false</skipped>
          <failedSince>0</failedSince>
        </case>
        <case>
          <duration>0.001</duration>
          <className>hudson.scheduler.CronTabDayOfWeekLocaleTest</className>
          <testName>isSundayAndPreviousRunIsWednesday[11]</testName>
          <skipped>false</skipped>
          <failedSince>0</failedSince>
        </case>
        <case>
          <duration>0.001</duration>
          <className>hudson.scheduler.CronTabDayOfWeekLocaleTest</className>
          <testName>isSundayAndNextRunIsThursday[11]</testName>
          <skipped>false</skipped>
          <failedSince>0</failedSince>
        </case>
        <case>
          <duration>0.0</duration>
          <className>hudson.scheduler.CronTabDayOfWeekLocaleTest</className>
          <testName>isSundayAndPreviousRunIsThursday[11]</testName>
          <skipped>false</skipped>
          <failedSince>0</failedSince>
        </case>
        <case>
          <duration>0.001</duration>
          <className>hudson.scheduler.CronTabDayOfWeekLocaleTest</className>
          <testName>isSundayAndNextRunIsFriday[11]</testName>
          <skipped>false</skipped>
          <failedSince>0</failedSince>
        </case>
        <case>
          <duration>0.0</duration>
          <className>hudson.scheduler.CronTabDayOfWeekLocaleTest</className>
          <testName>isSundayAndPreviousRunIsFriday[11]</testName>
          <skipped>false</skipped>
          <failedSince>0</failedSince>
        </case>
        <case>
          <duration>0.001</duration>
          <className>hudson.scheduler.CronTabDayOfWeekLocaleTest</className>
          <testName>isSundayAndNextRunIsSaturday[11]</testName>
          <skipped>false</skipped>
          <failedSince>0</failedSince>
        </case>
        <case>
          <duration>0.0</duration>
          <className>hudson.scheduler.CronTabDayOfWeekLocaleTest</className>
          <testName>isSundayAndPreviousRunIsSaturday[11]</testName>
          <skipped>false</skipped>
          <failedSince>0</failedSince>
        </case>
        <case>
          <duration>0.0</duration>
          <className>hudson.scheduler.CronTabDayOfWeekLocaleTest</className>
          <testName>isSundayAndNextRunIsNextSunday[11]</testName>
          <skipped>false</skipped>
          <failedSince>0</failedSince>
        </case>
        <case>
          <duration>0.001</duration>
          <className>hudson.scheduler.CronTabDayOfWeekLocaleTest</className>
          <testName>isSundayAndPreviousRunIsPreviousSunday[11]</testName>
          <skipped>false</skipped>
          <failedSince>0</failedSince>
        </case>
        <case>
          <duration>0.0</duration>
          <className>hudson.scheduler.CronTabDayOfWeekLocaleTest</className>
          <testName>isSundayAndNextRunIsNextSunday7[11]</testName>
          <skipped>false</skipped>
          <failedSince>0</failedSince>
        </case>
        <case>
          <duration>0.001</duration>
          <className>hudson.scheduler.CronTabDayOfWeekLocaleTest</className>
          <testName>isSundayAndPreviousRunIsPreviousSunday7[11]</testName>
          <skipped>false</skipped>
          <failedSince>0</failedSince>
        </case>
        <case>
          <duration>0.001</duration>
          <className>hudson.scheduler.CronTabDayOfWeekLocaleTest</className>
          <testName>isSaturdayAndNextRunIsSundayAsterisk[11]</testName>
          <skipped>false</skipped>
          <failedSince>0</failedSince>
        </case>
        <case>
          <duration>0.0</duration>
          <className>hudson.scheduler.CronTabDayOfWeekLocaleTest</className>
          <testName>isSundayAndPreviousRunIsSaturdayAsterisk[11]</testName>
          <skipped>false</skipped>
          <failedSince>0</failedSince>
        </case>
        <case>
          <duration>0.0</duration>
          <className>hudson.scheduler.CronTabDayOfWeekLocaleTest</className>
          <testName>hudson8658[12]</testName>
          <skipped>false</skipped>
          <failedSince>0</failedSince>
        </case>
        <case>
          <duration>0.001</duration>
          <className>hudson.scheduler.CronTabDayOfWeekLocaleTest</className>
          <testName>isSundayAndNextRunIsMonday[12]</testName>
          <skipped>false</skipped>
          <failedSince>0</failedSince>
        </case>
        <case>
          <duration>0.0</duration>
          <className>hudson.scheduler.CronTabDayOfWeekLocaleTest</className>
          <testName>isSundayAndPreviousRunIsMonday[12]</testName>
          <skipped>false</skipped>
          <failedSince>0</failedSince>
        </case>
        <case>
          <duration>0.001</duration>
          <className>hudson.scheduler.CronTabDayOfWeekLocaleTest</className>
          <testName>isSundayAndNextRunIsTuesday[12]</testName>
          <skipped>false</skipped>
          <failedSince>0</failedSince>
        </case>
        <case>
          <duration>0.0</duration>
          <className>hudson.scheduler.CronTabDayOfWeekLocaleTest</className>
          <testName>isSundayAndPreviousRunIsTuesday[12]</testName>
          <skipped>false</skipped>
          <failedSince>0</failedSince>
        </case>
        <case>
          <duration>0.001</duration>
          <className>hudson.scheduler.CronTabDayOfWeekLocaleTest</className>
          <testName>isSundayAndNextRunIsWednesday[12]</testName>
          <skipped>false</skipped>
          <failedSince>0</failedSince>
        </case>
        <case>
          <duration>0.001</duration>
          <className>hudson.scheduler.CronTabDayOfWeekLocaleTest</className>
          <testName>isSundayAndPreviousRunIsWednesday[12]</testName>
          <skipped>false</skipped>
          <failedSince>0</failedSince>
        </case>
        <case>
          <duration>0.0</duration>
          <className>hudson.scheduler.CronTabDayOfWeekLocaleTest</className>
          <testName>isSundayAndNextRunIsThursday[12]</testName>
          <skipped>false</skipped>
          <failedSince>0</failedSince>
        </case>
        <case>
          <duration>0.001</duration>
          <className>hudson.scheduler.CronTabDayOfWeekLocaleTest</className>
          <testName>isSundayAndPreviousRunIsThursday[12]</testName>
          <skipped>false</skipped>
          <failedSince>0</failedSince>
        </case>
        <case>
          <duration>0.0</duration>
          <className>hudson.scheduler.CronTabDayOfWeekLocaleTest</className>
          <testName>isSundayAndNextRunIsFriday[12]</testName>
          <skipped>false</skipped>
          <failedSince>0</failedSince>
        </case>
        <case>
          <duration>0.001</duration>
          <className>hudson.scheduler.CronTabDayOfWeekLocaleTest</className>
          <testName>isSundayAndPreviousRunIsFriday[12]</testName>
          <skipped>false</skipped>
          <failedSince>0</failedSince>
        </case>
        <case>
          <duration>0.0</duration>
          <className>hudson.scheduler.CronTabDayOfWeekLocaleTest</className>
          <testName>isSundayAndNextRunIsSaturday[12]</testName>
          <skipped>false</skipped>
          <failedSince>0</failedSince>
        </case>
        <case>
          <duration>0.0</duration>
          <className>hudson.scheduler.CronTabDayOfWeekLocaleTest</className>
          <testName>isSundayAndPreviousRunIsSaturday[12]</testName>
          <skipped>false</skipped>
          <failedSince>0</failedSince>
        </case>
        <case>
          <duration>0.001</duration>
          <className>hudson.scheduler.CronTabDayOfWeekLocaleTest</className>
          <testName>isSundayAndNextRunIsNextSunday[12]</testName>
          <skipped>false</skipped>
          <failedSince>0</failedSince>
        </case>
        <case>
          <duration>0.0</duration>
          <className>hudson.scheduler.CronTabDayOfWeekLocaleTest</className>
          <testName>isSundayAndPreviousRunIsPreviousSunday[12]</testName>
          <skipped>false</skipped>
          <failedSince>0</failedSince>
        </case>
        <case>
          <duration>0.001</duration>
          <className>hudson.scheduler.CronTabDayOfWeekLocaleTest</className>
          <testName>isSundayAndNextRunIsNextSunday7[12]</testName>
          <skipped>false</skipped>
          <failedSince>0</failedSince>
        </case>
        <case>
          <duration>0.001</duration>
          <className>hudson.scheduler.CronTabDayOfWeekLocaleTest</className>
          <testName>isSundayAndPreviousRunIsPreviousSunday7[12]</testName>
          <skipped>false</skipped>
          <failedSince>0</failedSince>
        </case>
        <case>
          <duration>0.0</duration>
          <className>hudson.scheduler.CronTabDayOfWeekLocaleTest</className>
          <testName>isSaturdayAndNextRunIsSundayAsterisk[12]</testName>
          <skipped>false</skipped>
          <failedSince>0</failedSince>
        </case>
        <case>
          <duration>0.001</duration>
          <className>hudson.scheduler.CronTabDayOfWeekLocaleTest</className>
          <testName>isSundayAndPreviousRunIsSaturdayAsterisk[12]</testName>
          <skipped>false</skipped>
          <failedSince>0</failedSince>
        </case>
        <case>
          <duration>0.001</duration>
          <className>hudson.scheduler.CronTabDayOfWeekLocaleTest</className>
          <testName>hudson8658[13]</testName>
          <skipped>false</skipped>
          <failedSince>0</failedSince>
        </case>
        <case>
          <duration>0.0</duration>
          <className>hudson.scheduler.CronTabDayOfWeekLocaleTest</className>
          <testName>isSundayAndNextRunIsMonday[13]</testName>
          <skipped>false</skipped>
          <failedSince>0</failedSince>
        </case>
        <case>
          <duration>0.001</duration>
          <className>hudson.scheduler.CronTabDayOfWeekLocaleTest</className>
          <testName>isSundayAndPreviousRunIsMonday[13]</testName>
          <skipped>false</skipped>
          <failedSince>0</failedSince>
        </case>
        <case>
          <duration>0.0</duration>
          <className>hudson.scheduler.CronTabDayOfWeekLocaleTest</className>
          <testName>isSundayAndNextRunIsTuesday[13]</testName>
          <skipped>false</skipped>
          <failedSince>0</failedSince>
        </case>
        <case>
          <duration>0.0</duration>
          <className>hudson.scheduler.CronTabDayOfWeekLocaleTest</className>
          <testName>isSundayAndPreviousRunIsTuesday[13]</testName>
          <skipped>false</skipped>
          <failedSince>0</failedSince>
        </case>
        <case>
          <duration>0.001</duration>
          <className>hudson.scheduler.CronTabDayOfWeekLocaleTest</className>
          <testName>isSundayAndNextRunIsWednesday[13]</testName>
          <skipped>false</skipped>
          <failedSince>0</failedSince>
        </case>
        <case>
          <duration>0.0</duration>
          <className>hudson.scheduler.CronTabDayOfWeekLocaleTest</className>
          <testName>isSundayAndPreviousRunIsWednesday[13]</testName>
          <skipped>false</skipped>
          <failedSince>0</failedSince>
        </case>
        <case>
          <duration>0.001</duration>
          <className>hudson.scheduler.CronTabDayOfWeekLocaleTest</className>
          <testName>isSundayAndNextRunIsThursday[13]</testName>
          <skipped>false</skipped>
          <failedSince>0</failedSince>
        </case>
        <case>
          <duration>0.0</duration>
          <className>hudson.scheduler.CronTabDayOfWeekLocaleTest</className>
          <testName>isSundayAndPreviousRunIsThursday[13]</testName>
          <skipped>false</skipped>
          <failedSince>0</failedSince>
        </case>
        <case>
          <duration>0.0</duration>
          <className>hudson.scheduler.CronTabDayOfWeekLocaleTest</className>
          <testName>isSundayAndNextRunIsFriday[13]</testName>
          <skipped>false</skipped>
          <failedSince>0</failedSince>
        </case>
        <case>
          <duration>0.001</duration>
          <className>hudson.scheduler.CronTabDayOfWeekLocaleTest</className>
          <testName>isSundayAndPreviousRunIsFriday[13]</testName>
          <skipped>false</skipped>
          <failedSince>0</failedSince>
        </case>
        <case>
          <duration>0.0</duration>
          <className>hudson.scheduler.CronTabDayOfWeekLocaleTest</className>
          <testName>isSundayAndNextRunIsSaturday[13]</testName>
          <skipped>false</skipped>
          <failedSince>0</failedSince>
        </case>
        <case>
          <duration>0.001</duration>
          <className>hudson.scheduler.CronTabDayOfWeekLocaleTest</className>
          <testName>isSundayAndPreviousRunIsSaturday[13]</testName>
          <skipped>false</skipped>
          <failedSince>0</failedSince>
        </case>
        <case>
          <duration>0.0</duration>
          <className>hudson.scheduler.CronTabDayOfWeekLocaleTest</className>
          <testName>isSundayAndNextRunIsNextSunday[13]</testName>
          <skipped>false</skipped>
          <failedSince>0</failedSince>
        </case>
        <case>
          <duration>0.001</duration>
          <className>hudson.scheduler.CronTabDayOfWeekLocaleTest</className>
          <testName>isSundayAndPreviousRunIsPreviousSunday[13]</testName>
          <skipped>false</skipped>
          <failedSince>0</failedSince>
        </case>
        <case>
          <duration>0.001</duration>
          <className>hudson.scheduler.CronTabDayOfWeekLocaleTest</className>
          <testName>isSundayAndNextRunIsNextSunday7[13]</testName>
          <skipped>false</skipped>
          <failedSince>0</failedSince>
        </case>
        <case>
          <duration>0.0</duration>
          <className>hudson.scheduler.CronTabDayOfWeekLocaleTest</className>
          <testName>isSundayAndPreviousRunIsPreviousSunday7[13]</testName>
          <skipped>false</skipped>
          <failedSince>0</failedSince>
        </case>
        <case>
          <duration>0.001</duration>
          <className>hudson.scheduler.CronTabDayOfWeekLocaleTest</className>
          <testName>isSaturdayAndNextRunIsSundayAsterisk[13]</testName>
          <skipped>false</skipped>
          <failedSince>0</failedSince>
        </case>
        <case>
          <duration>0.0</duration>
          <className>hudson.scheduler.CronTabDayOfWeekLocaleTest</className>
          <testName>isSundayAndPreviousRunIsSaturdayAsterisk[13]</testName>
          <skipped>false</skipped>
          <failedSince>0</failedSince>
        </case>
        <case>
          <duration>0.0</duration>
          <className>hudson.scheduler.CronTabDayOfWeekLocaleTest</className>
          <testName>hudson8658[14]</testName>
          <skipped>false</skipped>
          <failedSince>0</failedSince>
        </case>
        <case>
          <duration>0.001</duration>
          <className>hudson.scheduler.CronTabDayOfWeekLocaleTest</className>
          <testName>isSundayAndNextRunIsMonday[14]</testName>
          <skipped>false</skipped>
          <failedSince>0</failedSince>
        </case>
        <case>
          <duration>0.0</duration>
          <className>hudson.scheduler.CronTabDayOfWeekLocaleTest</className>
          <testName>isSundayAndPreviousRunIsMonday[14]</testName>
          <skipped>false</skipped>
          <failedSince>0</failedSince>
        </case>
        <case>
          <duration>0.001</duration>
          <className>hudson.scheduler.CronTabDayOfWeekLocaleTest</className>
          <testName>isSundayAndNextRunIsTuesday[14]</testName>
          <skipped>false</skipped>
          <failedSince>0</failedSince>
        </case>
        <case>
          <duration>0.001</duration>
          <className>hudson.scheduler.CronTabDayOfWeekLocaleTest</className>
          <testName>isSundayAndPreviousRunIsTuesday[14]</testName>
          <skipped>false</skipped>
          <failedSince>0</failedSince>
        </case>
        <case>
          <duration>0.0</duration>
          <className>hudson.scheduler.CronTabDayOfWeekLocaleTest</className>
          <testName>isSundayAndNextRunIsWednesday[14]</testName>
          <skipped>false</skipped>
          <failedSince>0</failedSince>
        </case>
        <case>
          <duration>0.001</duration>
          <className>hudson.scheduler.CronTabDayOfWeekLocaleTest</className>
          <testName>isSundayAndPreviousRunIsWednesday[14]</testName>
          <skipped>false</skipped>
          <failedSince>0</failedSince>
        </case>
        <case>
          <duration>0.0</duration>
          <className>hudson.scheduler.CronTabDayOfWeekLocaleTest</className>
          <testName>isSundayAndNextRunIsThursday[14]</testName>
          <skipped>false</skipped>
          <failedSince>0</failedSince>
        </case>
        <case>
          <duration>0.001</duration>
          <className>hudson.scheduler.CronTabDayOfWeekLocaleTest</className>
          <testName>isSundayAndPreviousRunIsThursday[14]</testName>
          <skipped>false</skipped>
          <failedSince>0</failedSince>
        </case>
        <case>
          <duration>0.0</duration>
          <className>hudson.scheduler.CronTabDayOfWeekLocaleTest</className>
          <testName>isSundayAndNextRunIsFriday[14]</testName>
          <skipped>false</skipped>
          <failedSince>0</failedSince>
        </case>
        <case>
          <duration>0.001</duration>
          <className>hudson.scheduler.CronTabDayOfWeekLocaleTest</className>
          <testName>isSundayAndPreviousRunIsFriday[14]</testName>
          <skipped>false</skipped>
          <failedSince>0</failedSince>
        </case>
        <case>
          <duration>0.001</duration>
          <className>hudson.scheduler.CronTabDayOfWeekLocaleTest</className>
          <testName>isSundayAndNextRunIsSaturday[14]</testName>
          <skipped>false</skipped>
          <failedSince>0</failedSince>
        </case>
        <case>
          <duration>0.0</duration>
          <className>hudson.scheduler.CronTabDayOfWeekLocaleTest</className>
          <testName>isSundayAndPreviousRunIsSaturday[14]</testName>
          <skipped>false</skipped>
          <failedSince>0</failedSince>
        </case>
        <case>
          <duration>0.001</duration>
          <className>hudson.scheduler.CronTabDayOfWeekLocaleTest</className>
          <testName>isSundayAndNextRunIsNextSunday[14]</testName>
          <skipped>false</skipped>
          <failedSince>0</failedSince>
        </case>
        <case>
          <duration>0.0</duration>
          <className>hudson.scheduler.CronTabDayOfWeekLocaleTest</className>
          <testName>isSundayAndPreviousRunIsPreviousSunday[14]</testName>
          <skipped>false</skipped>
          <failedSince>0</failedSince>
        </case>
        <case>
          <duration>0.0</duration>
          <className>hudson.scheduler.CronTabDayOfWeekLocaleTest</className>
          <testName>isSundayAndNextRunIsNextSunday7[14]</testName>
          <skipped>false</skipped>
          <failedSince>0</failedSince>
        </case>
        <case>
          <duration>0.001</duration>
          <className>hudson.scheduler.CronTabDayOfWeekLocaleTest</className>
          <testName>isSundayAndPreviousRunIsPreviousSunday7[14]</testName>
          <skipped>false</skipped>
          <failedSince>0</failedSince>
        </case>
        <case>
          <duration>0.0</duration>
          <className>hudson.scheduler.CronTabDayOfWeekLocaleTest</className>
          <testName>isSaturdayAndNextRunIsSundayAsterisk[14]</testName>
          <skipped>false</skipped>
          <failedSince>0</failedSince>
        </case>
        <case>
          <duration>0.001</duration>
          <className>hudson.scheduler.CronTabDayOfWeekLocaleTest</className>
          <testName>isSundayAndPreviousRunIsSaturdayAsterisk[14]</testName>
          <skipped>false</skipped>
          <failedSince>0</failedSince>
        </case>
        <case>
          <duration>0.001</duration>
          <className>hudson.scheduler.CronTabDayOfWeekLocaleTest</className>
          <testName>hudson8658[15]</testName>
          <skipped>false</skipped>
          <failedSince>0</failedSince>
        </case>
        <case>
          <duration>0.001</duration>
          <className>hudson.scheduler.CronTabDayOfWeekLocaleTest</className>
          <testName>isSundayAndNextRunIsMonday[15]</testName>
          <skipped>false</skipped>
          <failedSince>0</failedSince>
        </case>
        <case>
          <duration>0.001</duration>
          <className>hudson.scheduler.CronTabDayOfWeekLocaleTest</className>
          <testName>isSundayAndPreviousRunIsMonday[15]</testName>
          <skipped>false</skipped>
          <failedSince>0</failedSince>
        </case>
        <case>
          <duration>0.0</duration>
          <className>hudson.scheduler.CronTabDayOfWeekLocaleTest</className>
          <testName>isSundayAndNextRunIsTuesday[15]</testName>
          <skipped>false</skipped>
          <failedSince>0</failedSince>
        </case>
        <case>
          <duration>0.0</duration>
          <className>hudson.scheduler.CronTabDayOfWeekLocaleTest</className>
          <testName>isSundayAndPreviousRunIsTuesday[15]</testName>
          <skipped>false</skipped>
          <failedSince>0</failedSince>
        </case>
        <case>
          <duration>0.001</duration>
          <className>hudson.scheduler.CronTabDayOfWeekLocaleTest</className>
          <testName>isSundayAndNextRunIsWednesday[15]</testName>
          <skipped>false</skipped>
          <failedSince>0</failedSince>
        </case>
        <case>
          <duration>0.001</duration>
          <className>hudson.scheduler.CronTabDayOfWeekLocaleTest</className>
          <testName>isSundayAndPreviousRunIsWednesday[15]</testName>
          <skipped>false</skipped>
          <failedSince>0</failedSince>
        </case>
        <case>
          <duration>0.001</duration>
          <className>hudson.scheduler.CronTabDayOfWeekLocaleTest</className>
          <testName>isSundayAndNextRunIsThursday[15]</testName>
          <skipped>false</skipped>
          <failedSince>0</failedSince>
        </case>
        <case>
          <duration>0.001</duration>
          <className>hudson.scheduler.CronTabDayOfWeekLocaleTest</className>
          <testName>isSundayAndPreviousRunIsThursday[15]</testName>
          <skipped>false</skipped>
          <failedSince>0</failedSince>
        </case>
        <case>
          <duration>0.0</duration>
          <className>hudson.scheduler.CronTabDayOfWeekLocaleTest</className>
          <testName>isSundayAndNextRunIsFriday[15]</testName>
          <skipped>false</skipped>
          <failedSince>0</failedSince>
        </case>
        <case>
          <duration>0.001</duration>
          <className>hudson.scheduler.CronTabDayOfWeekLocaleTest</className>
          <testName>isSundayAndPreviousRunIsFriday[15]</testName>
          <skipped>false</skipped>
          <failedSince>0</failedSince>
        </case>
        <case>
          <duration>0.001</duration>
          <className>hudson.scheduler.CronTabDayOfWeekLocaleTest</className>
          <testName>isSundayAndNextRunIsSaturday[15]</testName>
          <skipped>false</skipped>
          <failedSince>0</failedSince>
        </case>
        <case>
          <duration>0.001</duration>
          <className>hudson.scheduler.CronTabDayOfWeekLocaleTest</className>
          <testName>isSundayAndPreviousRunIsSaturday[15]</testName>
          <skipped>false</skipped>
          <failedSince>0</failedSince>
        </case>
        <case>
          <duration>0.001</duration>
          <className>hudson.scheduler.CronTabDayOfWeekLocaleTest</className>
          <testName>isSundayAndNextRunIsNextSunday[15]</testName>
          <skipped>false</skipped>
          <failedSince>0</failedSince>
        </case>
        <case>
          <duration>0.0</duration>
          <className>hudson.scheduler.CronTabDayOfWeekLocaleTest</className>
          <testName>isSundayAndPreviousRunIsPreviousSunday[15]</testName>
          <skipped>false</skipped>
          <failedSince>0</failedSince>
        </case>
        <case>
          <duration>0.0</duration>
          <className>hudson.scheduler.CronTabDayOfWeekLocaleTest</className>
          <testName>isSundayAndNextRunIsNextSunday7[15]</testName>
          <skipped>false</skipped>
          <failedSince>0</failedSince>
        </case>
        <case>
          <duration>0.002</duration>
          <className>hudson.scheduler.CronTabDayOfWeekLocaleTest</className>
          <testName>isSundayAndPreviousRunIsPreviousSunday7[15]</testName>
          <skipped>false</skipped>
          <failedSince>0</failedSince>
        </case>
        <case>
          <duration>0.008</duration>
          <className>hudson.scheduler.CronTabDayOfWeekLocaleTest</className>
          <testName>isSaturdayAndNextRunIsSundayAsterisk[15]</testName>
          <skipped>false</skipped>
          <failedSince>0</failedSince>
        </case>
        <case>
          <duration>0.0</duration>
          <className>hudson.scheduler.CronTabDayOfWeekLocaleTest</className>
          <testName>isSundayAndPreviousRunIsSaturdayAsterisk[15]</testName>
          <skipped>false</skipped>
          <failedSince>0</failedSince>
        </case>
        <case>
          <duration>0.0</duration>
          <className>hudson.scheduler.CronTabDayOfWeekLocaleTest</className>
          <testName>hudson8658[16]</testName>
          <skipped>false</skipped>
          <failedSince>0</failedSince>
        </case>
        <case>
          <duration>0.0</duration>
          <className>hudson.scheduler.CronTabDayOfWeekLocaleTest</className>
          <testName>isSundayAndNextRunIsMonday[16]</testName>
          <skipped>false</skipped>
          <failedSince>0</failedSince>
        </case>
        <case>
          <duration>0.0</duration>
          <className>hudson.scheduler.CronTabDayOfWeekLocaleTest</className>
          <testName>isSundayAndPreviousRunIsMonday[16]</testName>
          <skipped>false</skipped>
          <failedSince>0</failedSince>
        </case>
        <case>
          <duration>0.0</duration>
          <className>hudson.scheduler.CronTabDayOfWeekLocaleTest</className>
          <testName>isSundayAndNextRunIsTuesday[16]</testName>
          <skipped>false</skipped>
          <failedSince>0</failedSince>
        </case>
        <case>
          <duration>0.0</duration>
          <className>hudson.scheduler.CronTabDayOfWeekLocaleTest</className>
          <testName>isSundayAndPreviousRunIsTuesday[16]</testName>
          <skipped>false</skipped>
          <failedSince>0</failedSince>
        </case>
        <case>
          <duration>0.0</duration>
          <className>hudson.scheduler.CronTabDayOfWeekLocaleTest</className>
          <testName>isSundayAndNextRunIsWednesday[16]</testName>
          <skipped>false</skipped>
          <failedSince>0</failedSince>
        </case>
        <case>
          <duration>0.0</duration>
          <className>hudson.scheduler.CronTabDayOfWeekLocaleTest</className>
          <testName>isSundayAndPreviousRunIsWednesday[16]</testName>
          <skipped>false</skipped>
          <failedSince>0</failedSince>
        </case>
        <case>
          <duration>0.0</duration>
          <className>hudson.scheduler.CronTabDayOfWeekLocaleTest</className>
          <testName>isSundayAndNextRunIsThursday[16]</testName>
          <skipped>false</skipped>
          <failedSince>0</failedSince>
        </case>
        <case>
          <duration>0.0</duration>
          <className>hudson.scheduler.CronTabDayOfWeekLocaleTest</className>
          <testName>isSundayAndPreviousRunIsThursday[16]</testName>
          <skipped>false</skipped>
          <failedSince>0</failedSince>
        </case>
        <case>
          <duration>0.0</duration>
          <className>hudson.scheduler.CronTabDayOfWeekLocaleTest</className>
          <testName>isSundayAndNextRunIsFriday[16]</testName>
          <skipped>false</skipped>
          <failedSince>0</failedSince>
        </case>
        <case>
          <duration>0.0</duration>
          <className>hudson.scheduler.CronTabDayOfWeekLocaleTest</className>
          <testName>isSundayAndPreviousRunIsFriday[16]</testName>
          <skipped>false</skipped>
          <failedSince>0</failedSince>
        </case>
        <case>
          <duration>0.0</duration>
          <className>hudson.scheduler.CronTabDayOfWeekLocaleTest</className>
          <testName>isSundayAndNextRunIsSaturday[16]</testName>
          <skipped>false</skipped>
          <failedSince>0</failedSince>
        </case>
        <case>
          <duration>0.0</duration>
          <className>hudson.scheduler.CronTabDayOfWeekLocaleTest</className>
          <testName>isSundayAndPreviousRunIsSaturday[16]</testName>
          <skipped>false</skipped>
          <failedSince>0</failedSince>
        </case>
        <case>
          <duration>0.001</duration>
          <className>hudson.scheduler.CronTabDayOfWeekLocaleTest</className>
          <testName>isSundayAndNextRunIsNextSunday[16]</testName>
          <skipped>false</skipped>
          <failedSince>0</failedSince>
        </case>
        <case>
          <duration>0.001</duration>
          <className>hudson.scheduler.CronTabDayOfWeekLocaleTest</className>
          <testName>isSundayAndPreviousRunIsPreviousSunday[16]</testName>
          <skipped>false</skipped>
          <failedSince>0</failedSince>
        </case>
        <case>
          <duration>0.0</duration>
          <className>hudson.scheduler.CronTabDayOfWeekLocaleTest</className>
          <testName>isSundayAndNextRunIsNextSunday7[16]</testName>
          <skipped>false</skipped>
          <failedSince>0</failedSince>
        </case>
        <case>
          <duration>0.0</duration>
          <className>hudson.scheduler.CronTabDayOfWeekLocaleTest</className>
          <testName>isSundayAndPreviousRunIsPreviousSunday7[16]</testName>
          <skipped>false</skipped>
          <failedSince>0</failedSince>
        </case>
        <case>
          <duration>0.001</duration>
          <className>hudson.scheduler.CronTabDayOfWeekLocaleTest</className>
          <testName>isSaturdayAndNextRunIsSundayAsterisk[16]</testName>
          <skipped>false</skipped>
          <failedSince>0</failedSince>
        </case>
        <case>
          <duration>0.001</duration>
          <className>hudson.scheduler.CronTabDayOfWeekLocaleTest</className>
          <testName>isSundayAndPreviousRunIsSaturdayAsterisk[16]</testName>
          <skipped>false</skipped>
          <failedSince>0</failedSince>
        </case>
        <case>
          <duration>0.001</duration>
          <className>hudson.scheduler.CronTabDayOfWeekLocaleTest</className>
          <testName>hudson8658[17]</testName>
          <skipped>false</skipped>
          <failedSince>0</failedSince>
        </case>
        <case>
          <duration>0.0</duration>
          <className>hudson.scheduler.CronTabDayOfWeekLocaleTest</className>
          <testName>isSundayAndNextRunIsMonday[17]</testName>
          <skipped>false</skipped>
          <failedSince>0</failedSince>
        </case>
        <case>
          <duration>0.001</duration>
          <className>hudson.scheduler.CronTabDayOfWeekLocaleTest</className>
          <testName>isSundayAndPreviousRunIsMonday[17]</testName>
          <skipped>false</skipped>
          <failedSince>0</failedSince>
        </case>
        <case>
          <duration>0.001</duration>
          <className>hudson.scheduler.CronTabDayOfWeekLocaleTest</className>
          <testName>isSundayAndNextRunIsTuesday[17]</testName>
          <skipped>false</skipped>
          <failedSince>0</failedSince>
        </case>
        <case>
          <duration>0.0</duration>
          <className>hudson.scheduler.CronTabDayOfWeekLocaleTest</className>
          <testName>isSundayAndPreviousRunIsTuesday[17]</testName>
          <skipped>false</skipped>
          <failedSince>0</failedSince>
        </case>
        <case>
          <duration>0.0</duration>
          <className>hudson.scheduler.CronTabDayOfWeekLocaleTest</className>
          <testName>isSundayAndNextRunIsWednesday[17]</testName>
          <skipped>false</skipped>
          <failedSince>0</failedSince>
        </case>
        <case>
          <duration>0.001</duration>
          <className>hudson.scheduler.CronTabDayOfWeekLocaleTest</className>
          <testName>isSundayAndPreviousRunIsWednesday[17]</testName>
          <skipped>false</skipped>
          <failedSince>0</failedSince>
        </case>
        <case>
          <duration>0.0</duration>
          <className>hudson.scheduler.CronTabDayOfWeekLocaleTest</className>
          <testName>isSundayAndNextRunIsThursday[17]</testName>
          <skipped>false</skipped>
          <failedSince>0</failedSince>
        </case>
        <case>
          <duration>0.0</duration>
          <className>hudson.scheduler.CronTabDayOfWeekLocaleTest</className>
          <testName>isSundayAndPreviousRunIsThursday[17]</testName>
          <skipped>false</skipped>
          <failedSince>0</failedSince>
        </case>
        <case>
          <duration>0.001</duration>
          <className>hudson.scheduler.CronTabDayOfWeekLocaleTest</className>
          <testName>isSundayAndNextRunIsFriday[17]</testName>
          <skipped>false</skipped>
          <failedSince>0</failedSince>
        </case>
        <case>
          <duration>0.0</duration>
          <className>hudson.scheduler.CronTabDayOfWeekLocaleTest</className>
          <testName>isSundayAndPreviousRunIsFriday[17]</testName>
          <skipped>false</skipped>
          <failedSince>0</failedSince>
        </case>
        <case>
          <duration>0.0</duration>
          <className>hudson.scheduler.CronTabDayOfWeekLocaleTest</className>
          <testName>isSundayAndNextRunIsSaturday[17]</testName>
          <skipped>false</skipped>
          <failedSince>0</failedSince>
        </case>
        <case>
          <duration>0.001</duration>
          <className>hudson.scheduler.CronTabDayOfWeekLocaleTest</className>
          <testName>isSundayAndPreviousRunIsSaturday[17]</testName>
          <skipped>false</skipped>
          <failedSince>0</failedSince>
        </case>
        <case>
          <duration>0.0</duration>
          <className>hudson.scheduler.CronTabDayOfWeekLocaleTest</className>
          <testName>isSundayAndNextRunIsNextSunday[17]</testName>
          <skipped>false</skipped>
          <failedSince>0</failedSince>
        </case>
        <case>
          <duration>0.0</duration>
          <className>hudson.scheduler.CronTabDayOfWeekLocaleTest</className>
          <testName>isSundayAndPreviousRunIsPreviousSunday[17]</testName>
          <skipped>false</skipped>
          <failedSince>0</failedSince>
        </case>
        <case>
          <duration>0.0</duration>
          <className>hudson.scheduler.CronTabDayOfWeekLocaleTest</className>
          <testName>isSundayAndNextRunIsNextSunday7[17]</testName>
          <skipped>false</skipped>
          <failedSince>0</failedSince>
        </case>
        <case>
          <duration>0.0</duration>
          <className>hudson.scheduler.CronTabDayOfWeekLocaleTest</className>
          <testName>isSundayAndPreviousRunIsPreviousSunday7[17]</testName>
          <skipped>false</skipped>
          <failedSince>0</failedSince>
        </case>
        <case>
          <duration>0.001</duration>
          <className>hudson.scheduler.CronTabDayOfWeekLocaleTest</className>
          <testName>isSaturdayAndNextRunIsSundayAsterisk[17]</testName>
          <skipped>false</skipped>
          <failedSince>0</failedSince>
        </case>
        <case>
          <duration>0.0</duration>
          <className>hudson.scheduler.CronTabDayOfWeekLocaleTest</className>
          <testName>isSundayAndPreviousRunIsSaturdayAsterisk[17]</testName>
          <skipped>false</skipped>
          <failedSince>0</failedSince>
        </case>
        <case>
          <duration>0.0</duration>
          <className>hudson.scheduler.CronTabDayOfWeekLocaleTest</className>
          <testName>hudson8658[18]</testName>
          <skipped>false</skipped>
          <failedSince>0</failedSince>
        </case>
        <case>
          <duration>0.0</duration>
          <className>hudson.scheduler.CronTabDayOfWeekLocaleTest</className>
          <testName>isSundayAndNextRunIsMonday[18]</testName>
          <skipped>false</skipped>
          <failedSince>0</failedSince>
        </case>
        <case>
          <duration>0.0</duration>
          <className>hudson.scheduler.CronTabDayOfWeekLocaleTest</className>
          <testName>isSundayAndPreviousRunIsMonday[18]</testName>
          <skipped>false</skipped>
          <failedSince>0</failedSince>
        </case>
        <case>
          <duration>0.0</duration>
          <className>hudson.scheduler.CronTabDayOfWeekLocaleTest</className>
          <testName>isSundayAndNextRunIsTuesday[18]</testName>
          <skipped>false</skipped>
          <failedSince>0</failedSince>
        </case>
        <case>
          <duration>0.0</duration>
          <className>hudson.scheduler.CronTabDayOfWeekLocaleTest</className>
          <testName>isSundayAndPreviousRunIsTuesday[18]</testName>
          <skipped>false</skipped>
          <failedSince>0</failedSince>
        </case>
        <case>
          <duration>0.0</duration>
          <className>hudson.scheduler.CronTabDayOfWeekLocaleTest</className>
          <testName>isSundayAndNextRunIsWednesday[18]</testName>
          <skipped>false</skipped>
          <failedSince>0</failedSince>
        </case>
        <case>
          <duration>0.0</duration>
          <className>hudson.scheduler.CronTabDayOfWeekLocaleTest</className>
          <testName>isSundayAndPreviousRunIsWednesday[18]</testName>
          <skipped>false</skipped>
          <failedSince>0</failedSince>
        </case>
        <case>
          <duration>0.0</duration>
          <className>hudson.scheduler.CronTabDayOfWeekLocaleTest</className>
          <testName>isSundayAndNextRunIsThursday[18]</testName>
          <skipped>false</skipped>
          <failedSince>0</failedSince>
        </case>
        <case>
          <duration>0.001</duration>
          <className>hudson.scheduler.CronTabDayOfWeekLocaleTest</className>
          <testName>isSundayAndPreviousRunIsThursday[18]</testName>
          <skipped>false</skipped>
          <failedSince>0</failedSince>
        </case>
        <case>
          <duration>0.001</duration>
          <className>hudson.scheduler.CronTabDayOfWeekLocaleTest</className>
          <testName>isSundayAndNextRunIsFriday[18]</testName>
          <skipped>false</skipped>
          <failedSince>0</failedSince>
        </case>
        <case>
          <duration>0.0</duration>
          <className>hudson.scheduler.CronTabDayOfWeekLocaleTest</className>
          <testName>isSundayAndPreviousRunIsFriday[18]</testName>
          <skipped>false</skipped>
          <failedSince>0</failedSince>
        </case>
        <case>
          <duration>0.001</duration>
          <className>hudson.scheduler.CronTabDayOfWeekLocaleTest</className>
          <testName>isSundayAndNextRunIsSaturday[18]</testName>
          <skipped>false</skipped>
          <failedSince>0</failedSince>
        </case>
        <case>
          <duration>0.001</duration>
          <className>hudson.scheduler.CronTabDayOfWeekLocaleTest</className>
          <testName>isSundayAndPreviousRunIsSaturday[18]</testName>
          <skipped>false</skipped>
          <failedSince>0</failedSince>
        </case>
        <case>
          <duration>0.0</duration>
          <className>hudson.scheduler.CronTabDayOfWeekLocaleTest</className>
          <testName>isSundayAndNextRunIsNextSunday[18]</testName>
          <skipped>false</skipped>
          <failedSince>0</failedSince>
        </case>
        <case>
          <duration>0.001</duration>
          <className>hudson.scheduler.CronTabDayOfWeekLocaleTest</className>
          <testName>isSundayAndPreviousRunIsPreviousSunday[18]</testName>
          <skipped>false</skipped>
          <failedSince>0</failedSince>
        </case>
        <case>
          <duration>0.0</duration>
          <className>hudson.scheduler.CronTabDayOfWeekLocaleTest</className>
          <testName>isSundayAndNextRunIsNextSunday7[18]</testName>
          <skipped>false</skipped>
          <failedSince>0</failedSince>
        </case>
        <case>
          <duration>0.0</duration>
          <className>hudson.scheduler.CronTabDayOfWeekLocaleTest</className>
          <testName>isSundayAndPreviousRunIsPreviousSunday7[18]</testName>
          <skipped>false</skipped>
          <failedSince>0</failedSince>
        </case>
        <case>
          <duration>0.001</duration>
          <className>hudson.scheduler.CronTabDayOfWeekLocaleTest</className>
          <testName>isSaturdayAndNextRunIsSundayAsterisk[18]</testName>
          <skipped>false</skipped>
          <failedSince>0</failedSince>
        </case>
        <case>
          <duration>0.0</duration>
          <className>hudson.scheduler.CronTabDayOfWeekLocaleTest</className>
          <testName>isSundayAndPreviousRunIsSaturdayAsterisk[18]</testName>
          <skipped>false</skipped>
          <failedSince>0</failedSince>
        </case>
        <case>
          <duration>0.0</duration>
          <className>hudson.scheduler.CronTabDayOfWeekLocaleTest</className>
          <testName>hudson8658[19]</testName>
          <skipped>false</skipped>
          <failedSince>0</failedSince>
        </case>
        <case>
          <duration>0.001</duration>
          <className>hudson.scheduler.CronTabDayOfWeekLocaleTest</className>
          <testName>isSundayAndNextRunIsMonday[19]</testName>
          <skipped>false</skipped>
          <failedSince>0</failedSince>
        </case>
        <case>
          <duration>0.001</duration>
          <className>hudson.scheduler.CronTabDayOfWeekLocaleTest</className>
          <testName>isSundayAndPreviousRunIsMonday[19]</testName>
          <skipped>false</skipped>
          <failedSince>0</failedSince>
        </case>
        <case>
          <duration>0.0</duration>
          <className>hudson.scheduler.CronTabDayOfWeekLocaleTest</className>
          <testName>isSundayAndNextRunIsTuesday[19]</testName>
          <skipped>false</skipped>
          <failedSince>0</failedSince>
        </case>
        <case>
          <duration>0.001</duration>
          <className>hudson.scheduler.CronTabDayOfWeekLocaleTest</className>
          <testName>isSundayAndPreviousRunIsTuesday[19]</testName>
          <skipped>false</skipped>
          <failedSince>0</failedSince>
        </case>
        <case>
          <duration>0.001</duration>
          <className>hudson.scheduler.CronTabDayOfWeekLocaleTest</className>
          <testName>isSundayAndNextRunIsWednesday[19]</testName>
          <skipped>false</skipped>
          <failedSince>0</failedSince>
        </case>
        <case>
          <duration>0.0</duration>
          <className>hudson.scheduler.CronTabDayOfWeekLocaleTest</className>
          <testName>isSundayAndPreviousRunIsWednesday[19]</testName>
          <skipped>false</skipped>
          <failedSince>0</failedSince>
        </case>
        <case>
          <duration>0.001</duration>
          <className>hudson.scheduler.CronTabDayOfWeekLocaleTest</className>
          <testName>isSundayAndNextRunIsThursday[19]</testName>
          <skipped>false</skipped>
          <failedSince>0</failedSince>
        </case>
        <case>
          <duration>0.0</duration>
          <className>hudson.scheduler.CronTabDayOfWeekLocaleTest</className>
          <testName>isSundayAndPreviousRunIsThursday[19]</testName>
          <skipped>false</skipped>
          <failedSince>0</failedSince>
        </case>
        <case>
          <duration>0.0</duration>
          <className>hudson.scheduler.CronTabDayOfWeekLocaleTest</className>
          <testName>isSundayAndNextRunIsFriday[19]</testName>
          <skipped>false</skipped>
          <failedSince>0</failedSince>
        </case>
        <case>
          <duration>0.001</duration>
          <className>hudson.scheduler.CronTabDayOfWeekLocaleTest</className>
          <testName>isSundayAndPreviousRunIsFriday[19]</testName>
          <skipped>false</skipped>
          <failedSince>0</failedSince>
        </case>
        <case>
          <duration>0.0</duration>
          <className>hudson.scheduler.CronTabDayOfWeekLocaleTest</className>
          <testName>isSundayAndNextRunIsSaturday[19]</testName>
          <skipped>false</skipped>
          <failedSince>0</failedSince>
        </case>
        <case>
          <duration>0.0</duration>
          <className>hudson.scheduler.CronTabDayOfWeekLocaleTest</className>
          <testName>isSundayAndPreviousRunIsSaturday[19]</testName>
          <skipped>false</skipped>
          <failedSince>0</failedSince>
        </case>
        <case>
          <duration>0.001</duration>
          <className>hudson.scheduler.CronTabDayOfWeekLocaleTest</className>
          <testName>isSundayAndNextRunIsNextSunday[19]</testName>
          <skipped>false</skipped>
          <failedSince>0</failedSince>
        </case>
        <case>
          <duration>0.0</duration>
          <className>hudson.scheduler.CronTabDayOfWeekLocaleTest</className>
          <testName>isSundayAndPreviousRunIsPreviousSunday[19]</testName>
          <skipped>false</skipped>
          <failedSince>0</failedSince>
        </case>
        <case>
          <duration>0.0</duration>
          <className>hudson.scheduler.CronTabDayOfWeekLocaleTest</className>
          <testName>isSundayAndNextRunIsNextSunday7[19]</testName>
          <skipped>false</skipped>
          <failedSince>0</failedSince>
        </case>
        <case>
          <duration>0.001</duration>
          <className>hudson.scheduler.CronTabDayOfWeekLocaleTest</className>
          <testName>isSundayAndPreviousRunIsPreviousSunday7[19]</testName>
          <skipped>false</skipped>
          <failedSince>0</failedSince>
        </case>
        <case>
          <duration>0.0</duration>
          <className>hudson.scheduler.CronTabDayOfWeekLocaleTest</className>
          <testName>isSaturdayAndNextRunIsSundayAsterisk[19]</testName>
          <skipped>false</skipped>
          <failedSince>0</failedSince>
        </case>
        <case>
          <duration>0.001</duration>
          <className>hudson.scheduler.CronTabDayOfWeekLocaleTest</className>
          <testName>isSundayAndPreviousRunIsSaturdayAsterisk[19]</testName>
          <skipped>false</skipped>
          <failedSince>0</failedSince>
        </case>
        <case>
          <duration>0.001</duration>
          <className>hudson.scheduler.CronTabDayOfWeekLocaleTest</className>
          <testName>hudson8658[20]</testName>
          <skipped>false</skipped>
          <failedSince>0</failedSince>
        </case>
        <case>
          <duration>0.001</duration>
          <className>hudson.scheduler.CronTabDayOfWeekLocaleTest</className>
          <testName>isSundayAndNextRunIsMonday[20]</testName>
          <skipped>false</skipped>
          <failedSince>0</failedSince>
        </case>
        <case>
          <duration>0.0</duration>
          <className>hudson.scheduler.CronTabDayOfWeekLocaleTest</className>
          <testName>isSundayAndPreviousRunIsMonday[20]</testName>
          <skipped>false</skipped>
          <failedSince>0</failedSince>
        </case>
        <case>
          <duration>0.001</duration>
          <className>hudson.scheduler.CronTabDayOfWeekLocaleTest</className>
          <testName>isSundayAndNextRunIsTuesday[20]</testName>
          <skipped>false</skipped>
          <failedSince>0</failedSince>
        </case>
        <case>
          <duration>0.001</duration>
          <className>hudson.scheduler.CronTabDayOfWeekLocaleTest</className>
          <testName>isSundayAndPreviousRunIsTuesday[20]</testName>
          <skipped>false</skipped>
          <failedSince>0</failedSince>
        </case>
        <case>
          <duration>0.0</duration>
          <className>hudson.scheduler.CronTabDayOfWeekLocaleTest</className>
          <testName>isSundayAndNextRunIsWednesday[20]</testName>
          <skipped>false</skipped>
          <failedSince>0</failedSince>
        </case>
        <case>
          <duration>0.001</duration>
          <className>hudson.scheduler.CronTabDayOfWeekLocaleTest</className>
          <testName>isSundayAndPreviousRunIsWednesday[20]</testName>
          <skipped>false</skipped>
          <failedSince>0</failedSince>
        </case>
        <case>
          <duration>0.0</duration>
          <className>hudson.scheduler.CronTabDayOfWeekLocaleTest</className>
          <testName>isSundayAndNextRunIsThursday[20]</testName>
          <skipped>false</skipped>
          <failedSince>0</failedSince>
        </case>
        <case>
          <duration>0.001</duration>
          <className>hudson.scheduler.CronTabDayOfWeekLocaleTest</className>
          <testName>isSundayAndPreviousRunIsThursday[20]</testName>
          <skipped>false</skipped>
          <failedSince>0</failedSince>
        </case>
        <case>
          <duration>0.001</duration>
          <className>hudson.scheduler.CronTabDayOfWeekLocaleTest</className>
          <testName>isSundayAndNextRunIsFriday[20]</testName>
          <skipped>false</skipped>
          <failedSince>0</failedSince>
        </case>
        <case>
          <duration>0.0</duration>
          <className>hudson.scheduler.CronTabDayOfWeekLocaleTest</className>
          <testName>isSundayAndPreviousRunIsFriday[20]</testName>
          <skipped>false</skipped>
          <failedSince>0</failedSince>
        </case>
        <case>
          <duration>0.001</duration>
          <className>hudson.scheduler.CronTabDayOfWeekLocaleTest</className>
          <testName>isSundayAndNextRunIsSaturday[20]</testName>
          <skipped>false</skipped>
          <failedSince>0</failedSince>
        </case>
        <case>
          <duration>0.001</duration>
          <className>hudson.scheduler.CronTabDayOfWeekLocaleTest</className>
          <testName>isSundayAndPreviousRunIsSaturday[20]</testName>
          <skipped>false</skipped>
          <failedSince>0</failedSince>
        </case>
        <case>
          <duration>0.0</duration>
          <className>hudson.scheduler.CronTabDayOfWeekLocaleTest</className>
          <testName>isSundayAndNextRunIsNextSunday[20]</testName>
          <skipped>false</skipped>
          <failedSince>0</failedSince>
        </case>
        <case>
          <duration>0.001</duration>
          <className>hudson.scheduler.CronTabDayOfWeekLocaleTest</className>
          <testName>isSundayAndPreviousRunIsPreviousSunday[20]</testName>
          <skipped>false</skipped>
          <failedSince>0</failedSince>
        </case>
        <case>
          <duration>0.0</duration>
          <className>hudson.scheduler.CronTabDayOfWeekLocaleTest</className>
          <testName>isSundayAndNextRunIsNextSunday7[20]</testName>
          <skipped>false</skipped>
          <failedSince>0</failedSince>
        </case>
        <case>
          <duration>0.0</duration>
          <className>hudson.scheduler.CronTabDayOfWeekLocaleTest</className>
          <testName>isSundayAndPreviousRunIsPreviousSunday7[20]</testName>
          <skipped>false</skipped>
          <failedSince>0</failedSince>
        </case>
        <case>
          <duration>0.001</duration>
          <className>hudson.scheduler.CronTabDayOfWeekLocaleTest</className>
          <testName>isSaturdayAndNextRunIsSundayAsterisk[20]</testName>
          <skipped>false</skipped>
          <failedSince>0</failedSince>
        </case>
        <case>
          <duration>0.0</duration>
          <className>hudson.scheduler.CronTabDayOfWeekLocaleTest</className>
          <testName>isSundayAndPreviousRunIsSaturdayAsterisk[20]</testName>
          <skipped>false</skipped>
          <failedSince>0</failedSince>
        </case>
        <case>
          <duration>0.0</duration>
          <className>hudson.scheduler.CronTabDayOfWeekLocaleTest</className>
          <testName>hudson8658[21]</testName>
          <skipped>false</skipped>
          <failedSince>0</failedSince>
        </case>
        <case>
          <duration>0.001</duration>
          <className>hudson.scheduler.CronTabDayOfWeekLocaleTest</className>
          <testName>isSundayAndNextRunIsMonday[21]</testName>
          <skipped>false</skipped>
          <failedSince>0</failedSince>
        </case>
        <case>
          <duration>0.001</duration>
          <className>hudson.scheduler.CronTabDayOfWeekLocaleTest</className>
          <testName>isSundayAndPreviousRunIsMonday[21]</testName>
          <skipped>false</skipped>
          <failedSince>0</failedSince>
        </case>
        <case>
          <duration>0.0</duration>
          <className>hudson.scheduler.CronTabDayOfWeekLocaleTest</className>
          <testName>isSundayAndNextRunIsTuesday[21]</testName>
          <skipped>false</skipped>
          <failedSince>0</failedSince>
        </case>
        <case>
          <duration>0.001</duration>
          <className>hudson.scheduler.CronTabDayOfWeekLocaleTest</className>
          <testName>isSundayAndPreviousRunIsTuesday[21]</testName>
          <skipped>false</skipped>
          <failedSince>0</failedSince>
        </case>
        <case>
          <duration>0.001</duration>
          <className>hudson.scheduler.CronTabDayOfWeekLocaleTest</className>
          <testName>isSundayAndNextRunIsWednesday[21]</testName>
          <skipped>false</skipped>
          <failedSince>0</failedSince>
        </case>
        <case>
          <duration>0.0</duration>
          <className>hudson.scheduler.CronTabDayOfWeekLocaleTest</className>
          <testName>isSundayAndPreviousRunIsWednesday[21]</testName>
          <skipped>false</skipped>
          <failedSince>0</failedSince>
        </case>
        <case>
          <duration>0.001</duration>
          <className>hudson.scheduler.CronTabDayOfWeekLocaleTest</className>
          <testName>isSundayAndNextRunIsThursday[21]</testName>
          <skipped>false</skipped>
          <failedSince>0</failedSince>
        </case>
        <case>
          <duration>0.001</duration>
          <className>hudson.scheduler.CronTabDayOfWeekLocaleTest</className>
          <testName>isSundayAndPreviousRunIsThursday[21]</testName>
          <skipped>false</skipped>
          <failedSince>0</failedSince>
        </case>
        <case>
          <duration>0.0</duration>
          <className>hudson.scheduler.CronTabDayOfWeekLocaleTest</className>
          <testName>isSundayAndNextRunIsFriday[21]</testName>
          <skipped>false</skipped>
          <failedSince>0</failedSince>
        </case>
        <case>
          <duration>0.001</duration>
          <className>hudson.scheduler.CronTabDayOfWeekLocaleTest</className>
          <testName>isSundayAndPreviousRunIsFriday[21]</testName>
          <skipped>false</skipped>
          <failedSince>0</failedSince>
        </case>
        <case>
          <duration>0.0</duration>
          <className>hudson.scheduler.CronTabDayOfWeekLocaleTest</className>
          <testName>isSundayAndNextRunIsSaturday[21]</testName>
          <skipped>false</skipped>
          <failedSince>0</failedSince>
        </case>
        <case>
          <duration>0.001</duration>
          <className>hudson.scheduler.CronTabDayOfWeekLocaleTest</className>
          <testName>isSundayAndPreviousRunIsSaturday[21]</testName>
          <skipped>false</skipped>
          <failedSince>0</failedSince>
        </case>
        <case>
          <duration>0.0</duration>
          <className>hudson.scheduler.CronTabDayOfWeekLocaleTest</className>
          <testName>isSundayAndNextRunIsNextSunday[21]</testName>
          <skipped>false</skipped>
          <failedSince>0</failedSince>
        </case>
        <case>
          <duration>0.001</duration>
          <className>hudson.scheduler.CronTabDayOfWeekLocaleTest</className>
          <testName>isSundayAndPreviousRunIsPreviousSunday[21]</testName>
          <skipped>false</skipped>
          <failedSince>0</failedSince>
        </case>
        <case>
          <duration>0.001</duration>
          <className>hudson.scheduler.CronTabDayOfWeekLocaleTest</className>
          <testName>isSundayAndNextRunIsNextSunday7[21]</testName>
          <skipped>false</skipped>
          <failedSince>0</failedSince>
        </case>
        <case>
          <duration>0.0</duration>
          <className>hudson.scheduler.CronTabDayOfWeekLocaleTest</className>
          <testName>isSundayAndPreviousRunIsPreviousSunday7[21]</testName>
          <skipped>false</skipped>
          <failedSince>0</failedSince>
        </case>
        <case>
          <duration>0.001</duration>
          <className>hudson.scheduler.CronTabDayOfWeekLocaleTest</className>
          <testName>isSaturdayAndNextRunIsSundayAsterisk[21]</testName>
          <skipped>false</skipped>
          <failedSince>0</failedSince>
        </case>
        <case>
          <duration>0.0</duration>
          <className>hudson.scheduler.CronTabDayOfWeekLocaleTest</className>
          <testName>isSundayAndPreviousRunIsSaturdayAsterisk[21]</testName>
          <skipped>false</skipped>
          <failedSince>0</failedSince>
        </case>
        <case>
          <duration>0.0</duration>
          <className>hudson.scheduler.CronTabDayOfWeekLocaleTest</className>
          <testName>hudson8658[22]</testName>
          <skipped>false</skipped>
          <failedSince>0</failedSince>
        </case>
        <case>
          <duration>0.001</duration>
          <className>hudson.scheduler.CronTabDayOfWeekLocaleTest</className>
          <testName>isSundayAndNextRunIsMonday[22]</testName>
          <skipped>false</skipped>
          <failedSince>0</failedSince>
        </case>
        <case>
          <duration>0.0</duration>
          <className>hudson.scheduler.CronTabDayOfWeekLocaleTest</className>
          <testName>isSundayAndPreviousRunIsMonday[22]</testName>
          <skipped>false</skipped>
          <failedSince>0</failedSince>
        </case>
        <case>
          <duration>0.001</duration>
          <className>hudson.scheduler.CronTabDayOfWeekLocaleTest</className>
          <testName>isSundayAndNextRunIsTuesday[22]</testName>
          <skipped>false</skipped>
          <failedSince>0</failedSince>
        </case>
        <case>
          <duration>0.0</duration>
          <className>hudson.scheduler.CronTabDayOfWeekLocaleTest</className>
          <testName>isSundayAndPreviousRunIsTuesday[22]</testName>
          <skipped>false</skipped>
          <failedSince>0</failedSince>
        </case>
        <case>
          <duration>0.001</duration>
          <className>hudson.scheduler.CronTabDayOfWeekLocaleTest</className>
          <testName>isSundayAndNextRunIsWednesday[22]</testName>
          <skipped>false</skipped>
          <failedSince>0</failedSince>
        </case>
        <case>
          <duration>0.0</duration>
          <className>hudson.scheduler.CronTabDayOfWeekLocaleTest</className>
          <testName>isSundayAndPreviousRunIsWednesday[22]</testName>
          <skipped>false</skipped>
          <failedSince>0</failedSince>
        </case>
        <case>
          <duration>0.001</duration>
          <className>hudson.scheduler.CronTabDayOfWeekLocaleTest</className>
          <testName>isSundayAndNextRunIsThursday[22]</testName>
          <skipped>false</skipped>
          <failedSince>0</failedSince>
        </case>
        <case>
          <duration>0.0</duration>
          <className>hudson.scheduler.CronTabDayOfWeekLocaleTest</className>
          <testName>isSundayAndPreviousRunIsThursday[22]</testName>
          <skipped>false</skipped>
          <failedSince>0</failedSince>
        </case>
        <case>
          <duration>0.001</duration>
          <className>hudson.scheduler.CronTabDayOfWeekLocaleTest</className>
          <testName>isSundayAndNextRunIsFriday[22]</testName>
          <skipped>false</skipped>
          <failedSince>0</failedSince>
        </case>
        <case>
          <duration>0.0</duration>
          <className>hudson.scheduler.CronTabDayOfWeekLocaleTest</className>
          <testName>isSundayAndPreviousRunIsFriday[22]</testName>
          <skipped>false</skipped>
          <failedSince>0</failedSince>
        </case>
        <case>
          <duration>0.0</duration>
          <className>hudson.scheduler.CronTabDayOfWeekLocaleTest</className>
          <testName>isSundayAndNextRunIsSaturday[22]</testName>
          <skipped>false</skipped>
          <failedSince>0</failedSince>
        </case>
        <case>
          <duration>0.0</duration>
          <className>hudson.scheduler.CronTabDayOfWeekLocaleTest</className>
          <testName>isSundayAndPreviousRunIsSaturday[22]</testName>
          <skipped>false</skipped>
          <failedSince>0</failedSince>
        </case>
        <case>
          <duration>0.0</duration>
          <className>hudson.scheduler.CronTabDayOfWeekLocaleTest</className>
          <testName>isSundayAndNextRunIsNextSunday[22]</testName>
          <skipped>false</skipped>
          <failedSince>0</failedSince>
        </case>
        <case>
          <duration>0.001</duration>
          <className>hudson.scheduler.CronTabDayOfWeekLocaleTest</className>
          <testName>isSundayAndPreviousRunIsPreviousSunday[22]</testName>
          <skipped>false</skipped>
          <failedSince>0</failedSince>
        </case>
        <case>
          <duration>0.0</duration>
          <className>hudson.scheduler.CronTabDayOfWeekLocaleTest</className>
          <testName>isSundayAndNextRunIsNextSunday7[22]</testName>
          <skipped>false</skipped>
          <failedSince>0</failedSince>
        </case>
        <case>
          <duration>0.001</duration>
          <className>hudson.scheduler.CronTabDayOfWeekLocaleTest</className>
          <testName>isSundayAndPreviousRunIsPreviousSunday7[22]</testName>
          <skipped>false</skipped>
          <failedSince>0</failedSince>
        </case>
        <case>
          <duration>0.0</duration>
          <className>hudson.scheduler.CronTabDayOfWeekLocaleTest</className>
          <testName>isSaturdayAndNextRunIsSundayAsterisk[22]</testName>
          <skipped>false</skipped>
          <failedSince>0</failedSince>
        </case>
        <case>
          <duration>0.001</duration>
          <className>hudson.scheduler.CronTabDayOfWeekLocaleTest</className>
          <testName>isSundayAndPreviousRunIsSaturdayAsterisk[22]</testName>
          <skipped>false</skipped>
          <failedSince>0</failedSince>
        </case>
        <case>
          <duration>0.001</duration>
          <className>hudson.scheduler.CronTabDayOfWeekLocaleTest</className>
          <testName>hudson8658[23]</testName>
          <skipped>false</skipped>
          <failedSince>0</failedSince>
        </case>
        <case>
          <duration>0.0</duration>
          <className>hudson.scheduler.CronTabDayOfWeekLocaleTest</className>
          <testName>isSundayAndNextRunIsMonday[23]</testName>
          <skipped>false</skipped>
          <failedSince>0</failedSince>
        </case>
        <case>
          <duration>0.001</duration>
          <className>hudson.scheduler.CronTabDayOfWeekLocaleTest</className>
          <testName>isSundayAndPreviousRunIsMonday[23]</testName>
          <skipped>false</skipped>
          <failedSince>0</failedSince>
        </case>
        <case>
          <duration>0.0</duration>
          <className>hudson.scheduler.CronTabDayOfWeekLocaleTest</className>
          <testName>isSundayAndNextRunIsTuesday[23]</testName>
          <skipped>false</skipped>
          <failedSince>0</failedSince>
        </case>
        <case>
          <duration>0.001</duration>
          <className>hudson.scheduler.CronTabDayOfWeekLocaleTest</className>
          <testName>isSundayAndPreviousRunIsTuesday[23]</testName>
          <skipped>false</skipped>
          <failedSince>0</failedSince>
        </case>
        <case>
          <duration>0.0</duration>
          <className>hudson.scheduler.CronTabDayOfWeekLocaleTest</className>
          <testName>isSundayAndNextRunIsWednesday[23]</testName>
          <skipped>false</skipped>
          <failedSince>0</failedSince>
        </case>
        <case>
          <duration>0.001</duration>
          <className>hudson.scheduler.CronTabDayOfWeekLocaleTest</className>
          <testName>isSundayAndPreviousRunIsWednesday[23]</testName>
          <skipped>false</skipped>
          <failedSince>0</failedSince>
        </case>
        <case>
          <duration>0.0</duration>
          <className>hudson.scheduler.CronTabDayOfWeekLocaleTest</className>
          <testName>isSundayAndNextRunIsThursday[23]</testName>
          <skipped>false</skipped>
          <failedSince>0</failedSince>
        </case>
        <case>
          <duration>0.001</duration>
          <className>hudson.scheduler.CronTabDayOfWeekLocaleTest</className>
          <testName>isSundayAndPreviousRunIsThursday[23]</testName>
          <skipped>false</skipped>
          <failedSince>0</failedSince>
        </case>
        <case>
          <duration>0.0</duration>
          <className>hudson.scheduler.CronTabDayOfWeekLocaleTest</className>
          <testName>isSundayAndNextRunIsFriday[23]</testName>
          <skipped>false</skipped>
          <failedSince>0</failedSince>
        </case>
        <case>
          <duration>0.001</duration>
          <className>hudson.scheduler.CronTabDayOfWeekLocaleTest</className>
          <testName>isSundayAndPreviousRunIsFriday[23]</testName>
          <skipped>false</skipped>
          <failedSince>0</failedSince>
        </case>
        <case>
          <duration>0.0</duration>
          <className>hudson.scheduler.CronTabDayOfWeekLocaleTest</className>
          <testName>isSundayAndNextRunIsSaturday[23]</testName>
          <skipped>false</skipped>
          <failedSince>0</failedSince>
        </case>
        <case>
          <duration>0.001</duration>
          <className>hudson.scheduler.CronTabDayOfWeekLocaleTest</className>
          <testName>isSundayAndPreviousRunIsSaturday[23]</testName>
          <skipped>false</skipped>
          <failedSince>0</failedSince>
        </case>
        <case>
          <duration>0.0</duration>
          <className>hudson.scheduler.CronTabDayOfWeekLocaleTest</className>
          <testName>isSundayAndNextRunIsNextSunday[23]</testName>
          <skipped>false</skipped>
          <failedSince>0</failedSince>
        </case>
        <case>
          <duration>0.001</duration>
          <className>hudson.scheduler.CronTabDayOfWeekLocaleTest</className>
          <testName>isSundayAndPreviousRunIsPreviousSunday[23]</testName>
          <skipped>false</skipped>
          <failedSince>0</failedSince>
        </case>
        <case>
          <duration>0.0</duration>
          <className>hudson.scheduler.CronTabDayOfWeekLocaleTest</className>
          <testName>isSundayAndNextRunIsNextSunday7[23]</testName>
          <skipped>false</skipped>
          <failedSince>0</failedSince>
        </case>
        <case>
          <duration>0.0</duration>
          <className>hudson.scheduler.CronTabDayOfWeekLocaleTest</className>
          <testName>isSundayAndPreviousRunIsPreviousSunday7[23]</testName>
          <skipped>false</skipped>
          <failedSince>0</failedSince>
        </case>
        <case>
          <duration>0.001</duration>
          <className>hudson.scheduler.CronTabDayOfWeekLocaleTest</className>
          <testName>isSaturdayAndNextRunIsSundayAsterisk[23]</testName>
          <skipped>false</skipped>
          <failedSince>0</failedSince>
        </case>
        <case>
          <duration>0.0</duration>
          <className>hudson.scheduler.CronTabDayOfWeekLocaleTest</className>
          <testName>isSundayAndPreviousRunIsSaturdayAsterisk[23]</testName>
          <skipped>false</skipped>
          <failedSince>0</failedSince>
        </case>
        <case>
          <duration>0.001</duration>
          <className>hudson.scheduler.CronTabDayOfWeekLocaleTest</className>
          <testName>hudson8658[24]</testName>
          <skipped>false</skipped>
          <failedSince>0</failedSince>
        </case>
        <case>
          <duration>0.001</duration>
          <className>hudson.scheduler.CronTabDayOfWeekLocaleTest</className>
          <testName>isSundayAndNextRunIsMonday[24]</testName>
          <skipped>false</skipped>
          <failedSince>0</failedSince>
        </case>
        <case>
          <duration>0.0</duration>
          <className>hudson.scheduler.CronTabDayOfWeekLocaleTest</className>
          <testName>isSundayAndPreviousRunIsMonday[24]</testName>
          <skipped>false</skipped>
          <failedSince>0</failedSince>
        </case>
        <case>
          <duration>0.0</duration>
          <className>hudson.scheduler.CronTabDayOfWeekLocaleTest</className>
          <testName>isSundayAndNextRunIsTuesday[24]</testName>
          <skipped>false</skipped>
          <failedSince>0</failedSince>
        </case>
        <case>
          <duration>0.0</duration>
          <className>hudson.scheduler.CronTabDayOfWeekLocaleTest</className>
          <testName>isSundayAndPreviousRunIsTuesday[24]</testName>
          <skipped>false</skipped>
          <failedSince>0</failedSince>
        </case>
        <case>
          <duration>0.0</duration>
          <className>hudson.scheduler.CronTabDayOfWeekLocaleTest</className>
          <testName>isSundayAndNextRunIsWednesday[24]</testName>
          <skipped>false</skipped>
          <failedSince>0</failedSince>
        </case>
        <case>
          <duration>0.0</duration>
          <className>hudson.scheduler.CronTabDayOfWeekLocaleTest</className>
          <testName>isSundayAndPreviousRunIsWednesday[24]</testName>
          <skipped>false</skipped>
          <failedSince>0</failedSince>
        </case>
        <case>
          <duration>0.0</duration>
          <className>hudson.scheduler.CronTabDayOfWeekLocaleTest</className>
          <testName>isSundayAndNextRunIsThursday[24]</testName>
          <skipped>false</skipped>
          <failedSince>0</failedSince>
        </case>
        <case>
          <duration>0.0</duration>
          <className>hudson.scheduler.CronTabDayOfWeekLocaleTest</className>
          <testName>isSundayAndPreviousRunIsThursday[24]</testName>
          <skipped>false</skipped>
          <failedSince>0</failedSince>
        </case>
        <case>
          <duration>0.001</duration>
          <className>hudson.scheduler.CronTabDayOfWeekLocaleTest</className>
          <testName>isSundayAndNextRunIsFriday[24]</testName>
          <skipped>false</skipped>
          <failedSince>0</failedSince>
        </case>
        <case>
          <duration>0.0</duration>
          <className>hudson.scheduler.CronTabDayOfWeekLocaleTest</className>
          <testName>isSundayAndPreviousRunIsFriday[24]</testName>
          <skipped>false</skipped>
          <failedSince>0</failedSince>
        </case>
        <case>
          <duration>0.001</duration>
          <className>hudson.scheduler.CronTabDayOfWeekLocaleTest</className>
          <testName>isSundayAndNextRunIsSaturday[24]</testName>
          <skipped>false</skipped>
          <failedSince>0</failedSince>
        </case>
        <case>
          <duration>0.0</duration>
          <className>hudson.scheduler.CronTabDayOfWeekLocaleTest</className>
          <testName>isSundayAndPreviousRunIsSaturday[24]</testName>
          <skipped>false</skipped>
          <failedSince>0</failedSince>
        </case>
        <case>
          <duration>0.001</duration>
          <className>hudson.scheduler.CronTabDayOfWeekLocaleTest</className>
          <testName>isSundayAndNextRunIsNextSunday[24]</testName>
          <skipped>false</skipped>
          <failedSince>0</failedSince>
        </case>
        <case>
          <duration>0.0</duration>
          <className>hudson.scheduler.CronTabDayOfWeekLocaleTest</className>
          <testName>isSundayAndPreviousRunIsPreviousSunday[24]</testName>
          <skipped>false</skipped>
          <failedSince>0</failedSince>
        </case>
        <case>
          <duration>0.001</duration>
          <className>hudson.scheduler.CronTabDayOfWeekLocaleTest</className>
          <testName>isSundayAndNextRunIsNextSunday7[24]</testName>
          <skipped>false</skipped>
          <failedSince>0</failedSince>
        </case>
        <case>
          <duration>0.0</duration>
          <className>hudson.scheduler.CronTabDayOfWeekLocaleTest</className>
          <testName>isSundayAndPreviousRunIsPreviousSunday7[24]</testName>
          <skipped>false</skipped>
          <failedSince>0</failedSince>
        </case>
        <case>
          <duration>0.001</duration>
          <className>hudson.scheduler.CronTabDayOfWeekLocaleTest</className>
          <testName>isSaturdayAndNextRunIsSundayAsterisk[24]</testName>
          <skipped>false</skipped>
          <failedSince>0</failedSince>
        </case>
        <case>
          <duration>0.0</duration>
          <className>hudson.scheduler.CronTabDayOfWeekLocaleTest</className>
          <testName>isSundayAndPreviousRunIsSaturdayAsterisk[24]</testName>
          <skipped>false</skipped>
          <failedSince>0</failedSince>
        </case>
        <case>
          <duration>0.0</duration>
          <className>hudson.scheduler.CronTabDayOfWeekLocaleTest</className>
          <testName>hudson8658[25]</testName>
          <skipped>false</skipped>
          <failedSince>0</failedSince>
        </case>
        <case>
          <duration>0.011</duration>
          <className>hudson.scheduler.CronTabDayOfWeekLocaleTest</className>
          <testName>isSundayAndNextRunIsMonday[25]</testName>
          <skipped>false</skipped>
          <failedSince>0</failedSince>
        </case>
        <case>
          <duration>0.0</duration>
          <className>hudson.scheduler.CronTabDayOfWeekLocaleTest</className>
          <testName>isSundayAndPreviousRunIsMonday[25]</testName>
          <skipped>false</skipped>
          <failedSince>0</failedSince>
        </case>
        <case>
          <duration>0.0</duration>
          <className>hudson.scheduler.CronTabDayOfWeekLocaleTest</className>
          <testName>isSundayAndNextRunIsTuesday[25]</testName>
          <skipped>false</skipped>
          <failedSince>0</failedSince>
        </case>
        <case>
          <duration>0.0</duration>
          <className>hudson.scheduler.CronTabDayOfWeekLocaleTest</className>
          <testName>isSundayAndPreviousRunIsTuesday[25]</testName>
          <skipped>false</skipped>
          <failedSince>0</failedSince>
        </case>
        <case>
          <duration>0.0</duration>
          <className>hudson.scheduler.CronTabDayOfWeekLocaleTest</className>
          <testName>isSundayAndNextRunIsWednesday[25]</testName>
          <skipped>false</skipped>
          <failedSince>0</failedSince>
        </case>
        <case>
          <duration>0.0</duration>
          <className>hudson.scheduler.CronTabDayOfWeekLocaleTest</className>
          <testName>isSundayAndPreviousRunIsWednesday[25]</testName>
          <skipped>false</skipped>
          <failedSince>0</failedSince>
        </case>
        <case>
          <duration>0.0</duration>
          <className>hudson.scheduler.CronTabDayOfWeekLocaleTest</className>
          <testName>isSundayAndNextRunIsThursday[25]</testName>
          <skipped>false</skipped>
          <failedSince>0</failedSince>
        </case>
        <case>
          <duration>0.0</duration>
          <className>hudson.scheduler.CronTabDayOfWeekLocaleTest</className>
          <testName>isSundayAndPreviousRunIsThursday[25]</testName>
          <skipped>false</skipped>
          <failedSince>0</failedSince>
        </case>
        <case>
          <duration>0.0</duration>
          <className>hudson.scheduler.CronTabDayOfWeekLocaleTest</className>
          <testName>isSundayAndNextRunIsFriday[25]</testName>
          <skipped>false</skipped>
          <failedSince>0</failedSince>
        </case>
        <case>
          <duration>0.0</duration>
          <className>hudson.scheduler.CronTabDayOfWeekLocaleTest</className>
          <testName>isSundayAndPreviousRunIsFriday[25]</testName>
          <skipped>false</skipped>
          <failedSince>0</failedSince>
        </case>
        <case>
          <duration>0.0</duration>
          <className>hudson.scheduler.CronTabDayOfWeekLocaleTest</className>
          <testName>isSundayAndNextRunIsSaturday[25]</testName>
          <skipped>false</skipped>
          <failedSince>0</failedSince>
        </case>
        <case>
          <duration>0.0</duration>
          <className>hudson.scheduler.CronTabDayOfWeekLocaleTest</className>
          <testName>isSundayAndPreviousRunIsSaturday[25]</testName>
          <skipped>false</skipped>
          <failedSince>0</failedSince>
        </case>
        <case>
          <duration>0.0</duration>
          <className>hudson.scheduler.CronTabDayOfWeekLocaleTest</className>
          <testName>isSundayAndNextRunIsNextSunday[25]</testName>
          <skipped>false</skipped>
          <failedSince>0</failedSince>
        </case>
        <case>
          <duration>0.0</duration>
          <className>hudson.scheduler.CronTabDayOfWeekLocaleTest</className>
          <testName>isSundayAndPreviousRunIsPreviousSunday[25]</testName>
          <skipped>false</skipped>
          <failedSince>0</failedSince>
        </case>
        <case>
          <duration>0.0</duration>
          <className>hudson.scheduler.CronTabDayOfWeekLocaleTest</className>
          <testName>isSundayAndNextRunIsNextSunday7[25]</testName>
          <skipped>false</skipped>
          <failedSince>0</failedSince>
        </case>
        <case>
          <duration>0.0</duration>
          <className>hudson.scheduler.CronTabDayOfWeekLocaleTest</className>
          <testName>isSundayAndPreviousRunIsPreviousSunday7[25]</testName>
          <skipped>false</skipped>
          <failedSince>0</failedSince>
        </case>
        <case>
          <duration>0.0</duration>
          <className>hudson.scheduler.CronTabDayOfWeekLocaleTest</className>
          <testName>isSaturdayAndNextRunIsSundayAsterisk[25]</testName>
          <skipped>false</skipped>
          <failedSince>0</failedSince>
        </case>
        <case>
          <duration>0.0</duration>
          <className>hudson.scheduler.CronTabDayOfWeekLocaleTest</className>
          <testName>isSundayAndPreviousRunIsSaturdayAsterisk[25]</testName>
          <skipped>false</skipped>
          <failedSince>0</failedSince>
        </case>
        <case>
          <duration>0.0</duration>
          <className>hudson.scheduler.CronTabDayOfWeekLocaleTest</className>
          <testName>hudson8658[26]</testName>
          <skipped>false</skipped>
          <failedSince>0</failedSince>
        </case>
        <case>
          <duration>0.0</duration>
          <className>hudson.scheduler.CronTabDayOfWeekLocaleTest</className>
          <testName>isSundayAndNextRunIsMonday[26]</testName>
          <skipped>false</skipped>
          <failedSince>0</failedSince>
        </case>
        <case>
          <duration>0.001</duration>
          <className>hudson.scheduler.CronTabDayOfWeekLocaleTest</className>
          <testName>isSundayAndPreviousRunIsMonday[26]</testName>
          <skipped>false</skipped>
          <failedSince>0</failedSince>
        </case>
        <case>
          <duration>0.0</duration>
          <className>hudson.scheduler.CronTabDayOfWeekLocaleTest</className>
          <testName>isSundayAndNextRunIsTuesday[26]</testName>
          <skipped>false</skipped>
          <failedSince>0</failedSince>
        </case>
        <case>
          <duration>0.0</duration>
          <className>hudson.scheduler.CronTabDayOfWeekLocaleTest</className>
          <testName>isSundayAndPreviousRunIsTuesday[26]</testName>
          <skipped>false</skipped>
          <failedSince>0</failedSince>
        </case>
        <case>
          <duration>0.0</duration>
          <className>hudson.scheduler.CronTabDayOfWeekLocaleTest</className>
          <testName>isSundayAndNextRunIsWednesday[26]</testName>
          <skipped>false</skipped>
          <failedSince>0</failedSince>
        </case>
        <case>
          <duration>0.0</duration>
          <className>hudson.scheduler.CronTabDayOfWeekLocaleTest</className>
          <testName>isSundayAndPreviousRunIsWednesday[26]</testName>
          <skipped>false</skipped>
          <failedSince>0</failedSince>
        </case>
        <case>
          <duration>0.0</duration>
          <className>hudson.scheduler.CronTabDayOfWeekLocaleTest</className>
          <testName>isSundayAndNextRunIsThursday[26]</testName>
          <skipped>false</skipped>
          <failedSince>0</failedSince>
        </case>
        <case>
          <duration>0.0</duration>
          <className>hudson.scheduler.CronTabDayOfWeekLocaleTest</className>
          <testName>isSundayAndPreviousRunIsThursday[26]</testName>
          <skipped>false</skipped>
          <failedSince>0</failedSince>
        </case>
        <case>
          <duration>0.0</duration>
          <className>hudson.scheduler.CronTabDayOfWeekLocaleTest</className>
          <testName>isSundayAndNextRunIsFriday[26]</testName>
          <skipped>false</skipped>
          <failedSince>0</failedSince>
        </case>
        <case>
          <duration>0.001</duration>
          <className>hudson.scheduler.CronTabDayOfWeekLocaleTest</className>
          <testName>isSundayAndPreviousRunIsFriday[26]</testName>
          <skipped>false</skipped>
          <failedSince>0</failedSince>
        </case>
        <case>
          <duration>0.0</duration>
          <className>hudson.scheduler.CronTabDayOfWeekLocaleTest</className>
          <testName>isSundayAndNextRunIsSaturday[26]</testName>
          <skipped>false</skipped>
          <failedSince>0</failedSince>
        </case>
        <case>
          <duration>0.0</duration>
          <className>hudson.scheduler.CronTabDayOfWeekLocaleTest</className>
          <testName>isSundayAndPreviousRunIsSaturday[26]</testName>
          <skipped>false</skipped>
          <failedSince>0</failedSince>
        </case>
        <case>
          <duration>0.0</duration>
          <className>hudson.scheduler.CronTabDayOfWeekLocaleTest</className>
          <testName>isSundayAndNextRunIsNextSunday[26]</testName>
          <skipped>false</skipped>
          <failedSince>0</failedSince>
        </case>
        <case>
          <duration>0.001</duration>
          <className>hudson.scheduler.CronTabDayOfWeekLocaleTest</className>
          <testName>isSundayAndPreviousRunIsPreviousSunday[26]</testName>
          <skipped>false</skipped>
          <failedSince>0</failedSince>
        </case>
        <case>
          <duration>0.0</duration>
          <className>hudson.scheduler.CronTabDayOfWeekLocaleTest</className>
          <testName>isSundayAndNextRunIsNextSunday7[26]</testName>
          <skipped>false</skipped>
          <failedSince>0</failedSince>
        </case>
        <case>
          <duration>0.001</duration>
          <className>hudson.scheduler.CronTabDayOfWeekLocaleTest</className>
          <testName>isSundayAndPreviousRunIsPreviousSunday7[26]</testName>
          <skipped>false</skipped>
          <failedSince>0</failedSince>
        </case>
        <case>
          <duration>0.0</duration>
          <className>hudson.scheduler.CronTabDayOfWeekLocaleTest</className>
          <testName>isSaturdayAndNextRunIsSundayAsterisk[26]</testName>
          <skipped>false</skipped>
          <failedSince>0</failedSince>
        </case>
        <case>
          <duration>0.001</duration>
          <className>hudson.scheduler.CronTabDayOfWeekLocaleTest</className>
          <testName>isSundayAndPreviousRunIsSaturdayAsterisk[26]</testName>
          <skipped>false</skipped>
          <failedSince>0</failedSince>
        </case>
        <case>
          <duration>0.0</duration>
          <className>hudson.scheduler.CronTabDayOfWeekLocaleTest</className>
          <testName>hudson8658[27]</testName>
          <skipped>false</skipped>
          <failedSince>0</failedSince>
        </case>
        <case>
          <duration>0.001</duration>
          <className>hudson.scheduler.CronTabDayOfWeekLocaleTest</className>
          <testName>isSundayAndNextRunIsMonday[27]</testName>
          <skipped>false</skipped>
          <failedSince>0</failedSince>
        </case>
        <case>
          <duration>0.0</duration>
          <className>hudson.scheduler.CronTabDayOfWeekLocaleTest</className>
          <testName>isSundayAndPreviousRunIsMonday[27]</testName>
          <skipped>false</skipped>
          <failedSince>0</failedSince>
        </case>
        <case>
          <duration>0.0</duration>
          <className>hudson.scheduler.CronTabDayOfWeekLocaleTest</className>
          <testName>isSundayAndNextRunIsTuesday[27]</testName>
          <skipped>false</skipped>
          <failedSince>0</failedSince>
        </case>
        <case>
          <duration>0.0</duration>
          <className>hudson.scheduler.CronTabDayOfWeekLocaleTest</className>
          <testName>isSundayAndPreviousRunIsTuesday[27]</testName>
          <skipped>false</skipped>
          <failedSince>0</failedSince>
        </case>
        <case>
          <duration>0.0</duration>
          <className>hudson.scheduler.CronTabDayOfWeekLocaleTest</className>
          <testName>isSundayAndNextRunIsWednesday[27]</testName>
          <skipped>false</skipped>
          <failedSince>0</failedSince>
        </case>
        <case>
          <duration>0.0</duration>
          <className>hudson.scheduler.CronTabDayOfWeekLocaleTest</className>
          <testName>isSundayAndPreviousRunIsWednesday[27]</testName>
          <skipped>false</skipped>
          <failedSince>0</failedSince>
        </case>
        <case>
          <duration>0.0</duration>
          <className>hudson.scheduler.CronTabDayOfWeekLocaleTest</className>
          <testName>isSundayAndNextRunIsThursday[27]</testName>
          <skipped>false</skipped>
          <failedSince>0</failedSince>
        </case>
        <case>
          <duration>0.0</duration>
          <className>hudson.scheduler.CronTabDayOfWeekLocaleTest</className>
          <testName>isSundayAndPreviousRunIsThursday[27]</testName>
          <skipped>false</skipped>
          <failedSince>0</failedSince>
        </case>
        <case>
          <duration>0.0</duration>
          <className>hudson.scheduler.CronTabDayOfWeekLocaleTest</className>
          <testName>isSundayAndNextRunIsFriday[27]</testName>
          <skipped>false</skipped>
          <failedSince>0</failedSince>
        </case>
        <case>
          <duration>0.0</duration>
          <className>hudson.scheduler.CronTabDayOfWeekLocaleTest</className>
          <testName>isSundayAndPreviousRunIsFriday[27]</testName>
          <skipped>false</skipped>
          <failedSince>0</failedSince>
        </case>
        <case>
          <duration>0.0</duration>
          <className>hudson.scheduler.CronTabDayOfWeekLocaleTest</className>
          <testName>isSundayAndNextRunIsSaturday[27]</testName>
          <skipped>false</skipped>
          <failedSince>0</failedSince>
        </case>
        <case>
          <duration>0.0</duration>
          <className>hudson.scheduler.CronTabDayOfWeekLocaleTest</className>
          <testName>isSundayAndPreviousRunIsSaturday[27]</testName>
          <skipped>false</skipped>
          <failedSince>0</failedSince>
        </case>
        <case>
          <duration>0.0</duration>
          <className>hudson.scheduler.CronTabDayOfWeekLocaleTest</className>
          <testName>isSundayAndNextRunIsNextSunday[27]</testName>
          <skipped>false</skipped>
          <failedSince>0</failedSince>
        </case>
        <case>
          <duration>0.001</duration>
          <className>hudson.scheduler.CronTabDayOfWeekLocaleTest</className>
          <testName>isSundayAndPreviousRunIsPreviousSunday[27]</testName>
          <skipped>false</skipped>
          <failedSince>0</failedSince>
        </case>
        <case>
          <duration>0.0</duration>
          <className>hudson.scheduler.CronTabDayOfWeekLocaleTest</className>
          <testName>isSundayAndNextRunIsNextSunday7[27]</testName>
          <skipped>false</skipped>
          <failedSince>0</failedSince>
        </case>
        <case>
          <duration>0.001</duration>
          <className>hudson.scheduler.CronTabDayOfWeekLocaleTest</className>
          <testName>isSundayAndPreviousRunIsPreviousSunday7[27]</testName>
          <skipped>false</skipped>
          <failedSince>0</failedSince>
        </case>
        <case>
          <duration>0.0</duration>
          <className>hudson.scheduler.CronTabDayOfWeekLocaleTest</className>
          <testName>isSaturdayAndNextRunIsSundayAsterisk[27]</testName>
          <skipped>false</skipped>
          <failedSince>0</failedSince>
        </case>
        <case>
          <duration>0.001</duration>
          <className>hudson.scheduler.CronTabDayOfWeekLocaleTest</className>
          <testName>isSundayAndPreviousRunIsSaturdayAsterisk[27]</testName>
          <skipped>false</skipped>
          <failedSince>0</failedSince>
        </case>
        <case>
          <duration>0.0</duration>
          <className>hudson.scheduler.CronTabDayOfWeekLocaleTest</className>
          <testName>hudson8658[28]</testName>
          <skipped>false</skipped>
          <failedSince>0</failedSince>
        </case>
        <case>
          <duration>0.001</duration>
          <className>hudson.scheduler.CronTabDayOfWeekLocaleTest</className>
          <testName>isSundayAndNextRunIsMonday[28]</testName>
          <skipped>false</skipped>
          <failedSince>0</failedSince>
        </case>
        <case>
          <duration>0.0</duration>
          <className>hudson.scheduler.CronTabDayOfWeekLocaleTest</className>
          <testName>isSundayAndPreviousRunIsMonday[28]</testName>
          <skipped>false</skipped>
          <failedSince>0</failedSince>
        </case>
        <case>
          <duration>0.0</duration>
          <className>hudson.scheduler.CronTabDayOfWeekLocaleTest</className>
          <testName>isSundayAndNextRunIsTuesday[28]</testName>
          <skipped>false</skipped>
          <failedSince>0</failedSince>
        </case>
        <case>
          <duration>0.001</duration>
          <className>hudson.scheduler.CronTabDayOfWeekLocaleTest</className>
          <testName>isSundayAndPreviousRunIsTuesday[28]</testName>
          <skipped>false</skipped>
          <failedSince>0</failedSince>
        </case>
        <case>
          <duration>0.0</duration>
          <className>hudson.scheduler.CronTabDayOfWeekLocaleTest</className>
          <testName>isSundayAndNextRunIsWednesday[28]</testName>
          <skipped>false</skipped>
          <failedSince>0</failedSince>
        </case>
        <case>
          <duration>0.001</duration>
          <className>hudson.scheduler.CronTabDayOfWeekLocaleTest</className>
          <testName>isSundayAndPreviousRunIsWednesday[28]</testName>
          <skipped>false</skipped>
          <failedSince>0</failedSince>
        </case>
        <case>
          <duration>0.0</duration>
          <className>hudson.scheduler.CronTabDayOfWeekLocaleTest</className>
          <testName>isSundayAndNextRunIsThursday[28]</testName>
          <skipped>false</skipped>
          <failedSince>0</failedSince>
        </case>
        <case>
          <duration>0.001</duration>
          <className>hudson.scheduler.CronTabDayOfWeekLocaleTest</className>
          <testName>isSundayAndPreviousRunIsThursday[28]</testName>
          <skipped>false</skipped>
          <failedSince>0</failedSince>
        </case>
        <case>
          <duration>0.0</duration>
          <className>hudson.scheduler.CronTabDayOfWeekLocaleTest</className>
          <testName>isSundayAndNextRunIsFriday[28]</testName>
          <skipped>false</skipped>
          <failedSince>0</failedSince>
        </case>
        <case>
          <duration>0.001</duration>
          <className>hudson.scheduler.CronTabDayOfWeekLocaleTest</className>
          <testName>isSundayAndPreviousRunIsFriday[28]</testName>
          <skipped>false</skipped>
          <failedSince>0</failedSince>
        </case>
        <case>
          <duration>0.0</duration>
          <className>hudson.scheduler.CronTabDayOfWeekLocaleTest</className>
          <testName>isSundayAndNextRunIsSaturday[28]</testName>
          <skipped>false</skipped>
          <failedSince>0</failedSince>
        </case>
        <case>
          <duration>0.001</duration>
          <className>hudson.scheduler.CronTabDayOfWeekLocaleTest</className>
          <testName>isSundayAndPreviousRunIsSaturday[28]</testName>
          <skipped>false</skipped>
          <failedSince>0</failedSince>
        </case>
        <case>
          <duration>0.0</duration>
          <className>hudson.scheduler.CronTabDayOfWeekLocaleTest</className>
          <testName>isSundayAndNextRunIsNextSunday[28]</testName>
          <skipped>false</skipped>
          <failedSince>0</failedSince>
        </case>
        <case>
          <duration>0.001</duration>
          <className>hudson.scheduler.CronTabDayOfWeekLocaleTest</className>
          <testName>isSundayAndPreviousRunIsPreviousSunday[28]</testName>
          <skipped>false</skipped>
          <failedSince>0</failedSince>
        </case>
        <case>
          <duration>0.0</duration>
          <className>hudson.scheduler.CronTabDayOfWeekLocaleTest</className>
          <testName>isSundayAndNextRunIsNextSunday7[28]</testName>
          <skipped>false</skipped>
          <failedSince>0</failedSince>
        </case>
        <case>
          <duration>0.001</duration>
          <className>hudson.scheduler.CronTabDayOfWeekLocaleTest</className>
          <testName>isSundayAndPreviousRunIsPreviousSunday7[28]</testName>
          <skipped>false</skipped>
          <failedSince>0</failedSince>
        </case>
        <case>
          <duration>0.0</duration>
          <className>hudson.scheduler.CronTabDayOfWeekLocaleTest</className>
          <testName>isSaturdayAndNextRunIsSundayAsterisk[28]</testName>
          <skipped>false</skipped>
          <failedSince>0</failedSince>
        </case>
        <case>
          <duration>0.001</duration>
          <className>hudson.scheduler.CronTabDayOfWeekLocaleTest</className>
          <testName>isSundayAndPreviousRunIsSaturdayAsterisk[28]</testName>
          <skipped>false</skipped>
          <failedSince>0</failedSince>
        </case>
        <case>
          <duration>0.0</duration>
          <className>hudson.scheduler.CronTabDayOfWeekLocaleTest</className>
          <testName>hudson8658[29]</testName>
          <skipped>false</skipped>
          <failedSince>0</failedSince>
        </case>
        <case>
          <duration>0.001</duration>
          <className>hudson.scheduler.CronTabDayOfWeekLocaleTest</className>
          <testName>isSundayAndNextRunIsMonday[29]</testName>
          <skipped>false</skipped>
          <failedSince>0</failedSince>
        </case>
        <case>
          <duration>0.0</duration>
          <className>hudson.scheduler.CronTabDayOfWeekLocaleTest</className>
          <testName>isSundayAndPreviousRunIsMonday[29]</testName>
          <skipped>false</skipped>
          <failedSince>0</failedSince>
        </case>
        <case>
          <duration>0.001</duration>
          <className>hudson.scheduler.CronTabDayOfWeekLocaleTest</className>
          <testName>isSundayAndNextRunIsTuesday[29]</testName>
          <skipped>false</skipped>
          <failedSince>0</failedSince>
        </case>
        <case>
          <duration>0.0</duration>
          <className>hudson.scheduler.CronTabDayOfWeekLocaleTest</className>
          <testName>isSundayAndPreviousRunIsTuesday[29]</testName>
          <skipped>false</skipped>
          <failedSince>0</failedSince>
        </case>
        <case>
          <duration>0.001</duration>
          <className>hudson.scheduler.CronTabDayOfWeekLocaleTest</className>
          <testName>isSundayAndNextRunIsWednesday[29]</testName>
          <skipped>false</skipped>
          <failedSince>0</failedSince>
        </case>
        <case>
          <duration>0.0</duration>
          <className>hudson.scheduler.CronTabDayOfWeekLocaleTest</className>
          <testName>isSundayAndPreviousRunIsWednesday[29]</testName>
          <skipped>false</skipped>
          <failedSince>0</failedSince>
        </case>
        <case>
          <duration>0.001</duration>
          <className>hudson.scheduler.CronTabDayOfWeekLocaleTest</className>
          <testName>isSundayAndNextRunIsThursday[29]</testName>
          <skipped>false</skipped>
          <failedSince>0</failedSince>
        </case>
        <case>
          <duration>0.0</duration>
          <className>hudson.scheduler.CronTabDayOfWeekLocaleTest</className>
          <testName>isSundayAndPreviousRunIsThursday[29]</testName>
          <skipped>false</skipped>
          <failedSince>0</failedSince>
        </case>
        <case>
          <duration>0.001</duration>
          <className>hudson.scheduler.CronTabDayOfWeekLocaleTest</className>
          <testName>isSundayAndNextRunIsFriday[29]</testName>
          <skipped>false</skipped>
          <failedSince>0</failedSince>
        </case>
        <case>
          <duration>0.0</duration>
          <className>hudson.scheduler.CronTabDayOfWeekLocaleTest</className>
          <testName>isSundayAndPreviousRunIsFriday[29]</testName>
          <skipped>false</skipped>
          <failedSince>0</failedSince>
        </case>
        <case>
          <duration>0.001</duration>
          <className>hudson.scheduler.CronTabDayOfWeekLocaleTest</className>
          <testName>isSundayAndNextRunIsSaturday[29]</testName>
          <skipped>false</skipped>
          <failedSince>0</failedSince>
        </case>
        <case>
          <duration>0.0</duration>
          <className>hudson.scheduler.CronTabDayOfWeekLocaleTest</className>
          <testName>isSundayAndPreviousRunIsSaturday[29]</testName>
          <skipped>false</skipped>
          <failedSince>0</failedSince>
        </case>
        <case>
          <duration>0.001</duration>
          <className>hudson.scheduler.CronTabDayOfWeekLocaleTest</className>
          <testName>isSundayAndNextRunIsNextSunday[29]</testName>
          <skipped>false</skipped>
          <failedSince>0</failedSince>
        </case>
        <case>
          <duration>0.0</duration>
          <className>hudson.scheduler.CronTabDayOfWeekLocaleTest</className>
          <testName>isSundayAndPreviousRunIsPreviousSunday[29]</testName>
          <skipped>false</skipped>
          <failedSince>0</failedSince>
        </case>
        <case>
          <duration>0.001</duration>
          <className>hudson.scheduler.CronTabDayOfWeekLocaleTest</className>
          <testName>isSundayAndNextRunIsNextSunday7[29]</testName>
          <skipped>false</skipped>
          <failedSince>0</failedSince>
        </case>
        <case>
          <duration>0.0</duration>
          <className>hudson.scheduler.CronTabDayOfWeekLocaleTest</className>
          <testName>isSundayAndPreviousRunIsPreviousSunday7[29]</testName>
          <skipped>false</skipped>
          <failedSince>0</failedSince>
        </case>
        <case>
          <duration>0.001</duration>
          <className>hudson.scheduler.CronTabDayOfWeekLocaleTest</className>
          <testName>isSaturdayAndNextRunIsSundayAsterisk[29]</testName>
          <skipped>false</skipped>
          <failedSince>0</failedSince>
        </case>
        <case>
          <duration>0.0</duration>
          <className>hudson.scheduler.CronTabDayOfWeekLocaleTest</className>
          <testName>isSundayAndPreviousRunIsSaturdayAsterisk[29]</testName>
          <skipped>false</skipped>
          <failedSince>0</failedSince>
        </case>
        <case>
          <duration>0.0</duration>
          <className>hudson.scheduler.CronTabDayOfWeekLocaleTest</className>
          <testName>hudson8658[30]</testName>
          <skipped>false</skipped>
          <failedSince>0</failedSince>
        </case>
        <case>
          <duration>0.0</duration>
          <className>hudson.scheduler.CronTabDayOfWeekLocaleTest</className>
          <testName>isSundayAndNextRunIsMonday[30]</testName>
          <skipped>false</skipped>
          <failedSince>0</failedSince>
        </case>
        <case>
          <duration>0.001</duration>
          <className>hudson.scheduler.CronTabDayOfWeekLocaleTest</className>
          <testName>isSundayAndPreviousRunIsMonday[30]</testName>
          <skipped>false</skipped>
          <failedSince>0</failedSince>
        </case>
        <case>
          <duration>0.0</duration>
          <className>hudson.scheduler.CronTabDayOfWeekLocaleTest</className>
          <testName>isSundayAndNextRunIsTuesday[30]</testName>
          <skipped>false</skipped>
          <failedSince>0</failedSince>
        </case>
        <case>
          <duration>0.001</duration>
          <className>hudson.scheduler.CronTabDayOfWeekLocaleTest</className>
          <testName>isSundayAndPreviousRunIsTuesday[30]</testName>
          <skipped>false</skipped>
          <failedSince>0</failedSince>
        </case>
        <case>
          <duration>0.0</duration>
          <className>hudson.scheduler.CronTabDayOfWeekLocaleTest</className>
          <testName>isSundayAndNextRunIsWednesday[30]</testName>
          <skipped>false</skipped>
          <failedSince>0</failedSince>
        </case>
        <case>
          <duration>0.001</duration>
          <className>hudson.scheduler.CronTabDayOfWeekLocaleTest</className>
          <testName>isSundayAndPreviousRunIsWednesday[30]</testName>
          <skipped>false</skipped>
          <failedSince>0</failedSince>
        </case>
        <case>
          <duration>0.0</duration>
          <className>hudson.scheduler.CronTabDayOfWeekLocaleTest</className>
          <testName>isSundayAndNextRunIsThursday[30]</testName>
          <skipped>false</skipped>
          <failedSince>0</failedSince>
        </case>
        <case>
          <duration>0.001</duration>
          <className>hudson.scheduler.CronTabDayOfWeekLocaleTest</className>
          <testName>isSundayAndPreviousRunIsThursday[30]</testName>
          <skipped>false</skipped>
          <failedSince>0</failedSince>
        </case>
        <case>
          <duration>0.0</duration>
          <className>hudson.scheduler.CronTabDayOfWeekLocaleTest</className>
          <testName>isSundayAndNextRunIsFriday[30]</testName>
          <skipped>false</skipped>
          <failedSince>0</failedSince>
        </case>
        <case>
          <duration>0.001</duration>
          <className>hudson.scheduler.CronTabDayOfWeekLocaleTest</className>
          <testName>isSundayAndPreviousRunIsFriday[30]</testName>
          <skipped>false</skipped>
          <failedSince>0</failedSince>
        </case>
        <case>
          <duration>0.0</duration>
          <className>hudson.scheduler.CronTabDayOfWeekLocaleTest</className>
          <testName>isSundayAndNextRunIsSaturday[30]</testName>
          <skipped>false</skipped>
          <failedSince>0</failedSince>
        </case>
        <case>
          <duration>0.001</duration>
          <className>hudson.scheduler.CronTabDayOfWeekLocaleTest</className>
          <testName>isSundayAndPreviousRunIsSaturday[30]</testName>
          <skipped>false</skipped>
          <failedSince>0</failedSince>
        </case>
        <case>
          <duration>0.0</duration>
          <className>hudson.scheduler.CronTabDayOfWeekLocaleTest</className>
          <testName>isSundayAndNextRunIsNextSunday[30]</testName>
          <skipped>false</skipped>
          <failedSince>0</failedSince>
        </case>
        <case>
          <duration>0.001</duration>
          <className>hudson.scheduler.CronTabDayOfWeekLocaleTest</className>
          <testName>isSundayAndPreviousRunIsPreviousSunday[30]</testName>
          <skipped>false</skipped>
          <failedSince>0</failedSince>
        </case>
        <case>
          <duration>0.0</duration>
          <className>hudson.scheduler.CronTabDayOfWeekLocaleTest</className>
          <testName>isSundayAndNextRunIsNextSunday7[30]</testName>
          <skipped>false</skipped>
          <failedSince>0</failedSince>
        </case>
        <case>
          <duration>0.001</duration>
          <className>hudson.scheduler.CronTabDayOfWeekLocaleTest</className>
          <testName>isSundayAndPreviousRunIsPreviousSunday7[30]</testName>
          <skipped>false</skipped>
          <failedSince>0</failedSince>
        </case>
        <case>
          <duration>0.0</duration>
          <className>hudson.scheduler.CronTabDayOfWeekLocaleTest</className>
          <testName>isSaturdayAndNextRunIsSundayAsterisk[30]</testName>
          <skipped>false</skipped>
          <failedSince>0</failedSince>
        </case>
        <case>
          <duration>0.001</duration>
          <className>hudson.scheduler.CronTabDayOfWeekLocaleTest</className>
          <testName>isSundayAndPreviousRunIsSaturdayAsterisk[30]</testName>
          <skipped>false</skipped>
          <failedSince>0</failedSince>
        </case>
        <case>
          <duration>0.0</duration>
          <className>hudson.scheduler.CronTabDayOfWeekLocaleTest</className>
          <testName>hudson8658[31]</testName>
          <skipped>false</skipped>
          <failedSince>0</failedSince>
        </case>
        <case>
          <duration>0.001</duration>
          <className>hudson.scheduler.CronTabDayOfWeekLocaleTest</className>
          <testName>isSundayAndNextRunIsMonday[31]</testName>
          <skipped>false</skipped>
          <failedSince>0</failedSince>
        </case>
        <case>
          <duration>0.0</duration>
          <className>hudson.scheduler.CronTabDayOfWeekLocaleTest</className>
          <testName>isSundayAndPreviousRunIsMonday[31]</testName>
          <skipped>false</skipped>
          <failedSince>0</failedSince>
        </case>
        <case>
          <duration>0.001</duration>
          <className>hudson.scheduler.CronTabDayOfWeekLocaleTest</className>
          <testName>isSundayAndNextRunIsTuesday[31]</testName>
          <skipped>false</skipped>
          <failedSince>0</failedSince>
        </case>
        <case>
          <duration>0.0</duration>
          <className>hudson.scheduler.CronTabDayOfWeekLocaleTest</className>
          <testName>isSundayAndPreviousRunIsTuesday[31]</testName>
          <skipped>false</skipped>
          <failedSince>0</failedSince>
        </case>
        <case>
          <duration>0.001</duration>
          <className>hudson.scheduler.CronTabDayOfWeekLocaleTest</className>
          <testName>isSundayAndNextRunIsWednesday[31]</testName>
          <skipped>false</skipped>
          <failedSince>0</failedSince>
        </case>
        <case>
          <duration>0.0</duration>
          <className>hudson.scheduler.CronTabDayOfWeekLocaleTest</className>
          <testName>isSundayAndPreviousRunIsWednesday[31]</testName>
          <skipped>false</skipped>
          <failedSince>0</failedSince>
        </case>
        <case>
          <duration>0.001</duration>
          <className>hudson.scheduler.CronTabDayOfWeekLocaleTest</className>
          <testName>isSundayAndNextRunIsThursday[31]</testName>
          <skipped>false</skipped>
          <failedSince>0</failedSince>
        </case>
        <case>
          <duration>0.0</duration>
          <className>hudson.scheduler.CronTabDayOfWeekLocaleTest</className>
          <testName>isSundayAndPreviousRunIsThursday[31]</testName>
          <skipped>false</skipped>
          <failedSince>0</failedSince>
        </case>
        <case>
          <duration>0.001</duration>
          <className>hudson.scheduler.CronTabDayOfWeekLocaleTest</className>
          <testName>isSundayAndNextRunIsFriday[31]</testName>
          <skipped>false</skipped>
          <failedSince>0</failedSince>
        </case>
        <case>
          <duration>0.0</duration>
          <className>hudson.scheduler.CronTabDayOfWeekLocaleTest</className>
          <testName>isSundayAndPreviousRunIsFriday[31]</testName>
          <skipped>false</skipped>
          <failedSince>0</failedSince>
        </case>
        <case>
          <duration>0.001</duration>
          <className>hudson.scheduler.CronTabDayOfWeekLocaleTest</className>
          <testName>isSundayAndNextRunIsSaturday[31]</testName>
          <skipped>false</skipped>
          <failedSince>0</failedSince>
        </case>
        <case>
          <duration>0.0</duration>
          <className>hudson.scheduler.CronTabDayOfWeekLocaleTest</className>
          <testName>isSundayAndPreviousRunIsSaturday[31]</testName>
          <skipped>false</skipped>
          <failedSince>0</failedSince>
        </case>
        <case>
          <duration>0.001</duration>
          <className>hudson.scheduler.CronTabDayOfWeekLocaleTest</className>
          <testName>isSundayAndNextRunIsNextSunday[31]</testName>
          <skipped>false</skipped>
          <failedSince>0</failedSince>
        </case>
        <case>
          <duration>0.0</duration>
          <className>hudson.scheduler.CronTabDayOfWeekLocaleTest</className>
          <testName>isSundayAndPreviousRunIsPreviousSunday[31]</testName>
          <skipped>false</skipped>
          <failedSince>0</failedSince>
        </case>
        <case>
          <duration>0.001</duration>
          <className>hudson.scheduler.CronTabDayOfWeekLocaleTest</className>
          <testName>isSundayAndNextRunIsNextSunday7[31]</testName>
          <skipped>false</skipped>
          <failedSince>0</failedSince>
        </case>
        <case>
          <duration>0.0</duration>
          <className>hudson.scheduler.CronTabDayOfWeekLocaleTest</className>
          <testName>isSundayAndPreviousRunIsPreviousSunday7[31]</testName>
          <skipped>false</skipped>
          <failedSince>0</failedSince>
        </case>
        <case>
          <duration>0.001</duration>
          <className>hudson.scheduler.CronTabDayOfWeekLocaleTest</className>
          <testName>isSaturdayAndNextRunIsSundayAsterisk[31]</testName>
          <skipped>false</skipped>
          <failedSince>0</failedSince>
        </case>
        <case>
          <duration>0.0</duration>
          <className>hudson.scheduler.CronTabDayOfWeekLocaleTest</className>
          <testName>isSundayAndPreviousRunIsSaturdayAsterisk[31]</testName>
          <skipped>false</skipped>
          <failedSince>0</failedSince>
        </case>
        <case>
          <duration>0.0</duration>
          <className>hudson.scheduler.CronTabDayOfWeekLocaleTest</className>
          <testName>hudson8658[32]</testName>
          <skipped>false</skipped>
          <failedSince>0</failedSince>
        </case>
        <case>
          <duration>0.0</duration>
          <className>hudson.scheduler.CronTabDayOfWeekLocaleTest</className>
          <testName>isSundayAndNextRunIsMonday[32]</testName>
          <skipped>false</skipped>
          <failedSince>0</failedSince>
        </case>
        <case>
          <duration>0.001</duration>
          <className>hudson.scheduler.CronTabDayOfWeekLocaleTest</className>
          <testName>isSundayAndPreviousRunIsMonday[32]</testName>
          <skipped>false</skipped>
          <failedSince>0</failedSince>
        </case>
        <case>
          <duration>0.0</duration>
          <className>hudson.scheduler.CronTabDayOfWeekLocaleTest</className>
          <testName>isSundayAndNextRunIsTuesday[32]</testName>
          <skipped>false</skipped>
          <failedSince>0</failedSince>
        </case>
        <case>
          <duration>0.001</duration>
          <className>hudson.scheduler.CronTabDayOfWeekLocaleTest</className>
          <testName>isSundayAndPreviousRunIsTuesday[32]</testName>
          <skipped>false</skipped>
          <failedSince>0</failedSince>
        </case>
        <case>
          <duration>0.0</duration>
          <className>hudson.scheduler.CronTabDayOfWeekLocaleTest</className>
          <testName>isSundayAndNextRunIsWednesday[32]</testName>
          <skipped>false</skipped>
          <failedSince>0</failedSince>
        </case>
        <case>
          <duration>0.001</duration>
          <className>hudson.scheduler.CronTabDayOfWeekLocaleTest</className>
          <testName>isSundayAndPreviousRunIsWednesday[32]</testName>
          <skipped>false</skipped>
          <failedSince>0</failedSince>
        </case>
        <case>
          <duration>0.0</duration>
          <className>hudson.scheduler.CronTabDayOfWeekLocaleTest</className>
          <testName>isSundayAndNextRunIsThursday[32]</testName>
          <skipped>false</skipped>
          <failedSince>0</failedSince>
        </case>
        <case>
          <duration>0.001</duration>
          <className>hudson.scheduler.CronTabDayOfWeekLocaleTest</className>
          <testName>isSundayAndPreviousRunIsThursday[32]</testName>
          <skipped>false</skipped>
          <failedSince>0</failedSince>
        </case>
        <case>
          <duration>0.0</duration>
          <className>hudson.scheduler.CronTabDayOfWeekLocaleTest</className>
          <testName>isSundayAndNextRunIsFriday[32]</testName>
          <skipped>false</skipped>
          <failedSince>0</failedSince>
        </case>
        <case>
          <duration>0.001</duration>
          <className>hudson.scheduler.CronTabDayOfWeekLocaleTest</className>
          <testName>isSundayAndPreviousRunIsFriday[32]</testName>
          <skipped>false</skipped>
          <failedSince>0</failedSince>
        </case>
        <case>
          <duration>0.0</duration>
          <className>hudson.scheduler.CronTabDayOfWeekLocaleTest</className>
          <testName>isSundayAndNextRunIsSaturday[32]</testName>
          <skipped>false</skipped>
          <failedSince>0</failedSince>
        </case>
        <case>
          <duration>0.001</duration>
          <className>hudson.scheduler.CronTabDayOfWeekLocaleTest</className>
          <testName>isSundayAndPreviousRunIsSaturday[32]</testName>
          <skipped>false</skipped>
          <failedSince>0</failedSince>
        </case>
        <case>
          <duration>0.0</duration>
          <className>hudson.scheduler.CronTabDayOfWeekLocaleTest</className>
          <testName>isSundayAndNextRunIsNextSunday[32]</testName>
          <skipped>false</skipped>
          <failedSince>0</failedSince>
        </case>
        <case>
          <duration>0.001</duration>
          <className>hudson.scheduler.CronTabDayOfWeekLocaleTest</className>
          <testName>isSundayAndPreviousRunIsPreviousSunday[32]</testName>
          <skipped>false</skipped>
          <failedSince>0</failedSince>
        </case>
        <case>
          <duration>0.0</duration>
          <className>hudson.scheduler.CronTabDayOfWeekLocaleTest</className>
          <testName>isSundayAndNextRunIsNextSunday7[32]</testName>
          <skipped>false</skipped>
          <failedSince>0</failedSince>
        </case>
        <case>
          <duration>0.001</duration>
          <className>hudson.scheduler.CronTabDayOfWeekLocaleTest</className>
          <testName>isSundayAndPreviousRunIsPreviousSunday7[32]</testName>
          <skipped>false</skipped>
          <failedSince>0</failedSince>
        </case>
        <case>
          <duration>0.0</duration>
          <className>hudson.scheduler.CronTabDayOfWeekLocaleTest</className>
          <testName>isSaturdayAndNextRunIsSundayAsterisk[32]</testName>
          <skipped>false</skipped>
          <failedSince>0</failedSince>
        </case>
        <case>
          <duration>0.001</duration>
          <className>hudson.scheduler.CronTabDayOfWeekLocaleTest</className>
          <testName>isSundayAndPreviousRunIsSaturdayAsterisk[32]</testName>
          <skipped>false</skipped>
          <failedSince>0</failedSince>
        </case>
        <case>
          <duration>0.001</duration>
          <className>hudson.scheduler.CronTabDayOfWeekLocaleTest</className>
          <testName>hudson8658[33]</testName>
          <skipped>false</skipped>
          <failedSince>0</failedSince>
        </case>
        <case>
          <duration>0.0</duration>
          <className>hudson.scheduler.CronTabDayOfWeekLocaleTest</className>
          <testName>isSundayAndNextRunIsMonday[33]</testName>
          <skipped>false</skipped>
          <failedSince>0</failedSince>
        </case>
        <case>
          <duration>0.001</duration>
          <className>hudson.scheduler.CronTabDayOfWeekLocaleTest</className>
          <testName>isSundayAndPreviousRunIsMonday[33]</testName>
          <skipped>false</skipped>
          <failedSince>0</failedSince>
        </case>
        <case>
          <duration>0.0</duration>
          <className>hudson.scheduler.CronTabDayOfWeekLocaleTest</className>
          <testName>isSundayAndNextRunIsTuesday[33]</testName>
          <skipped>false</skipped>
          <failedSince>0</failedSince>
        </case>
        <case>
          <duration>0.001</duration>
          <className>hudson.scheduler.CronTabDayOfWeekLocaleTest</className>
          <testName>isSundayAndPreviousRunIsTuesday[33]</testName>
          <skipped>false</skipped>
          <failedSince>0</failedSince>
        </case>
        <case>
          <duration>0.0</duration>
          <className>hudson.scheduler.CronTabDayOfWeekLocaleTest</className>
          <testName>isSundayAndNextRunIsWednesday[33]</testName>
          <skipped>false</skipped>
          <failedSince>0</failedSince>
        </case>
        <case>
          <duration>0.001</duration>
          <className>hudson.scheduler.CronTabDayOfWeekLocaleTest</className>
          <testName>isSundayAndPreviousRunIsWednesday[33]</testName>
          <skipped>false</skipped>
          <failedSince>0</failedSince>
        </case>
        <case>
          <duration>0.0</duration>
          <className>hudson.scheduler.CronTabDayOfWeekLocaleTest</className>
          <testName>isSundayAndNextRunIsThursday[33]</testName>
          <skipped>false</skipped>
          <failedSince>0</failedSince>
        </case>
        <case>
          <duration>0.001</duration>
          <className>hudson.scheduler.CronTabDayOfWeekLocaleTest</className>
          <testName>isSundayAndPreviousRunIsThursday[33]</testName>
          <skipped>false</skipped>
          <failedSince>0</failedSince>
        </case>
        <case>
          <duration>0.0</duration>
          <className>hudson.scheduler.CronTabDayOfWeekLocaleTest</className>
          <testName>isSundayAndNextRunIsFriday[33]</testName>
          <skipped>false</skipped>
          <failedSince>0</failedSince>
        </case>
        <case>
          <duration>0.001</duration>
          <className>hudson.scheduler.CronTabDayOfWeekLocaleTest</className>
          <testName>isSundayAndPreviousRunIsFriday[33]</testName>
          <skipped>false</skipped>
          <failedSince>0</failedSince>
        </case>
        <case>
          <duration>0.0</duration>
          <className>hudson.scheduler.CronTabDayOfWeekLocaleTest</className>
          <testName>isSundayAndNextRunIsSaturday[33]</testName>
          <skipped>false</skipped>
          <failedSince>0</failedSince>
        </case>
        <case>
          <duration>0.0</duration>
          <className>hudson.scheduler.CronTabDayOfWeekLocaleTest</className>
          <testName>isSundayAndPreviousRunIsSaturday[33]</testName>
          <skipped>false</skipped>
          <failedSince>0</failedSince>
        </case>
        <case>
          <duration>0.001</duration>
          <className>hudson.scheduler.CronTabDayOfWeekLocaleTest</className>
          <testName>isSundayAndNextRunIsNextSunday[33]</testName>
          <skipped>false</skipped>
          <failedSince>0</failedSince>
        </case>
        <case>
          <duration>0.0</duration>
          <className>hudson.scheduler.CronTabDayOfWeekLocaleTest</className>
          <testName>isSundayAndPreviousRunIsPreviousSunday[33]</testName>
          <skipped>false</skipped>
          <failedSince>0</failedSince>
        </case>
        <case>
          <duration>0.001</duration>
          <className>hudson.scheduler.CronTabDayOfWeekLocaleTest</className>
          <testName>isSundayAndNextRunIsNextSunday7[33]</testName>
          <skipped>false</skipped>
          <failedSince>0</failedSince>
        </case>
        <case>
          <duration>0.0</duration>
          <className>hudson.scheduler.CronTabDayOfWeekLocaleTest</className>
          <testName>isSundayAndPreviousRunIsPreviousSunday7[33]</testName>
          <skipped>false</skipped>
          <failedSince>0</failedSince>
        </case>
        <case>
          <duration>0.0</duration>
          <className>hudson.scheduler.CronTabDayOfWeekLocaleTest</className>
          <testName>isSaturdayAndNextRunIsSundayAsterisk[33]</testName>
          <skipped>false</skipped>
          <failedSince>0</failedSince>
        </case>
        <case>
          <duration>0.001</duration>
          <className>hudson.scheduler.CronTabDayOfWeekLocaleTest</className>
          <testName>isSundayAndPreviousRunIsSaturdayAsterisk[33]</testName>
          <skipped>false</skipped>
          <failedSince>0</failedSince>
        </case>
        <case>
          <duration>0.001</duration>
          <className>hudson.scheduler.CronTabDayOfWeekLocaleTest</className>
          <testName>hudson8658[34]</testName>
          <skipped>false</skipped>
          <failedSince>0</failedSince>
        </case>
        <case>
          <duration>0.0</duration>
          <className>hudson.scheduler.CronTabDayOfWeekLocaleTest</className>
          <testName>isSundayAndNextRunIsMonday[34]</testName>
          <skipped>false</skipped>
          <failedSince>0</failedSince>
        </case>
        <case>
          <duration>0.0</duration>
          <className>hudson.scheduler.CronTabDayOfWeekLocaleTest</className>
          <testName>isSundayAndPreviousRunIsMonday[34]</testName>
          <skipped>false</skipped>
          <failedSince>0</failedSince>
        </case>
        <case>
          <duration>0.001</duration>
          <className>hudson.scheduler.CronTabDayOfWeekLocaleTest</className>
          <testName>isSundayAndNextRunIsTuesday[34]</testName>
          <skipped>false</skipped>
          <failedSince>0</failedSince>
        </case>
        <case>
          <duration>0.0</duration>
          <className>hudson.scheduler.CronTabDayOfWeekLocaleTest</className>
          <testName>isSundayAndPreviousRunIsTuesday[34]</testName>
          <skipped>false</skipped>
          <failedSince>0</failedSince>
        </case>
        <case>
          <duration>0.0</duration>
          <className>hudson.scheduler.CronTabDayOfWeekLocaleTest</className>
          <testName>isSundayAndNextRunIsWednesday[34]</testName>
          <skipped>false</skipped>
          <failedSince>0</failedSince>
        </case>
        <case>
          <duration>0.0</duration>
          <className>hudson.scheduler.CronTabDayOfWeekLocaleTest</className>
          <testName>isSundayAndPreviousRunIsWednesday[34]</testName>
          <skipped>false</skipped>
          <failedSince>0</failedSince>
        </case>
        <case>
          <duration>0.0</duration>
          <className>hudson.scheduler.CronTabDayOfWeekLocaleTest</className>
          <testName>isSundayAndNextRunIsThursday[34]</testName>
          <skipped>false</skipped>
          <failedSince>0</failedSince>
        </case>
        <case>
          <duration>0.001</duration>
          <className>hudson.scheduler.CronTabDayOfWeekLocaleTest</className>
          <testName>isSundayAndPreviousRunIsThursday[34]</testName>
          <skipped>false</skipped>
          <failedSince>0</failedSince>
        </case>
        <case>
          <duration>0.0</duration>
          <className>hudson.scheduler.CronTabDayOfWeekLocaleTest</className>
          <testName>isSundayAndNextRunIsFriday[34]</testName>
          <skipped>false</skipped>
          <failedSince>0</failedSince>
        </case>
        <case>
          <duration>0.0</duration>
          <className>hudson.scheduler.CronTabDayOfWeekLocaleTest</className>
          <testName>isSundayAndPreviousRunIsFriday[34]</testName>
          <skipped>false</skipped>
          <failedSince>0</failedSince>
        </case>
        <case>
          <duration>0.0</duration>
          <className>hudson.scheduler.CronTabDayOfWeekLocaleTest</className>
          <testName>isSundayAndNextRunIsSaturday[34]</testName>
          <skipped>false</skipped>
          <failedSince>0</failedSince>
        </case>
        <case>
          <duration>0.0</duration>
          <className>hudson.scheduler.CronTabDayOfWeekLocaleTest</className>
          <testName>isSundayAndPreviousRunIsSaturday[34]</testName>
          <skipped>false</skipped>
          <failedSince>0</failedSince>
        </case>
        <case>
          <duration>0.001</duration>
          <className>hudson.scheduler.CronTabDayOfWeekLocaleTest</className>
          <testName>isSundayAndNextRunIsNextSunday[34]</testName>
          <skipped>false</skipped>
          <failedSince>0</failedSince>
        </case>
        <case>
          <duration>0.0</duration>
          <className>hudson.scheduler.CronTabDayOfWeekLocaleTest</className>
          <testName>isSundayAndPreviousRunIsPreviousSunday[34]</testName>
          <skipped>false</skipped>
          <failedSince>0</failedSince>
        </case>
        <case>
          <duration>0.0</duration>
          <className>hudson.scheduler.CronTabDayOfWeekLocaleTest</className>
          <testName>isSundayAndNextRunIsNextSunday7[34]</testName>
          <skipped>false</skipped>
          <failedSince>0</failedSince>
        </case>
        <case>
          <duration>0.0</duration>
          <className>hudson.scheduler.CronTabDayOfWeekLocaleTest</className>
          <testName>isSundayAndPreviousRunIsPreviousSunday7[34]</testName>
          <skipped>false</skipped>
          <failedSince>0</failedSince>
        </case>
        <case>
          <duration>0.0</duration>
          <className>hudson.scheduler.CronTabDayOfWeekLocaleTest</className>
          <testName>isSaturdayAndNextRunIsSundayAsterisk[34]</testName>
          <skipped>false</skipped>
          <failedSince>0</failedSince>
        </case>
        <case>
          <duration>0.001</duration>
          <className>hudson.scheduler.CronTabDayOfWeekLocaleTest</className>
          <testName>isSundayAndPreviousRunIsSaturdayAsterisk[34]</testName>
          <skipped>false</skipped>
          <failedSince>0</failedSince>
        </case>
        <case>
          <duration>0.0</duration>
          <className>hudson.scheduler.CronTabDayOfWeekLocaleTest</className>
          <testName>hudson8658[35]</testName>
          <skipped>false</skipped>
          <failedSince>0</failedSince>
        </case>
        <case>
          <duration>0.001</duration>
          <className>hudson.scheduler.CronTabDayOfWeekLocaleTest</className>
          <testName>isSundayAndNextRunIsMonday[35]</testName>
          <skipped>false</skipped>
          <failedSince>0</failedSince>
        </case>
        <case>
          <duration>0.0</duration>
          <className>hudson.scheduler.CronTabDayOfWeekLocaleTest</className>
          <testName>isSundayAndPreviousRunIsMonday[35]</testName>
          <skipped>false</skipped>
          <failedSince>0</failedSince>
        </case>
        <case>
          <duration>0.001</duration>
          <className>hudson.scheduler.CronTabDayOfWeekLocaleTest</className>
          <testName>isSundayAndNextRunIsTuesday[35]</testName>
          <skipped>false</skipped>
          <failedSince>0</failedSince>
        </case>
        <case>
          <duration>0.0</duration>
          <className>hudson.scheduler.CronTabDayOfWeekLocaleTest</className>
          <testName>isSundayAndPreviousRunIsTuesday[35]</testName>
          <skipped>false</skipped>
          <failedSince>0</failedSince>
        </case>
        <case>
          <duration>0.0</duration>
          <className>hudson.scheduler.CronTabDayOfWeekLocaleTest</className>
          <testName>isSundayAndNextRunIsWednesday[35]</testName>
          <skipped>false</skipped>
          <failedSince>0</failedSince>
        </case>
        <case>
          <duration>0.001</duration>
          <className>hudson.scheduler.CronTabDayOfWeekLocaleTest</className>
          <testName>isSundayAndPreviousRunIsWednesday[35]</testName>
          <skipped>false</skipped>
          <failedSince>0</failedSince>
        </case>
        <case>
          <duration>0.0</duration>
          <className>hudson.scheduler.CronTabDayOfWeekLocaleTest</className>
          <testName>isSundayAndNextRunIsThursday[35]</testName>
          <skipped>false</skipped>
          <failedSince>0</failedSince>
        </case>
        <case>
          <duration>0.001</duration>
          <className>hudson.scheduler.CronTabDayOfWeekLocaleTest</className>
          <testName>isSundayAndPreviousRunIsThursday[35]</testName>
          <skipped>false</skipped>
          <failedSince>0</failedSince>
        </case>
        <case>
          <duration>0.0</duration>
          <className>hudson.scheduler.CronTabDayOfWeekLocaleTest</className>
          <testName>isSundayAndNextRunIsFriday[35]</testName>
          <skipped>false</skipped>
          <failedSince>0</failedSince>
        </case>
        <case>
          <duration>0.0</duration>
          <className>hudson.scheduler.CronTabDayOfWeekLocaleTest</className>
          <testName>isSundayAndPreviousRunIsFriday[35]</testName>
          <skipped>false</skipped>
          <failedSince>0</failedSince>
        </case>
        <case>
          <duration>0.001</duration>
          <className>hudson.scheduler.CronTabDayOfWeekLocaleTest</className>
          <testName>isSundayAndNextRunIsSaturday[35]</testName>
          <skipped>false</skipped>
          <failedSince>0</failedSince>
        </case>
        <case>
          <duration>0.0</duration>
          <className>hudson.scheduler.CronTabDayOfWeekLocaleTest</className>
          <testName>isSundayAndPreviousRunIsSaturday[35]</testName>
          <skipped>false</skipped>
          <failedSince>0</failedSince>
        </case>
        <case>
          <duration>0.0</duration>
          <className>hudson.scheduler.CronTabDayOfWeekLocaleTest</className>
          <testName>isSundayAndNextRunIsNextSunday[35]</testName>
          <skipped>false</skipped>
          <failedSince>0</failedSince>
        </case>
        <case>
          <duration>0.0</duration>
          <className>hudson.scheduler.CronTabDayOfWeekLocaleTest</className>
          <testName>isSundayAndPreviousRunIsPreviousSunday[35]</testName>
          <skipped>false</skipped>
          <failedSince>0</failedSince>
        </case>
        <case>
          <duration>0.0</duration>
          <className>hudson.scheduler.CronTabDayOfWeekLocaleTest</className>
          <testName>isSundayAndNextRunIsNextSunday7[35]</testName>
          <skipped>false</skipped>
          <failedSince>0</failedSince>
        </case>
        <case>
          <duration>0.001</duration>
          <className>hudson.scheduler.CronTabDayOfWeekLocaleTest</className>
          <testName>isSundayAndPreviousRunIsPreviousSunday7[35]</testName>
          <skipped>false</skipped>
          <failedSince>0</failedSince>
        </case>
        <case>
          <duration>0.0</duration>
          <className>hudson.scheduler.CronTabDayOfWeekLocaleTest</className>
          <testName>isSaturdayAndNextRunIsSundayAsterisk[35]</testName>
          <skipped>false</skipped>
          <failedSince>0</failedSince>
        </case>
        <case>
          <duration>0.0</duration>
          <className>hudson.scheduler.CronTabDayOfWeekLocaleTest</className>
          <testName>isSundayAndPreviousRunIsSaturdayAsterisk[35]</testName>
          <skipped>false</skipped>
          <failedSince>0</failedSince>
        </case>
        <case>
          <duration>0.0</duration>
          <className>hudson.scheduler.CronTabDayOfWeekLocaleTest</className>
          <testName>hudson8658[36]</testName>
          <skipped>false</skipped>
          <failedSince>0</failedSince>
        </case>
        <case>
          <duration>0.001</duration>
          <className>hudson.scheduler.CronTabDayOfWeekLocaleTest</className>
          <testName>isSundayAndNextRunIsMonday[36]</testName>
          <skipped>false</skipped>
          <failedSince>0</failedSince>
        </case>
        <case>
          <duration>0.0</duration>
          <className>hudson.scheduler.CronTabDayOfWeekLocaleTest</className>
          <testName>isSundayAndPreviousRunIsMonday[36]</testName>
          <skipped>false</skipped>
          <failedSince>0</failedSince>
        </case>
        <case>
          <duration>0.0</duration>
          <className>hudson.scheduler.CronTabDayOfWeekLocaleTest</className>
          <testName>isSundayAndNextRunIsTuesday[36]</testName>
          <skipped>false</skipped>
          <failedSince>0</failedSince>
        </case>
        <case>
          <duration>0.001</duration>
          <className>hudson.scheduler.CronTabDayOfWeekLocaleTest</className>
          <testName>isSundayAndPreviousRunIsTuesday[36]</testName>
          <skipped>false</skipped>
          <failedSince>0</failedSince>
        </case>
        <case>
          <duration>0.0</duration>
          <className>hudson.scheduler.CronTabDayOfWeekLocaleTest</className>
          <testName>isSundayAndNextRunIsWednesday[36]</testName>
          <skipped>false</skipped>
          <failedSince>0</failedSince>
        </case>
        <case>
          <duration>0.011</duration>
          <className>hudson.scheduler.CronTabDayOfWeekLocaleTest</className>
          <testName>isSundayAndPreviousRunIsWednesday[36]</testName>
          <skipped>false</skipped>
          <failedSince>0</failedSince>
        </case>
        <case>
          <duration>0.001</duration>
          <className>hudson.scheduler.CronTabDayOfWeekLocaleTest</className>
          <testName>isSundayAndNextRunIsThursday[36]</testName>
          <skipped>false</skipped>
          <failedSince>0</failedSince>
        </case>
        <case>
          <duration>0.0</duration>
          <className>hudson.scheduler.CronTabDayOfWeekLocaleTest</className>
          <testName>isSundayAndPreviousRunIsThursday[36]</testName>
          <skipped>false</skipped>
          <failedSince>0</failedSince>
        </case>
        <case>
          <duration>0.001</duration>
          <className>hudson.scheduler.CronTabDayOfWeekLocaleTest</className>
          <testName>isSundayAndNextRunIsFriday[36]</testName>
          <skipped>false</skipped>
          <failedSince>0</failedSince>
        </case>
        <case>
          <duration>0.0</duration>
          <className>hudson.scheduler.CronTabDayOfWeekLocaleTest</className>
          <testName>isSundayAndPreviousRunIsFriday[36]</testName>
          <skipped>false</skipped>
          <failedSince>0</failedSince>
        </case>
        <case>
          <duration>0.0</duration>
          <className>hudson.scheduler.CronTabDayOfWeekLocaleTest</className>
          <testName>isSundayAndNextRunIsSaturday[36]</testName>
          <skipped>false</skipped>
          <failedSince>0</failedSince>
        </case>
        <case>
          <duration>0.0</duration>
          <className>hudson.scheduler.CronTabDayOfWeekLocaleTest</className>
          <testName>isSundayAndPreviousRunIsSaturday[36]</testName>
          <skipped>false</skipped>
          <failedSince>0</failedSince>
        </case>
        <case>
          <duration>0.0</duration>
          <className>hudson.scheduler.CronTabDayOfWeekLocaleTest</className>
          <testName>isSundayAndNextRunIsNextSunday[36]</testName>
          <skipped>false</skipped>
          <failedSince>0</failedSince>
        </case>
        <case>
          <duration>0.001</duration>
          <className>hudson.scheduler.CronTabDayOfWeekLocaleTest</className>
          <testName>isSundayAndPreviousRunIsPreviousSunday[36]</testName>
          <skipped>false</skipped>
          <failedSince>0</failedSince>
        </case>
        <case>
          <duration>0.0</duration>
          <className>hudson.scheduler.CronTabDayOfWeekLocaleTest</className>
          <testName>isSundayAndNextRunIsNextSunday7[36]</testName>
          <skipped>false</skipped>
          <failedSince>0</failedSince>
        </case>
        <case>
          <duration>0.0</duration>
          <className>hudson.scheduler.CronTabDayOfWeekLocaleTest</className>
          <testName>isSundayAndPreviousRunIsPreviousSunday7[36]</testName>
          <skipped>false</skipped>
          <failedSince>0</failedSince>
        </case>
        <case>
          <duration>0.0</duration>
          <className>hudson.scheduler.CronTabDayOfWeekLocaleTest</className>
          <testName>isSaturdayAndNextRunIsSundayAsterisk[36]</testName>
          <skipped>false</skipped>
          <failedSince>0</failedSince>
        </case>
        <case>
          <duration>0.0</duration>
          <className>hudson.scheduler.CronTabDayOfWeekLocaleTest</className>
          <testName>isSundayAndPreviousRunIsSaturdayAsterisk[36]</testName>
          <skipped>false</skipped>
          <failedSince>0</failedSince>
        </case>
        <case>
          <duration>0.0</duration>
          <className>hudson.scheduler.CronTabDayOfWeekLocaleTest</className>
          <testName>hudson8658[37]</testName>
          <skipped>false</skipped>
          <failedSince>0</failedSince>
        </case>
        <case>
          <duration>0.0</duration>
          <className>hudson.scheduler.CronTabDayOfWeekLocaleTest</className>
          <testName>isSundayAndNextRunIsMonday[37]</testName>
          <skipped>false</skipped>
          <failedSince>0</failedSince>
        </case>
        <case>
          <duration>0.001</duration>
          <className>hudson.scheduler.CronTabDayOfWeekLocaleTest</className>
          <testName>isSundayAndPreviousRunIsMonday[37]</testName>
          <skipped>false</skipped>
          <failedSince>0</failedSince>
        </case>
        <case>
          <duration>0.0</duration>
          <className>hudson.scheduler.CronTabDayOfWeekLocaleTest</className>
          <testName>isSundayAndNextRunIsTuesday[37]</testName>
          <skipped>false</skipped>
          <failedSince>0</failedSince>
        </case>
        <case>
          <duration>0.0</duration>
          <className>hudson.scheduler.CronTabDayOfWeekLocaleTest</className>
          <testName>isSundayAndPreviousRunIsTuesday[37]</testName>
          <skipped>false</skipped>
          <failedSince>0</failedSince>
        </case>
        <case>
          <duration>0.001</duration>
          <className>hudson.scheduler.CronTabDayOfWeekLocaleTest</className>
          <testName>isSundayAndNextRunIsWednesday[37]</testName>
          <skipped>false</skipped>
          <failedSince>0</failedSince>
        </case>
        <case>
          <duration>0.0</duration>
          <className>hudson.scheduler.CronTabDayOfWeekLocaleTest</className>
          <testName>isSundayAndPreviousRunIsWednesday[37]</testName>
          <skipped>false</skipped>
          <failedSince>0</failedSince>
        </case>
        <case>
          <duration>0.0</duration>
          <className>hudson.scheduler.CronTabDayOfWeekLocaleTest</className>
          <testName>isSundayAndNextRunIsThursday[37]</testName>
          <skipped>false</skipped>
          <failedSince>0</failedSince>
        </case>
        <case>
          <duration>0.0</duration>
          <className>hudson.scheduler.CronTabDayOfWeekLocaleTest</className>
          <testName>isSundayAndPreviousRunIsThursday[37]</testName>
          <skipped>false</skipped>
          <failedSince>0</failedSince>
        </case>
        <case>
          <duration>0.0</duration>
          <className>hudson.scheduler.CronTabDayOfWeekLocaleTest</className>
          <testName>isSundayAndNextRunIsFriday[37]</testName>
          <skipped>false</skipped>
          <failedSince>0</failedSince>
        </case>
        <case>
          <duration>0.001</duration>
          <className>hudson.scheduler.CronTabDayOfWeekLocaleTest</className>
          <testName>isSundayAndPreviousRunIsFriday[37]</testName>
          <skipped>false</skipped>
          <failedSince>0</failedSince>
        </case>
        <case>
          <duration>0.0</duration>
          <className>hudson.scheduler.CronTabDayOfWeekLocaleTest</className>
          <testName>isSundayAndNextRunIsSaturday[37]</testName>
          <skipped>false</skipped>
          <failedSince>0</failedSince>
        </case>
        <case>
          <duration>0.0</duration>
          <className>hudson.scheduler.CronTabDayOfWeekLocaleTest</className>
          <testName>isSundayAndPreviousRunIsSaturday[37]</testName>
          <skipped>false</skipped>
          <failedSince>0</failedSince>
        </case>
        <case>
          <duration>0.0</duration>
          <className>hudson.scheduler.CronTabDayOfWeekLocaleTest</className>
          <testName>isSundayAndNextRunIsNextSunday[37]</testName>
          <skipped>false</skipped>
          <failedSince>0</failedSince>
        </case>
        <case>
          <duration>0.0</duration>
          <className>hudson.scheduler.CronTabDayOfWeekLocaleTest</className>
          <testName>isSundayAndPreviousRunIsPreviousSunday[37]</testName>
          <skipped>false</skipped>
          <failedSince>0</failedSince>
        </case>
        <case>
          <duration>0.001</duration>
          <className>hudson.scheduler.CronTabDayOfWeekLocaleTest</className>
          <testName>isSundayAndNextRunIsNextSunday7[37]</testName>
          <skipped>false</skipped>
          <failedSince>0</failedSince>
        </case>
        <case>
          <duration>0.0</duration>
          <className>hudson.scheduler.CronTabDayOfWeekLocaleTest</className>
          <testName>isSundayAndPreviousRunIsPreviousSunday7[37]</testName>
          <skipped>false</skipped>
          <failedSince>0</failedSince>
        </case>
        <case>
          <duration>0.0</duration>
          <className>hudson.scheduler.CronTabDayOfWeekLocaleTest</className>
          <testName>isSaturdayAndNextRunIsSundayAsterisk[37]</testName>
          <skipped>false</skipped>
          <failedSince>0</failedSince>
        </case>
        <case>
          <duration>0.001</duration>
          <className>hudson.scheduler.CronTabDayOfWeekLocaleTest</className>
          <testName>isSundayAndPreviousRunIsSaturdayAsterisk[37]</testName>
          <skipped>false</skipped>
          <failedSince>0</failedSince>
        </case>
        <case>
          <duration>0.0</duration>
          <className>hudson.scheduler.CronTabDayOfWeekLocaleTest</className>
          <testName>hudson8658[38]</testName>
          <skipped>false</skipped>
          <failedSince>0</failedSince>
        </case>
        <case>
          <duration>0.001</duration>
          <className>hudson.scheduler.CronTabDayOfWeekLocaleTest</className>
          <testName>isSundayAndNextRunIsMonday[38]</testName>
          <skipped>false</skipped>
          <failedSince>0</failedSince>
        </case>
        <case>
          <duration>0.0</duration>
          <className>hudson.scheduler.CronTabDayOfWeekLocaleTest</className>
          <testName>isSundayAndPreviousRunIsMonday[38]</testName>
          <skipped>false</skipped>
          <failedSince>0</failedSince>
        </case>
        <case>
          <duration>0.0</duration>
          <className>hudson.scheduler.CronTabDayOfWeekLocaleTest</className>
          <testName>isSundayAndNextRunIsTuesday[38]</testName>
          <skipped>false</skipped>
          <failedSince>0</failedSince>
        </case>
        <case>
          <duration>0.001</duration>
          <className>hudson.scheduler.CronTabDayOfWeekLocaleTest</className>
          <testName>isSundayAndPreviousRunIsTuesday[38]</testName>
          <skipped>false</skipped>
          <failedSince>0</failedSince>
        </case>
        <case>
          <duration>0.0</duration>
          <className>hudson.scheduler.CronTabDayOfWeekLocaleTest</className>
          <testName>isSundayAndNextRunIsWednesday[38]</testName>
          <skipped>false</skipped>
          <failedSince>0</failedSince>
        </case>
        <case>
          <duration>0.0</duration>
          <className>hudson.scheduler.CronTabDayOfWeekLocaleTest</className>
          <testName>isSundayAndPreviousRunIsWednesday[38]</testName>
          <skipped>false</skipped>
          <failedSince>0</failedSince>
        </case>
        <case>
          <duration>0.0</duration>
          <className>hudson.scheduler.CronTabDayOfWeekLocaleTest</className>
          <testName>isSundayAndNextRunIsThursday[38]</testName>
          <skipped>false</skipped>
          <failedSince>0</failedSince>
        </case>
        <case>
          <duration>0.0</duration>
          <className>hudson.scheduler.CronTabDayOfWeekLocaleTest</className>
          <testName>isSundayAndPreviousRunIsThursday[38]</testName>
          <skipped>false</skipped>
          <failedSince>0</failedSince>
        </case>
        <case>
          <duration>0.001</duration>
          <className>hudson.scheduler.CronTabDayOfWeekLocaleTest</className>
          <testName>isSundayAndNextRunIsFriday[38]</testName>
          <skipped>false</skipped>
          <failedSince>0</failedSince>
        </case>
        <case>
          <duration>0.0</duration>
          <className>hudson.scheduler.CronTabDayOfWeekLocaleTest</className>
          <testName>isSundayAndPreviousRunIsFriday[38]</testName>
          <skipped>false</skipped>
          <failedSince>0</failedSince>
        </case>
        <case>
          <duration>0.0</duration>
          <className>hudson.scheduler.CronTabDayOfWeekLocaleTest</className>
          <testName>isSundayAndNextRunIsSaturday[38]</testName>
          <skipped>false</skipped>
          <failedSince>0</failedSince>
        </case>
        <case>
          <duration>0.001</duration>
          <className>hudson.scheduler.CronTabDayOfWeekLocaleTest</className>
          <testName>isSundayAndPreviousRunIsSaturday[38]</testName>
          <skipped>false</skipped>
          <failedSince>0</failedSince>
        </case>
        <case>
          <duration>0.0</duration>
          <className>hudson.scheduler.CronTabDayOfWeekLocaleTest</className>
          <testName>isSundayAndNextRunIsNextSunday[38]</testName>
          <skipped>false</skipped>
          <failedSince>0</failedSince>
        </case>
        <case>
          <duration>0.0</duration>
          <className>hudson.scheduler.CronTabDayOfWeekLocaleTest</className>
          <testName>isSundayAndPreviousRunIsPreviousSunday[38]</testName>
          <skipped>false</skipped>
          <failedSince>0</failedSince>
        </case>
        <case>
          <duration>0.0</duration>
          <className>hudson.scheduler.CronTabDayOfWeekLocaleTest</className>
          <testName>isSundayAndNextRunIsNextSunday7[38]</testName>
          <skipped>false</skipped>
          <failedSince>0</failedSince>
        </case>
        <case>
          <duration>0.0</duration>
          <className>hudson.scheduler.CronTabDayOfWeekLocaleTest</className>
          <testName>isSundayAndPreviousRunIsPreviousSunday7[38]</testName>
          <skipped>false</skipped>
          <failedSince>0</failedSince>
        </case>
        <case>
          <duration>0.001</duration>
          <className>hudson.scheduler.CronTabDayOfWeekLocaleTest</className>
          <testName>isSaturdayAndNextRunIsSundayAsterisk[38]</testName>
          <skipped>false</skipped>
          <failedSince>0</failedSince>
        </case>
        <case>
          <duration>0.0</duration>
          <className>hudson.scheduler.CronTabDayOfWeekLocaleTest</className>
          <testName>isSundayAndPreviousRunIsSaturdayAsterisk[38]</testName>
          <skipped>false</skipped>
          <failedSince>0</failedSince>
        </case>
        <case>
          <duration>0.0</duration>
          <className>hudson.scheduler.CronTabDayOfWeekLocaleTest</className>
          <testName>hudson8658[39]</testName>
          <skipped>false</skipped>
          <failedSince>0</failedSince>
        </case>
        <case>
          <duration>0.0</duration>
          <className>hudson.scheduler.CronTabDayOfWeekLocaleTest</className>
          <testName>isSundayAndNextRunIsMonday[39]</testName>
          <skipped>false</skipped>
          <failedSince>0</failedSince>
        </case>
        <case>
          <duration>0.0</duration>
          <className>hudson.scheduler.CronTabDayOfWeekLocaleTest</className>
          <testName>isSundayAndPreviousRunIsMonday[39]</testName>
          <skipped>false</skipped>
          <failedSince>0</failedSince>
        </case>
        <case>
          <duration>0.0</duration>
          <className>hudson.scheduler.CronTabDayOfWeekLocaleTest</className>
          <testName>isSundayAndNextRunIsTuesday[39]</testName>
          <skipped>false</skipped>
          <failedSince>0</failedSince>
        </case>
        <case>
          <duration>0.0</duration>
          <className>hudson.scheduler.CronTabDayOfWeekLocaleTest</className>
          <testName>isSundayAndPreviousRunIsTuesday[39]</testName>
          <skipped>false</skipped>
          <failedSince>0</failedSince>
        </case>
        <case>
          <duration>0.0</duration>
          <className>hudson.scheduler.CronTabDayOfWeekLocaleTest</className>
          <testName>isSundayAndNextRunIsWednesday[39]</testName>
          <skipped>false</skipped>
          <failedSince>0</failedSince>
        </case>
        <case>
          <duration>0.0</duration>
          <className>hudson.scheduler.CronTabDayOfWeekLocaleTest</className>
          <testName>isSundayAndPreviousRunIsWednesday[39]</testName>
          <skipped>false</skipped>
          <failedSince>0</failedSince>
        </case>
        <case>
          <duration>0.0</duration>
          <className>hudson.scheduler.CronTabDayOfWeekLocaleTest</className>
          <testName>isSundayAndNextRunIsThursday[39]</testName>
          <skipped>false</skipped>
          <failedSince>0</failedSince>
        </case>
        <case>
          <duration>0.0</duration>
          <className>hudson.scheduler.CronTabDayOfWeekLocaleTest</className>
          <testName>isSundayAndPreviousRunIsThursday[39]</testName>
          <skipped>false</skipped>
          <failedSince>0</failedSince>
        </case>
        <case>
          <duration>0.0</duration>
          <className>hudson.scheduler.CronTabDayOfWeekLocaleTest</className>
          <testName>isSundayAndNextRunIsFriday[39]</testName>
          <skipped>false</skipped>
          <failedSince>0</failedSince>
        </case>
        <case>
          <duration>0.0</duration>
          <className>hudson.scheduler.CronTabDayOfWeekLocaleTest</className>
          <testName>isSundayAndPreviousRunIsFriday[39]</testName>
          <skipped>false</skipped>
          <failedSince>0</failedSince>
        </case>
        <case>
          <duration>0.0</duration>
          <className>hudson.scheduler.CronTabDayOfWeekLocaleTest</className>
          <testName>isSundayAndNextRunIsSaturday[39]</testName>
          <skipped>false</skipped>
          <failedSince>0</failedSince>
        </case>
        <case>
          <duration>0.0</duration>
          <className>hudson.scheduler.CronTabDayOfWeekLocaleTest</className>
          <testName>isSundayAndPreviousRunIsSaturday[39]</testName>
          <skipped>false</skipped>
          <failedSince>0</failedSince>
        </case>
        <case>
          <duration>0.001</duration>
          <className>hudson.scheduler.CronTabDayOfWeekLocaleTest</className>
          <testName>isSundayAndNextRunIsNextSunday[39]</testName>
          <skipped>false</skipped>
          <failedSince>0</failedSince>
        </case>
        <case>
          <duration>0.0</duration>
          <className>hudson.scheduler.CronTabDayOfWeekLocaleTest</className>
          <testName>isSundayAndPreviousRunIsPreviousSunday[39]</testName>
          <skipped>false</skipped>
          <failedSince>0</failedSince>
        </case>
        <case>
          <duration>0.0</duration>
          <className>hudson.scheduler.CronTabDayOfWeekLocaleTest</className>
          <testName>isSundayAndNextRunIsNextSunday7[39]</testName>
          <skipped>false</skipped>
          <failedSince>0</failedSince>
        </case>
        <case>
          <duration>0.001</duration>
          <className>hudson.scheduler.CronTabDayOfWeekLocaleTest</className>
          <testName>isSundayAndPreviousRunIsPreviousSunday7[39]</testName>
          <skipped>false</skipped>
          <failedSince>0</failedSince>
        </case>
        <case>
          <duration>0.0</duration>
          <className>hudson.scheduler.CronTabDayOfWeekLocaleTest</className>
          <testName>isSaturdayAndNextRunIsSundayAsterisk[39]</testName>
          <skipped>false</skipped>
          <failedSince>0</failedSince>
        </case>
        <case>
          <duration>0.0</duration>
          <className>hudson.scheduler.CronTabDayOfWeekLocaleTest</className>
          <testName>isSundayAndPreviousRunIsSaturdayAsterisk[39]</testName>
          <skipped>false</skipped>
          <failedSince>0</failedSince>
        </case>
        <case>
          <duration>0.0</duration>
          <className>hudson.scheduler.CronTabDayOfWeekLocaleTest</className>
          <testName>hudson8658[40]</testName>
          <skipped>false</skipped>
          <failedSince>0</failedSince>
        </case>
        <case>
          <duration>0.0</duration>
          <className>hudson.scheduler.CronTabDayOfWeekLocaleTest</className>
          <testName>isSundayAndNextRunIsMonday[40]</testName>
          <skipped>false</skipped>
          <failedSince>0</failedSince>
        </case>
        <case>
          <duration>0.001</duration>
          <className>hudson.scheduler.CronTabDayOfWeekLocaleTest</className>
          <testName>isSundayAndPreviousRunIsMonday[40]</testName>
          <skipped>false</skipped>
          <failedSince>0</failedSince>
        </case>
        <case>
          <duration>0.0</duration>
          <className>hudson.scheduler.CronTabDayOfWeekLocaleTest</className>
          <testName>isSundayAndNextRunIsTuesday[40]</testName>
          <skipped>false</skipped>
          <failedSince>0</failedSince>
        </case>
        <case>
          <duration>0.001</duration>
          <className>hudson.scheduler.CronTabDayOfWeekLocaleTest</className>
          <testName>isSundayAndPreviousRunIsTuesday[40]</testName>
          <skipped>false</skipped>
          <failedSince>0</failedSince>
        </case>
        <case>
          <duration>0.0</duration>
          <className>hudson.scheduler.CronTabDayOfWeekLocaleTest</className>
          <testName>isSundayAndNextRunIsWednesday[40]</testName>
          <skipped>false</skipped>
          <failedSince>0</failedSince>
        </case>
        <case>
          <duration>0.0</duration>
          <className>hudson.scheduler.CronTabDayOfWeekLocaleTest</className>
          <testName>isSundayAndPreviousRunIsWednesday[40]</testName>
          <skipped>false</skipped>
          <failedSince>0</failedSince>
        </case>
        <case>
          <duration>0.001</duration>
          <className>hudson.scheduler.CronTabDayOfWeekLocaleTest</className>
          <testName>isSundayAndNextRunIsThursday[40]</testName>
          <skipped>false</skipped>
          <failedSince>0</failedSince>
        </case>
        <case>
          <duration>0.0</duration>
          <className>hudson.scheduler.CronTabDayOfWeekLocaleTest</className>
          <testName>isSundayAndPreviousRunIsThursday[40]</testName>
          <skipped>false</skipped>
          <failedSince>0</failedSince>
        </case>
        <case>
          <duration>0.0</duration>
          <className>hudson.scheduler.CronTabDayOfWeekLocaleTest</className>
          <testName>isSundayAndNextRunIsFriday[40]</testName>
          <skipped>false</skipped>
          <failedSince>0</failedSince>
        </case>
        <case>
          <duration>0.001</duration>
          <className>hudson.scheduler.CronTabDayOfWeekLocaleTest</className>
          <testName>isSundayAndPreviousRunIsFriday[40]</testName>
          <skipped>false</skipped>
          <failedSince>0</failedSince>
        </case>
        <case>
          <duration>0.0</duration>
          <className>hudson.scheduler.CronTabDayOfWeekLocaleTest</className>
          <testName>isSundayAndNextRunIsSaturday[40]</testName>
          <skipped>false</skipped>
          <failedSince>0</failedSince>
        </case>
        <case>
          <duration>0.0</duration>
          <className>hudson.scheduler.CronTabDayOfWeekLocaleTest</className>
          <testName>isSundayAndPreviousRunIsSaturday[40]</testName>
          <skipped>false</skipped>
          <failedSince>0</failedSince>
        </case>
        <case>
          <duration>0.0</duration>
          <className>hudson.scheduler.CronTabDayOfWeekLocaleTest</className>
          <testName>isSundayAndNextRunIsNextSunday[40]</testName>
          <skipped>false</skipped>
          <failedSince>0</failedSince>
        </case>
        <case>
          <duration>0.0</duration>
          <className>hudson.scheduler.CronTabDayOfWeekLocaleTest</className>
          <testName>isSundayAndPreviousRunIsPreviousSunday[40]</testName>
          <skipped>false</skipped>
          <failedSince>0</failedSince>
        </case>
        <case>
          <duration>0.001</duration>
          <className>hudson.scheduler.CronTabDayOfWeekLocaleTest</className>
          <testName>isSundayAndNextRunIsNextSunday7[40]</testName>
          <skipped>false</skipped>
          <failedSince>0</failedSince>
        </case>
        <case>
          <duration>0.0</duration>
          <className>hudson.scheduler.CronTabDayOfWeekLocaleTest</className>
          <testName>isSundayAndPreviousRunIsPreviousSunday7[40]</testName>
          <skipped>false</skipped>
          <failedSince>0</failedSince>
        </case>
        <case>
          <duration>0.0</duration>
          <className>hudson.scheduler.CronTabDayOfWeekLocaleTest</className>
          <testName>isSaturdayAndNextRunIsSundayAsterisk[40]</testName>
          <skipped>false</skipped>
          <failedSince>0</failedSince>
        </case>
        <case>
          <duration>0.001</duration>
          <className>hudson.scheduler.CronTabDayOfWeekLocaleTest</className>
          <testName>isSundayAndPreviousRunIsSaturdayAsterisk[40]</testName>
          <skipped>false</skipped>
          <failedSince>0</failedSince>
        </case>
        <case>
          <duration>0.0</duration>
          <className>hudson.scheduler.CronTabDayOfWeekLocaleTest</className>
          <testName>hudson8658[41]</testName>
          <skipped>false</skipped>
          <failedSince>0</failedSince>
        </case>
        <case>
          <duration>0.001</duration>
          <className>hudson.scheduler.CronTabDayOfWeekLocaleTest</className>
          <testName>isSundayAndNextRunIsMonday[41]</testName>
          <skipped>false</skipped>
          <failedSince>0</failedSince>
        </case>
        <case>
          <duration>0.0</duration>
          <className>hudson.scheduler.CronTabDayOfWeekLocaleTest</className>
          <testName>isSundayAndPreviousRunIsMonday[41]</testName>
          <skipped>false</skipped>
          <failedSince>0</failedSince>
        </case>
        <case>
          <duration>0.0</duration>
          <className>hudson.scheduler.CronTabDayOfWeekLocaleTest</className>
          <testName>isSundayAndNextRunIsTuesday[41]</testName>
          <skipped>false</skipped>
          <failedSince>0</failedSince>
        </case>
        <case>
          <duration>0.001</duration>
          <className>hudson.scheduler.CronTabDayOfWeekLocaleTest</className>
          <testName>isSundayAndPreviousRunIsTuesday[41]</testName>
          <skipped>false</skipped>
          <failedSince>0</failedSince>
        </case>
        <case>
          <duration>0.0</duration>
          <className>hudson.scheduler.CronTabDayOfWeekLocaleTest</className>
          <testName>isSundayAndNextRunIsWednesday[41]</testName>
          <skipped>false</skipped>
          <failedSince>0</failedSince>
        </case>
        <case>
          <duration>0.0</duration>
          <className>hudson.scheduler.CronTabDayOfWeekLocaleTest</className>
          <testName>isSundayAndPreviousRunIsWednesday[41]</testName>
          <skipped>false</skipped>
          <failedSince>0</failedSince>
        </case>
        <case>
          <duration>0.0</duration>
          <className>hudson.scheduler.CronTabDayOfWeekLocaleTest</className>
          <testName>isSundayAndNextRunIsThursday[41]</testName>
          <skipped>false</skipped>
          <failedSince>0</failedSince>
        </case>
        <case>
          <duration>0.0</duration>
          <className>hudson.scheduler.CronTabDayOfWeekLocaleTest</className>
          <testName>isSundayAndPreviousRunIsThursday[41]</testName>
          <skipped>false</skipped>
          <failedSince>0</failedSince>
        </case>
        <case>
          <duration>0.001</duration>
          <className>hudson.scheduler.CronTabDayOfWeekLocaleTest</className>
          <testName>isSundayAndNextRunIsFriday[41]</testName>
          <skipped>false</skipped>
          <failedSince>0</failedSince>
        </case>
        <case>
          <duration>0.0</duration>
          <className>hudson.scheduler.CronTabDayOfWeekLocaleTest</className>
          <testName>isSundayAndPreviousRunIsFriday[41]</testName>
          <skipped>false</skipped>
          <failedSince>0</failedSince>
        </case>
        <case>
          <duration>0.0</duration>
          <className>hudson.scheduler.CronTabDayOfWeekLocaleTest</className>
          <testName>isSundayAndNextRunIsSaturday[41]</testName>
          <skipped>false</skipped>
          <failedSince>0</failedSince>
        </case>
        <case>
          <duration>0.001</duration>
          <className>hudson.scheduler.CronTabDayOfWeekLocaleTest</className>
          <testName>isSundayAndPreviousRunIsSaturday[41]</testName>
          <skipped>false</skipped>
          <failedSince>0</failedSince>
        </case>
        <case>
          <duration>0.0</duration>
          <className>hudson.scheduler.CronTabDayOfWeekLocaleTest</className>
          <testName>isSundayAndNextRunIsNextSunday[41]</testName>
          <skipped>false</skipped>
          <failedSince>0</failedSince>
        </case>
        <case>
          <duration>0.0</duration>
          <className>hudson.scheduler.CronTabDayOfWeekLocaleTest</className>
          <testName>isSundayAndPreviousRunIsPreviousSunday[41]</testName>
          <skipped>false</skipped>
          <failedSince>0</failedSince>
        </case>
        <case>
          <duration>0.0</duration>
          <className>hudson.scheduler.CronTabDayOfWeekLocaleTest</className>
          <testName>isSundayAndNextRunIsNextSunday7[41]</testName>
          <skipped>false</skipped>
          <failedSince>0</failedSince>
        </case>
        <case>
          <duration>0.0</duration>
          <className>hudson.scheduler.CronTabDayOfWeekLocaleTest</className>
          <testName>isSundayAndPreviousRunIsPreviousSunday7[41]</testName>
          <skipped>false</skipped>
          <failedSince>0</failedSince>
        </case>
        <case>
          <duration>0.001</duration>
          <className>hudson.scheduler.CronTabDayOfWeekLocaleTest</className>
          <testName>isSaturdayAndNextRunIsSundayAsterisk[41]</testName>
          <skipped>false</skipped>
          <failedSince>0</failedSince>
        </case>
        <case>
          <duration>0.0</duration>
          <className>hudson.scheduler.CronTabDayOfWeekLocaleTest</className>
          <testName>isSundayAndPreviousRunIsSaturdayAsterisk[41]</testName>
          <skipped>false</skipped>
          <failedSince>0</failedSince>
        </case>
        <case>
          <duration>0.001</duration>
          <className>hudson.scheduler.CronTabDayOfWeekLocaleTest</className>
          <testName>hudson8658[42]</testName>
          <skipped>false</skipped>
          <failedSince>0</failedSince>
        </case>
        <case>
          <duration>0.0</duration>
          <className>hudson.scheduler.CronTabDayOfWeekLocaleTest</className>
          <testName>isSundayAndNextRunIsMonday[42]</testName>
          <skipped>false</skipped>
          <failedSince>0</failedSince>
        </case>
        <case>
          <duration>0.0</duration>
          <className>hudson.scheduler.CronTabDayOfWeekLocaleTest</className>
          <testName>isSundayAndPreviousRunIsMonday[42]</testName>
          <skipped>false</skipped>
          <failedSince>0</failedSince>
        </case>
        <case>
          <duration>0.001</duration>
          <className>hudson.scheduler.CronTabDayOfWeekLocaleTest</className>
          <testName>isSundayAndNextRunIsTuesday[42]</testName>
          <skipped>false</skipped>
          <failedSince>0</failedSince>
        </case>
        <case>
          <duration>0.0</duration>
          <className>hudson.scheduler.CronTabDayOfWeekLocaleTest</className>
          <testName>isSundayAndPreviousRunIsTuesday[42]</testName>
          <skipped>false</skipped>
          <failedSince>0</failedSince>
        </case>
        <case>
          <duration>0.0</duration>
          <className>hudson.scheduler.CronTabDayOfWeekLocaleTest</className>
          <testName>isSundayAndNextRunIsWednesday[42]</testName>
          <skipped>false</skipped>
          <failedSince>0</failedSince>
        </case>
        <case>
          <duration>0.001</duration>
          <className>hudson.scheduler.CronTabDayOfWeekLocaleTest</className>
          <testName>isSundayAndPreviousRunIsWednesday[42]</testName>
          <skipped>false</skipped>
          <failedSince>0</failedSince>
        </case>
        <case>
          <duration>0.0</duration>
          <className>hudson.scheduler.CronTabDayOfWeekLocaleTest</className>
          <testName>isSundayAndNextRunIsThursday[42]</testName>
          <skipped>false</skipped>
          <failedSince>0</failedSince>
        </case>
        <case>
          <duration>0.0</duration>
          <className>hudson.scheduler.CronTabDayOfWeekLocaleTest</className>
          <testName>isSundayAndPreviousRunIsThursday[42]</testName>
          <skipped>false</skipped>
          <failedSince>0</failedSince>
        </case>
        <case>
          <duration>0.0</duration>
          <className>hudson.scheduler.CronTabDayOfWeekLocaleTest</className>
          <testName>isSundayAndNextRunIsFriday[42]</testName>
          <skipped>false</skipped>
          <failedSince>0</failedSince>
        </case>
        <case>
          <duration>0.0</duration>
          <className>hudson.scheduler.CronTabDayOfWeekLocaleTest</className>
          <testName>isSundayAndPreviousRunIsFriday[42]</testName>
          <skipped>false</skipped>
          <failedSince>0</failedSince>
        </case>
        <case>
          <duration>0.001</duration>
          <className>hudson.scheduler.CronTabDayOfWeekLocaleTest</className>
          <testName>isSundayAndNextRunIsSaturday[42]</testName>
          <skipped>false</skipped>
          <failedSince>0</failedSince>
        </case>
        <case>
          <duration>0.0</duration>
          <className>hudson.scheduler.CronTabDayOfWeekLocaleTest</className>
          <testName>isSundayAndPreviousRunIsSaturday[42]</testName>
          <skipped>false</skipped>
          <failedSince>0</failedSince>
        </case>
        <case>
          <duration>0.0</duration>
          <className>hudson.scheduler.CronTabDayOfWeekLocaleTest</className>
          <testName>isSundayAndNextRunIsNextSunday[42]</testName>
          <skipped>false</skipped>
          <failedSince>0</failedSince>
        </case>
        <case>
          <duration>0.0</duration>
          <className>hudson.scheduler.CronTabDayOfWeekLocaleTest</className>
          <testName>isSundayAndPreviousRunIsPreviousSunday[42]</testName>
          <skipped>false</skipped>
          <failedSince>0</failedSince>
        </case>
        <case>
          <duration>0.0</duration>
          <className>hudson.scheduler.CronTabDayOfWeekLocaleTest</className>
          <testName>isSundayAndNextRunIsNextSunday7[42]</testName>
          <skipped>false</skipped>
          <failedSince>0</failedSince>
        </case>
        <case>
          <duration>0.0</duration>
          <className>hudson.scheduler.CronTabDayOfWeekLocaleTest</className>
          <testName>isSundayAndPreviousRunIsPreviousSunday7[42]</testName>
          <skipped>false</skipped>
          <failedSince>0</failedSince>
        </case>
        <case>
          <duration>0.0</duration>
          <className>hudson.scheduler.CronTabDayOfWeekLocaleTest</className>
          <testName>isSaturdayAndNextRunIsSundayAsterisk[42]</testName>
          <skipped>false</skipped>
          <failedSince>0</failedSince>
        </case>
        <case>
          <duration>0.0</duration>
          <className>hudson.scheduler.CronTabDayOfWeekLocaleTest</className>
          <testName>isSundayAndPreviousRunIsSaturdayAsterisk[42]</testName>
          <skipped>false</skipped>
          <failedSince>0</failedSince>
        </case>
        <case>
          <duration>0.001</duration>
          <className>hudson.scheduler.CronTabDayOfWeekLocaleTest</className>
          <testName>hudson8658[43]</testName>
          <skipped>false</skipped>
          <failedSince>0</failedSince>
        </case>
        <case>
          <duration>0.0</duration>
          <className>hudson.scheduler.CronTabDayOfWeekLocaleTest</className>
          <testName>isSundayAndNextRunIsMonday[43]</testName>
          <skipped>false</skipped>
          <failedSince>0</failedSince>
        </case>
        <case>
          <duration>0.0</duration>
          <className>hudson.scheduler.CronTabDayOfWeekLocaleTest</className>
          <testName>isSundayAndPreviousRunIsMonday[43]</testName>
          <skipped>false</skipped>
          <failedSince>0</failedSince>
        </case>
        <case>
          <duration>0.0</duration>
          <className>hudson.scheduler.CronTabDayOfWeekLocaleTest</className>
          <testName>isSundayAndNextRunIsTuesday[43]</testName>
          <skipped>false</skipped>
          <failedSince>0</failedSince>
        </case>
        <case>
          <duration>0.0</duration>
          <className>hudson.scheduler.CronTabDayOfWeekLocaleTest</className>
          <testName>isSundayAndPreviousRunIsTuesday[43]</testName>
          <skipped>false</skipped>
          <failedSince>0</failedSince>
        </case>
        <case>
          <duration>0.001</duration>
          <className>hudson.scheduler.CronTabDayOfWeekLocaleTest</className>
          <testName>isSundayAndNextRunIsWednesday[43]</testName>
          <skipped>false</skipped>
          <failedSince>0</failedSince>
        </case>
        <case>
          <duration>0.0</duration>
          <className>hudson.scheduler.CronTabDayOfWeekLocaleTest</className>
          <testName>isSundayAndPreviousRunIsWednesday[43]</testName>
          <skipped>false</skipped>
          <failedSince>0</failedSince>
        </case>
        <case>
          <duration>0.0</duration>
          <className>hudson.scheduler.CronTabDayOfWeekLocaleTest</className>
          <testName>isSundayAndNextRunIsThursday[43]</testName>
          <skipped>false</skipped>
          <failedSince>0</failedSince>
        </case>
        <case>
          <duration>0.001</duration>
          <className>hudson.scheduler.CronTabDayOfWeekLocaleTest</className>
          <testName>isSundayAndPreviousRunIsThursday[43]</testName>
          <skipped>false</skipped>
          <failedSince>0</failedSince>
        </case>
        <case>
          <duration>0.006</duration>
          <className>hudson.scheduler.CronTabDayOfWeekLocaleTest</className>
          <testName>isSundayAndNextRunIsFriday[43]</testName>
          <skipped>false</skipped>
          <failedSince>0</failedSince>
        </case>
        <case>
          <duration>0.0</duration>
          <className>hudson.scheduler.CronTabDayOfWeekLocaleTest</className>
          <testName>isSundayAndPreviousRunIsFriday[43]</testName>
          <skipped>false</skipped>
          <failedSince>0</failedSince>
        </case>
        <case>
          <duration>0.0</duration>
          <className>hudson.scheduler.CronTabDayOfWeekLocaleTest</className>
          <testName>isSundayAndNextRunIsSaturday[43]</testName>
          <skipped>false</skipped>
          <failedSince>0</failedSince>
        </case>
        <case>
          <duration>0.0</duration>
          <className>hudson.scheduler.CronTabDayOfWeekLocaleTest</className>
          <testName>isSundayAndPreviousRunIsSaturday[43]</testName>
          <skipped>false</skipped>
          <failedSince>0</failedSince>
        </case>
        <case>
          <duration>0.0</duration>
          <className>hudson.scheduler.CronTabDayOfWeekLocaleTest</className>
          <testName>isSundayAndNextRunIsNextSunday[43]</testName>
          <skipped>false</skipped>
          <failedSince>0</failedSince>
        </case>
        <case>
          <duration>0.0</duration>
          <className>hudson.scheduler.CronTabDayOfWeekLocaleTest</className>
          <testName>isSundayAndPreviousRunIsPreviousSunday[43]</testName>
          <skipped>false</skipped>
          <failedSince>0</failedSince>
        </case>
        <case>
          <duration>0.0</duration>
          <className>hudson.scheduler.CronTabDayOfWeekLocaleTest</className>
          <testName>isSundayAndNextRunIsNextSunday7[43]</testName>
          <skipped>false</skipped>
          <failedSince>0</failedSince>
        </case>
        <case>
          <duration>0.0</duration>
          <className>hudson.scheduler.CronTabDayOfWeekLocaleTest</className>
          <testName>isSundayAndPreviousRunIsPreviousSunday7[43]</testName>
          <skipped>false</skipped>
          <failedSince>0</failedSince>
        </case>
        <case>
          <duration>0.0</duration>
          <className>hudson.scheduler.CronTabDayOfWeekLocaleTest</className>
          <testName>isSaturdayAndNextRunIsSundayAsterisk[43]</testName>
          <skipped>false</skipped>
          <failedSince>0</failedSince>
        </case>
        <case>
          <duration>0.0</duration>
          <className>hudson.scheduler.CronTabDayOfWeekLocaleTest</className>
          <testName>isSundayAndPreviousRunIsSaturdayAsterisk[43]</testName>
          <skipped>false</skipped>
          <failedSince>0</failedSince>
        </case>
        <case>
          <duration>0.0</duration>
          <className>hudson.scheduler.CronTabDayOfWeekLocaleTest</className>
          <testName>hudson8658[44]</testName>
          <skipped>false</skipped>
          <failedSince>0</failedSince>
        </case>
        <case>
          <duration>0.0</duration>
          <className>hudson.scheduler.CronTabDayOfWeekLocaleTest</className>
          <testName>isSundayAndNextRunIsMonday[44]</testName>
          <skipped>false</skipped>
          <failedSince>0</failedSince>
        </case>
        <case>
          <duration>0.0</duration>
          <className>hudson.scheduler.CronTabDayOfWeekLocaleTest</className>
          <testName>isSundayAndPreviousRunIsMonday[44]</testName>
          <skipped>false</skipped>
          <failedSince>0</failedSince>
        </case>
        <case>
          <duration>0.0</duration>
          <className>hudson.scheduler.CronTabDayOfWeekLocaleTest</className>
          <testName>isSundayAndNextRunIsTuesday[44]</testName>
          <skipped>false</skipped>
          <failedSince>0</failedSince>
        </case>
        <case>
          <duration>0.0</duration>
          <className>hudson.scheduler.CronTabDayOfWeekLocaleTest</className>
          <testName>isSundayAndPreviousRunIsTuesday[44]</testName>
          <skipped>false</skipped>
          <failedSince>0</failedSince>
        </case>
        <case>
          <duration>0.0</duration>
          <className>hudson.scheduler.CronTabDayOfWeekLocaleTest</className>
          <testName>isSundayAndNextRunIsWednesday[44]</testName>
          <skipped>false</skipped>
          <failedSince>0</failedSince>
        </case>
        <case>
          <duration>0.0</duration>
          <className>hudson.scheduler.CronTabDayOfWeekLocaleTest</className>
          <testName>isSundayAndPreviousRunIsWednesday[44]</testName>
          <skipped>false</skipped>
          <failedSince>0</failedSince>
        </case>
        <case>
          <duration>0.0</duration>
          <className>hudson.scheduler.CronTabDayOfWeekLocaleTest</className>
          <testName>isSundayAndNextRunIsThursday[44]</testName>
          <skipped>false</skipped>
          <failedSince>0</failedSince>
        </case>
        <case>
          <duration>0.0</duration>
          <className>hudson.scheduler.CronTabDayOfWeekLocaleTest</className>
          <testName>isSundayAndPreviousRunIsThursday[44]</testName>
          <skipped>false</skipped>
          <failedSince>0</failedSince>
        </case>
        <case>
          <duration>0.001</duration>
          <className>hudson.scheduler.CronTabDayOfWeekLocaleTest</className>
          <testName>isSundayAndNextRunIsFriday[44]</testName>
          <skipped>false</skipped>
          <failedSince>0</failedSince>
        </case>
        <case>
          <duration>0.0</duration>
          <className>hudson.scheduler.CronTabDayOfWeekLocaleTest</className>
          <testName>isSundayAndPreviousRunIsFriday[44]</testName>
          <skipped>false</skipped>
          <failedSince>0</failedSince>
        </case>
        <case>
          <duration>0.0</duration>
          <className>hudson.scheduler.CronTabDayOfWeekLocaleTest</className>
          <testName>isSundayAndNextRunIsSaturday[44]</testName>
          <skipped>false</skipped>
          <failedSince>0</failedSince>
        </case>
        <case>
          <duration>0.0</duration>
          <className>hudson.scheduler.CronTabDayOfWeekLocaleTest</className>
          <testName>isSundayAndPreviousRunIsSaturday[44]</testName>
          <skipped>false</skipped>
          <failedSince>0</failedSince>
        </case>
        <case>
          <duration>0.0</duration>
          <className>hudson.scheduler.CronTabDayOfWeekLocaleTest</className>
          <testName>isSundayAndNextRunIsNextSunday[44]</testName>
          <skipped>false</skipped>
          <failedSince>0</failedSince>
        </case>
        <case>
          <duration>0.0</duration>
          <className>hudson.scheduler.CronTabDayOfWeekLocaleTest</className>
          <testName>isSundayAndPreviousRunIsPreviousSunday[44]</testName>
          <skipped>false</skipped>
          <failedSince>0</failedSince>
        </case>
        <case>
          <duration>0.001</duration>
          <className>hudson.scheduler.CronTabDayOfWeekLocaleTest</className>
          <testName>isSundayAndNextRunIsNextSunday7[44]</testName>
          <skipped>false</skipped>
          <failedSince>0</failedSince>
        </case>
        <case>
          <duration>0.0</duration>
          <className>hudson.scheduler.CronTabDayOfWeekLocaleTest</className>
          <testName>isSundayAndPreviousRunIsPreviousSunday7[44]</testName>
          <skipped>false</skipped>
          <failedSince>0</failedSince>
        </case>
        <case>
          <duration>0.0</duration>
          <className>hudson.scheduler.CronTabDayOfWeekLocaleTest</className>
          <testName>isSaturdayAndNextRunIsSundayAsterisk[44]</testName>
          <skipped>false</skipped>
          <failedSince>0</failedSince>
        </case>
        <case>
          <duration>0.001</duration>
          <className>hudson.scheduler.CronTabDayOfWeekLocaleTest</className>
          <testName>isSundayAndPreviousRunIsSaturdayAsterisk[44]</testName>
          <skipped>false</skipped>
          <failedSince>0</failedSince>
        </case>
        <case>
          <duration>0.0</duration>
          <className>hudson.scheduler.CronTabDayOfWeekLocaleTest</className>
          <testName>hudson8658[45]</testName>
          <skipped>false</skipped>
          <failedSince>0</failedSince>
        </case>
        <case>
          <duration>0.001</duration>
          <className>hudson.scheduler.CronTabDayOfWeekLocaleTest</className>
          <testName>isSundayAndNextRunIsMonday[45]</testName>
          <skipped>false</skipped>
          <failedSince>0</failedSince>
        </case>
        <case>
          <duration>0.0</duration>
          <className>hudson.scheduler.CronTabDayOfWeekLocaleTest</className>
          <testName>isSundayAndPreviousRunIsMonday[45]</testName>
          <skipped>false</skipped>
          <failedSince>0</failedSince>
        </case>
        <case>
          <duration>0.0</duration>
          <className>hudson.scheduler.CronTabDayOfWeekLocaleTest</className>
          <testName>isSundayAndNextRunIsTuesday[45]</testName>
          <skipped>false</skipped>
          <failedSince>0</failedSince>
        </case>
        <case>
          <duration>0.001</duration>
          <className>hudson.scheduler.CronTabDayOfWeekLocaleTest</className>
          <testName>isSundayAndPreviousRunIsTuesday[45]</testName>
          <skipped>false</skipped>
          <failedSince>0</failedSince>
        </case>
        <case>
          <duration>0.0</duration>
          <className>hudson.scheduler.CronTabDayOfWeekLocaleTest</className>
          <testName>isSundayAndNextRunIsWednesday[45]</testName>
          <skipped>false</skipped>
          <failedSince>0</failedSince>
        </case>
        <case>
          <duration>0.0</duration>
          <className>hudson.scheduler.CronTabDayOfWeekLocaleTest</className>
          <testName>isSundayAndPreviousRunIsWednesday[45]</testName>
          <skipped>false</skipped>
          <failedSince>0</failedSince>
        </case>
        <case>
          <duration>0.0</duration>
          <className>hudson.scheduler.CronTabDayOfWeekLocaleTest</className>
          <testName>isSundayAndNextRunIsThursday[45]</testName>
          <skipped>false</skipped>
          <failedSince>0</failedSince>
        </case>
        <case>
          <duration>0.0</duration>
          <className>hudson.scheduler.CronTabDayOfWeekLocaleTest</className>
          <testName>isSundayAndPreviousRunIsThursday[45]</testName>
          <skipped>false</skipped>
          <failedSince>0</failedSince>
        </case>
        <case>
          <duration>0.001</duration>
          <className>hudson.scheduler.CronTabDayOfWeekLocaleTest</className>
          <testName>isSundayAndNextRunIsFriday[45]</testName>
          <skipped>false</skipped>
          <failedSince>0</failedSince>
        </case>
        <case>
          <duration>0.0</duration>
          <className>hudson.scheduler.CronTabDayOfWeekLocaleTest</className>
          <testName>isSundayAndPreviousRunIsFriday[45]</testName>
          <skipped>false</skipped>
          <failedSince>0</failedSince>
        </case>
        <case>
          <duration>0.0</duration>
          <className>hudson.scheduler.CronTabDayOfWeekLocaleTest</className>
          <testName>isSundayAndNextRunIsSaturday[45]</testName>
          <skipped>false</skipped>
          <failedSince>0</failedSince>
        </case>
        <case>
          <duration>0.001</duration>
          <className>hudson.scheduler.CronTabDayOfWeekLocaleTest</className>
          <testName>isSundayAndPreviousRunIsSaturday[45]</testName>
          <skipped>false</skipped>
          <failedSince>0</failedSince>
        </case>
        <case>
          <duration>0.0</duration>
          <className>hudson.scheduler.CronTabDayOfWeekLocaleTest</className>
          <testName>isSundayAndNextRunIsNextSunday[45]</testName>
          <skipped>false</skipped>
          <failedSince>0</failedSince>
        </case>
        <case>
          <duration>0.0</duration>
          <className>hudson.scheduler.CronTabDayOfWeekLocaleTest</className>
          <testName>isSundayAndPreviousRunIsPreviousSunday[45]</testName>
          <skipped>false</skipped>
          <failedSince>0</failedSince>
        </case>
        <case>
          <duration>0.0</duration>
          <className>hudson.scheduler.CronTabDayOfWeekLocaleTest</className>
          <testName>isSundayAndNextRunIsNextSunday7[45]</testName>
          <skipped>false</skipped>
          <failedSince>0</failedSince>
        </case>
        <case>
          <duration>0.0</duration>
          <className>hudson.scheduler.CronTabDayOfWeekLocaleTest</className>
          <testName>isSundayAndPreviousRunIsPreviousSunday7[45]</testName>
          <skipped>false</skipped>
          <failedSince>0</failedSince>
        </case>
        <case>
          <duration>0.001</duration>
          <className>hudson.scheduler.CronTabDayOfWeekLocaleTest</className>
          <testName>isSaturdayAndNextRunIsSundayAsterisk[45]</testName>
          <skipped>false</skipped>
          <failedSince>0</failedSince>
        </case>
        <case>
          <duration>0.0</duration>
          <className>hudson.scheduler.CronTabDayOfWeekLocaleTest</className>
          <testName>isSundayAndPreviousRunIsSaturdayAsterisk[45]</testName>
          <skipped>false</skipped>
          <failedSince>0</failedSince>
        </case>
        <case>
          <duration>0.0</duration>
          <className>hudson.scheduler.CronTabDayOfWeekLocaleTest</className>
          <testName>hudson8658[46]</testName>
          <skipped>false</skipped>
          <failedSince>0</failedSince>
        </case>
        <case>
          <duration>0.0</duration>
          <className>hudson.scheduler.CronTabDayOfWeekLocaleTest</className>
          <testName>isSundayAndNextRunIsMonday[46]</testName>
          <skipped>false</skipped>
          <failedSince>0</failedSince>
        </case>
        <case>
          <duration>0.0</duration>
          <className>hudson.scheduler.CronTabDayOfWeekLocaleTest</className>
          <testName>isSundayAndPreviousRunIsMonday[46]</testName>
          <skipped>false</skipped>
          <failedSince>0</failedSince>
        </case>
        <case>
          <duration>0.001</duration>
          <className>hudson.scheduler.CronTabDayOfWeekLocaleTest</className>
          <testName>isSundayAndNextRunIsTuesday[46]</testName>
          <skipped>false</skipped>
          <failedSince>0</failedSince>
        </case>
        <case>
          <duration>0.0</duration>
          <className>hudson.scheduler.CronTabDayOfWeekLocaleTest</className>
          <testName>isSundayAndPreviousRunIsTuesday[46]</testName>
          <skipped>false</skipped>
          <failedSince>0</failedSince>
        </case>
        <case>
          <duration>0.0</duration>
          <className>hudson.scheduler.CronTabDayOfWeekLocaleTest</className>
          <testName>isSundayAndNextRunIsWednesday[46]</testName>
          <skipped>false</skipped>
          <failedSince>0</failedSince>
        </case>
        <case>
          <duration>0.001</duration>
          <className>hudson.scheduler.CronTabDayOfWeekLocaleTest</className>
          <testName>isSundayAndPreviousRunIsWednesday[46]</testName>
          <skipped>false</skipped>
          <failedSince>0</failedSince>
        </case>
        <case>
          <duration>0.0</duration>
          <className>hudson.scheduler.CronTabDayOfWeekLocaleTest</className>
          <testName>isSundayAndNextRunIsThursday[46]</testName>
          <skipped>false</skipped>
          <failedSince>0</failedSince>
        </case>
        <case>
          <duration>0.0</duration>
          <className>hudson.scheduler.CronTabDayOfWeekLocaleTest</className>
          <testName>isSundayAndPreviousRunIsThursday[46]</testName>
          <skipped>false</skipped>
          <failedSince>0</failedSince>
        </case>
        <case>
          <duration>0.0</duration>
          <className>hudson.scheduler.CronTabDayOfWeekLocaleTest</className>
          <testName>isSundayAndNextRunIsFriday[46]</testName>
          <skipped>false</skipped>
          <failedSince>0</failedSince>
        </case>
        <case>
          <duration>0.0</duration>
          <className>hudson.scheduler.CronTabDayOfWeekLocaleTest</className>
          <testName>isSundayAndPreviousRunIsFriday[46]</testName>
          <skipped>false</skipped>
          <failedSince>0</failedSince>
        </case>
        <case>
          <duration>0.001</duration>
          <className>hudson.scheduler.CronTabDayOfWeekLocaleTest</className>
          <testName>isSundayAndNextRunIsSaturday[46]</testName>
          <skipped>false</skipped>
          <failedSince>0</failedSince>
        </case>
        <case>
          <duration>0.0</duration>
          <className>hudson.scheduler.CronTabDayOfWeekLocaleTest</className>
          <testName>isSundayAndPreviousRunIsSaturday[46]</testName>
          <skipped>false</skipped>
          <failedSince>0</failedSince>
        </case>
        <case>
          <duration>0.0</duration>
          <className>hudson.scheduler.CronTabDayOfWeekLocaleTest</className>
          <testName>isSundayAndNextRunIsNextSunday[46]</testName>
          <skipped>false</skipped>
          <failedSince>0</failedSince>
        </case>
        <case>
          <duration>0.001</duration>
          <className>hudson.scheduler.CronTabDayOfWeekLocaleTest</className>
          <testName>isSundayAndPreviousRunIsPreviousSunday[46]</testName>
          <skipped>false</skipped>
          <failedSince>0</failedSince>
        </case>
        <case>
          <duration>0.0</duration>
          <className>hudson.scheduler.CronTabDayOfWeekLocaleTest</className>
          <testName>isSundayAndNextRunIsNextSunday7[46]</testName>
          <skipped>false</skipped>
          <failedSince>0</failedSince>
        </case>
        <case>
          <duration>0.0</duration>
          <className>hudson.scheduler.CronTabDayOfWeekLocaleTest</className>
          <testName>isSundayAndPreviousRunIsPreviousSunday7[46]</testName>
          <skipped>false</skipped>
          <failedSince>0</failedSince>
        </case>
        <case>
          <duration>0.0</duration>
          <className>hudson.scheduler.CronTabDayOfWeekLocaleTest</className>
          <testName>isSaturdayAndNextRunIsSundayAsterisk[46]</testName>
          <skipped>false</skipped>
          <failedSince>0</failedSince>
        </case>
        <case>
          <duration>0.0</duration>
          <className>hudson.scheduler.CronTabDayOfWeekLocaleTest</className>
          <testName>isSundayAndPreviousRunIsSaturdayAsterisk[46]</testName>
          <skipped>false</skipped>
          <failedSince>0</failedSince>
        </case>
        <case>
          <duration>0.001</duration>
          <className>hudson.scheduler.CronTabDayOfWeekLocaleTest</className>
          <testName>hudson8658[47]</testName>
          <skipped>false</skipped>
          <failedSince>0</failedSince>
        </case>
        <case>
          <duration>0.0</duration>
          <className>hudson.scheduler.CronTabDayOfWeekLocaleTest</className>
          <testName>isSundayAndNextRunIsMonday[47]</testName>
          <skipped>false</skipped>
          <failedSince>0</failedSince>
        </case>
        <case>
          <duration>0.0</duration>
          <className>hudson.scheduler.CronTabDayOfWeekLocaleTest</className>
          <testName>isSundayAndPreviousRunIsMonday[47]</testName>
          <skipped>false</skipped>
          <failedSince>0</failedSince>
        </case>
        <case>
          <duration>0.0</duration>
          <className>hudson.scheduler.CronTabDayOfWeekLocaleTest</className>
          <testName>isSundayAndNextRunIsTuesday[47]</testName>
          <skipped>false</skipped>
          <failedSince>0</failedSince>
        </case>
        <case>
          <duration>0.0</duration>
          <className>hudson.scheduler.CronTabDayOfWeekLocaleTest</className>
          <testName>isSundayAndPreviousRunIsTuesday[47]</testName>
          <skipped>false</skipped>
          <failedSince>0</failedSince>
        </case>
        <case>
          <duration>0.001</duration>
          <className>hudson.scheduler.CronTabDayOfWeekLocaleTest</className>
          <testName>isSundayAndNextRunIsWednesday[47]</testName>
          <skipped>false</skipped>
          <failedSince>0</failedSince>
        </case>
        <case>
          <duration>0.0</duration>
          <className>hudson.scheduler.CronTabDayOfWeekLocaleTest</className>
          <testName>isSundayAndPreviousRunIsWednesday[47]</testName>
          <skipped>false</skipped>
          <failedSince>0</failedSince>
        </case>
        <case>
          <duration>0.0</duration>
          <className>hudson.scheduler.CronTabDayOfWeekLocaleTest</className>
          <testName>isSundayAndNextRunIsThursday[47]</testName>
          <skipped>false</skipped>
          <failedSince>0</failedSince>
        </case>
        <case>
          <duration>0.001</duration>
          <className>hudson.scheduler.CronTabDayOfWeekLocaleTest</className>
          <testName>isSundayAndPreviousRunIsThursday[47]</testName>
          <skipped>false</skipped>
          <failedSince>0</failedSince>
        </case>
        <case>
          <duration>0.0</duration>
          <className>hudson.scheduler.CronTabDayOfWeekLocaleTest</className>
          <testName>isSundayAndNextRunIsFriday[47]</testName>
          <skipped>false</skipped>
          <failedSince>0</failedSince>
        </case>
        <case>
          <duration>0.0</duration>
          <className>hudson.scheduler.CronTabDayOfWeekLocaleTest</className>
          <testName>isSundayAndPreviousRunIsFriday[47]</testName>
          <skipped>false</skipped>
          <failedSince>0</failedSince>
        </case>
        <case>
          <duration>0.001</duration>
          <className>hudson.scheduler.CronTabDayOfWeekLocaleTest</className>
          <testName>isSundayAndNextRunIsSaturday[47]</testName>
          <skipped>false</skipped>
          <failedSince>0</failedSince>
        </case>
        <case>
          <duration>0.0</duration>
          <className>hudson.scheduler.CronTabDayOfWeekLocaleTest</className>
          <testName>isSundayAndPreviousRunIsSaturday[47]</testName>
          <skipped>false</skipped>
          <failedSince>0</failedSince>
        </case>
        <case>
          <duration>0.001</duration>
          <className>hudson.scheduler.CronTabDayOfWeekLocaleTest</className>
          <testName>isSundayAndNextRunIsNextSunday[47]</testName>
          <skipped>false</skipped>
          <failedSince>0</failedSince>
        </case>
        <case>
          <duration>0.0</duration>
          <className>hudson.scheduler.CronTabDayOfWeekLocaleTest</className>
          <testName>isSundayAndPreviousRunIsPreviousSunday[47]</testName>
          <skipped>false</skipped>
          <failedSince>0</failedSince>
        </case>
        <case>
          <duration>0.0</duration>
          <className>hudson.scheduler.CronTabDayOfWeekLocaleTest</className>
          <testName>isSundayAndNextRunIsNextSunday7[47]</testName>
          <skipped>false</skipped>
          <failedSince>0</failedSince>
        </case>
        <case>
          <duration>0.001</duration>
          <className>hudson.scheduler.CronTabDayOfWeekLocaleTest</className>
          <testName>isSundayAndPreviousRunIsPreviousSunday7[47]</testName>
          <skipped>false</skipped>
          <failedSince>0</failedSince>
        </case>
        <case>
          <duration>0.0</duration>
          <className>hudson.scheduler.CronTabDayOfWeekLocaleTest</className>
          <testName>isSaturdayAndNextRunIsSundayAsterisk[47]</testName>
          <skipped>false</skipped>
          <failedSince>0</failedSince>
        </case>
        <case>
          <duration>0.0</duration>
          <className>hudson.scheduler.CronTabDayOfWeekLocaleTest</className>
          <testName>isSundayAndPreviousRunIsSaturdayAsterisk[47]</testName>
          <skipped>false</skipped>
          <failedSince>0</failedSince>
        </case>
        <case>
          <duration>0.0</duration>
          <className>hudson.scheduler.CronTabDayOfWeekLocaleTest</className>
          <testName>hudson8658[48]</testName>
          <skipped>false</skipped>
          <failedSince>0</failedSince>
        </case>
        <case>
          <duration>0.0</duration>
          <className>hudson.scheduler.CronTabDayOfWeekLocaleTest</className>
          <testName>isSundayAndNextRunIsMonday[48]</testName>
          <skipped>false</skipped>
          <failedSince>0</failedSince>
        </case>
        <case>
          <duration>0.001</duration>
          <className>hudson.scheduler.CronTabDayOfWeekLocaleTest</className>
          <testName>isSundayAndPreviousRunIsMonday[48]</testName>
          <skipped>false</skipped>
          <failedSince>0</failedSince>
        </case>
        <case>
          <duration>0.0</duration>
          <className>hudson.scheduler.CronTabDayOfWeekLocaleTest</className>
          <testName>isSundayAndNextRunIsTuesday[48]</testName>
          <skipped>false</skipped>
          <failedSince>0</failedSince>
        </case>
        <case>
          <duration>0.0</duration>
          <className>hudson.scheduler.CronTabDayOfWeekLocaleTest</className>
          <testName>isSundayAndPreviousRunIsTuesday[48]</testName>
          <skipped>false</skipped>
          <failedSince>0</failedSince>
        </case>
        <case>
          <duration>0.001</duration>
          <className>hudson.scheduler.CronTabDayOfWeekLocaleTest</className>
          <testName>isSundayAndNextRunIsWednesday[48]</testName>
          <skipped>false</skipped>
          <failedSince>0</failedSince>
        </case>
        <case>
          <duration>0.0</duration>
          <className>hudson.scheduler.CronTabDayOfWeekLocaleTest</className>
          <testName>isSundayAndPreviousRunIsWednesday[48]</testName>
          <skipped>false</skipped>
          <failedSince>0</failedSince>
        </case>
        <case>
          <duration>0.0</duration>
          <className>hudson.scheduler.CronTabDayOfWeekLocaleTest</className>
          <testName>isSundayAndNextRunIsThursday[48]</testName>
          <skipped>false</skipped>
          <failedSince>0</failedSince>
        </case>
        <case>
          <duration>0.0</duration>
          <className>hudson.scheduler.CronTabDayOfWeekLocaleTest</className>
          <testName>isSundayAndPreviousRunIsThursday[48]</testName>
          <skipped>false</skipped>
          <failedSince>0</failedSince>
        </case>
        <case>
          <duration>0.0</duration>
          <className>hudson.scheduler.CronTabDayOfWeekLocaleTest</className>
          <testName>isSundayAndNextRunIsFriday[48]</testName>
          <skipped>false</skipped>
          <failedSince>0</failedSince>
        </case>
        <case>
          <duration>0.001</duration>
          <className>hudson.scheduler.CronTabDayOfWeekLocaleTest</className>
          <testName>isSundayAndPreviousRunIsFriday[48]</testName>
          <skipped>false</skipped>
          <failedSince>0</failedSince>
        </case>
        <case>
          <duration>0.0</duration>
          <className>hudson.scheduler.CronTabDayOfWeekLocaleTest</className>
          <testName>isSundayAndNextRunIsSaturday[48]</testName>
          <skipped>false</skipped>
          <failedSince>0</failedSince>
        </case>
        <case>
          <duration>0.0</duration>
          <className>hudson.scheduler.CronTabDayOfWeekLocaleTest</className>
          <testName>isSundayAndPreviousRunIsSaturday[48]</testName>
          <skipped>false</skipped>
          <failedSince>0</failedSince>
        </case>
        <case>
          <duration>0.001</duration>
          <className>hudson.scheduler.CronTabDayOfWeekLocaleTest</className>
          <testName>isSundayAndNextRunIsNextSunday[48]</testName>
          <skipped>false</skipped>
          <failedSince>0</failedSince>
        </case>
        <case>
          <duration>0.0</duration>
          <className>hudson.scheduler.CronTabDayOfWeekLocaleTest</className>
          <testName>isSundayAndPreviousRunIsPreviousSunday[48]</testName>
          <skipped>false</skipped>
          <failedSince>0</failedSince>
        </case>
        <case>
          <duration>0.0</duration>
          <className>hudson.scheduler.CronTabDayOfWeekLocaleTest</className>
          <testName>isSundayAndNextRunIsNextSunday7[48]</testName>
          <skipped>false</skipped>
          <failedSince>0</failedSince>
        </case>
        <case>
          <duration>0.0</duration>
          <className>hudson.scheduler.CronTabDayOfWeekLocaleTest</className>
          <testName>isSundayAndPreviousRunIsPreviousSunday7[48]</testName>
          <skipped>false</skipped>
          <failedSince>0</failedSince>
        </case>
        <case>
          <duration>0.0</duration>
          <className>hudson.scheduler.CronTabDayOfWeekLocaleTest</className>
          <testName>isSaturdayAndNextRunIsSundayAsterisk[48]</testName>
          <skipped>false</skipped>
          <failedSince>0</failedSince>
        </case>
        <case>
          <duration>0.001</duration>
          <className>hudson.scheduler.CronTabDayOfWeekLocaleTest</className>
          <testName>isSundayAndPreviousRunIsSaturdayAsterisk[48]</testName>
          <skipped>false</skipped>
          <failedSince>0</failedSince>
        </case>
        <case>
          <duration>0.0</duration>
          <className>hudson.scheduler.CronTabDayOfWeekLocaleTest</className>
          <testName>hudson8658[49]</testName>
          <skipped>false</skipped>
          <failedSince>0</failedSince>
        </case>
        <case>
          <duration>0.0</duration>
          <className>hudson.scheduler.CronTabDayOfWeekLocaleTest</className>
          <testName>isSundayAndNextRunIsMonday[49]</testName>
          <skipped>false</skipped>
          <failedSince>0</failedSince>
        </case>
        <case>
          <duration>0.0</duration>
          <className>hudson.scheduler.CronTabDayOfWeekLocaleTest</className>
          <testName>isSundayAndPreviousRunIsMonday[49]</testName>
          <skipped>false</skipped>
          <failedSince>0</failedSince>
        </case>
        <case>
          <duration>0.0</duration>
          <className>hudson.scheduler.CronTabDayOfWeekLocaleTest</className>
          <testName>isSundayAndNextRunIsTuesday[49]</testName>
          <skipped>false</skipped>
          <failedSince>0</failedSince>
        </case>
        <case>
          <duration>0.001</duration>
          <className>hudson.scheduler.CronTabDayOfWeekLocaleTest</className>
          <testName>isSundayAndPreviousRunIsTuesday[49]</testName>
          <skipped>false</skipped>
          <failedSince>0</failedSince>
        </case>
        <case>
          <duration>0.0</duration>
          <className>hudson.scheduler.CronTabDayOfWeekLocaleTest</className>
          <testName>isSundayAndNextRunIsWednesday[49]</testName>
          <skipped>false</skipped>
          <failedSince>0</failedSince>
        </case>
        <case>
          <duration>0.0</duration>
          <className>hudson.scheduler.CronTabDayOfWeekLocaleTest</className>
          <testName>isSundayAndPreviousRunIsWednesday[49]</testName>
          <skipped>false</skipped>
          <failedSince>0</failedSince>
        </case>
        <case>
          <duration>0.001</duration>
          <className>hudson.scheduler.CronTabDayOfWeekLocaleTest</className>
          <testName>isSundayAndNextRunIsThursday[49]</testName>
          <skipped>false</skipped>
          <failedSince>0</failedSince>
        </case>
        <case>
          <duration>0.0</duration>
          <className>hudson.scheduler.CronTabDayOfWeekLocaleTest</className>
          <testName>isSundayAndPreviousRunIsThursday[49]</testName>
          <skipped>false</skipped>
          <failedSince>0</failedSince>
        </case>
        <case>
          <duration>0.0</duration>
          <className>hudson.scheduler.CronTabDayOfWeekLocaleTest</className>
          <testName>isSundayAndNextRunIsFriday[49]</testName>
          <skipped>false</skipped>
          <failedSince>0</failedSince>
        </case>
        <case>
          <duration>0.001</duration>
          <className>hudson.scheduler.CronTabDayOfWeekLocaleTest</className>
          <testName>isSundayAndPreviousRunIsFriday[49]</testName>
          <skipped>false</skipped>
          <failedSince>0</failedSince>
        </case>
        <case>
          <duration>0.0</duration>
          <className>hudson.scheduler.CronTabDayOfWeekLocaleTest</className>
          <testName>isSundayAndNextRunIsSaturday[49]</testName>
          <skipped>false</skipped>
          <failedSince>0</failedSince>
        </case>
        <case>
          <duration>0.0</duration>
          <className>hudson.scheduler.CronTabDayOfWeekLocaleTest</className>
          <testName>isSundayAndPreviousRunIsSaturday[49]</testName>
          <skipped>false</skipped>
          <failedSince>0</failedSince>
        </case>
        <case>
          <duration>0.0</duration>
          <className>hudson.scheduler.CronTabDayOfWeekLocaleTest</className>
          <testName>isSundayAndNextRunIsNextSunday[49]</testName>
          <skipped>false</skipped>
          <failedSince>0</failedSince>
        </case>
        <case>
          <duration>0.0</duration>
          <className>hudson.scheduler.CronTabDayOfWeekLocaleTest</className>
          <testName>isSundayAndPreviousRunIsPreviousSunday[49]</testName>
          <skipped>false</skipped>
          <failedSince>0</failedSince>
        </case>
        <case>
          <duration>0.001</duration>
          <className>hudson.scheduler.CronTabDayOfWeekLocaleTest</className>
          <testName>isSundayAndNextRunIsNextSunday7[49]</testName>
          <skipped>false</skipped>
          <failedSince>0</failedSince>
        </case>
        <case>
          <duration>0.0</duration>
          <className>hudson.scheduler.CronTabDayOfWeekLocaleTest</className>
          <testName>isSundayAndPreviousRunIsPreviousSunday7[49]</testName>
          <skipped>false</skipped>
          <failedSince>0</failedSince>
        </case>
        <case>
          <duration>0.0</duration>
          <className>hudson.scheduler.CronTabDayOfWeekLocaleTest</className>
          <testName>isSaturdayAndNextRunIsSundayAsterisk[49]</testName>
          <skipped>false</skipped>
          <failedSince>0</failedSince>
        </case>
        <case>
          <duration>0.001</duration>
          <className>hudson.scheduler.CronTabDayOfWeekLocaleTest</className>
          <testName>isSundayAndPreviousRunIsSaturdayAsterisk[49]</testName>
          <skipped>false</skipped>
          <failedSince>0</failedSince>
        </case>
        <case>
          <duration>0.0</duration>
          <className>hudson.scheduler.CronTabDayOfWeekLocaleTest</className>
          <testName>hudson8658[50]</testName>
          <skipped>false</skipped>
          <failedSince>0</failedSince>
        </case>
        <case>
          <duration>0.001</duration>
          <className>hudson.scheduler.CronTabDayOfWeekLocaleTest</className>
          <testName>isSundayAndNextRunIsMonday[50]</testName>
          <skipped>false</skipped>
          <failedSince>0</failedSince>
        </case>
        <case>
          <duration>0.0</duration>
          <className>hudson.scheduler.CronTabDayOfWeekLocaleTest</className>
          <testName>isSundayAndPreviousRunIsMonday[50]</testName>
          <skipped>false</skipped>
          <failedSince>0</failedSince>
        </case>
        <case>
          <duration>0.0</duration>
          <className>hudson.scheduler.CronTabDayOfWeekLocaleTest</className>
          <testName>isSundayAndNextRunIsTuesday[50]</testName>
          <skipped>false</skipped>
          <failedSince>0</failedSince>
        </case>
        <case>
          <duration>0.001</duration>
          <className>hudson.scheduler.CronTabDayOfWeekLocaleTest</className>
          <testName>isSundayAndPreviousRunIsTuesday[50]</testName>
          <skipped>false</skipped>
          <failedSince>0</failedSince>
        </case>
        <case>
          <duration>0.0</duration>
          <className>hudson.scheduler.CronTabDayOfWeekLocaleTest</className>
          <testName>isSundayAndNextRunIsWednesday[50]</testName>
          <skipped>false</skipped>
          <failedSince>0</failedSince>
        </case>
        <case>
          <duration>0.0</duration>
          <className>hudson.scheduler.CronTabDayOfWeekLocaleTest</className>
          <testName>isSundayAndPreviousRunIsWednesday[50]</testName>
          <skipped>false</skipped>
          <failedSince>0</failedSince>
        </case>
        <case>
          <duration>0.001</duration>
          <className>hudson.scheduler.CronTabDayOfWeekLocaleTest</className>
          <testName>isSundayAndNextRunIsThursday[50]</testName>
          <skipped>false</skipped>
          <failedSince>0</failedSince>
        </case>
        <case>
          <duration>0.0</duration>
          <className>hudson.scheduler.CronTabDayOfWeekLocaleTest</className>
          <testName>isSundayAndPreviousRunIsThursday[50]</testName>
          <skipped>false</skipped>
          <failedSince>0</failedSince>
        </case>
        <case>
          <duration>0.0</duration>
          <className>hudson.scheduler.CronTabDayOfWeekLocaleTest</className>
          <testName>isSundayAndNextRunIsFriday[50]</testName>
          <skipped>false</skipped>
          <failedSince>0</failedSince>
        </case>
        <case>
          <duration>0.0</duration>
          <className>hudson.scheduler.CronTabDayOfWeekLocaleTest</className>
          <testName>isSundayAndPreviousRunIsFriday[50]</testName>
          <skipped>false</skipped>
          <failedSince>0</failedSince>
        </case>
        <case>
          <duration>0.0</duration>
          <className>hudson.scheduler.CronTabDayOfWeekLocaleTest</className>
          <testName>isSundayAndNextRunIsSaturday[50]</testName>
          <skipped>false</skipped>
          <failedSince>0</failedSince>
        </case>
        <case>
          <duration>0.001</duration>
          <className>hudson.scheduler.CronTabDayOfWeekLocaleTest</className>
          <testName>isSundayAndPreviousRunIsSaturday[50]</testName>
          <skipped>false</skipped>
          <failedSince>0</failedSince>
        </case>
        <case>
          <duration>0.0</duration>
          <className>hudson.scheduler.CronTabDayOfWeekLocaleTest</className>
          <testName>isSundayAndNextRunIsNextSunday[50]</testName>
          <skipped>false</skipped>
          <failedSince>0</failedSince>
        </case>
        <case>
          <duration>0.0</duration>
          <className>hudson.scheduler.CronTabDayOfWeekLocaleTest</className>
          <testName>isSundayAndPreviousRunIsPreviousSunday[50]</testName>
          <skipped>false</skipped>
          <failedSince>0</failedSince>
        </case>
        <case>
          <duration>0.001</duration>
          <className>hudson.scheduler.CronTabDayOfWeekLocaleTest</className>
          <testName>isSundayAndNextRunIsNextSunday7[50]</testName>
          <skipped>false</skipped>
          <failedSince>0</failedSince>
        </case>
        <case>
          <duration>0.0</duration>
          <className>hudson.scheduler.CronTabDayOfWeekLocaleTest</className>
          <testName>isSundayAndPreviousRunIsPreviousSunday7[50]</testName>
          <skipped>false</skipped>
          <failedSince>0</failedSince>
        </case>
        <case>
          <duration>0.001</duration>
          <className>hudson.scheduler.CronTabDayOfWeekLocaleTest</className>
          <testName>isSaturdayAndNextRunIsSundayAsterisk[50]</testName>
          <skipped>false</skipped>
          <failedSince>0</failedSince>
        </case>
        <case>
          <duration>0.0</duration>
          <className>hudson.scheduler.CronTabDayOfWeekLocaleTest</className>
          <testName>isSundayAndPreviousRunIsSaturdayAsterisk[50]</testName>
          <skipped>false</skipped>
          <failedSince>0</failedSince>
        </case>
        <case>
          <duration>0.0</duration>
          <className>hudson.scheduler.CronTabDayOfWeekLocaleTest</className>
          <testName>hudson8658[51]</testName>
          <skipped>false</skipped>
          <failedSince>0</failedSince>
        </case>
        <case>
          <duration>0.001</duration>
          <className>hudson.scheduler.CronTabDayOfWeekLocaleTest</className>
          <testName>isSundayAndNextRunIsMonday[51]</testName>
          <skipped>false</skipped>
          <failedSince>0</failedSince>
        </case>
        <case>
          <duration>0.0</duration>
          <className>hudson.scheduler.CronTabDayOfWeekLocaleTest</className>
          <testName>isSundayAndPreviousRunIsMonday[51]</testName>
          <skipped>false</skipped>
          <failedSince>0</failedSince>
        </case>
        <case>
          <duration>0.0</duration>
          <className>hudson.scheduler.CronTabDayOfWeekLocaleTest</className>
          <testName>isSundayAndNextRunIsTuesday[51]</testName>
          <skipped>false</skipped>
          <failedSince>0</failedSince>
        </case>
        <case>
          <duration>0.0</duration>
          <className>hudson.scheduler.CronTabDayOfWeekLocaleTest</className>
          <testName>isSundayAndPreviousRunIsTuesday[51]</testName>
          <skipped>false</skipped>
          <failedSince>0</failedSince>
        </case>
        <case>
          <duration>0.0</duration>
          <className>hudson.scheduler.CronTabDayOfWeekLocaleTest</className>
          <testName>isSundayAndNextRunIsWednesday[51]</testName>
          <skipped>false</skipped>
          <failedSince>0</failedSince>
        </case>
        <case>
          <duration>0.0</duration>
          <className>hudson.scheduler.CronTabDayOfWeekLocaleTest</className>
          <testName>isSundayAndPreviousRunIsWednesday[51]</testName>
          <skipped>false</skipped>
          <failedSince>0</failedSince>
        </case>
        <case>
          <duration>0.0</duration>
          <className>hudson.scheduler.CronTabDayOfWeekLocaleTest</className>
          <testName>isSundayAndNextRunIsThursday[51]</testName>
          <skipped>false</skipped>
          <failedSince>0</failedSince>
        </case>
        <case>
          <duration>0.0</duration>
          <className>hudson.scheduler.CronTabDayOfWeekLocaleTest</className>
          <testName>isSundayAndPreviousRunIsThursday[51]</testName>
          <skipped>false</skipped>
          <failedSince>0</failedSince>
        </case>
        <case>
          <duration>0.0</duration>
          <className>hudson.scheduler.CronTabDayOfWeekLocaleTest</className>
          <testName>isSundayAndNextRunIsFriday[51]</testName>
          <skipped>false</skipped>
          <failedSince>0</failedSince>
        </case>
        <case>
          <duration>0.0</duration>
          <className>hudson.scheduler.CronTabDayOfWeekLocaleTest</className>
          <testName>isSundayAndPreviousRunIsFriday[51]</testName>
          <skipped>false</skipped>
          <failedSince>0</failedSince>
        </case>
        <case>
          <duration>0.0</duration>
          <className>hudson.scheduler.CronTabDayOfWeekLocaleTest</className>
          <testName>isSundayAndNextRunIsSaturday[51]</testName>
          <skipped>false</skipped>
          <failedSince>0</failedSince>
        </case>
        <case>
          <duration>0.001</duration>
          <className>hudson.scheduler.CronTabDayOfWeekLocaleTest</className>
          <testName>isSundayAndPreviousRunIsSaturday[51]</testName>
          <skipped>false</skipped>
          <failedSince>0</failedSince>
        </case>
        <case>
          <duration>0.0</duration>
          <className>hudson.scheduler.CronTabDayOfWeekLocaleTest</className>
          <testName>isSundayAndNextRunIsNextSunday[51]</testName>
          <skipped>false</skipped>
          <failedSince>0</failedSince>
        </case>
        <case>
          <duration>0.0</duration>
          <className>hudson.scheduler.CronTabDayOfWeekLocaleTest</className>
          <testName>isSundayAndPreviousRunIsPreviousSunday[51]</testName>
          <skipped>false</skipped>
          <failedSince>0</failedSince>
        </case>
        <case>
          <duration>0.001</duration>
          <className>hudson.scheduler.CronTabDayOfWeekLocaleTest</className>
          <testName>isSundayAndNextRunIsNextSunday7[51]</testName>
          <skipped>false</skipped>
          <failedSince>0</failedSince>
        </case>
        <case>
          <duration>0.0</duration>
          <className>hudson.scheduler.CronTabDayOfWeekLocaleTest</className>
          <testName>isSundayAndPreviousRunIsPreviousSunday7[51]</testName>
          <skipped>false</skipped>
          <failedSince>0</failedSince>
        </case>
        <case>
          <duration>0.0</duration>
          <className>hudson.scheduler.CronTabDayOfWeekLocaleTest</className>
          <testName>isSaturdayAndNextRunIsSundayAsterisk[51]</testName>
          <skipped>false</skipped>
          <failedSince>0</failedSince>
        </case>
        <case>
          <duration>0.001</duration>
          <className>hudson.scheduler.CronTabDayOfWeekLocaleTest</className>
          <testName>isSundayAndPreviousRunIsSaturdayAsterisk[51]</testName>
          <skipped>false</skipped>
          <failedSince>0</failedSince>
        </case>
        <case>
          <duration>0.0</duration>
          <className>hudson.scheduler.CronTabDayOfWeekLocaleTest</className>
          <testName>hudson8658[52]</testName>
          <skipped>false</skipped>
          <failedSince>0</failedSince>
        </case>
        <case>
          <duration>0.0</duration>
          <className>hudson.scheduler.CronTabDayOfWeekLocaleTest</className>
          <testName>isSundayAndNextRunIsMonday[52]</testName>
          <skipped>false</skipped>
          <failedSince>0</failedSince>
        </case>
        <case>
          <duration>0.0</duration>
          <className>hudson.scheduler.CronTabDayOfWeekLocaleTest</className>
          <testName>isSundayAndPreviousRunIsMonday[52]</testName>
          <skipped>false</skipped>
          <failedSince>0</failedSince>
        </case>
        <case>
          <duration>0.0</duration>
          <className>hudson.scheduler.CronTabDayOfWeekLocaleTest</className>
          <testName>isSundayAndNextRunIsTuesday[52]</testName>
          <skipped>false</skipped>
          <failedSince>0</failedSince>
        </case>
        <case>
          <duration>0.0</duration>
          <className>hudson.scheduler.CronTabDayOfWeekLocaleTest</className>
          <testName>isSundayAndPreviousRunIsTuesday[52]</testName>
          <skipped>false</skipped>
          <failedSince>0</failedSince>
        </case>
        <case>
          <duration>0.0</duration>
          <className>hudson.scheduler.CronTabDayOfWeekLocaleTest</className>
          <testName>isSundayAndNextRunIsWednesday[52]</testName>
          <skipped>false</skipped>
          <failedSince>0</failedSince>
        </case>
        <case>
          <duration>0.0</duration>
          <className>hudson.scheduler.CronTabDayOfWeekLocaleTest</className>
          <testName>isSundayAndPreviousRunIsWednesday[52]</testName>
          <skipped>false</skipped>
          <failedSince>0</failedSince>
        </case>
        <case>
          <duration>0.0</duration>
          <className>hudson.scheduler.CronTabDayOfWeekLocaleTest</className>
          <testName>isSundayAndNextRunIsThursday[52]</testName>
          <skipped>false</skipped>
          <failedSince>0</failedSince>
        </case>
        <case>
          <duration>0.0</duration>
          <className>hudson.scheduler.CronTabDayOfWeekLocaleTest</className>
          <testName>isSundayAndPreviousRunIsThursday[52]</testName>
          <skipped>false</skipped>
          <failedSince>0</failedSince>
        </case>
        <case>
          <duration>0.0</duration>
          <className>hudson.scheduler.CronTabDayOfWeekLocaleTest</className>
          <testName>isSundayAndNextRunIsFriday[52]</testName>
          <skipped>false</skipped>
          <failedSince>0</failedSince>
        </case>
        <case>
          <duration>0.001</duration>
          <className>hudson.scheduler.CronTabDayOfWeekLocaleTest</className>
          <testName>isSundayAndPreviousRunIsFriday[52]</testName>
          <skipped>false</skipped>
          <failedSince>0</failedSince>
        </case>
        <case>
          <duration>0.0</duration>
          <className>hudson.scheduler.CronTabDayOfWeekLocaleTest</className>
          <testName>isSundayAndNextRunIsSaturday[52]</testName>
          <skipped>false</skipped>
          <failedSince>0</failedSince>
        </case>
        <case>
          <duration>0.0</duration>
          <className>hudson.scheduler.CronTabDayOfWeekLocaleTest</className>
          <testName>isSundayAndPreviousRunIsSaturday[52]</testName>
          <skipped>false</skipped>
          <failedSince>0</failedSince>
        </case>
        <case>
          <duration>0.001</duration>
          <className>hudson.scheduler.CronTabDayOfWeekLocaleTest</className>
          <testName>isSundayAndNextRunIsNextSunday[52]</testName>
          <skipped>false</skipped>
          <failedSince>0</failedSince>
        </case>
        <case>
          <duration>0.0</duration>
          <className>hudson.scheduler.CronTabDayOfWeekLocaleTest</className>
          <testName>isSundayAndPreviousRunIsPreviousSunday[52]</testName>
          <skipped>false</skipped>
          <failedSince>0</failedSince>
        </case>
        <case>
          <duration>0.0</duration>
          <className>hudson.scheduler.CronTabDayOfWeekLocaleTest</className>
          <testName>isSundayAndNextRunIsNextSunday7[52]</testName>
          <skipped>false</skipped>
          <failedSince>0</failedSince>
        </case>
        <case>
          <duration>0.001</duration>
          <className>hudson.scheduler.CronTabDayOfWeekLocaleTest</className>
          <testName>isSundayAndPreviousRunIsPreviousSunday7[52]</testName>
          <skipped>false</skipped>
          <failedSince>0</failedSince>
        </case>
        <case>
          <duration>0.0</duration>
          <className>hudson.scheduler.CronTabDayOfWeekLocaleTest</className>
          <testName>isSaturdayAndNextRunIsSundayAsterisk[52]</testName>
          <skipped>false</skipped>
          <failedSince>0</failedSince>
        </case>
        <case>
          <duration>0.0</duration>
          <className>hudson.scheduler.CronTabDayOfWeekLocaleTest</className>
          <testName>isSundayAndPreviousRunIsSaturdayAsterisk[52]</testName>
          <skipped>false</skipped>
          <failedSince>0</failedSince>
        </case>
        <case>
          <duration>0.0</duration>
          <className>hudson.scheduler.CronTabDayOfWeekLocaleTest</className>
          <testName>hudson8658[53]</testName>
          <skipped>false</skipped>
          <failedSince>0</failedSince>
        </case>
        <case>
          <duration>0.0</duration>
          <className>hudson.scheduler.CronTabDayOfWeekLocaleTest</className>
          <testName>isSundayAndNextRunIsMonday[53]</testName>
          <skipped>false</skipped>
          <failedSince>0</failedSince>
        </case>
        <case>
          <duration>0.0</duration>
          <className>hudson.scheduler.CronTabDayOfWeekLocaleTest</className>
          <testName>isSundayAndPreviousRunIsMonday[53]</testName>
          <skipped>false</skipped>
          <failedSince>0</failedSince>
        </case>
        <case>
          <duration>0.001</duration>
          <className>hudson.scheduler.CronTabDayOfWeekLocaleTest</className>
          <testName>isSundayAndNextRunIsTuesday[53]</testName>
          <skipped>false</skipped>
          <failedSince>0</failedSince>
        </case>
        <case>
          <duration>0.0</duration>
          <className>hudson.scheduler.CronTabDayOfWeekLocaleTest</className>
          <testName>isSundayAndPreviousRunIsTuesday[53]</testName>
          <skipped>false</skipped>
          <failedSince>0</failedSince>
        </case>
        <case>
          <duration>0.0</duration>
          <className>hudson.scheduler.CronTabDayOfWeekLocaleTest</className>
          <testName>isSundayAndNextRunIsWednesday[53]</testName>
          <skipped>false</skipped>
          <failedSince>0</failedSince>
        </case>
        <case>
          <duration>0.001</duration>
          <className>hudson.scheduler.CronTabDayOfWeekLocaleTest</className>
          <testName>isSundayAndPreviousRunIsWednesday[53]</testName>
          <skipped>false</skipped>
          <failedSince>0</failedSince>
        </case>
        <case>
          <duration>0.0</duration>
          <className>hudson.scheduler.CronTabDayOfWeekLocaleTest</className>
          <testName>isSundayAndNextRunIsThursday[53]</testName>
          <skipped>false</skipped>
          <failedSince>0</failedSince>
        </case>
        <case>
          <duration>0.0</duration>
          <className>hudson.scheduler.CronTabDayOfWeekLocaleTest</className>
          <testName>isSundayAndPreviousRunIsThursday[53]</testName>
          <skipped>false</skipped>
          <failedSince>0</failedSince>
        </case>
        <case>
          <duration>0.001</duration>
          <className>hudson.scheduler.CronTabDayOfWeekLocaleTest</className>
          <testName>isSundayAndNextRunIsFriday[53]</testName>
          <skipped>false</skipped>
          <failedSince>0</failedSince>
        </case>
        <case>
          <duration>0.0</duration>
          <className>hudson.scheduler.CronTabDayOfWeekLocaleTest</className>
          <testName>isSundayAndPreviousRunIsFriday[53]</testName>
          <skipped>false</skipped>
          <failedSince>0</failedSince>
        </case>
        <case>
          <duration>0.0</duration>
          <className>hudson.scheduler.CronTabDayOfWeekLocaleTest</className>
          <testName>isSundayAndNextRunIsSaturday[53]</testName>
          <skipped>false</skipped>
          <failedSince>0</failedSince>
        </case>
        <case>
          <duration>0.001</duration>
          <className>hudson.scheduler.CronTabDayOfWeekLocaleTest</className>
          <testName>isSundayAndPreviousRunIsSaturday[53]</testName>
          <skipped>false</skipped>
          <failedSince>0</failedSince>
        </case>
        <case>
          <duration>0.0</duration>
          <className>hudson.scheduler.CronTabDayOfWeekLocaleTest</className>
          <testName>isSundayAndNextRunIsNextSunday[53]</testName>
          <skipped>false</skipped>
          <failedSince>0</failedSince>
        </case>
        <case>
          <duration>0.0</duration>
          <className>hudson.scheduler.CronTabDayOfWeekLocaleTest</className>
          <testName>isSundayAndPreviousRunIsPreviousSunday[53]</testName>
          <skipped>false</skipped>
          <failedSince>0</failedSince>
        </case>
        <case>
          <duration>0.001</duration>
          <className>hudson.scheduler.CronTabDayOfWeekLocaleTest</className>
          <testName>isSundayAndNextRunIsNextSunday7[53]</testName>
          <skipped>false</skipped>
          <failedSince>0</failedSince>
        </case>
        <case>
          <duration>0.0</duration>
          <className>hudson.scheduler.CronTabDayOfWeekLocaleTest</className>
          <testName>isSundayAndPreviousRunIsPreviousSunday7[53]</testName>
          <skipped>false</skipped>
          <failedSince>0</failedSince>
        </case>
        <case>
          <duration>0.0</duration>
          <className>hudson.scheduler.CronTabDayOfWeekLocaleTest</className>
          <testName>isSaturdayAndNextRunIsSundayAsterisk[53]</testName>
          <skipped>false</skipped>
          <failedSince>0</failedSince>
        </case>
        <case>
          <duration>0.001</duration>
          <className>hudson.scheduler.CronTabDayOfWeekLocaleTest</className>
          <testName>isSundayAndPreviousRunIsSaturdayAsterisk[53]</testName>
          <skipped>false</skipped>
          <failedSince>0</failedSince>
        </case>
        <case>
          <duration>0.0</duration>
          <className>hudson.scheduler.CronTabDayOfWeekLocaleTest</className>
          <testName>hudson8658[54]</testName>
          <skipped>false</skipped>
          <failedSince>0</failedSince>
        </case>
        <case>
          <duration>0.001</duration>
          <className>hudson.scheduler.CronTabDayOfWeekLocaleTest</className>
          <testName>isSundayAndNextRunIsMonday[54]</testName>
          <skipped>false</skipped>
          <failedSince>0</failedSince>
        </case>
        <case>
          <duration>0.0</duration>
          <className>hudson.scheduler.CronTabDayOfWeekLocaleTest</className>
          <testName>isSundayAndPreviousRunIsMonday[54]</testName>
          <skipped>false</skipped>
          <failedSince>0</failedSince>
        </case>
        <case>
          <duration>0.0</duration>
          <className>hudson.scheduler.CronTabDayOfWeekLocaleTest</className>
          <testName>isSundayAndNextRunIsTuesday[54]</testName>
          <skipped>false</skipped>
          <failedSince>0</failedSince>
        </case>
        <case>
          <duration>0.0</duration>
          <className>hudson.scheduler.CronTabDayOfWeekLocaleTest</className>
          <testName>isSundayAndPreviousRunIsTuesday[54]</testName>
          <skipped>false</skipped>
          <failedSince>0</failedSince>
        </case>
        <case>
          <duration>0.0</duration>
          <className>hudson.scheduler.CronTabDayOfWeekLocaleTest</className>
          <testName>isSundayAndNextRunIsWednesday[54]</testName>
          <skipped>false</skipped>
          <failedSince>0</failedSince>
        </case>
        <case>
          <duration>0.0</duration>
          <className>hudson.scheduler.CronTabDayOfWeekLocaleTest</className>
          <testName>isSundayAndPreviousRunIsWednesday[54]</testName>
          <skipped>false</skipped>
          <failedSince>0</failedSince>
        </case>
        <case>
          <duration>0.0</duration>
          <className>hudson.scheduler.CronTabDayOfWeekLocaleTest</className>
          <testName>isSundayAndNextRunIsThursday[54]</testName>
          <skipped>false</skipped>
          <failedSince>0</failedSince>
        </case>
        <case>
          <duration>0.0</duration>
          <className>hudson.scheduler.CronTabDayOfWeekLocaleTest</className>
          <testName>isSundayAndPreviousRunIsThursday[54]</testName>
          <skipped>false</skipped>
          <failedSince>0</failedSince>
        </case>
        <case>
          <duration>0.0</duration>
          <className>hudson.scheduler.CronTabDayOfWeekLocaleTest</className>
          <testName>isSundayAndNextRunIsFriday[54]</testName>
          <skipped>false</skipped>
          <failedSince>0</failedSince>
        </case>
        <case>
          <duration>0.0</duration>
          <className>hudson.scheduler.CronTabDayOfWeekLocaleTest</className>
          <testName>isSundayAndPreviousRunIsFriday[54]</testName>
          <skipped>false</skipped>
          <failedSince>0</failedSince>
        </case>
        <case>
          <duration>0.0</duration>
          <className>hudson.scheduler.CronTabDayOfWeekLocaleTest</className>
          <testName>isSundayAndNextRunIsSaturday[54]</testName>
          <skipped>false</skipped>
          <failedSince>0</failedSince>
        </case>
        <case>
          <duration>0.0</duration>
          <className>hudson.scheduler.CronTabDayOfWeekLocaleTest</className>
          <testName>isSundayAndPreviousRunIsSaturday[54]</testName>
          <skipped>false</skipped>
          <failedSince>0</failedSince>
        </case>
        <case>
          <duration>0.0</duration>
          <className>hudson.scheduler.CronTabDayOfWeekLocaleTest</className>
          <testName>isSundayAndNextRunIsNextSunday[54]</testName>
          <skipped>false</skipped>
          <failedSince>0</failedSince>
        </case>
        <case>
          <duration>0.0</duration>
          <className>hudson.scheduler.CronTabDayOfWeekLocaleTest</className>
          <testName>isSundayAndPreviousRunIsPreviousSunday[54]</testName>
          <skipped>false</skipped>
          <failedSince>0</failedSince>
        </case>
        <case>
          <duration>0.0</duration>
          <className>hudson.scheduler.CronTabDayOfWeekLocaleTest</className>
          <testName>isSundayAndNextRunIsNextSunday7[54]</testName>
          <skipped>false</skipped>
          <failedSince>0</failedSince>
        </case>
        <case>
          <duration>0.0</duration>
          <className>hudson.scheduler.CronTabDayOfWeekLocaleTest</className>
          <testName>isSundayAndPreviousRunIsPreviousSunday7[54]</testName>
          <skipped>false</skipped>
          <failedSince>0</failedSince>
        </case>
        <case>
          <duration>0.0</duration>
          <className>hudson.scheduler.CronTabDayOfWeekLocaleTest</className>
          <testName>isSaturdayAndNextRunIsSundayAsterisk[54]</testName>
          <skipped>false</skipped>
          <failedSince>0</failedSince>
        </case>
        <case>
          <duration>0.0</duration>
          <className>hudson.scheduler.CronTabDayOfWeekLocaleTest</className>
          <testName>isSundayAndPreviousRunIsSaturdayAsterisk[54]</testName>
          <skipped>false</skipped>
          <failedSince>0</failedSince>
        </case>
        <case>
          <duration>0.001</duration>
          <className>hudson.scheduler.CronTabDayOfWeekLocaleTest</className>
          <testName>hudson8658[55]</testName>
          <skipped>false</skipped>
          <failedSince>0</failedSince>
        </case>
        <case>
          <duration>0.0</duration>
          <className>hudson.scheduler.CronTabDayOfWeekLocaleTest</className>
          <testName>isSundayAndNextRunIsMonday[55]</testName>
          <skipped>false</skipped>
          <failedSince>0</failedSince>
        </case>
        <case>
          <duration>0.0</duration>
          <className>hudson.scheduler.CronTabDayOfWeekLocaleTest</className>
          <testName>isSundayAndPreviousRunIsMonday[55]</testName>
          <skipped>false</skipped>
          <failedSince>0</failedSince>
        </case>
        <case>
          <duration>0.001</duration>
          <className>hudson.scheduler.CronTabDayOfWeekLocaleTest</className>
          <testName>isSundayAndNextRunIsTuesday[55]</testName>
          <skipped>false</skipped>
          <failedSince>0</failedSince>
        </case>
        <case>
          <duration>0.0</duration>
          <className>hudson.scheduler.CronTabDayOfWeekLocaleTest</className>
          <testName>isSundayAndPreviousRunIsTuesday[55]</testName>
          <skipped>false</skipped>
          <failedSince>0</failedSince>
        </case>
        <case>
          <duration>0.0</duration>
          <className>hudson.scheduler.CronTabDayOfWeekLocaleTest</className>
          <testName>isSundayAndNextRunIsWednesday[55]</testName>
          <skipped>false</skipped>
          <failedSince>0</failedSince>
        </case>
        <case>
          <duration>0.001</duration>
          <className>hudson.scheduler.CronTabDayOfWeekLocaleTest</className>
          <testName>isSundayAndPreviousRunIsWednesday[55]</testName>
          <skipped>false</skipped>
          <failedSince>0</failedSince>
        </case>
        <case>
          <duration>0.0</duration>
          <className>hudson.scheduler.CronTabDayOfWeekLocaleTest</className>
          <testName>isSundayAndNextRunIsThursday[55]</testName>
          <skipped>false</skipped>
          <failedSince>0</failedSince>
        </case>
        <case>
          <duration>0.0</duration>
          <className>hudson.scheduler.CronTabDayOfWeekLocaleTest</className>
          <testName>isSundayAndPreviousRunIsThursday[55]</testName>
          <skipped>false</skipped>
          <failedSince>0</failedSince>
        </case>
        <case>
          <duration>0.0</duration>
          <className>hudson.scheduler.CronTabDayOfWeekLocaleTest</className>
          <testName>isSundayAndNextRunIsFriday[55]</testName>
          <skipped>false</skipped>
          <failedSince>0</failedSince>
        </case>
        <case>
          <duration>0.0</duration>
          <className>hudson.scheduler.CronTabDayOfWeekLocaleTest</className>
          <testName>isSundayAndPreviousRunIsFriday[55]</testName>
          <skipped>false</skipped>
          <failedSince>0</failedSince>
        </case>
        <case>
          <duration>0.0</duration>
          <className>hudson.scheduler.CronTabDayOfWeekLocaleTest</className>
          <testName>isSundayAndNextRunIsSaturday[55]</testName>
          <skipped>false</skipped>
          <failedSince>0</failedSince>
        </case>
        <case>
          <duration>0.0</duration>
          <className>hudson.scheduler.CronTabDayOfWeekLocaleTest</className>
          <testName>isSundayAndPreviousRunIsSaturday[55]</testName>
          <skipped>false</skipped>
          <failedSince>0</failedSince>
        </case>
        <case>
          <duration>0.0</duration>
          <className>hudson.scheduler.CronTabDayOfWeekLocaleTest</className>
          <testName>isSundayAndNextRunIsNextSunday[55]</testName>
          <skipped>false</skipped>
          <failedSince>0</failedSince>
        </case>
        <case>
          <duration>0.0</duration>
          <className>hudson.scheduler.CronTabDayOfWeekLocaleTest</className>
          <testName>isSundayAndPreviousRunIsPreviousSunday[55]</testName>
          <skipped>false</skipped>
          <failedSince>0</failedSince>
        </case>
        <case>
          <duration>0.0</duration>
          <className>hudson.scheduler.CronTabDayOfWeekLocaleTest</className>
          <testName>isSundayAndNextRunIsNextSunday7[55]</testName>
          <skipped>false</skipped>
          <failedSince>0</failedSince>
        </case>
        <case>
          <duration>0.0</duration>
          <className>hudson.scheduler.CronTabDayOfWeekLocaleTest</className>
          <testName>isSundayAndPreviousRunIsPreviousSunday7[55]</testName>
          <skipped>false</skipped>
          <failedSince>0</failedSince>
        </case>
        <case>
          <duration>0.0</duration>
          <className>hudson.scheduler.CronTabDayOfWeekLocaleTest</className>
          <testName>isSaturdayAndNextRunIsSundayAsterisk[55]</testName>
          <skipped>false</skipped>
          <failedSince>0</failedSince>
        </case>
        <case>
          <duration>0.0</duration>
          <className>hudson.scheduler.CronTabDayOfWeekLocaleTest</className>
          <testName>isSundayAndPreviousRunIsSaturdayAsterisk[55]</testName>
          <skipped>false</skipped>
          <failedSince>0</failedSince>
        </case>
        <case>
          <duration>0.0</duration>
          <className>hudson.scheduler.CronTabDayOfWeekLocaleTest</className>
          <testName>hudson8658[56]</testName>
          <skipped>false</skipped>
          <failedSince>0</failedSince>
        </case>
        <case>
          <duration>0.0</duration>
          <className>hudson.scheduler.CronTabDayOfWeekLocaleTest</className>
          <testName>isSundayAndNextRunIsMonday[56]</testName>
          <skipped>false</skipped>
          <failedSince>0</failedSince>
        </case>
        <case>
          <duration>0.001</duration>
          <className>hudson.scheduler.CronTabDayOfWeekLocaleTest</className>
          <testName>isSundayAndPreviousRunIsMonday[56]</testName>
          <skipped>false</skipped>
          <failedSince>0</failedSince>
        </case>
        <case>
          <duration>0.0</duration>
          <className>hudson.scheduler.CronTabDayOfWeekLocaleTest</className>
          <testName>isSundayAndNextRunIsTuesday[56]</testName>
          <skipped>false</skipped>
          <failedSince>0</failedSince>
        </case>
        <case>
          <duration>0.0</duration>
          <className>hudson.scheduler.CronTabDayOfWeekLocaleTest</className>
          <testName>isSundayAndPreviousRunIsTuesday[56]</testName>
          <skipped>false</skipped>
          <failedSince>0</failedSince>
        </case>
        <case>
          <duration>0.0</duration>
          <className>hudson.scheduler.CronTabDayOfWeekLocaleTest</className>
          <testName>isSundayAndNextRunIsWednesday[56]</testName>
          <skipped>false</skipped>
          <failedSince>0</failedSince>
        </case>
        <case>
          <duration>0.0</duration>
          <className>hudson.scheduler.CronTabDayOfWeekLocaleTest</className>
          <testName>isSundayAndPreviousRunIsWednesday[56]</testName>
          <skipped>false</skipped>
          <failedSince>0</failedSince>
        </case>
        <case>
          <duration>0.0</duration>
          <className>hudson.scheduler.CronTabDayOfWeekLocaleTest</className>
          <testName>isSundayAndNextRunIsThursday[56]</testName>
          <skipped>false</skipped>
          <failedSince>0</failedSince>
        </case>
        <case>
          <duration>0.0</duration>
          <className>hudson.scheduler.CronTabDayOfWeekLocaleTest</className>
          <testName>isSundayAndPreviousRunIsThursday[56]</testName>
          <skipped>false</skipped>
          <failedSince>0</failedSince>
        </case>
        <case>
          <duration>0.0</duration>
          <className>hudson.scheduler.CronTabDayOfWeekLocaleTest</className>
          <testName>isSundayAndNextRunIsFriday[56]</testName>
          <skipped>false</skipped>
          <failedSince>0</failedSince>
        </case>
        <case>
          <duration>0.0</duration>
          <className>hudson.scheduler.CronTabDayOfWeekLocaleTest</className>
          <testName>isSundayAndPreviousRunIsFriday[56]</testName>
          <skipped>false</skipped>
          <failedSince>0</failedSince>
        </case>
        <case>
          <duration>0.0</duration>
          <className>hudson.scheduler.CronTabDayOfWeekLocaleTest</className>
          <testName>isSundayAndNextRunIsSaturday[56]</testName>
          <skipped>false</skipped>
          <failedSince>0</failedSince>
        </case>
        <case>
          <duration>0.001</duration>
          <className>hudson.scheduler.CronTabDayOfWeekLocaleTest</className>
          <testName>isSundayAndPreviousRunIsSaturday[56]</testName>
          <skipped>false</skipped>
          <failedSince>0</failedSince>
        </case>
        <case>
          <duration>0.0</duration>
          <className>hudson.scheduler.CronTabDayOfWeekLocaleTest</className>
          <testName>isSundayAndNextRunIsNextSunday[56]</testName>
          <skipped>false</skipped>
          <failedSince>0</failedSince>
        </case>
        <case>
          <duration>0.0</duration>
          <className>hudson.scheduler.CronTabDayOfWeekLocaleTest</className>
          <testName>isSundayAndPreviousRunIsPreviousSunday[56]</testName>
          <skipped>false</skipped>
          <failedSince>0</failedSince>
        </case>
        <case>
          <duration>0.001</duration>
          <className>hudson.scheduler.CronTabDayOfWeekLocaleTest</className>
          <testName>isSundayAndNextRunIsNextSunday7[56]</testName>
          <skipped>false</skipped>
          <failedSince>0</failedSince>
        </case>
        <case>
          <duration>0.0</duration>
          <className>hudson.scheduler.CronTabDayOfWeekLocaleTest</className>
          <testName>isSundayAndPreviousRunIsPreviousSunday7[56]</testName>
          <skipped>false</skipped>
          <failedSince>0</failedSince>
        </case>
        <case>
          <duration>0.0</duration>
          <className>hudson.scheduler.CronTabDayOfWeekLocaleTest</className>
          <testName>isSaturdayAndNextRunIsSundayAsterisk[56]</testName>
          <skipped>false</skipped>
          <failedSince>0</failedSince>
        </case>
        <case>
          <duration>0.001</duration>
          <className>hudson.scheduler.CronTabDayOfWeekLocaleTest</className>
          <testName>isSundayAndPreviousRunIsSaturdayAsterisk[56]</testName>
          <skipped>false</skipped>
          <failedSince>0</failedSince>
        </case>
        <case>
          <duration>0.0</duration>
          <className>hudson.scheduler.CronTabDayOfWeekLocaleTest</className>
          <testName>hudson8658[57]</testName>
          <skipped>false</skipped>
          <failedSince>0</failedSince>
        </case>
        <case>
          <duration>0.0</duration>
          <className>hudson.scheduler.CronTabDayOfWeekLocaleTest</className>
          <testName>isSundayAndNextRunIsMonday[57]</testName>
          <skipped>false</skipped>
          <failedSince>0</failedSince>
        </case>
        <case>
          <duration>0.0</duration>
          <className>hudson.scheduler.CronTabDayOfWeekLocaleTest</className>
          <testName>isSundayAndPreviousRunIsMonday[57]</testName>
          <skipped>false</skipped>
          <failedSince>0</failedSince>
        </case>
        <case>
          <duration>0.0</duration>
          <className>hudson.scheduler.CronTabDayOfWeekLocaleTest</className>
          <testName>isSundayAndNextRunIsTuesday[57]</testName>
          <skipped>false</skipped>
          <failedSince>0</failedSince>
        </case>
        <case>
          <duration>0.0</duration>
          <className>hudson.scheduler.CronTabDayOfWeekLocaleTest</className>
          <testName>isSundayAndPreviousRunIsTuesday[57]</testName>
          <skipped>false</skipped>
          <failedSince>0</failedSince>
        </case>
        <case>
          <duration>0.001</duration>
          <className>hudson.scheduler.CronTabDayOfWeekLocaleTest</className>
          <testName>isSundayAndNextRunIsWednesday[57]</testName>
          <skipped>false</skipped>
          <failedSince>0</failedSince>
        </case>
        <case>
          <duration>0.0</duration>
          <className>hudson.scheduler.CronTabDayOfWeekLocaleTest</className>
          <testName>isSundayAndPreviousRunIsWednesday[57]</testName>
          <skipped>false</skipped>
          <failedSince>0</failedSince>
        </case>
        <case>
          <duration>0.0</duration>
          <className>hudson.scheduler.CronTabDayOfWeekLocaleTest</className>
          <testName>isSundayAndNextRunIsThursday[57]</testName>
          <skipped>false</skipped>
          <failedSince>0</failedSince>
        </case>
        <case>
          <duration>0.001</duration>
          <className>hudson.scheduler.CronTabDayOfWeekLocaleTest</className>
          <testName>isSundayAndPreviousRunIsThursday[57]</testName>
          <skipped>false</skipped>
          <failedSince>0</failedSince>
        </case>
        <case>
          <duration>0.0</duration>
          <className>hudson.scheduler.CronTabDayOfWeekLocaleTest</className>
          <testName>isSundayAndNextRunIsFriday[57]</testName>
          <skipped>false</skipped>
          <failedSince>0</failedSince>
        </case>
        <case>
          <duration>0.0</duration>
          <className>hudson.scheduler.CronTabDayOfWeekLocaleTest</className>
          <testName>isSundayAndPreviousRunIsFriday[57]</testName>
          <skipped>false</skipped>
          <failedSince>0</failedSince>
        </case>
        <case>
          <duration>0.001</duration>
          <className>hudson.scheduler.CronTabDayOfWeekLocaleTest</className>
          <testName>isSundayAndNextRunIsSaturday[57]</testName>
          <skipped>false</skipped>
          <failedSince>0</failedSince>
        </case>
        <case>
          <duration>0.0</duration>
          <className>hudson.scheduler.CronTabDayOfWeekLocaleTest</className>
          <testName>isSundayAndPreviousRunIsSaturday[57]</testName>
          <skipped>false</skipped>
          <failedSince>0</failedSince>
        </case>
        <case>
          <duration>0.0</duration>
          <className>hudson.scheduler.CronTabDayOfWeekLocaleTest</className>
          <testName>isSundayAndNextRunIsNextSunday[57]</testName>
          <skipped>false</skipped>
          <failedSince>0</failedSince>
        </case>
        <case>
          <duration>0.001</duration>
          <className>hudson.scheduler.CronTabDayOfWeekLocaleTest</className>
          <testName>isSundayAndPreviousRunIsPreviousSunday[57]</testName>
          <skipped>false</skipped>
          <failedSince>0</failedSince>
        </case>
        <case>
          <duration>0.0</duration>
          <className>hudson.scheduler.CronTabDayOfWeekLocaleTest</className>
          <testName>isSundayAndNextRunIsNextSunday7[57]</testName>
          <skipped>false</skipped>
          <failedSince>0</failedSince>
        </case>
        <case>
          <duration>0.0</duration>
          <className>hudson.scheduler.CronTabDayOfWeekLocaleTest</className>
          <testName>isSundayAndPreviousRunIsPreviousSunday7[57]</testName>
          <skipped>false</skipped>
          <failedSince>0</failedSince>
        </case>
        <case>
          <duration>0.001</duration>
          <className>hudson.scheduler.CronTabDayOfWeekLocaleTest</className>
          <testName>isSaturdayAndNextRunIsSundayAsterisk[57]</testName>
          <skipped>false</skipped>
          <failedSince>0</failedSince>
        </case>
        <case>
          <duration>0.0</duration>
          <className>hudson.scheduler.CronTabDayOfWeekLocaleTest</className>
          <testName>isSundayAndPreviousRunIsSaturdayAsterisk[57]</testName>
          <skipped>false</skipped>
          <failedSince>0</failedSince>
        </case>
        <case>
          <duration>0.0</duration>
          <className>hudson.scheduler.CronTabDayOfWeekLocaleTest</className>
          <testName>hudson8658[58]</testName>
          <skipped>false</skipped>
          <failedSince>0</failedSince>
        </case>
        <case>
          <duration>0.0</duration>
          <className>hudson.scheduler.CronTabDayOfWeekLocaleTest</className>
          <testName>isSundayAndNextRunIsMonday[58]</testName>
          <skipped>false</skipped>
          <failedSince>0</failedSince>
        </case>
        <case>
          <duration>0.0</duration>
          <className>hudson.scheduler.CronTabDayOfWeekLocaleTest</className>
          <testName>isSundayAndPreviousRunIsMonday[58]</testName>
          <skipped>false</skipped>
          <failedSince>0</failedSince>
        </case>
        <case>
          <duration>0.0</duration>
          <className>hudson.scheduler.CronTabDayOfWeekLocaleTest</className>
          <testName>isSundayAndNextRunIsTuesday[58]</testName>
          <skipped>false</skipped>
          <failedSince>0</failedSince>
        </case>
        <case>
          <duration>0.0</duration>
          <className>hudson.scheduler.CronTabDayOfWeekLocaleTest</className>
          <testName>isSundayAndPreviousRunIsTuesday[58]</testName>
          <skipped>false</skipped>
          <failedSince>0</failedSince>
        </case>
        <case>
          <duration>0.0</duration>
          <className>hudson.scheduler.CronTabDayOfWeekLocaleTest</className>
          <testName>isSundayAndNextRunIsWednesday[58]</testName>
          <skipped>false</skipped>
          <failedSince>0</failedSince>
        </case>
        <case>
          <duration>0.0</duration>
          <className>hudson.scheduler.CronTabDayOfWeekLocaleTest</className>
          <testName>isSundayAndPreviousRunIsWednesday[58]</testName>
          <skipped>false</skipped>
          <failedSince>0</failedSince>
        </case>
        <case>
          <duration>0.004</duration>
          <className>hudson.scheduler.CronTabDayOfWeekLocaleTest</className>
          <testName>isSundayAndNextRunIsThursday[58]</testName>
          <skipped>false</skipped>
          <failedSince>0</failedSince>
        </case>
        <case>
          <duration>0.0</duration>
          <className>hudson.scheduler.CronTabDayOfWeekLocaleTest</className>
          <testName>isSundayAndPreviousRunIsThursday[58]</testName>
          <skipped>false</skipped>
          <failedSince>0</failedSince>
        </case>
        <case>
          <duration>0.0</duration>
          <className>hudson.scheduler.CronTabDayOfWeekLocaleTest</className>
          <testName>isSundayAndNextRunIsFriday[58]</testName>
          <skipped>false</skipped>
          <failedSince>0</failedSince>
        </case>
        <case>
          <duration>0.0</duration>
          <className>hudson.scheduler.CronTabDayOfWeekLocaleTest</className>
          <testName>isSundayAndPreviousRunIsFriday[58]</testName>
          <skipped>false</skipped>
          <failedSince>0</failedSince>
        </case>
        <case>
          <duration>0.0</duration>
          <className>hudson.scheduler.CronTabDayOfWeekLocaleTest</className>
          <testName>isSundayAndNextRunIsSaturday[58]</testName>
          <skipped>false</skipped>
          <failedSince>0</failedSince>
        </case>
        <case>
          <duration>0.007</duration>
          <className>hudson.scheduler.CronTabDayOfWeekLocaleTest</className>
          <testName>isSundayAndPreviousRunIsSaturday[58]</testName>
          <skipped>false</skipped>
          <failedSince>0</failedSince>
        </case>
        <case>
          <duration>0.0</duration>
          <className>hudson.scheduler.CronTabDayOfWeekLocaleTest</className>
          <testName>isSundayAndNextRunIsNextSunday[58]</testName>
          <skipped>false</skipped>
          <failedSince>0</failedSince>
        </case>
        <case>
          <duration>0.0</duration>
          <className>hudson.scheduler.CronTabDayOfWeekLocaleTest</className>
          <testName>isSundayAndPreviousRunIsPreviousSunday[58]</testName>
          <skipped>false</skipped>
          <failedSince>0</failedSince>
        </case>
        <case>
          <duration>0.0</duration>
          <className>hudson.scheduler.CronTabDayOfWeekLocaleTest</className>
          <testName>isSundayAndNextRunIsNextSunday7[58]</testName>
          <skipped>false</skipped>
          <failedSince>0</failedSince>
        </case>
        <case>
          <duration>0.0</duration>
          <className>hudson.scheduler.CronTabDayOfWeekLocaleTest</className>
          <testName>isSundayAndPreviousRunIsPreviousSunday7[58]</testName>
          <skipped>false</skipped>
          <failedSince>0</failedSince>
        </case>
        <case>
          <duration>0.0</duration>
          <className>hudson.scheduler.CronTabDayOfWeekLocaleTest</className>
          <testName>isSaturdayAndNextRunIsSundayAsterisk[58]</testName>
          <skipped>false</skipped>
          <failedSince>0</failedSince>
        </case>
        <case>
          <duration>0.0</duration>
          <className>hudson.scheduler.CronTabDayOfWeekLocaleTest</className>
          <testName>isSundayAndPreviousRunIsSaturdayAsterisk[58]</testName>
          <skipped>false</skipped>
          <failedSince>0</failedSince>
        </case>
        <case>
          <duration>0.0</duration>
          <className>hudson.scheduler.CronTabDayOfWeekLocaleTest</className>
          <testName>hudson8658[59]</testName>
          <skipped>false</skipped>
          <failedSince>0</failedSince>
        </case>
        <case>
          <duration>0.0</duration>
          <className>hudson.scheduler.CronTabDayOfWeekLocaleTest</className>
          <testName>isSundayAndNextRunIsMonday[59]</testName>
          <skipped>false</skipped>
          <failedSince>0</failedSince>
        </case>
        <case>
          <duration>0.001</duration>
          <className>hudson.scheduler.CronTabDayOfWeekLocaleTest</className>
          <testName>isSundayAndPreviousRunIsMonday[59]</testName>
          <skipped>false</skipped>
          <failedSince>0</failedSince>
        </case>
        <case>
          <duration>0.0</duration>
          <className>hudson.scheduler.CronTabDayOfWeekLocaleTest</className>
          <testName>isSundayAndNextRunIsTuesday[59]</testName>
          <skipped>false</skipped>
          <failedSince>0</failedSince>
        </case>
        <case>
          <duration>0.0</duration>
          <className>hudson.scheduler.CronTabDayOfWeekLocaleTest</className>
          <testName>isSundayAndPreviousRunIsTuesday[59]</testName>
          <skipped>false</skipped>
          <failedSince>0</failedSince>
        </case>
        <case>
          <duration>0.0</duration>
          <className>hudson.scheduler.CronTabDayOfWeekLocaleTest</className>
          <testName>isSundayAndNextRunIsWednesday[59]</testName>
          <skipped>false</skipped>
          <failedSince>0</failedSince>
        </case>
        <case>
          <duration>0.0</duration>
          <className>hudson.scheduler.CronTabDayOfWeekLocaleTest</className>
          <testName>isSundayAndPreviousRunIsWednesday[59]</testName>
          <skipped>false</skipped>
          <failedSince>0</failedSince>
        </case>
        <case>
          <duration>0.0</duration>
          <className>hudson.scheduler.CronTabDayOfWeekLocaleTest</className>
          <testName>isSundayAndNextRunIsThursday[59]</testName>
          <skipped>false</skipped>
          <failedSince>0</failedSince>
        </case>
        <case>
          <duration>0.0</duration>
          <className>hudson.scheduler.CronTabDayOfWeekLocaleTest</className>
          <testName>isSundayAndPreviousRunIsThursday[59]</testName>
          <skipped>false</skipped>
          <failedSince>0</failedSince>
        </case>
        <case>
          <duration>0.0</duration>
          <className>hudson.scheduler.CronTabDayOfWeekLocaleTest</className>
          <testName>isSundayAndNextRunIsFriday[59]</testName>
          <skipped>false</skipped>
          <failedSince>0</failedSince>
        </case>
        <case>
          <duration>0.0</duration>
          <className>hudson.scheduler.CronTabDayOfWeekLocaleTest</className>
          <testName>isSundayAndPreviousRunIsFriday[59]</testName>
          <skipped>false</skipped>
          <failedSince>0</failedSince>
        </case>
        <case>
          <duration>0.0</duration>
          <className>hudson.scheduler.CronTabDayOfWeekLocaleTest</className>
          <testName>isSundayAndNextRunIsSaturday[59]</testName>
          <skipped>false</skipped>
          <failedSince>0</failedSince>
        </case>
        <case>
          <duration>0.0</duration>
          <className>hudson.scheduler.CronTabDayOfWeekLocaleTest</className>
          <testName>isSundayAndPreviousRunIsSaturday[59]</testName>
          <skipped>false</skipped>
          <failedSince>0</failedSince>
        </case>
        <case>
          <duration>0.0</duration>
          <className>hudson.scheduler.CronTabDayOfWeekLocaleTest</className>
          <testName>isSundayAndNextRunIsNextSunday[59]</testName>
          <skipped>false</skipped>
          <failedSince>0</failedSince>
        </case>
        <case>
          <duration>0.0</duration>
          <className>hudson.scheduler.CronTabDayOfWeekLocaleTest</className>
          <testName>isSundayAndPreviousRunIsPreviousSunday[59]</testName>
          <skipped>false</skipped>
          <failedSince>0</failedSince>
        </case>
        <case>
          <duration>0.0</duration>
          <className>hudson.scheduler.CronTabDayOfWeekLocaleTest</className>
          <testName>isSundayAndNextRunIsNextSunday7[59]</testName>
          <skipped>false</skipped>
          <failedSince>0</failedSince>
        </case>
        <case>
          <duration>0.0</duration>
          <className>hudson.scheduler.CronTabDayOfWeekLocaleTest</className>
          <testName>isSundayAndPreviousRunIsPreviousSunday7[59]</testName>
          <skipped>false</skipped>
          <failedSince>0</failedSince>
        </case>
        <case>
          <duration>0.0</duration>
          <className>hudson.scheduler.CronTabDayOfWeekLocaleTest</className>
          <testName>isSaturdayAndNextRunIsSundayAsterisk[59]</testName>
          <skipped>false</skipped>
          <failedSince>0</failedSince>
        </case>
        <case>
          <duration>0.0</duration>
          <className>hudson.scheduler.CronTabDayOfWeekLocaleTest</className>
          <testName>isSundayAndPreviousRunIsSaturdayAsterisk[59]</testName>
          <skipped>false</skipped>
          <failedSince>0</failedSince>
        </case>
        <case>
          <duration>0.0</duration>
          <className>hudson.scheduler.CronTabDayOfWeekLocaleTest</className>
          <testName>hudson8658[60]</testName>
          <skipped>false</skipped>
          <failedSince>0</failedSince>
        </case>
        <case>
          <duration>0.0</duration>
          <className>hudson.scheduler.CronTabDayOfWeekLocaleTest</className>
          <testName>isSundayAndNextRunIsMonday[60]</testName>
          <skipped>false</skipped>
          <failedSince>0</failedSince>
        </case>
        <case>
          <duration>0.0</duration>
          <className>hudson.scheduler.CronTabDayOfWeekLocaleTest</className>
          <testName>isSundayAndPreviousRunIsMonday[60]</testName>
          <skipped>false</skipped>
          <failedSince>0</failedSince>
        </case>
        <case>
          <duration>0.0</duration>
          <className>hudson.scheduler.CronTabDayOfWeekLocaleTest</className>
          <testName>isSundayAndNextRunIsTuesday[60]</testName>
          <skipped>false</skipped>
          <failedSince>0</failedSince>
        </case>
        <case>
          <duration>0.0</duration>
          <className>hudson.scheduler.CronTabDayOfWeekLocaleTest</className>
          <testName>isSundayAndPreviousRunIsTuesday[60]</testName>
          <skipped>false</skipped>
          <failedSince>0</failedSince>
        </case>
        <case>
          <duration>0.0</duration>
          <className>hudson.scheduler.CronTabDayOfWeekLocaleTest</className>
          <testName>isSundayAndNextRunIsWednesday[60]</testName>
          <skipped>false</skipped>
          <failedSince>0</failedSince>
        </case>
        <case>
          <duration>0.0</duration>
          <className>hudson.scheduler.CronTabDayOfWeekLocaleTest</className>
          <testName>isSundayAndPreviousRunIsWednesday[60]</testName>
          <skipped>false</skipped>
          <failedSince>0</failedSince>
        </case>
        <case>
          <duration>0.0</duration>
          <className>hudson.scheduler.CronTabDayOfWeekLocaleTest</className>
          <testName>isSundayAndNextRunIsThursday[60]</testName>
          <skipped>false</skipped>
          <failedSince>0</failedSince>
        </case>
        <case>
          <duration>0.0</duration>
          <className>hudson.scheduler.CronTabDayOfWeekLocaleTest</className>
          <testName>isSundayAndPreviousRunIsThursday[60]</testName>
          <skipped>false</skipped>
          <failedSince>0</failedSince>
        </case>
        <case>
          <duration>0.0</duration>
          <className>hudson.scheduler.CronTabDayOfWeekLocaleTest</className>
          <testName>isSundayAndNextRunIsFriday[60]</testName>
          <skipped>false</skipped>
          <failedSince>0</failedSince>
        </case>
        <case>
          <duration>0.0</duration>
          <className>hudson.scheduler.CronTabDayOfWeekLocaleTest</className>
          <testName>isSundayAndPreviousRunIsFriday[60]</testName>
          <skipped>false</skipped>
          <failedSince>0</failedSince>
        </case>
        <case>
          <duration>0.001</duration>
          <className>hudson.scheduler.CronTabDayOfWeekLocaleTest</className>
          <testName>isSundayAndNextRunIsSaturday[60]</testName>
          <skipped>false</skipped>
          <failedSince>0</failedSince>
        </case>
        <case>
          <duration>0.0</duration>
          <className>hudson.scheduler.CronTabDayOfWeekLocaleTest</className>
          <testName>isSundayAndPreviousRunIsSaturday[60]</testName>
          <skipped>false</skipped>
          <failedSince>0</failedSince>
        </case>
        <case>
          <duration>0.0</duration>
          <className>hudson.scheduler.CronTabDayOfWeekLocaleTest</className>
          <testName>isSundayAndNextRunIsNextSunday[60]</testName>
          <skipped>false</skipped>
          <failedSince>0</failedSince>
        </case>
        <case>
          <duration>0.001</duration>
          <className>hudson.scheduler.CronTabDayOfWeekLocaleTest</className>
          <testName>isSundayAndPreviousRunIsPreviousSunday[60]</testName>
          <skipped>false</skipped>
          <failedSince>0</failedSince>
        </case>
        <case>
          <duration>0.0</duration>
          <className>hudson.scheduler.CronTabDayOfWeekLocaleTest</className>
          <testName>isSundayAndNextRunIsNextSunday7[60]</testName>
          <skipped>false</skipped>
          <failedSince>0</failedSince>
        </case>
        <case>
          <duration>0.0</duration>
          <className>hudson.scheduler.CronTabDayOfWeekLocaleTest</className>
          <testName>isSundayAndPreviousRunIsPreviousSunday7[60]</testName>
          <skipped>false</skipped>
          <failedSince>0</failedSince>
        </case>
        <case>
          <duration>0.001</duration>
          <className>hudson.scheduler.CronTabDayOfWeekLocaleTest</className>
          <testName>isSaturdayAndNextRunIsSundayAsterisk[60]</testName>
          <skipped>false</skipped>
          <failedSince>0</failedSince>
        </case>
        <case>
          <duration>0.0</duration>
          <className>hudson.scheduler.CronTabDayOfWeekLocaleTest</className>
          <testName>isSundayAndPreviousRunIsSaturdayAsterisk[60]</testName>
          <skipped>false</skipped>
          <failedSince>0</failedSince>
        </case>
        <case>
          <duration>0.0</duration>
          <className>hudson.scheduler.CronTabDayOfWeekLocaleTest</className>
          <testName>hudson8658[61]</testName>
          <skipped>false</skipped>
          <failedSince>0</failedSince>
        </case>
        <case>
          <duration>0.001</duration>
          <className>hudson.scheduler.CronTabDayOfWeekLocaleTest</className>
          <testName>isSundayAndNextRunIsMonday[61]</testName>
          <skipped>false</skipped>
          <failedSince>0</failedSince>
        </case>
        <case>
          <duration>0.0</duration>
          <className>hudson.scheduler.CronTabDayOfWeekLocaleTest</className>
          <testName>isSundayAndPreviousRunIsMonday[61]</testName>
          <skipped>false</skipped>
          <failedSince>0</failedSince>
        </case>
        <case>
          <duration>0.0</duration>
          <className>hudson.scheduler.CronTabDayOfWeekLocaleTest</className>
          <testName>isSundayAndNextRunIsTuesday[61]</testName>
          <skipped>false</skipped>
          <failedSince>0</failedSince>
        </case>
        <case>
          <duration>0.001</duration>
          <className>hudson.scheduler.CronTabDayOfWeekLocaleTest</className>
          <testName>isSundayAndPreviousRunIsTuesday[61]</testName>
          <skipped>false</skipped>
          <failedSince>0</failedSince>
        </case>
        <case>
          <duration>0.0</duration>
          <className>hudson.scheduler.CronTabDayOfWeekLocaleTest</className>
          <testName>isSundayAndNextRunIsWednesday[61]</testName>
          <skipped>false</skipped>
          <failedSince>0</failedSince>
        </case>
        <case>
          <duration>0.0</duration>
          <className>hudson.scheduler.CronTabDayOfWeekLocaleTest</className>
          <testName>isSundayAndPreviousRunIsWednesday[61]</testName>
          <skipped>false</skipped>
          <failedSince>0</failedSince>
        </case>
        <case>
          <duration>0.001</duration>
          <className>hudson.scheduler.CronTabDayOfWeekLocaleTest</className>
          <testName>isSundayAndNextRunIsThursday[61]</testName>
          <skipped>false</skipped>
          <failedSince>0</failedSince>
        </case>
        <case>
          <duration>0.0</duration>
          <className>hudson.scheduler.CronTabDayOfWeekLocaleTest</className>
          <testName>isSundayAndPreviousRunIsThursday[61]</testName>
          <skipped>false</skipped>
          <failedSince>0</failedSince>
        </case>
        <case>
          <duration>0.0</duration>
          <className>hudson.scheduler.CronTabDayOfWeekLocaleTest</className>
          <testName>isSundayAndNextRunIsFriday[61]</testName>
          <skipped>false</skipped>
          <failedSince>0</failedSince>
        </case>
        <case>
          <duration>0.0</duration>
          <className>hudson.scheduler.CronTabDayOfWeekLocaleTest</className>
          <testName>isSundayAndPreviousRunIsFriday[61]</testName>
          <skipped>false</skipped>
          <failedSince>0</failedSince>
        </case>
        <case>
          <duration>0.01</duration>
          <className>hudson.scheduler.CronTabDayOfWeekLocaleTest</className>
          <testName>isSundayAndNextRunIsSaturday[61]</testName>
          <skipped>false</skipped>
          <failedSince>0</failedSince>
        </case>
        <case>
          <duration>0.0</duration>
          <className>hudson.scheduler.CronTabDayOfWeekLocaleTest</className>
          <testName>isSundayAndPreviousRunIsSaturday[61]</testName>
          <skipped>false</skipped>
          <failedSince>0</failedSince>
        </case>
        <case>
          <duration>0.0</duration>
          <className>hudson.scheduler.CronTabDayOfWeekLocaleTest</className>
          <testName>isSundayAndNextRunIsNextSunday[61]</testName>
          <skipped>false</skipped>
          <failedSince>0</failedSince>
        </case>
        <case>
          <duration>0.0</duration>
          <className>hudson.scheduler.CronTabDayOfWeekLocaleTest</className>
          <testName>isSundayAndPreviousRunIsPreviousSunday[61]</testName>
          <skipped>false</skipped>
          <failedSince>0</failedSince>
        </case>
        <case>
          <duration>0.0</duration>
          <className>hudson.scheduler.CronTabDayOfWeekLocaleTest</className>
          <testName>isSundayAndNextRunIsNextSunday7[61]</testName>
          <skipped>false</skipped>
          <failedSince>0</failedSince>
        </case>
        <case>
          <duration>0.0</duration>
          <className>hudson.scheduler.CronTabDayOfWeekLocaleTest</className>
          <testName>isSundayAndPreviousRunIsPreviousSunday7[61]</testName>
          <skipped>false</skipped>
          <failedSince>0</failedSince>
        </case>
        <case>
          <duration>0.0</duration>
          <className>hudson.scheduler.CronTabDayOfWeekLocaleTest</className>
          <testName>isSaturdayAndNextRunIsSundayAsterisk[61]</testName>
          <skipped>false</skipped>
          <failedSince>0</failedSince>
        </case>
        <case>
          <duration>0.0</duration>
          <className>hudson.scheduler.CronTabDayOfWeekLocaleTest</className>
          <testName>isSundayAndPreviousRunIsSaturdayAsterisk[61]</testName>
          <skipped>false</skipped>
          <failedSince>0</failedSince>
        </case>
        <case>
          <duration>0.0</duration>
          <className>hudson.scheduler.CronTabDayOfWeekLocaleTest</className>
          <testName>hudson8658[62]</testName>
          <skipped>false</skipped>
          <failedSince>0</failedSince>
        </case>
        <case>
          <duration>0.0</duration>
          <className>hudson.scheduler.CronTabDayOfWeekLocaleTest</className>
          <testName>isSundayAndNextRunIsMonday[62]</testName>
          <skipped>false</skipped>
          <failedSince>0</failedSince>
        </case>
        <case>
          <duration>0.0</duration>
          <className>hudson.scheduler.CronTabDayOfWeekLocaleTest</className>
          <testName>isSundayAndPreviousRunIsMonday[62]</testName>
          <skipped>false</skipped>
          <failedSince>0</failedSince>
        </case>
        <case>
          <duration>0.0</duration>
          <className>hudson.scheduler.CronTabDayOfWeekLocaleTest</className>
          <testName>isSundayAndNextRunIsTuesday[62]</testName>
          <skipped>false</skipped>
          <failedSince>0</failedSince>
        </case>
        <case>
          <duration>0.0</duration>
          <className>hudson.scheduler.CronTabDayOfWeekLocaleTest</className>
          <testName>isSundayAndPreviousRunIsTuesday[62]</testName>
          <skipped>false</skipped>
          <failedSince>0</failedSince>
        </case>
        <case>
          <duration>0.0</duration>
          <className>hudson.scheduler.CronTabDayOfWeekLocaleTest</className>
          <testName>isSundayAndNextRunIsWednesday[62]</testName>
          <skipped>false</skipped>
          <failedSince>0</failedSince>
        </case>
        <case>
          <duration>0.0</duration>
          <className>hudson.scheduler.CronTabDayOfWeekLocaleTest</className>
          <testName>isSundayAndPreviousRunIsWednesday[62]</testName>
          <skipped>false</skipped>
          <failedSince>0</failedSince>
        </case>
        <case>
          <duration>0.001</duration>
          <className>hudson.scheduler.CronTabDayOfWeekLocaleTest</className>
          <testName>isSundayAndNextRunIsThursday[62]</testName>
          <skipped>false</skipped>
          <failedSince>0</failedSince>
        </case>
        <case>
          <duration>0.0</duration>
          <className>hudson.scheduler.CronTabDayOfWeekLocaleTest</className>
          <testName>isSundayAndPreviousRunIsThursday[62]</testName>
          <skipped>false</skipped>
          <failedSince>0</failedSince>
        </case>
        <case>
          <duration>0.0</duration>
          <className>hudson.scheduler.CronTabDayOfWeekLocaleTest</className>
          <testName>isSundayAndNextRunIsFriday[62]</testName>
          <skipped>false</skipped>
          <failedSince>0</failedSince>
        </case>
        <case>
          <duration>0.0</duration>
          <className>hudson.scheduler.CronTabDayOfWeekLocaleTest</className>
          <testName>isSundayAndPreviousRunIsFriday[62]</testName>
          <skipped>false</skipped>
          <failedSince>0</failedSince>
        </case>
        <case>
          <duration>0.0</duration>
          <className>hudson.scheduler.CronTabDayOfWeekLocaleTest</className>
          <testName>isSundayAndNextRunIsSaturday[62]</testName>
          <skipped>false</skipped>
          <failedSince>0</failedSince>
        </case>
        <case>
          <duration>0.0</duration>
          <className>hudson.scheduler.CronTabDayOfWeekLocaleTest</className>
          <testName>isSundayAndPreviousRunIsSaturday[62]</testName>
          <skipped>false</skipped>
          <failedSince>0</failedSince>
        </case>
        <case>
          <duration>0.0</duration>
          <className>hudson.scheduler.CronTabDayOfWeekLocaleTest</className>
          <testName>isSundayAndNextRunIsNextSunday[62]</testName>
          <skipped>false</skipped>
          <failedSince>0</failedSince>
        </case>
        <case>
          <duration>0.0</duration>
          <className>hudson.scheduler.CronTabDayOfWeekLocaleTest</className>
          <testName>isSundayAndPreviousRunIsPreviousSunday[62]</testName>
          <skipped>false</skipped>
          <failedSince>0</failedSince>
        </case>
        <case>
          <duration>0.0</duration>
          <className>hudson.scheduler.CronTabDayOfWeekLocaleTest</className>
          <testName>isSundayAndNextRunIsNextSunday7[62]</testName>
          <skipped>false</skipped>
          <failedSince>0</failedSince>
        </case>
        <case>
          <duration>0.0</duration>
          <className>hudson.scheduler.CronTabDayOfWeekLocaleTest</className>
          <testName>isSundayAndPreviousRunIsPreviousSunday7[62]</testName>
          <skipped>false</skipped>
          <failedSince>0</failedSince>
        </case>
        <case>
          <duration>0.0</duration>
          <className>hudson.scheduler.CronTabDayOfWeekLocaleTest</className>
          <testName>isSaturdayAndNextRunIsSundayAsterisk[62]</testName>
          <skipped>false</skipped>
          <failedSince>0</failedSince>
        </case>
        <case>
          <duration>0.0</duration>
          <className>hudson.scheduler.CronTabDayOfWeekLocaleTest</className>
          <testName>isSundayAndPreviousRunIsSaturdayAsterisk[62]</testName>
          <skipped>false</skipped>
          <failedSince>0</failedSince>
        </case>
        <case>
          <duration>0.0</duration>
          <className>hudson.scheduler.CronTabDayOfWeekLocaleTest</className>
          <testName>hudson8658[63]</testName>
          <skipped>false</skipped>
          <failedSince>0</failedSince>
        </case>
        <case>
          <duration>0.001</duration>
          <className>hudson.scheduler.CronTabDayOfWeekLocaleTest</className>
          <testName>isSundayAndNextRunIsMonday[63]</testName>
          <skipped>false</skipped>
          <failedSince>0</failedSince>
        </case>
        <case>
          <duration>0.0</duration>
          <className>hudson.scheduler.CronTabDayOfWeekLocaleTest</className>
          <testName>isSundayAndPreviousRunIsMonday[63]</testName>
          <skipped>false</skipped>
          <failedSince>0</failedSince>
        </case>
        <case>
          <duration>0.0</duration>
          <className>hudson.scheduler.CronTabDayOfWeekLocaleTest</className>
          <testName>isSundayAndNextRunIsTuesday[63]</testName>
          <skipped>false</skipped>
          <failedSince>0</failedSince>
        </case>
        <case>
          <duration>0.0</duration>
          <className>hudson.scheduler.CronTabDayOfWeekLocaleTest</className>
          <testName>isSundayAndPreviousRunIsTuesday[63]</testName>
          <skipped>false</skipped>
          <failedSince>0</failedSince>
        </case>
        <case>
          <duration>0.0</duration>
          <className>hudson.scheduler.CronTabDayOfWeekLocaleTest</className>
          <testName>isSundayAndNextRunIsWednesday[63]</testName>
          <skipped>false</skipped>
          <failedSince>0</failedSince>
        </case>
        <case>
          <duration>0.0</duration>
          <className>hudson.scheduler.CronTabDayOfWeekLocaleTest</className>
          <testName>isSundayAndPreviousRunIsWednesday[63]</testName>
          <skipped>false</skipped>
          <failedSince>0</failedSince>
        </case>
        <case>
          <duration>0.0</duration>
          <className>hudson.scheduler.CronTabDayOfWeekLocaleTest</className>
          <testName>isSundayAndNextRunIsThursday[63]</testName>
          <skipped>false</skipped>
          <failedSince>0</failedSince>
        </case>
        <case>
          <duration>0.0</duration>
          <className>hudson.scheduler.CronTabDayOfWeekLocaleTest</className>
          <testName>isSundayAndPreviousRunIsThursday[63]</testName>
          <skipped>false</skipped>
          <failedSince>0</failedSince>
        </case>
        <case>
          <duration>0.0</duration>
          <className>hudson.scheduler.CronTabDayOfWeekLocaleTest</className>
          <testName>isSundayAndNextRunIsFriday[63]</testName>
          <skipped>false</skipped>
          <failedSince>0</failedSince>
        </case>
        <case>
          <duration>0.0</duration>
          <className>hudson.scheduler.CronTabDayOfWeekLocaleTest</className>
          <testName>isSundayAndPreviousRunIsFriday[63]</testName>
          <skipped>false</skipped>
          <failedSince>0</failedSince>
        </case>
        <case>
          <duration>0.0</duration>
          <className>hudson.scheduler.CronTabDayOfWeekLocaleTest</className>
          <testName>isSundayAndNextRunIsSaturday[63]</testName>
          <skipped>false</skipped>
          <failedSince>0</failedSince>
        </case>
        <case>
          <duration>0.0</duration>
          <className>hudson.scheduler.CronTabDayOfWeekLocaleTest</className>
          <testName>isSundayAndPreviousRunIsSaturday[63]</testName>
          <skipped>false</skipped>
          <failedSince>0</failedSince>
        </case>
        <case>
          <duration>0.0</duration>
          <className>hudson.scheduler.CronTabDayOfWeekLocaleTest</className>
          <testName>isSundayAndNextRunIsNextSunday[63]</testName>
          <skipped>false</skipped>
          <failedSince>0</failedSince>
        </case>
        <case>
          <duration>0.0</duration>
          <className>hudson.scheduler.CronTabDayOfWeekLocaleTest</className>
          <testName>isSundayAndPreviousRunIsPreviousSunday[63]</testName>
          <skipped>false</skipped>
          <failedSince>0</failedSince>
        </case>
        <case>
          <duration>0.0</duration>
          <className>hudson.scheduler.CronTabDayOfWeekLocaleTest</className>
          <testName>isSundayAndNextRunIsNextSunday7[63]</testName>
          <skipped>false</skipped>
          <failedSince>0</failedSince>
        </case>
        <case>
          <duration>0.0</duration>
          <className>hudson.scheduler.CronTabDayOfWeekLocaleTest</className>
          <testName>isSundayAndPreviousRunIsPreviousSunday7[63]</testName>
          <skipped>false</skipped>
          <failedSince>0</failedSince>
        </case>
        <case>
          <duration>0.0</duration>
          <className>hudson.scheduler.CronTabDayOfWeekLocaleTest</className>
          <testName>isSaturdayAndNextRunIsSundayAsterisk[63]</testName>
          <skipped>false</skipped>
          <failedSince>0</failedSince>
        </case>
        <case>
          <duration>0.0</duration>
          <className>hudson.scheduler.CronTabDayOfWeekLocaleTest</className>
          <testName>isSundayAndPreviousRunIsSaturdayAsterisk[63]</testName>
          <skipped>false</skipped>
          <failedSince>0</failedSince>
        </case>
        <case>
          <duration>0.0</duration>
          <className>hudson.scheduler.CronTabDayOfWeekLocaleTest</className>
          <testName>hudson8658[64]</testName>
          <skipped>false</skipped>
          <failedSince>0</failedSince>
        </case>
        <case>
          <duration>0.0</duration>
          <className>hudson.scheduler.CronTabDayOfWeekLocaleTest</className>
          <testName>isSundayAndNextRunIsMonday[64]</testName>
          <skipped>false</skipped>
          <failedSince>0</failedSince>
        </case>
        <case>
          <duration>0.0</duration>
          <className>hudson.scheduler.CronTabDayOfWeekLocaleTest</className>
          <testName>isSundayAndPreviousRunIsMonday[64]</testName>
          <skipped>false</skipped>
          <failedSince>0</failedSince>
        </case>
        <case>
          <duration>0.001</duration>
          <className>hudson.scheduler.CronTabDayOfWeekLocaleTest</className>
          <testName>isSundayAndNextRunIsTuesday[64]</testName>
          <skipped>false</skipped>
          <failedSince>0</failedSince>
        </case>
        <case>
          <duration>0.0</duration>
          <className>hudson.scheduler.CronTabDayOfWeekLocaleTest</className>
          <testName>isSundayAndPreviousRunIsTuesday[64]</testName>
          <skipped>false</skipped>
          <failedSince>0</failedSince>
        </case>
        <case>
          <duration>0.0</duration>
          <className>hudson.scheduler.CronTabDayOfWeekLocaleTest</className>
          <testName>isSundayAndNextRunIsWednesday[64]</testName>
          <skipped>false</skipped>
          <failedSince>0</failedSince>
        </case>
        <case>
          <duration>0.001</duration>
          <className>hudson.scheduler.CronTabDayOfWeekLocaleTest</className>
          <testName>isSundayAndPreviousRunIsWednesday[64]</testName>
          <skipped>false</skipped>
          <failedSince>0</failedSince>
        </case>
        <case>
          <duration>0.0</duration>
          <className>hudson.scheduler.CronTabDayOfWeekLocaleTest</className>
          <testName>isSundayAndNextRunIsThursday[64]</testName>
          <skipped>false</skipped>
          <failedSince>0</failedSince>
        </case>
        <case>
          <duration>0.0</duration>
          <className>hudson.scheduler.CronTabDayOfWeekLocaleTest</className>
          <testName>isSundayAndPreviousRunIsThursday[64]</testName>
          <skipped>false</skipped>
          <failedSince>0</failedSince>
        </case>
        <case>
          <duration>0.001</duration>
          <className>hudson.scheduler.CronTabDayOfWeekLocaleTest</className>
          <testName>isSundayAndNextRunIsFriday[64]</testName>
          <skipped>false</skipped>
          <failedSince>0</failedSince>
        </case>
        <case>
          <duration>0.0</duration>
          <className>hudson.scheduler.CronTabDayOfWeekLocaleTest</className>
          <testName>isSundayAndPreviousRunIsFriday[64]</testName>
          <skipped>false</skipped>
          <failedSince>0</failedSince>
        </case>
        <case>
          <duration>0.0</duration>
          <className>hudson.scheduler.CronTabDayOfWeekLocaleTest</className>
          <testName>isSundayAndNextRunIsSaturday[64]</testName>
          <skipped>false</skipped>
          <failedSince>0</failedSince>
        </case>
        <case>
          <duration>0.001</duration>
          <className>hudson.scheduler.CronTabDayOfWeekLocaleTest</className>
          <testName>isSundayAndPreviousRunIsSaturday[64]</testName>
          <skipped>false</skipped>
          <failedSince>0</failedSince>
        </case>
        <case>
          <duration>0.0</duration>
          <className>hudson.scheduler.CronTabDayOfWeekLocaleTest</className>
          <testName>isSundayAndNextRunIsNextSunday[64]</testName>
          <skipped>false</skipped>
          <failedSince>0</failedSince>
        </case>
        <case>
          <duration>0.0</duration>
          <className>hudson.scheduler.CronTabDayOfWeekLocaleTest</className>
          <testName>isSundayAndPreviousRunIsPreviousSunday[64]</testName>
          <skipped>false</skipped>
          <failedSince>0</failedSince>
        </case>
        <case>
          <duration>0.001</duration>
          <className>hudson.scheduler.CronTabDayOfWeekLocaleTest</className>
          <testName>isSundayAndNextRunIsNextSunday7[64]</testName>
          <skipped>false</skipped>
          <failedSince>0</failedSince>
        </case>
        <case>
          <duration>0.0</duration>
          <className>hudson.scheduler.CronTabDayOfWeekLocaleTest</className>
          <testName>isSundayAndPreviousRunIsPreviousSunday7[64]</testName>
          <skipped>false</skipped>
          <failedSince>0</failedSince>
        </case>
        <case>
          <duration>0.0</duration>
          <className>hudson.scheduler.CronTabDayOfWeekLocaleTest</className>
          <testName>isSaturdayAndNextRunIsSundayAsterisk[64]</testName>
          <skipped>false</skipped>
          <failedSince>0</failedSince>
        </case>
        <case>
          <duration>0.0</duration>
          <className>hudson.scheduler.CronTabDayOfWeekLocaleTest</className>
          <testName>isSundayAndPreviousRunIsSaturdayAsterisk[64]</testName>
          <skipped>false</skipped>
          <failedSince>0</failedSince>
        </case>
        <case>
          <duration>0.0</duration>
          <className>hudson.scheduler.CronTabDayOfWeekLocaleTest</className>
          <testName>hudson8658[65]</testName>
          <skipped>false</skipped>
          <failedSince>0</failedSince>
        </case>
        <case>
          <duration>0.0</duration>
          <className>hudson.scheduler.CronTabDayOfWeekLocaleTest</className>
          <testName>isSundayAndNextRunIsMonday[65]</testName>
          <skipped>false</skipped>
          <failedSince>0</failedSince>
        </case>
        <case>
          <duration>0.001</duration>
          <className>hudson.scheduler.CronTabDayOfWeekLocaleTest</className>
          <testName>isSundayAndPreviousRunIsMonday[65]</testName>
          <skipped>false</skipped>
          <failedSince>0</failedSince>
        </case>
        <case>
          <duration>0.0</duration>
          <className>hudson.scheduler.CronTabDayOfWeekLocaleTest</className>
          <testName>isSundayAndNextRunIsTuesday[65]</testName>
          <skipped>false</skipped>
          <failedSince>0</failedSince>
        </case>
        <case>
          <duration>0.0</duration>
          <className>hudson.scheduler.CronTabDayOfWeekLocaleTest</className>
          <testName>isSundayAndPreviousRunIsTuesday[65]</testName>
          <skipped>false</skipped>
          <failedSince>0</failedSince>
        </case>
        <case>
          <duration>0.001</duration>
          <className>hudson.scheduler.CronTabDayOfWeekLocaleTest</className>
          <testName>isSundayAndNextRunIsWednesday[65]</testName>
          <skipped>false</skipped>
          <failedSince>0</failedSince>
        </case>
        <case>
          <duration>0.0</duration>
          <className>hudson.scheduler.CronTabDayOfWeekLocaleTest</className>
          <testName>isSundayAndPreviousRunIsWednesday[65]</testName>
          <skipped>false</skipped>
          <failedSince>0</failedSince>
        </case>
        <case>
          <duration>0.0</duration>
          <className>hudson.scheduler.CronTabDayOfWeekLocaleTest</className>
          <testName>isSundayAndNextRunIsThursday[65]</testName>
          <skipped>false</skipped>
          <failedSince>0</failedSince>
        </case>
        <case>
          <duration>0.001</duration>
          <className>hudson.scheduler.CronTabDayOfWeekLocaleTest</className>
          <testName>isSundayAndPreviousRunIsThursday[65]</testName>
          <skipped>false</skipped>
          <failedSince>0</failedSince>
        </case>
        <case>
          <duration>0.0</duration>
          <className>hudson.scheduler.CronTabDayOfWeekLocaleTest</className>
          <testName>isSundayAndNextRunIsFriday[65]</testName>
          <skipped>false</skipped>
          <failedSince>0</failedSince>
        </case>
        <case>
          <duration>0.0</duration>
          <className>hudson.scheduler.CronTabDayOfWeekLocaleTest</className>
          <testName>isSundayAndPreviousRunIsFriday[65]</testName>
          <skipped>false</skipped>
          <failedSince>0</failedSince>
        </case>
        <case>
          <duration>0.0</duration>
          <className>hudson.scheduler.CronTabDayOfWeekLocaleTest</className>
          <testName>isSundayAndNextRunIsSaturday[65]</testName>
          <skipped>false</skipped>
          <failedSince>0</failedSince>
        </case>
        <case>
          <duration>0.0</duration>
          <className>hudson.scheduler.CronTabDayOfWeekLocaleTest</className>
          <testName>isSundayAndPreviousRunIsSaturday[65]</testName>
          <skipped>false</skipped>
          <failedSince>0</failedSince>
        </case>
        <case>
          <duration>0.0</duration>
          <className>hudson.scheduler.CronTabDayOfWeekLocaleTest</className>
          <testName>isSundayAndNextRunIsNextSunday[65]</testName>
          <skipped>false</skipped>
          <failedSince>0</failedSince>
        </case>
        <case>
          <duration>0.0</duration>
          <className>hudson.scheduler.CronTabDayOfWeekLocaleTest</className>
          <testName>isSundayAndPreviousRunIsPreviousSunday[65]</testName>
          <skipped>false</skipped>
          <failedSince>0</failedSince>
        </case>
        <case>
          <duration>0.0</duration>
          <className>hudson.scheduler.CronTabDayOfWeekLocaleTest</className>
          <testName>isSundayAndNextRunIsNextSunday7[65]</testName>
          <skipped>false</skipped>
          <failedSince>0</failedSince>
        </case>
        <case>
          <duration>0.0</duration>
          <className>hudson.scheduler.CronTabDayOfWeekLocaleTest</className>
          <testName>isSundayAndPreviousRunIsPreviousSunday7[65]</testName>
          <skipped>false</skipped>
          <failedSince>0</failedSince>
        </case>
        <case>
          <duration>0.0</duration>
          <className>hudson.scheduler.CronTabDayOfWeekLocaleTest</className>
          <testName>isSaturdayAndNextRunIsSundayAsterisk[65]</testName>
          <skipped>false</skipped>
          <failedSince>0</failedSince>
        </case>
        <case>
          <duration>0.001</duration>
          <className>hudson.scheduler.CronTabDayOfWeekLocaleTest</className>
          <testName>isSundayAndPreviousRunIsSaturdayAsterisk[65]</testName>
          <skipped>false</skipped>
          <failedSince>0</failedSince>
        </case>
        <case>
          <duration>0.0</duration>
          <className>hudson.scheduler.CronTabDayOfWeekLocaleTest</className>
          <testName>hudson8658[66]</testName>
          <skipped>false</skipped>
          <failedSince>0</failedSince>
        </case>
        <case>
          <duration>0.0</duration>
          <className>hudson.scheduler.CronTabDayOfWeekLocaleTest</className>
          <testName>isSundayAndNextRunIsMonday[66]</testName>
          <skipped>false</skipped>
          <failedSince>0</failedSince>
        </case>
        <case>
          <duration>0.0</duration>
          <className>hudson.scheduler.CronTabDayOfWeekLocaleTest</className>
          <testName>isSundayAndPreviousRunIsMonday[66]</testName>
          <skipped>false</skipped>
          <failedSince>0</failedSince>
        </case>
        <case>
          <duration>0.0</duration>
          <className>hudson.scheduler.CronTabDayOfWeekLocaleTest</className>
          <testName>isSundayAndNextRunIsTuesday[66]</testName>
          <skipped>false</skipped>
          <failedSince>0</failedSince>
        </case>
        <case>
          <duration>0.0</duration>
          <className>hudson.scheduler.CronTabDayOfWeekLocaleTest</className>
          <testName>isSundayAndPreviousRunIsTuesday[66]</testName>
          <skipped>false</skipped>
          <failedSince>0</failedSince>
        </case>
        <case>
          <duration>0.001</duration>
          <className>hudson.scheduler.CronTabDayOfWeekLocaleTest</className>
          <testName>isSundayAndNextRunIsWednesday[66]</testName>
          <skipped>false</skipped>
          <failedSince>0</failedSince>
        </case>
        <case>
          <duration>0.0</duration>
          <className>hudson.scheduler.CronTabDayOfWeekLocaleTest</className>
          <testName>isSundayAndPreviousRunIsWednesday[66]</testName>
          <skipped>false</skipped>
          <failedSince>0</failedSince>
        </case>
        <case>
          <duration>0.0</duration>
          <className>hudson.scheduler.CronTabDayOfWeekLocaleTest</className>
          <testName>isSundayAndNextRunIsThursday[66]</testName>
          <skipped>false</skipped>
          <failedSince>0</failedSince>
        </case>
        <case>
          <duration>0.001</duration>
          <className>hudson.scheduler.CronTabDayOfWeekLocaleTest</className>
          <testName>isSundayAndPreviousRunIsThursday[66]</testName>
          <skipped>false</skipped>
          <failedSince>0</failedSince>
        </case>
        <case>
          <duration>0.0</duration>
          <className>hudson.scheduler.CronTabDayOfWeekLocaleTest</className>
          <testName>isSundayAndNextRunIsFriday[66]</testName>
          <skipped>false</skipped>
          <failedSince>0</failedSince>
        </case>
        <case>
          <duration>0.0</duration>
          <className>hudson.scheduler.CronTabDayOfWeekLocaleTest</className>
          <testName>isSundayAndPreviousRunIsFriday[66]</testName>
          <skipped>false</skipped>
          <failedSince>0</failedSince>
        </case>
        <case>
          <duration>0.001</duration>
          <className>hudson.scheduler.CronTabDayOfWeekLocaleTest</className>
          <testName>isSundayAndNextRunIsSaturday[66]</testName>
          <skipped>false</skipped>
          <failedSince>0</failedSince>
        </case>
        <case>
          <duration>0.0</duration>
          <className>hudson.scheduler.CronTabDayOfWeekLocaleTest</className>
          <testName>isSundayAndPreviousRunIsSaturday[66]</testName>
          <skipped>false</skipped>
          <failedSince>0</failedSince>
        </case>
        <case>
          <duration>0.0</duration>
          <className>hudson.scheduler.CronTabDayOfWeekLocaleTest</className>
          <testName>isSundayAndNextRunIsNextSunday[66]</testName>
          <skipped>false</skipped>
          <failedSince>0</failedSince>
        </case>
        <case>
          <duration>0.001</duration>
          <className>hudson.scheduler.CronTabDayOfWeekLocaleTest</className>
          <testName>isSundayAndPreviousRunIsPreviousSunday[66]</testName>
          <skipped>false</skipped>
          <failedSince>0</failedSince>
        </case>
        <case>
          <duration>0.0</duration>
          <className>hudson.scheduler.CronTabDayOfWeekLocaleTest</className>
          <testName>isSundayAndNextRunIsNextSunday7[66]</testName>
          <skipped>false</skipped>
          <failedSince>0</failedSince>
        </case>
        <case>
          <duration>0.0</duration>
          <className>hudson.scheduler.CronTabDayOfWeekLocaleTest</className>
          <testName>isSundayAndPreviousRunIsPreviousSunday7[66]</testName>
          <skipped>false</skipped>
          <failedSince>0</failedSince>
        </case>
        <case>
          <duration>0.0</duration>
          <className>hudson.scheduler.CronTabDayOfWeekLocaleTest</className>
          <testName>isSaturdayAndNextRunIsSundayAsterisk[66]</testName>
          <skipped>false</skipped>
          <failedSince>0</failedSince>
        </case>
        <case>
          <duration>0.0</duration>
          <className>hudson.scheduler.CronTabDayOfWeekLocaleTest</className>
          <testName>isSundayAndPreviousRunIsSaturdayAsterisk[66]</testName>
          <skipped>false</skipped>
          <failedSince>0</failedSince>
        </case>
        <case>
          <duration>0.0</duration>
          <className>hudson.scheduler.CronTabDayOfWeekLocaleTest</className>
          <testName>hudson8658[67]</testName>
          <skipped>false</skipped>
          <failedSince>0</failedSince>
        </case>
        <case>
          <duration>0.0</duration>
          <className>hudson.scheduler.CronTabDayOfWeekLocaleTest</className>
          <testName>isSundayAndNextRunIsMonday[67]</testName>
          <skipped>false</skipped>
          <failedSince>0</failedSince>
        </case>
        <case>
          <duration>0.0</duration>
          <className>hudson.scheduler.CronTabDayOfWeekLocaleTest</className>
          <testName>isSundayAndPreviousRunIsMonday[67]</testName>
          <skipped>false</skipped>
          <failedSince>0</failedSince>
        </case>
        <case>
          <duration>0.0</duration>
          <className>hudson.scheduler.CronTabDayOfWeekLocaleTest</className>
          <testName>isSundayAndNextRunIsTuesday[67]</testName>
          <skipped>false</skipped>
          <failedSince>0</failedSince>
        </case>
        <case>
          <duration>0.0</duration>
          <className>hudson.scheduler.CronTabDayOfWeekLocaleTest</className>
          <testName>isSundayAndPreviousRunIsTuesday[67]</testName>
          <skipped>false</skipped>
          <failedSince>0</failedSince>
        </case>
        <case>
          <duration>0.001</duration>
          <className>hudson.scheduler.CronTabDayOfWeekLocaleTest</className>
          <testName>isSundayAndNextRunIsWednesday[67]</testName>
          <skipped>false</skipped>
          <failedSince>0</failedSince>
        </case>
        <case>
          <duration>0.0</duration>
          <className>hudson.scheduler.CronTabDayOfWeekLocaleTest</className>
          <testName>isSundayAndPreviousRunIsWednesday[67]</testName>
          <skipped>false</skipped>
          <failedSince>0</failedSince>
        </case>
        <case>
          <duration>0.0</duration>
          <className>hudson.scheduler.CronTabDayOfWeekLocaleTest</className>
          <testName>isSundayAndNextRunIsThursday[67]</testName>
          <skipped>false</skipped>
          <failedSince>0</failedSince>
        </case>
        <case>
          <duration>0.001</duration>
          <className>hudson.scheduler.CronTabDayOfWeekLocaleTest</className>
          <testName>isSundayAndPreviousRunIsThursday[67]</testName>
          <skipped>false</skipped>
          <failedSince>0</failedSince>
        </case>
        <case>
          <duration>0.0</duration>
          <className>hudson.scheduler.CronTabDayOfWeekLocaleTest</className>
          <testName>isSundayAndNextRunIsFriday[67]</testName>
          <skipped>false</skipped>
          <failedSince>0</failedSince>
        </case>
        <case>
          <duration>0.0</duration>
          <className>hudson.scheduler.CronTabDayOfWeekLocaleTest</className>
          <testName>isSundayAndPreviousRunIsFriday[67]</testName>
          <skipped>false</skipped>
          <failedSince>0</failedSince>
        </case>
        <case>
          <duration>0.001</duration>
          <className>hudson.scheduler.CronTabDayOfWeekLocaleTest</className>
          <testName>isSundayAndNextRunIsSaturday[67]</testName>
          <skipped>false</skipped>
          <failedSince>0</failedSince>
        </case>
        <case>
          <duration>0.0</duration>
          <className>hudson.scheduler.CronTabDayOfWeekLocaleTest</className>
          <testName>isSundayAndPreviousRunIsSaturday[67]</testName>
          <skipped>false</skipped>
          <failedSince>0</failedSince>
        </case>
        <case>
          <duration>0.0</duration>
          <className>hudson.scheduler.CronTabDayOfWeekLocaleTest</className>
          <testName>isSundayAndNextRunIsNextSunday[67]</testName>
          <skipped>false</skipped>
          <failedSince>0</failedSince>
        </case>
        <case>
          <duration>0.0</duration>
          <className>hudson.scheduler.CronTabDayOfWeekLocaleTest</className>
          <testName>isSundayAndPreviousRunIsPreviousSunday[67]</testName>
          <skipped>false</skipped>
          <failedSince>0</failedSince>
        </case>
        <case>
          <duration>0.0</duration>
          <className>hudson.scheduler.CronTabDayOfWeekLocaleTest</className>
          <testName>isSundayAndNextRunIsNextSunday7[67]</testName>
          <skipped>false</skipped>
          <failedSince>0</failedSince>
        </case>
        <case>
          <duration>0.0</duration>
          <className>hudson.scheduler.CronTabDayOfWeekLocaleTest</className>
          <testName>isSundayAndPreviousRunIsPreviousSunday7[67]</testName>
          <skipped>false</skipped>
          <failedSince>0</failedSince>
        </case>
        <case>
          <duration>0.0</duration>
          <className>hudson.scheduler.CronTabDayOfWeekLocaleTest</className>
          <testName>isSaturdayAndNextRunIsSundayAsterisk[67]</testName>
          <skipped>false</skipped>
          <failedSince>0</failedSince>
        </case>
        <case>
          <duration>0.001</duration>
          <className>hudson.scheduler.CronTabDayOfWeekLocaleTest</className>
          <testName>isSundayAndPreviousRunIsSaturdayAsterisk[67]</testName>
          <skipped>false</skipped>
          <failedSince>0</failedSince>
        </case>
        <case>
          <duration>0.0</duration>
          <className>hudson.scheduler.CronTabDayOfWeekLocaleTest</className>
          <testName>hudson8658[68]</testName>
          <skipped>false</skipped>
          <failedSince>0</failedSince>
        </case>
        <case>
          <duration>0.0</duration>
          <className>hudson.scheduler.CronTabDayOfWeekLocaleTest</className>
          <testName>isSundayAndNextRunIsMonday[68]</testName>
          <skipped>false</skipped>
          <failedSince>0</failedSince>
        </case>
        <case>
          <duration>0.001</duration>
          <className>hudson.scheduler.CronTabDayOfWeekLocaleTest</className>
          <testName>isSundayAndPreviousRunIsMonday[68]</testName>
          <skipped>false</skipped>
          <failedSince>0</failedSince>
        </case>
        <case>
          <duration>0.0</duration>
          <className>hudson.scheduler.CronTabDayOfWeekLocaleTest</className>
          <testName>isSundayAndNextRunIsTuesday[68]</testName>
          <skipped>false</skipped>
          <failedSince>0</failedSince>
        </case>
        <case>
          <duration>0.0</duration>
          <className>hudson.scheduler.CronTabDayOfWeekLocaleTest</className>
          <testName>isSundayAndPreviousRunIsTuesday[68]</testName>
          <skipped>false</skipped>
          <failedSince>0</failedSince>
        </case>
        <case>
          <duration>0.001</duration>
          <className>hudson.scheduler.CronTabDayOfWeekLocaleTest</className>
          <testName>isSundayAndNextRunIsWednesday[68]</testName>
          <skipped>false</skipped>
          <failedSince>0</failedSince>
        </case>
        <case>
          <duration>0.0</duration>
          <className>hudson.scheduler.CronTabDayOfWeekLocaleTest</className>
          <testName>isSundayAndPreviousRunIsWednesday[68]</testName>
          <skipped>false</skipped>
          <failedSince>0</failedSince>
        </case>
        <case>
          <duration>0.0</duration>
          <className>hudson.scheduler.CronTabDayOfWeekLocaleTest</className>
          <testName>isSundayAndNextRunIsThursday[68]</testName>
          <skipped>false</skipped>
          <failedSince>0</failedSince>
        </case>
        <case>
          <duration>0.0</duration>
          <className>hudson.scheduler.CronTabDayOfWeekLocaleTest</className>
          <testName>isSundayAndPreviousRunIsThursday[68]</testName>
          <skipped>false</skipped>
          <failedSince>0</failedSince>
        </case>
        <case>
          <duration>0.0</duration>
          <className>hudson.scheduler.CronTabDayOfWeekLocaleTest</className>
          <testName>isSundayAndNextRunIsFriday[68]</testName>
          <skipped>false</skipped>
          <failedSince>0</failedSince>
        </case>
        <case>
          <duration>0.0</duration>
          <className>hudson.scheduler.CronTabDayOfWeekLocaleTest</className>
          <testName>isSundayAndPreviousRunIsFriday[68]</testName>
          <skipped>false</skipped>
          <failedSince>0</failedSince>
        </case>
        <case>
          <duration>0.0</duration>
          <className>hudson.scheduler.CronTabDayOfWeekLocaleTest</className>
          <testName>isSundayAndNextRunIsSaturday[68]</testName>
          <skipped>false</skipped>
          <failedSince>0</failedSince>
        </case>
        <case>
          <duration>0.001</duration>
          <className>hudson.scheduler.CronTabDayOfWeekLocaleTest</className>
          <testName>isSundayAndPreviousRunIsSaturday[68]</testName>
          <skipped>false</skipped>
          <failedSince>0</failedSince>
        </case>
        <case>
          <duration>0.0</duration>
          <className>hudson.scheduler.CronTabDayOfWeekLocaleTest</className>
          <testName>isSundayAndNextRunIsNextSunday[68]</testName>
          <skipped>false</skipped>
          <failedSince>0</failedSince>
        </case>
        <case>
          <duration>0.0</duration>
          <className>hudson.scheduler.CronTabDayOfWeekLocaleTest</className>
          <testName>isSundayAndPreviousRunIsPreviousSunday[68]</testName>
          <skipped>false</skipped>
          <failedSince>0</failedSince>
        </case>
        <case>
          <duration>0.001</duration>
          <className>hudson.scheduler.CronTabDayOfWeekLocaleTest</className>
          <testName>isSundayAndNextRunIsNextSunday7[68]</testName>
          <skipped>false</skipped>
          <failedSince>0</failedSince>
        </case>
        <case>
          <duration>0.0</duration>
          <className>hudson.scheduler.CronTabDayOfWeekLocaleTest</className>
          <testName>isSundayAndPreviousRunIsPreviousSunday7[68]</testName>
          <skipped>false</skipped>
          <failedSince>0</failedSince>
        </case>
        <case>
          <duration>0.0</duration>
          <className>hudson.scheduler.CronTabDayOfWeekLocaleTest</className>
          <testName>isSaturdayAndNextRunIsSundayAsterisk[68]</testName>
          <skipped>false</skipped>
          <failedSince>0</failedSince>
        </case>
        <case>
          <duration>0.001</duration>
          <className>hudson.scheduler.CronTabDayOfWeekLocaleTest</className>
          <testName>isSundayAndPreviousRunIsSaturdayAsterisk[68]</testName>
          <skipped>false</skipped>
          <failedSince>0</failedSince>
        </case>
        <case>
          <duration>0.0</duration>
          <className>hudson.scheduler.CronTabDayOfWeekLocaleTest</className>
          <testName>hudson8658[69]</testName>
          <skipped>false</skipped>
          <failedSince>0</failedSince>
        </case>
        <case>
          <duration>0.0</duration>
          <className>hudson.scheduler.CronTabDayOfWeekLocaleTest</className>
          <testName>isSundayAndNextRunIsMonday[69]</testName>
          <skipped>false</skipped>
          <failedSince>0</failedSince>
        </case>
        <case>
          <duration>0.001</duration>
          <className>hudson.scheduler.CronTabDayOfWeekLocaleTest</className>
          <testName>isSundayAndPreviousRunIsMonday[69]</testName>
          <skipped>false</skipped>
          <failedSince>0</failedSince>
        </case>
        <case>
          <duration>0.0</duration>
          <className>hudson.scheduler.CronTabDayOfWeekLocaleTest</className>
          <testName>isSundayAndNextRunIsTuesday[69]</testName>
          <skipped>false</skipped>
          <failedSince>0</failedSince>
        </case>
        <case>
          <duration>0.0</duration>
          <className>hudson.scheduler.CronTabDayOfWeekLocaleTest</className>
          <testName>isSundayAndPreviousRunIsTuesday[69]</testName>
          <skipped>false</skipped>
          <failedSince>0</failedSince>
        </case>
        <case>
          <duration>0.0</duration>
          <className>hudson.scheduler.CronTabDayOfWeekLocaleTest</className>
          <testName>isSundayAndNextRunIsWednesday[69]</testName>
          <skipped>false</skipped>
          <failedSince>0</failedSince>
        </case>
        <case>
          <duration>0.0</duration>
          <className>hudson.scheduler.CronTabDayOfWeekLocaleTest</className>
          <testName>isSundayAndPreviousRunIsWednesday[69]</testName>
          <skipped>false</skipped>
          <failedSince>0</failedSince>
        </case>
        <case>
          <duration>0.0</duration>
          <className>hudson.scheduler.CronTabDayOfWeekLocaleTest</className>
          <testName>isSundayAndNextRunIsThursday[69]</testName>
          <skipped>false</skipped>
          <failedSince>0</failedSince>
        </case>
        <case>
          <duration>0.0</duration>
          <className>hudson.scheduler.CronTabDayOfWeekLocaleTest</className>
          <testName>isSundayAndPreviousRunIsThursday[69]</testName>
          <skipped>false</skipped>
          <failedSince>0</failedSince>
        </case>
        <case>
          <duration>0.001</duration>
          <className>hudson.scheduler.CronTabDayOfWeekLocaleTest</className>
          <testName>isSundayAndNextRunIsFriday[69]</testName>
          <skipped>false</skipped>
          <failedSince>0</failedSince>
        </case>
        <case>
          <duration>0.0</duration>
          <className>hudson.scheduler.CronTabDayOfWeekLocaleTest</className>
          <testName>isSundayAndPreviousRunIsFriday[69]</testName>
          <skipped>false</skipped>
          <failedSince>0</failedSince>
        </case>
        <case>
          <duration>0.0</duration>
          <className>hudson.scheduler.CronTabDayOfWeekLocaleTest</className>
          <testName>isSundayAndNextRunIsSaturday[69]</testName>
          <skipped>false</skipped>
          <failedSince>0</failedSince>
        </case>
        <case>
          <duration>0.001</duration>
          <className>hudson.scheduler.CronTabDayOfWeekLocaleTest</className>
          <testName>isSundayAndPreviousRunIsSaturday[69]</testName>
          <skipped>false</skipped>
          <failedSince>0</failedSince>
        </case>
        <case>
          <duration>0.0</duration>
          <className>hudson.scheduler.CronTabDayOfWeekLocaleTest</className>
          <testName>isSundayAndNextRunIsNextSunday[69]</testName>
          <skipped>false</skipped>
          <failedSince>0</failedSince>
        </case>
        <case>
          <duration>0.0</duration>
          <className>hudson.scheduler.CronTabDayOfWeekLocaleTest</className>
          <testName>isSundayAndPreviousRunIsPreviousSunday[69]</testName>
          <skipped>false</skipped>
          <failedSince>0</failedSince>
        </case>
        <case>
          <duration>0.0</duration>
          <className>hudson.scheduler.CronTabDayOfWeekLocaleTest</className>
          <testName>isSundayAndNextRunIsNextSunday7[69]</testName>
          <skipped>false</skipped>
          <failedSince>0</failedSince>
        </case>
        <case>
          <duration>0.0</duration>
          <className>hudson.scheduler.CronTabDayOfWeekLocaleTest</className>
          <testName>isSundayAndPreviousRunIsPreviousSunday7[69]</testName>
          <skipped>false</skipped>
          <failedSince>0</failedSince>
        </case>
        <case>
          <duration>0.0</duration>
          <className>hudson.scheduler.CronTabDayOfWeekLocaleTest</className>
          <testName>isSaturdayAndNextRunIsSundayAsterisk[69]</testName>
          <skipped>false</skipped>
          <failedSince>0</failedSince>
        </case>
        <case>
          <duration>0.0</duration>
          <className>hudson.scheduler.CronTabDayOfWeekLocaleTest</className>
          <testName>isSundayAndPreviousRunIsSaturdayAsterisk[69]</testName>
          <skipped>false</skipped>
          <failedSince>0</failedSince>
        </case>
        <case>
          <duration>0.0</duration>
          <className>hudson.scheduler.CronTabDayOfWeekLocaleTest</className>
          <testName>hudson8658[70]</testName>
          <skipped>false</skipped>
          <failedSince>0</failedSince>
        </case>
        <case>
          <duration>0.0</duration>
          <className>hudson.scheduler.CronTabDayOfWeekLocaleTest</className>
          <testName>isSundayAndNextRunIsMonday[70]</testName>
          <skipped>false</skipped>
          <failedSince>0</failedSince>
        </case>
        <case>
          <duration>0.0</duration>
          <className>hudson.scheduler.CronTabDayOfWeekLocaleTest</className>
          <testName>isSundayAndPreviousRunIsMonday[70]</testName>
          <skipped>false</skipped>
          <failedSince>0</failedSince>
        </case>
        <case>
          <duration>0.0</duration>
          <className>hudson.scheduler.CronTabDayOfWeekLocaleTest</className>
          <testName>isSundayAndNextRunIsTuesday[70]</testName>
          <skipped>false</skipped>
          <failedSince>0</failedSince>
        </case>
        <case>
          <duration>0.0</duration>
          <className>hudson.scheduler.CronTabDayOfWeekLocaleTest</className>
          <testName>isSundayAndPreviousRunIsTuesday[70]</testName>
          <skipped>false</skipped>
          <failedSince>0</failedSince>
        </case>
        <case>
          <duration>0.0</duration>
          <className>hudson.scheduler.CronTabDayOfWeekLocaleTest</className>
          <testName>isSundayAndNextRunIsWednesday[70]</testName>
          <skipped>false</skipped>
          <failedSince>0</failedSince>
        </case>
        <case>
          <duration>0.001</duration>
          <className>hudson.scheduler.CronTabDayOfWeekLocaleTest</className>
          <testName>isSundayAndPreviousRunIsWednesday[70]</testName>
          <skipped>false</skipped>
          <failedSince>0</failedSince>
        </case>
        <case>
          <duration>0.0</duration>
          <className>hudson.scheduler.CronTabDayOfWeekLocaleTest</className>
          <testName>isSundayAndNextRunIsThursday[70]</testName>
          <skipped>false</skipped>
          <failedSince>0</failedSince>
        </case>
        <case>
          <duration>0.0</duration>
          <className>hudson.scheduler.CronTabDayOfWeekLocaleTest</className>
          <testName>isSundayAndPreviousRunIsThursday[70]</testName>
          <skipped>false</skipped>
          <failedSince>0</failedSince>
        </case>
        <case>
          <duration>0.001</duration>
          <className>hudson.scheduler.CronTabDayOfWeekLocaleTest</className>
          <testName>isSundayAndNextRunIsFriday[70]</testName>
          <skipped>false</skipped>
          <failedSince>0</failedSince>
        </case>
        <case>
          <duration>0.0</duration>
          <className>hudson.scheduler.CronTabDayOfWeekLocaleTest</className>
          <testName>isSundayAndPreviousRunIsFriday[70]</testName>
          <skipped>false</skipped>
          <failedSince>0</failedSince>
        </case>
        <case>
          <duration>0.0</duration>
          <className>hudson.scheduler.CronTabDayOfWeekLocaleTest</className>
          <testName>isSundayAndNextRunIsSaturday[70]</testName>
          <skipped>false</skipped>
          <failedSince>0</failedSince>
        </case>
        <case>
          <duration>0.0</duration>
          <className>hudson.scheduler.CronTabDayOfWeekLocaleTest</className>
          <testName>isSundayAndPreviousRunIsSaturday[70]</testName>
          <skipped>false</skipped>
          <failedSince>0</failedSince>
        </case>
        <case>
          <duration>0.0</duration>
          <className>hudson.scheduler.CronTabDayOfWeekLocaleTest</className>
          <testName>isSundayAndNextRunIsNextSunday[70]</testName>
          <skipped>false</skipped>
          <failedSince>0</failedSince>
        </case>
        <case>
          <duration>0.0</duration>
          <className>hudson.scheduler.CronTabDayOfWeekLocaleTest</className>
          <testName>isSundayAndPreviousRunIsPreviousSunday[70]</testName>
          <skipped>false</skipped>
          <failedSince>0</failedSince>
        </case>
        <case>
          <duration>0.0</duration>
          <className>hudson.scheduler.CronTabDayOfWeekLocaleTest</className>
          <testName>isSundayAndNextRunIsNextSunday7[70]</testName>
          <skipped>false</skipped>
          <failedSince>0</failedSince>
        </case>
        <case>
          <duration>0.001</duration>
          <className>hudson.scheduler.CronTabDayOfWeekLocaleTest</className>
          <testName>isSundayAndPreviousRunIsPreviousSunday7[70]</testName>
          <skipped>false</skipped>
          <failedSince>0</failedSince>
        </case>
        <case>
          <duration>0.0</duration>
          <className>hudson.scheduler.CronTabDayOfWeekLocaleTest</className>
          <testName>isSaturdayAndNextRunIsSundayAsterisk[70]</testName>
          <skipped>false</skipped>
          <failedSince>0</failedSince>
        </case>
        <case>
          <duration>0.0</duration>
          <className>hudson.scheduler.CronTabDayOfWeekLocaleTest</className>
          <testName>isSundayAndPreviousRunIsSaturdayAsterisk[70]</testName>
          <skipped>false</skipped>
          <failedSince>0</failedSince>
        </case>
        <case>
          <duration>0.0</duration>
          <className>hudson.scheduler.CronTabDayOfWeekLocaleTest</className>
          <testName>hudson8658[71]</testName>
          <skipped>false</skipped>
          <failedSince>0</failedSince>
        </case>
        <case>
          <duration>0.0</duration>
          <className>hudson.scheduler.CronTabDayOfWeekLocaleTest</className>
          <testName>isSundayAndNextRunIsMonday[71]</testName>
          <skipped>false</skipped>
          <failedSince>0</failedSince>
        </case>
        <case>
          <duration>0.001</duration>
          <className>hudson.scheduler.CronTabDayOfWeekLocaleTest</className>
          <testName>isSundayAndPreviousRunIsMonday[71]</testName>
          <skipped>false</skipped>
          <failedSince>0</failedSince>
        </case>
        <case>
          <duration>0.0</duration>
          <className>hudson.scheduler.CronTabDayOfWeekLocaleTest</className>
          <testName>isSundayAndNextRunIsTuesday[71]</testName>
          <skipped>false</skipped>
          <failedSince>0</failedSince>
        </case>
        <case>
          <duration>0.0</duration>
          <className>hudson.scheduler.CronTabDayOfWeekLocaleTest</className>
          <testName>isSundayAndPreviousRunIsTuesday[71]</testName>
          <skipped>false</skipped>
          <failedSince>0</failedSince>
        </case>
        <case>
          <duration>0.0</duration>
          <className>hudson.scheduler.CronTabDayOfWeekLocaleTest</className>
          <testName>isSundayAndNextRunIsWednesday[71]</testName>
          <skipped>false</skipped>
          <failedSince>0</failedSince>
        </case>
        <case>
          <duration>0.001</duration>
          <className>hudson.scheduler.CronTabDayOfWeekLocaleTest</className>
          <testName>isSundayAndPreviousRunIsWednesday[71]</testName>
          <skipped>false</skipped>
          <failedSince>0</failedSince>
        </case>
        <case>
          <duration>0.0</duration>
          <className>hudson.scheduler.CronTabDayOfWeekLocaleTest</className>
          <testName>isSundayAndNextRunIsThursday[71]</testName>
          <skipped>false</skipped>
          <failedSince>0</failedSince>
        </case>
        <case>
          <duration>0.0</duration>
          <className>hudson.scheduler.CronTabDayOfWeekLocaleTest</className>
          <testName>isSundayAndPreviousRunIsThursday[71]</testName>
          <skipped>false</skipped>
          <failedSince>0</failedSince>
        </case>
        <case>
          <duration>0.001</duration>
          <className>hudson.scheduler.CronTabDayOfWeekLocaleTest</className>
          <testName>isSundayAndNextRunIsFriday[71]</testName>
          <skipped>false</skipped>
          <failedSince>0</failedSince>
        </case>
        <case>
          <duration>0.0</duration>
          <className>hudson.scheduler.CronTabDayOfWeekLocaleTest</className>
          <testName>isSundayAndPreviousRunIsFriday[71]</testName>
          <skipped>false</skipped>
          <failedSince>0</failedSince>
        </case>
        <case>
          <duration>0.0</duration>
          <className>hudson.scheduler.CronTabDayOfWeekLocaleTest</className>
          <testName>isSundayAndNextRunIsSaturday[71]</testName>
          <skipped>false</skipped>
          <failedSince>0</failedSince>
        </case>
        <case>
          <duration>0.0</duration>
          <className>hudson.scheduler.CronTabDayOfWeekLocaleTest</className>
          <testName>isSundayAndPreviousRunIsSaturday[71]</testName>
          <skipped>false</skipped>
          <failedSince>0</failedSince>
        </case>
        <case>
          <duration>0.001</duration>
          <className>hudson.scheduler.CronTabDayOfWeekLocaleTest</className>
          <testName>isSundayAndNextRunIsNextSunday[71]</testName>
          <skipped>false</skipped>
          <failedSince>0</failedSince>
        </case>
        <case>
          <duration>0.0</duration>
          <className>hudson.scheduler.CronTabDayOfWeekLocaleTest</className>
          <testName>isSundayAndPreviousRunIsPreviousSunday[71]</testName>
          <skipped>false</skipped>
          <failedSince>0</failedSince>
        </case>
        <case>
          <duration>0.0</duration>
          <className>hudson.scheduler.CronTabDayOfWeekLocaleTest</className>
          <testName>isSundayAndNextRunIsNextSunday7[71]</testName>
          <skipped>false</skipped>
          <failedSince>0</failedSince>
        </case>
        <case>
          <duration>0.001</duration>
          <className>hudson.scheduler.CronTabDayOfWeekLocaleTest</className>
          <testName>isSundayAndPreviousRunIsPreviousSunday7[71]</testName>
          <skipped>false</skipped>
          <failedSince>0</failedSince>
        </case>
        <case>
          <duration>0.0</duration>
          <className>hudson.scheduler.CronTabDayOfWeekLocaleTest</className>
          <testName>isSaturdayAndNextRunIsSundayAsterisk[71]</testName>
          <skipped>false</skipped>
          <failedSince>0</failedSince>
        </case>
        <case>
          <duration>0.0</duration>
          <className>hudson.scheduler.CronTabDayOfWeekLocaleTest</className>
          <testName>isSundayAndPreviousRunIsSaturdayAsterisk[71]</testName>
          <skipped>false</skipped>
          <failedSince>0</failedSince>
        </case>
        <case>
          <duration>0.001</duration>
          <className>hudson.scheduler.CronTabDayOfWeekLocaleTest</className>
          <testName>hudson8658[72]</testName>
          <skipped>false</skipped>
          <failedSince>0</failedSince>
        </case>
        <case>
          <duration>0.0</duration>
          <className>hudson.scheduler.CronTabDayOfWeekLocaleTest</className>
          <testName>isSundayAndNextRunIsMonday[72]</testName>
          <skipped>false</skipped>
          <failedSince>0</failedSince>
        </case>
        <case>
          <duration>0.0</duration>
          <className>hudson.scheduler.CronTabDayOfWeekLocaleTest</className>
          <testName>isSundayAndPreviousRunIsMonday[72]</testName>
          <skipped>false</skipped>
          <failedSince>0</failedSince>
        </case>
        <case>
          <duration>0.001</duration>
          <className>hudson.scheduler.CronTabDayOfWeekLocaleTest</className>
          <testName>isSundayAndNextRunIsTuesday[72]</testName>
          <skipped>false</skipped>
          <failedSince>0</failedSince>
        </case>
        <case>
          <duration>0.0</duration>
          <className>hudson.scheduler.CronTabDayOfWeekLocaleTest</className>
          <testName>isSundayAndPreviousRunIsTuesday[72]</testName>
          <skipped>false</skipped>
          <failedSince>0</failedSince>
        </case>
        <case>
          <duration>0.0</duration>
          <className>hudson.scheduler.CronTabDayOfWeekLocaleTest</className>
          <testName>isSundayAndNextRunIsWednesday[72]</testName>
          <skipped>false</skipped>
          <failedSince>0</failedSince>
        </case>
        <case>
          <duration>0.0</duration>
          <className>hudson.scheduler.CronTabDayOfWeekLocaleTest</className>
          <testName>isSundayAndPreviousRunIsWednesday[72]</testName>
          <skipped>false</skipped>
          <failedSince>0</failedSince>
        </case>
        <case>
          <duration>0.001</duration>
          <className>hudson.scheduler.CronTabDayOfWeekLocaleTest</className>
          <testName>isSundayAndNextRunIsThursday[72]</testName>
          <skipped>false</skipped>
          <failedSince>0</failedSince>
        </case>
        <case>
          <duration>0.0</duration>
          <className>hudson.scheduler.CronTabDayOfWeekLocaleTest</className>
          <testName>isSundayAndPreviousRunIsThursday[72]</testName>
          <skipped>false</skipped>
          <failedSince>0</failedSince>
        </case>
        <case>
          <duration>0.0</duration>
          <className>hudson.scheduler.CronTabDayOfWeekLocaleTest</className>
          <testName>isSundayAndNextRunIsFriday[72]</testName>
          <skipped>false</skipped>
          <failedSince>0</failedSince>
        </case>
        <case>
          <duration>0.001</duration>
          <className>hudson.scheduler.CronTabDayOfWeekLocaleTest</className>
          <testName>isSundayAndPreviousRunIsFriday[72]</testName>
          <skipped>false</skipped>
          <failedSince>0</failedSince>
        </case>
        <case>
          <duration>0.0</duration>
          <className>hudson.scheduler.CronTabDayOfWeekLocaleTest</className>
          <testName>isSundayAndNextRunIsSaturday[72]</testName>
          <skipped>false</skipped>
          <failedSince>0</failedSince>
        </case>
        <case>
          <duration>0.0</duration>
          <className>hudson.scheduler.CronTabDayOfWeekLocaleTest</className>
          <testName>isSundayAndPreviousRunIsSaturday[72]</testName>
          <skipped>false</skipped>
          <failedSince>0</failedSince>
        </case>
        <case>
          <duration>0.0</duration>
          <className>hudson.scheduler.CronTabDayOfWeekLocaleTest</className>
          <testName>isSundayAndNextRunIsNextSunday[72]</testName>
          <skipped>false</skipped>
          <failedSince>0</failedSince>
        </case>
        <case>
          <duration>0.0</duration>
          <className>hudson.scheduler.CronTabDayOfWeekLocaleTest</className>
          <testName>isSundayAndPreviousRunIsPreviousSunday[72]</testName>
          <skipped>false</skipped>
          <failedSince>0</failedSince>
        </case>
        <case>
          <duration>0.0</duration>
          <className>hudson.scheduler.CronTabDayOfWeekLocaleTest</className>
          <testName>isSundayAndNextRunIsNextSunday7[72]</testName>
          <skipped>false</skipped>
          <failedSince>0</failedSince>
        </case>
        <case>
          <duration>0.0</duration>
          <className>hudson.scheduler.CronTabDayOfWeekLocaleTest</className>
          <testName>isSundayAndPreviousRunIsPreviousSunday7[72]</testName>
          <skipped>false</skipped>
          <failedSince>0</failedSince>
        </case>
        <case>
          <duration>0.0</duration>
          <className>hudson.scheduler.CronTabDayOfWeekLocaleTest</className>
          <testName>isSaturdayAndNextRunIsSundayAsterisk[72]</testName>
          <skipped>false</skipped>
          <failedSince>0</failedSince>
        </case>
        <case>
          <duration>0.0</duration>
          <className>hudson.scheduler.CronTabDayOfWeekLocaleTest</className>
          <testName>isSundayAndPreviousRunIsSaturdayAsterisk[72]</testName>
          <skipped>false</skipped>
          <failedSince>0</failedSince>
        </case>
        <case>
          <duration>0.001</duration>
          <className>hudson.scheduler.CronTabDayOfWeekLocaleTest</className>
          <testName>hudson8658[73]</testName>
          <skipped>false</skipped>
          <failedSince>0</failedSince>
        </case>
        <case>
          <duration>0.0</duration>
          <className>hudson.scheduler.CronTabDayOfWeekLocaleTest</className>
          <testName>isSundayAndNextRunIsMonday[73]</testName>
          <skipped>false</skipped>
          <failedSince>0</failedSince>
        </case>
        <case>
          <duration>0.0</duration>
          <className>hudson.scheduler.CronTabDayOfWeekLocaleTest</className>
          <testName>isSundayAndPreviousRunIsMonday[73]</testName>
          <skipped>false</skipped>
          <failedSince>0</failedSince>
        </case>
        <case>
          <duration>0.0</duration>
          <className>hudson.scheduler.CronTabDayOfWeekLocaleTest</className>
          <testName>isSundayAndNextRunIsTuesday[73]</testName>
          <skipped>false</skipped>
          <failedSince>0</failedSince>
        </case>
        <case>
          <duration>0.0</duration>
          <className>hudson.scheduler.CronTabDayOfWeekLocaleTest</className>
          <testName>isSundayAndPreviousRunIsTuesday[73]</testName>
          <skipped>false</skipped>
          <failedSince>0</failedSince>
        </case>
        <case>
          <duration>0.0</duration>
          <className>hudson.scheduler.CronTabDayOfWeekLocaleTest</className>
          <testName>isSundayAndNextRunIsWednesday[73]</testName>
          <skipped>false</skipped>
          <failedSince>0</failedSince>
        </case>
        <case>
          <duration>0.0</duration>
          <className>hudson.scheduler.CronTabDayOfWeekLocaleTest</className>
          <testName>isSundayAndPreviousRunIsWednesday[73]</testName>
          <skipped>false</skipped>
          <failedSince>0</failedSince>
        </case>
        <case>
          <duration>0.0</duration>
          <className>hudson.scheduler.CronTabDayOfWeekLocaleTest</className>
          <testName>isSundayAndNextRunIsThursday[73]</testName>
          <skipped>false</skipped>
          <failedSince>0</failedSince>
        </case>
        <case>
          <duration>0.001</duration>
          <className>hudson.scheduler.CronTabDayOfWeekLocaleTest</className>
          <testName>isSundayAndPreviousRunIsThursday[73]</testName>
          <skipped>false</skipped>
          <failedSince>0</failedSince>
        </case>
        <case>
          <duration>0.0</duration>
          <className>hudson.scheduler.CronTabDayOfWeekLocaleTest</className>
          <testName>isSundayAndNextRunIsFriday[73]</testName>
          <skipped>false</skipped>
          <failedSince>0</failedSince>
        </case>
        <case>
          <duration>0.0</duration>
          <className>hudson.scheduler.CronTabDayOfWeekLocaleTest</className>
          <testName>isSundayAndPreviousRunIsFriday[73]</testName>
          <skipped>false</skipped>
          <failedSince>0</failedSince>
        </case>
        <case>
          <duration>0.001</duration>
          <className>hudson.scheduler.CronTabDayOfWeekLocaleTest</className>
          <testName>isSundayAndNextRunIsSaturday[73]</testName>
          <skipped>false</skipped>
          <failedSince>0</failedSince>
        </case>
        <case>
          <duration>0.0</duration>
          <className>hudson.scheduler.CronTabDayOfWeekLocaleTest</className>
          <testName>isSundayAndPreviousRunIsSaturday[73]</testName>
          <skipped>false</skipped>
          <failedSince>0</failedSince>
        </case>
        <case>
          <duration>0.0</duration>
          <className>hudson.scheduler.CronTabDayOfWeekLocaleTest</className>
          <testName>isSundayAndNextRunIsNextSunday[73]</testName>
          <skipped>false</skipped>
          <failedSince>0</failedSince>
        </case>
        <case>
          <duration>0.001</duration>
          <className>hudson.scheduler.CronTabDayOfWeekLocaleTest</className>
          <testName>isSundayAndPreviousRunIsPreviousSunday[73]</testName>
          <skipped>false</skipped>
          <failedSince>0</failedSince>
        </case>
        <case>
          <duration>0.0</duration>
          <className>hudson.scheduler.CronTabDayOfWeekLocaleTest</className>
          <testName>isSundayAndNextRunIsNextSunday7[73]</testName>
          <skipped>false</skipped>
          <failedSince>0</failedSince>
        </case>
        <case>
          <duration>0.0</duration>
          <className>hudson.scheduler.CronTabDayOfWeekLocaleTest</className>
          <testName>isSundayAndPreviousRunIsPreviousSunday7[73]</testName>
          <skipped>false</skipped>
          <failedSince>0</failedSince>
        </case>
        <case>
          <duration>0.0</duration>
          <className>hudson.scheduler.CronTabDayOfWeekLocaleTest</className>
          <testName>isSaturdayAndNextRunIsSundayAsterisk[73]</testName>
          <skipped>false</skipped>
          <failedSince>0</failedSince>
        </case>
        <case>
          <duration>0.0</duration>
          <className>hudson.scheduler.CronTabDayOfWeekLocaleTest</className>
          <testName>isSundayAndPreviousRunIsSaturdayAsterisk[73]</testName>
          <skipped>false</skipped>
          <failedSince>0</failedSince>
        </case>
        <case>
          <duration>0.001</duration>
          <className>hudson.scheduler.CronTabDayOfWeekLocaleTest</className>
          <testName>hudson8658[74]</testName>
          <skipped>false</skipped>
          <failedSince>0</failedSince>
        </case>
        <case>
          <duration>0.0</duration>
          <className>hudson.scheduler.CronTabDayOfWeekLocaleTest</className>
          <testName>isSundayAndNextRunIsMonday[74]</testName>
          <skipped>false</skipped>
          <failedSince>0</failedSince>
        </case>
        <case>
          <duration>0.0</duration>
          <className>hudson.scheduler.CronTabDayOfWeekLocaleTest</className>
          <testName>isSundayAndPreviousRunIsMonday[74]</testName>
          <skipped>false</skipped>
          <failedSince>0</failedSince>
        </case>
        <case>
          <duration>0.001</duration>
          <className>hudson.scheduler.CronTabDayOfWeekLocaleTest</className>
          <testName>isSundayAndNextRunIsTuesday[74]</testName>
          <skipped>false</skipped>
          <failedSince>0</failedSince>
        </case>
        <case>
          <duration>0.0</duration>
          <className>hudson.scheduler.CronTabDayOfWeekLocaleTest</className>
          <testName>isSundayAndPreviousRunIsTuesday[74]</testName>
          <skipped>false</skipped>
          <failedSince>0</failedSince>
        </case>
        <case>
          <duration>0.0</duration>
          <className>hudson.scheduler.CronTabDayOfWeekLocaleTest</className>
          <testName>isSundayAndNextRunIsWednesday[74]</testName>
          <skipped>false</skipped>
          <failedSince>0</failedSince>
        </case>
        <case>
          <duration>0.001</duration>
          <className>hudson.scheduler.CronTabDayOfWeekLocaleTest</className>
          <testName>isSundayAndPreviousRunIsWednesday[74]</testName>
          <skipped>false</skipped>
          <failedSince>0</failedSince>
        </case>
        <case>
          <duration>0.0</duration>
          <className>hudson.scheduler.CronTabDayOfWeekLocaleTest</className>
          <testName>isSundayAndNextRunIsThursday[74]</testName>
          <skipped>false</skipped>
          <failedSince>0</failedSince>
        </case>
        <case>
          <duration>0.0</duration>
          <className>hudson.scheduler.CronTabDayOfWeekLocaleTest</className>
          <testName>isSundayAndPreviousRunIsThursday[74]</testName>
          <skipped>false</skipped>
          <failedSince>0</failedSince>
        </case>
        <case>
          <duration>0.001</duration>
          <className>hudson.scheduler.CronTabDayOfWeekLocaleTest</className>
          <testName>isSundayAndNextRunIsFriday[74]</testName>
          <skipped>false</skipped>
          <failedSince>0</failedSince>
        </case>
        <case>
          <duration>0.0</duration>
          <className>hudson.scheduler.CronTabDayOfWeekLocaleTest</className>
          <testName>isSundayAndPreviousRunIsFriday[74]</testName>
          <skipped>false</skipped>
          <failedSince>0</failedSince>
        </case>
        <case>
          <duration>0.0</duration>
          <className>hudson.scheduler.CronTabDayOfWeekLocaleTest</className>
          <testName>isSundayAndNextRunIsSaturday[74]</testName>
          <skipped>false</skipped>
          <failedSince>0</failedSince>
        </case>
        <case>
          <duration>0.001</duration>
          <className>hudson.scheduler.CronTabDayOfWeekLocaleTest</className>
          <testName>isSundayAndPreviousRunIsSaturday[74]</testName>
          <skipped>false</skipped>
          <failedSince>0</failedSince>
        </case>
        <case>
          <duration>0.0</duration>
          <className>hudson.scheduler.CronTabDayOfWeekLocaleTest</className>
          <testName>isSundayAndNextRunIsNextSunday[74]</testName>
          <skipped>false</skipped>
          <failedSince>0</failedSince>
        </case>
        <case>
          <duration>0.0</duration>
          <className>hudson.scheduler.CronTabDayOfWeekLocaleTest</className>
          <testName>isSundayAndPreviousRunIsPreviousSunday[74]</testName>
          <skipped>false</skipped>
          <failedSince>0</failedSince>
        </case>
        <case>
          <duration>0.0</duration>
          <className>hudson.scheduler.CronTabDayOfWeekLocaleTest</className>
          <testName>isSundayAndNextRunIsNextSunday7[74]</testName>
          <skipped>false</skipped>
          <failedSince>0</failedSince>
        </case>
        <case>
          <duration>0.0</duration>
          <className>hudson.scheduler.CronTabDayOfWeekLocaleTest</className>
          <testName>isSundayAndPreviousRunIsPreviousSunday7[74]</testName>
          <skipped>false</skipped>
          <failedSince>0</failedSince>
        </case>
        <case>
          <duration>0.0</duration>
          <className>hudson.scheduler.CronTabDayOfWeekLocaleTest</className>
          <testName>isSaturdayAndNextRunIsSundayAsterisk[74]</testName>
          <skipped>false</skipped>
          <failedSince>0</failedSince>
        </case>
        <case>
          <duration>0.0</duration>
          <className>hudson.scheduler.CronTabDayOfWeekLocaleTest</className>
          <testName>isSundayAndPreviousRunIsSaturdayAsterisk[74]</testName>
          <skipped>false</skipped>
          <failedSince>0</failedSince>
        </case>
        <case>
          <duration>0.0</duration>
          <className>hudson.scheduler.CronTabDayOfWeekLocaleTest</className>
          <testName>hudson8658[75]</testName>
          <skipped>false</skipped>
          <failedSince>0</failedSince>
        </case>
        <case>
          <duration>0.001</duration>
          <className>hudson.scheduler.CronTabDayOfWeekLocaleTest</className>
          <testName>isSundayAndNextRunIsMonday[75]</testName>
          <skipped>false</skipped>
          <failedSince>0</failedSince>
        </case>
        <case>
          <duration>0.0</duration>
          <className>hudson.scheduler.CronTabDayOfWeekLocaleTest</className>
          <testName>isSundayAndPreviousRunIsMonday[75]</testName>
          <skipped>false</skipped>
          <failedSince>0</failedSince>
        </case>
        <case>
          <duration>0.0</duration>
          <className>hudson.scheduler.CronTabDayOfWeekLocaleTest</className>
          <testName>isSundayAndNextRunIsTuesday[75]</testName>
          <skipped>false</skipped>
          <failedSince>0</failedSince>
        </case>
        <case>
          <duration>0.001</duration>
          <className>hudson.scheduler.CronTabDayOfWeekLocaleTest</className>
          <testName>isSundayAndPreviousRunIsTuesday[75]</testName>
          <skipped>false</skipped>
          <failedSince>0</failedSince>
        </case>
        <case>
          <duration>0.0</duration>
          <className>hudson.scheduler.CronTabDayOfWeekLocaleTest</className>
          <testName>isSundayAndNextRunIsWednesday[75]</testName>
          <skipped>false</skipped>
          <failedSince>0</failedSince>
        </case>
        <case>
          <duration>0.0</duration>
          <className>hudson.scheduler.CronTabDayOfWeekLocaleTest</className>
          <testName>isSundayAndPreviousRunIsWednesday[75]</testName>
          <skipped>false</skipped>
          <failedSince>0</failedSince>
        </case>
        <case>
          <duration>0.001</duration>
          <className>hudson.scheduler.CronTabDayOfWeekLocaleTest</className>
          <testName>isSundayAndNextRunIsThursday[75]</testName>
          <skipped>false</skipped>
          <failedSince>0</failedSince>
        </case>
        <case>
          <duration>0.0</duration>
          <className>hudson.scheduler.CronTabDayOfWeekLocaleTest</className>
          <testName>isSundayAndPreviousRunIsThursday[75]</testName>
          <skipped>false</skipped>
          <failedSince>0</failedSince>
        </case>
        <case>
          <duration>0.0</duration>
          <className>hudson.scheduler.CronTabDayOfWeekLocaleTest</className>
          <testName>isSundayAndNextRunIsFriday[75]</testName>
          <skipped>false</skipped>
          <failedSince>0</failedSince>
        </case>
        <case>
          <duration>0.001</duration>
          <className>hudson.scheduler.CronTabDayOfWeekLocaleTest</className>
          <testName>isSundayAndPreviousRunIsFriday[75]</testName>
          <skipped>false</skipped>
          <failedSince>0</failedSince>
        </case>
        <case>
          <duration>0.0</duration>
          <className>hudson.scheduler.CronTabDayOfWeekLocaleTest</className>
          <testName>isSundayAndNextRunIsSaturday[75]</testName>
          <skipped>false</skipped>
          <failedSince>0</failedSince>
        </case>
        <case>
          <duration>0.0</duration>
          <className>hudson.scheduler.CronTabDayOfWeekLocaleTest</className>
          <testName>isSundayAndPreviousRunIsSaturday[75]</testName>
          <skipped>false</skipped>
          <failedSince>0</failedSince>
        </case>
        <case>
          <duration>0.0</duration>
          <className>hudson.scheduler.CronTabDayOfWeekLocaleTest</className>
          <testName>isSundayAndNextRunIsNextSunday[75]</testName>
          <skipped>false</skipped>
          <failedSince>0</failedSince>
        </case>
        <case>
          <duration>0.001</duration>
          <className>hudson.scheduler.CronTabDayOfWeekLocaleTest</className>
          <testName>isSundayAndPreviousRunIsPreviousSunday[75]</testName>
          <skipped>false</skipped>
          <failedSince>0</failedSince>
        </case>
        <case>
          <duration>0.0</duration>
          <className>hudson.scheduler.CronTabDayOfWeekLocaleTest</className>
          <testName>isSundayAndNextRunIsNextSunday7[75]</testName>
          <skipped>false</skipped>
          <failedSince>0</failedSince>
        </case>
        <case>
          <duration>0.0</duration>
          <className>hudson.scheduler.CronTabDayOfWeekLocaleTest</className>
          <testName>isSundayAndPreviousRunIsPreviousSunday7[75]</testName>
          <skipped>false</skipped>
          <failedSince>0</failedSince>
        </case>
        <case>
          <duration>0.001</duration>
          <className>hudson.scheduler.CronTabDayOfWeekLocaleTest</className>
          <testName>isSaturdayAndNextRunIsSundayAsterisk[75]</testName>
          <skipped>false</skipped>
          <failedSince>0</failedSince>
        </case>
        <case>
          <duration>0.0</duration>
          <className>hudson.scheduler.CronTabDayOfWeekLocaleTest</className>
          <testName>isSundayAndPreviousRunIsSaturdayAsterisk[75]</testName>
          <skipped>false</skipped>
          <failedSince>0</failedSince>
        </case>
        <case>
          <duration>0.0</duration>
          <className>hudson.scheduler.CronTabDayOfWeekLocaleTest</className>
          <testName>hudson8658[76]</testName>
          <skipped>false</skipped>
          <failedSince>0</failedSince>
        </case>
        <case>
          <duration>0.001</duration>
          <className>hudson.scheduler.CronTabDayOfWeekLocaleTest</className>
          <testName>isSundayAndNextRunIsMonday[76]</testName>
          <skipped>false</skipped>
          <failedSince>0</failedSince>
        </case>
        <case>
          <duration>0.0</duration>
          <className>hudson.scheduler.CronTabDayOfWeekLocaleTest</className>
          <testName>isSundayAndPreviousRunIsMonday[76]</testName>
          <skipped>false</skipped>
          <failedSince>0</failedSince>
        </case>
        <case>
          <duration>0.0</duration>
          <className>hudson.scheduler.CronTabDayOfWeekLocaleTest</className>
          <testName>isSundayAndNextRunIsTuesday[76]</testName>
          <skipped>false</skipped>
          <failedSince>0</failedSince>
        </case>
        <case>
          <duration>0.0</duration>
          <className>hudson.scheduler.CronTabDayOfWeekLocaleTest</className>
          <testName>isSundayAndPreviousRunIsTuesday[76]</testName>
          <skipped>false</skipped>
          <failedSince>0</failedSince>
        </case>
        <case>
          <duration>0.0</duration>
          <className>hudson.scheduler.CronTabDayOfWeekLocaleTest</className>
          <testName>isSundayAndNextRunIsWednesday[76]</testName>
          <skipped>false</skipped>
          <failedSince>0</failedSince>
        </case>
        <case>
          <duration>0.0</duration>
          <className>hudson.scheduler.CronTabDayOfWeekLocaleTest</className>
          <testName>isSundayAndPreviousRunIsWednesday[76]</testName>
          <skipped>false</skipped>
          <failedSince>0</failedSince>
        </case>
        <case>
          <duration>0.0</duration>
          <className>hudson.scheduler.CronTabDayOfWeekLocaleTest</className>
          <testName>isSundayAndNextRunIsThursday[76]</testName>
          <skipped>false</skipped>
          <failedSince>0</failedSince>
        </case>
        <case>
          <duration>0.001</duration>
          <className>hudson.scheduler.CronTabDayOfWeekLocaleTest</className>
          <testName>isSundayAndPreviousRunIsThursday[76]</testName>
          <skipped>false</skipped>
          <failedSince>0</failedSince>
        </case>
        <case>
          <duration>0.0</duration>
          <className>hudson.scheduler.CronTabDayOfWeekLocaleTest</className>
          <testName>isSundayAndNextRunIsFriday[76]</testName>
          <skipped>false</skipped>
          <failedSince>0</failedSince>
        </case>
        <case>
          <duration>0.0</duration>
          <className>hudson.scheduler.CronTabDayOfWeekLocaleTest</className>
          <testName>isSundayAndPreviousRunIsFriday[76]</testName>
          <skipped>false</skipped>
          <failedSince>0</failedSince>
        </case>
        <case>
          <duration>0.0</duration>
          <className>hudson.scheduler.CronTabDayOfWeekLocaleTest</className>
          <testName>isSundayAndNextRunIsSaturday[76]</testName>
          <skipped>false</skipped>
          <failedSince>0</failedSince>
        </case>
        <case>
          <duration>0.0</duration>
          <className>hudson.scheduler.CronTabDayOfWeekLocaleTest</className>
          <testName>isSundayAndPreviousRunIsSaturday[76]</testName>
          <skipped>false</skipped>
          <failedSince>0</failedSince>
        </case>
        <case>
          <duration>0.0</duration>
          <className>hudson.scheduler.CronTabDayOfWeekLocaleTest</className>
          <testName>isSundayAndNextRunIsNextSunday[76]</testName>
          <skipped>false</skipped>
          <failedSince>0</failedSince>
        </case>
        <case>
          <duration>0.0</duration>
          <className>hudson.scheduler.CronTabDayOfWeekLocaleTest</className>
          <testName>isSundayAndPreviousRunIsPreviousSunday[76]</testName>
          <skipped>false</skipped>
          <failedSince>0</failedSince>
        </case>
        <case>
          <duration>0.001</duration>
          <className>hudson.scheduler.CronTabDayOfWeekLocaleTest</className>
          <testName>isSundayAndNextRunIsNextSunday7[76]</testName>
          <skipped>false</skipped>
          <failedSince>0</failedSince>
        </case>
        <case>
          <duration>0.0</duration>
          <className>hudson.scheduler.CronTabDayOfWeekLocaleTest</className>
          <testName>isSundayAndPreviousRunIsPreviousSunday7[76]</testName>
          <skipped>false</skipped>
          <failedSince>0</failedSince>
        </case>
        <case>
          <duration>0.0</duration>
          <className>hudson.scheduler.CronTabDayOfWeekLocaleTest</className>
          <testName>isSaturdayAndNextRunIsSundayAsterisk[76]</testName>
          <skipped>false</skipped>
          <failedSince>0</failedSince>
        </case>
        <case>
          <duration>0.0</duration>
          <className>hudson.scheduler.CronTabDayOfWeekLocaleTest</className>
          <testName>isSundayAndPreviousRunIsSaturdayAsterisk[76]</testName>
          <skipped>false</skipped>
          <failedSince>0</failedSince>
        </case>
        <case>
          <duration>0.0</duration>
          <className>hudson.scheduler.CronTabDayOfWeekLocaleTest</className>
          <testName>hudson8658[77]</testName>
          <skipped>false</skipped>
          <failedSince>0</failedSince>
        </case>
        <case>
          <duration>0.0</duration>
          <className>hudson.scheduler.CronTabDayOfWeekLocaleTest</className>
          <testName>isSundayAndNextRunIsMonday[77]</testName>
          <skipped>false</skipped>
          <failedSince>0</failedSince>
        </case>
        <case>
          <duration>0.001</duration>
          <className>hudson.scheduler.CronTabDayOfWeekLocaleTest</className>
          <testName>isSundayAndPreviousRunIsMonday[77]</testName>
          <skipped>false</skipped>
          <failedSince>0</failedSince>
        </case>
        <case>
          <duration>0.0</duration>
          <className>hudson.scheduler.CronTabDayOfWeekLocaleTest</className>
          <testName>isSundayAndNextRunIsTuesday[77]</testName>
          <skipped>false</skipped>
          <failedSince>0</failedSince>
        </case>
        <case>
          <duration>0.0</duration>
          <className>hudson.scheduler.CronTabDayOfWeekLocaleTest</className>
          <testName>isSundayAndPreviousRunIsTuesday[77]</testName>
          <skipped>false</skipped>
          <failedSince>0</failedSince>
        </case>
        <case>
          <duration>0.0</duration>
          <className>hudson.scheduler.CronTabDayOfWeekLocaleTest</className>
          <testName>isSundayAndNextRunIsWednesday[77]</testName>
          <skipped>false</skipped>
          <failedSince>0</failedSince>
        </case>
        <case>
          <duration>0.001</duration>
          <className>hudson.scheduler.CronTabDayOfWeekLocaleTest</className>
          <testName>isSundayAndPreviousRunIsWednesday[77]</testName>
          <skipped>false</skipped>
          <failedSince>0</failedSince>
        </case>
        <case>
          <duration>0.0</duration>
          <className>hudson.scheduler.CronTabDayOfWeekLocaleTest</className>
          <testName>isSundayAndNextRunIsThursday[77]</testName>
          <skipped>false</skipped>
          <failedSince>0</failedSince>
        </case>
        <case>
          <duration>0.0</duration>
          <className>hudson.scheduler.CronTabDayOfWeekLocaleTest</className>
          <testName>isSundayAndPreviousRunIsThursday[77]</testName>
          <skipped>false</skipped>
          <failedSince>0</failedSince>
        </case>
        <case>
          <duration>0.001</duration>
          <className>hudson.scheduler.CronTabDayOfWeekLocaleTest</className>
          <testName>isSundayAndNextRunIsFriday[77]</testName>
          <skipped>false</skipped>
          <failedSince>0</failedSince>
        </case>
        <case>
          <duration>0.0</duration>
          <className>hudson.scheduler.CronTabDayOfWeekLocaleTest</className>
          <testName>isSundayAndPreviousRunIsFriday[77]</testName>
          <skipped>false</skipped>
          <failedSince>0</failedSince>
        </case>
        <case>
          <duration>0.0</duration>
          <className>hudson.scheduler.CronTabDayOfWeekLocaleTest</className>
          <testName>isSundayAndNextRunIsSaturday[77]</testName>
          <skipped>false</skipped>
          <failedSince>0</failedSince>
        </case>
        <case>
          <duration>0.0</duration>
          <className>hudson.scheduler.CronTabDayOfWeekLocaleTest</className>
          <testName>isSundayAndPreviousRunIsSaturday[77]</testName>
          <skipped>false</skipped>
          <failedSince>0</failedSince>
        </case>
        <case>
          <duration>0.001</duration>
          <className>hudson.scheduler.CronTabDayOfWeekLocaleTest</className>
          <testName>isSundayAndNextRunIsNextSunday[77]</testName>
          <skipped>false</skipped>
          <failedSince>0</failedSince>
        </case>
        <case>
          <duration>0.0</duration>
          <className>hudson.scheduler.CronTabDayOfWeekLocaleTest</className>
          <testName>isSundayAndPreviousRunIsPreviousSunday[77]</testName>
          <skipped>false</skipped>
          <failedSince>0</failedSince>
        </case>
        <case>
          <duration>0.0</duration>
          <className>hudson.scheduler.CronTabDayOfWeekLocaleTest</className>
          <testName>isSundayAndNextRunIsNextSunday7[77]</testName>
          <skipped>false</skipped>
          <failedSince>0</failedSince>
        </case>
        <case>
          <duration>0.001</duration>
          <className>hudson.scheduler.CronTabDayOfWeekLocaleTest</className>
          <testName>isSundayAndPreviousRunIsPreviousSunday7[77]</testName>
          <skipped>false</skipped>
          <failedSince>0</failedSince>
        </case>
        <case>
          <duration>0.0</duration>
          <className>hudson.scheduler.CronTabDayOfWeekLocaleTest</className>
          <testName>isSaturdayAndNextRunIsSundayAsterisk[77]</testName>
          <skipped>false</skipped>
          <failedSince>0</failedSince>
        </case>
        <case>
          <duration>0.0</duration>
          <className>hudson.scheduler.CronTabDayOfWeekLocaleTest</className>
          <testName>isSundayAndPreviousRunIsSaturdayAsterisk[77]</testName>
          <skipped>false</skipped>
          <failedSince>0</failedSince>
        </case>
        <case>
          <duration>0.001</duration>
          <className>hudson.scheduler.CronTabDayOfWeekLocaleTest</className>
          <testName>hudson8658[78]</testName>
          <skipped>false</skipped>
          <failedSince>0</failedSince>
        </case>
        <case>
          <duration>0.0</duration>
          <className>hudson.scheduler.CronTabDayOfWeekLocaleTest</className>
          <testName>isSundayAndNextRunIsMonday[78]</testName>
          <skipped>false</skipped>
          <failedSince>0</failedSince>
        </case>
        <case>
          <duration>0.0</duration>
          <className>hudson.scheduler.CronTabDayOfWeekLocaleTest</className>
          <testName>isSundayAndPreviousRunIsMonday[78]</testName>
          <skipped>false</skipped>
          <failedSince>0</failedSince>
        </case>
        <case>
          <duration>0.0</duration>
          <className>hudson.scheduler.CronTabDayOfWeekLocaleTest</className>
          <testName>isSundayAndNextRunIsTuesday[78]</testName>
          <skipped>false</skipped>
          <failedSince>0</failedSince>
        </case>
        <case>
          <duration>0.001</duration>
          <className>hudson.scheduler.CronTabDayOfWeekLocaleTest</className>
          <testName>isSundayAndPreviousRunIsTuesday[78]</testName>
          <skipped>false</skipped>
          <failedSince>0</failedSince>
        </case>
        <case>
          <duration>0.0</duration>
          <className>hudson.scheduler.CronTabDayOfWeekLocaleTest</className>
          <testName>isSundayAndNextRunIsWednesday[78]</testName>
          <skipped>false</skipped>
          <failedSince>0</failedSince>
        </case>
        <case>
          <duration>0.0</duration>
          <className>hudson.scheduler.CronTabDayOfWeekLocaleTest</className>
          <testName>isSundayAndPreviousRunIsWednesday[78]</testName>
          <skipped>false</skipped>
          <failedSince>0</failedSince>
        </case>
        <case>
          <duration>0.001</duration>
          <className>hudson.scheduler.CronTabDayOfWeekLocaleTest</className>
          <testName>isSundayAndNextRunIsThursday[78]</testName>
          <skipped>false</skipped>
          <failedSince>0</failedSince>
        </case>
        <case>
          <duration>0.0</duration>
          <className>hudson.scheduler.CronTabDayOfWeekLocaleTest</className>
          <testName>isSundayAndPreviousRunIsThursday[78]</testName>
          <skipped>false</skipped>
          <failedSince>0</failedSince>
        </case>
        <case>
          <duration>0.0</duration>
          <className>hudson.scheduler.CronTabDayOfWeekLocaleTest</className>
          <testName>isSundayAndNextRunIsFriday[78]</testName>
          <skipped>false</skipped>
          <failedSince>0</failedSince>
        </case>
        <case>
          <duration>0.0</duration>
          <className>hudson.scheduler.CronTabDayOfWeekLocaleTest</className>
          <testName>isSundayAndPreviousRunIsFriday[78]</testName>
          <skipped>false</skipped>
          <failedSince>0</failedSince>
        </case>
        <case>
          <duration>0.001</duration>
          <className>hudson.scheduler.CronTabDayOfWeekLocaleTest</className>
          <testName>isSundayAndNextRunIsSaturday[78]</testName>
          <skipped>false</skipped>
          <failedSince>0</failedSince>
        </case>
        <case>
          <duration>0.0</duration>
          <className>hudson.scheduler.CronTabDayOfWeekLocaleTest</className>
          <testName>isSundayAndPreviousRunIsSaturday[78]</testName>
          <skipped>false</skipped>
          <failedSince>0</failedSince>
        </case>
        <case>
          <duration>0.0</duration>
          <className>hudson.scheduler.CronTabDayOfWeekLocaleTest</className>
          <testName>isSundayAndNextRunIsNextSunday[78]</testName>
          <skipped>false</skipped>
          <failedSince>0</failedSince>
        </case>
        <case>
          <duration>0.001</duration>
          <className>hudson.scheduler.CronTabDayOfWeekLocaleTest</className>
          <testName>isSundayAndPreviousRunIsPreviousSunday[78]</testName>
          <skipped>false</skipped>
          <failedSince>0</failedSince>
        </case>
        <case>
          <duration>0.0</duration>
          <className>hudson.scheduler.CronTabDayOfWeekLocaleTest</className>
          <testName>isSundayAndNextRunIsNextSunday7[78]</testName>
          <skipped>false</skipped>
          <failedSince>0</failedSince>
        </case>
        <case>
          <duration>0.0</duration>
          <className>hudson.scheduler.CronTabDayOfWeekLocaleTest</className>
          <testName>isSundayAndPreviousRunIsPreviousSunday7[78]</testName>
          <skipped>false</skipped>
          <failedSince>0</failedSince>
        </case>
        <case>
          <duration>0.0</duration>
          <className>hudson.scheduler.CronTabDayOfWeekLocaleTest</className>
          <testName>isSaturdayAndNextRunIsSundayAsterisk[78]</testName>
          <skipped>false</skipped>
          <failedSince>0</failedSince>
        </case>
        <case>
          <duration>0.0</duration>
          <className>hudson.scheduler.CronTabDayOfWeekLocaleTest</className>
          <testName>isSundayAndPreviousRunIsSaturdayAsterisk[78]</testName>
          <skipped>false</skipped>
          <failedSince>0</failedSince>
        </case>
        <case>
          <duration>0.0</duration>
          <className>hudson.scheduler.CronTabDayOfWeekLocaleTest</className>
          <testName>hudson8658[79]</testName>
          <skipped>false</skipped>
          <failedSince>0</failedSince>
        </case>
        <case>
          <duration>0.0</duration>
          <className>hudson.scheduler.CronTabDayOfWeekLocaleTest</className>
          <testName>isSundayAndNextRunIsMonday[79]</testName>
          <skipped>false</skipped>
          <failedSince>0</failedSince>
        </case>
        <case>
          <duration>0.0</duration>
          <className>hudson.scheduler.CronTabDayOfWeekLocaleTest</className>
          <testName>isSundayAndPreviousRunIsMonday[79]</testName>
          <skipped>false</skipped>
          <failedSince>0</failedSince>
        </case>
        <case>
          <duration>0.0</duration>
          <className>hudson.scheduler.CronTabDayOfWeekLocaleTest</className>
          <testName>isSundayAndNextRunIsTuesday[79]</testName>
          <skipped>false</skipped>
          <failedSince>0</failedSince>
        </case>
        <case>
          <duration>0.0</duration>
          <className>hudson.scheduler.CronTabDayOfWeekLocaleTest</className>
          <testName>isSundayAndPreviousRunIsTuesday[79]</testName>
          <skipped>false</skipped>
          <failedSince>0</failedSince>
        </case>
        <case>
          <duration>0.001</duration>
          <className>hudson.scheduler.CronTabDayOfWeekLocaleTest</className>
          <testName>isSundayAndNextRunIsWednesday[79]</testName>
          <skipped>false</skipped>
          <failedSince>0</failedSince>
        </case>
        <case>
          <duration>0.0</duration>
          <className>hudson.scheduler.CronTabDayOfWeekLocaleTest</className>
          <testName>isSundayAndPreviousRunIsWednesday[79]</testName>
          <skipped>false</skipped>
          <failedSince>0</failedSince>
        </case>
        <case>
          <duration>0.0</duration>
          <className>hudson.scheduler.CronTabDayOfWeekLocaleTest</className>
          <testName>isSundayAndNextRunIsThursday[79]</testName>
          <skipped>false</skipped>
          <failedSince>0</failedSince>
        </case>
        <case>
          <duration>0.0</duration>
          <className>hudson.scheduler.CronTabDayOfWeekLocaleTest</className>
          <testName>isSundayAndPreviousRunIsThursday[79]</testName>
          <skipped>false</skipped>
          <failedSince>0</failedSince>
        </case>
        <case>
          <duration>0.0</duration>
          <className>hudson.scheduler.CronTabDayOfWeekLocaleTest</className>
          <testName>isSundayAndNextRunIsFriday[79]</testName>
          <skipped>false</skipped>
          <failedSince>0</failedSince>
        </case>
        <case>
          <duration>0.0</duration>
          <className>hudson.scheduler.CronTabDayOfWeekLocaleTest</className>
          <testName>isSundayAndPreviousRunIsFriday[79]</testName>
          <skipped>false</skipped>
          <failedSince>0</failedSince>
        </case>
        <case>
          <duration>0.0</duration>
          <className>hudson.scheduler.CronTabDayOfWeekLocaleTest</className>
          <testName>isSundayAndNextRunIsSaturday[79]</testName>
          <skipped>false</skipped>
          <failedSince>0</failedSince>
        </case>
        <case>
          <duration>0.001</duration>
          <className>hudson.scheduler.CronTabDayOfWeekLocaleTest</className>
          <testName>isSundayAndPreviousRunIsSaturday[79]</testName>
          <skipped>false</skipped>
          <failedSince>0</failedSince>
        </case>
        <case>
          <duration>0.0</duration>
          <className>hudson.scheduler.CronTabDayOfWeekLocaleTest</className>
          <testName>isSundayAndNextRunIsNextSunday[79]</testName>
          <skipped>false</skipped>
          <failedSince>0</failedSince>
        </case>
        <case>
          <duration>0.0</duration>
          <className>hudson.scheduler.CronTabDayOfWeekLocaleTest</className>
          <testName>isSundayAndPreviousRunIsPreviousSunday[79]</testName>
          <skipped>false</skipped>
          <failedSince>0</failedSince>
        </case>
        <case>
          <duration>0.001</duration>
          <className>hudson.scheduler.CronTabDayOfWeekLocaleTest</className>
          <testName>isSundayAndNextRunIsNextSunday7[79]</testName>
          <skipped>false</skipped>
          <failedSince>0</failedSince>
        </case>
        <case>
          <duration>0.0</duration>
          <className>hudson.scheduler.CronTabDayOfWeekLocaleTest</className>
          <testName>isSundayAndPreviousRunIsPreviousSunday7[79]</testName>
          <skipped>false</skipped>
          <failedSince>0</failedSince>
        </case>
        <case>
          <duration>0.0</duration>
          <className>hudson.scheduler.CronTabDayOfWeekLocaleTest</className>
          <testName>isSaturdayAndNextRunIsSundayAsterisk[79]</testName>
          <skipped>false</skipped>
          <failedSince>0</failedSince>
        </case>
        <case>
          <duration>0.0</duration>
          <className>hudson.scheduler.CronTabDayOfWeekLocaleTest</className>
          <testName>isSundayAndPreviousRunIsSaturdayAsterisk[79]</testName>
          <skipped>false</skipped>
          <failedSince>0</failedSince>
        </case>
        <case>
          <duration>0.0</duration>
          <className>hudson.scheduler.CronTabDayOfWeekLocaleTest</className>
          <testName>hudson8658[80]</testName>
          <skipped>false</skipped>
          <failedSince>0</failedSince>
        </case>
        <case>
          <duration>0.0</duration>
          <className>hudson.scheduler.CronTabDayOfWeekLocaleTest</className>
          <testName>isSundayAndNextRunIsMonday[80]</testName>
          <skipped>false</skipped>
          <failedSince>0</failedSince>
        </case>
        <case>
          <duration>0.0</duration>
          <className>hudson.scheduler.CronTabDayOfWeekLocaleTest</className>
          <testName>isSundayAndPreviousRunIsMonday[80]</testName>
          <skipped>false</skipped>
          <failedSince>0</failedSince>
        </case>
        <case>
          <duration>0.0</duration>
          <className>hudson.scheduler.CronTabDayOfWeekLocaleTest</className>
          <testName>isSundayAndNextRunIsTuesday[80]</testName>
          <skipped>false</skipped>
          <failedSince>0</failedSince>
        </case>
        <case>
          <duration>0.0</duration>
          <className>hudson.scheduler.CronTabDayOfWeekLocaleTest</className>
          <testName>isSundayAndPreviousRunIsTuesday[80]</testName>
          <skipped>false</skipped>
          <failedSince>0</failedSince>
        </case>
        <case>
          <duration>0.0</duration>
          <className>hudson.scheduler.CronTabDayOfWeekLocaleTest</className>
          <testName>isSundayAndNextRunIsWednesday[80]</testName>
          <skipped>false</skipped>
          <failedSince>0</failedSince>
        </case>
        <case>
          <duration>0.001</duration>
          <className>hudson.scheduler.CronTabDayOfWeekLocaleTest</className>
          <testName>isSundayAndPreviousRunIsWednesday[80]</testName>
          <skipped>false</skipped>
          <failedSince>0</failedSince>
        </case>
        <case>
          <duration>0.0</duration>
          <className>hudson.scheduler.CronTabDayOfWeekLocaleTest</className>
          <testName>isSundayAndNextRunIsThursday[80]</testName>
          <skipped>false</skipped>
          <failedSince>0</failedSince>
        </case>
        <case>
          <duration>0.0</duration>
          <className>hudson.scheduler.CronTabDayOfWeekLocaleTest</className>
          <testName>isSundayAndPreviousRunIsThursday[80]</testName>
          <skipped>false</skipped>
          <failedSince>0</failedSince>
        </case>
        <case>
          <duration>0.001</duration>
          <className>hudson.scheduler.CronTabDayOfWeekLocaleTest</className>
          <testName>isSundayAndNextRunIsFriday[80]</testName>
          <skipped>false</skipped>
          <failedSince>0</failedSince>
        </case>
        <case>
          <duration>0.0</duration>
          <className>hudson.scheduler.CronTabDayOfWeekLocaleTest</className>
          <testName>isSundayAndPreviousRunIsFriday[80]</testName>
          <skipped>false</skipped>
          <failedSince>0</failedSince>
        </case>
        <case>
          <duration>0.0</duration>
          <className>hudson.scheduler.CronTabDayOfWeekLocaleTest</className>
          <testName>isSundayAndNextRunIsSaturday[80]</testName>
          <skipped>false</skipped>
          <failedSince>0</failedSince>
        </case>
        <case>
          <duration>0.0</duration>
          <className>hudson.scheduler.CronTabDayOfWeekLocaleTest</className>
          <testName>isSundayAndPreviousRunIsSaturday[80]</testName>
          <skipped>false</skipped>
          <failedSince>0</failedSince>
        </case>
        <case>
          <duration>0.001</duration>
          <className>hudson.scheduler.CronTabDayOfWeekLocaleTest</className>
          <testName>isSundayAndNextRunIsNextSunday[80]</testName>
          <skipped>false</skipped>
          <failedSince>0</failedSince>
        </case>
        <case>
          <duration>0.0</duration>
          <className>hudson.scheduler.CronTabDayOfWeekLocaleTest</className>
          <testName>isSundayAndPreviousRunIsPreviousSunday[80]</testName>
          <skipped>false</skipped>
          <failedSince>0</failedSince>
        </case>
        <case>
          <duration>0.0</duration>
          <className>hudson.scheduler.CronTabDayOfWeekLocaleTest</className>
          <testName>isSundayAndNextRunIsNextSunday7[80]</testName>
          <skipped>false</skipped>
          <failedSince>0</failedSince>
        </case>
        <case>
          <duration>0.001</duration>
          <className>hudson.scheduler.CronTabDayOfWeekLocaleTest</className>
          <testName>isSundayAndPreviousRunIsPreviousSunday7[80]</testName>
          <skipped>false</skipped>
          <failedSince>0</failedSince>
        </case>
        <case>
          <duration>0.0</duration>
          <className>hudson.scheduler.CronTabDayOfWeekLocaleTest</className>
          <testName>isSaturdayAndNextRunIsSundayAsterisk[80]</testName>
          <skipped>false</skipped>
          <failedSince>0</failedSince>
        </case>
        <case>
          <duration>0.0</duration>
          <className>hudson.scheduler.CronTabDayOfWeekLocaleTest</className>
          <testName>isSundayAndPreviousRunIsSaturdayAsterisk[80]</testName>
          <skipped>false</skipped>
          <failedSince>0</failedSince>
        </case>
        <case>
          <duration>0.001</duration>
          <className>hudson.scheduler.CronTabDayOfWeekLocaleTest</className>
          <testName>hudson8658[81]</testName>
          <skipped>false</skipped>
          <failedSince>0</failedSince>
        </case>
        <case>
          <duration>0.0</duration>
          <className>hudson.scheduler.CronTabDayOfWeekLocaleTest</className>
          <testName>isSundayAndNextRunIsMonday[81]</testName>
          <skipped>false</skipped>
          <failedSince>0</failedSince>
        </case>
        <case>
          <duration>0.0</duration>
          <className>hudson.scheduler.CronTabDayOfWeekLocaleTest</className>
          <testName>isSundayAndPreviousRunIsMonday[81]</testName>
          <skipped>false</skipped>
          <failedSince>0</failedSince>
        </case>
        <case>
          <duration>0.001</duration>
          <className>hudson.scheduler.CronTabDayOfWeekLocaleTest</className>
          <testName>isSundayAndNextRunIsTuesday[81]</testName>
          <skipped>false</skipped>
          <failedSince>0</failedSince>
        </case>
        <case>
          <duration>0.0</duration>
          <className>hudson.scheduler.CronTabDayOfWeekLocaleTest</className>
          <testName>isSundayAndPreviousRunIsTuesday[81]</testName>
          <skipped>false</skipped>
          <failedSince>0</failedSince>
        </case>
        <case>
          <duration>0.0</duration>
          <className>hudson.scheduler.CronTabDayOfWeekLocaleTest</className>
          <testName>isSundayAndNextRunIsWednesday[81]</testName>
          <skipped>false</skipped>
          <failedSince>0</failedSince>
        </case>
        <case>
          <duration>0.001</duration>
          <className>hudson.scheduler.CronTabDayOfWeekLocaleTest</className>
          <testName>isSundayAndPreviousRunIsWednesday[81]</testName>
          <skipped>false</skipped>
          <failedSince>0</failedSince>
        </case>
        <case>
          <duration>0.0</duration>
          <className>hudson.scheduler.CronTabDayOfWeekLocaleTest</className>
          <testName>isSundayAndNextRunIsThursday[81]</testName>
          <skipped>false</skipped>
          <failedSince>0</failedSince>
        </case>
        <case>
          <duration>0.0</duration>
          <className>hudson.scheduler.CronTabDayOfWeekLocaleTest</className>
          <testName>isSundayAndPreviousRunIsThursday[81]</testName>
          <skipped>false</skipped>
          <failedSince>0</failedSince>
        </case>
        <case>
          <duration>0.0</duration>
          <className>hudson.scheduler.CronTabDayOfWeekLocaleTest</className>
          <testName>isSundayAndNextRunIsFriday[81]</testName>
          <skipped>false</skipped>
          <failedSince>0</failedSince>
        </case>
        <case>
          <duration>0.001</duration>
          <className>hudson.scheduler.CronTabDayOfWeekLocaleTest</className>
          <testName>isSundayAndPreviousRunIsFriday[81]</testName>
          <skipped>false</skipped>
          <failedSince>0</failedSince>
        </case>
        <case>
          <duration>0.0</duration>
          <className>hudson.scheduler.CronTabDayOfWeekLocaleTest</className>
          <testName>isSundayAndNextRunIsSaturday[81]</testName>
          <skipped>false</skipped>
          <failedSince>0</failedSince>
        </case>
        <case>
          <duration>0.0</duration>
          <className>hudson.scheduler.CronTabDayOfWeekLocaleTest</className>
          <testName>isSundayAndPreviousRunIsSaturday[81]</testName>
          <skipped>false</skipped>
          <failedSince>0</failedSince>
        </case>
        <case>
          <duration>0.001</duration>
          <className>hudson.scheduler.CronTabDayOfWeekLocaleTest</className>
          <testName>isSundayAndNextRunIsNextSunday[81]</testName>
          <skipped>false</skipped>
          <failedSince>0</failedSince>
        </case>
        <case>
          <duration>0.0</duration>
          <className>hudson.scheduler.CronTabDayOfWeekLocaleTest</className>
          <testName>isSundayAndPreviousRunIsPreviousSunday[81]</testName>
          <skipped>false</skipped>
          <failedSince>0</failedSince>
        </case>
        <case>
          <duration>0.0</duration>
          <className>hudson.scheduler.CronTabDayOfWeekLocaleTest</className>
          <testName>isSundayAndNextRunIsNextSunday7[81]</testName>
          <skipped>false</skipped>
          <failedSince>0</failedSince>
        </case>
        <case>
          <duration>0.0</duration>
          <className>hudson.scheduler.CronTabDayOfWeekLocaleTest</className>
          <testName>isSundayAndPreviousRunIsPreviousSunday7[81]</testName>
          <skipped>false</skipped>
          <failedSince>0</failedSince>
        </case>
        <case>
          <duration>0.0</duration>
          <className>hudson.scheduler.CronTabDayOfWeekLocaleTest</className>
          <testName>isSaturdayAndNextRunIsSundayAsterisk[81]</testName>
          <skipped>false</skipped>
          <failedSince>0</failedSince>
        </case>
        <case>
          <duration>0.0</duration>
          <className>hudson.scheduler.CronTabDayOfWeekLocaleTest</className>
          <testName>isSundayAndPreviousRunIsSaturdayAsterisk[81]</testName>
          <skipped>false</skipped>
          <failedSince>0</failedSince>
        </case>
        <case>
          <duration>0.0</duration>
          <className>hudson.scheduler.CronTabDayOfWeekLocaleTest</className>
          <testName>hudson8658[82]</testName>
          <skipped>false</skipped>
          <failedSince>0</failedSince>
        </case>
        <case>
          <duration>0.0</duration>
          <className>hudson.scheduler.CronTabDayOfWeekLocaleTest</className>
          <testName>isSundayAndNextRunIsMonday[82]</testName>
          <skipped>false</skipped>
          <failedSince>0</failedSince>
        </case>
        <case>
          <duration>0.0</duration>
          <className>hudson.scheduler.CronTabDayOfWeekLocaleTest</className>
          <testName>isSundayAndPreviousRunIsMonday[82]</testName>
          <skipped>false</skipped>
          <failedSince>0</failedSince>
        </case>
        <case>
          <duration>0.0</duration>
          <className>hudson.scheduler.CronTabDayOfWeekLocaleTest</className>
          <testName>isSundayAndNextRunIsTuesday[82]</testName>
          <skipped>false</skipped>
          <failedSince>0</failedSince>
        </case>
        <case>
          <duration>0.001</duration>
          <className>hudson.scheduler.CronTabDayOfWeekLocaleTest</className>
          <testName>isSundayAndPreviousRunIsTuesday[82]</testName>
          <skipped>false</skipped>
          <failedSince>0</failedSince>
        </case>
        <case>
          <duration>0.0</duration>
          <className>hudson.scheduler.CronTabDayOfWeekLocaleTest</className>
          <testName>isSundayAndNextRunIsWednesday[82]</testName>
          <skipped>false</skipped>
          <failedSince>0</failedSince>
        </case>
        <case>
          <duration>0.0</duration>
          <className>hudson.scheduler.CronTabDayOfWeekLocaleTest</className>
          <testName>isSundayAndPreviousRunIsWednesday[82]</testName>
          <skipped>false</skipped>
          <failedSince>0</failedSince>
        </case>
        <case>
          <duration>0.0</duration>
          <className>hudson.scheduler.CronTabDayOfWeekLocaleTest</className>
          <testName>isSundayAndNextRunIsThursday[82]</testName>
          <skipped>false</skipped>
          <failedSince>0</failedSince>
        </case>
        <case>
          <duration>0.0</duration>
          <className>hudson.scheduler.CronTabDayOfWeekLocaleTest</className>
          <testName>isSundayAndPreviousRunIsThursday[82]</testName>
          <skipped>false</skipped>
          <failedSince>0</failedSince>
        </case>
        <case>
          <duration>0.0</duration>
          <className>hudson.scheduler.CronTabDayOfWeekLocaleTest</className>
          <testName>isSundayAndNextRunIsFriday[82]</testName>
          <skipped>false</skipped>
          <failedSince>0</failedSince>
        </case>
        <case>
          <duration>0.0</duration>
          <className>hudson.scheduler.CronTabDayOfWeekLocaleTest</className>
          <testName>isSundayAndPreviousRunIsFriday[82]</testName>
          <skipped>false</skipped>
          <failedSince>0</failedSince>
        </case>
        <case>
          <duration>0.001</duration>
          <className>hudson.scheduler.CronTabDayOfWeekLocaleTest</className>
          <testName>isSundayAndNextRunIsSaturday[82]</testName>
          <skipped>false</skipped>
          <failedSince>0</failedSince>
        </case>
        <case>
          <duration>0.0</duration>
          <className>hudson.scheduler.CronTabDayOfWeekLocaleTest</className>
          <testName>isSundayAndPreviousRunIsSaturday[82]</testName>
          <skipped>false</skipped>
          <failedSince>0</failedSince>
        </case>
        <case>
          <duration>0.0</duration>
          <className>hudson.scheduler.CronTabDayOfWeekLocaleTest</className>
          <testName>isSundayAndNextRunIsNextSunday[82]</testName>
          <skipped>false</skipped>
          <failedSince>0</failedSince>
        </case>
        <case>
          <duration>0.0</duration>
          <className>hudson.scheduler.CronTabDayOfWeekLocaleTest</className>
          <testName>isSundayAndPreviousRunIsPreviousSunday[82]</testName>
          <skipped>false</skipped>
          <failedSince>0</failedSince>
        </case>
        <case>
          <duration>0.0</duration>
          <className>hudson.scheduler.CronTabDayOfWeekLocaleTest</className>
          <testName>isSundayAndNextRunIsNextSunday7[82]</testName>
          <skipped>false</skipped>
          <failedSince>0</failedSince>
        </case>
        <case>
          <duration>0.0</duration>
          <className>hudson.scheduler.CronTabDayOfWeekLocaleTest</className>
          <testName>isSundayAndPreviousRunIsPreviousSunday7[82]</testName>
          <skipped>false</skipped>
          <failedSince>0</failedSince>
        </case>
        <case>
          <duration>0.001</duration>
          <className>hudson.scheduler.CronTabDayOfWeekLocaleTest</className>
          <testName>isSaturdayAndNextRunIsSundayAsterisk[82]</testName>
          <skipped>false</skipped>
          <failedSince>0</failedSince>
        </case>
        <case>
          <duration>0.0</duration>
          <className>hudson.scheduler.CronTabDayOfWeekLocaleTest</className>
          <testName>isSundayAndPreviousRunIsSaturdayAsterisk[82]</testName>
          <skipped>false</skipped>
          <failedSince>0</failedSince>
        </case>
        <case>
          <duration>0.0</duration>
          <className>hudson.scheduler.CronTabDayOfWeekLocaleTest</className>
          <testName>hudson8658[83]</testName>
          <skipped>false</skipped>
          <failedSince>0</failedSince>
        </case>
        <case>
          <duration>0.001</duration>
          <className>hudson.scheduler.CronTabDayOfWeekLocaleTest</className>
          <testName>isSundayAndNextRunIsMonday[83]</testName>
          <skipped>false</skipped>
          <failedSince>0</failedSince>
        </case>
        <case>
          <duration>0.0</duration>
          <className>hudson.scheduler.CronTabDayOfWeekLocaleTest</className>
          <testName>isSundayAndPreviousRunIsMonday[83]</testName>
          <skipped>false</skipped>
          <failedSince>0</failedSince>
        </case>
        <case>
          <duration>0.0</duration>
          <className>hudson.scheduler.CronTabDayOfWeekLocaleTest</className>
          <testName>isSundayAndNextRunIsTuesday[83]</testName>
          <skipped>false</skipped>
          <failedSince>0</failedSince>
        </case>
        <case>
          <duration>0.001</duration>
          <className>hudson.scheduler.CronTabDayOfWeekLocaleTest</className>
          <testName>isSundayAndPreviousRunIsTuesday[83]</testName>
          <skipped>false</skipped>
          <failedSince>0</failedSince>
        </case>
        <case>
          <duration>0.0</duration>
          <className>hudson.scheduler.CronTabDayOfWeekLocaleTest</className>
          <testName>isSundayAndNextRunIsWednesday[83]</testName>
          <skipped>false</skipped>
          <failedSince>0</failedSince>
        </case>
        <case>
          <duration>0.0</duration>
          <className>hudson.scheduler.CronTabDayOfWeekLocaleTest</className>
          <testName>isSundayAndPreviousRunIsWednesday[83]</testName>
          <skipped>false</skipped>
          <failedSince>0</failedSince>
        </case>
        <case>
          <duration>0.0</duration>
          <className>hudson.scheduler.CronTabDayOfWeekLocaleTest</className>
          <testName>isSundayAndNextRunIsThursday[83]</testName>
          <skipped>false</skipped>
          <failedSince>0</failedSince>
        </case>
        <case>
          <duration>0.001</duration>
          <className>hudson.scheduler.CronTabDayOfWeekLocaleTest</className>
          <testName>isSundayAndPreviousRunIsThursday[83]</testName>
          <skipped>false</skipped>
          <failedSince>0</failedSince>
        </case>
        <case>
          <duration>0.0</duration>
          <className>hudson.scheduler.CronTabDayOfWeekLocaleTest</className>
          <testName>isSundayAndNextRunIsFriday[83]</testName>
          <skipped>false</skipped>
          <failedSince>0</failedSince>
        </case>
        <case>
          <duration>0.0</duration>
          <className>hudson.scheduler.CronTabDayOfWeekLocaleTest</className>
          <testName>isSundayAndPreviousRunIsFriday[83]</testName>
          <skipped>false</skipped>
          <failedSince>0</failedSince>
        </case>
        <case>
          <duration>0.001</duration>
          <className>hudson.scheduler.CronTabDayOfWeekLocaleTest</className>
          <testName>isSundayAndNextRunIsSaturday[83]</testName>
          <skipped>false</skipped>
          <failedSince>0</failedSince>
        </case>
        <case>
          <duration>0.0</duration>
          <className>hudson.scheduler.CronTabDayOfWeekLocaleTest</className>
          <testName>isSundayAndPreviousRunIsSaturday[83]</testName>
          <skipped>false</skipped>
          <failedSince>0</failedSince>
        </case>
        <case>
          <duration>0.0</duration>
          <className>hudson.scheduler.CronTabDayOfWeekLocaleTest</className>
          <testName>isSundayAndNextRunIsNextSunday[83]</testName>
          <skipped>false</skipped>
          <failedSince>0</failedSince>
        </case>
        <case>
          <duration>0.0</duration>
          <className>hudson.scheduler.CronTabDayOfWeekLocaleTest</className>
          <testName>isSundayAndPreviousRunIsPreviousSunday[83]</testName>
          <skipped>false</skipped>
          <failedSince>0</failedSince>
        </case>
        <case>
          <duration>0.0</duration>
          <className>hudson.scheduler.CronTabDayOfWeekLocaleTest</className>
          <testName>isSundayAndNextRunIsNextSunday7[83]</testName>
          <skipped>false</skipped>
          <failedSince>0</failedSince>
        </case>
        <case>
          <duration>0.0</duration>
          <className>hudson.scheduler.CronTabDayOfWeekLocaleTest</className>
          <testName>isSundayAndPreviousRunIsPreviousSunday7[83]</testName>
          <skipped>false</skipped>
          <failedSince>0</failedSince>
        </case>
        <case>
          <duration>0.0</duration>
          <className>hudson.scheduler.CronTabDayOfWeekLocaleTest</className>
          <testName>isSaturdayAndNextRunIsSundayAsterisk[83]</testName>
          <skipped>false</skipped>
          <failedSince>0</failedSince>
        </case>
        <case>
          <duration>0.001</duration>
          <className>hudson.scheduler.CronTabDayOfWeekLocaleTest</className>
          <testName>isSundayAndPreviousRunIsSaturdayAsterisk[83]</testName>
          <skipped>false</skipped>
          <failedSince>0</failedSince>
        </case>
        <case>
          <duration>0.001</duration>
          <className>hudson.scheduler.CronTabDayOfWeekLocaleTest</className>
          <testName>hudson8658[84]</testName>
          <skipped>false</skipped>
          <failedSince>0</failedSince>
        </case>
        <case>
          <duration>0.0</duration>
          <className>hudson.scheduler.CronTabDayOfWeekLocaleTest</className>
          <testName>isSundayAndNextRunIsMonday[84]</testName>
          <skipped>false</skipped>
          <failedSince>0</failedSince>
        </case>
        <case>
          <duration>0.0</duration>
          <className>hudson.scheduler.CronTabDayOfWeekLocaleTest</className>
          <testName>isSundayAndPreviousRunIsMonday[84]</testName>
          <skipped>false</skipped>
          <failedSince>0</failedSince>
        </case>
        <case>
          <duration>0.0</duration>
          <className>hudson.scheduler.CronTabDayOfWeekLocaleTest</className>
          <testName>isSundayAndNextRunIsTuesday[84]</testName>
          <skipped>false</skipped>
          <failedSince>0</failedSince>
        </case>
        <case>
          <duration>0.0</duration>
          <className>hudson.scheduler.CronTabDayOfWeekLocaleTest</className>
          <testName>isSundayAndPreviousRunIsTuesday[84]</testName>
          <skipped>false</skipped>
          <failedSince>0</failedSince>
        </case>
        <case>
          <duration>0.001</duration>
          <className>hudson.scheduler.CronTabDayOfWeekLocaleTest</className>
          <testName>isSundayAndNextRunIsWednesday[84]</testName>
          <skipped>false</skipped>
          <failedSince>0</failedSince>
        </case>
        <case>
          <duration>0.0</duration>
          <className>hudson.scheduler.CronTabDayOfWeekLocaleTest</className>
          <testName>isSundayAndPreviousRunIsWednesday[84]</testName>
          <skipped>false</skipped>
          <failedSince>0</failedSince>
        </case>
        <case>
          <duration>0.0</duration>
          <className>hudson.scheduler.CronTabDayOfWeekLocaleTest</className>
          <testName>isSundayAndNextRunIsThursday[84]</testName>
          <skipped>false</skipped>
          <failedSince>0</failedSince>
        </case>
        <case>
          <duration>0.0</duration>
          <className>hudson.scheduler.CronTabDayOfWeekLocaleTest</className>
          <testName>isSundayAndPreviousRunIsThursday[84]</testName>
          <skipped>false</skipped>
          <failedSince>0</failedSince>
        </case>
        <case>
          <duration>0.0</duration>
          <className>hudson.scheduler.CronTabDayOfWeekLocaleTest</className>
          <testName>isSundayAndNextRunIsFriday[84]</testName>
          <skipped>false</skipped>
          <failedSince>0</failedSince>
        </case>
        <case>
          <duration>0.0</duration>
          <className>hudson.scheduler.CronTabDayOfWeekLocaleTest</className>
          <testName>isSundayAndPreviousRunIsFriday[84]</testName>
          <skipped>false</skipped>
          <failedSince>0</failedSince>
        </case>
        <case>
          <duration>0.0</duration>
          <className>hudson.scheduler.CronTabDayOfWeekLocaleTest</className>
          <testName>isSundayAndNextRunIsSaturday[84]</testName>
          <skipped>false</skipped>
          <failedSince>0</failedSince>
        </case>
        <case>
          <duration>0.001</duration>
          <className>hudson.scheduler.CronTabDayOfWeekLocaleTest</className>
          <testName>isSundayAndPreviousRunIsSaturday[84]</testName>
          <skipped>false</skipped>
          <failedSince>0</failedSince>
        </case>
        <case>
          <duration>0.0</duration>
          <className>hudson.scheduler.CronTabDayOfWeekLocaleTest</className>
          <testName>isSundayAndNextRunIsNextSunday[84]</testName>
          <skipped>false</skipped>
          <failedSince>0</failedSince>
        </case>
        <case>
          <duration>0.0</duration>
          <className>hudson.scheduler.CronTabDayOfWeekLocaleTest</className>
          <testName>isSundayAndPreviousRunIsPreviousSunday[84]</testName>
          <skipped>false</skipped>
          <failedSince>0</failedSince>
        </case>
        <case>
          <duration>0.0</duration>
          <className>hudson.scheduler.CronTabDayOfWeekLocaleTest</className>
          <testName>isSundayAndNextRunIsNextSunday7[84]</testName>
          <skipped>false</skipped>
          <failedSince>0</failedSince>
        </case>
        <case>
          <duration>0.0</duration>
          <className>hudson.scheduler.CronTabDayOfWeekLocaleTest</className>
          <testName>isSundayAndPreviousRunIsPreviousSunday7[84]</testName>
          <skipped>false</skipped>
          <failedSince>0</failedSince>
        </case>
        <case>
          <duration>0.0</duration>
          <className>hudson.scheduler.CronTabDayOfWeekLocaleTest</className>
          <testName>isSaturdayAndNextRunIsSundayAsterisk[84]</testName>
          <skipped>false</skipped>
          <failedSince>0</failedSince>
        </case>
        <case>
          <duration>0.0</duration>
          <className>hudson.scheduler.CronTabDayOfWeekLocaleTest</className>
          <testName>isSundayAndPreviousRunIsSaturdayAsterisk[84]</testName>
          <skipped>false</skipped>
          <failedSince>0</failedSince>
        </case>
        <case>
          <duration>0.0</duration>
          <className>hudson.scheduler.CronTabDayOfWeekLocaleTest</className>
          <testName>hudson8658[85]</testName>
          <skipped>false</skipped>
          <failedSince>0</failedSince>
        </case>
        <case>
          <duration>0.0</duration>
          <className>hudson.scheduler.CronTabDayOfWeekLocaleTest</className>
          <testName>isSundayAndNextRunIsMonday[85]</testName>
          <skipped>false</skipped>
          <failedSince>0</failedSince>
        </case>
        <case>
          <duration>0.0</duration>
          <className>hudson.scheduler.CronTabDayOfWeekLocaleTest</className>
          <testName>isSundayAndPreviousRunIsMonday[85]</testName>
          <skipped>false</skipped>
          <failedSince>0</failedSince>
        </case>
        <case>
          <duration>0.001</duration>
          <className>hudson.scheduler.CronTabDayOfWeekLocaleTest</className>
          <testName>isSundayAndNextRunIsTuesday[85]</testName>
          <skipped>false</skipped>
          <failedSince>0</failedSince>
        </case>
        <case>
          <duration>0.0</duration>
          <className>hudson.scheduler.CronTabDayOfWeekLocaleTest</className>
          <testName>isSundayAndPreviousRunIsTuesday[85]</testName>
          <skipped>false</skipped>
          <failedSince>0</failedSince>
        </case>
        <case>
          <duration>0.0</duration>
          <className>hudson.scheduler.CronTabDayOfWeekLocaleTest</className>
          <testName>isSundayAndNextRunIsWednesday[85]</testName>
          <skipped>false</skipped>
          <failedSince>0</failedSince>
        </case>
        <case>
          <duration>0.0</duration>
          <className>hudson.scheduler.CronTabDayOfWeekLocaleTest</className>
          <testName>isSundayAndPreviousRunIsWednesday[85]</testName>
          <skipped>false</skipped>
          <failedSince>0</failedSince>
        </case>
        <case>
          <duration>0.0</duration>
          <className>hudson.scheduler.CronTabDayOfWeekLocaleTest</className>
          <testName>isSundayAndNextRunIsThursday[85]</testName>
          <skipped>false</skipped>
          <failedSince>0</failedSince>
        </case>
        <case>
          <duration>0.0</duration>
          <className>hudson.scheduler.CronTabDayOfWeekLocaleTest</className>
          <testName>isSundayAndPreviousRunIsThursday[85]</testName>
          <skipped>false</skipped>
          <failedSince>0</failedSince>
        </case>
        <case>
          <duration>0.0</duration>
          <className>hudson.scheduler.CronTabDayOfWeekLocaleTest</className>
          <testName>isSundayAndNextRunIsFriday[85]</testName>
          <skipped>false</skipped>
          <failedSince>0</failedSince>
        </case>
        <case>
          <duration>0.001</duration>
          <className>hudson.scheduler.CronTabDayOfWeekLocaleTest</className>
          <testName>isSundayAndPreviousRunIsFriday[85]</testName>
          <skipped>false</skipped>
          <failedSince>0</failedSince>
        </case>
        <case>
          <duration>0.0</duration>
          <className>hudson.scheduler.CronTabDayOfWeekLocaleTest</className>
          <testName>isSundayAndNextRunIsSaturday[85]</testName>
          <skipped>false</skipped>
          <failedSince>0</failedSince>
        </case>
        <case>
          <duration>0.0</duration>
          <className>hudson.scheduler.CronTabDayOfWeekLocaleTest</className>
          <testName>isSundayAndPreviousRunIsSaturday[85]</testName>
          <skipped>false</skipped>
          <failedSince>0</failedSince>
        </case>
        <case>
          <duration>0.0</duration>
          <className>hudson.scheduler.CronTabDayOfWeekLocaleTest</className>
          <testName>isSundayAndNextRunIsNextSunday[85]</testName>
          <skipped>false</skipped>
          <failedSince>0</failedSince>
        </case>
        <case>
          <duration>0.0</duration>
          <className>hudson.scheduler.CronTabDayOfWeekLocaleTest</className>
          <testName>isSundayAndPreviousRunIsPreviousSunday[85]</testName>
          <skipped>false</skipped>
          <failedSince>0</failedSince>
        </case>
        <case>
          <duration>0.0</duration>
          <className>hudson.scheduler.CronTabDayOfWeekLocaleTest</className>
          <testName>isSundayAndNextRunIsNextSunday7[85]</testName>
          <skipped>false</skipped>
          <failedSince>0</failedSince>
        </case>
        <case>
          <duration>0.0</duration>
          <className>hudson.scheduler.CronTabDayOfWeekLocaleTest</className>
          <testName>isSundayAndPreviousRunIsPreviousSunday7[85]</testName>
          <skipped>false</skipped>
          <failedSince>0</failedSince>
        </case>
        <case>
          <duration>0.001</duration>
          <className>hudson.scheduler.CronTabDayOfWeekLocaleTest</className>
          <testName>isSaturdayAndNextRunIsSundayAsterisk[85]</testName>
          <skipped>false</skipped>
          <failedSince>0</failedSince>
        </case>
        <case>
          <duration>0.0</duration>
          <className>hudson.scheduler.CronTabDayOfWeekLocaleTest</className>
          <testName>isSundayAndPreviousRunIsSaturdayAsterisk[85]</testName>
          <skipped>false</skipped>
          <failedSince>0</failedSince>
        </case>
        <case>
          <duration>0.0</duration>
          <className>hudson.scheduler.CronTabDayOfWeekLocaleTest</className>
          <testName>hudson8658[86]</testName>
          <skipped>false</skipped>
          <failedSince>0</failedSince>
        </case>
        <case>
          <duration>0.001</duration>
          <className>hudson.scheduler.CronTabDayOfWeekLocaleTest</className>
          <testName>isSundayAndNextRunIsMonday[86]</testName>
          <skipped>false</skipped>
          <failedSince>0</failedSince>
        </case>
        <case>
          <duration>0.0</duration>
          <className>hudson.scheduler.CronTabDayOfWeekLocaleTest</className>
          <testName>isSundayAndPreviousRunIsMonday[86]</testName>
          <skipped>false</skipped>
          <failedSince>0</failedSince>
        </case>
        <case>
          <duration>0.0</duration>
          <className>hudson.scheduler.CronTabDayOfWeekLocaleTest</className>
          <testName>isSundayAndNextRunIsTuesday[86]</testName>
          <skipped>false</skipped>
          <failedSince>0</failedSince>
        </case>
        <case>
          <duration>0.0</duration>
          <className>hudson.scheduler.CronTabDayOfWeekLocaleTest</className>
          <testName>isSundayAndPreviousRunIsTuesday[86]</testName>
          <skipped>false</skipped>
          <failedSince>0</failedSince>
        </case>
        <case>
          <duration>0.001</duration>
          <className>hudson.scheduler.CronTabDayOfWeekLocaleTest</className>
          <testName>isSundayAndNextRunIsWednesday[86]</testName>
          <skipped>false</skipped>
          <failedSince>0</failedSince>
        </case>
        <case>
          <duration>0.0</duration>
          <className>hudson.scheduler.CronTabDayOfWeekLocaleTest</className>
          <testName>isSundayAndPreviousRunIsWednesday[86]</testName>
          <skipped>false</skipped>
          <failedSince>0</failedSince>
        </case>
        <case>
          <duration>0.0</duration>
          <className>hudson.scheduler.CronTabDayOfWeekLocaleTest</className>
          <testName>isSundayAndNextRunIsThursday[86]</testName>
          <skipped>false</skipped>
          <failedSince>0</failedSince>
        </case>
        <case>
          <duration>0.0</duration>
          <className>hudson.scheduler.CronTabDayOfWeekLocaleTest</className>
          <testName>isSundayAndPreviousRunIsThursday[86]</testName>
          <skipped>false</skipped>
          <failedSince>0</failedSince>
        </case>
        <case>
          <duration>0.0</duration>
          <className>hudson.scheduler.CronTabDayOfWeekLocaleTest</className>
          <testName>isSundayAndNextRunIsFriday[86]</testName>
          <skipped>false</skipped>
          <failedSince>0</failedSince>
        </case>
        <case>
          <duration>0.0</duration>
          <className>hudson.scheduler.CronTabDayOfWeekLocaleTest</className>
          <testName>isSundayAndPreviousRunIsFriday[86]</testName>
          <skipped>false</skipped>
          <failedSince>0</failedSince>
        </case>
        <case>
          <duration>0.0</duration>
          <className>hudson.scheduler.CronTabDayOfWeekLocaleTest</className>
          <testName>isSundayAndNextRunIsSaturday[86]</testName>
          <skipped>false</skipped>
          <failedSince>0</failedSince>
        </case>
        <case>
          <duration>0.001</duration>
          <className>hudson.scheduler.CronTabDayOfWeekLocaleTest</className>
          <testName>isSundayAndPreviousRunIsSaturday[86]</testName>
          <skipped>false</skipped>
          <failedSince>0</failedSince>
        </case>
        <case>
          <duration>0.0</duration>
          <className>hudson.scheduler.CronTabDayOfWeekLocaleTest</className>
          <testName>isSundayAndNextRunIsNextSunday[86]</testName>
          <skipped>false</skipped>
          <failedSince>0</failedSince>
        </case>
        <case>
          <duration>0.0</duration>
          <className>hudson.scheduler.CronTabDayOfWeekLocaleTest</className>
          <testName>isSundayAndPreviousRunIsPreviousSunday[86]</testName>
          <skipped>false</skipped>
          <failedSince>0</failedSince>
        </case>
        <case>
          <duration>0.0</duration>
          <className>hudson.scheduler.CronTabDayOfWeekLocaleTest</className>
          <testName>isSundayAndNextRunIsNextSunday7[86]</testName>
          <skipped>false</skipped>
          <failedSince>0</failedSince>
        </case>
        <case>
          <duration>0.0</duration>
          <className>hudson.scheduler.CronTabDayOfWeekLocaleTest</className>
          <testName>isSundayAndPreviousRunIsPreviousSunday7[86]</testName>
          <skipped>false</skipped>
          <failedSince>0</failedSince>
        </case>
        <case>
          <duration>0.0</duration>
          <className>hudson.scheduler.CronTabDayOfWeekLocaleTest</className>
          <testName>isSaturdayAndNextRunIsSundayAsterisk[86]</testName>
          <skipped>false</skipped>
          <failedSince>0</failedSince>
        </case>
        <case>
          <duration>0.0</duration>
          <className>hudson.scheduler.CronTabDayOfWeekLocaleTest</className>
          <testName>isSundayAndPreviousRunIsSaturdayAsterisk[86]</testName>
          <skipped>false</skipped>
          <failedSince>0</failedSince>
        </case>
        <case>
          <duration>0.0</duration>
          <className>hudson.scheduler.CronTabDayOfWeekLocaleTest</className>
          <testName>hudson8658[87]</testName>
          <skipped>false</skipped>
          <failedSince>0</failedSince>
        </case>
        <case>
          <duration>0.0</duration>
          <className>hudson.scheduler.CronTabDayOfWeekLocaleTest</className>
          <testName>isSundayAndNextRunIsMonday[87]</testName>
          <skipped>false</skipped>
          <failedSince>0</failedSince>
        </case>
        <case>
          <duration>0.0</duration>
          <className>hudson.scheduler.CronTabDayOfWeekLocaleTest</className>
          <testName>isSundayAndPreviousRunIsMonday[87]</testName>
          <skipped>false</skipped>
          <failedSince>0</failedSince>
        </case>
        <case>
          <duration>0.0</duration>
          <className>hudson.scheduler.CronTabDayOfWeekLocaleTest</className>
          <testName>isSundayAndNextRunIsTuesday[87]</testName>
          <skipped>false</skipped>
          <failedSince>0</failedSince>
        </case>
        <case>
          <duration>0.0</duration>
          <className>hudson.scheduler.CronTabDayOfWeekLocaleTest</className>
          <testName>isSundayAndPreviousRunIsTuesday[87]</testName>
          <skipped>false</skipped>
          <failedSince>0</failedSince>
        </case>
        <case>
          <duration>0.0</duration>
          <className>hudson.scheduler.CronTabDayOfWeekLocaleTest</className>
          <testName>isSundayAndNextRunIsWednesday[87]</testName>
          <skipped>false</skipped>
          <failedSince>0</failedSince>
        </case>
        <case>
          <duration>0.001</duration>
          <className>hudson.scheduler.CronTabDayOfWeekLocaleTest</className>
          <testName>isSundayAndPreviousRunIsWednesday[87]</testName>
          <skipped>false</skipped>
          <failedSince>0</failedSince>
        </case>
        <case>
          <duration>0.0</duration>
          <className>hudson.scheduler.CronTabDayOfWeekLocaleTest</className>
          <testName>isSundayAndNextRunIsThursday[87]</testName>
          <skipped>false</skipped>
          <failedSince>0</failedSince>
        </case>
        <case>
          <duration>0.0</duration>
          <className>hudson.scheduler.CronTabDayOfWeekLocaleTest</className>
          <testName>isSundayAndPreviousRunIsThursday[87]</testName>
          <skipped>false</skipped>
          <failedSince>0</failedSince>
        </case>
        <case>
          <duration>0.0</duration>
          <className>hudson.scheduler.CronTabDayOfWeekLocaleTest</className>
          <testName>isSundayAndNextRunIsFriday[87]</testName>
          <skipped>false</skipped>
          <failedSince>0</failedSince>
        </case>
        <case>
          <duration>0.001</duration>
          <className>hudson.scheduler.CronTabDayOfWeekLocaleTest</className>
          <testName>isSundayAndPreviousRunIsFriday[87]</testName>
          <skipped>false</skipped>
          <failedSince>0</failedSince>
        </case>
        <case>
          <duration>0.0</duration>
          <className>hudson.scheduler.CronTabDayOfWeekLocaleTest</className>
          <testName>isSundayAndNextRunIsSaturday[87]</testName>
          <skipped>false</skipped>
          <failedSince>0</failedSince>
        </case>
        <case>
          <duration>0.0</duration>
          <className>hudson.scheduler.CronTabDayOfWeekLocaleTest</className>
          <testName>isSundayAndPreviousRunIsSaturday[87]</testName>
          <skipped>false</skipped>
          <failedSince>0</failedSince>
        </case>
        <case>
          <duration>0.0</duration>
          <className>hudson.scheduler.CronTabDayOfWeekLocaleTest</className>
          <testName>isSundayAndNextRunIsNextSunday[87]</testName>
          <skipped>false</skipped>
          <failedSince>0</failedSince>
        </case>
        <case>
          <duration>0.0</duration>
          <className>hudson.scheduler.CronTabDayOfWeekLocaleTest</className>
          <testName>isSundayAndPreviousRunIsPreviousSunday[87]</testName>
          <skipped>false</skipped>
          <failedSince>0</failedSince>
        </case>
        <case>
          <duration>0.0</duration>
          <className>hudson.scheduler.CronTabDayOfWeekLocaleTest</className>
          <testName>isSundayAndNextRunIsNextSunday7[87]</testName>
          <skipped>false</skipped>
          <failedSince>0</failedSince>
        </case>
        <case>
          <duration>0.0</duration>
          <className>hudson.scheduler.CronTabDayOfWeekLocaleTest</className>
          <testName>isSundayAndPreviousRunIsPreviousSunday7[87]</testName>
          <skipped>false</skipped>
          <failedSince>0</failedSince>
        </case>
        <case>
          <duration>0.001</duration>
          <className>hudson.scheduler.CronTabDayOfWeekLocaleTest</className>
          <testName>isSaturdayAndNextRunIsSundayAsterisk[87]</testName>
          <skipped>false</skipped>
          <failedSince>0</failedSince>
        </case>
        <case>
          <duration>0.0</duration>
          <className>hudson.scheduler.CronTabDayOfWeekLocaleTest</className>
          <testName>isSundayAndPreviousRunIsSaturdayAsterisk[87]</testName>
          <skipped>false</skipped>
          <failedSince>0</failedSince>
        </case>
        <case>
          <duration>0.0</duration>
          <className>hudson.scheduler.CronTabDayOfWeekLocaleTest</className>
          <testName>hudson8658[88]</testName>
          <skipped>false</skipped>
          <failedSince>0</failedSince>
        </case>
        <case>
          <duration>0.001</duration>
          <className>hudson.scheduler.CronTabDayOfWeekLocaleTest</className>
          <testName>isSundayAndNextRunIsMonday[88]</testName>
          <skipped>false</skipped>
          <failedSince>0</failedSince>
        </case>
        <case>
          <duration>0.0</duration>
          <className>hudson.scheduler.CronTabDayOfWeekLocaleTest</className>
          <testName>isSundayAndPreviousRunIsMonday[88]</testName>
          <skipped>false</skipped>
          <failedSince>0</failedSince>
        </case>
        <case>
          <duration>0.0</duration>
          <className>hudson.scheduler.CronTabDayOfWeekLocaleTest</className>
          <testName>isSundayAndNextRunIsTuesday[88]</testName>
          <skipped>false</skipped>
          <failedSince>0</failedSince>
        </case>
        <case>
          <duration>0.001</duration>
          <className>hudson.scheduler.CronTabDayOfWeekLocaleTest</className>
          <testName>isSundayAndPreviousRunIsTuesday[88]</testName>
          <skipped>false</skipped>
          <failedSince>0</failedSince>
        </case>
        <case>
          <duration>0.0</duration>
          <className>hudson.scheduler.CronTabDayOfWeekLocaleTest</className>
          <testName>isSundayAndNextRunIsWednesday[88]</testName>
          <skipped>false</skipped>
          <failedSince>0</failedSince>
        </case>
        <case>
          <duration>0.0</duration>
          <className>hudson.scheduler.CronTabDayOfWeekLocaleTest</className>
          <testName>isSundayAndPreviousRunIsWednesday[88]</testName>
          <skipped>false</skipped>
          <failedSince>0</failedSince>
        </case>
        <case>
          <duration>0.0</duration>
          <className>hudson.scheduler.CronTabDayOfWeekLocaleTest</className>
          <testName>isSundayAndNextRunIsThursday[88]</testName>
          <skipped>false</skipped>
          <failedSince>0</failedSince>
        </case>
        <case>
          <duration>0.001</duration>
          <className>hudson.scheduler.CronTabDayOfWeekLocaleTest</className>
          <testName>isSundayAndPreviousRunIsThursday[88]</testName>
          <skipped>false</skipped>
          <failedSince>0</failedSince>
        </case>
        <case>
          <duration>0.0</duration>
          <className>hudson.scheduler.CronTabDayOfWeekLocaleTest</className>
          <testName>isSundayAndNextRunIsFriday[88]</testName>
          <skipped>false</skipped>
          <failedSince>0</failedSince>
        </case>
        <case>
          <duration>0.0</duration>
          <className>hudson.scheduler.CronTabDayOfWeekLocaleTest</className>
          <testName>isSundayAndPreviousRunIsFriday[88]</testName>
          <skipped>false</skipped>
          <failedSince>0</failedSince>
        </case>
        <case>
          <duration>0.0</duration>
          <className>hudson.scheduler.CronTabDayOfWeekLocaleTest</className>
          <testName>isSundayAndNextRunIsSaturday[88]</testName>
          <skipped>false</skipped>
          <failedSince>0</failedSince>
        </case>
        <case>
          <duration>0.001</duration>
          <className>hudson.scheduler.CronTabDayOfWeekLocaleTest</className>
          <testName>isSundayAndPreviousRunIsSaturday[88]</testName>
          <skipped>false</skipped>
          <failedSince>0</failedSince>
        </case>
        <case>
          <duration>0.0</duration>
          <className>hudson.scheduler.CronTabDayOfWeekLocaleTest</className>
          <testName>isSundayAndNextRunIsNextSunday[88]</testName>
          <skipped>false</skipped>
          <failedSince>0</failedSince>
        </case>
        <case>
          <duration>0.0</duration>
          <className>hudson.scheduler.CronTabDayOfWeekLocaleTest</className>
          <testName>isSundayAndPreviousRunIsPreviousSunday[88]</testName>
          <skipped>false</skipped>
          <failedSince>0</failedSince>
        </case>
        <case>
          <duration>0.0</duration>
          <className>hudson.scheduler.CronTabDayOfWeekLocaleTest</className>
          <testName>isSundayAndNextRunIsNextSunday7[88]</testName>
          <skipped>false</skipped>
          <failedSince>0</failedSince>
        </case>
        <case>
          <duration>0.001</duration>
          <className>hudson.scheduler.CronTabDayOfWeekLocaleTest</className>
          <testName>isSundayAndPreviousRunIsPreviousSunday7[88]</testName>
          <skipped>false</skipped>
          <failedSince>0</failedSince>
        </case>
        <case>
          <duration>0.0</duration>
          <className>hudson.scheduler.CronTabDayOfWeekLocaleTest</className>
          <testName>isSaturdayAndNextRunIsSundayAsterisk[88]</testName>
          <skipped>false</skipped>
          <failedSince>0</failedSince>
        </case>
        <case>
          <duration>0.0</duration>
          <className>hudson.scheduler.CronTabDayOfWeekLocaleTest</className>
          <testName>isSundayAndPreviousRunIsSaturdayAsterisk[88]</testName>
          <skipped>false</skipped>
          <failedSince>0</failedSince>
        </case>
        <case>
          <duration>0.001</duration>
          <className>hudson.scheduler.CronTabDayOfWeekLocaleTest</className>
          <testName>hudson8658[89]</testName>
          <skipped>false</skipped>
          <failedSince>0</failedSince>
        </case>
        <case>
          <duration>0.0</duration>
          <className>hudson.scheduler.CronTabDayOfWeekLocaleTest</className>
          <testName>isSundayAndNextRunIsMonday[89]</testName>
          <skipped>false</skipped>
          <failedSince>0</failedSince>
        </case>
        <case>
          <duration>0.0</duration>
          <className>hudson.scheduler.CronTabDayOfWeekLocaleTest</className>
          <testName>isSundayAndPreviousRunIsMonday[89]</testName>
          <skipped>false</skipped>
          <failedSince>0</failedSince>
        </case>
        <case>
          <duration>0.0</duration>
          <className>hudson.scheduler.CronTabDayOfWeekLocaleTest</className>
          <testName>isSundayAndNextRunIsTuesday[89]</testName>
          <skipped>false</skipped>
          <failedSince>0</failedSince>
        </case>
        <case>
          <duration>0.0</duration>
          <className>hudson.scheduler.CronTabDayOfWeekLocaleTest</className>
          <testName>isSundayAndPreviousRunIsTuesday[89]</testName>
          <skipped>false</skipped>
          <failedSince>0</failedSince>
        </case>
        <case>
          <duration>0.0</duration>
          <className>hudson.scheduler.CronTabDayOfWeekLocaleTest</className>
          <testName>isSundayAndNextRunIsWednesday[89]</testName>
          <skipped>false</skipped>
          <failedSince>0</failedSince>
        </case>
        <case>
          <duration>0.0</duration>
          <className>hudson.scheduler.CronTabDayOfWeekLocaleTest</className>
          <testName>isSundayAndPreviousRunIsWednesday[89]</testName>
          <skipped>false</skipped>
          <failedSince>0</failedSince>
        </case>
        <case>
          <duration>0.001</duration>
          <className>hudson.scheduler.CronTabDayOfWeekLocaleTest</className>
          <testName>isSundayAndNextRunIsThursday[89]</testName>
          <skipped>false</skipped>
          <failedSince>0</failedSince>
        </case>
        <case>
          <duration>0.0</duration>
          <className>hudson.scheduler.CronTabDayOfWeekLocaleTest</className>
          <testName>isSundayAndPreviousRunIsThursday[89]</testName>
          <skipped>false</skipped>
          <failedSince>0</failedSince>
        </case>
        <case>
          <duration>0.0</duration>
          <className>hudson.scheduler.CronTabDayOfWeekLocaleTest</className>
          <testName>isSundayAndNextRunIsFriday[89]</testName>
          <skipped>false</skipped>
          <failedSince>0</failedSince>
        </case>
        <case>
          <duration>0.0</duration>
          <className>hudson.scheduler.CronTabDayOfWeekLocaleTest</className>
          <testName>isSundayAndPreviousRunIsFriday[89]</testName>
          <skipped>false</skipped>
          <failedSince>0</failedSince>
        </case>
        <case>
          <duration>0.0</duration>
          <className>hudson.scheduler.CronTabDayOfWeekLocaleTest</className>
          <testName>isSundayAndNextRunIsSaturday[89]</testName>
          <skipped>false</skipped>
          <failedSince>0</failedSince>
        </case>
        <case>
          <duration>0.0</duration>
          <className>hudson.scheduler.CronTabDayOfWeekLocaleTest</className>
          <testName>isSundayAndPreviousRunIsSaturday[89]</testName>
          <skipped>false</skipped>
          <failedSince>0</failedSince>
        </case>
        <case>
          <duration>0.0</duration>
          <className>hudson.scheduler.CronTabDayOfWeekLocaleTest</className>
          <testName>isSundayAndNextRunIsNextSunday[89]</testName>
          <skipped>false</skipped>
          <failedSince>0</failedSince>
        </case>
        <case>
          <duration>0.0</duration>
          <className>hudson.scheduler.CronTabDayOfWeekLocaleTest</className>
          <testName>isSundayAndPreviousRunIsPreviousSunday[89]</testName>
          <skipped>false</skipped>
          <failedSince>0</failedSince>
        </case>
        <case>
          <duration>0.0</duration>
          <className>hudson.scheduler.CronTabDayOfWeekLocaleTest</className>
          <testName>isSundayAndNextRunIsNextSunday7[89]</testName>
          <skipped>false</skipped>
          <failedSince>0</failedSince>
        </case>
        <case>
          <duration>0.0</duration>
          <className>hudson.scheduler.CronTabDayOfWeekLocaleTest</className>
          <testName>isSundayAndPreviousRunIsPreviousSunday7[89]</testName>
          <skipped>false</skipped>
          <failedSince>0</failedSince>
        </case>
        <case>
          <duration>0.0</duration>
          <className>hudson.scheduler.CronTabDayOfWeekLocaleTest</className>
          <testName>isSaturdayAndNextRunIsSundayAsterisk[89]</testName>
          <skipped>false</skipped>
          <failedSince>0</failedSince>
        </case>
        <case>
          <duration>0.0</duration>
          <className>hudson.scheduler.CronTabDayOfWeekLocaleTest</className>
          <testName>isSundayAndPreviousRunIsSaturdayAsterisk[89]</testName>
          <skipped>false</skipped>
          <failedSince>0</failedSince>
        </case>
        <case>
          <duration>0.0</duration>
          <className>hudson.scheduler.CronTabDayOfWeekLocaleTest</className>
          <testName>hudson8658[90]</testName>
          <skipped>false</skipped>
          <failedSince>0</failedSince>
        </case>
        <case>
          <duration>0.0</duration>
          <className>hudson.scheduler.CronTabDayOfWeekLocaleTest</className>
          <testName>isSundayAndNextRunIsMonday[90]</testName>
          <skipped>false</skipped>
          <failedSince>0</failedSince>
        </case>
        <case>
          <duration>0.0</duration>
          <className>hudson.scheduler.CronTabDayOfWeekLocaleTest</className>
          <testName>isSundayAndPreviousRunIsMonday[90]</testName>
          <skipped>false</skipped>
          <failedSince>0</failedSince>
        </case>
        <case>
          <duration>0.001</duration>
          <className>hudson.scheduler.CronTabDayOfWeekLocaleTest</className>
          <testName>isSundayAndNextRunIsTuesday[90]</testName>
          <skipped>false</skipped>
          <failedSince>0</failedSince>
        </case>
        <case>
          <duration>0.0</duration>
          <className>hudson.scheduler.CronTabDayOfWeekLocaleTest</className>
          <testName>isSundayAndPreviousRunIsTuesday[90]</testName>
          <skipped>false</skipped>
          <failedSince>0</failedSince>
        </case>
        <case>
          <duration>0.0</duration>
          <className>hudson.scheduler.CronTabDayOfWeekLocaleTest</className>
          <testName>isSundayAndNextRunIsWednesday[90]</testName>
          <skipped>false</skipped>
          <failedSince>0</failedSince>
        </case>
        <case>
          <duration>0.0</duration>
          <className>hudson.scheduler.CronTabDayOfWeekLocaleTest</className>
          <testName>isSundayAndPreviousRunIsWednesday[90]</testName>
          <skipped>false</skipped>
          <failedSince>0</failedSince>
        </case>
        <case>
          <duration>0.0</duration>
          <className>hudson.scheduler.CronTabDayOfWeekLocaleTest</className>
          <testName>isSundayAndNextRunIsThursday[90]</testName>
          <skipped>false</skipped>
          <failedSince>0</failedSince>
        </case>
        <case>
          <duration>0.0</duration>
          <className>hudson.scheduler.CronTabDayOfWeekLocaleTest</className>
          <testName>isSundayAndPreviousRunIsThursday[90]</testName>
          <skipped>false</skipped>
          <failedSince>0</failedSince>
        </case>
        <case>
          <duration>0.0</duration>
          <className>hudson.scheduler.CronTabDayOfWeekLocaleTest</className>
          <testName>isSundayAndNextRunIsFriday[90]</testName>
          <skipped>false</skipped>
          <failedSince>0</failedSince>
        </case>
        <case>
          <duration>0.0</duration>
          <className>hudson.scheduler.CronTabDayOfWeekLocaleTest</className>
          <testName>isSundayAndPreviousRunIsFriday[90]</testName>
          <skipped>false</skipped>
          <failedSince>0</failedSince>
        </case>
        <case>
          <duration>0.0</duration>
          <className>hudson.scheduler.CronTabDayOfWeekLocaleTest</className>
          <testName>isSundayAndNextRunIsSaturday[90]</testName>
          <skipped>false</skipped>
          <failedSince>0</failedSince>
        </case>
        <case>
          <duration>0.0</duration>
          <className>hudson.scheduler.CronTabDayOfWeekLocaleTest</className>
          <testName>isSundayAndPreviousRunIsSaturday[90]</testName>
          <skipped>false</skipped>
          <failedSince>0</failedSince>
        </case>
        <case>
          <duration>0.0</duration>
          <className>hudson.scheduler.CronTabDayOfWeekLocaleTest</className>
          <testName>isSundayAndNextRunIsNextSunday[90]</testName>
          <skipped>false</skipped>
          <failedSince>0</failedSince>
        </case>
        <case>
          <duration>0.0</duration>
          <className>hudson.scheduler.CronTabDayOfWeekLocaleTest</className>
          <testName>isSundayAndPreviousRunIsPreviousSunday[90]</testName>
          <skipped>false</skipped>
          <failedSince>0</failedSince>
        </case>
        <case>
          <duration>0.0</duration>
          <className>hudson.scheduler.CronTabDayOfWeekLocaleTest</className>
          <testName>isSundayAndNextRunIsNextSunday7[90]</testName>
          <skipped>false</skipped>
          <failedSince>0</failedSince>
        </case>
        <case>
          <duration>0.0</duration>
          <className>hudson.scheduler.CronTabDayOfWeekLocaleTest</className>
          <testName>isSundayAndPreviousRunIsPreviousSunday7[90]</testName>
          <skipped>false</skipped>
          <failedSince>0</failedSince>
        </case>
        <case>
          <duration>0.0</duration>
          <className>hudson.scheduler.CronTabDayOfWeekLocaleTest</className>
          <testName>isSaturdayAndNextRunIsSundayAsterisk[90]</testName>
          <skipped>false</skipped>
          <failedSince>0</failedSince>
        </case>
        <case>
          <duration>0.001</duration>
          <className>hudson.scheduler.CronTabDayOfWeekLocaleTest</className>
          <testName>isSundayAndPreviousRunIsSaturdayAsterisk[90]</testName>
          <skipped>false</skipped>
          <failedSince>0</failedSince>
        </case>
        <case>
          <duration>0.0</duration>
          <className>hudson.scheduler.CronTabDayOfWeekLocaleTest</className>
          <testName>hudson8658[91]</testName>
          <skipped>false</skipped>
          <failedSince>0</failedSince>
        </case>
        <case>
          <duration>0.0</duration>
          <className>hudson.scheduler.CronTabDayOfWeekLocaleTest</className>
          <testName>isSundayAndNextRunIsMonday[91]</testName>
          <skipped>false</skipped>
          <failedSince>0</failedSince>
        </case>
        <case>
          <duration>0.001</duration>
          <className>hudson.scheduler.CronTabDayOfWeekLocaleTest</className>
          <testName>isSundayAndPreviousRunIsMonday[91]</testName>
          <skipped>false</skipped>
          <failedSince>0</failedSince>
        </case>
        <case>
          <duration>0.0</duration>
          <className>hudson.scheduler.CronTabDayOfWeekLocaleTest</className>
          <testName>isSundayAndNextRunIsTuesday[91]</testName>
          <skipped>false</skipped>
          <failedSince>0</failedSince>
        </case>
        <case>
          <duration>0.0</duration>
          <className>hudson.scheduler.CronTabDayOfWeekLocaleTest</className>
          <testName>isSundayAndPreviousRunIsTuesday[91]</testName>
          <skipped>false</skipped>
          <failedSince>0</failedSince>
        </case>
        <case>
          <duration>0.0</duration>
          <className>hudson.scheduler.CronTabDayOfWeekLocaleTest</className>
          <testName>isSundayAndNextRunIsWednesday[91]</testName>
          <skipped>false</skipped>
          <failedSince>0</failedSince>
        </case>
        <case>
          <duration>0.001</duration>
          <className>hudson.scheduler.CronTabDayOfWeekLocaleTest</className>
          <testName>isSundayAndPreviousRunIsWednesday[91]</testName>
          <skipped>false</skipped>
          <failedSince>0</failedSince>
        </case>
        <case>
          <duration>0.0</duration>
          <className>hudson.scheduler.CronTabDayOfWeekLocaleTest</className>
          <testName>isSundayAndNextRunIsThursday[91]</testName>
          <skipped>false</skipped>
          <failedSince>0</failedSince>
        </case>
        <case>
          <duration>0.0</duration>
          <className>hudson.scheduler.CronTabDayOfWeekLocaleTest</className>
          <testName>isSundayAndPreviousRunIsThursday[91]</testName>
          <skipped>false</skipped>
          <failedSince>0</failedSince>
        </case>
        <case>
          <duration>0.0</duration>
          <className>hudson.scheduler.CronTabDayOfWeekLocaleTest</className>
          <testName>isSundayAndNextRunIsFriday[91]</testName>
          <skipped>false</skipped>
          <failedSince>0</failedSince>
        </case>
        <case>
          <duration>0.001</duration>
          <className>hudson.scheduler.CronTabDayOfWeekLocaleTest</className>
          <testName>isSundayAndPreviousRunIsFriday[91]</testName>
          <skipped>false</skipped>
          <failedSince>0</failedSince>
        </case>
        <case>
          <duration>0.0</duration>
          <className>hudson.scheduler.CronTabDayOfWeekLocaleTest</className>
          <testName>isSundayAndNextRunIsSaturday[91]</testName>
          <skipped>false</skipped>
          <failedSince>0</failedSince>
        </case>
        <case>
          <duration>0.0</duration>
          <className>hudson.scheduler.CronTabDayOfWeekLocaleTest</className>
          <testName>isSundayAndPreviousRunIsSaturday[91]</testName>
          <skipped>false</skipped>
          <failedSince>0</failedSince>
        </case>
        <case>
          <duration>0.0</duration>
          <className>hudson.scheduler.CronTabDayOfWeekLocaleTest</className>
          <testName>isSundayAndNextRunIsNextSunday[91]</testName>
          <skipped>false</skipped>
          <failedSince>0</failedSince>
        </case>
        <case>
          <duration>0.001</duration>
          <className>hudson.scheduler.CronTabDayOfWeekLocaleTest</className>
          <testName>isSundayAndPreviousRunIsPreviousSunday[91]</testName>
          <skipped>false</skipped>
          <failedSince>0</failedSince>
        </case>
        <case>
          <duration>0.0</duration>
          <className>hudson.scheduler.CronTabDayOfWeekLocaleTest</className>
          <testName>isSundayAndNextRunIsNextSunday7[91]</testName>
          <skipped>false</skipped>
          <failedSince>0</failedSince>
        </case>
        <case>
          <duration>0.0</duration>
          <className>hudson.scheduler.CronTabDayOfWeekLocaleTest</className>
          <testName>isSundayAndPreviousRunIsPreviousSunday7[91]</testName>
          <skipped>false</skipped>
          <failedSince>0</failedSince>
        </case>
        <case>
          <duration>0.0</duration>
          <className>hudson.scheduler.CronTabDayOfWeekLocaleTest</className>
          <testName>isSaturdayAndNextRunIsSundayAsterisk[91]</testName>
          <skipped>false</skipped>
          <failedSince>0</failedSince>
        </case>
        <case>
          <duration>0.0</duration>
          <className>hudson.scheduler.CronTabDayOfWeekLocaleTest</className>
          <testName>isSundayAndPreviousRunIsSaturdayAsterisk[91]</testName>
          <skipped>false</skipped>
          <failedSince>0</failedSince>
        </case>
        <case>
          <duration>0.0</duration>
          <className>hudson.scheduler.CronTabDayOfWeekLocaleTest</className>
          <testName>hudson8658[92]</testName>
          <skipped>false</skipped>
          <failedSince>0</failedSince>
        </case>
        <case>
          <duration>0.0</duration>
          <className>hudson.scheduler.CronTabDayOfWeekLocaleTest</className>
          <testName>isSundayAndNextRunIsMonday[92]</testName>
          <skipped>false</skipped>
          <failedSince>0</failedSince>
        </case>
        <case>
          <duration>0.001</duration>
          <className>hudson.scheduler.CronTabDayOfWeekLocaleTest</className>
          <testName>isSundayAndPreviousRunIsMonday[92]</testName>
          <skipped>false</skipped>
          <failedSince>0</failedSince>
        </case>
        <case>
          <duration>0.0</duration>
          <className>hudson.scheduler.CronTabDayOfWeekLocaleTest</className>
          <testName>isSundayAndNextRunIsTuesday[92]</testName>
          <skipped>false</skipped>
          <failedSince>0</failedSince>
        </case>
        <case>
          <duration>0.0</duration>
          <className>hudson.scheduler.CronTabDayOfWeekLocaleTest</className>
          <testName>isSundayAndPreviousRunIsTuesday[92]</testName>
          <skipped>false</skipped>
          <failedSince>0</failedSince>
        </case>
        <case>
          <duration>0.0</duration>
          <className>hudson.scheduler.CronTabDayOfWeekLocaleTest</className>
          <testName>isSundayAndNextRunIsWednesday[92]</testName>
          <skipped>false</skipped>
          <failedSince>0</failedSince>
        </case>
        <case>
          <duration>0.001</duration>
          <className>hudson.scheduler.CronTabDayOfWeekLocaleTest</className>
          <testName>isSundayAndPreviousRunIsWednesday[92]</testName>
          <skipped>false</skipped>
          <failedSince>0</failedSince>
        </case>
        <case>
          <duration>0.0</duration>
          <className>hudson.scheduler.CronTabDayOfWeekLocaleTest</className>
          <testName>isSundayAndNextRunIsThursday[92]</testName>
          <skipped>false</skipped>
          <failedSince>0</failedSince>
        </case>
        <case>
          <duration>0.0</duration>
          <className>hudson.scheduler.CronTabDayOfWeekLocaleTest</className>
          <testName>isSundayAndPreviousRunIsThursday[92]</testName>
          <skipped>false</skipped>
          <failedSince>0</failedSince>
        </case>
        <case>
          <duration>0.0</duration>
          <className>hudson.scheduler.CronTabDayOfWeekLocaleTest</className>
          <testName>isSundayAndNextRunIsFriday[92]</testName>
          <skipped>false</skipped>
          <failedSince>0</failedSince>
        </case>
        <case>
          <duration>0.001</duration>
          <className>hudson.scheduler.CronTabDayOfWeekLocaleTest</className>
          <testName>isSundayAndPreviousRunIsFriday[92]</testName>
          <skipped>false</skipped>
          <failedSince>0</failedSince>
        </case>
        <case>
          <duration>0.0</duration>
          <className>hudson.scheduler.CronTabDayOfWeekLocaleTest</className>
          <testName>isSundayAndNextRunIsSaturday[92]</testName>
          <skipped>false</skipped>
          <failedSince>0</failedSince>
        </case>
        <case>
          <duration>0.0</duration>
          <className>hudson.scheduler.CronTabDayOfWeekLocaleTest</className>
          <testName>isSundayAndPreviousRunIsSaturday[92]</testName>
          <skipped>false</skipped>
          <failedSince>0</failedSince>
        </case>
        <case>
          <duration>0.0</duration>
          <className>hudson.scheduler.CronTabDayOfWeekLocaleTest</className>
          <testName>isSundayAndNextRunIsNextSunday[92]</testName>
          <skipped>false</skipped>
          <failedSince>0</failedSince>
        </case>
        <case>
          <duration>0.001</duration>
          <className>hudson.scheduler.CronTabDayOfWeekLocaleTest</className>
          <testName>isSundayAndPreviousRunIsPreviousSunday[92]</testName>
          <skipped>false</skipped>
          <failedSince>0</failedSince>
        </case>
        <case>
          <duration>0.0</duration>
          <className>hudson.scheduler.CronTabDayOfWeekLocaleTest</className>
          <testName>isSundayAndNextRunIsNextSunday7[92]</testName>
          <skipped>false</skipped>
          <failedSince>0</failedSince>
        </case>
        <case>
          <duration>0.0</duration>
          <className>hudson.scheduler.CronTabDayOfWeekLocaleTest</className>
          <testName>isSundayAndPreviousRunIsPreviousSunday7[92]</testName>
          <skipped>false</skipped>
          <failedSince>0</failedSince>
        </case>
        <case>
          <duration>0.0</duration>
          <className>hudson.scheduler.CronTabDayOfWeekLocaleTest</className>
          <testName>isSaturdayAndNextRunIsSundayAsterisk[92]</testName>
          <skipped>false</skipped>
          <failedSince>0</failedSince>
        </case>
        <case>
          <duration>0.001</duration>
          <className>hudson.scheduler.CronTabDayOfWeekLocaleTest</className>
          <testName>isSundayAndPreviousRunIsSaturdayAsterisk[92]</testName>
          <skipped>false</skipped>
          <failedSince>0</failedSince>
        </case>
        <case>
          <duration>0.0</duration>
          <className>hudson.scheduler.CronTabDayOfWeekLocaleTest</className>
          <testName>hudson8658[93]</testName>
          <skipped>false</skipped>
          <failedSince>0</failedSince>
        </case>
        <case>
          <duration>0.0</duration>
          <className>hudson.scheduler.CronTabDayOfWeekLocaleTest</className>
          <testName>isSundayAndNextRunIsMonday[93]</testName>
          <skipped>false</skipped>
          <failedSince>0</failedSince>
        </case>
        <case>
          <duration>0.001</duration>
          <className>hudson.scheduler.CronTabDayOfWeekLocaleTest</className>
          <testName>isSundayAndPreviousRunIsMonday[93]</testName>
          <skipped>false</skipped>
          <failedSince>0</failedSince>
        </case>
        <case>
          <duration>0.0</duration>
          <className>hudson.scheduler.CronTabDayOfWeekLocaleTest</className>
          <testName>isSundayAndNextRunIsTuesday[93]</testName>
          <skipped>false</skipped>
          <failedSince>0</failedSince>
        </case>
        <case>
          <duration>0.0</duration>
          <className>hudson.scheduler.CronTabDayOfWeekLocaleTest</className>
          <testName>isSundayAndPreviousRunIsTuesday[93]</testName>
          <skipped>false</skipped>
          <failedSince>0</failedSince>
        </case>
        <case>
          <duration>0.0</duration>
          <className>hudson.scheduler.CronTabDayOfWeekLocaleTest</className>
          <testName>isSundayAndNextRunIsWednesday[93]</testName>
          <skipped>false</skipped>
          <failedSince>0</failedSince>
        </case>
        <case>
          <duration>0.001</duration>
          <className>hudson.scheduler.CronTabDayOfWeekLocaleTest</className>
          <testName>isSundayAndPreviousRunIsWednesday[93]</testName>
          <skipped>false</skipped>
          <failedSince>0</failedSince>
        </case>
        <case>
          <duration>0.0</duration>
          <className>hudson.scheduler.CronTabDayOfWeekLocaleTest</className>
          <testName>isSundayAndNextRunIsThursday[93]</testName>
          <skipped>false</skipped>
          <failedSince>0</failedSince>
        </case>
        <case>
          <duration>0.0</duration>
          <className>hudson.scheduler.CronTabDayOfWeekLocaleTest</className>
          <testName>isSundayAndPreviousRunIsThursday[93]</testName>
          <skipped>false</skipped>
          <failedSince>0</failedSince>
        </case>
        <case>
          <duration>0.0</duration>
          <className>hudson.scheduler.CronTabDayOfWeekLocaleTest</className>
          <testName>isSundayAndNextRunIsFriday[93]</testName>
          <skipped>false</skipped>
          <failedSince>0</failedSince>
        </case>
        <case>
          <duration>0.001</duration>
          <className>hudson.scheduler.CronTabDayOfWeekLocaleTest</className>
          <testName>isSundayAndPreviousRunIsFriday[93]</testName>
          <skipped>false</skipped>
          <failedSince>0</failedSince>
        </case>
        <case>
          <duration>0.0</duration>
          <className>hudson.scheduler.CronTabDayOfWeekLocaleTest</className>
          <testName>isSundayAndNextRunIsSaturday[93]</testName>
          <skipped>false</skipped>
          <failedSince>0</failedSince>
        </case>
        <case>
          <duration>0.0</duration>
          <className>hudson.scheduler.CronTabDayOfWeekLocaleTest</className>
          <testName>isSundayAndPreviousRunIsSaturday[93]</testName>
          <skipped>false</skipped>
          <failedSince>0</failedSince>
        </case>
        <case>
          <duration>0.0</duration>
          <className>hudson.scheduler.CronTabDayOfWeekLocaleTest</className>
          <testName>isSundayAndNextRunIsNextSunday[93]</testName>
          <skipped>false</skipped>
          <failedSince>0</failedSince>
        </case>
        <case>
          <duration>0.001</duration>
          <className>hudson.scheduler.CronTabDayOfWeekLocaleTest</className>
          <testName>isSundayAndPreviousRunIsPreviousSunday[93]</testName>
          <skipped>false</skipped>
          <failedSince>0</failedSince>
        </case>
        <case>
          <duration>0.0</duration>
          <className>hudson.scheduler.CronTabDayOfWeekLocaleTest</className>
          <testName>isSundayAndNextRunIsNextSunday7[93]</testName>
          <skipped>false</skipped>
          <failedSince>0</failedSince>
        </case>
        <case>
          <duration>0.0</duration>
          <className>hudson.scheduler.CronTabDayOfWeekLocaleTest</className>
          <testName>isSundayAndPreviousRunIsPreviousSunday7[93]</testName>
          <skipped>false</skipped>
          <failedSince>0</failedSince>
        </case>
        <case>
          <duration>0.0</duration>
          <className>hudson.scheduler.CronTabDayOfWeekLocaleTest</className>
          <testName>isSaturdayAndNextRunIsSundayAsterisk[93]</testName>
          <skipped>false</skipped>
          <failedSince>0</failedSince>
        </case>
        <case>
          <duration>0.001</duration>
          <className>hudson.scheduler.CronTabDayOfWeekLocaleTest</className>
          <testName>isSundayAndPreviousRunIsSaturdayAsterisk[93]</testName>
          <skipped>false</skipped>
          <failedSince>0</failedSince>
        </case>
        <case>
          <duration>0.0</duration>
          <className>hudson.scheduler.CronTabDayOfWeekLocaleTest</className>
          <testName>hudson8658[94]</testName>
          <skipped>false</skipped>
          <failedSince>0</failedSince>
        </case>
        <case>
          <duration>0.0</duration>
          <className>hudson.scheduler.CronTabDayOfWeekLocaleTest</className>
          <testName>isSundayAndNextRunIsMonday[94]</testName>
          <skipped>false</skipped>
          <failedSince>0</failedSince>
        </case>
        <case>
          <duration>0.001</duration>
          <className>hudson.scheduler.CronTabDayOfWeekLocaleTest</className>
          <testName>isSundayAndPreviousRunIsMonday[94]</testName>
          <skipped>false</skipped>
          <failedSince>0</failedSince>
        </case>
        <case>
          <duration>0.0</duration>
          <className>hudson.scheduler.CronTabDayOfWeekLocaleTest</className>
          <testName>isSundayAndNextRunIsTuesday[94]</testName>
          <skipped>false</skipped>
          <failedSince>0</failedSince>
        </case>
        <case>
          <duration>0.0</duration>
          <className>hudson.scheduler.CronTabDayOfWeekLocaleTest</className>
          <testName>isSundayAndPreviousRunIsTuesday[94]</testName>
          <skipped>false</skipped>
          <failedSince>0</failedSince>
        </case>
        <case>
          <duration>0.0</duration>
          <className>hudson.scheduler.CronTabDayOfWeekLocaleTest</className>
          <testName>isSundayAndNextRunIsWednesday[94]</testName>
          <skipped>false</skipped>
          <failedSince>0</failedSince>
        </case>
        <case>
          <duration>0.001</duration>
          <className>hudson.scheduler.CronTabDayOfWeekLocaleTest</className>
          <testName>isSundayAndPreviousRunIsWednesday[94]</testName>
          <skipped>false</skipped>
          <failedSince>0</failedSince>
        </case>
        <case>
          <duration>0.0</duration>
          <className>hudson.scheduler.CronTabDayOfWeekLocaleTest</className>
          <testName>isSundayAndNextRunIsThursday[94]</testName>
          <skipped>false</skipped>
          <failedSince>0</failedSince>
        </case>
        <case>
          <duration>0.0</duration>
          <className>hudson.scheduler.CronTabDayOfWeekLocaleTest</className>
          <testName>isSundayAndPreviousRunIsThursday[94]</testName>
          <skipped>false</skipped>
          <failedSince>0</failedSince>
        </case>
        <case>
          <duration>0.0</duration>
          <className>hudson.scheduler.CronTabDayOfWeekLocaleTest</className>
          <testName>isSundayAndNextRunIsFriday[94]</testName>
          <skipped>false</skipped>
          <failedSince>0</failedSince>
        </case>
        <case>
          <duration>0.001</duration>
          <className>hudson.scheduler.CronTabDayOfWeekLocaleTest</className>
          <testName>isSundayAndPreviousRunIsFriday[94]</testName>
          <skipped>false</skipped>
          <failedSince>0</failedSince>
        </case>
        <case>
          <duration>0.0</duration>
          <className>hudson.scheduler.CronTabDayOfWeekLocaleTest</className>
          <testName>isSundayAndNextRunIsSaturday[94]</testName>
          <skipped>false</skipped>
          <failedSince>0</failedSince>
        </case>
        <case>
          <duration>0.0</duration>
          <className>hudson.scheduler.CronTabDayOfWeekLocaleTest</className>
          <testName>isSundayAndPreviousRunIsSaturday[94]</testName>
          <skipped>false</skipped>
          <failedSince>0</failedSince>
        </case>
        <case>
          <duration>0.0</duration>
          <className>hudson.scheduler.CronTabDayOfWeekLocaleTest</className>
          <testName>isSundayAndNextRunIsNextSunday[94]</testName>
          <skipped>false</skipped>
          <failedSince>0</failedSince>
        </case>
        <case>
          <duration>0.001</duration>
          <className>hudson.scheduler.CronTabDayOfWeekLocaleTest</className>
          <testName>isSundayAndPreviousRunIsPreviousSunday[94]</testName>
          <skipped>false</skipped>
          <failedSince>0</failedSince>
        </case>
        <case>
          <duration>0.0</duration>
          <className>hudson.scheduler.CronTabDayOfWeekLocaleTest</className>
          <testName>isSundayAndNextRunIsNextSunday7[94]</testName>
          <skipped>false</skipped>
          <failedSince>0</failedSince>
        </case>
        <case>
          <duration>0.0</duration>
          <className>hudson.scheduler.CronTabDayOfWeekLocaleTest</className>
          <testName>isSundayAndPreviousRunIsPreviousSunday7[94]</testName>
          <skipped>false</skipped>
          <failedSince>0</failedSince>
        </case>
        <case>
          <duration>0.0</duration>
          <className>hudson.scheduler.CronTabDayOfWeekLocaleTest</className>
          <testName>isSaturdayAndNextRunIsSundayAsterisk[94]</testName>
          <skipped>false</skipped>
          <failedSince>0</failedSince>
        </case>
        <case>
          <duration>0.001</duration>
          <className>hudson.scheduler.CronTabDayOfWeekLocaleTest</className>
          <testName>isSundayAndPreviousRunIsSaturdayAsterisk[94]</testName>
          <skipped>false</skipped>
          <failedSince>0</failedSince>
        </case>
        <case>
          <duration>0.0</duration>
          <className>hudson.scheduler.CronTabDayOfWeekLocaleTest</className>
          <testName>hudson8658[95]</testName>
          <skipped>false</skipped>
          <failedSince>0</failedSince>
        </case>
        <case>
          <duration>0.0</duration>
          <className>hudson.scheduler.CronTabDayOfWeekLocaleTest</className>
          <testName>isSundayAndNextRunIsMonday[95]</testName>
          <skipped>false</skipped>
          <failedSince>0</failedSince>
        </case>
        <case>
          <duration>0.0</duration>
          <className>hudson.scheduler.CronTabDayOfWeekLocaleTest</className>
          <testName>isSundayAndPreviousRunIsMonday[95]</testName>
          <skipped>false</skipped>
          <failedSince>0</failedSince>
        </case>
        <case>
          <duration>0.0</duration>
          <className>hudson.scheduler.CronTabDayOfWeekLocaleTest</className>
          <testName>isSundayAndNextRunIsTuesday[95]</testName>
          <skipped>false</skipped>
          <failedSince>0</failedSince>
        </case>
        <case>
          <duration>0.0</duration>
          <className>hudson.scheduler.CronTabDayOfWeekLocaleTest</className>
          <testName>isSundayAndPreviousRunIsTuesday[95]</testName>
          <skipped>false</skipped>
          <failedSince>0</failedSince>
        </case>
        <case>
          <duration>0.0</duration>
          <className>hudson.scheduler.CronTabDayOfWeekLocaleTest</className>
          <testName>isSundayAndNextRunIsWednesday[95]</testName>
          <skipped>false</skipped>
          <failedSince>0</failedSince>
        </case>
        <case>
          <duration>0.0</duration>
          <className>hudson.scheduler.CronTabDayOfWeekLocaleTest</className>
          <testName>isSundayAndPreviousRunIsWednesday[95]</testName>
          <skipped>false</skipped>
          <failedSince>0</failedSince>
        </case>
        <case>
          <duration>0.0</duration>
          <className>hudson.scheduler.CronTabDayOfWeekLocaleTest</className>
          <testName>isSundayAndNextRunIsThursday[95]</testName>
          <skipped>false</skipped>
          <failedSince>0</failedSince>
        </case>
        <case>
          <duration>0.0</duration>
          <className>hudson.scheduler.CronTabDayOfWeekLocaleTest</className>
          <testName>isSundayAndPreviousRunIsThursday[95]</testName>
          <skipped>false</skipped>
          <failedSince>0</failedSince>
        </case>
        <case>
          <duration>0.0</duration>
          <className>hudson.scheduler.CronTabDayOfWeekLocaleTest</className>
          <testName>isSundayAndNextRunIsFriday[95]</testName>
          <skipped>false</skipped>
          <failedSince>0</failedSince>
        </case>
        <case>
          <duration>0.0</duration>
          <className>hudson.scheduler.CronTabDayOfWeekLocaleTest</className>
          <testName>isSundayAndPreviousRunIsFriday[95]</testName>
          <skipped>false</skipped>
          <failedSince>0</failedSince>
        </case>
        <case>
          <duration>0.0</duration>
          <className>hudson.scheduler.CronTabDayOfWeekLocaleTest</className>
          <testName>isSundayAndNextRunIsSaturday[95]</testName>
          <skipped>false</skipped>
          <failedSince>0</failedSince>
        </case>
        <case>
          <duration>0.0</duration>
          <className>hudson.scheduler.CronTabDayOfWeekLocaleTest</className>
          <testName>isSundayAndPreviousRunIsSaturday[95]</testName>
          <skipped>false</skipped>
          <failedSince>0</failedSince>
        </case>
        <case>
          <duration>0.0</duration>
          <className>hudson.scheduler.CronTabDayOfWeekLocaleTest</className>
          <testName>isSundayAndNextRunIsNextSunday[95]</testName>
          <skipped>false</skipped>
          <failedSince>0</failedSince>
        </case>
        <case>
          <duration>0.0</duration>
          <className>hudson.scheduler.CronTabDayOfWeekLocaleTest</className>
          <testName>isSundayAndPreviousRunIsPreviousSunday[95]</testName>
          <skipped>false</skipped>
          <failedSince>0</failedSince>
        </case>
        <case>
          <duration>0.0</duration>
          <className>hudson.scheduler.CronTabDayOfWeekLocaleTest</className>
          <testName>isSundayAndNextRunIsNextSunday7[95]</testName>
          <skipped>false</skipped>
          <failedSince>0</failedSince>
        </case>
        <case>
          <duration>0.0</duration>
          <className>hudson.scheduler.CronTabDayOfWeekLocaleTest</className>
          <testName>isSundayAndPreviousRunIsPreviousSunday7[95]</testName>
          <skipped>false</skipped>
          <failedSince>0</failedSince>
        </case>
        <case>
          <duration>0.0</duration>
          <className>hudson.scheduler.CronTabDayOfWeekLocaleTest</className>
          <testName>isSaturdayAndNextRunIsSundayAsterisk[95]</testName>
          <skipped>false</skipped>
          <failedSince>0</failedSince>
        </case>
        <case>
          <duration>0.0</duration>
          <className>hudson.scheduler.CronTabDayOfWeekLocaleTest</className>
          <testName>isSundayAndPreviousRunIsSaturdayAsterisk[95]</testName>
          <skipped>false</skipped>
          <failedSince>0</failedSince>
        </case>
        <case>
          <duration>0.0</duration>
          <className>hudson.scheduler.CronTabDayOfWeekLocaleTest</className>
          <testName>hudson8658[96]</testName>
          <skipped>false</skipped>
          <failedSince>0</failedSince>
        </case>
        <case>
          <duration>0.0</duration>
          <className>hudson.scheduler.CronTabDayOfWeekLocaleTest</className>
          <testName>isSundayAndNextRunIsMonday[96]</testName>
          <skipped>false</skipped>
          <failedSince>0</failedSince>
        </case>
        <case>
          <duration>0.0</duration>
          <className>hudson.scheduler.CronTabDayOfWeekLocaleTest</className>
          <testName>isSundayAndPreviousRunIsMonday[96]</testName>
          <skipped>false</skipped>
          <failedSince>0</failedSince>
        </case>
        <case>
          <duration>0.001</duration>
          <className>hudson.scheduler.CronTabDayOfWeekLocaleTest</className>
          <testName>isSundayAndNextRunIsTuesday[96]</testName>
          <skipped>false</skipped>
          <failedSince>0</failedSince>
        </case>
        <case>
          <duration>0.0</duration>
          <className>hudson.scheduler.CronTabDayOfWeekLocaleTest</className>
          <testName>isSundayAndPreviousRunIsTuesday[96]</testName>
          <skipped>false</skipped>
          <failedSince>0</failedSince>
        </case>
        <case>
          <duration>0.0</duration>
          <className>hudson.scheduler.CronTabDayOfWeekLocaleTest</className>
          <testName>isSundayAndNextRunIsWednesday[96]</testName>
          <skipped>false</skipped>
          <failedSince>0</failedSince>
        </case>
        <case>
          <duration>0.0</duration>
          <className>hudson.scheduler.CronTabDayOfWeekLocaleTest</className>
          <testName>isSundayAndPreviousRunIsWednesday[96]</testName>
          <skipped>false</skipped>
          <failedSince>0</failedSince>
        </case>
        <case>
          <duration>0.001</duration>
          <className>hudson.scheduler.CronTabDayOfWeekLocaleTest</className>
          <testName>isSundayAndNextRunIsThursday[96]</testName>
          <skipped>false</skipped>
          <failedSince>0</failedSince>
        </case>
        <case>
          <duration>0.0</duration>
          <className>hudson.scheduler.CronTabDayOfWeekLocaleTest</className>
          <testName>isSundayAndPreviousRunIsThursday[96]</testName>
          <skipped>false</skipped>
          <failedSince>0</failedSince>
        </case>
        <case>
          <duration>0.0</duration>
          <className>hudson.scheduler.CronTabDayOfWeekLocaleTest</className>
          <testName>isSundayAndNextRunIsFriday[96]</testName>
          <skipped>false</skipped>
          <failedSince>0</failedSince>
        </case>
        <case>
          <duration>0.0</duration>
          <className>hudson.scheduler.CronTabDayOfWeekLocaleTest</className>
          <testName>isSundayAndPreviousRunIsFriday[96]</testName>
          <skipped>false</skipped>
          <failedSince>0</failedSince>
        </case>
        <case>
          <duration>0.001</duration>
          <className>hudson.scheduler.CronTabDayOfWeekLocaleTest</className>
          <testName>isSundayAndNextRunIsSaturday[96]</testName>
          <skipped>false</skipped>
          <failedSince>0</failedSince>
        </case>
        <case>
          <duration>0.0</duration>
          <className>hudson.scheduler.CronTabDayOfWeekLocaleTest</className>
          <testName>isSundayAndPreviousRunIsSaturday[96]</testName>
          <skipped>false</skipped>
          <failedSince>0</failedSince>
        </case>
        <case>
          <duration>0.0</duration>
          <className>hudson.scheduler.CronTabDayOfWeekLocaleTest</className>
          <testName>isSundayAndNextRunIsNextSunday[96]</testName>
          <skipped>false</skipped>
          <failedSince>0</failedSince>
        </case>
        <case>
          <duration>0.0</duration>
          <className>hudson.scheduler.CronTabDayOfWeekLocaleTest</className>
          <testName>isSundayAndPreviousRunIsPreviousSunday[96]</testName>
          <skipped>false</skipped>
          <failedSince>0</failedSince>
        </case>
        <case>
          <duration>0.001</duration>
          <className>hudson.scheduler.CronTabDayOfWeekLocaleTest</className>
          <testName>isSundayAndNextRunIsNextSunday7[96]</testName>
          <skipped>false</skipped>
          <failedSince>0</failedSince>
        </case>
        <case>
          <duration>0.0</duration>
          <className>hudson.scheduler.CronTabDayOfWeekLocaleTest</className>
          <testName>isSundayAndPreviousRunIsPreviousSunday7[96]</testName>
          <skipped>false</skipped>
          <failedSince>0</failedSince>
        </case>
        <case>
          <duration>0.0</duration>
          <className>hudson.scheduler.CronTabDayOfWeekLocaleTest</className>
          <testName>isSaturdayAndNextRunIsSundayAsterisk[96]</testName>
          <skipped>false</skipped>
          <failedSince>0</failedSince>
        </case>
        <case>
          <duration>0.0</duration>
          <className>hudson.scheduler.CronTabDayOfWeekLocaleTest</className>
          <testName>isSundayAndPreviousRunIsSaturdayAsterisk[96]</testName>
          <skipped>false</skipped>
          <failedSince>0</failedSince>
        </case>
        <case>
          <duration>0.0</duration>
          <className>hudson.scheduler.CronTabDayOfWeekLocaleTest</className>
          <testName>hudson8658[97]</testName>
          <skipped>false</skipped>
          <failedSince>0</failedSince>
        </case>
        <case>
          <duration>0.0</duration>
          <className>hudson.scheduler.CronTabDayOfWeekLocaleTest</className>
          <testName>isSundayAndNextRunIsMonday[97]</testName>
          <skipped>false</skipped>
          <failedSince>0</failedSince>
        </case>
        <case>
          <duration>0.0</duration>
          <className>hudson.scheduler.CronTabDayOfWeekLocaleTest</className>
          <testName>isSundayAndPreviousRunIsMonday[97]</testName>
          <skipped>false</skipped>
          <failedSince>0</failedSince>
        </case>
        <case>
          <duration>0.0</duration>
          <className>hudson.scheduler.CronTabDayOfWeekLocaleTest</className>
          <testName>isSundayAndNextRunIsTuesday[97]</testName>
          <skipped>false</skipped>
          <failedSince>0</failedSince>
        </case>
        <case>
          <duration>0.001</duration>
          <className>hudson.scheduler.CronTabDayOfWeekLocaleTest</className>
          <testName>isSundayAndPreviousRunIsTuesday[97]</testName>
          <skipped>false</skipped>
          <failedSince>0</failedSince>
        </case>
        <case>
          <duration>0.0</duration>
          <className>hudson.scheduler.CronTabDayOfWeekLocaleTest</className>
          <testName>isSundayAndNextRunIsWednesday[97]</testName>
          <skipped>false</skipped>
          <failedSince>0</failedSince>
        </case>
        <case>
          <duration>0.0</duration>
          <className>hudson.scheduler.CronTabDayOfWeekLocaleTest</className>
          <testName>isSundayAndPreviousRunIsWednesday[97]</testName>
          <skipped>false</skipped>
          <failedSince>0</failedSince>
        </case>
        <case>
          <duration>0.0</duration>
          <className>hudson.scheduler.CronTabDayOfWeekLocaleTest</className>
          <testName>isSundayAndNextRunIsThursday[97]</testName>
          <skipped>false</skipped>
          <failedSince>0</failedSince>
        </case>
        <case>
          <duration>0.001</duration>
          <className>hudson.scheduler.CronTabDayOfWeekLocaleTest</className>
          <testName>isSundayAndPreviousRunIsThursday[97]</testName>
          <skipped>false</skipped>
          <failedSince>0</failedSince>
        </case>
        <case>
          <duration>0.0</duration>
          <className>hudson.scheduler.CronTabDayOfWeekLocaleTest</className>
          <testName>isSundayAndNextRunIsFriday[97]</testName>
          <skipped>false</skipped>
          <failedSince>0</failedSince>
        </case>
        <case>
          <duration>0.0</duration>
          <className>hudson.scheduler.CronTabDayOfWeekLocaleTest</className>
          <testName>isSundayAndPreviousRunIsFriday[97]</testName>
          <skipped>false</skipped>
          <failedSince>0</failedSince>
        </case>
        <case>
          <duration>0.0</duration>
          <className>hudson.scheduler.CronTabDayOfWeekLocaleTest</className>
          <testName>isSundayAndNextRunIsSaturday[97]</testName>
          <skipped>false</skipped>
          <failedSince>0</failedSince>
        </case>
        <case>
          <duration>0.001</duration>
          <className>hudson.scheduler.CronTabDayOfWeekLocaleTest</className>
          <testName>isSundayAndPreviousRunIsSaturday[97]</testName>
          <skipped>false</skipped>
          <failedSince>0</failedSince>
        </case>
        <case>
          <duration>0.0</duration>
          <className>hudson.scheduler.CronTabDayOfWeekLocaleTest</className>
          <testName>isSundayAndNextRunIsNextSunday[97]</testName>
          <skipped>false</skipped>
          <failedSince>0</failedSince>
        </case>
        <case>
          <duration>0.0</duration>
          <className>hudson.scheduler.CronTabDayOfWeekLocaleTest</className>
          <testName>isSundayAndPreviousRunIsPreviousSunday[97]</testName>
          <skipped>false</skipped>
          <failedSince>0</failedSince>
        </case>
        <case>
          <duration>0.0</duration>
          <className>hudson.scheduler.CronTabDayOfWeekLocaleTest</className>
          <testName>isSundayAndNextRunIsNextSunday7[97]</testName>
          <skipped>false</skipped>
          <failedSince>0</failedSince>
        </case>
        <case>
          <duration>0.001</duration>
          <className>hudson.scheduler.CronTabDayOfWeekLocaleTest</className>
          <testName>isSundayAndPreviousRunIsPreviousSunday7[97]</testName>
          <skipped>false</skipped>
          <failedSince>0</failedSince>
        </case>
        <case>
          <duration>0.0</duration>
          <className>hudson.scheduler.CronTabDayOfWeekLocaleTest</className>
          <testName>isSaturdayAndNextRunIsSundayAsterisk[97]</testName>
          <skipped>false</skipped>
          <failedSince>0</failedSince>
        </case>
        <case>
          <duration>0.0</duration>
          <className>hudson.scheduler.CronTabDayOfWeekLocaleTest</className>
          <testName>isSundayAndPreviousRunIsSaturdayAsterisk[97]</testName>
          <skipped>false</skipped>
          <failedSince>0</failedSince>
        </case>
        <case>
          <duration>0.0</duration>
          <className>hudson.scheduler.CronTabDayOfWeekLocaleTest</className>
          <testName>hudson8658[98]</testName>
          <skipped>false</skipped>
          <failedSince>0</failedSince>
        </case>
        <case>
          <duration>0.001</duration>
          <className>hudson.scheduler.CronTabDayOfWeekLocaleTest</className>
          <testName>isSundayAndNextRunIsMonday[98]</testName>
          <skipped>false</skipped>
          <failedSince>0</failedSince>
        </case>
        <case>
          <duration>0.0</duration>
          <className>hudson.scheduler.CronTabDayOfWeekLocaleTest</className>
          <testName>isSundayAndPreviousRunIsMonday[98]</testName>
          <skipped>false</skipped>
          <failedSince>0</failedSince>
        </case>
        <case>
          <duration>0.0</duration>
          <className>hudson.scheduler.CronTabDayOfWeekLocaleTest</className>
          <testName>isSundayAndNextRunIsTuesday[98]</testName>
          <skipped>false</skipped>
          <failedSince>0</failedSince>
        </case>
        <case>
          <duration>0.0</duration>
          <className>hudson.scheduler.CronTabDayOfWeekLocaleTest</className>
          <testName>isSundayAndPreviousRunIsTuesday[98]</testName>
          <skipped>false</skipped>
          <failedSince>0</failedSince>
        </case>
        <case>
          <duration>0.001</duration>
          <className>hudson.scheduler.CronTabDayOfWeekLocaleTest</className>
          <testName>isSundayAndNextRunIsWednesday[98]</testName>
          <skipped>false</skipped>
          <failedSince>0</failedSince>
        </case>
        <case>
          <duration>0.0</duration>
          <className>hudson.scheduler.CronTabDayOfWeekLocaleTest</className>
          <testName>isSundayAndPreviousRunIsWednesday[98]</testName>
          <skipped>false</skipped>
          <failedSince>0</failedSince>
        </case>
        <case>
          <duration>0.0</duration>
          <className>hudson.scheduler.CronTabDayOfWeekLocaleTest</className>
          <testName>isSundayAndNextRunIsThursday[98]</testName>
          <skipped>false</skipped>
          <failedSince>0</failedSince>
        </case>
        <case>
          <duration>0.0</duration>
          <className>hudson.scheduler.CronTabDayOfWeekLocaleTest</className>
          <testName>isSundayAndPreviousRunIsThursday[98]</testName>
          <skipped>false</skipped>
          <failedSince>0</failedSince>
        </case>
        <case>
          <duration>0.001</duration>
          <className>hudson.scheduler.CronTabDayOfWeekLocaleTest</className>
          <testName>isSundayAndNextRunIsFriday[98]</testName>
          <skipped>false</skipped>
          <failedSince>0</failedSince>
        </case>
        <case>
          <duration>0.0</duration>
          <className>hudson.scheduler.CronTabDayOfWeekLocaleTest</className>
          <testName>isSundayAndPreviousRunIsFriday[98]</testName>
          <skipped>false</skipped>
          <failedSince>0</failedSince>
        </case>
        <case>
          <duration>0.0</duration>
          <className>hudson.scheduler.CronTabDayOfWeekLocaleTest</className>
          <testName>isSundayAndNextRunIsSaturday[98]</testName>
          <skipped>false</skipped>
          <failedSince>0</failedSince>
        </case>
        <case>
          <duration>0.0</duration>
          <className>hudson.scheduler.CronTabDayOfWeekLocaleTest</className>
          <testName>isSundayAndPreviousRunIsSaturday[98]</testName>
          <skipped>false</skipped>
          <failedSince>0</failedSince>
        </case>
        <case>
          <duration>0.001</duration>
          <className>hudson.scheduler.CronTabDayOfWeekLocaleTest</className>
          <testName>isSundayAndNextRunIsNextSunday[98]</testName>
          <skipped>false</skipped>
          <failedSince>0</failedSince>
        </case>
        <case>
          <duration>0.0</duration>
          <className>hudson.scheduler.CronTabDayOfWeekLocaleTest</className>
          <testName>isSundayAndPreviousRunIsPreviousSunday[98]</testName>
          <skipped>false</skipped>
          <failedSince>0</failedSince>
        </case>
        <case>
          <duration>0.0</duration>
          <className>hudson.scheduler.CronTabDayOfWeekLocaleTest</className>
          <testName>isSundayAndNextRunIsNextSunday7[98]</testName>
          <skipped>false</skipped>
          <failedSince>0</failedSince>
        </case>
        <case>
          <duration>0.0</duration>
          <className>hudson.scheduler.CronTabDayOfWeekLocaleTest</className>
          <testName>isSundayAndPreviousRunIsPreviousSunday7[98]</testName>
          <skipped>false</skipped>
          <failedSince>0</failedSince>
        </case>
        <case>
          <duration>0.001</duration>
          <className>hudson.scheduler.CronTabDayOfWeekLocaleTest</className>
          <testName>isSaturdayAndNextRunIsSundayAsterisk[98]</testName>
          <skipped>false</skipped>
          <failedSince>0</failedSince>
        </case>
        <case>
          <duration>0.0</duration>
          <className>hudson.scheduler.CronTabDayOfWeekLocaleTest</className>
          <testName>isSundayAndPreviousRunIsSaturdayAsterisk[98]</testName>
          <skipped>false</skipped>
          <failedSince>0</failedSince>
        </case>
        <case>
          <duration>0.0</duration>
          <className>hudson.scheduler.CronTabDayOfWeekLocaleTest</className>
          <testName>hudson8658[99]</testName>
          <skipped>false</skipped>
          <failedSince>0</failedSince>
        </case>
        <case>
          <duration>0.0</duration>
          <className>hudson.scheduler.CronTabDayOfWeekLocaleTest</className>
          <testName>isSundayAndNextRunIsMonday[99]</testName>
          <skipped>false</skipped>
          <failedSince>0</failedSince>
        </case>
        <case>
          <duration>0.001</duration>
          <className>hudson.scheduler.CronTabDayOfWeekLocaleTest</className>
          <testName>isSundayAndPreviousRunIsMonday[99]</testName>
          <skipped>false</skipped>
          <failedSince>0</failedSince>
        </case>
        <case>
          <duration>0.0</duration>
          <className>hudson.scheduler.CronTabDayOfWeekLocaleTest</className>
          <testName>isSundayAndNextRunIsTuesday[99]</testName>
          <skipped>false</skipped>
          <failedSince>0</failedSince>
        </case>
        <case>
          <duration>0.0</duration>
          <className>hudson.scheduler.CronTabDayOfWeekLocaleTest</className>
          <testName>isSundayAndPreviousRunIsTuesday[99]</testName>
          <skipped>false</skipped>
          <failedSince>0</failedSince>
        </case>
        <case>
          <duration>0.0</duration>
          <className>hudson.scheduler.CronTabDayOfWeekLocaleTest</className>
          <testName>isSundayAndNextRunIsWednesday[99]</testName>
          <skipped>false</skipped>
          <failedSince>0</failedSince>
        </case>
        <case>
          <duration>0.001</duration>
          <className>hudson.scheduler.CronTabDayOfWeekLocaleTest</className>
          <testName>isSundayAndPreviousRunIsWednesday[99]</testName>
          <skipped>false</skipped>
          <failedSince>0</failedSince>
        </case>
        <case>
          <duration>0.0</duration>
          <className>hudson.scheduler.CronTabDayOfWeekLocaleTest</className>
          <testName>isSundayAndNextRunIsThursday[99]</testName>
          <skipped>false</skipped>
          <failedSince>0</failedSince>
        </case>
        <case>
          <duration>0.0</duration>
          <className>hudson.scheduler.CronTabDayOfWeekLocaleTest</className>
          <testName>isSundayAndPreviousRunIsThursday[99]</testName>
          <skipped>false</skipped>
          <failedSince>0</failedSince>
        </case>
        <case>
          <duration>0.0</duration>
          <className>hudson.scheduler.CronTabDayOfWeekLocaleTest</className>
          <testName>isSundayAndNextRunIsFriday[99]</testName>
          <skipped>false</skipped>
          <failedSince>0</failedSince>
        </case>
        <case>
          <duration>0.001</duration>
          <className>hudson.scheduler.CronTabDayOfWeekLocaleTest</className>
          <testName>isSundayAndPreviousRunIsFriday[99]</testName>
          <skipped>false</skipped>
          <failedSince>0</failedSince>
        </case>
        <case>
          <duration>0.0</duration>
          <className>hudson.scheduler.CronTabDayOfWeekLocaleTest</className>
          <testName>isSundayAndNextRunIsSaturday[99]</testName>
          <skipped>false</skipped>
          <failedSince>0</failedSince>
        </case>
        <case>
          <duration>0.0</duration>
          <className>hudson.scheduler.CronTabDayOfWeekLocaleTest</className>
          <testName>isSundayAndPreviousRunIsSaturday[99]</testName>
          <skipped>false</skipped>
          <failedSince>0</failedSince>
        </case>
        <case>
          <duration>0.0</duration>
          <className>hudson.scheduler.CronTabDayOfWeekLocaleTest</className>
          <testName>isSundayAndNextRunIsNextSunday[99]</testName>
          <skipped>false</skipped>
          <failedSince>0</failedSince>
        </case>
        <case>
          <duration>0.001</duration>
          <className>hudson.scheduler.CronTabDayOfWeekLocaleTest</className>
          <testName>isSundayAndPreviousRunIsPreviousSunday[99]</testName>
          <skipped>false</skipped>
          <failedSince>0</failedSince>
        </case>
        <case>
          <duration>0.0</duration>
          <className>hudson.scheduler.CronTabDayOfWeekLocaleTest</className>
          <testName>isSundayAndNextRunIsNextSunday7[99]</testName>
          <skipped>false</skipped>
          <failedSince>0</failedSince>
        </case>
        <case>
          <duration>0.0</duration>
          <className>hudson.scheduler.CronTabDayOfWeekLocaleTest</className>
          <testName>isSundayAndPreviousRunIsPreviousSunday7[99]</testName>
          <skipped>false</skipped>
          <failedSince>0</failedSince>
        </case>
        <case>
          <duration>0.0</duration>
          <className>hudson.scheduler.CronTabDayOfWeekLocaleTest</className>
          <testName>isSaturdayAndNextRunIsSundayAsterisk[99]</testName>
          <skipped>false</skipped>
          <failedSince>0</failedSince>
        </case>
        <case>
          <duration>0.001</duration>
          <className>hudson.scheduler.CronTabDayOfWeekLocaleTest</className>
          <testName>isSundayAndPreviousRunIsSaturdayAsterisk[99]</testName>
          <skipped>false</skipped>
          <failedSince>0</failedSince>
        </case>
        <case>
          <duration>0.0</duration>
          <className>hudson.scheduler.CronTabDayOfWeekLocaleTest</className>
          <testName>hudson8658[100]</testName>
          <skipped>false</skipped>
          <failedSince>0</failedSince>
        </case>
        <case>
          <duration>0.0</duration>
          <className>hudson.scheduler.CronTabDayOfWeekLocaleTest</className>
          <testName>isSundayAndNextRunIsMonday[100]</testName>
          <skipped>false</skipped>
          <failedSince>0</failedSince>
        </case>
        <case>
          <duration>0.0</duration>
          <className>hudson.scheduler.CronTabDayOfWeekLocaleTest</className>
          <testName>isSundayAndPreviousRunIsMonday[100]</testName>
          <skipped>false</skipped>
          <failedSince>0</failedSince>
        </case>
        <case>
          <duration>0.001</duration>
          <className>hudson.scheduler.CronTabDayOfWeekLocaleTest</className>
          <testName>isSundayAndNextRunIsTuesday[100]</testName>
          <skipped>false</skipped>
          <failedSince>0</failedSince>
        </case>
        <case>
          <duration>0.0</duration>
          <className>hudson.scheduler.CronTabDayOfWeekLocaleTest</className>
          <testName>isSundayAndPreviousRunIsTuesday[100]</testName>
          <skipped>false</skipped>
          <failedSince>0</failedSince>
        </case>
        <case>
          <duration>0.0</duration>
          <className>hudson.scheduler.CronTabDayOfWeekLocaleTest</className>
          <testName>isSundayAndNextRunIsWednesday[100]</testName>
          <skipped>false</skipped>
          <failedSince>0</failedSince>
        </case>
        <case>
          <duration>0.0</duration>
          <className>hudson.scheduler.CronTabDayOfWeekLocaleTest</className>
          <testName>isSundayAndPreviousRunIsWednesday[100]</testName>
          <skipped>false</skipped>
          <failedSince>0</failedSince>
        </case>
        <case>
          <duration>0.001</duration>
          <className>hudson.scheduler.CronTabDayOfWeekLocaleTest</className>
          <testName>isSundayAndNextRunIsThursday[100]</testName>
          <skipped>false</skipped>
          <failedSince>0</failedSince>
        </case>
        <case>
          <duration>0.0</duration>
          <className>hudson.scheduler.CronTabDayOfWeekLocaleTest</className>
          <testName>isSundayAndPreviousRunIsThursday[100]</testName>
          <skipped>false</skipped>
          <failedSince>0</failedSince>
        </case>
        <case>
          <duration>0.0</duration>
          <className>hudson.scheduler.CronTabDayOfWeekLocaleTest</className>
          <testName>isSundayAndNextRunIsFriday[100]</testName>
          <skipped>false</skipped>
          <failedSince>0</failedSince>
        </case>
        <case>
          <duration>0.0</duration>
          <className>hudson.scheduler.CronTabDayOfWeekLocaleTest</className>
          <testName>isSundayAndPreviousRunIsFriday[100]</testName>
          <skipped>false</skipped>
          <failedSince>0</failedSince>
        </case>
        <case>
          <duration>0.001</duration>
          <className>hudson.scheduler.CronTabDayOfWeekLocaleTest</className>
          <testName>isSundayAndNextRunIsSaturday[100]</testName>
          <skipped>false</skipped>
          <failedSince>0</failedSince>
        </case>
        <case>
          <duration>0.0</duration>
          <className>hudson.scheduler.CronTabDayOfWeekLocaleTest</className>
          <testName>isSundayAndPreviousRunIsSaturday[100]</testName>
          <skipped>false</skipped>
          <failedSince>0</failedSince>
        </case>
        <case>
          <duration>0.0</duration>
          <className>hudson.scheduler.CronTabDayOfWeekLocaleTest</className>
          <testName>isSundayAndNextRunIsNextSunday[100]</testName>
          <skipped>false</skipped>
          <failedSince>0</failedSince>
        </case>
        <case>
          <duration>0.0</duration>
          <className>hudson.scheduler.CronTabDayOfWeekLocaleTest</className>
          <testName>isSundayAndPreviousRunIsPreviousSunday[100]</testName>
          <skipped>false</skipped>
          <failedSince>0</failedSince>
        </case>
        <case>
          <duration>0.001</duration>
          <className>hudson.scheduler.CronTabDayOfWeekLocaleTest</className>
          <testName>isSundayAndNextRunIsNextSunday7[100]</testName>
          <skipped>false</skipped>
          <failedSince>0</failedSince>
        </case>
        <case>
          <duration>0.0</duration>
          <className>hudson.scheduler.CronTabDayOfWeekLocaleTest</className>
          <testName>isSundayAndPreviousRunIsPreviousSunday7[100]</testName>
          <skipped>false</skipped>
          <failedSince>0</failedSince>
        </case>
        <case>
          <duration>0.0</duration>
          <className>hudson.scheduler.CronTabDayOfWeekLocaleTest</className>
          <testName>isSaturdayAndNextRunIsSundayAsterisk[100]</testName>
          <skipped>false</skipped>
          <failedSince>0</failedSince>
        </case>
        <case>
          <duration>0.0</duration>
          <className>hudson.scheduler.CronTabDayOfWeekLocaleTest</className>
          <testName>isSundayAndPreviousRunIsSaturdayAsterisk[100]</testName>
          <skipped>false</skipped>
          <failedSince>0</failedSince>
        </case>
        <case>
          <duration>0.0</duration>
          <className>hudson.scheduler.CronTabDayOfWeekLocaleTest</className>
          <testName>hudson8658[101]</testName>
          <skipped>false</skipped>
          <failedSince>0</failedSince>
        </case>
        <case>
          <duration>0.0</duration>
          <className>hudson.scheduler.CronTabDayOfWeekLocaleTest</className>
          <testName>isSundayAndNextRunIsMonday[101]</testName>
          <skipped>false</skipped>
          <failedSince>0</failedSince>
        </case>
        <case>
          <duration>0.0</duration>
          <className>hudson.scheduler.CronTabDayOfWeekLocaleTest</className>
          <testName>isSundayAndPreviousRunIsMonday[101]</testName>
          <skipped>false</skipped>
          <failedSince>0</failedSince>
        </case>
        <case>
          <duration>0.0</duration>
          <className>hudson.scheduler.CronTabDayOfWeekLocaleTest</className>
          <testName>isSundayAndNextRunIsTuesday[101]</testName>
          <skipped>false</skipped>
          <failedSince>0</failedSince>
        </case>
        <case>
          <duration>0.0</duration>
          <className>hudson.scheduler.CronTabDayOfWeekLocaleTest</className>
          <testName>isSundayAndPreviousRunIsTuesday[101]</testName>
          <skipped>false</skipped>
          <failedSince>0</failedSince>
        </case>
        <case>
          <duration>0.0</duration>
          <className>hudson.scheduler.CronTabDayOfWeekLocaleTest</className>
          <testName>isSundayAndNextRunIsWednesday[101]</testName>
          <skipped>false</skipped>
          <failedSince>0</failedSince>
        </case>
        <case>
          <duration>0.0</duration>
          <className>hudson.scheduler.CronTabDayOfWeekLocaleTest</className>
          <testName>isSundayAndPreviousRunIsWednesday[101]</testName>
          <skipped>false</skipped>
          <failedSince>0</failedSince>
        </case>
        <case>
          <duration>0.0</duration>
          <className>hudson.scheduler.CronTabDayOfWeekLocaleTest</className>
          <testName>isSundayAndNextRunIsThursday[101]</testName>
          <skipped>false</skipped>
          <failedSince>0</failedSince>
        </case>
        <case>
          <duration>0.0</duration>
          <className>hudson.scheduler.CronTabDayOfWeekLocaleTest</className>
          <testName>isSundayAndPreviousRunIsThursday[101]</testName>
          <skipped>false</skipped>
          <failedSince>0</failedSince>
        </case>
        <case>
          <duration>0.0</duration>
          <className>hudson.scheduler.CronTabDayOfWeekLocaleTest</className>
          <testName>isSundayAndNextRunIsFriday[101]</testName>
          <skipped>false</skipped>
          <failedSince>0</failedSince>
        </case>
        <case>
          <duration>0.0</duration>
          <className>hudson.scheduler.CronTabDayOfWeekLocaleTest</className>
          <testName>isSundayAndPreviousRunIsFriday[101]</testName>
          <skipped>false</skipped>
          <failedSince>0</failedSince>
        </case>
        <case>
          <duration>0.0</duration>
          <className>hudson.scheduler.CronTabDayOfWeekLocaleTest</className>
          <testName>isSundayAndNextRunIsSaturday[101]</testName>
          <skipped>false</skipped>
          <failedSince>0</failedSince>
        </case>
        <case>
          <duration>0.0</duration>
          <className>hudson.scheduler.CronTabDayOfWeekLocaleTest</className>
          <testName>isSundayAndPreviousRunIsSaturday[101]</testName>
          <skipped>false</skipped>
          <failedSince>0</failedSince>
        </case>
        <case>
          <duration>0.0</duration>
          <className>hudson.scheduler.CronTabDayOfWeekLocaleTest</className>
          <testName>isSundayAndNextRunIsNextSunday[101]</testName>
          <skipped>false</skipped>
          <failedSince>0</failedSince>
        </case>
        <case>
          <duration>0.0</duration>
          <className>hudson.scheduler.CronTabDayOfWeekLocaleTest</className>
          <testName>isSundayAndPreviousRunIsPreviousSunday[101]</testName>
          <skipped>false</skipped>
          <failedSince>0</failedSince>
        </case>
        <case>
          <duration>0.0</duration>
          <className>hudson.scheduler.CronTabDayOfWeekLocaleTest</className>
          <testName>isSundayAndNextRunIsNextSunday7[101]</testName>
          <skipped>false</skipped>
          <failedSince>0</failedSince>
        </case>
        <case>
          <duration>0.0</duration>
          <className>hudson.scheduler.CronTabDayOfWeekLocaleTest</className>
          <testName>isSundayAndPreviousRunIsPreviousSunday7[101]</testName>
          <skipped>false</skipped>
          <failedSince>0</failedSince>
        </case>
        <case>
          <duration>0.0</duration>
          <className>hudson.scheduler.CronTabDayOfWeekLocaleTest</className>
          <testName>isSaturdayAndNextRunIsSundayAsterisk[101]</testName>
          <skipped>false</skipped>
          <failedSince>0</failedSince>
        </case>
        <case>
          <duration>0.0</duration>
          <className>hudson.scheduler.CronTabDayOfWeekLocaleTest</className>
          <testName>isSundayAndPreviousRunIsSaturdayAsterisk[101]</testName>
          <skipped>false</skipped>
          <failedSince>0</failedSince>
        </case>
        <case>
          <duration>0.0</duration>
          <className>hudson.scheduler.CronTabDayOfWeekLocaleTest</className>
          <testName>hudson8658[102]</testName>
          <skipped>false</skipped>
          <failedSince>0</failedSince>
        </case>
        <case>
          <duration>0.0</duration>
          <className>hudson.scheduler.CronTabDayOfWeekLocaleTest</className>
          <testName>isSundayAndNextRunIsMonday[102]</testName>
          <skipped>false</skipped>
          <failedSince>0</failedSince>
        </case>
        <case>
          <duration>0.0</duration>
          <className>hudson.scheduler.CronTabDayOfWeekLocaleTest</className>
          <testName>isSundayAndPreviousRunIsMonday[102]</testName>
          <skipped>false</skipped>
          <failedSince>0</failedSince>
        </case>
        <case>
          <duration>0.001</duration>
          <className>hudson.scheduler.CronTabDayOfWeekLocaleTest</className>
          <testName>isSundayAndNextRunIsTuesday[102]</testName>
          <skipped>false</skipped>
          <failedSince>0</failedSince>
        </case>
        <case>
          <duration>0.0</duration>
          <className>hudson.scheduler.CronTabDayOfWeekLocaleTest</className>
          <testName>isSundayAndPreviousRunIsTuesday[102]</testName>
          <skipped>false</skipped>
          <failedSince>0</failedSince>
        </case>
        <case>
          <duration>0.0</duration>
          <className>hudson.scheduler.CronTabDayOfWeekLocaleTest</className>
          <testName>isSundayAndNextRunIsWednesday[102]</testName>
          <skipped>false</skipped>
          <failedSince>0</failedSince>
        </case>
        <case>
          <duration>0.0</duration>
          <className>hudson.scheduler.CronTabDayOfWeekLocaleTest</className>
          <testName>isSundayAndPreviousRunIsWednesday[102]</testName>
          <skipped>false</skipped>
          <failedSince>0</failedSince>
        </case>
        <case>
          <duration>0.0</duration>
          <className>hudson.scheduler.CronTabDayOfWeekLocaleTest</className>
          <testName>isSundayAndNextRunIsThursday[102]</testName>
          <skipped>false</skipped>
          <failedSince>0</failedSince>
        </case>
        <case>
          <duration>0.0</duration>
          <className>hudson.scheduler.CronTabDayOfWeekLocaleTest</className>
          <testName>isSundayAndPreviousRunIsThursday[102]</testName>
          <skipped>false</skipped>
          <failedSince>0</failedSince>
        </case>
        <case>
          <duration>0.0</duration>
          <className>hudson.scheduler.CronTabDayOfWeekLocaleTest</className>
          <testName>isSundayAndNextRunIsFriday[102]</testName>
          <skipped>false</skipped>
          <failedSince>0</failedSince>
        </case>
        <case>
          <duration>0.0</duration>
          <className>hudson.scheduler.CronTabDayOfWeekLocaleTest</className>
          <testName>isSundayAndPreviousRunIsFriday[102]</testName>
          <skipped>false</skipped>
          <failedSince>0</failedSince>
        </case>
        <case>
          <duration>0.0</duration>
          <className>hudson.scheduler.CronTabDayOfWeekLocaleTest</className>
          <testName>isSundayAndNextRunIsSaturday[102]</testName>
          <skipped>false</skipped>
          <failedSince>0</failedSince>
        </case>
        <case>
          <duration>0.0</duration>
          <className>hudson.scheduler.CronTabDayOfWeekLocaleTest</className>
          <testName>isSundayAndPreviousRunIsSaturday[102]</testName>
          <skipped>false</skipped>
          <failedSince>0</failedSince>
        </case>
        <case>
          <duration>0.0</duration>
          <className>hudson.scheduler.CronTabDayOfWeekLocaleTest</className>
          <testName>isSundayAndNextRunIsNextSunday[102]</testName>
          <skipped>false</skipped>
          <failedSince>0</failedSince>
        </case>
        <case>
          <duration>0.0</duration>
          <className>hudson.scheduler.CronTabDayOfWeekLocaleTest</className>
          <testName>isSundayAndPreviousRunIsPreviousSunday[102]</testName>
          <skipped>false</skipped>
          <failedSince>0</failedSince>
        </case>
        <case>
          <duration>0.0</duration>
          <className>hudson.scheduler.CronTabDayOfWeekLocaleTest</className>
          <testName>isSundayAndNextRunIsNextSunday7[102]</testName>
          <skipped>false</skipped>
          <failedSince>0</failedSince>
        </case>
        <case>
          <duration>0.0</duration>
          <className>hudson.scheduler.CronTabDayOfWeekLocaleTest</className>
          <testName>isSundayAndPreviousRunIsPreviousSunday7[102]</testName>
          <skipped>false</skipped>
          <failedSince>0</failedSince>
        </case>
        <case>
          <duration>0.0</duration>
          <className>hudson.scheduler.CronTabDayOfWeekLocaleTest</className>
          <testName>isSaturdayAndNextRunIsSundayAsterisk[102]</testName>
          <skipped>false</skipped>
          <failedSince>0</failedSince>
        </case>
        <case>
          <duration>0.0</duration>
          <className>hudson.scheduler.CronTabDayOfWeekLocaleTest</className>
          <testName>isSundayAndPreviousRunIsSaturdayAsterisk[102]</testName>
          <skipped>false</skipped>
          <failedSince>0</failedSince>
        </case>
        <case>
          <duration>0.0</duration>
          <className>hudson.scheduler.CronTabDayOfWeekLocaleTest</className>
          <testName>hudson8658[103]</testName>
          <skipped>false</skipped>
          <failedSince>0</failedSince>
        </case>
        <case>
          <duration>0.0</duration>
          <className>hudson.scheduler.CronTabDayOfWeekLocaleTest</className>
          <testName>isSundayAndNextRunIsMonday[103]</testName>
          <skipped>false</skipped>
          <failedSince>0</failedSince>
        </case>
        <case>
          <duration>0.0</duration>
          <className>hudson.scheduler.CronTabDayOfWeekLocaleTest</className>
          <testName>isSundayAndPreviousRunIsMonday[103]</testName>
          <skipped>false</skipped>
          <failedSince>0</failedSince>
        </case>
        <case>
          <duration>0.001</duration>
          <className>hudson.scheduler.CronTabDayOfWeekLocaleTest</className>
          <testName>isSundayAndNextRunIsTuesday[103]</testName>
          <skipped>false</skipped>
          <failedSince>0</failedSince>
        </case>
        <case>
          <duration>0.0</duration>
          <className>hudson.scheduler.CronTabDayOfWeekLocaleTest</className>
          <testName>isSundayAndPreviousRunIsTuesday[103]</testName>
          <skipped>false</skipped>
          <failedSince>0</failedSince>
        </case>
        <case>
          <duration>0.0</duration>
          <className>hudson.scheduler.CronTabDayOfWeekLocaleTest</className>
          <testName>isSundayAndNextRunIsWednesday[103]</testName>
          <skipped>false</skipped>
          <failedSince>0</failedSince>
        </case>
        <case>
          <duration>0.0</duration>
          <className>hudson.scheduler.CronTabDayOfWeekLocaleTest</className>
          <testName>isSundayAndPreviousRunIsWednesday[103]</testName>
          <skipped>false</skipped>
          <failedSince>0</failedSince>
        </case>
        <case>
          <duration>0.001</duration>
          <className>hudson.scheduler.CronTabDayOfWeekLocaleTest</className>
          <testName>isSundayAndNextRunIsThursday[103]</testName>
          <skipped>false</skipped>
          <failedSince>0</failedSince>
        </case>
        <case>
          <duration>0.0</duration>
          <className>hudson.scheduler.CronTabDayOfWeekLocaleTest</className>
          <testName>isSundayAndPreviousRunIsThursday[103]</testName>
          <skipped>false</skipped>
          <failedSince>0</failedSince>
        </case>
        <case>
          <duration>0.0</duration>
          <className>hudson.scheduler.CronTabDayOfWeekLocaleTest</className>
          <testName>isSundayAndNextRunIsFriday[103]</testName>
          <skipped>false</skipped>
          <failedSince>0</failedSince>
        </case>
        <case>
          <duration>0.0</duration>
          <className>hudson.scheduler.CronTabDayOfWeekLocaleTest</className>
          <testName>isSundayAndPreviousRunIsFriday[103]</testName>
          <skipped>false</skipped>
          <failedSince>0</failedSince>
        </case>
        <case>
          <duration>0.001</duration>
          <className>hudson.scheduler.CronTabDayOfWeekLocaleTest</className>
          <testName>isSundayAndNextRunIsSaturday[103]</testName>
          <skipped>false</skipped>
          <failedSince>0</failedSince>
        </case>
        <case>
          <duration>0.0</duration>
          <className>hudson.scheduler.CronTabDayOfWeekLocaleTest</className>
          <testName>isSundayAndPreviousRunIsSaturday[103]</testName>
          <skipped>false</skipped>
          <failedSince>0</failedSince>
        </case>
        <case>
          <duration>0.0</duration>
          <className>hudson.scheduler.CronTabDayOfWeekLocaleTest</className>
          <testName>isSundayAndNextRunIsNextSunday[103]</testName>
          <skipped>false</skipped>
          <failedSince>0</failedSince>
        </case>
        <case>
          <duration>0.01</duration>
          <className>hudson.scheduler.CronTabDayOfWeekLocaleTest</className>
          <testName>isSundayAndPreviousRunIsPreviousSunday[103]</testName>
          <skipped>false</skipped>
          <failedSince>0</failedSince>
        </case>
        <case>
          <duration>0.0</duration>
          <className>hudson.scheduler.CronTabDayOfWeekLocaleTest</className>
          <testName>isSundayAndNextRunIsNextSunday7[103]</testName>
          <skipped>false</skipped>
          <failedSince>0</failedSince>
        </case>
        <case>
          <duration>0.0</duration>
          <className>hudson.scheduler.CronTabDayOfWeekLocaleTest</className>
          <testName>isSundayAndPreviousRunIsPreviousSunday7[103]</testName>
          <skipped>false</skipped>
          <failedSince>0</failedSince>
        </case>
        <case>
          <duration>0.0</duration>
          <className>hudson.scheduler.CronTabDayOfWeekLocaleTest</className>
          <testName>isSaturdayAndNextRunIsSundayAsterisk[103]</testName>
          <skipped>false</skipped>
          <failedSince>0</failedSince>
        </case>
        <case>
          <duration>0.0</duration>
          <className>hudson.scheduler.CronTabDayOfWeekLocaleTest</className>
          <testName>isSundayAndPreviousRunIsSaturdayAsterisk[103]</testName>
          <skipped>false</skipped>
          <failedSince>0</failedSince>
        </case>
        <case>
          <duration>0.0</duration>
          <className>hudson.scheduler.CronTabDayOfWeekLocaleTest</className>
          <testName>hudson8658[104]</testName>
          <skipped>false</skipped>
          <failedSince>0</failedSince>
        </case>
        <case>
          <duration>0.0</duration>
          <className>hudson.scheduler.CronTabDayOfWeekLocaleTest</className>
          <testName>isSundayAndNextRunIsMonday[104]</testName>
          <skipped>false</skipped>
          <failedSince>0</failedSince>
        </case>
        <case>
          <duration>0.0</duration>
          <className>hudson.scheduler.CronTabDayOfWeekLocaleTest</className>
          <testName>isSundayAndPreviousRunIsMonday[104]</testName>
          <skipped>false</skipped>
          <failedSince>0</failedSince>
        </case>
        <case>
          <duration>0.0</duration>
          <className>hudson.scheduler.CronTabDayOfWeekLocaleTest</className>
          <testName>isSundayAndNextRunIsTuesday[104]</testName>
          <skipped>false</skipped>
          <failedSince>0</failedSince>
        </case>
        <case>
          <duration>0.0</duration>
          <className>hudson.scheduler.CronTabDayOfWeekLocaleTest</className>
          <testName>isSundayAndPreviousRunIsTuesday[104]</testName>
          <skipped>false</skipped>
          <failedSince>0</failedSince>
        </case>
        <case>
          <duration>0.0</duration>
          <className>hudson.scheduler.CronTabDayOfWeekLocaleTest</className>
          <testName>isSundayAndNextRunIsWednesday[104]</testName>
          <skipped>false</skipped>
          <failedSince>0</failedSince>
        </case>
        <case>
          <duration>0.0</duration>
          <className>hudson.scheduler.CronTabDayOfWeekLocaleTest</className>
          <testName>isSundayAndPreviousRunIsWednesday[104]</testName>
          <skipped>false</skipped>
          <failedSince>0</failedSince>
        </case>
        <case>
          <duration>0.0</duration>
          <className>hudson.scheduler.CronTabDayOfWeekLocaleTest</className>
          <testName>isSundayAndNextRunIsThursday[104]</testName>
          <skipped>false</skipped>
          <failedSince>0</failedSince>
        </case>
        <case>
          <duration>0.0</duration>
          <className>hudson.scheduler.CronTabDayOfWeekLocaleTest</className>
          <testName>isSundayAndPreviousRunIsThursday[104]</testName>
          <skipped>false</skipped>
          <failedSince>0</failedSince>
        </case>
        <case>
          <duration>0.0</duration>
          <className>hudson.scheduler.CronTabDayOfWeekLocaleTest</className>
          <testName>isSundayAndNextRunIsFriday[104]</testName>
          <skipped>false</skipped>
          <failedSince>0</failedSince>
        </case>
        <case>
          <duration>0.0</duration>
          <className>hudson.scheduler.CronTabDayOfWeekLocaleTest</className>
          <testName>isSundayAndPreviousRunIsFriday[104]</testName>
          <skipped>false</skipped>
          <failedSince>0</failedSince>
        </case>
        <case>
          <duration>0.0</duration>
          <className>hudson.scheduler.CronTabDayOfWeekLocaleTest</className>
          <testName>isSundayAndNextRunIsSaturday[104]</testName>
          <skipped>false</skipped>
          <failedSince>0</failedSince>
        </case>
        <case>
          <duration>0.0</duration>
          <className>hudson.scheduler.CronTabDayOfWeekLocaleTest</className>
          <testName>isSundayAndPreviousRunIsSaturday[104]</testName>
          <skipped>false</skipped>
          <failedSince>0</failedSince>
        </case>
        <case>
          <duration>0.0</duration>
          <className>hudson.scheduler.CronTabDayOfWeekLocaleTest</className>
          <testName>isSundayAndNextRunIsNextSunday[104]</testName>
          <skipped>false</skipped>
          <failedSince>0</failedSince>
        </case>
        <case>
          <duration>0.0</duration>
          <className>hudson.scheduler.CronTabDayOfWeekLocaleTest</className>
          <testName>isSundayAndPreviousRunIsPreviousSunday[104]</testName>
          <skipped>false</skipped>
          <failedSince>0</failedSince>
        </case>
        <case>
          <duration>0.0</duration>
          <className>hudson.scheduler.CronTabDayOfWeekLocaleTest</className>
          <testName>isSundayAndNextRunIsNextSunday7[104]</testName>
          <skipped>false</skipped>
          <failedSince>0</failedSince>
        </case>
        <case>
          <duration>0.0</duration>
          <className>hudson.scheduler.CronTabDayOfWeekLocaleTest</className>
          <testName>isSundayAndPreviousRunIsPreviousSunday7[104]</testName>
          <skipped>false</skipped>
          <failedSince>0</failedSince>
        </case>
        <case>
          <duration>0.0</duration>
          <className>hudson.scheduler.CronTabDayOfWeekLocaleTest</className>
          <testName>isSaturdayAndNextRunIsSundayAsterisk[104]</testName>
          <skipped>false</skipped>
          <failedSince>0</failedSince>
        </case>
        <case>
          <duration>0.001</duration>
          <className>hudson.scheduler.CronTabDayOfWeekLocaleTest</className>
          <testName>isSundayAndPreviousRunIsSaturdayAsterisk[104]</testName>
          <skipped>false</skipped>
          <failedSince>0</failedSince>
        </case>
        <case>
          <duration>0.0</duration>
          <className>hudson.scheduler.CronTabDayOfWeekLocaleTest</className>
          <testName>hudson8658[105]</testName>
          <skipped>false</skipped>
          <failedSince>0</failedSince>
        </case>
        <case>
          <duration>0.0</duration>
          <className>hudson.scheduler.CronTabDayOfWeekLocaleTest</className>
          <testName>isSundayAndNextRunIsMonday[105]</testName>
          <skipped>false</skipped>
          <failedSince>0</failedSince>
        </case>
        <case>
          <duration>0.0</duration>
          <className>hudson.scheduler.CronTabDayOfWeekLocaleTest</className>
          <testName>isSundayAndPreviousRunIsMonday[105]</testName>
          <skipped>false</skipped>
          <failedSince>0</failedSince>
        </case>
        <case>
          <duration>0.0</duration>
          <className>hudson.scheduler.CronTabDayOfWeekLocaleTest</className>
          <testName>isSundayAndNextRunIsTuesday[105]</testName>
          <skipped>false</skipped>
          <failedSince>0</failedSince>
        </case>
        <case>
          <duration>0.0</duration>
          <className>hudson.scheduler.CronTabDayOfWeekLocaleTest</className>
          <testName>isSundayAndPreviousRunIsTuesday[105]</testName>
          <skipped>false</skipped>
          <failedSince>0</failedSince>
        </case>
        <case>
          <duration>0.0</duration>
          <className>hudson.scheduler.CronTabDayOfWeekLocaleTest</className>
          <testName>isSundayAndNextRunIsWednesday[105]</testName>
          <skipped>false</skipped>
          <failedSince>0</failedSince>
        </case>
        <case>
          <duration>0.0</duration>
          <className>hudson.scheduler.CronTabDayOfWeekLocaleTest</className>
          <testName>isSundayAndPreviousRunIsWednesday[105]</testName>
          <skipped>false</skipped>
          <failedSince>0</failedSince>
        </case>
        <case>
          <duration>0.0</duration>
          <className>hudson.scheduler.CronTabDayOfWeekLocaleTest</className>
          <testName>isSundayAndNextRunIsThursday[105]</testName>
          <skipped>false</skipped>
          <failedSince>0</failedSince>
        </case>
        <case>
          <duration>0.0</duration>
          <className>hudson.scheduler.CronTabDayOfWeekLocaleTest</className>
          <testName>isSundayAndPreviousRunIsThursday[105]</testName>
          <skipped>false</skipped>
          <failedSince>0</failedSince>
        </case>
        <case>
          <duration>0.0</duration>
          <className>hudson.scheduler.CronTabDayOfWeekLocaleTest</className>
          <testName>isSundayAndNextRunIsFriday[105]</testName>
          <skipped>false</skipped>
          <failedSince>0</failedSince>
        </case>
        <case>
          <duration>0.0</duration>
          <className>hudson.scheduler.CronTabDayOfWeekLocaleTest</className>
          <testName>isSundayAndPreviousRunIsFriday[105]</testName>
          <skipped>false</skipped>
          <failedSince>0</failedSince>
        </case>
        <case>
          <duration>0.0</duration>
          <className>hudson.scheduler.CronTabDayOfWeekLocaleTest</className>
          <testName>isSundayAndNextRunIsSaturday[105]</testName>
          <skipped>false</skipped>
          <failedSince>0</failedSince>
        </case>
        <case>
          <duration>0.0</duration>
          <className>hudson.scheduler.CronTabDayOfWeekLocaleTest</className>
          <testName>isSundayAndPreviousRunIsSaturday[105]</testName>
          <skipped>false</skipped>
          <failedSince>0</failedSince>
        </case>
        <case>
          <duration>0.0</duration>
          <className>hudson.scheduler.CronTabDayOfWeekLocaleTest</className>
          <testName>isSundayAndNextRunIsNextSunday[105]</testName>
          <skipped>false</skipped>
          <failedSince>0</failedSince>
        </case>
        <case>
          <duration>0.0</duration>
          <className>hudson.scheduler.CronTabDayOfWeekLocaleTest</className>
          <testName>isSundayAndPreviousRunIsPreviousSunday[105]</testName>
          <skipped>false</skipped>
          <failedSince>0</failedSince>
        </case>
        <case>
          <duration>0.0</duration>
          <className>hudson.scheduler.CronTabDayOfWeekLocaleTest</className>
          <testName>isSundayAndNextRunIsNextSunday7[105]</testName>
          <skipped>false</skipped>
          <failedSince>0</failedSince>
        </case>
        <case>
          <duration>0.0</duration>
          <className>hudson.scheduler.CronTabDayOfWeekLocaleTest</className>
          <testName>isSundayAndPreviousRunIsPreviousSunday7[105]</testName>
          <skipped>false</skipped>
          <failedSince>0</failedSince>
        </case>
        <case>
          <duration>0.0</duration>
          <className>hudson.scheduler.CronTabDayOfWeekLocaleTest</className>
          <testName>isSaturdayAndNextRunIsSundayAsterisk[105]</testName>
          <skipped>false</skipped>
          <failedSince>0</failedSince>
        </case>
        <case>
          <duration>0.0</duration>
          <className>hudson.scheduler.CronTabDayOfWeekLocaleTest</className>
          <testName>isSundayAndPreviousRunIsSaturdayAsterisk[105]</testName>
          <skipped>false</skipped>
          <failedSince>0</failedSince>
        </case>
        <case>
          <duration>0.0</duration>
          <className>hudson.scheduler.CronTabDayOfWeekLocaleTest</className>
          <testName>hudson8658[106]</testName>
          <skipped>false</skipped>
          <failedSince>0</failedSince>
        </case>
        <case>
          <duration>0.0</duration>
          <className>hudson.scheduler.CronTabDayOfWeekLocaleTest</className>
          <testName>isSundayAndNextRunIsMonday[106]</testName>
          <skipped>false</skipped>
          <failedSince>0</failedSince>
        </case>
        <case>
          <duration>0.0</duration>
          <className>hudson.scheduler.CronTabDayOfWeekLocaleTest</className>
          <testName>isSundayAndPreviousRunIsMonday[106]</testName>
          <skipped>false</skipped>
          <failedSince>0</failedSince>
        </case>
        <case>
          <duration>0.001</duration>
          <className>hudson.scheduler.CronTabDayOfWeekLocaleTest</className>
          <testName>isSundayAndNextRunIsTuesday[106]</testName>
          <skipped>false</skipped>
          <failedSince>0</failedSince>
        </case>
        <case>
          <duration>0.0</duration>
          <className>hudson.scheduler.CronTabDayOfWeekLocaleTest</className>
          <testName>isSundayAndPreviousRunIsTuesday[106]</testName>
          <skipped>false</skipped>
          <failedSince>0</failedSince>
        </case>
        <case>
          <duration>0.0</duration>
          <className>hudson.scheduler.CronTabDayOfWeekLocaleTest</className>
          <testName>isSundayAndNextRunIsWednesday[106]</testName>
          <skipped>false</skipped>
          <failedSince>0</failedSince>
        </case>
        <case>
          <duration>0.0</duration>
          <className>hudson.scheduler.CronTabDayOfWeekLocaleTest</className>
          <testName>isSundayAndPreviousRunIsWednesday[106]</testName>
          <skipped>false</skipped>
          <failedSince>0</failedSince>
        </case>
        <case>
          <duration>0.001</duration>
          <className>hudson.scheduler.CronTabDayOfWeekLocaleTest</className>
          <testName>isSundayAndNextRunIsThursday[106]</testName>
          <skipped>false</skipped>
          <failedSince>0</failedSince>
        </case>
        <case>
          <duration>0.0</duration>
          <className>hudson.scheduler.CronTabDayOfWeekLocaleTest</className>
          <testName>isSundayAndPreviousRunIsThursday[106]</testName>
          <skipped>false</skipped>
          <failedSince>0</failedSince>
        </case>
        <case>
          <duration>0.0</duration>
          <className>hudson.scheduler.CronTabDayOfWeekLocaleTest</className>
          <testName>isSundayAndNextRunIsFriday[106]</testName>
          <skipped>false</skipped>
          <failedSince>0</failedSince>
        </case>
        <case>
          <duration>0.0</duration>
          <className>hudson.scheduler.CronTabDayOfWeekLocaleTest</className>
          <testName>isSundayAndPreviousRunIsFriday[106]</testName>
          <skipped>false</skipped>
          <failedSince>0</failedSince>
        </case>
        <case>
          <duration>0.001</duration>
          <className>hudson.scheduler.CronTabDayOfWeekLocaleTest</className>
          <testName>isSundayAndNextRunIsSaturday[106]</testName>
          <skipped>false</skipped>
          <failedSince>0</failedSince>
        </case>
        <case>
          <duration>0.0</duration>
          <className>hudson.scheduler.CronTabDayOfWeekLocaleTest</className>
          <testName>isSundayAndPreviousRunIsSaturday[106]</testName>
          <skipped>false</skipped>
          <failedSince>0</failedSince>
        </case>
        <case>
          <duration>0.0</duration>
          <className>hudson.scheduler.CronTabDayOfWeekLocaleTest</className>
          <testName>isSundayAndNextRunIsNextSunday[106]</testName>
          <skipped>false</skipped>
          <failedSince>0</failedSince>
        </case>
        <case>
          <duration>0.0</duration>
          <className>hudson.scheduler.CronTabDayOfWeekLocaleTest</className>
          <testName>isSundayAndPreviousRunIsPreviousSunday[106]</testName>
          <skipped>false</skipped>
          <failedSince>0</failedSince>
        </case>
        <case>
          <duration>0.0</duration>
          <className>hudson.scheduler.CronTabDayOfWeekLocaleTest</className>
          <testName>isSundayAndNextRunIsNextSunday7[106]</testName>
          <skipped>false</skipped>
          <failedSince>0</failedSince>
        </case>
        <case>
          <duration>0.0</duration>
          <className>hudson.scheduler.CronTabDayOfWeekLocaleTest</className>
          <testName>isSundayAndPreviousRunIsPreviousSunday7[106]</testName>
          <skipped>false</skipped>
          <failedSince>0</failedSince>
        </case>
        <case>
          <duration>0.0</duration>
          <className>hudson.scheduler.CronTabDayOfWeekLocaleTest</className>
          <testName>isSaturdayAndNextRunIsSundayAsterisk[106]</testName>
          <skipped>false</skipped>
          <failedSince>0</failedSince>
        </case>
        <case>
          <duration>0.0</duration>
          <className>hudson.scheduler.CronTabDayOfWeekLocaleTest</className>
          <testName>isSundayAndPreviousRunIsSaturdayAsterisk[106]</testName>
          <skipped>false</skipped>
          <failedSince>0</failedSince>
        </case>
        <case>
          <duration>0.001</duration>
          <className>hudson.scheduler.CronTabDayOfWeekLocaleTest</className>
          <testName>hudson8658[107]</testName>
          <skipped>false</skipped>
          <failedSince>0</failedSince>
        </case>
        <case>
          <duration>0.0</duration>
          <className>hudson.scheduler.CronTabDayOfWeekLocaleTest</className>
          <testName>isSundayAndNextRunIsMonday[107]</testName>
          <skipped>false</skipped>
          <failedSince>0</failedSince>
        </case>
        <case>
          <duration>0.0</duration>
          <className>hudson.scheduler.CronTabDayOfWeekLocaleTest</className>
          <testName>isSundayAndPreviousRunIsMonday[107]</testName>
          <skipped>false</skipped>
          <failedSince>0</failedSince>
        </case>
        <case>
          <duration>0.0</duration>
          <className>hudson.scheduler.CronTabDayOfWeekLocaleTest</className>
          <testName>isSundayAndNextRunIsTuesday[107]</testName>
          <skipped>false</skipped>
          <failedSince>0</failedSince>
        </case>
        <case>
          <duration>0.0</duration>
          <className>hudson.scheduler.CronTabDayOfWeekLocaleTest</className>
          <testName>isSundayAndPreviousRunIsTuesday[107]</testName>
          <skipped>false</skipped>
          <failedSince>0</failedSince>
        </case>
        <case>
          <duration>0.0</duration>
          <className>hudson.scheduler.CronTabDayOfWeekLocaleTest</className>
          <testName>isSundayAndNextRunIsWednesday[107]</testName>
          <skipped>false</skipped>
          <failedSince>0</failedSince>
        </case>
        <case>
          <duration>0.0</duration>
          <className>hudson.scheduler.CronTabDayOfWeekLocaleTest</className>
          <testName>isSundayAndPreviousRunIsWednesday[107]</testName>
          <skipped>false</skipped>
          <failedSince>0</failedSince>
        </case>
        <case>
          <duration>0.0</duration>
          <className>hudson.scheduler.CronTabDayOfWeekLocaleTest</className>
          <testName>isSundayAndNextRunIsThursday[107]</testName>
          <skipped>false</skipped>
          <failedSince>0</failedSince>
        </case>
        <case>
          <duration>0.0</duration>
          <className>hudson.scheduler.CronTabDayOfWeekLocaleTest</className>
          <testName>isSundayAndPreviousRunIsThursday[107]</testName>
          <skipped>false</skipped>
          <failedSince>0</failedSince>
        </case>
        <case>
          <duration>0.001</duration>
          <className>hudson.scheduler.CronTabDayOfWeekLocaleTest</className>
          <testName>isSundayAndNextRunIsFriday[107]</testName>
          <skipped>false</skipped>
          <failedSince>0</failedSince>
        </case>
        <case>
          <duration>0.0</duration>
          <className>hudson.scheduler.CronTabDayOfWeekLocaleTest</className>
          <testName>isSundayAndPreviousRunIsFriday[107]</testName>
          <skipped>false</skipped>
          <failedSince>0</failedSince>
        </case>
        <case>
          <duration>0.0</duration>
          <className>hudson.scheduler.CronTabDayOfWeekLocaleTest</className>
          <testName>isSundayAndNextRunIsSaturday[107]</testName>
          <skipped>false</skipped>
          <failedSince>0</failedSince>
        </case>
        <case>
          <duration>0.0</duration>
          <className>hudson.scheduler.CronTabDayOfWeekLocaleTest</className>
          <testName>isSundayAndPreviousRunIsSaturday[107]</testName>
          <skipped>false</skipped>
          <failedSince>0</failedSince>
        </case>
        <case>
          <duration>0.001</duration>
          <className>hudson.scheduler.CronTabDayOfWeekLocaleTest</className>
          <testName>isSundayAndNextRunIsNextSunday[107]</testName>
          <skipped>false</skipped>
          <failedSince>0</failedSince>
        </case>
        <case>
          <duration>0.0</duration>
          <className>hudson.scheduler.CronTabDayOfWeekLocaleTest</className>
          <testName>isSundayAndPreviousRunIsPreviousSunday[107]</testName>
          <skipped>false</skipped>
          <failedSince>0</failedSince>
        </case>
        <case>
          <duration>0.0</duration>
          <className>hudson.scheduler.CronTabDayOfWeekLocaleTest</className>
          <testName>isSundayAndNextRunIsNextSunday7[107]</testName>
          <skipped>false</skipped>
          <failedSince>0</failedSince>
        </case>
        <case>
          <duration>0.0</duration>
          <className>hudson.scheduler.CronTabDayOfWeekLocaleTest</className>
          <testName>isSundayAndPreviousRunIsPreviousSunday7[107]</testName>
          <skipped>false</skipped>
          <failedSince>0</failedSince>
        </case>
        <case>
          <duration>0.001</duration>
          <className>hudson.scheduler.CronTabDayOfWeekLocaleTest</className>
          <testName>isSaturdayAndNextRunIsSundayAsterisk[107]</testName>
          <skipped>false</skipped>
          <failedSince>0</failedSince>
        </case>
        <case>
          <duration>0.0</duration>
          <className>hudson.scheduler.CronTabDayOfWeekLocaleTest</className>
          <testName>isSundayAndPreviousRunIsSaturdayAsterisk[107]</testName>
          <skipped>false</skipped>
          <failedSince>0</failedSince>
        </case>
        <case>
          <duration>0.0</duration>
          <className>hudson.scheduler.CronTabDayOfWeekLocaleTest</className>
          <testName>hudson8658[108]</testName>
          <skipped>false</skipped>
          <failedSince>0</failedSince>
        </case>
        <case>
          <duration>0.0</duration>
          <className>hudson.scheduler.CronTabDayOfWeekLocaleTest</className>
          <testName>isSundayAndNextRunIsMonday[108]</testName>
          <skipped>false</skipped>
          <failedSince>0</failedSince>
        </case>
        <case>
          <duration>0.001</duration>
          <className>hudson.scheduler.CronTabDayOfWeekLocaleTest</className>
          <testName>isSundayAndPreviousRunIsMonday[108]</testName>
          <skipped>false</skipped>
          <failedSince>0</failedSince>
        </case>
        <case>
          <duration>0.0</duration>
          <className>hudson.scheduler.CronTabDayOfWeekLocaleTest</className>
          <testName>isSundayAndNextRunIsTuesday[108]</testName>
          <skipped>false</skipped>
          <failedSince>0</failedSince>
        </case>
        <case>
          <duration>0.0</duration>
          <className>hudson.scheduler.CronTabDayOfWeekLocaleTest</className>
          <testName>isSundayAndPreviousRunIsTuesday[108]</testName>
          <skipped>false</skipped>
          <failedSince>0</failedSince>
        </case>
        <case>
          <duration>0.0</duration>
          <className>hudson.scheduler.CronTabDayOfWeekLocaleTest</className>
          <testName>isSundayAndNextRunIsWednesday[108]</testName>
          <skipped>false</skipped>
          <failedSince>0</failedSince>
        </case>
        <case>
          <duration>0.001</duration>
          <className>hudson.scheduler.CronTabDayOfWeekLocaleTest</className>
          <testName>isSundayAndPreviousRunIsWednesday[108]</testName>
          <skipped>false</skipped>
          <failedSince>0</failedSince>
        </case>
        <case>
          <duration>0.0</duration>
          <className>hudson.scheduler.CronTabDayOfWeekLocaleTest</className>
          <testName>isSundayAndNextRunIsThursday[108]</testName>
          <skipped>false</skipped>
          <failedSince>0</failedSince>
        </case>
        <case>
          <duration>0.0</duration>
          <className>hudson.scheduler.CronTabDayOfWeekLocaleTest</className>
          <testName>isSundayAndPreviousRunIsThursday[108]</testName>
          <skipped>false</skipped>
          <failedSince>0</failedSince>
        </case>
        <case>
          <duration>0.0</duration>
          <className>hudson.scheduler.CronTabDayOfWeekLocaleTest</className>
          <testName>isSundayAndNextRunIsFriday[108]</testName>
          <skipped>false</skipped>
          <failedSince>0</failedSince>
        </case>
        <case>
          <duration>0.001</duration>
          <className>hudson.scheduler.CronTabDayOfWeekLocaleTest</className>
          <testName>isSundayAndPreviousRunIsFriday[108]</testName>
          <skipped>false</skipped>
          <failedSince>0</failedSince>
        </case>
        <case>
          <duration>0.0</duration>
          <className>hudson.scheduler.CronTabDayOfWeekLocaleTest</className>
          <testName>isSundayAndNextRunIsSaturday[108]</testName>
          <skipped>false</skipped>
          <failedSince>0</failedSince>
        </case>
        <case>
          <duration>0.0</duration>
          <className>hudson.scheduler.CronTabDayOfWeekLocaleTest</className>
          <testName>isSundayAndPreviousRunIsSaturday[108]</testName>
          <skipped>false</skipped>
          <failedSince>0</failedSince>
        </case>
        <case>
          <duration>0.0</duration>
          <className>hudson.scheduler.CronTabDayOfWeekLocaleTest</className>
          <testName>isSundayAndNextRunIsNextSunday[108]</testName>
          <skipped>false</skipped>
          <failedSince>0</failedSince>
        </case>
        <case>
          <duration>0.0</duration>
          <className>hudson.scheduler.CronTabDayOfWeekLocaleTest</className>
          <testName>isSundayAndPreviousRunIsPreviousSunday[108]</testName>
          <skipped>false</skipped>
          <failedSince>0</failedSince>
        </case>
        <case>
          <duration>0.0</duration>
          <className>hudson.scheduler.CronTabDayOfWeekLocaleTest</className>
          <testName>isSundayAndNextRunIsNextSunday7[108]</testName>
          <skipped>false</skipped>
          <failedSince>0</failedSince>
        </case>
        <case>
          <duration>0.0</duration>
          <className>hudson.scheduler.CronTabDayOfWeekLocaleTest</className>
          <testName>isSundayAndPreviousRunIsPreviousSunday7[108]</testName>
          <skipped>false</skipped>
          <failedSince>0</failedSince>
        </case>
        <case>
          <duration>0.0</duration>
          <className>hudson.scheduler.CronTabDayOfWeekLocaleTest</className>
          <testName>isSaturdayAndNextRunIsSundayAsterisk[108]</testName>
          <skipped>false</skipped>
          <failedSince>0</failedSince>
        </case>
        <case>
          <duration>0.0</duration>
          <className>hudson.scheduler.CronTabDayOfWeekLocaleTest</className>
          <testName>isSundayAndPreviousRunIsSaturdayAsterisk[108]</testName>
          <skipped>false</skipped>
          <failedSince>0</failedSince>
        </case>
        <case>
          <duration>0.0</duration>
          <className>hudson.scheduler.CronTabDayOfWeekLocaleTest</className>
          <testName>hudson8658[109]</testName>
          <skipped>false</skipped>
          <failedSince>0</failedSince>
        </case>
        <case>
          <duration>0.0</duration>
          <className>hudson.scheduler.CronTabDayOfWeekLocaleTest</className>
          <testName>isSundayAndNextRunIsMonday[109]</testName>
          <skipped>false</skipped>
          <failedSince>0</failedSince>
        </case>
        <case>
          <duration>0.0</duration>
          <className>hudson.scheduler.CronTabDayOfWeekLocaleTest</className>
          <testName>isSundayAndPreviousRunIsMonday[109]</testName>
          <skipped>false</skipped>
          <failedSince>0</failedSince>
        </case>
        <case>
          <duration>0.0</duration>
          <className>hudson.scheduler.CronTabDayOfWeekLocaleTest</className>
          <testName>isSundayAndNextRunIsTuesday[109]</testName>
          <skipped>false</skipped>
          <failedSince>0</failedSince>
        </case>
        <case>
          <duration>0.0</duration>
          <className>hudson.scheduler.CronTabDayOfWeekLocaleTest</className>
          <testName>isSundayAndPreviousRunIsTuesday[109]</testName>
          <skipped>false</skipped>
          <failedSince>0</failedSince>
        </case>
        <case>
          <duration>0.0</duration>
          <className>hudson.scheduler.CronTabDayOfWeekLocaleTest</className>
          <testName>isSundayAndNextRunIsWednesday[109]</testName>
          <skipped>false</skipped>
          <failedSince>0</failedSince>
        </case>
        <case>
          <duration>0.0</duration>
          <className>hudson.scheduler.CronTabDayOfWeekLocaleTest</className>
          <testName>isSundayAndPreviousRunIsWednesday[109]</testName>
          <skipped>false</skipped>
          <failedSince>0</failedSince>
        </case>
        <case>
          <duration>0.0</duration>
          <className>hudson.scheduler.CronTabDayOfWeekLocaleTest</className>
          <testName>isSundayAndNextRunIsThursday[109]</testName>
          <skipped>false</skipped>
          <failedSince>0</failedSince>
        </case>
        <case>
          <duration>0.0</duration>
          <className>hudson.scheduler.CronTabDayOfWeekLocaleTest</className>
          <testName>isSundayAndPreviousRunIsThursday[109]</testName>
          <skipped>false</skipped>
          <failedSince>0</failedSince>
        </case>
        <case>
          <duration>0.0</duration>
          <className>hudson.scheduler.CronTabDayOfWeekLocaleTest</className>
          <testName>isSundayAndNextRunIsFriday[109]</testName>
          <skipped>false</skipped>
          <failedSince>0</failedSince>
        </case>
        <case>
          <duration>0.0</duration>
          <className>hudson.scheduler.CronTabDayOfWeekLocaleTest</className>
          <testName>isSundayAndPreviousRunIsFriday[109]</testName>
          <skipped>false</skipped>
          <failedSince>0</failedSince>
        </case>
        <case>
          <duration>0.0</duration>
          <className>hudson.scheduler.CronTabDayOfWeekLocaleTest</className>
          <testName>isSundayAndNextRunIsSaturday[109]</testName>
          <skipped>false</skipped>
          <failedSince>0</failedSince>
        </case>
        <case>
          <duration>0.001</duration>
          <className>hudson.scheduler.CronTabDayOfWeekLocaleTest</className>
          <testName>isSundayAndPreviousRunIsSaturday[109]</testName>
          <skipped>false</skipped>
          <failedSince>0</failedSince>
        </case>
        <case>
          <duration>0.0</duration>
          <className>hudson.scheduler.CronTabDayOfWeekLocaleTest</className>
          <testName>isSundayAndNextRunIsNextSunday[109]</testName>
          <skipped>false</skipped>
          <failedSince>0</failedSince>
        </case>
        <case>
          <duration>0.0</duration>
          <className>hudson.scheduler.CronTabDayOfWeekLocaleTest</className>
          <testName>isSundayAndPreviousRunIsPreviousSunday[109]</testName>
          <skipped>false</skipped>
          <failedSince>0</failedSince>
        </case>
        <case>
          <duration>0.0</duration>
          <className>hudson.scheduler.CronTabDayOfWeekLocaleTest</className>
          <testName>isSundayAndNextRunIsNextSunday7[109]</testName>
          <skipped>false</skipped>
          <failedSince>0</failedSince>
        </case>
        <case>
          <duration>0.001</duration>
          <className>hudson.scheduler.CronTabDayOfWeekLocaleTest</className>
          <testName>isSundayAndPreviousRunIsPreviousSunday7[109]</testName>
          <skipped>false</skipped>
          <failedSince>0</failedSince>
        </case>
        <case>
          <duration>0.0</duration>
          <className>hudson.scheduler.CronTabDayOfWeekLocaleTest</className>
          <testName>isSaturdayAndNextRunIsSundayAsterisk[109]</testName>
          <skipped>false</skipped>
          <failedSince>0</failedSince>
        </case>
        <case>
          <duration>0.0</duration>
          <className>hudson.scheduler.CronTabDayOfWeekLocaleTest</className>
          <testName>isSundayAndPreviousRunIsSaturdayAsterisk[109]</testName>
          <skipped>false</skipped>
          <failedSince>0</failedSince>
        </case>
        <case>
          <duration>0.0</duration>
          <className>hudson.scheduler.CronTabDayOfWeekLocaleTest</className>
          <testName>hudson8658[110]</testName>
          <skipped>false</skipped>
          <failedSince>0</failedSince>
        </case>
        <case>
          <duration>0.001</duration>
          <className>hudson.scheduler.CronTabDayOfWeekLocaleTest</className>
          <testName>isSundayAndNextRunIsMonday[110]</testName>
          <skipped>false</skipped>
          <failedSince>0</failedSince>
        </case>
        <case>
          <duration>0.0</duration>
          <className>hudson.scheduler.CronTabDayOfWeekLocaleTest</className>
          <testName>isSundayAndPreviousRunIsMonday[110]</testName>
          <skipped>false</skipped>
          <failedSince>0</failedSince>
        </case>
        <case>
          <duration>0.0</duration>
          <className>hudson.scheduler.CronTabDayOfWeekLocaleTest</className>
          <testName>isSundayAndNextRunIsTuesday[110]</testName>
          <skipped>false</skipped>
          <failedSince>0</failedSince>
        </case>
        <case>
          <duration>0.0</duration>
          <className>hudson.scheduler.CronTabDayOfWeekLocaleTest</className>
          <testName>isSundayAndPreviousRunIsTuesday[110]</testName>
          <skipped>false</skipped>
          <failedSince>0</failedSince>
        </case>
        <case>
          <duration>0.001</duration>
          <className>hudson.scheduler.CronTabDayOfWeekLocaleTest</className>
          <testName>isSundayAndNextRunIsWednesday[110]</testName>
          <skipped>false</skipped>
          <failedSince>0</failedSince>
        </case>
        <case>
          <duration>0.0</duration>
          <className>hudson.scheduler.CronTabDayOfWeekLocaleTest</className>
          <testName>isSundayAndPreviousRunIsWednesday[110]</testName>
          <skipped>false</skipped>
          <failedSince>0</failedSince>
        </case>
        <case>
          <duration>0.0</duration>
          <className>hudson.scheduler.CronTabDayOfWeekLocaleTest</className>
          <testName>isSundayAndNextRunIsThursday[110]</testName>
          <skipped>false</skipped>
          <failedSince>0</failedSince>
        </case>
        <case>
          <duration>0.0</duration>
          <className>hudson.scheduler.CronTabDayOfWeekLocaleTest</className>
          <testName>isSundayAndPreviousRunIsThursday[110]</testName>
          <skipped>false</skipped>
          <failedSince>0</failedSince>
        </case>
        <case>
          <duration>0.001</duration>
          <className>hudson.scheduler.CronTabDayOfWeekLocaleTest</className>
          <testName>isSundayAndNextRunIsFriday[110]</testName>
          <skipped>false</skipped>
          <failedSince>0</failedSince>
        </case>
        <case>
          <duration>0.0</duration>
          <className>hudson.scheduler.CronTabDayOfWeekLocaleTest</className>
          <testName>isSundayAndPreviousRunIsFriday[110]</testName>
          <skipped>false</skipped>
          <failedSince>0</failedSince>
        </case>
        <case>
          <duration>0.0</duration>
          <className>hudson.scheduler.CronTabDayOfWeekLocaleTest</className>
          <testName>isSundayAndNextRunIsSaturday[110]</testName>
          <skipped>false</skipped>
          <failedSince>0</failedSince>
        </case>
        <case>
          <duration>0.0</duration>
          <className>hudson.scheduler.CronTabDayOfWeekLocaleTest</className>
          <testName>isSundayAndPreviousRunIsSaturday[110]</testName>
          <skipped>false</skipped>
          <failedSince>0</failedSince>
        </case>
        <case>
          <duration>0.0</duration>
          <className>hudson.scheduler.CronTabDayOfWeekLocaleTest</className>
          <testName>isSundayAndNextRunIsNextSunday[110]</testName>
          <skipped>false</skipped>
          <failedSince>0</failedSince>
        </case>
        <case>
          <duration>0.0</duration>
          <className>hudson.scheduler.CronTabDayOfWeekLocaleTest</className>
          <testName>isSundayAndPreviousRunIsPreviousSunday[110]</testName>
          <skipped>false</skipped>
          <failedSince>0</failedSince>
        </case>
        <case>
          <duration>0.0</duration>
          <className>hudson.scheduler.CronTabDayOfWeekLocaleTest</className>
          <testName>isSundayAndNextRunIsNextSunday7[110]</testName>
          <skipped>false</skipped>
          <failedSince>0</failedSince>
        </case>
        <case>
          <duration>0.0</duration>
          <className>hudson.scheduler.CronTabDayOfWeekLocaleTest</className>
          <testName>isSundayAndPreviousRunIsPreviousSunday7[110]</testName>
          <skipped>false</skipped>
          <failedSince>0</failedSince>
        </case>
        <case>
          <duration>0.0</duration>
          <className>hudson.scheduler.CronTabDayOfWeekLocaleTest</className>
          <testName>isSaturdayAndNextRunIsSundayAsterisk[110]</testName>
          <skipped>false</skipped>
          <failedSince>0</failedSince>
        </case>
        <case>
          <duration>0.001</duration>
          <className>hudson.scheduler.CronTabDayOfWeekLocaleTest</className>
          <testName>isSundayAndPreviousRunIsSaturdayAsterisk[110]</testName>
          <skipped>false</skipped>
          <failedSince>0</failedSince>
        </case>
        <case>
          <duration>0.0</duration>
          <className>hudson.scheduler.CronTabDayOfWeekLocaleTest</className>
          <testName>hudson8658[111]</testName>
          <skipped>false</skipped>
          <failedSince>0</failedSince>
        </case>
        <case>
          <duration>0.0</duration>
          <className>hudson.scheduler.CronTabDayOfWeekLocaleTest</className>
          <testName>isSundayAndNextRunIsMonday[111]</testName>
          <skipped>false</skipped>
          <failedSince>0</failedSince>
        </case>
        <case>
          <duration>0.0</duration>
          <className>hudson.scheduler.CronTabDayOfWeekLocaleTest</className>
          <testName>isSundayAndPreviousRunIsMonday[111]</testName>
          <skipped>false</skipped>
          <failedSince>0</failedSince>
        </case>
        <case>
          <duration>0.0</duration>
          <className>hudson.scheduler.CronTabDayOfWeekLocaleTest</className>
          <testName>isSundayAndNextRunIsTuesday[111]</testName>
          <skipped>false</skipped>
          <failedSince>0</failedSince>
        </case>
        <case>
          <duration>0.0</duration>
          <className>hudson.scheduler.CronTabDayOfWeekLocaleTest</className>
          <testName>isSundayAndPreviousRunIsTuesday[111]</testName>
          <skipped>false</skipped>
          <failedSince>0</failedSince>
        </case>
        <case>
          <duration>0.0</duration>
          <className>hudson.scheduler.CronTabDayOfWeekLocaleTest</className>
          <testName>isSundayAndNextRunIsWednesday[111]</testName>
          <skipped>false</skipped>
          <failedSince>0</failedSince>
        </case>
        <case>
          <duration>0.0</duration>
          <className>hudson.scheduler.CronTabDayOfWeekLocaleTest</className>
          <testName>isSundayAndPreviousRunIsWednesday[111]</testName>
          <skipped>false</skipped>
          <failedSince>0</failedSince>
        </case>
        <case>
          <duration>0.0</duration>
          <className>hudson.scheduler.CronTabDayOfWeekLocaleTest</className>
          <testName>isSundayAndNextRunIsThursday[111]</testName>
          <skipped>false</skipped>
          <failedSince>0</failedSince>
        </case>
        <case>
          <duration>0.0</duration>
          <className>hudson.scheduler.CronTabDayOfWeekLocaleTest</className>
          <testName>isSundayAndPreviousRunIsThursday[111]</testName>
          <skipped>false</skipped>
          <failedSince>0</failedSince>
        </case>
        <case>
          <duration>0.0</duration>
          <className>hudson.scheduler.CronTabDayOfWeekLocaleTest</className>
          <testName>isSundayAndNextRunIsFriday[111]</testName>
          <skipped>false</skipped>
          <failedSince>0</failedSince>
        </case>
        <case>
          <duration>0.0</duration>
          <className>hudson.scheduler.CronTabDayOfWeekLocaleTest</className>
          <testName>isSundayAndPreviousRunIsFriday[111]</testName>
          <skipped>false</skipped>
          <failedSince>0</failedSince>
        </case>
        <case>
          <duration>0.001</duration>
          <className>hudson.scheduler.CronTabDayOfWeekLocaleTest</className>
          <testName>isSundayAndNextRunIsSaturday[111]</testName>
          <skipped>false</skipped>
          <failedSince>0</failedSince>
        </case>
        <case>
          <duration>0.0</duration>
          <className>hudson.scheduler.CronTabDayOfWeekLocaleTest</className>
          <testName>isSundayAndPreviousRunIsSaturday[111]</testName>
          <skipped>false</skipped>
          <failedSince>0</failedSince>
        </case>
        <case>
          <duration>0.007</duration>
          <className>hudson.scheduler.CronTabDayOfWeekLocaleTest</className>
          <testName>isSundayAndNextRunIsNextSunday[111]</testName>
          <skipped>false</skipped>
          <failedSince>0</failedSince>
        </case>
        <case>
          <duration>0.0</duration>
          <className>hudson.scheduler.CronTabDayOfWeekLocaleTest</className>
          <testName>isSundayAndPreviousRunIsPreviousSunday[111]</testName>
          <skipped>false</skipped>
          <failedSince>0</failedSince>
        </case>
        <case>
          <duration>0.0</duration>
          <className>hudson.scheduler.CronTabDayOfWeekLocaleTest</className>
          <testName>isSundayAndNextRunIsNextSunday7[111]</testName>
          <skipped>false</skipped>
          <failedSince>0</failedSince>
        </case>
        <case>
          <duration>0.0</duration>
          <className>hudson.scheduler.CronTabDayOfWeekLocaleTest</className>
          <testName>isSundayAndPreviousRunIsPreviousSunday7[111]</testName>
          <skipped>false</skipped>
          <failedSince>0</failedSince>
        </case>
        <case>
          <duration>0.001</duration>
          <className>hudson.scheduler.CronTabDayOfWeekLocaleTest</className>
          <testName>isSaturdayAndNextRunIsSundayAsterisk[111]</testName>
          <skipped>false</skipped>
          <failedSince>0</failedSince>
        </case>
        <case>
          <duration>0.0</duration>
          <className>hudson.scheduler.CronTabDayOfWeekLocaleTest</className>
          <testName>isSundayAndPreviousRunIsSaturdayAsterisk[111]</testName>
          <skipped>false</skipped>
          <failedSince>0</failedSince>
        </case>
        <case>
          <duration>0.0</duration>
          <className>hudson.scheduler.CronTabDayOfWeekLocaleTest</className>
          <testName>hudson8658[112]</testName>
          <skipped>false</skipped>
          <failedSince>0</failedSince>
        </case>
        <case>
          <duration>0.0</duration>
          <className>hudson.scheduler.CronTabDayOfWeekLocaleTest</className>
          <testName>isSundayAndNextRunIsMonday[112]</testName>
          <skipped>false</skipped>
          <failedSince>0</failedSince>
        </case>
        <case>
          <duration>0.001</duration>
          <className>hudson.scheduler.CronTabDayOfWeekLocaleTest</className>
          <testName>isSundayAndPreviousRunIsMonday[112]</testName>
          <skipped>false</skipped>
          <failedSince>0</failedSince>
        </case>
        <case>
          <duration>0.0</duration>
          <className>hudson.scheduler.CronTabDayOfWeekLocaleTest</className>
          <testName>isSundayAndNextRunIsTuesday[112]</testName>
          <skipped>false</skipped>
          <failedSince>0</failedSince>
        </case>
        <case>
          <duration>0.0</duration>
          <className>hudson.scheduler.CronTabDayOfWeekLocaleTest</className>
          <testName>isSundayAndPreviousRunIsTuesday[112]</testName>
          <skipped>false</skipped>
          <failedSince>0</failedSince>
        </case>
        <case>
          <duration>0.0</duration>
          <className>hudson.scheduler.CronTabDayOfWeekLocaleTest</className>
          <testName>isSundayAndNextRunIsWednesday[112]</testName>
          <skipped>false</skipped>
          <failedSince>0</failedSince>
        </case>
        <case>
          <duration>0.001</duration>
          <className>hudson.scheduler.CronTabDayOfWeekLocaleTest</className>
          <testName>isSundayAndPreviousRunIsWednesday[112]</testName>
          <skipped>false</skipped>
          <failedSince>0</failedSince>
        </case>
        <case>
          <duration>0.0</duration>
          <className>hudson.scheduler.CronTabDayOfWeekLocaleTest</className>
          <testName>isSundayAndNextRunIsThursday[112]</testName>
          <skipped>false</skipped>
          <failedSince>0</failedSince>
        </case>
        <case>
          <duration>0.0</duration>
          <className>hudson.scheduler.CronTabDayOfWeekLocaleTest</className>
          <testName>isSundayAndPreviousRunIsThursday[112]</testName>
          <skipped>false</skipped>
          <failedSince>0</failedSince>
        </case>
        <case>
          <duration>0.0</duration>
          <className>hudson.scheduler.CronTabDayOfWeekLocaleTest</className>
          <testName>isSundayAndNextRunIsFriday[112]</testName>
          <skipped>false</skipped>
          <failedSince>0</failedSince>
        </case>
        <case>
          <duration>0.001</duration>
          <className>hudson.scheduler.CronTabDayOfWeekLocaleTest</className>
          <testName>isSundayAndPreviousRunIsFriday[112]</testName>
          <skipped>false</skipped>
          <failedSince>0</failedSince>
        </case>
        <case>
          <duration>0.0</duration>
          <className>hudson.scheduler.CronTabDayOfWeekLocaleTest</className>
          <testName>isSundayAndNextRunIsSaturday[112]</testName>
          <skipped>false</skipped>
          <failedSince>0</failedSince>
        </case>
        <case>
          <duration>0.0</duration>
          <className>hudson.scheduler.CronTabDayOfWeekLocaleTest</className>
          <testName>isSundayAndPreviousRunIsSaturday[112]</testName>
          <skipped>false</skipped>
          <failedSince>0</failedSince>
        </case>
        <case>
          <duration>0.0</duration>
          <className>hudson.scheduler.CronTabDayOfWeekLocaleTest</className>
          <testName>isSundayAndNextRunIsNextSunday[112]</testName>
          <skipped>false</skipped>
          <failedSince>0</failedSince>
        </case>
        <case>
          <duration>0.0</duration>
          <className>hudson.scheduler.CronTabDayOfWeekLocaleTest</className>
          <testName>isSundayAndPreviousRunIsPreviousSunday[112]</testName>
          <skipped>false</skipped>
          <failedSince>0</failedSince>
        </case>
        <case>
          <duration>0.0</duration>
          <className>hudson.scheduler.CronTabDayOfWeekLocaleTest</className>
          <testName>isSundayAndNextRunIsNextSunday7[112]</testName>
          <skipped>false</skipped>
          <failedSince>0</failedSince>
        </case>
        <case>
          <duration>0.0</duration>
          <className>hudson.scheduler.CronTabDayOfWeekLocaleTest</className>
          <testName>isSundayAndPreviousRunIsPreviousSunday7[112]</testName>
          <skipped>false</skipped>
          <failedSince>0</failedSince>
        </case>
        <case>
          <duration>0.0</duration>
          <className>hudson.scheduler.CronTabDayOfWeekLocaleTest</className>
          <testName>isSaturdayAndNextRunIsSundayAsterisk[112]</testName>
          <skipped>false</skipped>
          <failedSince>0</failedSince>
        </case>
        <case>
          <duration>0.0</duration>
          <className>hudson.scheduler.CronTabDayOfWeekLocaleTest</className>
          <testName>isSundayAndPreviousRunIsSaturdayAsterisk[112]</testName>
          <skipped>false</skipped>
          <failedSince>0</failedSince>
        </case>
        <case>
          <duration>0.0</duration>
          <className>hudson.scheduler.CronTabDayOfWeekLocaleTest</className>
          <testName>hudson8658[113]</testName>
          <skipped>false</skipped>
          <failedSince>0</failedSince>
        </case>
        <case>
          <duration>0.0</duration>
          <className>hudson.scheduler.CronTabDayOfWeekLocaleTest</className>
          <testName>isSundayAndNextRunIsMonday[113]</testName>
          <skipped>false</skipped>
          <failedSince>0</failedSince>
        </case>
        <case>
          <duration>0.0</duration>
          <className>hudson.scheduler.CronTabDayOfWeekLocaleTest</className>
          <testName>isSundayAndPreviousRunIsMonday[113]</testName>
          <skipped>false</skipped>
          <failedSince>0</failedSince>
        </case>
        <case>
          <duration>0.0</duration>
          <className>hudson.scheduler.CronTabDayOfWeekLocaleTest</className>
          <testName>isSundayAndNextRunIsTuesday[113]</testName>
          <skipped>false</skipped>
          <failedSince>0</failedSince>
        </case>
        <case>
          <duration>0.0</duration>
          <className>hudson.scheduler.CronTabDayOfWeekLocaleTest</className>
          <testName>isSundayAndPreviousRunIsTuesday[113]</testName>
          <skipped>false</skipped>
          <failedSince>0</failedSince>
        </case>
        <case>
          <duration>0.0</duration>
          <className>hudson.scheduler.CronTabDayOfWeekLocaleTest</className>
          <testName>isSundayAndNextRunIsWednesday[113]</testName>
          <skipped>false</skipped>
          <failedSince>0</failedSince>
        </case>
        <case>
          <duration>0.0</duration>
          <className>hudson.scheduler.CronTabDayOfWeekLocaleTest</className>
          <testName>isSundayAndPreviousRunIsWednesday[113]</testName>
          <skipped>false</skipped>
          <failedSince>0</failedSince>
        </case>
        <case>
          <duration>0.0</duration>
          <className>hudson.scheduler.CronTabDayOfWeekLocaleTest</className>
          <testName>isSundayAndNextRunIsThursday[113]</testName>
          <skipped>false</skipped>
          <failedSince>0</failedSince>
        </case>
        <case>
          <duration>0.001</duration>
          <className>hudson.scheduler.CronTabDayOfWeekLocaleTest</className>
          <testName>isSundayAndPreviousRunIsThursday[113]</testName>
          <skipped>false</skipped>
          <failedSince>0</failedSince>
        </case>
        <case>
          <duration>0.0</duration>
          <className>hudson.scheduler.CronTabDayOfWeekLocaleTest</className>
          <testName>isSundayAndNextRunIsFriday[113]</testName>
          <skipped>false</skipped>
          <failedSince>0</failedSince>
        </case>
        <case>
          <duration>0.0</duration>
          <className>hudson.scheduler.CronTabDayOfWeekLocaleTest</className>
          <testName>isSundayAndPreviousRunIsFriday[113]</testName>
          <skipped>false</skipped>
          <failedSince>0</failedSince>
        </case>
        <case>
          <duration>0.0</duration>
          <className>hudson.scheduler.CronTabDayOfWeekLocaleTest</className>
          <testName>isSundayAndNextRunIsSaturday[113]</testName>
          <skipped>false</skipped>
          <failedSince>0</failedSince>
        </case>
        <case>
          <duration>0.0</duration>
          <className>hudson.scheduler.CronTabDayOfWeekLocaleTest</className>
          <testName>isSundayAndPreviousRunIsSaturday[113]</testName>
          <skipped>false</skipped>
          <failedSince>0</failedSince>
        </case>
        <case>
          <duration>0.0</duration>
          <className>hudson.scheduler.CronTabDayOfWeekLocaleTest</className>
          <testName>isSundayAndNextRunIsNextSunday[113]</testName>
          <skipped>false</skipped>
          <failedSince>0</failedSince>
        </case>
        <case>
          <duration>0.0</duration>
          <className>hudson.scheduler.CronTabDayOfWeekLocaleTest</className>
          <testName>isSundayAndPreviousRunIsPreviousSunday[113]</testName>
          <skipped>false</skipped>
          <failedSince>0</failedSince>
        </case>
        <case>
          <duration>0.001</duration>
          <className>hudson.scheduler.CronTabDayOfWeekLocaleTest</className>
          <testName>isSundayAndNextRunIsNextSunday7[113]</testName>
          <skipped>false</skipped>
          <failedSince>0</failedSince>
        </case>
        <case>
          <duration>0.0</duration>
          <className>hudson.scheduler.CronTabDayOfWeekLocaleTest</className>
          <testName>isSundayAndPreviousRunIsPreviousSunday7[113]</testName>
          <skipped>false</skipped>
          <failedSince>0</failedSince>
        </case>
        <case>
          <duration>0.0</duration>
          <className>hudson.scheduler.CronTabDayOfWeekLocaleTest</className>
          <testName>isSaturdayAndNextRunIsSundayAsterisk[113]</testName>
          <skipped>false</skipped>
          <failedSince>0</failedSince>
        </case>
        <case>
          <duration>0.0</duration>
          <className>hudson.scheduler.CronTabDayOfWeekLocaleTest</className>
          <testName>isSundayAndPreviousRunIsSaturdayAsterisk[113]</testName>
          <skipped>false</skipped>
          <failedSince>0</failedSince>
        </case>
        <case>
          <duration>0.0</duration>
          <className>hudson.scheduler.CronTabDayOfWeekLocaleTest</className>
          <testName>hudson8658[114]</testName>
          <skipped>false</skipped>
          <failedSince>0</failedSince>
        </case>
        <case>
          <duration>0.0</duration>
          <className>hudson.scheduler.CronTabDayOfWeekLocaleTest</className>
          <testName>isSundayAndNextRunIsMonday[114]</testName>
          <skipped>false</skipped>
          <failedSince>0</failedSince>
        </case>
        <case>
          <duration>0.0</duration>
          <className>hudson.scheduler.CronTabDayOfWeekLocaleTest</className>
          <testName>isSundayAndPreviousRunIsMonday[114]</testName>
          <skipped>false</skipped>
          <failedSince>0</failedSince>
        </case>
        <case>
          <duration>0.0</duration>
          <className>hudson.scheduler.CronTabDayOfWeekLocaleTest</className>
          <testName>isSundayAndNextRunIsTuesday[114]</testName>
          <skipped>false</skipped>
          <failedSince>0</failedSince>
        </case>
        <case>
          <duration>0.001</duration>
          <className>hudson.scheduler.CronTabDayOfWeekLocaleTest</className>
          <testName>isSundayAndPreviousRunIsTuesday[114]</testName>
          <skipped>false</skipped>
          <failedSince>0</failedSince>
        </case>
        <case>
          <duration>0.0</duration>
          <className>hudson.scheduler.CronTabDayOfWeekLocaleTest</className>
          <testName>isSundayAndNextRunIsWednesday[114]</testName>
          <skipped>false</skipped>
          <failedSince>0</failedSince>
        </case>
        <case>
          <duration>0.0</duration>
          <className>hudson.scheduler.CronTabDayOfWeekLocaleTest</className>
          <testName>isSundayAndPreviousRunIsWednesday[114]</testName>
          <skipped>false</skipped>
          <failedSince>0</failedSince>
        </case>
        <case>
          <duration>0.0</duration>
          <className>hudson.scheduler.CronTabDayOfWeekLocaleTest</className>
          <testName>isSundayAndNextRunIsThursday[114]</testName>
          <skipped>false</skipped>
          <failedSince>0</failedSince>
        </case>
        <case>
          <duration>0.001</duration>
          <className>hudson.scheduler.CronTabDayOfWeekLocaleTest</className>
          <testName>isSundayAndPreviousRunIsThursday[114]</testName>
          <skipped>false</skipped>
          <failedSince>0</failedSince>
        </case>
        <case>
          <duration>0.0</duration>
          <className>hudson.scheduler.CronTabDayOfWeekLocaleTest</className>
          <testName>isSundayAndNextRunIsFriday[114]</testName>
          <skipped>false</skipped>
          <failedSince>0</failedSince>
        </case>
        <case>
          <duration>0.0</duration>
          <className>hudson.scheduler.CronTabDayOfWeekLocaleTest</className>
          <testName>isSundayAndPreviousRunIsFriday[114]</testName>
          <skipped>false</skipped>
          <failedSince>0</failedSince>
        </case>
        <case>
          <duration>0.0</duration>
          <className>hudson.scheduler.CronTabDayOfWeekLocaleTest</className>
          <testName>isSundayAndNextRunIsSaturday[114]</testName>
          <skipped>false</skipped>
          <failedSince>0</failedSince>
        </case>
        <case>
          <duration>0.001</duration>
          <className>hudson.scheduler.CronTabDayOfWeekLocaleTest</className>
          <testName>isSundayAndPreviousRunIsSaturday[114]</testName>
          <skipped>false</skipped>
          <failedSince>0</failedSince>
        </case>
        <case>
          <duration>0.0</duration>
          <className>hudson.scheduler.CronTabDayOfWeekLocaleTest</className>
          <testName>isSundayAndNextRunIsNextSunday[114]</testName>
          <skipped>false</skipped>
          <failedSince>0</failedSince>
        </case>
        <case>
          <duration>0.0</duration>
          <className>hudson.scheduler.CronTabDayOfWeekLocaleTest</className>
          <testName>isSundayAndPreviousRunIsPreviousSunday[114]</testName>
          <skipped>false</skipped>
          <failedSince>0</failedSince>
        </case>
        <case>
          <duration>0.0</duration>
          <className>hudson.scheduler.CronTabDayOfWeekLocaleTest</className>
          <testName>isSundayAndNextRunIsNextSunday7[114]</testName>
          <skipped>false</skipped>
          <failedSince>0</failedSince>
        </case>
        <case>
          <duration>0.0</duration>
          <className>hudson.scheduler.CronTabDayOfWeekLocaleTest</className>
          <testName>isSundayAndPreviousRunIsPreviousSunday7[114]</testName>
          <skipped>false</skipped>
          <failedSince>0</failedSince>
        </case>
        <case>
          <duration>0.0</duration>
          <className>hudson.scheduler.CronTabDayOfWeekLocaleTest</className>
          <testName>isSaturdayAndNextRunIsSundayAsterisk[114]</testName>
          <skipped>false</skipped>
          <failedSince>0</failedSince>
        </case>
        <case>
          <duration>0.0</duration>
          <className>hudson.scheduler.CronTabDayOfWeekLocaleTest</className>
          <testName>isSundayAndPreviousRunIsSaturdayAsterisk[114]</testName>
          <skipped>false</skipped>
          <failedSince>0</failedSince>
        </case>
        <case>
          <duration>0.0</duration>
          <className>hudson.scheduler.CronTabDayOfWeekLocaleTest</className>
          <testName>hudson8658[115]</testName>
          <skipped>false</skipped>
          <failedSince>0</failedSince>
        </case>
        <case>
          <duration>0.001</duration>
          <className>hudson.scheduler.CronTabDayOfWeekLocaleTest</className>
          <testName>isSundayAndNextRunIsMonday[115]</testName>
          <skipped>false</skipped>
          <failedSince>0</failedSince>
        </case>
        <case>
          <duration>0.0</duration>
          <className>hudson.scheduler.CronTabDayOfWeekLocaleTest</className>
          <testName>isSundayAndPreviousRunIsMonday[115]</testName>
          <skipped>false</skipped>
          <failedSince>0</failedSince>
        </case>
        <case>
          <duration>0.0</duration>
          <className>hudson.scheduler.CronTabDayOfWeekLocaleTest</className>
          <testName>isSundayAndNextRunIsTuesday[115]</testName>
          <skipped>false</skipped>
          <failedSince>0</failedSince>
        </case>
        <case>
          <duration>0.0</duration>
          <className>hudson.scheduler.CronTabDayOfWeekLocaleTest</className>
          <testName>isSundayAndPreviousRunIsTuesday[115]</testName>
          <skipped>false</skipped>
          <failedSince>0</failedSince>
        </case>
        <case>
          <duration>0.0</duration>
          <className>hudson.scheduler.CronTabDayOfWeekLocaleTest</className>
          <testName>isSundayAndNextRunIsWednesday[115]</testName>
          <skipped>false</skipped>
          <failedSince>0</failedSince>
        </case>
        <case>
          <duration>0.0</duration>
          <className>hudson.scheduler.CronTabDayOfWeekLocaleTest</className>
          <testName>isSundayAndPreviousRunIsWednesday[115]</testName>
          <skipped>false</skipped>
          <failedSince>0</failedSince>
        </case>
        <case>
          <duration>0.0</duration>
          <className>hudson.scheduler.CronTabDayOfWeekLocaleTest</className>
          <testName>isSundayAndNextRunIsThursday[115]</testName>
          <skipped>false</skipped>
          <failedSince>0</failedSince>
        </case>
        <case>
          <duration>0.0</duration>
          <className>hudson.scheduler.CronTabDayOfWeekLocaleTest</className>
          <testName>isSundayAndPreviousRunIsThursday[115]</testName>
          <skipped>false</skipped>
          <failedSince>0</failedSince>
        </case>
        <case>
          <duration>0.0</duration>
          <className>hudson.scheduler.CronTabDayOfWeekLocaleTest</className>
          <testName>isSundayAndNextRunIsFriday[115]</testName>
          <skipped>false</skipped>
          <failedSince>0</failedSince>
        </case>
        <case>
          <duration>0.0</duration>
          <className>hudson.scheduler.CronTabDayOfWeekLocaleTest</className>
          <testName>isSundayAndPreviousRunIsFriday[115]</testName>
          <skipped>false</skipped>
          <failedSince>0</failedSince>
        </case>
        <case>
          <duration>0.0</duration>
          <className>hudson.scheduler.CronTabDayOfWeekLocaleTest</className>
          <testName>isSundayAndNextRunIsSaturday[115]</testName>
          <skipped>false</skipped>
          <failedSince>0</failedSince>
        </case>
        <case>
          <duration>0.0</duration>
          <className>hudson.scheduler.CronTabDayOfWeekLocaleTest</className>
          <testName>isSundayAndPreviousRunIsSaturday[115]</testName>
          <skipped>false</skipped>
          <failedSince>0</failedSince>
        </case>
        <case>
          <duration>0.0</duration>
          <className>hudson.scheduler.CronTabDayOfWeekLocaleTest</className>
          <testName>isSundayAndNextRunIsNextSunday[115]</testName>
          <skipped>false</skipped>
          <failedSince>0</failedSince>
        </case>
        <case>
          <duration>0.001</duration>
          <className>hudson.scheduler.CronTabDayOfWeekLocaleTest</className>
          <testName>isSundayAndPreviousRunIsPreviousSunday[115]</testName>
          <skipped>false</skipped>
          <failedSince>0</failedSince>
        </case>
        <case>
          <duration>0.0</duration>
          <className>hudson.scheduler.CronTabDayOfWeekLocaleTest</className>
          <testName>isSundayAndNextRunIsNextSunday7[115]</testName>
          <skipped>false</skipped>
          <failedSince>0</failedSince>
        </case>
        <case>
          <duration>0.0</duration>
          <className>hudson.scheduler.CronTabDayOfWeekLocaleTest</className>
          <testName>isSundayAndPreviousRunIsPreviousSunday7[115]</testName>
          <skipped>false</skipped>
          <failedSince>0</failedSince>
        </case>
        <case>
          <duration>0.0</duration>
          <className>hudson.scheduler.CronTabDayOfWeekLocaleTest</className>
          <testName>isSaturdayAndNextRunIsSundayAsterisk[115]</testName>
          <skipped>false</skipped>
          <failedSince>0</failedSince>
        </case>
        <case>
          <duration>0.001</duration>
          <className>hudson.scheduler.CronTabDayOfWeekLocaleTest</className>
          <testName>isSundayAndPreviousRunIsSaturdayAsterisk[115]</testName>
          <skipped>false</skipped>
          <failedSince>0</failedSince>
        </case>
        <case>
          <duration>0.0</duration>
          <className>hudson.scheduler.CronTabDayOfWeekLocaleTest</className>
          <testName>hudson8658[116]</testName>
          <skipped>false</skipped>
          <failedSince>0</failedSince>
        </case>
        <case>
          <duration>0.0</duration>
          <className>hudson.scheduler.CronTabDayOfWeekLocaleTest</className>
          <testName>isSundayAndNextRunIsMonday[116]</testName>
          <skipped>false</skipped>
          <failedSince>0</failedSince>
        </case>
        <case>
          <duration>0.0</duration>
          <className>hudson.scheduler.CronTabDayOfWeekLocaleTest</className>
          <testName>isSundayAndPreviousRunIsMonday[116]</testName>
          <skipped>false</skipped>
          <failedSince>0</failedSince>
        </case>
        <case>
          <duration>0.001</duration>
          <className>hudson.scheduler.CronTabDayOfWeekLocaleTest</className>
          <testName>isSundayAndNextRunIsTuesday[116]</testName>
          <skipped>false</skipped>
          <failedSince>0</failedSince>
        </case>
        <case>
          <duration>0.0</duration>
          <className>hudson.scheduler.CronTabDayOfWeekLocaleTest</className>
          <testName>isSundayAndPreviousRunIsTuesday[116]</testName>
          <skipped>false</skipped>
          <failedSince>0</failedSince>
        </case>
        <case>
          <duration>0.0</duration>
          <className>hudson.scheduler.CronTabDayOfWeekLocaleTest</className>
          <testName>isSundayAndNextRunIsWednesday[116]</testName>
          <skipped>false</skipped>
          <failedSince>0</failedSince>
        </case>
        <case>
          <duration>0.0</duration>
          <className>hudson.scheduler.CronTabDayOfWeekLocaleTest</className>
          <testName>isSundayAndPreviousRunIsWednesday[116]</testName>
          <skipped>false</skipped>
          <failedSince>0</failedSince>
        </case>
        <case>
          <duration>0.0</duration>
          <className>hudson.scheduler.CronTabDayOfWeekLocaleTest</className>
          <testName>isSundayAndNextRunIsThursday[116]</testName>
          <skipped>false</skipped>
          <failedSince>0</failedSince>
        </case>
        <case>
          <duration>0.0</duration>
          <className>hudson.scheduler.CronTabDayOfWeekLocaleTest</className>
          <testName>isSundayAndPreviousRunIsThursday[116]</testName>
          <skipped>false</skipped>
          <failedSince>0</failedSince>
        </case>
        <case>
          <duration>0.0</duration>
          <className>hudson.scheduler.CronTabDayOfWeekLocaleTest</className>
          <testName>isSundayAndNextRunIsFriday[116]</testName>
          <skipped>false</skipped>
          <failedSince>0</failedSince>
        </case>
        <case>
          <duration>0.0</duration>
          <className>hudson.scheduler.CronTabDayOfWeekLocaleTest</className>
          <testName>isSundayAndPreviousRunIsFriday[116]</testName>
          <skipped>false</skipped>
          <failedSince>0</failedSince>
        </case>
        <case>
          <duration>0.0</duration>
          <className>hudson.scheduler.CronTabDayOfWeekLocaleTest</className>
          <testName>isSundayAndNextRunIsSaturday[116]</testName>
          <skipped>false</skipped>
          <failedSince>0</failedSince>
        </case>
        <case>
          <duration>0.003</duration>
          <className>hudson.scheduler.CronTabDayOfWeekLocaleTest</className>
          <testName>isSundayAndPreviousRunIsSaturday[116]</testName>
          <skipped>false</skipped>
          <failedSince>0</failedSince>
        </case>
        <case>
          <duration>0.0</duration>
          <className>hudson.scheduler.CronTabDayOfWeekLocaleTest</className>
          <testName>isSundayAndNextRunIsNextSunday[116]</testName>
          <skipped>false</skipped>
          <failedSince>0</failedSince>
        </case>
        <case>
          <duration>0.0</duration>
          <className>hudson.scheduler.CronTabDayOfWeekLocaleTest</className>
          <testName>isSundayAndPreviousRunIsPreviousSunday[116]</testName>
          <skipped>false</skipped>
          <failedSince>0</failedSince>
        </case>
        <case>
          <duration>0.0</duration>
          <className>hudson.scheduler.CronTabDayOfWeekLocaleTest</className>
          <testName>isSundayAndNextRunIsNextSunday7[116]</testName>
          <skipped>false</skipped>
          <failedSince>0</failedSince>
        </case>
        <case>
          <duration>0.0</duration>
          <className>hudson.scheduler.CronTabDayOfWeekLocaleTest</className>
          <testName>isSundayAndPreviousRunIsPreviousSunday7[116]</testName>
          <skipped>false</skipped>
          <failedSince>0</failedSince>
        </case>
        <case>
          <duration>0.0</duration>
          <className>hudson.scheduler.CronTabDayOfWeekLocaleTest</className>
          <testName>isSaturdayAndNextRunIsSundayAsterisk[116]</testName>
          <skipped>false</skipped>
          <failedSince>0</failedSince>
        </case>
        <case>
          <duration>0.001</duration>
          <className>hudson.scheduler.CronTabDayOfWeekLocaleTest</className>
          <testName>isSundayAndPreviousRunIsSaturdayAsterisk[116]</testName>
          <skipped>false</skipped>
          <failedSince>0</failedSince>
        </case>
        <case>
          <duration>0.0</duration>
          <className>hudson.scheduler.CronTabDayOfWeekLocaleTest</className>
          <testName>hudson8658[117]</testName>
          <skipped>false</skipped>
          <failedSince>0</failedSince>
        </case>
        <case>
          <duration>0.0</duration>
          <className>hudson.scheduler.CronTabDayOfWeekLocaleTest</className>
          <testName>isSundayAndNextRunIsMonday[117]</testName>
          <skipped>false</skipped>
          <failedSince>0</failedSince>
        </case>
        <case>
          <duration>0.0</duration>
          <className>hudson.scheduler.CronTabDayOfWeekLocaleTest</className>
          <testName>isSundayAndPreviousRunIsMonday[117]</testName>
          <skipped>false</skipped>
          <failedSince>0</failedSince>
        </case>
        <case>
          <duration>0.0</duration>
          <className>hudson.scheduler.CronTabDayOfWeekLocaleTest</className>
          <testName>isSundayAndNextRunIsTuesday[117]</testName>
          <skipped>false</skipped>
          <failedSince>0</failedSince>
        </case>
        <case>
          <duration>0.0</duration>
          <className>hudson.scheduler.CronTabDayOfWeekLocaleTest</className>
          <testName>isSundayAndPreviousRunIsTuesday[117]</testName>
          <skipped>false</skipped>
          <failedSince>0</failedSince>
        </case>
        <case>
          <duration>0.0</duration>
          <className>hudson.scheduler.CronTabDayOfWeekLocaleTest</className>
          <testName>isSundayAndNextRunIsWednesday[117]</testName>
          <skipped>false</skipped>
          <failedSince>0</failedSince>
        </case>
        <case>
          <duration>0.0</duration>
          <className>hudson.scheduler.CronTabDayOfWeekLocaleTest</className>
          <testName>isSundayAndPreviousRunIsWednesday[117]</testName>
          <skipped>false</skipped>
          <failedSince>0</failedSince>
        </case>
        <case>
          <duration>0.0</duration>
          <className>hudson.scheduler.CronTabDayOfWeekLocaleTest</className>
          <testName>isSundayAndNextRunIsThursday[117]</testName>
          <skipped>false</skipped>
          <failedSince>0</failedSince>
        </case>
        <case>
          <duration>0.0</duration>
          <className>hudson.scheduler.CronTabDayOfWeekLocaleTest</className>
          <testName>isSundayAndPreviousRunIsThursday[117]</testName>
          <skipped>false</skipped>
          <failedSince>0</failedSince>
        </case>
        <case>
          <duration>0.0</duration>
          <className>hudson.scheduler.CronTabDayOfWeekLocaleTest</className>
          <testName>isSundayAndNextRunIsFriday[117]</testName>
          <skipped>false</skipped>
          <failedSince>0</failedSince>
        </case>
        <case>
          <duration>0.001</duration>
          <className>hudson.scheduler.CronTabDayOfWeekLocaleTest</className>
          <testName>isSundayAndPreviousRunIsFriday[117]</testName>
          <skipped>false</skipped>
          <failedSince>0</failedSince>
        </case>
        <case>
          <duration>0.0</duration>
          <className>hudson.scheduler.CronTabDayOfWeekLocaleTest</className>
          <testName>isSundayAndNextRunIsSaturday[117]</testName>
          <skipped>false</skipped>
          <failedSince>0</failedSince>
        </case>
        <case>
          <duration>0.0</duration>
          <className>hudson.scheduler.CronTabDayOfWeekLocaleTest</className>
          <testName>isSundayAndPreviousRunIsSaturday[117]</testName>
          <skipped>false</skipped>
          <failedSince>0</failedSince>
        </case>
        <case>
          <duration>0.0</duration>
          <className>hudson.scheduler.CronTabDayOfWeekLocaleTest</className>
          <testName>isSundayAndNextRunIsNextSunday[117]</testName>
          <skipped>false</skipped>
          <failedSince>0</failedSince>
        </case>
        <case>
          <duration>0.0</duration>
          <className>hudson.scheduler.CronTabDayOfWeekLocaleTest</className>
          <testName>isSundayAndPreviousRunIsPreviousSunday[117]</testName>
          <skipped>false</skipped>
          <failedSince>0</failedSince>
        </case>
        <case>
          <duration>0.0</duration>
          <className>hudson.scheduler.CronTabDayOfWeekLocaleTest</className>
          <testName>isSundayAndNextRunIsNextSunday7[117]</testName>
          <skipped>false</skipped>
          <failedSince>0</failedSince>
        </case>
        <case>
          <duration>0.0</duration>
          <className>hudson.scheduler.CronTabDayOfWeekLocaleTest</className>
          <testName>isSundayAndPreviousRunIsPreviousSunday7[117]</testName>
          <skipped>false</skipped>
          <failedSince>0</failedSince>
        </case>
        <case>
          <duration>0.0</duration>
          <className>hudson.scheduler.CronTabDayOfWeekLocaleTest</className>
          <testName>isSaturdayAndNextRunIsSundayAsterisk[117]</testName>
          <skipped>false</skipped>
          <failedSince>0</failedSince>
        </case>
        <case>
          <duration>0.0</duration>
          <className>hudson.scheduler.CronTabDayOfWeekLocaleTest</className>
          <testName>isSundayAndPreviousRunIsSaturdayAsterisk[117]</testName>
          <skipped>false</skipped>
          <failedSince>0</failedSince>
        </case>
        <case>
          <duration>0.0</duration>
          <className>hudson.scheduler.CronTabDayOfWeekLocaleTest</className>
          <testName>hudson8658[118]</testName>
          <skipped>false</skipped>
          <failedSince>0</failedSince>
        </case>
        <case>
          <duration>0.0</duration>
          <className>hudson.scheduler.CronTabDayOfWeekLocaleTest</className>
          <testName>isSundayAndNextRunIsMonday[118]</testName>
          <skipped>false</skipped>
          <failedSince>0</failedSince>
        </case>
        <case>
          <duration>0.0</duration>
          <className>hudson.scheduler.CronTabDayOfWeekLocaleTest</className>
          <testName>isSundayAndPreviousRunIsMonday[118]</testName>
          <skipped>false</skipped>
          <failedSince>0</failedSince>
        </case>
        <case>
          <duration>0.0</duration>
          <className>hudson.scheduler.CronTabDayOfWeekLocaleTest</className>
          <testName>isSundayAndNextRunIsTuesday[118]</testName>
          <skipped>false</skipped>
          <failedSince>0</failedSince>
        </case>
        <case>
          <duration>0.001</duration>
          <className>hudson.scheduler.CronTabDayOfWeekLocaleTest</className>
          <testName>isSundayAndPreviousRunIsTuesday[118]</testName>
          <skipped>false</skipped>
          <failedSince>0</failedSince>
        </case>
        <case>
          <duration>0.0</duration>
          <className>hudson.scheduler.CronTabDayOfWeekLocaleTest</className>
          <testName>isSundayAndNextRunIsWednesday[118]</testName>
          <skipped>false</skipped>
          <failedSince>0</failedSince>
        </case>
        <case>
          <duration>0.0</duration>
          <className>hudson.scheduler.CronTabDayOfWeekLocaleTest</className>
          <testName>isSundayAndPreviousRunIsWednesday[118]</testName>
          <skipped>false</skipped>
          <failedSince>0</failedSince>
        </case>
        <case>
          <duration>0.0</duration>
          <className>hudson.scheduler.CronTabDayOfWeekLocaleTest</className>
          <testName>isSundayAndNextRunIsThursday[118]</testName>
          <skipped>false</skipped>
          <failedSince>0</failedSince>
        </case>
        <case>
          <duration>0.001</duration>
          <className>hudson.scheduler.CronTabDayOfWeekLocaleTest</className>
          <testName>isSundayAndPreviousRunIsThursday[118]</testName>
          <skipped>false</skipped>
          <failedSince>0</failedSince>
        </case>
        <case>
          <duration>0.0</duration>
          <className>hudson.scheduler.CronTabDayOfWeekLocaleTest</className>
          <testName>isSundayAndNextRunIsFriday[118]</testName>
          <skipped>false</skipped>
          <failedSince>0</failedSince>
        </case>
        <case>
          <duration>0.0</duration>
          <className>hudson.scheduler.CronTabDayOfWeekLocaleTest</className>
          <testName>isSundayAndPreviousRunIsFriday[118]</testName>
          <skipped>false</skipped>
          <failedSince>0</failedSince>
        </case>
        <case>
          <duration>0.0</duration>
          <className>hudson.scheduler.CronTabDayOfWeekLocaleTest</className>
          <testName>isSundayAndNextRunIsSaturday[118]</testName>
          <skipped>false</skipped>
          <failedSince>0</failedSince>
        </case>
        <case>
          <duration>0.0</duration>
          <className>hudson.scheduler.CronTabDayOfWeekLocaleTest</className>
          <testName>isSundayAndPreviousRunIsSaturday[118]</testName>
          <skipped>false</skipped>
          <failedSince>0</failedSince>
        </case>
        <case>
          <duration>0.0</duration>
          <className>hudson.scheduler.CronTabDayOfWeekLocaleTest</className>
          <testName>isSundayAndNextRunIsNextSunday[118]</testName>
          <skipped>false</skipped>
          <failedSince>0</failedSince>
        </case>
        <case>
          <duration>0.0</duration>
          <className>hudson.scheduler.CronTabDayOfWeekLocaleTest</className>
          <testName>isSundayAndPreviousRunIsPreviousSunday[118]</testName>
          <skipped>false</skipped>
          <failedSince>0</failedSince>
        </case>
        <case>
          <duration>0.0</duration>
          <className>hudson.scheduler.CronTabDayOfWeekLocaleTest</className>
          <testName>isSundayAndNextRunIsNextSunday7[118]</testName>
          <skipped>false</skipped>
          <failedSince>0</failedSince>
        </case>
        <case>
          <duration>0.0</duration>
          <className>hudson.scheduler.CronTabDayOfWeekLocaleTest</className>
          <testName>isSundayAndPreviousRunIsPreviousSunday7[118]</testName>
          <skipped>false</skipped>
          <failedSince>0</failedSince>
        </case>
        <case>
          <duration>0.001</duration>
          <className>hudson.scheduler.CronTabDayOfWeekLocaleTest</className>
          <testName>isSaturdayAndNextRunIsSundayAsterisk[118]</testName>
          <skipped>false</skipped>
          <failedSince>0</failedSince>
        </case>
        <case>
          <duration>0.0</duration>
          <className>hudson.scheduler.CronTabDayOfWeekLocaleTest</className>
          <testName>isSundayAndPreviousRunIsSaturdayAsterisk[118]</testName>
          <skipped>false</skipped>
          <failedSince>0</failedSince>
        </case>
        <case>
          <duration>0.0</duration>
          <className>hudson.scheduler.CronTabDayOfWeekLocaleTest</className>
          <testName>hudson8658[119]</testName>
          <skipped>false</skipped>
          <failedSince>0</failedSince>
        </case>
        <case>
          <duration>0.0</duration>
          <className>hudson.scheduler.CronTabDayOfWeekLocaleTest</className>
          <testName>isSundayAndNextRunIsMonday[119]</testName>
          <skipped>false</skipped>
          <failedSince>0</failedSince>
        </case>
        <case>
          <duration>0.0</duration>
          <className>hudson.scheduler.CronTabDayOfWeekLocaleTest</className>
          <testName>isSundayAndPreviousRunIsMonday[119]</testName>
          <skipped>false</skipped>
          <failedSince>0</failedSince>
        </case>
        <case>
          <duration>0.0</duration>
          <className>hudson.scheduler.CronTabDayOfWeekLocaleTest</className>
          <testName>isSundayAndNextRunIsTuesday[119]</testName>
          <skipped>false</skipped>
          <failedSince>0</failedSince>
        </case>
        <case>
          <duration>0.0</duration>
          <className>hudson.scheduler.CronTabDayOfWeekLocaleTest</className>
          <testName>isSundayAndPreviousRunIsTuesday[119]</testName>
          <skipped>false</skipped>
          <failedSince>0</failedSince>
        </case>
        <case>
          <duration>0.0</duration>
          <className>hudson.scheduler.CronTabDayOfWeekLocaleTest</className>
          <testName>isSundayAndNextRunIsWednesday[119]</testName>
          <skipped>false</skipped>
          <failedSince>0</failedSince>
        </case>
        <case>
          <duration>0.001</duration>
          <className>hudson.scheduler.CronTabDayOfWeekLocaleTest</className>
          <testName>isSundayAndPreviousRunIsWednesday[119]</testName>
          <skipped>false</skipped>
          <failedSince>0</failedSince>
        </case>
        <case>
          <duration>0.0</duration>
          <className>hudson.scheduler.CronTabDayOfWeekLocaleTest</className>
          <testName>isSundayAndNextRunIsThursday[119]</testName>
          <skipped>false</skipped>
          <failedSince>0</failedSince>
        </case>
        <case>
          <duration>0.0</duration>
          <className>hudson.scheduler.CronTabDayOfWeekLocaleTest</className>
          <testName>isSundayAndPreviousRunIsThursday[119]</testName>
          <skipped>false</skipped>
          <failedSince>0</failedSince>
        </case>
        <case>
          <duration>0.0</duration>
          <className>hudson.scheduler.CronTabDayOfWeekLocaleTest</className>
          <testName>isSundayAndNextRunIsFriday[119]</testName>
          <skipped>false</skipped>
          <failedSince>0</failedSince>
        </case>
        <case>
          <duration>0.001</duration>
          <className>hudson.scheduler.CronTabDayOfWeekLocaleTest</className>
          <testName>isSundayAndPreviousRunIsFriday[119]</testName>
          <skipped>false</skipped>
          <failedSince>0</failedSince>
        </case>
        <case>
          <duration>0.0</duration>
          <className>hudson.scheduler.CronTabDayOfWeekLocaleTest</className>
          <testName>isSundayAndNextRunIsSaturday[119]</testName>
          <skipped>false</skipped>
          <failedSince>0</failedSince>
        </case>
        <case>
          <duration>0.0</duration>
          <className>hudson.scheduler.CronTabDayOfWeekLocaleTest</className>
          <testName>isSundayAndPreviousRunIsSaturday[119]</testName>
          <skipped>false</skipped>
          <failedSince>0</failedSince>
        </case>
        <case>
          <duration>0.0</duration>
          <className>hudson.scheduler.CronTabDayOfWeekLocaleTest</className>
          <testName>isSundayAndNextRunIsNextSunday[119]</testName>
          <skipped>false</skipped>
          <failedSince>0</failedSince>
        </case>
        <case>
          <duration>0.0</duration>
          <className>hudson.scheduler.CronTabDayOfWeekLocaleTest</className>
          <testName>isSundayAndPreviousRunIsPreviousSunday[119]</testName>
          <skipped>false</skipped>
          <failedSince>0</failedSince>
        </case>
        <case>
          <duration>0.0</duration>
          <className>hudson.scheduler.CronTabDayOfWeekLocaleTest</className>
          <testName>isSundayAndNextRunIsNextSunday7[119]</testName>
          <skipped>false</skipped>
          <failedSince>0</failedSince>
        </case>
        <case>
          <duration>0.0</duration>
          <className>hudson.scheduler.CronTabDayOfWeekLocaleTest</className>
          <testName>isSundayAndPreviousRunIsPreviousSunday7[119]</testName>
          <skipped>false</skipped>
          <failedSince>0</failedSince>
        </case>
        <case>
          <duration>0.0</duration>
          <className>hudson.scheduler.CronTabDayOfWeekLocaleTest</className>
          <testName>isSaturdayAndNextRunIsSundayAsterisk[119]</testName>
          <skipped>false</skipped>
          <failedSince>0</failedSince>
        </case>
        <case>
          <duration>0.0</duration>
          <className>hudson.scheduler.CronTabDayOfWeekLocaleTest</className>
          <testName>isSundayAndPreviousRunIsSaturdayAsterisk[119]</testName>
          <skipped>false</skipped>
          <failedSince>0</failedSince>
        </case>
        <case>
          <duration>0.0</duration>
          <className>hudson.scheduler.CronTabDayOfWeekLocaleTest</className>
          <testName>hudson8658[120]</testName>
          <skipped>false</skipped>
          <failedSince>0</failedSince>
        </case>
        <case>
          <duration>0.0</duration>
          <className>hudson.scheduler.CronTabDayOfWeekLocaleTest</className>
          <testName>isSundayAndNextRunIsMonday[120]</testName>
          <skipped>false</skipped>
          <failedSince>0</failedSince>
        </case>
        <case>
          <duration>0.0</duration>
          <className>hudson.scheduler.CronTabDayOfWeekLocaleTest</className>
          <testName>isSundayAndPreviousRunIsMonday[120]</testName>
          <skipped>false</skipped>
          <failedSince>0</failedSince>
        </case>
        <case>
          <duration>0.0</duration>
          <className>hudson.scheduler.CronTabDayOfWeekLocaleTest</className>
          <testName>isSundayAndNextRunIsTuesday[120]</testName>
          <skipped>false</skipped>
          <failedSince>0</failedSince>
        </case>
        <case>
          <duration>0.001</duration>
          <className>hudson.scheduler.CronTabDayOfWeekLocaleTest</className>
          <testName>isSundayAndPreviousRunIsTuesday[120]</testName>
          <skipped>false</skipped>
          <failedSince>0</failedSince>
        </case>
        <case>
          <duration>0.0</duration>
          <className>hudson.scheduler.CronTabDayOfWeekLocaleTest</className>
          <testName>isSundayAndNextRunIsWednesday[120]</testName>
          <skipped>false</skipped>
          <failedSince>0</failedSince>
        </case>
        <case>
          <duration>0.0</duration>
          <className>hudson.scheduler.CronTabDayOfWeekLocaleTest</className>
          <testName>isSundayAndPreviousRunIsWednesday[120]</testName>
          <skipped>false</skipped>
          <failedSince>0</failedSince>
        </case>
        <case>
          <duration>0.0</duration>
          <className>hudson.scheduler.CronTabDayOfWeekLocaleTest</className>
          <testName>isSundayAndNextRunIsThursday[120]</testName>
          <skipped>false</skipped>
          <failedSince>0</failedSince>
        </case>
        <case>
          <duration>0.001</duration>
          <className>hudson.scheduler.CronTabDayOfWeekLocaleTest</className>
          <testName>isSundayAndPreviousRunIsThursday[120]</testName>
          <skipped>false</skipped>
          <failedSince>0</failedSince>
        </case>
        <case>
          <duration>0.0</duration>
          <className>hudson.scheduler.CronTabDayOfWeekLocaleTest</className>
          <testName>isSundayAndNextRunIsFriday[120]</testName>
          <skipped>false</skipped>
          <failedSince>0</failedSince>
        </case>
        <case>
          <duration>0.003</duration>
          <className>hudson.scheduler.CronTabDayOfWeekLocaleTest</className>
          <testName>isSundayAndPreviousRunIsFriday[120]</testName>
          <skipped>false</skipped>
          <failedSince>0</failedSince>
        </case>
        <case>
          <duration>0.0</duration>
          <className>hudson.scheduler.CronTabDayOfWeekLocaleTest</className>
          <testName>isSundayAndNextRunIsSaturday[120]</testName>
          <skipped>false</skipped>
          <failedSince>0</failedSince>
        </case>
        <case>
          <duration>0.0</duration>
          <className>hudson.scheduler.CronTabDayOfWeekLocaleTest</className>
          <testName>isSundayAndPreviousRunIsSaturday[120]</testName>
          <skipped>false</skipped>
          <failedSince>0</failedSince>
        </case>
        <case>
          <duration>0.0</duration>
          <className>hudson.scheduler.CronTabDayOfWeekLocaleTest</className>
          <testName>isSundayAndNextRunIsNextSunday[120]</testName>
          <skipped>false</skipped>
          <failedSince>0</failedSince>
        </case>
        <case>
          <duration>0.001</duration>
          <className>hudson.scheduler.CronTabDayOfWeekLocaleTest</className>
          <testName>isSundayAndPreviousRunIsPreviousSunday[120]</testName>
          <skipped>false</skipped>
          <failedSince>0</failedSince>
        </case>
        <case>
          <duration>0.0</duration>
          <className>hudson.scheduler.CronTabDayOfWeekLocaleTest</className>
          <testName>isSundayAndNextRunIsNextSunday7[120]</testName>
          <skipped>false</skipped>
          <failedSince>0</failedSince>
        </case>
        <case>
          <duration>0.0</duration>
          <className>hudson.scheduler.CronTabDayOfWeekLocaleTest</className>
          <testName>isSundayAndPreviousRunIsPreviousSunday7[120]</testName>
          <skipped>false</skipped>
          <failedSince>0</failedSince>
        </case>
        <case>
          <duration>0.0</duration>
          <className>hudson.scheduler.CronTabDayOfWeekLocaleTest</className>
          <testName>isSaturdayAndNextRunIsSundayAsterisk[120]</testName>
          <skipped>false</skipped>
          <failedSince>0</failedSince>
        </case>
        <case>
          <duration>0.0</duration>
          <className>hudson.scheduler.CronTabDayOfWeekLocaleTest</className>
          <testName>isSundayAndPreviousRunIsSaturdayAsterisk[120]</testName>
          <skipped>false</skipped>
          <failedSince>0</failedSince>
        </case>
        <case>
          <duration>0.0</duration>
          <className>hudson.scheduler.CronTabDayOfWeekLocaleTest</className>
          <testName>hudson8658[121]</testName>
          <skipped>false</skipped>
          <failedSince>0</failedSince>
        </case>
        <case>
          <duration>0.0</duration>
          <className>hudson.scheduler.CronTabDayOfWeekLocaleTest</className>
          <testName>isSundayAndNextRunIsMonday[121]</testName>
          <skipped>false</skipped>
          <failedSince>0</failedSince>
        </case>
        <case>
          <duration>0.0</duration>
          <className>hudson.scheduler.CronTabDayOfWeekLocaleTest</className>
          <testName>isSundayAndPreviousRunIsMonday[121]</testName>
          <skipped>false</skipped>
          <failedSince>0</failedSince>
        </case>
        <case>
          <duration>0.001</duration>
          <className>hudson.scheduler.CronTabDayOfWeekLocaleTest</className>
          <testName>isSundayAndNextRunIsTuesday[121]</testName>
          <skipped>false</skipped>
          <failedSince>0</failedSince>
        </case>
        <case>
          <duration>0.0</duration>
          <className>hudson.scheduler.CronTabDayOfWeekLocaleTest</className>
          <testName>isSundayAndPreviousRunIsTuesday[121]</testName>
          <skipped>false</skipped>
          <failedSince>0</failedSince>
        </case>
        <case>
          <duration>0.0</duration>
          <className>hudson.scheduler.CronTabDayOfWeekLocaleTest</className>
          <testName>isSundayAndNextRunIsWednesday[121]</testName>
          <skipped>false</skipped>
          <failedSince>0</failedSince>
        </case>
        <case>
          <duration>0.0</duration>
          <className>hudson.scheduler.CronTabDayOfWeekLocaleTest</className>
          <testName>isSundayAndPreviousRunIsWednesday[121]</testName>
          <skipped>false</skipped>
          <failedSince>0</failedSince>
        </case>
        <case>
          <duration>0.0</duration>
          <className>hudson.scheduler.CronTabDayOfWeekLocaleTest</className>
          <testName>isSundayAndNextRunIsThursday[121]</testName>
          <skipped>false</skipped>
          <failedSince>0</failedSince>
        </case>
        <case>
          <duration>0.0</duration>
          <className>hudson.scheduler.CronTabDayOfWeekLocaleTest</className>
          <testName>isSundayAndPreviousRunIsThursday[121]</testName>
          <skipped>false</skipped>
          <failedSince>0</failedSince>
        </case>
        <case>
          <duration>0.0</duration>
          <className>hudson.scheduler.CronTabDayOfWeekLocaleTest</className>
          <testName>isSundayAndNextRunIsFriday[121]</testName>
          <skipped>false</skipped>
          <failedSince>0</failedSince>
        </case>
        <case>
          <duration>0.0</duration>
          <className>hudson.scheduler.CronTabDayOfWeekLocaleTest</className>
          <testName>isSundayAndPreviousRunIsFriday[121]</testName>
          <skipped>false</skipped>
          <failedSince>0</failedSince>
        </case>
        <case>
          <duration>0.0</duration>
          <className>hudson.scheduler.CronTabDayOfWeekLocaleTest</className>
          <testName>isSundayAndNextRunIsSaturday[121]</testName>
          <skipped>false</skipped>
          <failedSince>0</failedSince>
        </case>
        <case>
          <duration>0.001</duration>
          <className>hudson.scheduler.CronTabDayOfWeekLocaleTest</className>
          <testName>isSundayAndPreviousRunIsSaturday[121]</testName>
          <skipped>false</skipped>
          <failedSince>0</failedSince>
        </case>
        <case>
          <duration>0.0</duration>
          <className>hudson.scheduler.CronTabDayOfWeekLocaleTest</className>
          <testName>isSundayAndNextRunIsNextSunday[121]</testName>
          <skipped>false</skipped>
          <failedSince>0</failedSince>
        </case>
        <case>
          <duration>0.0</duration>
          <className>hudson.scheduler.CronTabDayOfWeekLocaleTest</className>
          <testName>isSundayAndPreviousRunIsPreviousSunday[121]</testName>
          <skipped>false</skipped>
          <failedSince>0</failedSince>
        </case>
        <case>
          <duration>0.0</duration>
          <className>hudson.scheduler.CronTabDayOfWeekLocaleTest</className>
          <testName>isSundayAndNextRunIsNextSunday7[121]</testName>
          <skipped>false</skipped>
          <failedSince>0</failedSince>
        </case>
        <case>
          <duration>0.001</duration>
          <className>hudson.scheduler.CronTabDayOfWeekLocaleTest</className>
          <testName>isSundayAndPreviousRunIsPreviousSunday7[121]</testName>
          <skipped>false</skipped>
          <failedSince>0</failedSince>
        </case>
        <case>
          <duration>0.0</duration>
          <className>hudson.scheduler.CronTabDayOfWeekLocaleTest</className>
          <testName>isSaturdayAndNextRunIsSundayAsterisk[121]</testName>
          <skipped>false</skipped>
          <failedSince>0</failedSince>
        </case>
        <case>
          <duration>0.0</duration>
          <className>hudson.scheduler.CronTabDayOfWeekLocaleTest</className>
          <testName>isSundayAndPreviousRunIsSaturdayAsterisk[121]</testName>
          <skipped>false</skipped>
          <failedSince>0</failedSince>
        </case>
        <case>
          <duration>0.0</duration>
          <className>hudson.scheduler.CronTabDayOfWeekLocaleTest</className>
          <testName>hudson8658[122]</testName>
          <skipped>false</skipped>
          <failedSince>0</failedSince>
        </case>
        <case>
          <duration>0.001</duration>
          <className>hudson.scheduler.CronTabDayOfWeekLocaleTest</className>
          <testName>isSundayAndNextRunIsMonday[122]</testName>
          <skipped>false</skipped>
          <failedSince>0</failedSince>
        </case>
        <case>
          <duration>0.0</duration>
          <className>hudson.scheduler.CronTabDayOfWeekLocaleTest</className>
          <testName>isSundayAndPreviousRunIsMonday[122]</testName>
          <skipped>false</skipped>
          <failedSince>0</failedSince>
        </case>
        <case>
          <duration>0.0</duration>
          <className>hudson.scheduler.CronTabDayOfWeekLocaleTest</className>
          <testName>isSundayAndNextRunIsTuesday[122]</testName>
          <skipped>false</skipped>
          <failedSince>0</failedSince>
        </case>
        <case>
          <duration>0.0</duration>
          <className>hudson.scheduler.CronTabDayOfWeekLocaleTest</className>
          <testName>isSundayAndPreviousRunIsTuesday[122]</testName>
          <skipped>false</skipped>
          <failedSince>0</failedSince>
        </case>
        <case>
          <duration>0.001</duration>
          <className>hudson.scheduler.CronTabDayOfWeekLocaleTest</className>
          <testName>isSundayAndNextRunIsWednesday[122]</testName>
          <skipped>false</skipped>
          <failedSince>0</failedSince>
        </case>
        <case>
          <duration>0.0</duration>
          <className>hudson.scheduler.CronTabDayOfWeekLocaleTest</className>
          <testName>isSundayAndPreviousRunIsWednesday[122]</testName>
          <skipped>false</skipped>
          <failedSince>0</failedSince>
        </case>
        <case>
          <duration>0.0</duration>
          <className>hudson.scheduler.CronTabDayOfWeekLocaleTest</className>
          <testName>isSundayAndNextRunIsThursday[122]</testName>
          <skipped>false</skipped>
          <failedSince>0</failedSince>
        </case>
        <case>
          <duration>0.0</duration>
          <className>hudson.scheduler.CronTabDayOfWeekLocaleTest</className>
          <testName>isSundayAndPreviousRunIsThursday[122]</testName>
          <skipped>false</skipped>
          <failedSince>0</failedSince>
        </case>
        <case>
          <duration>0.0</duration>
          <className>hudson.scheduler.CronTabDayOfWeekLocaleTest</className>
          <testName>isSundayAndNextRunIsFriday[122]</testName>
          <skipped>false</skipped>
          <failedSince>0</failedSince>
        </case>
        <case>
          <duration>0.001</duration>
          <className>hudson.scheduler.CronTabDayOfWeekLocaleTest</className>
          <testName>isSundayAndPreviousRunIsFriday[122]</testName>
          <skipped>false</skipped>
          <failedSince>0</failedSince>
        </case>
        <case>
          <duration>0.0</duration>
          <className>hudson.scheduler.CronTabDayOfWeekLocaleTest</className>
          <testName>isSundayAndNextRunIsSaturday[122]</testName>
          <skipped>false</skipped>
          <failedSince>0</failedSince>
        </case>
        <case>
          <duration>0.0</duration>
          <className>hudson.scheduler.CronTabDayOfWeekLocaleTest</className>
          <testName>isSundayAndPreviousRunIsSaturday[122]</testName>
          <skipped>false</skipped>
          <failedSince>0</failedSince>
        </case>
        <case>
          <duration>0.0</duration>
          <className>hudson.scheduler.CronTabDayOfWeekLocaleTest</className>
          <testName>isSundayAndNextRunIsNextSunday[122]</testName>
          <skipped>false</skipped>
          <failedSince>0</failedSince>
        </case>
        <case>
          <duration>0.001</duration>
          <className>hudson.scheduler.CronTabDayOfWeekLocaleTest</className>
          <testName>isSundayAndPreviousRunIsPreviousSunday[122]</testName>
          <skipped>false</skipped>
          <failedSince>0</failedSince>
        </case>
        <case>
          <duration>0.0</duration>
          <className>hudson.scheduler.CronTabDayOfWeekLocaleTest</className>
          <testName>isSundayAndNextRunIsNextSunday7[122]</testName>
          <skipped>false</skipped>
          <failedSince>0</failedSince>
        </case>
        <case>
          <duration>0.0</duration>
          <className>hudson.scheduler.CronTabDayOfWeekLocaleTest</className>
          <testName>isSundayAndPreviousRunIsPreviousSunday7[122]</testName>
          <skipped>false</skipped>
          <failedSince>0</failedSince>
        </case>
        <case>
          <duration>0.0</duration>
          <className>hudson.scheduler.CronTabDayOfWeekLocaleTest</className>
          <testName>isSaturdayAndNextRunIsSundayAsterisk[122]</testName>
          <skipped>false</skipped>
          <failedSince>0</failedSince>
        </case>
        <case>
          <duration>0.001</duration>
          <className>hudson.scheduler.CronTabDayOfWeekLocaleTest</className>
          <testName>isSundayAndPreviousRunIsSaturdayAsterisk[122]</testName>
          <skipped>false</skipped>
          <failedSince>0</failedSince>
        </case>
        <case>
          <duration>0.0</duration>
          <className>hudson.scheduler.CronTabDayOfWeekLocaleTest</className>
          <testName>hudson8658[123]</testName>
          <skipped>false</skipped>
          <failedSince>0</failedSince>
        </case>
        <case>
          <duration>0.0</duration>
          <className>hudson.scheduler.CronTabDayOfWeekLocaleTest</className>
          <testName>isSundayAndNextRunIsMonday[123]</testName>
          <skipped>false</skipped>
          <failedSince>0</failedSince>
        </case>
        <case>
          <duration>0.0</duration>
          <className>hudson.scheduler.CronTabDayOfWeekLocaleTest</className>
          <testName>isSundayAndPreviousRunIsMonday[123]</testName>
          <skipped>false</skipped>
          <failedSince>0</failedSince>
        </case>
        <case>
          <duration>0.001</duration>
          <className>hudson.scheduler.CronTabDayOfWeekLocaleTest</className>
          <testName>isSundayAndNextRunIsTuesday[123]</testName>
          <skipped>false</skipped>
          <failedSince>0</failedSince>
        </case>
        <case>
          <duration>0.0</duration>
          <className>hudson.scheduler.CronTabDayOfWeekLocaleTest</className>
          <testName>isSundayAndPreviousRunIsTuesday[123]</testName>
          <skipped>false</skipped>
          <failedSince>0</failedSince>
        </case>
        <case>
          <duration>0.0</duration>
          <className>hudson.scheduler.CronTabDayOfWeekLocaleTest</className>
          <testName>isSundayAndNextRunIsWednesday[123]</testName>
          <skipped>false</skipped>
          <failedSince>0</failedSince>
        </case>
        <case>
          <duration>0.0</duration>
          <className>hudson.scheduler.CronTabDayOfWeekLocaleTest</className>
          <testName>isSundayAndPreviousRunIsWednesday[123]</testName>
          <skipped>false</skipped>
          <failedSince>0</failedSince>
        </case>
        <case>
          <duration>0.0</duration>
          <className>hudson.scheduler.CronTabDayOfWeekLocaleTest</className>
          <testName>isSundayAndNextRunIsThursday[123]</testName>
          <skipped>false</skipped>
          <failedSince>0</failedSince>
        </case>
        <case>
          <duration>0.0</duration>
          <className>hudson.scheduler.CronTabDayOfWeekLocaleTest</className>
          <testName>isSundayAndPreviousRunIsThursday[123]</testName>
          <skipped>false</skipped>
          <failedSince>0</failedSince>
        </case>
        <case>
          <duration>0.0</duration>
          <className>hudson.scheduler.CronTabDayOfWeekLocaleTest</className>
          <testName>isSundayAndNextRunIsFriday[123]</testName>
          <skipped>false</skipped>
          <failedSince>0</failedSince>
        </case>
        <case>
          <duration>0.0</duration>
          <className>hudson.scheduler.CronTabDayOfWeekLocaleTest</className>
          <testName>isSundayAndPreviousRunIsFriday[123]</testName>
          <skipped>false</skipped>
          <failedSince>0</failedSince>
        </case>
        <case>
          <duration>0.0</duration>
          <className>hudson.scheduler.CronTabDayOfWeekLocaleTest</className>
          <testName>isSundayAndNextRunIsSaturday[123]</testName>
          <skipped>false</skipped>
          <failedSince>0</failedSince>
        </case>
        <case>
          <duration>0.001</duration>
          <className>hudson.scheduler.CronTabDayOfWeekLocaleTest</className>
          <testName>isSundayAndPreviousRunIsSaturday[123]</testName>
          <skipped>false</skipped>
          <failedSince>0</failedSince>
        </case>
        <case>
          <duration>0.0</duration>
          <className>hudson.scheduler.CronTabDayOfWeekLocaleTest</className>
          <testName>isSundayAndNextRunIsNextSunday[123]</testName>
          <skipped>false</skipped>
          <failedSince>0</failedSince>
        </case>
        <case>
          <duration>0.0</duration>
          <className>hudson.scheduler.CronTabDayOfWeekLocaleTest</className>
          <testName>isSundayAndPreviousRunIsPreviousSunday[123]</testName>
          <skipped>false</skipped>
          <failedSince>0</failedSince>
        </case>
        <case>
          <duration>0.0</duration>
          <className>hudson.scheduler.CronTabDayOfWeekLocaleTest</className>
          <testName>isSundayAndNextRunIsNextSunday7[123]</testName>
          <skipped>false</skipped>
          <failedSince>0</failedSince>
        </case>
        <case>
          <duration>0.001</duration>
          <className>hudson.scheduler.CronTabDayOfWeekLocaleTest</className>
          <testName>isSundayAndPreviousRunIsPreviousSunday7[123]</testName>
          <skipped>false</skipped>
          <failedSince>0</failedSince>
        </case>
        <case>
          <duration>0.0</duration>
          <className>hudson.scheduler.CronTabDayOfWeekLocaleTest</className>
          <testName>isSaturdayAndNextRunIsSundayAsterisk[123]</testName>
          <skipped>false</skipped>
          <failedSince>0</failedSince>
        </case>
        <case>
          <duration>0.0</duration>
          <className>hudson.scheduler.CronTabDayOfWeekLocaleTest</className>
          <testName>isSundayAndPreviousRunIsSaturdayAsterisk[123]</testName>
          <skipped>false</skipped>
          <failedSince>0</failedSince>
        </case>
        <case>
          <duration>0.0</duration>
          <className>hudson.scheduler.CronTabDayOfWeekLocaleTest</className>
          <testName>hudson8658[124]</testName>
          <skipped>false</skipped>
          <failedSince>0</failedSince>
        </case>
        <case>
          <duration>0.001</duration>
          <className>hudson.scheduler.CronTabDayOfWeekLocaleTest</className>
          <testName>isSundayAndNextRunIsMonday[124]</testName>
          <skipped>false</skipped>
          <failedSince>0</failedSince>
        </case>
        <case>
          <duration>0.0</duration>
          <className>hudson.scheduler.CronTabDayOfWeekLocaleTest</className>
          <testName>isSundayAndPreviousRunIsMonday[124]</testName>
          <skipped>false</skipped>
          <failedSince>0</failedSince>
        </case>
        <case>
          <duration>0.0</duration>
          <className>hudson.scheduler.CronTabDayOfWeekLocaleTest</className>
          <testName>isSundayAndNextRunIsTuesday[124]</testName>
          <skipped>false</skipped>
          <failedSince>0</failedSince>
        </case>
        <case>
          <duration>0.0</duration>
          <className>hudson.scheduler.CronTabDayOfWeekLocaleTest</className>
          <testName>isSundayAndPreviousRunIsTuesday[124]</testName>
          <skipped>false</skipped>
          <failedSince>0</failedSince>
        </case>
        <case>
          <duration>0.001</duration>
          <className>hudson.scheduler.CronTabDayOfWeekLocaleTest</className>
          <testName>isSundayAndNextRunIsWednesday[124]</testName>
          <skipped>false</skipped>
          <failedSince>0</failedSince>
        </case>
        <case>
          <duration>0.0</duration>
          <className>hudson.scheduler.CronTabDayOfWeekLocaleTest</className>
          <testName>isSundayAndPreviousRunIsWednesday[124]</testName>
          <skipped>false</skipped>
          <failedSince>0</failedSince>
        </case>
        <case>
          <duration>0.0</duration>
          <className>hudson.scheduler.CronTabDayOfWeekLocaleTest</className>
          <testName>isSundayAndNextRunIsThursday[124]</testName>
          <skipped>false</skipped>
          <failedSince>0</failedSince>
        </case>
        <case>
          <duration>0.0</duration>
          <className>hudson.scheduler.CronTabDayOfWeekLocaleTest</className>
          <testName>isSundayAndPreviousRunIsThursday[124]</testName>
          <skipped>false</skipped>
          <failedSince>0</failedSince>
        </case>
        <case>
          <duration>0.0</duration>
          <className>hudson.scheduler.CronTabDayOfWeekLocaleTest</className>
          <testName>isSundayAndNextRunIsFriday[124]</testName>
          <skipped>false</skipped>
          <failedSince>0</failedSince>
        </case>
        <case>
          <duration>0.0</duration>
          <className>hudson.scheduler.CronTabDayOfWeekLocaleTest</className>
          <testName>isSundayAndPreviousRunIsFriday[124]</testName>
          <skipped>false</skipped>
          <failedSince>0</failedSince>
        </case>
        <case>
          <duration>0.0</duration>
          <className>hudson.scheduler.CronTabDayOfWeekLocaleTest</className>
          <testName>isSundayAndNextRunIsSaturday[124]</testName>
          <skipped>false</skipped>
          <failedSince>0</failedSince>
        </case>
        <case>
          <duration>0.0</duration>
          <className>hudson.scheduler.CronTabDayOfWeekLocaleTest</className>
          <testName>isSundayAndPreviousRunIsSaturday[124]</testName>
          <skipped>false</skipped>
          <failedSince>0</failedSince>
        </case>
        <case>
          <duration>0.0</duration>
          <className>hudson.scheduler.CronTabDayOfWeekLocaleTest</className>
          <testName>isSundayAndNextRunIsNextSunday[124]</testName>
          <skipped>false</skipped>
          <failedSince>0</failedSince>
        </case>
        <case>
          <duration>0.001</duration>
          <className>hudson.scheduler.CronTabDayOfWeekLocaleTest</className>
          <testName>isSundayAndPreviousRunIsPreviousSunday[124]</testName>
          <skipped>false</skipped>
          <failedSince>0</failedSince>
        </case>
        <case>
          <duration>0.0</duration>
          <className>hudson.scheduler.CronTabDayOfWeekLocaleTest</className>
          <testName>isSundayAndNextRunIsNextSunday7[124]</testName>
          <skipped>false</skipped>
          <failedSince>0</failedSince>
        </case>
        <case>
          <duration>0.0</duration>
          <className>hudson.scheduler.CronTabDayOfWeekLocaleTest</className>
          <testName>isSundayAndPreviousRunIsPreviousSunday7[124]</testName>
          <skipped>false</skipped>
          <failedSince>0</failedSince>
        </case>
        <case>
          <duration>0.0</duration>
          <className>hudson.scheduler.CronTabDayOfWeekLocaleTest</className>
          <testName>isSaturdayAndNextRunIsSundayAsterisk[124]</testName>
          <skipped>false</skipped>
          <failedSince>0</failedSince>
        </case>
        <case>
          <duration>0.0</duration>
          <className>hudson.scheduler.CronTabDayOfWeekLocaleTest</className>
          <testName>isSundayAndPreviousRunIsSaturdayAsterisk[124]</testName>
          <skipped>false</skipped>
          <failedSince>0</failedSince>
        </case>
        <case>
          <duration>0.0</duration>
          <className>hudson.scheduler.CronTabDayOfWeekLocaleTest</className>
          <testName>hudson8658[125]</testName>
          <skipped>false</skipped>
          <failedSince>0</failedSince>
        </case>
        <case>
          <duration>0.0</duration>
          <className>hudson.scheduler.CronTabDayOfWeekLocaleTest</className>
          <testName>isSundayAndNextRunIsMonday[125]</testName>
          <skipped>false</skipped>
          <failedSince>0</failedSince>
        </case>
        <case>
          <duration>0.0</duration>
          <className>hudson.scheduler.CronTabDayOfWeekLocaleTest</className>
          <testName>isSundayAndPreviousRunIsMonday[125]</testName>
          <skipped>false</skipped>
          <failedSince>0</failedSince>
        </case>
        <case>
          <duration>0.001</duration>
          <className>hudson.scheduler.CronTabDayOfWeekLocaleTest</className>
          <testName>isSundayAndNextRunIsTuesday[125]</testName>
          <skipped>false</skipped>
          <failedSince>0</failedSince>
        </case>
        <case>
          <duration>0.0</duration>
          <className>hudson.scheduler.CronTabDayOfWeekLocaleTest</className>
          <testName>isSundayAndPreviousRunIsTuesday[125]</testName>
          <skipped>false</skipped>
          <failedSince>0</failedSince>
        </case>
        <case>
          <duration>0.0</duration>
          <className>hudson.scheduler.CronTabDayOfWeekLocaleTest</className>
          <testName>isSundayAndNextRunIsWednesday[125]</testName>
          <skipped>false</skipped>
          <failedSince>0</failedSince>
        </case>
        <case>
          <duration>0.0</duration>
          <className>hudson.scheduler.CronTabDayOfWeekLocaleTest</className>
          <testName>isSundayAndPreviousRunIsWednesday[125]</testName>
          <skipped>false</skipped>
          <failedSince>0</failedSince>
        </case>
        <case>
          <duration>0.0</duration>
          <className>hudson.scheduler.CronTabDayOfWeekLocaleTest</className>
          <testName>isSundayAndNextRunIsThursday[125]</testName>
          <skipped>false</skipped>
          <failedSince>0</failedSince>
        </case>
        <case>
          <duration>0.0</duration>
          <className>hudson.scheduler.CronTabDayOfWeekLocaleTest</className>
          <testName>isSundayAndPreviousRunIsThursday[125]</testName>
          <skipped>false</skipped>
          <failedSince>0</failedSince>
        </case>
        <case>
          <duration>0.0</duration>
          <className>hudson.scheduler.CronTabDayOfWeekLocaleTest</className>
          <testName>isSundayAndNextRunIsFriday[125]</testName>
          <skipped>false</skipped>
          <failedSince>0</failedSince>
        </case>
        <case>
          <duration>0.0</duration>
          <className>hudson.scheduler.CronTabDayOfWeekLocaleTest</className>
          <testName>isSundayAndPreviousRunIsFriday[125]</testName>
          <skipped>false</skipped>
          <failedSince>0</failedSince>
        </case>
        <case>
          <duration>0.003</duration>
          <className>hudson.scheduler.CronTabDayOfWeekLocaleTest</className>
          <testName>isSundayAndNextRunIsSaturday[125]</testName>
          <skipped>false</skipped>
          <failedSince>0</failedSince>
        </case>
        <case>
          <duration>0.0</duration>
          <className>hudson.scheduler.CronTabDayOfWeekLocaleTest</className>
          <testName>isSundayAndPreviousRunIsSaturday[125]</testName>
          <skipped>false</skipped>
          <failedSince>0</failedSince>
        </case>
        <case>
          <duration>0.0</duration>
          <className>hudson.scheduler.CronTabDayOfWeekLocaleTest</className>
          <testName>isSundayAndNextRunIsNextSunday[125]</testName>
          <skipped>false</skipped>
          <failedSince>0</failedSince>
        </case>
        <case>
          <duration>0.0</duration>
          <className>hudson.scheduler.CronTabDayOfWeekLocaleTest</className>
          <testName>isSundayAndPreviousRunIsPreviousSunday[125]</testName>
          <skipped>false</skipped>
          <failedSince>0</failedSince>
        </case>
        <case>
          <duration>0.0</duration>
          <className>hudson.scheduler.CronTabDayOfWeekLocaleTest</className>
          <testName>isSundayAndNextRunIsNextSunday7[125]</testName>
          <skipped>false</skipped>
          <failedSince>0</failedSince>
        </case>
        <case>
          <duration>0.0</duration>
          <className>hudson.scheduler.CronTabDayOfWeekLocaleTest</className>
          <testName>isSundayAndPreviousRunIsPreviousSunday7[125]</testName>
          <skipped>false</skipped>
          <failedSince>0</failedSince>
        </case>
        <case>
          <duration>0.0</duration>
          <className>hudson.scheduler.CronTabDayOfWeekLocaleTest</className>
          <testName>isSaturdayAndNextRunIsSundayAsterisk[125]</testName>
          <skipped>false</skipped>
          <failedSince>0</failedSince>
        </case>
        <case>
          <duration>0.0</duration>
          <className>hudson.scheduler.CronTabDayOfWeekLocaleTest</className>
          <testName>isSundayAndPreviousRunIsSaturdayAsterisk[125]</testName>
          <skipped>false</skipped>
          <failedSince>0</failedSince>
        </case>
        <case>
          <duration>0.0</duration>
          <className>hudson.scheduler.CronTabDayOfWeekLocaleTest</className>
          <testName>hudson8658[126]</testName>
          <skipped>false</skipped>
          <failedSince>0</failedSince>
        </case>
        <case>
          <duration>0.0</duration>
          <className>hudson.scheduler.CronTabDayOfWeekLocaleTest</className>
          <testName>isSundayAndNextRunIsMonday[126]</testName>
          <skipped>false</skipped>
          <failedSince>0</failedSince>
        </case>
        <case>
          <duration>0.0</duration>
          <className>hudson.scheduler.CronTabDayOfWeekLocaleTest</className>
          <testName>isSundayAndPreviousRunIsMonday[126]</testName>
          <skipped>false</skipped>
          <failedSince>0</failedSince>
        </case>
        <case>
          <duration>0.0</duration>
          <className>hudson.scheduler.CronTabDayOfWeekLocaleTest</className>
          <testName>isSundayAndNextRunIsTuesday[126]</testName>
          <skipped>false</skipped>
          <failedSince>0</failedSince>
        </case>
        <case>
          <duration>0.0</duration>
          <className>hudson.scheduler.CronTabDayOfWeekLocaleTest</className>
          <testName>isSundayAndPreviousRunIsTuesday[126]</testName>
          <skipped>false</skipped>
          <failedSince>0</failedSince>
        </case>
        <case>
          <duration>0.001</duration>
          <className>hudson.scheduler.CronTabDayOfWeekLocaleTest</className>
          <testName>isSundayAndNextRunIsWednesday[126]</testName>
          <skipped>false</skipped>
          <failedSince>0</failedSince>
        </case>
        <case>
          <duration>0.0</duration>
          <className>hudson.scheduler.CronTabDayOfWeekLocaleTest</className>
          <testName>isSundayAndPreviousRunIsWednesday[126]</testName>
          <skipped>false</skipped>
          <failedSince>0</failedSince>
        </case>
        <case>
          <duration>0.0</duration>
          <className>hudson.scheduler.CronTabDayOfWeekLocaleTest</className>
          <testName>isSundayAndNextRunIsThursday[126]</testName>
          <skipped>false</skipped>
          <failedSince>0</failedSince>
        </case>
        <case>
          <duration>0.0</duration>
          <className>hudson.scheduler.CronTabDayOfWeekLocaleTest</className>
          <testName>isSundayAndPreviousRunIsThursday[126]</testName>
          <skipped>false</skipped>
          <failedSince>0</failedSince>
        </case>
        <case>
          <duration>0.001</duration>
          <className>hudson.scheduler.CronTabDayOfWeekLocaleTest</className>
          <testName>isSundayAndNextRunIsFriday[126]</testName>
          <skipped>false</skipped>
          <failedSince>0</failedSince>
        </case>
        <case>
          <duration>0.0</duration>
          <className>hudson.scheduler.CronTabDayOfWeekLocaleTest</className>
          <testName>isSundayAndPreviousRunIsFriday[126]</testName>
          <skipped>false</skipped>
          <failedSince>0</failedSince>
        </case>
        <case>
          <duration>0.0</duration>
          <className>hudson.scheduler.CronTabDayOfWeekLocaleTest</className>
          <testName>isSundayAndNextRunIsSaturday[126]</testName>
          <skipped>false</skipped>
          <failedSince>0</failedSince>
        </case>
        <case>
          <duration>0.0</duration>
          <className>hudson.scheduler.CronTabDayOfWeekLocaleTest</className>
          <testName>isSundayAndPreviousRunIsSaturday[126]</testName>
          <skipped>false</skipped>
          <failedSince>0</failedSince>
        </case>
        <case>
          <duration>0.0</duration>
          <className>hudson.scheduler.CronTabDayOfWeekLocaleTest</className>
          <testName>isSundayAndNextRunIsNextSunday[126]</testName>
          <skipped>false</skipped>
          <failedSince>0</failedSince>
        </case>
        <case>
          <duration>0.0</duration>
          <className>hudson.scheduler.CronTabDayOfWeekLocaleTest</className>
          <testName>isSundayAndPreviousRunIsPreviousSunday[126]</testName>
          <skipped>false</skipped>
          <failedSince>0</failedSince>
        </case>
        <case>
          <duration>0.0</duration>
          <className>hudson.scheduler.CronTabDayOfWeekLocaleTest</className>
          <testName>isSundayAndNextRunIsNextSunday7[126]</testName>
          <skipped>false</skipped>
          <failedSince>0</failedSince>
        </case>
        <case>
          <duration>0.0</duration>
          <className>hudson.scheduler.CronTabDayOfWeekLocaleTest</className>
          <testName>isSundayAndPreviousRunIsPreviousSunday7[126]</testName>
          <skipped>false</skipped>
          <failedSince>0</failedSince>
        </case>
        <case>
          <duration>0.0</duration>
          <className>hudson.scheduler.CronTabDayOfWeekLocaleTest</className>
          <testName>isSaturdayAndNextRunIsSundayAsterisk[126]</testName>
          <skipped>false</skipped>
          <failedSince>0</failedSince>
        </case>
        <case>
          <duration>0.001</duration>
          <className>hudson.scheduler.CronTabDayOfWeekLocaleTest</className>
          <testName>isSundayAndPreviousRunIsSaturdayAsterisk[126]</testName>
          <skipped>false</skipped>
          <failedSince>0</failedSince>
        </case>
        <case>
          <duration>0.0</duration>
          <className>hudson.scheduler.CronTabDayOfWeekLocaleTest</className>
          <testName>hudson8658[127]</testName>
          <skipped>false</skipped>
          <failedSince>0</failedSince>
        </case>
        <case>
          <duration>0.0</duration>
          <className>hudson.scheduler.CronTabDayOfWeekLocaleTest</className>
          <testName>isSundayAndNextRunIsMonday[127]</testName>
          <skipped>false</skipped>
          <failedSince>0</failedSince>
        </case>
        <case>
          <duration>0.0</duration>
          <className>hudson.scheduler.CronTabDayOfWeekLocaleTest</className>
          <testName>isSundayAndPreviousRunIsMonday[127]</testName>
          <skipped>false</skipped>
          <failedSince>0</failedSince>
        </case>
        <case>
          <duration>0.0</duration>
          <className>hudson.scheduler.CronTabDayOfWeekLocaleTest</className>
          <testName>isSundayAndNextRunIsTuesday[127]</testName>
          <skipped>false</skipped>
          <failedSince>0</failedSince>
        </case>
        <case>
          <duration>0.0</duration>
          <className>hudson.scheduler.CronTabDayOfWeekLocaleTest</className>
          <testName>isSundayAndPreviousRunIsTuesday[127]</testName>
          <skipped>false</skipped>
          <failedSince>0</failedSince>
        </case>
        <case>
          <duration>0.0</duration>
          <className>hudson.scheduler.CronTabDayOfWeekLocaleTest</className>
          <testName>isSundayAndNextRunIsWednesday[127]</testName>
          <skipped>false</skipped>
          <failedSince>0</failedSince>
        </case>
        <case>
          <duration>0.0</duration>
          <className>hudson.scheduler.CronTabDayOfWeekLocaleTest</className>
          <testName>isSundayAndPreviousRunIsWednesday[127]</testName>
          <skipped>false</skipped>
          <failedSince>0</failedSince>
        </case>
        <case>
          <duration>0.001</duration>
          <className>hudson.scheduler.CronTabDayOfWeekLocaleTest</className>
          <testName>isSundayAndNextRunIsThursday[127]</testName>
          <skipped>false</skipped>
          <failedSince>0</failedSince>
        </case>
        <case>
          <duration>0.0</duration>
          <className>hudson.scheduler.CronTabDayOfWeekLocaleTest</className>
          <testName>isSundayAndPreviousRunIsThursday[127]</testName>
          <skipped>false</skipped>
          <failedSince>0</failedSince>
        </case>
        <case>
          <duration>0.0</duration>
          <className>hudson.scheduler.CronTabDayOfWeekLocaleTest</className>
          <testName>isSundayAndNextRunIsFriday[127]</testName>
          <skipped>false</skipped>
          <failedSince>0</failedSince>
        </case>
        <case>
          <duration>0.0</duration>
          <className>hudson.scheduler.CronTabDayOfWeekLocaleTest</className>
          <testName>isSundayAndPreviousRunIsFriday[127]</testName>
          <skipped>false</skipped>
          <failedSince>0</failedSince>
        </case>
        <case>
          <duration>0.0</duration>
          <className>hudson.scheduler.CronTabDayOfWeekLocaleTest</className>
          <testName>isSundayAndNextRunIsSaturday[127]</testName>
          <skipped>false</skipped>
          <failedSince>0</failedSince>
        </case>
        <case>
          <duration>0.0</duration>
          <className>hudson.scheduler.CronTabDayOfWeekLocaleTest</className>
          <testName>isSundayAndPreviousRunIsSaturday[127]</testName>
          <skipped>false</skipped>
          <failedSince>0</failedSince>
        </case>
        <case>
          <duration>0.0</duration>
          <className>hudson.scheduler.CronTabDayOfWeekLocaleTest</className>
          <testName>isSundayAndNextRunIsNextSunday[127]</testName>
          <skipped>false</skipped>
          <failedSince>0</failedSince>
        </case>
        <case>
          <duration>0.0</duration>
          <className>hudson.scheduler.CronTabDayOfWeekLocaleTest</className>
          <testName>isSundayAndPreviousRunIsPreviousSunday[127]</testName>
          <skipped>false</skipped>
          <failedSince>0</failedSince>
        </case>
        <case>
          <duration>0.0</duration>
          <className>hudson.scheduler.CronTabDayOfWeekLocaleTest</className>
          <testName>isSundayAndNextRunIsNextSunday7[127]</testName>
          <skipped>false</skipped>
          <failedSince>0</failedSince>
        </case>
        <case>
          <duration>0.001</duration>
          <className>hudson.scheduler.CronTabDayOfWeekLocaleTest</className>
          <testName>isSundayAndPreviousRunIsPreviousSunday7[127]</testName>
          <skipped>false</skipped>
          <failedSince>0</failedSince>
        </case>
        <case>
          <duration>0.0</duration>
          <className>hudson.scheduler.CronTabDayOfWeekLocaleTest</className>
          <testName>isSaturdayAndNextRunIsSundayAsterisk[127]</testName>
          <skipped>false</skipped>
          <failedSince>0</failedSince>
        </case>
        <case>
          <duration>0.0</duration>
          <className>hudson.scheduler.CronTabDayOfWeekLocaleTest</className>
          <testName>isSundayAndPreviousRunIsSaturdayAsterisk[127]</testName>
          <skipped>false</skipped>
          <failedSince>0</failedSince>
        </case>
        <case>
          <duration>0.0</duration>
          <className>hudson.scheduler.CronTabDayOfWeekLocaleTest</className>
          <testName>hudson8658[128]</testName>
          <skipped>false</skipped>
          <failedSince>0</failedSince>
        </case>
        <case>
          <duration>0.0</duration>
          <className>hudson.scheduler.CronTabDayOfWeekLocaleTest</className>
          <testName>isSundayAndNextRunIsMonday[128]</testName>
          <skipped>false</skipped>
          <failedSince>0</failedSince>
        </case>
        <case>
          <duration>0.0</duration>
          <className>hudson.scheduler.CronTabDayOfWeekLocaleTest</className>
          <testName>isSundayAndPreviousRunIsMonday[128]</testName>
          <skipped>false</skipped>
          <failedSince>0</failedSince>
        </case>
        <case>
          <duration>0.0</duration>
          <className>hudson.scheduler.CronTabDayOfWeekLocaleTest</className>
          <testName>isSundayAndNextRunIsTuesday[128]</testName>
          <skipped>false</skipped>
          <failedSince>0</failedSince>
        </case>
        <case>
          <duration>0.0</duration>
          <className>hudson.scheduler.CronTabDayOfWeekLocaleTest</className>
          <testName>isSundayAndPreviousRunIsTuesday[128]</testName>
          <skipped>false</skipped>
          <failedSince>0</failedSince>
        </case>
        <case>
          <duration>0.001</duration>
          <className>hudson.scheduler.CronTabDayOfWeekLocaleTest</className>
          <testName>isSundayAndNextRunIsWednesday[128]</testName>
          <skipped>false</skipped>
          <failedSince>0</failedSince>
        </case>
        <case>
          <duration>0.0</duration>
          <className>hudson.scheduler.CronTabDayOfWeekLocaleTest</className>
          <testName>isSundayAndPreviousRunIsWednesday[128]</testName>
          <skipped>false</skipped>
          <failedSince>0</failedSince>
        </case>
        <case>
          <duration>0.0</duration>
          <className>hudson.scheduler.CronTabDayOfWeekLocaleTest</className>
          <testName>isSundayAndNextRunIsThursday[128]</testName>
          <skipped>false</skipped>
          <failedSince>0</failedSince>
        </case>
        <case>
          <duration>0.0</duration>
          <className>hudson.scheduler.CronTabDayOfWeekLocaleTest</className>
          <testName>isSundayAndPreviousRunIsThursday[128]</testName>
          <skipped>false</skipped>
          <failedSince>0</failedSince>
        </case>
        <case>
          <duration>0.0</duration>
          <className>hudson.scheduler.CronTabDayOfWeekLocaleTest</className>
          <testName>isSundayAndNextRunIsFriday[128]</testName>
          <skipped>false</skipped>
          <failedSince>0</failedSince>
        </case>
        <case>
          <duration>0.0</duration>
          <className>hudson.scheduler.CronTabDayOfWeekLocaleTest</className>
          <testName>isSundayAndPreviousRunIsFriday[128]</testName>
          <skipped>false</skipped>
          <failedSince>0</failedSince>
        </case>
        <case>
          <duration>0.0</duration>
          <className>hudson.scheduler.CronTabDayOfWeekLocaleTest</className>
          <testName>isSundayAndNextRunIsSaturday[128]</testName>
          <skipped>false</skipped>
          <failedSince>0</failedSince>
        </case>
        <case>
          <duration>0.0</duration>
          <className>hudson.scheduler.CronTabDayOfWeekLocaleTest</className>
          <testName>isSundayAndPreviousRunIsSaturday[128]</testName>
          <skipped>false</skipped>
          <failedSince>0</failedSince>
        </case>
        <case>
          <duration>0.0</duration>
          <className>hudson.scheduler.CronTabDayOfWeekLocaleTest</className>
          <testName>isSundayAndNextRunIsNextSunday[128]</testName>
          <skipped>false</skipped>
          <failedSince>0</failedSince>
        </case>
        <case>
          <duration>0.001</duration>
          <className>hudson.scheduler.CronTabDayOfWeekLocaleTest</className>
          <testName>isSundayAndPreviousRunIsPreviousSunday[128]</testName>
          <skipped>false</skipped>
          <failedSince>0</failedSince>
        </case>
        <case>
          <duration>0.0</duration>
          <className>hudson.scheduler.CronTabDayOfWeekLocaleTest</className>
          <testName>isSundayAndNextRunIsNextSunday7[128]</testName>
          <skipped>false</skipped>
          <failedSince>0</failedSince>
        </case>
        <case>
          <duration>0.0</duration>
          <className>hudson.scheduler.CronTabDayOfWeekLocaleTest</className>
          <testName>isSundayAndPreviousRunIsPreviousSunday7[128]</testName>
          <skipped>false</skipped>
          <failedSince>0</failedSince>
        </case>
        <case>
          <duration>0.0</duration>
          <className>hudson.scheduler.CronTabDayOfWeekLocaleTest</className>
          <testName>isSaturdayAndNextRunIsSundayAsterisk[128]</testName>
          <skipped>false</skipped>
          <failedSince>0</failedSince>
        </case>
        <case>
          <duration>0.0</duration>
          <className>hudson.scheduler.CronTabDayOfWeekLocaleTest</className>
          <testName>isSundayAndPreviousRunIsSaturdayAsterisk[128]</testName>
          <skipped>false</skipped>
          <failedSince>0</failedSince>
        </case>
        <case>
          <duration>0.0</duration>
          <className>hudson.scheduler.CronTabDayOfWeekLocaleTest</className>
          <testName>hudson8658[129]</testName>
          <skipped>false</skipped>
          <failedSince>0</failedSince>
        </case>
        <case>
          <duration>0.0</duration>
          <className>hudson.scheduler.CronTabDayOfWeekLocaleTest</className>
          <testName>isSundayAndNextRunIsMonday[129]</testName>
          <skipped>false</skipped>
          <failedSince>0</failedSince>
        </case>
        <case>
          <duration>0.0</duration>
          <className>hudson.scheduler.CronTabDayOfWeekLocaleTest</className>
          <testName>isSundayAndPreviousRunIsMonday[129]</testName>
          <skipped>false</skipped>
          <failedSince>0</failedSince>
        </case>
        <case>
          <duration>0.001</duration>
          <className>hudson.scheduler.CronTabDayOfWeekLocaleTest</className>
          <testName>isSundayAndNextRunIsTuesday[129]</testName>
          <skipped>false</skipped>
          <failedSince>0</failedSince>
        </case>
        <case>
          <duration>0.0</duration>
          <className>hudson.scheduler.CronTabDayOfWeekLocaleTest</className>
          <testName>isSundayAndPreviousRunIsTuesday[129]</testName>
          <skipped>false</skipped>
          <failedSince>0</failedSince>
        </case>
        <case>
          <duration>0.0</duration>
          <className>hudson.scheduler.CronTabDayOfWeekLocaleTest</className>
          <testName>isSundayAndNextRunIsWednesday[129]</testName>
          <skipped>false</skipped>
          <failedSince>0</failedSince>
        </case>
        <case>
          <duration>0.0</duration>
          <className>hudson.scheduler.CronTabDayOfWeekLocaleTest</className>
          <testName>isSundayAndPreviousRunIsWednesday[129]</testName>
          <skipped>false</skipped>
          <failedSince>0</failedSince>
        </case>
        <case>
          <duration>0.0</duration>
          <className>hudson.scheduler.CronTabDayOfWeekLocaleTest</className>
          <testName>isSundayAndNextRunIsThursday[129]</testName>
          <skipped>false</skipped>
          <failedSince>0</failedSince>
        </case>
        <case>
          <duration>0.0</duration>
          <className>hudson.scheduler.CronTabDayOfWeekLocaleTest</className>
          <testName>isSundayAndPreviousRunIsThursday[129]</testName>
          <skipped>false</skipped>
          <failedSince>0</failedSince>
        </case>
        <case>
          <duration>0.009</duration>
          <className>hudson.scheduler.CronTabDayOfWeekLocaleTest</className>
          <testName>isSundayAndNextRunIsFriday[129]</testName>
          <skipped>false</skipped>
          <failedSince>0</failedSince>
        </case>
        <case>
          <duration>0.0</duration>
          <className>hudson.scheduler.CronTabDayOfWeekLocaleTest</className>
          <testName>isSundayAndPreviousRunIsFriday[129]</testName>
          <skipped>false</skipped>
          <failedSince>0</failedSince>
        </case>
        <case>
          <duration>0.0</duration>
          <className>hudson.scheduler.CronTabDayOfWeekLocaleTest</className>
          <testName>isSundayAndNextRunIsSaturday[129]</testName>
          <skipped>false</skipped>
          <failedSince>0</failedSince>
        </case>
        <case>
          <duration>0.0</duration>
          <className>hudson.scheduler.CronTabDayOfWeekLocaleTest</className>
          <testName>isSundayAndPreviousRunIsSaturday[129]</testName>
          <skipped>false</skipped>
          <failedSince>0</failedSince>
        </case>
        <case>
          <duration>0.0</duration>
          <className>hudson.scheduler.CronTabDayOfWeekLocaleTest</className>
          <testName>isSundayAndNextRunIsNextSunday[129]</testName>
          <skipped>false</skipped>
          <failedSince>0</failedSince>
        </case>
        <case>
          <duration>0.0</duration>
          <className>hudson.scheduler.CronTabDayOfWeekLocaleTest</className>
          <testName>isSundayAndPreviousRunIsPreviousSunday[129]</testName>
          <skipped>false</skipped>
          <failedSince>0</failedSince>
        </case>
        <case>
          <duration>0.0</duration>
          <className>hudson.scheduler.CronTabDayOfWeekLocaleTest</className>
          <testName>isSundayAndNextRunIsNextSunday7[129]</testName>
          <skipped>false</skipped>
          <failedSince>0</failedSince>
        </case>
        <case>
          <duration>0.0</duration>
          <className>hudson.scheduler.CronTabDayOfWeekLocaleTest</className>
          <testName>isSundayAndPreviousRunIsPreviousSunday7[129]</testName>
          <skipped>false</skipped>
          <failedSince>0</failedSince>
        </case>
        <case>
          <duration>0.0</duration>
          <className>hudson.scheduler.CronTabDayOfWeekLocaleTest</className>
          <testName>isSaturdayAndNextRunIsSundayAsterisk[129]</testName>
          <skipped>false</skipped>
          <failedSince>0</failedSince>
        </case>
        <case>
          <duration>0.0</duration>
          <className>hudson.scheduler.CronTabDayOfWeekLocaleTest</className>
          <testName>isSundayAndPreviousRunIsSaturdayAsterisk[129]</testName>
          <skipped>false</skipped>
          <failedSince>0</failedSince>
        </case>
        <case>
          <duration>0.001</duration>
          <className>hudson.scheduler.CronTabDayOfWeekLocaleTest</className>
          <testName>hudson8658[130]</testName>
          <skipped>false</skipped>
          <failedSince>0</failedSince>
        </case>
        <case>
          <duration>0.0</duration>
          <className>hudson.scheduler.CronTabDayOfWeekLocaleTest</className>
          <testName>isSundayAndNextRunIsMonday[130]</testName>
          <skipped>false</skipped>
          <failedSince>0</failedSince>
        </case>
        <case>
          <duration>0.0</duration>
          <className>hudson.scheduler.CronTabDayOfWeekLocaleTest</className>
          <testName>isSundayAndPreviousRunIsMonday[130]</testName>
          <skipped>false</skipped>
          <failedSince>0</failedSince>
        </case>
        <case>
          <duration>0.0</duration>
          <className>hudson.scheduler.CronTabDayOfWeekLocaleTest</className>
          <testName>isSundayAndNextRunIsTuesday[130]</testName>
          <skipped>false</skipped>
          <failedSince>0</failedSince>
        </case>
        <case>
          <duration>0.0</duration>
          <className>hudson.scheduler.CronTabDayOfWeekLocaleTest</className>
          <testName>isSundayAndPreviousRunIsTuesday[130]</testName>
          <skipped>false</skipped>
          <failedSince>0</failedSince>
        </case>
        <case>
          <duration>0.0</duration>
          <className>hudson.scheduler.CronTabDayOfWeekLocaleTest</className>
          <testName>isSundayAndNextRunIsWednesday[130]</testName>
          <skipped>false</skipped>
          <failedSince>0</failedSince>
        </case>
        <case>
          <duration>0.0</duration>
          <className>hudson.scheduler.CronTabDayOfWeekLocaleTest</className>
          <testName>isSundayAndPreviousRunIsWednesday[130]</testName>
          <skipped>false</skipped>
          <failedSince>0</failedSince>
        </case>
        <case>
          <duration>0.0</duration>
          <className>hudson.scheduler.CronTabDayOfWeekLocaleTest</className>
          <testName>isSundayAndNextRunIsThursday[130]</testName>
          <skipped>false</skipped>
          <failedSince>0</failedSince>
        </case>
        <case>
          <duration>0.0</duration>
          <className>hudson.scheduler.CronTabDayOfWeekLocaleTest</className>
          <testName>isSundayAndPreviousRunIsThursday[130]</testName>
          <skipped>false</skipped>
          <failedSince>0</failedSince>
        </case>
        <case>
          <duration>0.0</duration>
          <className>hudson.scheduler.CronTabDayOfWeekLocaleTest</className>
          <testName>isSundayAndNextRunIsFriday[130]</testName>
          <skipped>false</skipped>
          <failedSince>0</failedSince>
        </case>
        <case>
          <duration>0.0</duration>
          <className>hudson.scheduler.CronTabDayOfWeekLocaleTest</className>
          <testName>isSundayAndPreviousRunIsFriday[130]</testName>
          <skipped>false</skipped>
          <failedSince>0</failedSince>
        </case>
        <case>
          <duration>0.0</duration>
          <className>hudson.scheduler.CronTabDayOfWeekLocaleTest</className>
          <testName>isSundayAndNextRunIsSaturday[130]</testName>
          <skipped>false</skipped>
          <failedSince>0</failedSince>
        </case>
        <case>
          <duration>0.0</duration>
          <className>hudson.scheduler.CronTabDayOfWeekLocaleTest</className>
          <testName>isSundayAndPreviousRunIsSaturday[130]</testName>
          <skipped>false</skipped>
          <failedSince>0</failedSince>
        </case>
        <case>
          <duration>0.0</duration>
          <className>hudson.scheduler.CronTabDayOfWeekLocaleTest</className>
          <testName>isSundayAndNextRunIsNextSunday[130]</testName>
          <skipped>false</skipped>
          <failedSince>0</failedSince>
        </case>
        <case>
          <duration>0.0</duration>
          <className>hudson.scheduler.CronTabDayOfWeekLocaleTest</className>
          <testName>isSundayAndPreviousRunIsPreviousSunday[130]</testName>
          <skipped>false</skipped>
          <failedSince>0</failedSince>
        </case>
        <case>
          <duration>0.0</duration>
          <className>hudson.scheduler.CronTabDayOfWeekLocaleTest</className>
          <testName>isSundayAndNextRunIsNextSunday7[130]</testName>
          <skipped>false</skipped>
          <failedSince>0</failedSince>
        </case>
        <case>
          <duration>0.0</duration>
          <className>hudson.scheduler.CronTabDayOfWeekLocaleTest</className>
          <testName>isSundayAndPreviousRunIsPreviousSunday7[130]</testName>
          <skipped>false</skipped>
          <failedSince>0</failedSince>
        </case>
        <case>
          <duration>0.0</duration>
          <className>hudson.scheduler.CronTabDayOfWeekLocaleTest</className>
          <testName>isSaturdayAndNextRunIsSundayAsterisk[130]</testName>
          <skipped>false</skipped>
          <failedSince>0</failedSince>
        </case>
        <case>
          <duration>0.0</duration>
          <className>hudson.scheduler.CronTabDayOfWeekLocaleTest</className>
          <testName>isSundayAndPreviousRunIsSaturdayAsterisk[130]</testName>
          <skipped>false</skipped>
          <failedSince>0</failedSince>
        </case>
        <case>
          <duration>0.0</duration>
          <className>hudson.scheduler.CronTabDayOfWeekLocaleTest</className>
          <testName>hudson8658[131]</testName>
          <skipped>false</skipped>
          <failedSince>0</failedSince>
        </case>
        <case>
          <duration>0.0</duration>
          <className>hudson.scheduler.CronTabDayOfWeekLocaleTest</className>
          <testName>isSundayAndNextRunIsMonday[131]</testName>
          <skipped>false</skipped>
          <failedSince>0</failedSince>
        </case>
        <case>
          <duration>0.0</duration>
          <className>hudson.scheduler.CronTabDayOfWeekLocaleTest</className>
          <testName>isSundayAndPreviousRunIsMonday[131]</testName>
          <skipped>false</skipped>
          <failedSince>0</failedSince>
        </case>
        <case>
          <duration>0.0</duration>
          <className>hudson.scheduler.CronTabDayOfWeekLocaleTest</className>
          <testName>isSundayAndNextRunIsTuesday[131]</testName>
          <skipped>false</skipped>
          <failedSince>0</failedSince>
        </case>
        <case>
          <duration>0.0</duration>
          <className>hudson.scheduler.CronTabDayOfWeekLocaleTest</className>
          <testName>isSundayAndPreviousRunIsTuesday[131]</testName>
          <skipped>false</skipped>
          <failedSince>0</failedSince>
        </case>
        <case>
          <duration>0.0</duration>
          <className>hudson.scheduler.CronTabDayOfWeekLocaleTest</className>
          <testName>isSundayAndNextRunIsWednesday[131]</testName>
          <skipped>false</skipped>
          <failedSince>0</failedSince>
        </case>
        <case>
          <duration>0.0</duration>
          <className>hudson.scheduler.CronTabDayOfWeekLocaleTest</className>
          <testName>isSundayAndPreviousRunIsWednesday[131]</testName>
          <skipped>false</skipped>
          <failedSince>0</failedSince>
        </case>
        <case>
          <duration>0.0</duration>
          <className>hudson.scheduler.CronTabDayOfWeekLocaleTest</className>
          <testName>isSundayAndNextRunIsThursday[131]</testName>
          <skipped>false</skipped>
          <failedSince>0</failedSince>
        </case>
        <case>
          <duration>0.0</duration>
          <className>hudson.scheduler.CronTabDayOfWeekLocaleTest</className>
          <testName>isSundayAndPreviousRunIsThursday[131]</testName>
          <skipped>false</skipped>
          <failedSince>0</failedSince>
        </case>
        <case>
          <duration>0.0</duration>
          <className>hudson.scheduler.CronTabDayOfWeekLocaleTest</className>
          <testName>isSundayAndNextRunIsFriday[131]</testName>
          <skipped>false</skipped>
          <failedSince>0</failedSince>
        </case>
        <case>
          <duration>0.0</duration>
          <className>hudson.scheduler.CronTabDayOfWeekLocaleTest</className>
          <testName>isSundayAndPreviousRunIsFriday[131]</testName>
          <skipped>false</skipped>
          <failedSince>0</failedSince>
        </case>
        <case>
          <duration>0.0</duration>
          <className>hudson.scheduler.CronTabDayOfWeekLocaleTest</className>
          <testName>isSundayAndNextRunIsSaturday[131]</testName>
          <skipped>false</skipped>
          <failedSince>0</failedSince>
        </case>
        <case>
          <duration>0.0</duration>
          <className>hudson.scheduler.CronTabDayOfWeekLocaleTest</className>
          <testName>isSundayAndPreviousRunIsSaturday[131]</testName>
          <skipped>false</skipped>
          <failedSince>0</failedSince>
        </case>
        <case>
          <duration>0.0</duration>
          <className>hudson.scheduler.CronTabDayOfWeekLocaleTest</className>
          <testName>isSundayAndNextRunIsNextSunday[131]</testName>
          <skipped>false</skipped>
          <failedSince>0</failedSince>
        </case>
        <case>
          <duration>0.0</duration>
          <className>hudson.scheduler.CronTabDayOfWeekLocaleTest</className>
          <testName>isSundayAndPreviousRunIsPreviousSunday[131]</testName>
          <skipped>false</skipped>
          <failedSince>0</failedSince>
        </case>
        <case>
          <duration>0.0</duration>
          <className>hudson.scheduler.CronTabDayOfWeekLocaleTest</className>
          <testName>isSundayAndNextRunIsNextSunday7[131]</testName>
          <skipped>false</skipped>
          <failedSince>0</failedSince>
        </case>
        <case>
          <duration>0.0</duration>
          <className>hudson.scheduler.CronTabDayOfWeekLocaleTest</className>
          <testName>isSundayAndPreviousRunIsPreviousSunday7[131]</testName>
          <skipped>false</skipped>
          <failedSince>0</failedSince>
        </case>
        <case>
          <duration>0.0</duration>
          <className>hudson.scheduler.CronTabDayOfWeekLocaleTest</className>
          <testName>isSaturdayAndNextRunIsSundayAsterisk[131]</testName>
          <skipped>false</skipped>
          <failedSince>0</failedSince>
        </case>
        <case>
          <duration>0.0</duration>
          <className>hudson.scheduler.CronTabDayOfWeekLocaleTest</className>
          <testName>isSundayAndPreviousRunIsSaturdayAsterisk[131]</testName>
          <skipped>false</skipped>
          <failedSince>0</failedSince>
        </case>
        <case>
          <duration>0.0</duration>
          <className>hudson.scheduler.CronTabDayOfWeekLocaleTest</className>
          <testName>hudson8658[132]</testName>
          <skipped>false</skipped>
          <failedSince>0</failedSince>
        </case>
        <case>
          <duration>0.0</duration>
          <className>hudson.scheduler.CronTabDayOfWeekLocaleTest</className>
          <testName>isSundayAndNextRunIsMonday[132]</testName>
          <skipped>false</skipped>
          <failedSince>0</failedSince>
        </case>
        <case>
          <duration>0.001</duration>
          <className>hudson.scheduler.CronTabDayOfWeekLocaleTest</className>
          <testName>isSundayAndPreviousRunIsMonday[132]</testName>
          <skipped>false</skipped>
          <failedSince>0</failedSince>
        </case>
        <case>
          <duration>0.0</duration>
          <className>hudson.scheduler.CronTabDayOfWeekLocaleTest</className>
          <testName>isSundayAndNextRunIsTuesday[132]</testName>
          <skipped>false</skipped>
          <failedSince>0</failedSince>
        </case>
        <case>
          <duration>0.0</duration>
          <className>hudson.scheduler.CronTabDayOfWeekLocaleTest</className>
          <testName>isSundayAndPreviousRunIsTuesday[132]</testName>
          <skipped>false</skipped>
          <failedSince>0</failedSince>
        </case>
        <case>
          <duration>0.001</duration>
          <className>hudson.scheduler.CronTabDayOfWeekLocaleTest</className>
          <testName>isSundayAndNextRunIsWednesday[132]</testName>
          <skipped>false</skipped>
          <failedSince>0</failedSince>
        </case>
        <case>
          <duration>0.0</duration>
          <className>hudson.scheduler.CronTabDayOfWeekLocaleTest</className>
          <testName>isSundayAndPreviousRunIsWednesday[132]</testName>
          <skipped>false</skipped>
          <failedSince>0</failedSince>
        </case>
        <case>
          <duration>0.0</duration>
          <className>hudson.scheduler.CronTabDayOfWeekLocaleTest</className>
          <testName>isSundayAndNextRunIsThursday[132]</testName>
          <skipped>false</skipped>
          <failedSince>0</failedSince>
        </case>
        <case>
          <duration>0.0</duration>
          <className>hudson.scheduler.CronTabDayOfWeekLocaleTest</className>
          <testName>isSundayAndPreviousRunIsThursday[132]</testName>
          <skipped>false</skipped>
          <failedSince>0</failedSince>
        </case>
        <case>
          <duration>0.0</duration>
          <className>hudson.scheduler.CronTabDayOfWeekLocaleTest</className>
          <testName>isSundayAndNextRunIsFriday[132]</testName>
          <skipped>false</skipped>
          <failedSince>0</failedSince>
        </case>
        <case>
          <duration>0.0</duration>
          <className>hudson.scheduler.CronTabDayOfWeekLocaleTest</className>
          <testName>isSundayAndPreviousRunIsFriday[132]</testName>
          <skipped>false</skipped>
          <failedSince>0</failedSince>
        </case>
        <case>
          <duration>0.0</duration>
          <className>hudson.scheduler.CronTabDayOfWeekLocaleTest</className>
          <testName>isSundayAndNextRunIsSaturday[132]</testName>
          <skipped>false</skipped>
          <failedSince>0</failedSince>
        </case>
        <case>
          <duration>0.001</duration>
          <className>hudson.scheduler.CronTabDayOfWeekLocaleTest</className>
          <testName>isSundayAndPreviousRunIsSaturday[132]</testName>
          <skipped>false</skipped>
          <failedSince>0</failedSince>
        </case>
        <case>
          <duration>0.0</duration>
          <className>hudson.scheduler.CronTabDayOfWeekLocaleTest</className>
          <testName>isSundayAndNextRunIsNextSunday[132]</testName>
          <skipped>false</skipped>
          <failedSince>0</failedSince>
        </case>
        <case>
          <duration>0.0</duration>
          <className>hudson.scheduler.CronTabDayOfWeekLocaleTest</className>
          <testName>isSundayAndPreviousRunIsPreviousSunday[132]</testName>
          <skipped>false</skipped>
          <failedSince>0</failedSince>
        </case>
        <case>
          <duration>0.001</duration>
          <className>hudson.scheduler.CronTabDayOfWeekLocaleTest</className>
          <testName>isSundayAndNextRunIsNextSunday7[132]</testName>
          <skipped>false</skipped>
          <failedSince>0</failedSince>
        </case>
        <case>
          <duration>0.0</duration>
          <className>hudson.scheduler.CronTabDayOfWeekLocaleTest</className>
          <testName>isSundayAndPreviousRunIsPreviousSunday7[132]</testName>
          <skipped>false</skipped>
          <failedSince>0</failedSince>
        </case>
        <case>
          <duration>0.0</duration>
          <className>hudson.scheduler.CronTabDayOfWeekLocaleTest</className>
          <testName>isSaturdayAndNextRunIsSundayAsterisk[132]</testName>
          <skipped>false</skipped>
          <failedSince>0</failedSince>
        </case>
        <case>
          <duration>0.0</duration>
          <className>hudson.scheduler.CronTabDayOfWeekLocaleTest</className>
          <testName>isSundayAndPreviousRunIsSaturdayAsterisk[132]</testName>
          <skipped>false</skipped>
          <failedSince>0</failedSince>
        </case>
        <case>
          <duration>0.0</duration>
          <className>hudson.scheduler.CronTabDayOfWeekLocaleTest</className>
          <testName>hudson8658[133]</testName>
          <skipped>false</skipped>
          <failedSince>0</failedSince>
        </case>
        <case>
          <duration>0.0</duration>
          <className>hudson.scheduler.CronTabDayOfWeekLocaleTest</className>
          <testName>isSundayAndNextRunIsMonday[133]</testName>
          <skipped>false</skipped>
          <failedSince>0</failedSince>
        </case>
        <case>
          <duration>0.001</duration>
          <className>hudson.scheduler.CronTabDayOfWeekLocaleTest</className>
          <testName>isSundayAndPreviousRunIsMonday[133]</testName>
          <skipped>false</skipped>
          <failedSince>0</failedSince>
        </case>
        <case>
          <duration>0.0</duration>
          <className>hudson.scheduler.CronTabDayOfWeekLocaleTest</className>
          <testName>isSundayAndNextRunIsTuesday[133]</testName>
          <skipped>false</skipped>
          <failedSince>0</failedSince>
        </case>
        <case>
          <duration>0.0</duration>
          <className>hudson.scheduler.CronTabDayOfWeekLocaleTest</className>
          <testName>isSundayAndPreviousRunIsTuesday[133]</testName>
          <skipped>false</skipped>
          <failedSince>0</failedSince>
        </case>
        <case>
          <duration>0.0</duration>
          <className>hudson.scheduler.CronTabDayOfWeekLocaleTest</className>
          <testName>isSundayAndNextRunIsWednesday[133]</testName>
          <skipped>false</skipped>
          <failedSince>0</failedSince>
        </case>
        <case>
          <duration>0.0</duration>
          <className>hudson.scheduler.CronTabDayOfWeekLocaleTest</className>
          <testName>isSundayAndPreviousRunIsWednesday[133]</testName>
          <skipped>false</skipped>
          <failedSince>0</failedSince>
        </case>
        <case>
          <duration>0.0</duration>
          <className>hudson.scheduler.CronTabDayOfWeekLocaleTest</className>
          <testName>isSundayAndNextRunIsThursday[133]</testName>
          <skipped>false</skipped>
          <failedSince>0</failedSince>
        </case>
        <case>
          <duration>0.0</duration>
          <className>hudson.scheduler.CronTabDayOfWeekLocaleTest</className>
          <testName>isSundayAndPreviousRunIsThursday[133]</testName>
          <skipped>false</skipped>
          <failedSince>0</failedSince>
        </case>
        <case>
          <duration>0.001</duration>
          <className>hudson.scheduler.CronTabDayOfWeekLocaleTest</className>
          <testName>isSundayAndNextRunIsFriday[133]</testName>
          <skipped>false</skipped>
          <failedSince>0</failedSince>
        </case>
        <case>
          <duration>0.0</duration>
          <className>hudson.scheduler.CronTabDayOfWeekLocaleTest</className>
          <testName>isSundayAndPreviousRunIsFriday[133]</testName>
          <skipped>false</skipped>
          <failedSince>0</failedSince>
        </case>
        <case>
          <duration>0.0</duration>
          <className>hudson.scheduler.CronTabDayOfWeekLocaleTest</className>
          <testName>isSundayAndNextRunIsSaturday[133]</testName>
          <skipped>false</skipped>
          <failedSince>0</failedSince>
        </case>
        <case>
          <duration>0.001</duration>
          <className>hudson.scheduler.CronTabDayOfWeekLocaleTest</className>
          <testName>isSundayAndPreviousRunIsSaturday[133]</testName>
          <skipped>false</skipped>
          <failedSince>0</failedSince>
        </case>
        <case>
          <duration>0.0</duration>
          <className>hudson.scheduler.CronTabDayOfWeekLocaleTest</className>
          <testName>isSundayAndNextRunIsNextSunday[133]</testName>
          <skipped>false</skipped>
          <failedSince>0</failedSince>
        </case>
        <case>
          <duration>0.0</duration>
          <className>hudson.scheduler.CronTabDayOfWeekLocaleTest</className>
          <testName>isSundayAndPreviousRunIsPreviousSunday[133]</testName>
          <skipped>false</skipped>
          <failedSince>0</failedSince>
        </case>
        <case>
          <duration>0.001</duration>
          <className>hudson.scheduler.CronTabDayOfWeekLocaleTest</className>
          <testName>isSundayAndNextRunIsNextSunday7[133]</testName>
          <skipped>false</skipped>
          <failedSince>0</failedSince>
        </case>
        <case>
          <duration>0.0</duration>
          <className>hudson.scheduler.CronTabDayOfWeekLocaleTest</className>
          <testName>isSundayAndPreviousRunIsPreviousSunday7[133]</testName>
          <skipped>false</skipped>
          <failedSince>0</failedSince>
        </case>
        <case>
          <duration>0.0</duration>
          <className>hudson.scheduler.CronTabDayOfWeekLocaleTest</className>
          <testName>isSaturdayAndNextRunIsSundayAsterisk[133]</testName>
          <skipped>false</skipped>
          <failedSince>0</failedSince>
        </case>
        <case>
          <duration>0.0</duration>
          <className>hudson.scheduler.CronTabDayOfWeekLocaleTest</className>
          <testName>isSundayAndPreviousRunIsSaturdayAsterisk[133]</testName>
          <skipped>false</skipped>
          <failedSince>0</failedSince>
        </case>
        <case>
          <duration>0.0</duration>
          <className>hudson.scheduler.CronTabDayOfWeekLocaleTest</className>
          <testName>hudson8658[134]</testName>
          <skipped>false</skipped>
          <failedSince>0</failedSince>
        </case>
        <case>
          <duration>0.0</duration>
          <className>hudson.scheduler.CronTabDayOfWeekLocaleTest</className>
          <testName>isSundayAndNextRunIsMonday[134]</testName>
          <skipped>false</skipped>
          <failedSince>0</failedSince>
        </case>
        <case>
          <duration>0.001</duration>
          <className>hudson.scheduler.CronTabDayOfWeekLocaleTest</className>
          <testName>isSundayAndPreviousRunIsMonday[134]</testName>
          <skipped>false</skipped>
          <failedSince>0</failedSince>
        </case>
        <case>
          <duration>0.0</duration>
          <className>hudson.scheduler.CronTabDayOfWeekLocaleTest</className>
          <testName>isSundayAndNextRunIsTuesday[134]</testName>
          <skipped>false</skipped>
          <failedSince>0</failedSince>
        </case>
        <case>
          <duration>0.0</duration>
          <className>hudson.scheduler.CronTabDayOfWeekLocaleTest</className>
          <testName>isSundayAndPreviousRunIsTuesday[134]</testName>
          <skipped>false</skipped>
          <failedSince>0</failedSince>
        </case>
        <case>
          <duration>0.0</duration>
          <className>hudson.scheduler.CronTabDayOfWeekLocaleTest</className>
          <testName>isSundayAndNextRunIsWednesday[134]</testName>
          <skipped>false</skipped>
          <failedSince>0</failedSince>
        </case>
        <case>
          <duration>0.0</duration>
          <className>hudson.scheduler.CronTabDayOfWeekLocaleTest</className>
          <testName>isSundayAndPreviousRunIsWednesday[134]</testName>
          <skipped>false</skipped>
          <failedSince>0</failedSince>
        </case>
        <case>
          <duration>0.0</duration>
          <className>hudson.scheduler.CronTabDayOfWeekLocaleTest</className>
          <testName>isSundayAndNextRunIsThursday[134]</testName>
          <skipped>false</skipped>
          <failedSince>0</failedSince>
        </case>
        <case>
          <duration>0.0</duration>
          <className>hudson.scheduler.CronTabDayOfWeekLocaleTest</className>
          <testName>isSundayAndPreviousRunIsThursday[134]</testName>
          <skipped>false</skipped>
          <failedSince>0</failedSince>
        </case>
        <case>
          <duration>0.001</duration>
          <className>hudson.scheduler.CronTabDayOfWeekLocaleTest</className>
          <testName>isSundayAndNextRunIsFriday[134]</testName>
          <skipped>false</skipped>
          <failedSince>0</failedSince>
        </case>
        <case>
          <duration>0.0</duration>
          <className>hudson.scheduler.CronTabDayOfWeekLocaleTest</className>
          <testName>isSundayAndPreviousRunIsFriday[134]</testName>
          <skipped>false</skipped>
          <failedSince>0</failedSince>
        </case>
        <case>
          <duration>0.0</duration>
          <className>hudson.scheduler.CronTabDayOfWeekLocaleTest</className>
          <testName>isSundayAndNextRunIsSaturday[134]</testName>
          <skipped>false</skipped>
          <failedSince>0</failedSince>
        </case>
        <case>
          <duration>0.001</duration>
          <className>hudson.scheduler.CronTabDayOfWeekLocaleTest</className>
          <testName>isSundayAndPreviousRunIsSaturday[134]</testName>
          <skipped>false</skipped>
          <failedSince>0</failedSince>
        </case>
        <case>
          <duration>0.0</duration>
          <className>hudson.scheduler.CronTabDayOfWeekLocaleTest</className>
          <testName>isSundayAndNextRunIsNextSunday[134]</testName>
          <skipped>false</skipped>
          <failedSince>0</failedSince>
        </case>
        <case>
          <duration>0.0</duration>
          <className>hudson.scheduler.CronTabDayOfWeekLocaleTest</className>
          <testName>isSundayAndPreviousRunIsPreviousSunday[134]</testName>
          <skipped>false</skipped>
          <failedSince>0</failedSince>
        </case>
        <case>
          <duration>0.001</duration>
          <className>hudson.scheduler.CronTabDayOfWeekLocaleTest</className>
          <testName>isSundayAndNextRunIsNextSunday7[134]</testName>
          <skipped>false</skipped>
          <failedSince>0</failedSince>
        </case>
        <case>
          <duration>0.0</duration>
          <className>hudson.scheduler.CronTabDayOfWeekLocaleTest</className>
          <testName>isSundayAndPreviousRunIsPreviousSunday7[134]</testName>
          <skipped>false</skipped>
          <failedSince>0</failedSince>
        </case>
        <case>
          <duration>0.0</duration>
          <className>hudson.scheduler.CronTabDayOfWeekLocaleTest</className>
          <testName>isSaturdayAndNextRunIsSundayAsterisk[134]</testName>
          <skipped>false</skipped>
          <failedSince>0</failedSince>
        </case>
        <case>
          <duration>0.0</duration>
          <className>hudson.scheduler.CronTabDayOfWeekLocaleTest</className>
          <testName>isSundayAndPreviousRunIsSaturdayAsterisk[134]</testName>
          <skipped>false</skipped>
          <failedSince>0</failedSince>
        </case>
        <case>
          <duration>0.0</duration>
          <className>hudson.scheduler.CronTabDayOfWeekLocaleTest</className>
          <testName>hudson8658[135]</testName>
          <skipped>false</skipped>
          <failedSince>0</failedSince>
        </case>
        <case>
          <duration>0.0</duration>
          <className>hudson.scheduler.CronTabDayOfWeekLocaleTest</className>
          <testName>isSundayAndNextRunIsMonday[135]</testName>
          <skipped>false</skipped>
          <failedSince>0</failedSince>
        </case>
        <case>
          <duration>0.0</duration>
          <className>hudson.scheduler.CronTabDayOfWeekLocaleTest</className>
          <testName>isSundayAndPreviousRunIsMonday[135]</testName>
          <skipped>false</skipped>
          <failedSince>0</failedSince>
        </case>
        <case>
          <duration>0.0</duration>
          <className>hudson.scheduler.CronTabDayOfWeekLocaleTest</className>
          <testName>isSundayAndNextRunIsTuesday[135]</testName>
          <skipped>false</skipped>
          <failedSince>0</failedSince>
        </case>
        <case>
          <duration>0.0</duration>
          <className>hudson.scheduler.CronTabDayOfWeekLocaleTest</className>
          <testName>isSundayAndPreviousRunIsTuesday[135]</testName>
          <skipped>false</skipped>
          <failedSince>0</failedSince>
        </case>
        <case>
          <duration>0.0</duration>
          <className>hudson.scheduler.CronTabDayOfWeekLocaleTest</className>
          <testName>isSundayAndNextRunIsWednesday[135]</testName>
          <skipped>false</skipped>
          <failedSince>0</failedSince>
        </case>
        <case>
          <duration>0.001</duration>
          <className>hudson.scheduler.CronTabDayOfWeekLocaleTest</className>
          <testName>isSundayAndPreviousRunIsWednesday[135]</testName>
          <skipped>false</skipped>
          <failedSince>0</failedSince>
        </case>
        <case>
          <duration>0.0</duration>
          <className>hudson.scheduler.CronTabDayOfWeekLocaleTest</className>
          <testName>isSundayAndNextRunIsThursday[135]</testName>
          <skipped>false</skipped>
          <failedSince>0</failedSince>
        </case>
        <case>
          <duration>0.0</duration>
          <className>hudson.scheduler.CronTabDayOfWeekLocaleTest</className>
          <testName>isSundayAndPreviousRunIsThursday[135]</testName>
          <skipped>false</skipped>
          <failedSince>0</failedSince>
        </case>
        <case>
          <duration>0.0</duration>
          <className>hudson.scheduler.CronTabDayOfWeekLocaleTest</className>
          <testName>isSundayAndNextRunIsFriday[135]</testName>
          <skipped>false</skipped>
          <failedSince>0</failedSince>
        </case>
        <case>
          <duration>0.0</duration>
          <className>hudson.scheduler.CronTabDayOfWeekLocaleTest</className>
          <testName>isSundayAndPreviousRunIsFriday[135]</testName>
          <skipped>false</skipped>
          <failedSince>0</failedSince>
        </case>
        <case>
          <duration>0.0</duration>
          <className>hudson.scheduler.CronTabDayOfWeekLocaleTest</className>
          <testName>isSundayAndNextRunIsSaturday[135]</testName>
          <skipped>false</skipped>
          <failedSince>0</failedSince>
        </case>
        <case>
          <duration>0.0</duration>
          <className>hudson.scheduler.CronTabDayOfWeekLocaleTest</className>
          <testName>isSundayAndPreviousRunIsSaturday[135]</testName>
          <skipped>false</skipped>
          <failedSince>0</failedSince>
        </case>
        <case>
          <duration>0.001</duration>
          <className>hudson.scheduler.CronTabDayOfWeekLocaleTest</className>
          <testName>isSundayAndNextRunIsNextSunday[135]</testName>
          <skipped>false</skipped>
          <failedSince>0</failedSince>
        </case>
        <case>
          <duration>0.0</duration>
          <className>hudson.scheduler.CronTabDayOfWeekLocaleTest</className>
          <testName>isSundayAndPreviousRunIsPreviousSunday[135]</testName>
          <skipped>false</skipped>
          <failedSince>0</failedSince>
        </case>
        <case>
          <duration>0.0</duration>
          <className>hudson.scheduler.CronTabDayOfWeekLocaleTest</className>
          <testName>isSundayAndNextRunIsNextSunday7[135]</testName>
          <skipped>false</skipped>
          <failedSince>0</failedSince>
        </case>
        <case>
          <duration>0.0</duration>
          <className>hudson.scheduler.CronTabDayOfWeekLocaleTest</className>
          <testName>isSundayAndPreviousRunIsPreviousSunday7[135]</testName>
          <skipped>false</skipped>
          <failedSince>0</failedSince>
        </case>
        <case>
          <duration>0.0</duration>
          <className>hudson.scheduler.CronTabDayOfWeekLocaleTest</className>
          <testName>isSaturdayAndNextRunIsSundayAsterisk[135]</testName>
          <skipped>false</skipped>
          <failedSince>0</failedSince>
        </case>
        <case>
          <duration>0.0</duration>
          <className>hudson.scheduler.CronTabDayOfWeekLocaleTest</className>
          <testName>isSundayAndPreviousRunIsSaturdayAsterisk[135]</testName>
          <skipped>false</skipped>
          <failedSince>0</failedSince>
        </case>
        <case>
          <duration>0.0</duration>
          <className>hudson.scheduler.CronTabDayOfWeekLocaleTest</className>
          <testName>hudson8658[136]</testName>
          <skipped>false</skipped>
          <failedSince>0</failedSince>
        </case>
        <case>
          <duration>0.0</duration>
          <className>hudson.scheduler.CronTabDayOfWeekLocaleTest</className>
          <testName>isSundayAndNextRunIsMonday[136]</testName>
          <skipped>false</skipped>
          <failedSince>0</failedSince>
        </case>
        <case>
          <duration>0.0</duration>
          <className>hudson.scheduler.CronTabDayOfWeekLocaleTest</className>
          <testName>isSundayAndPreviousRunIsMonday[136]</testName>
          <skipped>false</skipped>
          <failedSince>0</failedSince>
        </case>
        <case>
          <duration>0.0</duration>
          <className>hudson.scheduler.CronTabDayOfWeekLocaleTest</className>
          <testName>isSundayAndNextRunIsTuesday[136]</testName>
          <skipped>false</skipped>
          <failedSince>0</failedSince>
        </case>
        <case>
          <duration>0.0</duration>
          <className>hudson.scheduler.CronTabDayOfWeekLocaleTest</className>
          <testName>isSundayAndPreviousRunIsTuesday[136]</testName>
          <skipped>false</skipped>
          <failedSince>0</failedSince>
        </case>
        <case>
          <duration>0.0</duration>
          <className>hudson.scheduler.CronTabDayOfWeekLocaleTest</className>
          <testName>isSundayAndNextRunIsWednesday[136]</testName>
          <skipped>false</skipped>
          <failedSince>0</failedSince>
        </case>
        <case>
          <duration>0.0</duration>
          <className>hudson.scheduler.CronTabDayOfWeekLocaleTest</className>
          <testName>isSundayAndPreviousRunIsWednesday[136]</testName>
          <skipped>false</skipped>
          <failedSince>0</failedSince>
        </case>
        <case>
          <duration>0.001</duration>
          <className>hudson.scheduler.CronTabDayOfWeekLocaleTest</className>
          <testName>isSundayAndNextRunIsThursday[136]</testName>
          <skipped>false</skipped>
          <failedSince>0</failedSince>
        </case>
        <case>
          <duration>0.0</duration>
          <className>hudson.scheduler.CronTabDayOfWeekLocaleTest</className>
          <testName>isSundayAndPreviousRunIsThursday[136]</testName>
          <skipped>false</skipped>
          <failedSince>0</failedSince>
        </case>
        <case>
          <duration>0.0</duration>
          <className>hudson.scheduler.CronTabDayOfWeekLocaleTest</className>
          <testName>isSundayAndNextRunIsFriday[136]</testName>
          <skipped>false</skipped>
          <failedSince>0</failedSince>
        </case>
        <case>
          <duration>0.0</duration>
          <className>hudson.scheduler.CronTabDayOfWeekLocaleTest</className>
          <testName>isSundayAndPreviousRunIsFriday[136]</testName>
          <skipped>false</skipped>
          <failedSince>0</failedSince>
        </case>
        <case>
          <duration>0.0</duration>
          <className>hudson.scheduler.CronTabDayOfWeekLocaleTest</className>
          <testName>isSundayAndNextRunIsSaturday[136]</testName>
          <skipped>false</skipped>
          <failedSince>0</failedSince>
        </case>
        <case>
          <duration>0.0</duration>
          <className>hudson.scheduler.CronTabDayOfWeekLocaleTest</className>
          <testName>isSundayAndPreviousRunIsSaturday[136]</testName>
          <skipped>false</skipped>
          <failedSince>0</failedSince>
        </case>
        <case>
          <duration>0.0</duration>
          <className>hudson.scheduler.CronTabDayOfWeekLocaleTest</className>
          <testName>isSundayAndNextRunIsNextSunday[136]</testName>
          <skipped>false</skipped>
          <failedSince>0</failedSince>
        </case>
        <case>
          <duration>0.0</duration>
          <className>hudson.scheduler.CronTabDayOfWeekLocaleTest</className>
          <testName>isSundayAndPreviousRunIsPreviousSunday[136]</testName>
          <skipped>false</skipped>
          <failedSince>0</failedSince>
        </case>
        <case>
          <duration>0.0</duration>
          <className>hudson.scheduler.CronTabDayOfWeekLocaleTest</className>
          <testName>isSundayAndNextRunIsNextSunday7[136]</testName>
          <skipped>false</skipped>
          <failedSince>0</failedSince>
        </case>
        <case>
          <duration>0.001</duration>
          <className>hudson.scheduler.CronTabDayOfWeekLocaleTest</className>
          <testName>isSundayAndPreviousRunIsPreviousSunday7[136]</testName>
          <skipped>false</skipped>
          <failedSince>0</failedSince>
        </case>
        <case>
          <duration>0.0</duration>
          <className>hudson.scheduler.CronTabDayOfWeekLocaleTest</className>
          <testName>isSaturdayAndNextRunIsSundayAsterisk[136]</testName>
          <skipped>false</skipped>
          <failedSince>0</failedSince>
        </case>
        <case>
          <duration>0.0</duration>
          <className>hudson.scheduler.CronTabDayOfWeekLocaleTest</className>
          <testName>isSundayAndPreviousRunIsSaturdayAsterisk[136]</testName>
          <skipped>false</skipped>
          <failedSince>0</failedSince>
        </case>
        <case>
          <duration>0.0</duration>
          <className>hudson.scheduler.CronTabDayOfWeekLocaleTest</className>
          <testName>hudson8658[137]</testName>
          <skipped>false</skipped>
          <failedSince>0</failedSince>
        </case>
        <case>
          <duration>0.001</duration>
          <className>hudson.scheduler.CronTabDayOfWeekLocaleTest</className>
          <testName>isSundayAndNextRunIsMonday[137]</testName>
          <skipped>false</skipped>
          <failedSince>0</failedSince>
        </case>
        <case>
          <duration>0.0</duration>
          <className>hudson.scheduler.CronTabDayOfWeekLocaleTest</className>
          <testName>isSundayAndPreviousRunIsMonday[137]</testName>
          <skipped>false</skipped>
          <failedSince>0</failedSince>
        </case>
        <case>
          <duration>0.0</duration>
          <className>hudson.scheduler.CronTabDayOfWeekLocaleTest</className>
          <testName>isSundayAndNextRunIsTuesday[137]</testName>
          <skipped>false</skipped>
          <failedSince>0</failedSince>
        </case>
        <case>
          <duration>0.0</duration>
          <className>hudson.scheduler.CronTabDayOfWeekLocaleTest</className>
          <testName>isSundayAndPreviousRunIsTuesday[137]</testName>
          <skipped>false</skipped>
          <failedSince>0</failedSince>
        </case>
        <case>
          <duration>0.0</duration>
          <className>hudson.scheduler.CronTabDayOfWeekLocaleTest</className>
          <testName>isSundayAndNextRunIsWednesday[137]</testName>
          <skipped>false</skipped>
          <failedSince>0</failedSince>
        </case>
        <case>
          <duration>0.0</duration>
          <className>hudson.scheduler.CronTabDayOfWeekLocaleTest</className>
          <testName>isSundayAndPreviousRunIsWednesday[137]</testName>
          <skipped>false</skipped>
          <failedSince>0</failedSince>
        </case>
        <case>
          <duration>0.0</duration>
          <className>hudson.scheduler.CronTabDayOfWeekLocaleTest</className>
          <testName>isSundayAndNextRunIsThursday[137]</testName>
          <skipped>false</skipped>
          <failedSince>0</failedSince>
        </case>
        <case>
          <duration>0.0</duration>
          <className>hudson.scheduler.CronTabDayOfWeekLocaleTest</className>
          <testName>isSundayAndPreviousRunIsThursday[137]</testName>
          <skipped>false</skipped>
          <failedSince>0</failedSince>
        </case>
        <case>
          <duration>0.0</duration>
          <className>hudson.scheduler.CronTabDayOfWeekLocaleTest</className>
          <testName>isSundayAndNextRunIsFriday[137]</testName>
          <skipped>false</skipped>
          <failedSince>0</failedSince>
        </case>
        <case>
          <duration>0.001</duration>
          <className>hudson.scheduler.CronTabDayOfWeekLocaleTest</className>
          <testName>isSundayAndPreviousRunIsFriday[137]</testName>
          <skipped>false</skipped>
          <failedSince>0</failedSince>
        </case>
        <case>
          <duration>0.0</duration>
          <className>hudson.scheduler.CronTabDayOfWeekLocaleTest</className>
          <testName>isSundayAndNextRunIsSaturday[137]</testName>
          <skipped>false</skipped>
          <failedSince>0</failedSince>
        </case>
        <case>
          <duration>0.0</duration>
          <className>hudson.scheduler.CronTabDayOfWeekLocaleTest</className>
          <testName>isSundayAndPreviousRunIsSaturday[137]</testName>
          <skipped>false</skipped>
          <failedSince>0</failedSince>
        </case>
        <case>
          <duration>0.0</duration>
          <className>hudson.scheduler.CronTabDayOfWeekLocaleTest</className>
          <testName>isSundayAndNextRunIsNextSunday[137]</testName>
          <skipped>false</skipped>
          <failedSince>0</failedSince>
        </case>
        <case>
          <duration>0.0</duration>
          <className>hudson.scheduler.CronTabDayOfWeekLocaleTest</className>
          <testName>isSundayAndPreviousRunIsPreviousSunday[137]</testName>
          <skipped>false</skipped>
          <failedSince>0</failedSince>
        </case>
        <case>
          <duration>0.0</duration>
          <className>hudson.scheduler.CronTabDayOfWeekLocaleTest</className>
          <testName>isSundayAndNextRunIsNextSunday7[137]</testName>
          <skipped>false</skipped>
          <failedSince>0</failedSince>
        </case>
        <case>
          <duration>0.0</duration>
          <className>hudson.scheduler.CronTabDayOfWeekLocaleTest</className>
          <testName>isSundayAndPreviousRunIsPreviousSunday7[137]</testName>
          <skipped>false</skipped>
          <failedSince>0</failedSince>
        </case>
        <case>
          <duration>0.0</duration>
          <className>hudson.scheduler.CronTabDayOfWeekLocaleTest</className>
          <testName>isSaturdayAndNextRunIsSundayAsterisk[137]</testName>
          <skipped>false</skipped>
          <failedSince>0</failedSince>
        </case>
        <case>
          <duration>0.0</duration>
          <className>hudson.scheduler.CronTabDayOfWeekLocaleTest</className>
          <testName>isSundayAndPreviousRunIsSaturdayAsterisk[137]</testName>
          <skipped>false</skipped>
          <failedSince>0</failedSince>
        </case>
        <case>
          <duration>0.0</duration>
          <className>hudson.scheduler.CronTabDayOfWeekLocaleTest</className>
          <testName>hudson8658[138]</testName>
          <skipped>false</skipped>
          <failedSince>0</failedSince>
        </case>
        <case>
          <duration>0.0</duration>
          <className>hudson.scheduler.CronTabDayOfWeekLocaleTest</className>
          <testName>isSundayAndNextRunIsMonday[138]</testName>
          <skipped>false</skipped>
          <failedSince>0</failedSince>
        </case>
        <case>
          <duration>0.0</duration>
          <className>hudson.scheduler.CronTabDayOfWeekLocaleTest</className>
          <testName>isSundayAndPreviousRunIsMonday[138]</testName>
          <skipped>false</skipped>
          <failedSince>0</failedSince>
        </case>
        <case>
          <duration>0.0</duration>
          <className>hudson.scheduler.CronTabDayOfWeekLocaleTest</className>
          <testName>isSundayAndNextRunIsTuesday[138]</testName>
          <skipped>false</skipped>
          <failedSince>0</failedSince>
        </case>
        <case>
          <duration>0.001</duration>
          <className>hudson.scheduler.CronTabDayOfWeekLocaleTest</className>
          <testName>isSundayAndPreviousRunIsTuesday[138]</testName>
          <skipped>false</skipped>
          <failedSince>0</failedSince>
        </case>
        <case>
          <duration>0.0</duration>
          <className>hudson.scheduler.CronTabDayOfWeekLocaleTest</className>
          <testName>isSundayAndNextRunIsWednesday[138]</testName>
          <skipped>false</skipped>
          <failedSince>0</failedSince>
        </case>
        <case>
          <duration>0.0</duration>
          <className>hudson.scheduler.CronTabDayOfWeekLocaleTest</className>
          <testName>isSundayAndPreviousRunIsWednesday[138]</testName>
          <skipped>false</skipped>
          <failedSince>0</failedSince>
        </case>
        <case>
          <duration>0.0</duration>
          <className>hudson.scheduler.CronTabDayOfWeekLocaleTest</className>
          <testName>isSundayAndNextRunIsThursday[138]</testName>
          <skipped>false</skipped>
          <failedSince>0</failedSince>
        </case>
        <case>
          <duration>0.0</duration>
          <className>hudson.scheduler.CronTabDayOfWeekLocaleTest</className>
          <testName>isSundayAndPreviousRunIsThursday[138]</testName>
          <skipped>false</skipped>
          <failedSince>0</failedSince>
        </case>
        <case>
          <duration>0.001</duration>
          <className>hudson.scheduler.CronTabDayOfWeekLocaleTest</className>
          <testName>isSundayAndNextRunIsFriday[138]</testName>
          <skipped>false</skipped>
          <failedSince>0</failedSince>
        </case>
        <case>
          <duration>0.0</duration>
          <className>hudson.scheduler.CronTabDayOfWeekLocaleTest</className>
          <testName>isSundayAndPreviousRunIsFriday[138]</testName>
          <skipped>false</skipped>
          <failedSince>0</failedSince>
        </case>
        <case>
          <duration>0.0</duration>
          <className>hudson.scheduler.CronTabDayOfWeekLocaleTest</className>
          <testName>isSundayAndNextRunIsSaturday[138]</testName>
          <skipped>false</skipped>
          <failedSince>0</failedSince>
        </case>
        <case>
          <duration>0.0</duration>
          <className>hudson.scheduler.CronTabDayOfWeekLocaleTest</className>
          <testName>isSundayAndPreviousRunIsSaturday[138]</testName>
          <skipped>false</skipped>
          <failedSince>0</failedSince>
        </case>
        <case>
          <duration>0.001</duration>
          <className>hudson.scheduler.CronTabDayOfWeekLocaleTest</className>
          <testName>isSundayAndNextRunIsNextSunday[138]</testName>
          <skipped>false</skipped>
          <failedSince>0</failedSince>
        </case>
        <case>
          <duration>0.0</duration>
          <className>hudson.scheduler.CronTabDayOfWeekLocaleTest</className>
          <testName>isSundayAndPreviousRunIsPreviousSunday[138]</testName>
          <skipped>false</skipped>
          <failedSince>0</failedSince>
        </case>
        <case>
          <duration>0.0</duration>
          <className>hudson.scheduler.CronTabDayOfWeekLocaleTest</className>
          <testName>isSundayAndNextRunIsNextSunday7[138]</testName>
          <skipped>false</skipped>
          <failedSince>0</failedSince>
        </case>
        <case>
          <duration>0.0</duration>
          <className>hudson.scheduler.CronTabDayOfWeekLocaleTest</className>
          <testName>isSundayAndPreviousRunIsPreviousSunday7[138]</testName>
          <skipped>false</skipped>
          <failedSince>0</failedSince>
        </case>
        <case>
          <duration>0.001</duration>
          <className>hudson.scheduler.CronTabDayOfWeekLocaleTest</className>
          <testName>isSaturdayAndNextRunIsSundayAsterisk[138]</testName>
          <skipped>false</skipped>
          <failedSince>0</failedSince>
        </case>
        <case>
          <duration>0.0</duration>
          <className>hudson.scheduler.CronTabDayOfWeekLocaleTest</className>
          <testName>isSundayAndPreviousRunIsSaturdayAsterisk[138]</testName>
          <skipped>false</skipped>
          <failedSince>0</failedSince>
        </case>
        <case>
          <duration>0.0</duration>
          <className>hudson.scheduler.CronTabDayOfWeekLocaleTest</className>
          <testName>hudson8658[139]</testName>
          <skipped>false</skipped>
          <failedSince>0</failedSince>
        </case>
        <case>
          <duration>0.0</duration>
          <className>hudson.scheduler.CronTabDayOfWeekLocaleTest</className>
          <testName>isSundayAndNextRunIsMonday[139]</testName>
          <skipped>false</skipped>
          <failedSince>0</failedSince>
        </case>
        <case>
          <duration>0.001</duration>
          <className>hudson.scheduler.CronTabDayOfWeekLocaleTest</className>
          <testName>isSundayAndPreviousRunIsMonday[139]</testName>
          <skipped>false</skipped>
          <failedSince>0</failedSince>
        </case>
        <case>
          <duration>0.0</duration>
          <className>hudson.scheduler.CronTabDayOfWeekLocaleTest</className>
          <testName>isSundayAndNextRunIsTuesday[139]</testName>
          <skipped>false</skipped>
          <failedSince>0</failedSince>
        </case>
        <case>
          <duration>0.0</duration>
          <className>hudson.scheduler.CronTabDayOfWeekLocaleTest</className>
          <testName>isSundayAndPreviousRunIsTuesday[139]</testName>
          <skipped>false</skipped>
          <failedSince>0</failedSince>
        </case>
        <case>
          <duration>0.0</duration>
          <className>hudson.scheduler.CronTabDayOfWeekLocaleTest</className>
          <testName>isSundayAndNextRunIsWednesday[139]</testName>
          <skipped>false</skipped>
          <failedSince>0</failedSince>
        </case>
        <case>
          <duration>0.0</duration>
          <className>hudson.scheduler.CronTabDayOfWeekLocaleTest</className>
          <testName>isSundayAndPreviousRunIsWednesday[139]</testName>
          <skipped>false</skipped>
          <failedSince>0</failedSince>
        </case>
        <case>
          <duration>0.0</duration>
          <className>hudson.scheduler.CronTabDayOfWeekLocaleTest</className>
          <testName>isSundayAndNextRunIsThursday[139]</testName>
          <skipped>false</skipped>
          <failedSince>0</failedSince>
        </case>
        <case>
          <duration>0.0</duration>
          <className>hudson.scheduler.CronTabDayOfWeekLocaleTest</className>
          <testName>isSundayAndPreviousRunIsThursday[139]</testName>
          <skipped>false</skipped>
          <failedSince>0</failedSince>
        </case>
        <case>
          <duration>0.0</duration>
          <className>hudson.scheduler.CronTabDayOfWeekLocaleTest</className>
          <testName>isSundayAndNextRunIsFriday[139]</testName>
          <skipped>false</skipped>
          <failedSince>0</failedSince>
        </case>
        <case>
          <duration>0.0</duration>
          <className>hudson.scheduler.CronTabDayOfWeekLocaleTest</className>
          <testName>isSundayAndPreviousRunIsFriday[139]</testName>
          <skipped>false</skipped>
          <failedSince>0</failedSince>
        </case>
        <case>
          <duration>0.001</duration>
          <className>hudson.scheduler.CronTabDayOfWeekLocaleTest</className>
          <testName>isSundayAndNextRunIsSaturday[139]</testName>
          <skipped>false</skipped>
          <failedSince>0</failedSince>
        </case>
        <case>
          <duration>0.0</duration>
          <className>hudson.scheduler.CronTabDayOfWeekLocaleTest</className>
          <testName>isSundayAndPreviousRunIsSaturday[139]</testName>
          <skipped>false</skipped>
          <failedSince>0</failedSince>
        </case>
        <case>
          <duration>0.0</duration>
          <className>hudson.scheduler.CronTabDayOfWeekLocaleTest</className>
          <testName>isSundayAndNextRunIsNextSunday[139]</testName>
          <skipped>false</skipped>
          <failedSince>0</failedSince>
        </case>
        <case>
          <duration>0.0</duration>
          <className>hudson.scheduler.CronTabDayOfWeekLocaleTest</className>
          <testName>isSundayAndPreviousRunIsPreviousSunday[139]</testName>
          <skipped>false</skipped>
          <failedSince>0</failedSince>
        </case>
        <case>
          <duration>0.0</duration>
          <className>hudson.scheduler.CronTabDayOfWeekLocaleTest</className>
          <testName>isSundayAndNextRunIsNextSunday7[139]</testName>
          <skipped>false</skipped>
          <failedSince>0</failedSince>
        </case>
        <case>
          <duration>0.0</duration>
          <className>hudson.scheduler.CronTabDayOfWeekLocaleTest</className>
          <testName>isSundayAndPreviousRunIsPreviousSunday7[139]</testName>
          <skipped>false</skipped>
          <failedSince>0</failedSince>
        </case>
        <case>
          <duration>0.0</duration>
          <className>hudson.scheduler.CronTabDayOfWeekLocaleTest</className>
          <testName>isSaturdayAndNextRunIsSundayAsterisk[139]</testName>
          <skipped>false</skipped>
          <failedSince>0</failedSince>
        </case>
        <case>
          <duration>0.0</duration>
          <className>hudson.scheduler.CronTabDayOfWeekLocaleTest</className>
          <testName>isSundayAndPreviousRunIsSaturdayAsterisk[139]</testName>
          <skipped>false</skipped>
          <failedSince>0</failedSince>
        </case>
        <case>
          <duration>0.0</duration>
          <className>hudson.scheduler.CronTabDayOfWeekLocaleTest</className>
          <testName>hudson8658[140]</testName>
          <skipped>false</skipped>
          <failedSince>0</failedSince>
        </case>
        <case>
          <duration>0.0</duration>
          <className>hudson.scheduler.CronTabDayOfWeekLocaleTest</className>
          <testName>isSundayAndNextRunIsMonday[140]</testName>
          <skipped>false</skipped>
          <failedSince>0</failedSince>
        </case>
        <case>
          <duration>0.0</duration>
          <className>hudson.scheduler.CronTabDayOfWeekLocaleTest</className>
          <testName>isSundayAndPreviousRunIsMonday[140]</testName>
          <skipped>false</skipped>
          <failedSince>0</failedSince>
        </case>
        <case>
          <duration>0.0</duration>
          <className>hudson.scheduler.CronTabDayOfWeekLocaleTest</className>
          <testName>isSundayAndNextRunIsTuesday[140]</testName>
          <skipped>false</skipped>
          <failedSince>0</failedSince>
        </case>
        <case>
          <duration>0.003</duration>
          <className>hudson.scheduler.CronTabDayOfWeekLocaleTest</className>
          <testName>isSundayAndPreviousRunIsTuesday[140]</testName>
          <skipped>false</skipped>
          <failedSince>0</failedSince>
        </case>
        <case>
          <duration>0.0</duration>
          <className>hudson.scheduler.CronTabDayOfWeekLocaleTest</className>
          <testName>isSundayAndNextRunIsWednesday[140]</testName>
          <skipped>false</skipped>
          <failedSince>0</failedSince>
        </case>
        <case>
          <duration>0.0</duration>
          <className>hudson.scheduler.CronTabDayOfWeekLocaleTest</className>
          <testName>isSundayAndPreviousRunIsWednesday[140]</testName>
          <skipped>false</skipped>
          <failedSince>0</failedSince>
        </case>
        <case>
          <duration>0.0</duration>
          <className>hudson.scheduler.CronTabDayOfWeekLocaleTest</className>
          <testName>isSundayAndNextRunIsThursday[140]</testName>
          <skipped>false</skipped>
          <failedSince>0</failedSince>
        </case>
        <case>
          <duration>0.0</duration>
          <className>hudson.scheduler.CronTabDayOfWeekLocaleTest</className>
          <testName>isSundayAndPreviousRunIsThursday[140]</testName>
          <skipped>false</skipped>
          <failedSince>0</failedSince>
        </case>
        <case>
          <duration>0.0</duration>
          <className>hudson.scheduler.CronTabDayOfWeekLocaleTest</className>
          <testName>isSundayAndNextRunIsFriday[140]</testName>
          <skipped>false</skipped>
          <failedSince>0</failedSince>
        </case>
        <case>
          <duration>0.0</duration>
          <className>hudson.scheduler.CronTabDayOfWeekLocaleTest</className>
          <testName>isSundayAndPreviousRunIsFriday[140]</testName>
          <skipped>false</skipped>
          <failedSince>0</failedSince>
        </case>
        <case>
          <duration>0.0</duration>
          <className>hudson.scheduler.CronTabDayOfWeekLocaleTest</className>
          <testName>isSundayAndNextRunIsSaturday[140]</testName>
          <skipped>false</skipped>
          <failedSince>0</failedSince>
        </case>
        <case>
          <duration>0.0</duration>
          <className>hudson.scheduler.CronTabDayOfWeekLocaleTest</className>
          <testName>isSundayAndPreviousRunIsSaturday[140]</testName>
          <skipped>false</skipped>
          <failedSince>0</failedSince>
        </case>
        <case>
          <duration>0.0</duration>
          <className>hudson.scheduler.CronTabDayOfWeekLocaleTest</className>
          <testName>isSundayAndNextRunIsNextSunday[140]</testName>
          <skipped>false</skipped>
          <failedSince>0</failedSince>
        </case>
        <case>
          <duration>0.0</duration>
          <className>hudson.scheduler.CronTabDayOfWeekLocaleTest</className>
          <testName>isSundayAndPreviousRunIsPreviousSunday[140]</testName>
          <skipped>false</skipped>
          <failedSince>0</failedSince>
        </case>
        <case>
          <duration>0.0</duration>
          <className>hudson.scheduler.CronTabDayOfWeekLocaleTest</className>
          <testName>isSundayAndNextRunIsNextSunday7[140]</testName>
          <skipped>false</skipped>
          <failedSince>0</failedSince>
        </case>
        <case>
          <duration>0.001</duration>
          <className>hudson.scheduler.CronTabDayOfWeekLocaleTest</className>
          <testName>isSundayAndPreviousRunIsPreviousSunday7[140]</testName>
          <skipped>false</skipped>
          <failedSince>0</failedSince>
        </case>
        <case>
          <duration>0.0</duration>
          <className>hudson.scheduler.CronTabDayOfWeekLocaleTest</className>
          <testName>isSaturdayAndNextRunIsSundayAsterisk[140]</testName>
          <skipped>false</skipped>
          <failedSince>0</failedSince>
        </case>
        <case>
          <duration>0.0</duration>
          <className>hudson.scheduler.CronTabDayOfWeekLocaleTest</className>
          <testName>isSundayAndPreviousRunIsSaturdayAsterisk[140]</testName>
          <skipped>false</skipped>
          <failedSince>0</failedSince>
        </case>
        <case>
          <duration>0.0</duration>
          <className>hudson.scheduler.CronTabDayOfWeekLocaleTest</className>
          <testName>hudson8658[141]</testName>
          <skipped>false</skipped>
          <failedSince>0</failedSince>
        </case>
        <case>
          <duration>0.0</duration>
          <className>hudson.scheduler.CronTabDayOfWeekLocaleTest</className>
          <testName>isSundayAndNextRunIsMonday[141]</testName>
          <skipped>false</skipped>
          <failedSince>0</failedSince>
        </case>
        <case>
          <duration>0.0</duration>
          <className>hudson.scheduler.CronTabDayOfWeekLocaleTest</className>
          <testName>isSundayAndPreviousRunIsMonday[141]</testName>
          <skipped>false</skipped>
          <failedSince>0</failedSince>
        </case>
        <case>
          <duration>0.0</duration>
          <className>hudson.scheduler.CronTabDayOfWeekLocaleTest</className>
          <testName>isSundayAndNextRunIsTuesday[141]</testName>
          <skipped>false</skipped>
          <failedSince>0</failedSince>
        </case>
        <case>
          <duration>0.0</duration>
          <className>hudson.scheduler.CronTabDayOfWeekLocaleTest</className>
          <testName>isSundayAndPreviousRunIsTuesday[141]</testName>
          <skipped>false</skipped>
          <failedSince>0</failedSince>
        </case>
        <case>
          <duration>0.001</duration>
          <className>hudson.scheduler.CronTabDayOfWeekLocaleTest</className>
          <testName>isSundayAndNextRunIsWednesday[141]</testName>
          <skipped>false</skipped>
          <failedSince>0</failedSince>
        </case>
        <case>
          <duration>0.0</duration>
          <className>hudson.scheduler.CronTabDayOfWeekLocaleTest</className>
          <testName>isSundayAndPreviousRunIsWednesday[141]</testName>
          <skipped>false</skipped>
          <failedSince>0</failedSince>
        </case>
        <case>
          <duration>0.0</duration>
          <className>hudson.scheduler.CronTabDayOfWeekLocaleTest</className>
          <testName>isSundayAndNextRunIsThursday[141]</testName>
          <skipped>false</skipped>
          <failedSince>0</failedSince>
        </case>
        <case>
          <duration>0.0</duration>
          <className>hudson.scheduler.CronTabDayOfWeekLocaleTest</className>
          <testName>isSundayAndPreviousRunIsThursday[141]</testName>
          <skipped>false</skipped>
          <failedSince>0</failedSince>
        </case>
        <case>
          <duration>0.0</duration>
          <className>hudson.scheduler.CronTabDayOfWeekLocaleTest</className>
          <testName>isSundayAndNextRunIsFriday[141]</testName>
          <skipped>false</skipped>
          <failedSince>0</failedSince>
        </case>
        <case>
          <duration>0.001</duration>
          <className>hudson.scheduler.CronTabDayOfWeekLocaleTest</className>
          <testName>isSundayAndPreviousRunIsFriday[141]</testName>
          <skipped>false</skipped>
          <failedSince>0</failedSince>
        </case>
        <case>
          <duration>0.0</duration>
          <className>hudson.scheduler.CronTabDayOfWeekLocaleTest</className>
          <testName>isSundayAndNextRunIsSaturday[141]</testName>
          <skipped>false</skipped>
          <failedSince>0</failedSince>
        </case>
        <case>
          <duration>0.0</duration>
          <className>hudson.scheduler.CronTabDayOfWeekLocaleTest</className>
          <testName>isSundayAndPreviousRunIsSaturday[141]</testName>
          <skipped>false</skipped>
          <failedSince>0</failedSince>
        </case>
        <case>
          <duration>0.0</duration>
          <className>hudson.scheduler.CronTabDayOfWeekLocaleTest</className>
          <testName>isSundayAndNextRunIsNextSunday[141]</testName>
          <skipped>false</skipped>
          <failedSince>0</failedSince>
        </case>
        <case>
          <duration>0.0</duration>
          <className>hudson.scheduler.CronTabDayOfWeekLocaleTest</className>
          <testName>isSundayAndPreviousRunIsPreviousSunday[141]</testName>
          <skipped>false</skipped>
          <failedSince>0</failedSince>
        </case>
        <case>
          <duration>0.0</duration>
          <className>hudson.scheduler.CronTabDayOfWeekLocaleTest</className>
          <testName>isSundayAndNextRunIsNextSunday7[141]</testName>
          <skipped>false</skipped>
          <failedSince>0</failedSince>
        </case>
        <case>
          <duration>0.0</duration>
          <className>hudson.scheduler.CronTabDayOfWeekLocaleTest</className>
          <testName>isSundayAndPreviousRunIsPreviousSunday7[141]</testName>
          <skipped>false</skipped>
          <failedSince>0</failedSince>
        </case>
        <case>
          <duration>0.0</duration>
          <className>hudson.scheduler.CronTabDayOfWeekLocaleTest</className>
          <testName>isSaturdayAndNextRunIsSundayAsterisk[141]</testName>
          <skipped>false</skipped>
          <failedSince>0</failedSince>
        </case>
        <case>
          <duration>0.0</duration>
          <className>hudson.scheduler.CronTabDayOfWeekLocaleTest</className>
          <testName>isSundayAndPreviousRunIsSaturdayAsterisk[141]</testName>
          <skipped>false</skipped>
          <failedSince>0</failedSince>
        </case>
        <case>
          <duration>0.0</duration>
          <className>hudson.scheduler.CronTabDayOfWeekLocaleTest</className>
          <testName>hudson8658[142]</testName>
          <skipped>false</skipped>
          <failedSince>0</failedSince>
        </case>
        <case>
          <duration>0.0</duration>
          <className>hudson.scheduler.CronTabDayOfWeekLocaleTest</className>
          <testName>isSundayAndNextRunIsMonday[142]</testName>
          <skipped>false</skipped>
          <failedSince>0</failedSince>
        </case>
        <case>
          <duration>0.0</duration>
          <className>hudson.scheduler.CronTabDayOfWeekLocaleTest</className>
          <testName>isSundayAndPreviousRunIsMonday[142]</testName>
          <skipped>false</skipped>
          <failedSince>0</failedSince>
        </case>
        <case>
          <duration>0.0</duration>
          <className>hudson.scheduler.CronTabDayOfWeekLocaleTest</className>
          <testName>isSundayAndNextRunIsTuesday[142]</testName>
          <skipped>false</skipped>
          <failedSince>0</failedSince>
        </case>
        <case>
          <duration>0.001</duration>
          <className>hudson.scheduler.CronTabDayOfWeekLocaleTest</className>
          <testName>isSundayAndPreviousRunIsTuesday[142]</testName>
          <skipped>false</skipped>
          <failedSince>0</failedSince>
        </case>
        <case>
          <duration>0.0</duration>
          <className>hudson.scheduler.CronTabDayOfWeekLocaleTest</className>
          <testName>isSundayAndNextRunIsWednesday[142]</testName>
          <skipped>false</skipped>
          <failedSince>0</failedSince>
        </case>
        <case>
          <duration>0.0</duration>
          <className>hudson.scheduler.CronTabDayOfWeekLocaleTest</className>
          <testName>isSundayAndPreviousRunIsWednesday[142]</testName>
          <skipped>false</skipped>
          <failedSince>0</failedSince>
        </case>
        <case>
          <duration>0.0</duration>
          <className>hudson.scheduler.CronTabDayOfWeekLocaleTest</className>
          <testName>isSundayAndNextRunIsThursday[142]</testName>
          <skipped>false</skipped>
          <failedSince>0</failedSince>
        </case>
        <case>
          <duration>0.001</duration>
          <className>hudson.scheduler.CronTabDayOfWeekLocaleTest</className>
          <testName>isSundayAndPreviousRunIsThursday[142]</testName>
          <skipped>false</skipped>
          <failedSince>0</failedSince>
        </case>
        <case>
          <duration>0.0</duration>
          <className>hudson.scheduler.CronTabDayOfWeekLocaleTest</className>
          <testName>isSundayAndNextRunIsFriday[142]</testName>
          <skipped>false</skipped>
          <failedSince>0</failedSince>
        </case>
        <case>
          <duration>0.0</duration>
          <className>hudson.scheduler.CronTabDayOfWeekLocaleTest</className>
          <testName>isSundayAndPreviousRunIsFriday[142]</testName>
          <skipped>false</skipped>
          <failedSince>0</failedSince>
        </case>
        <case>
          <duration>0.0</duration>
          <className>hudson.scheduler.CronTabDayOfWeekLocaleTest</className>
          <testName>isSundayAndNextRunIsSaturday[142]</testName>
          <skipped>false</skipped>
          <failedSince>0</failedSince>
        </case>
        <case>
          <duration>0.0</duration>
          <className>hudson.scheduler.CronTabDayOfWeekLocaleTest</className>
          <testName>isSundayAndPreviousRunIsSaturday[142]</testName>
          <skipped>false</skipped>
          <failedSince>0</failedSince>
        </case>
        <case>
          <duration>0.001</duration>
          <className>hudson.scheduler.CronTabDayOfWeekLocaleTest</className>
          <testName>isSundayAndNextRunIsNextSunday[142]</testName>
          <skipped>false</skipped>
          <failedSince>0</failedSince>
        </case>
        <case>
          <duration>0.0</duration>
          <className>hudson.scheduler.CronTabDayOfWeekLocaleTest</className>
          <testName>isSundayAndPreviousRunIsPreviousSunday[142]</testName>
          <skipped>false</skipped>
          <failedSince>0</failedSince>
        </case>
        <case>
          <duration>0.0</duration>
          <className>hudson.scheduler.CronTabDayOfWeekLocaleTest</className>
          <testName>isSundayAndNextRunIsNextSunday7[142]</testName>
          <skipped>false</skipped>
          <failedSince>0</failedSince>
        </case>
        <case>
          <duration>0.0</duration>
          <className>hudson.scheduler.CronTabDayOfWeekLocaleTest</className>
          <testName>isSundayAndPreviousRunIsPreviousSunday7[142]</testName>
          <skipped>false</skipped>
          <failedSince>0</failedSince>
        </case>
        <case>
          <duration>0.0</duration>
          <className>hudson.scheduler.CronTabDayOfWeekLocaleTest</className>
          <testName>isSaturdayAndNextRunIsSundayAsterisk[142]</testName>
          <skipped>false</skipped>
          <failedSince>0</failedSince>
        </case>
        <case>
          <duration>0.0</duration>
          <className>hudson.scheduler.CronTabDayOfWeekLocaleTest</className>
          <testName>isSundayAndPreviousRunIsSaturdayAsterisk[142]</testName>
          <skipped>false</skipped>
          <failedSince>0</failedSince>
        </case>
        <case>
          <duration>0.0</duration>
          <className>hudson.scheduler.CronTabDayOfWeekLocaleTest</className>
          <testName>hudson8658[143]</testName>
          <skipped>false</skipped>
          <failedSince>0</failedSince>
        </case>
        <case>
          <duration>0.0</duration>
          <className>hudson.scheduler.CronTabDayOfWeekLocaleTest</className>
          <testName>isSundayAndNextRunIsMonday[143]</testName>
          <skipped>false</skipped>
          <failedSince>0</failedSince>
        </case>
        <case>
          <duration>0.0</duration>
          <className>hudson.scheduler.CronTabDayOfWeekLocaleTest</className>
          <testName>isSundayAndPreviousRunIsMonday[143]</testName>
          <skipped>false</skipped>
          <failedSince>0</failedSince>
        </case>
        <case>
          <duration>0.0</duration>
          <className>hudson.scheduler.CronTabDayOfWeekLocaleTest</className>
          <testName>isSundayAndNextRunIsTuesday[143]</testName>
          <skipped>false</skipped>
          <failedSince>0</failedSince>
        </case>
        <case>
          <duration>0.0</duration>
          <className>hudson.scheduler.CronTabDayOfWeekLocaleTest</className>
          <testName>isSundayAndPreviousRunIsTuesday[143]</testName>
          <skipped>false</skipped>
          <failedSince>0</failedSince>
        </case>
        <case>
          <duration>0.0</duration>
          <className>hudson.scheduler.CronTabDayOfWeekLocaleTest</className>
          <testName>isSundayAndNextRunIsWednesday[143]</testName>
          <skipped>false</skipped>
          <failedSince>0</failedSince>
        </case>
        <case>
          <duration>0.0</duration>
          <className>hudson.scheduler.CronTabDayOfWeekLocaleTest</className>
          <testName>isSundayAndPreviousRunIsWednesday[143]</testName>
          <skipped>false</skipped>
          <failedSince>0</failedSince>
        </case>
        <case>
          <duration>0.001</duration>
          <className>hudson.scheduler.CronTabDayOfWeekLocaleTest</className>
          <testName>isSundayAndNextRunIsThursday[143]</testName>
          <skipped>false</skipped>
          <failedSince>0</failedSince>
        </case>
        <case>
          <duration>0.0</duration>
          <className>hudson.scheduler.CronTabDayOfWeekLocaleTest</className>
          <testName>isSundayAndPreviousRunIsThursday[143]</testName>
          <skipped>false</skipped>
          <failedSince>0</failedSince>
        </case>
        <case>
          <duration>0.0</duration>
          <className>hudson.scheduler.CronTabDayOfWeekLocaleTest</className>
          <testName>isSundayAndNextRunIsFriday[143]</testName>
          <skipped>false</skipped>
          <failedSince>0</failedSince>
        </case>
        <case>
          <duration>0.0</duration>
          <className>hudson.scheduler.CronTabDayOfWeekLocaleTest</className>
          <testName>isSundayAndPreviousRunIsFriday[143]</testName>
          <skipped>false</skipped>
          <failedSince>0</failedSince>
        </case>
        <case>
          <duration>0.0</duration>
          <className>hudson.scheduler.CronTabDayOfWeekLocaleTest</className>
          <testName>isSundayAndNextRunIsSaturday[143]</testName>
          <skipped>false</skipped>
          <failedSince>0</failedSince>
        </case>
        <case>
          <duration>0.0</duration>
          <className>hudson.scheduler.CronTabDayOfWeekLocaleTest</className>
          <testName>isSundayAndPreviousRunIsSaturday[143]</testName>
          <skipped>false</skipped>
          <failedSince>0</failedSince>
        </case>
        <case>
          <duration>0.0</duration>
          <className>hudson.scheduler.CronTabDayOfWeekLocaleTest</className>
          <testName>isSundayAndNextRunIsNextSunday[143]</testName>
          <skipped>false</skipped>
          <failedSince>0</failedSince>
        </case>
        <case>
          <duration>0.0</duration>
          <className>hudson.scheduler.CronTabDayOfWeekLocaleTest</className>
          <testName>isSundayAndPreviousRunIsPreviousSunday[143]</testName>
          <skipped>false</skipped>
          <failedSince>0</failedSince>
        </case>
        <case>
          <duration>0.0</duration>
          <className>hudson.scheduler.CronTabDayOfWeekLocaleTest</className>
          <testName>isSundayAndNextRunIsNextSunday7[143]</testName>
          <skipped>false</skipped>
          <failedSince>0</failedSince>
        </case>
        <case>
          <duration>0.001</duration>
          <className>hudson.scheduler.CronTabDayOfWeekLocaleTest</className>
          <testName>isSundayAndPreviousRunIsPreviousSunday7[143]</testName>
          <skipped>false</skipped>
          <failedSince>0</failedSince>
        </case>
        <case>
          <duration>0.0</duration>
          <className>hudson.scheduler.CronTabDayOfWeekLocaleTest</className>
          <testName>isSaturdayAndNextRunIsSundayAsterisk[143]</testName>
          <skipped>false</skipped>
          <failedSince>0</failedSince>
        </case>
        <case>
          <duration>0.0</duration>
          <className>hudson.scheduler.CronTabDayOfWeekLocaleTest</className>
          <testName>isSundayAndPreviousRunIsSaturdayAsterisk[143]</testName>
          <skipped>false</skipped>
          <failedSince>0</failedSince>
        </case>
        <case>
          <duration>0.0</duration>
          <className>hudson.scheduler.CronTabDayOfWeekLocaleTest</className>
          <testName>hudson8658[144]</testName>
          <skipped>false</skipped>
          <failedSince>0</failedSince>
        </case>
        <case>
          <duration>0.001</duration>
          <className>hudson.scheduler.CronTabDayOfWeekLocaleTest</className>
          <testName>isSundayAndNextRunIsMonday[144]</testName>
          <skipped>false</skipped>
          <failedSince>0</failedSince>
        </case>
        <case>
          <duration>0.0</duration>
          <className>hudson.scheduler.CronTabDayOfWeekLocaleTest</className>
          <testName>isSundayAndPreviousRunIsMonday[144]</testName>
          <skipped>false</skipped>
          <failedSince>0</failedSince>
        </case>
        <case>
          <duration>0.0</duration>
          <className>hudson.scheduler.CronTabDayOfWeekLocaleTest</className>
          <testName>isSundayAndNextRunIsTuesday[144]</testName>
          <skipped>false</skipped>
          <failedSince>0</failedSince>
        </case>
        <case>
          <duration>0.0</duration>
          <className>hudson.scheduler.CronTabDayOfWeekLocaleTest</className>
          <testName>isSundayAndPreviousRunIsTuesday[144]</testName>
          <skipped>false</skipped>
          <failedSince>0</failedSince>
        </case>
        <case>
          <duration>0.001</duration>
          <className>hudson.scheduler.CronTabDayOfWeekLocaleTest</className>
          <testName>isSundayAndNextRunIsWednesday[144]</testName>
          <skipped>false</skipped>
          <failedSince>0</failedSince>
        </case>
        <case>
          <duration>0.0</duration>
          <className>hudson.scheduler.CronTabDayOfWeekLocaleTest</className>
          <testName>isSundayAndPreviousRunIsWednesday[144]</testName>
          <skipped>false</skipped>
          <failedSince>0</failedSince>
        </case>
        <case>
          <duration>0.0</duration>
          <className>hudson.scheduler.CronTabDayOfWeekLocaleTest</className>
          <testName>isSundayAndNextRunIsThursday[144]</testName>
          <skipped>false</skipped>
          <failedSince>0</failedSince>
        </case>
        <case>
          <duration>0.0</duration>
          <className>hudson.scheduler.CronTabDayOfWeekLocaleTest</className>
          <testName>isSundayAndPreviousRunIsThursday[144]</testName>
          <skipped>false</skipped>
          <failedSince>0</failedSince>
        </case>
        <case>
          <duration>0.0</duration>
          <className>hudson.scheduler.CronTabDayOfWeekLocaleTest</className>
          <testName>isSundayAndNextRunIsFriday[144]</testName>
          <skipped>false</skipped>
          <failedSince>0</failedSince>
        </case>
        <case>
          <duration>0.001</duration>
          <className>hudson.scheduler.CronTabDayOfWeekLocaleTest</className>
          <testName>isSundayAndPreviousRunIsFriday[144]</testName>
          <skipped>false</skipped>
          <failedSince>0</failedSince>
        </case>
        <case>
          <duration>0.0</duration>
          <className>hudson.scheduler.CronTabDayOfWeekLocaleTest</className>
          <testName>isSundayAndNextRunIsSaturday[144]</testName>
          <skipped>false</skipped>
          <failedSince>0</failedSince>
        </case>
        <case>
          <duration>0.0</duration>
          <className>hudson.scheduler.CronTabDayOfWeekLocaleTest</className>
          <testName>isSundayAndPreviousRunIsSaturday[144]</testName>
          <skipped>false</skipped>
          <failedSince>0</failedSince>
        </case>
        <case>
          <duration>0.0</duration>
          <className>hudson.scheduler.CronTabDayOfWeekLocaleTest</className>
          <testName>isSundayAndNextRunIsNextSunday[144]</testName>
          <skipped>false</skipped>
          <failedSince>0</failedSince>
        </case>
        <case>
          <duration>0.0</duration>
          <className>hudson.scheduler.CronTabDayOfWeekLocaleTest</className>
          <testName>isSundayAndPreviousRunIsPreviousSunday[144]</testName>
          <skipped>false</skipped>
          <failedSince>0</failedSince>
        </case>
        <case>
          <duration>0.0</duration>
          <className>hudson.scheduler.CronTabDayOfWeekLocaleTest</className>
          <testName>isSundayAndNextRunIsNextSunday7[144]</testName>
          <skipped>false</skipped>
          <failedSince>0</failedSince>
        </case>
        <case>
          <duration>0.0</duration>
          <className>hudson.scheduler.CronTabDayOfWeekLocaleTest</className>
          <testName>isSundayAndPreviousRunIsPreviousSunday7[144]</testName>
          <skipped>false</skipped>
          <failedSince>0</failedSince>
        </case>
        <case>
          <duration>0.0</duration>
          <className>hudson.scheduler.CronTabDayOfWeekLocaleTest</className>
          <testName>isSaturdayAndNextRunIsSundayAsterisk[144]</testName>
          <skipped>false</skipped>
          <failedSince>0</failedSince>
        </case>
        <case>
          <duration>0.0</duration>
          <className>hudson.scheduler.CronTabDayOfWeekLocaleTest</className>
          <testName>isSundayAndPreviousRunIsSaturdayAsterisk[144]</testName>
          <skipped>false</skipped>
          <failedSince>0</failedSince>
        </case>
        <case>
          <duration>0.0</duration>
          <className>hudson.scheduler.CronTabDayOfWeekLocaleTest</className>
          <testName>hudson8658[145]</testName>
          <skipped>false</skipped>
          <failedSince>0</failedSince>
        </case>
        <case>
          <duration>0.0</duration>
          <className>hudson.scheduler.CronTabDayOfWeekLocaleTest</className>
          <testName>isSundayAndNextRunIsMonday[145]</testName>
          <skipped>false</skipped>
          <failedSince>0</failedSince>
        </case>
        <case>
          <duration>0.0</duration>
          <className>hudson.scheduler.CronTabDayOfWeekLocaleTest</className>
          <testName>isSundayAndPreviousRunIsMonday[145]</testName>
          <skipped>false</skipped>
          <failedSince>0</failedSince>
        </case>
        <case>
          <duration>0.0</duration>
          <className>hudson.scheduler.CronTabDayOfWeekLocaleTest</className>
          <testName>isSundayAndNextRunIsTuesday[145]</testName>
          <skipped>false</skipped>
          <failedSince>0</failedSince>
        </case>
        <case>
          <duration>0.001</duration>
          <className>hudson.scheduler.CronTabDayOfWeekLocaleTest</className>
          <testName>isSundayAndPreviousRunIsTuesday[145]</testName>
          <skipped>false</skipped>
          <failedSince>0</failedSince>
        </case>
        <case>
          <duration>0.0</duration>
          <className>hudson.scheduler.CronTabDayOfWeekLocaleTest</className>
          <testName>isSundayAndNextRunIsWednesday[145]</testName>
          <skipped>false</skipped>
          <failedSince>0</failedSince>
        </case>
        <case>
          <duration>0.0</duration>
          <className>hudson.scheduler.CronTabDayOfWeekLocaleTest</className>
          <testName>isSundayAndPreviousRunIsWednesday[145]</testName>
          <skipped>false</skipped>
          <failedSince>0</failedSince>
        </case>
        <case>
          <duration>0.0</duration>
          <className>hudson.scheduler.CronTabDayOfWeekLocaleTest</className>
          <testName>isSundayAndNextRunIsThursday[145]</testName>
          <skipped>false</skipped>
          <failedSince>0</failedSince>
        </case>
        <case>
          <duration>0.0</duration>
          <className>hudson.scheduler.CronTabDayOfWeekLocaleTest</className>
          <testName>isSundayAndPreviousRunIsThursday[145]</testName>
          <skipped>false</skipped>
          <failedSince>0</failedSince>
        </case>
        <case>
          <duration>0.0</duration>
          <className>hudson.scheduler.CronTabDayOfWeekLocaleTest</className>
          <testName>isSundayAndNextRunIsFriday[145]</testName>
          <skipped>false</skipped>
          <failedSince>0</failedSince>
        </case>
        <case>
          <duration>0.0</duration>
          <className>hudson.scheduler.CronTabDayOfWeekLocaleTest</className>
          <testName>isSundayAndPreviousRunIsFriday[145]</testName>
          <skipped>false</skipped>
          <failedSince>0</failedSince>
        </case>
        <case>
          <duration>0.0</duration>
          <className>hudson.scheduler.CronTabDayOfWeekLocaleTest</className>
          <testName>isSundayAndNextRunIsSaturday[145]</testName>
          <skipped>false</skipped>
          <failedSince>0</failedSince>
        </case>
        <case>
          <duration>0.0</duration>
          <className>hudson.scheduler.CronTabDayOfWeekLocaleTest</className>
          <testName>isSundayAndPreviousRunIsSaturday[145]</testName>
          <skipped>false</skipped>
          <failedSince>0</failedSince>
        </case>
        <case>
          <duration>0.001</duration>
          <className>hudson.scheduler.CronTabDayOfWeekLocaleTest</className>
          <testName>isSundayAndNextRunIsNextSunday[145]</testName>
          <skipped>false</skipped>
          <failedSince>0</failedSince>
        </case>
        <case>
          <duration>0.0</duration>
          <className>hudson.scheduler.CronTabDayOfWeekLocaleTest</className>
          <testName>isSundayAndPreviousRunIsPreviousSunday[145]</testName>
          <skipped>false</skipped>
          <failedSince>0</failedSince>
        </case>
        <case>
          <duration>0.0</duration>
          <className>hudson.scheduler.CronTabDayOfWeekLocaleTest</className>
          <testName>isSundayAndNextRunIsNextSunday7[145]</testName>
          <skipped>false</skipped>
          <failedSince>0</failedSince>
        </case>
        <case>
          <duration>0.0</duration>
          <className>hudson.scheduler.CronTabDayOfWeekLocaleTest</className>
          <testName>isSundayAndPreviousRunIsPreviousSunday7[145]</testName>
          <skipped>false</skipped>
          <failedSince>0</failedSince>
        </case>
        <case>
          <duration>0.0</duration>
          <className>hudson.scheduler.CronTabDayOfWeekLocaleTest</className>
          <testName>isSaturdayAndNextRunIsSundayAsterisk[145]</testName>
          <skipped>false</skipped>
          <failedSince>0</failedSince>
        </case>
        <case>
          <duration>0.0</duration>
          <className>hudson.scheduler.CronTabDayOfWeekLocaleTest</className>
          <testName>isSundayAndPreviousRunIsSaturdayAsterisk[145]</testName>
          <skipped>false</skipped>
          <failedSince>0</failedSince>
        </case>
        <case>
          <duration>0.0</duration>
          <className>hudson.scheduler.CronTabDayOfWeekLocaleTest</className>
          <testName>hudson8658[146]</testName>
          <skipped>false</skipped>
          <failedSince>0</failedSince>
        </case>
        <case>
          <duration>0.0</duration>
          <className>hudson.scheduler.CronTabDayOfWeekLocaleTest</className>
          <testName>isSundayAndNextRunIsMonday[146]</testName>
          <skipped>false</skipped>
          <failedSince>0</failedSince>
        </case>
        <case>
          <duration>0.0</duration>
          <className>hudson.scheduler.CronTabDayOfWeekLocaleTest</className>
          <testName>isSundayAndPreviousRunIsMonday[146]</testName>
          <skipped>false</skipped>
          <failedSince>0</failedSince>
        </case>
        <case>
          <duration>0.0</duration>
          <className>hudson.scheduler.CronTabDayOfWeekLocaleTest</className>
          <testName>isSundayAndNextRunIsTuesday[146]</testName>
          <skipped>false</skipped>
          <failedSince>0</failedSince>
        </case>
        <case>
          <duration>0.0</duration>
          <className>hudson.scheduler.CronTabDayOfWeekLocaleTest</className>
          <testName>isSundayAndPreviousRunIsTuesday[146]</testName>
          <skipped>false</skipped>
          <failedSince>0</failedSince>
        </case>
        <case>
          <duration>0.0</duration>
          <className>hudson.scheduler.CronTabDayOfWeekLocaleTest</className>
          <testName>isSundayAndNextRunIsWednesday[146]</testName>
          <skipped>false</skipped>
          <failedSince>0</failedSince>
        </case>
        <case>
          <duration>0.0</duration>
          <className>hudson.scheduler.CronTabDayOfWeekLocaleTest</className>
          <testName>isSundayAndPreviousRunIsWednesday[146]</testName>
          <skipped>false</skipped>
          <failedSince>0</failedSince>
        </case>
        <case>
          <duration>0.001</duration>
          <className>hudson.scheduler.CronTabDayOfWeekLocaleTest</className>
          <testName>isSundayAndNextRunIsThursday[146]</testName>
          <skipped>false</skipped>
          <failedSince>0</failedSince>
        </case>
        <case>
          <duration>0.0</duration>
          <className>hudson.scheduler.CronTabDayOfWeekLocaleTest</className>
          <testName>isSundayAndPreviousRunIsThursday[146]</testName>
          <skipped>false</skipped>
          <failedSince>0</failedSince>
        </case>
        <case>
          <duration>0.0</duration>
          <className>hudson.scheduler.CronTabDayOfWeekLocaleTest</className>
          <testName>isSundayAndNextRunIsFriday[146]</testName>
          <skipped>false</skipped>
          <failedSince>0</failedSince>
        </case>
        <case>
          <duration>0.0</duration>
          <className>hudson.scheduler.CronTabDayOfWeekLocaleTest</className>
          <testName>isSundayAndPreviousRunIsFriday[146]</testName>
          <skipped>false</skipped>
          <failedSince>0</failedSince>
        </case>
        <case>
          <duration>0.0</duration>
          <className>hudson.scheduler.CronTabDayOfWeekLocaleTest</className>
          <testName>isSundayAndNextRunIsSaturday[146]</testName>
          <skipped>false</skipped>
          <failedSince>0</failedSince>
        </case>
        <case>
          <duration>0.001</duration>
          <className>hudson.scheduler.CronTabDayOfWeekLocaleTest</className>
          <testName>isSundayAndPreviousRunIsSaturday[146]</testName>
          <skipped>false</skipped>
          <failedSince>0</failedSince>
        </case>
        <case>
          <duration>0.0</duration>
          <className>hudson.scheduler.CronTabDayOfWeekLocaleTest</className>
          <testName>isSundayAndNextRunIsNextSunday[146]</testName>
          <skipped>false</skipped>
          <failedSince>0</failedSince>
        </case>
        <case>
          <duration>0.0</duration>
          <className>hudson.scheduler.CronTabDayOfWeekLocaleTest</className>
          <testName>isSundayAndPreviousRunIsPreviousSunday[146]</testName>
          <skipped>false</skipped>
          <failedSince>0</failedSince>
        </case>
        <case>
          <duration>0.0</duration>
          <className>hudson.scheduler.CronTabDayOfWeekLocaleTest</className>
          <testName>isSundayAndNextRunIsNextSunday7[146]</testName>
          <skipped>false</skipped>
          <failedSince>0</failedSince>
        </case>
        <case>
          <duration>0.001</duration>
          <className>hudson.scheduler.CronTabDayOfWeekLocaleTest</className>
          <testName>isSundayAndPreviousRunIsPreviousSunday7[146]</testName>
          <skipped>false</skipped>
          <failedSince>0</failedSince>
        </case>
        <case>
          <duration>0.0</duration>
          <className>hudson.scheduler.CronTabDayOfWeekLocaleTest</className>
          <testName>isSaturdayAndNextRunIsSundayAsterisk[146]</testName>
          <skipped>false</skipped>
          <failedSince>0</failedSince>
        </case>
        <case>
          <duration>0.0</duration>
          <className>hudson.scheduler.CronTabDayOfWeekLocaleTest</className>
          <testName>isSundayAndPreviousRunIsSaturdayAsterisk[146]</testName>
          <skipped>false</skipped>
          <failedSince>0</failedSince>
        </case>
        <case>
          <duration>0.0</duration>
          <className>hudson.scheduler.CronTabDayOfWeekLocaleTest</className>
          <testName>hudson8658[147]</testName>
          <skipped>false</skipped>
          <failedSince>0</failedSince>
        </case>
        <case>
          <duration>0.001</duration>
          <className>hudson.scheduler.CronTabDayOfWeekLocaleTest</className>
          <testName>isSundayAndNextRunIsMonday[147]</testName>
          <skipped>false</skipped>
          <failedSince>0</failedSince>
        </case>
        <case>
          <duration>0.0</duration>
          <className>hudson.scheduler.CronTabDayOfWeekLocaleTest</className>
          <testName>isSundayAndPreviousRunIsMonday[147]</testName>
          <skipped>false</skipped>
          <failedSince>0</failedSince>
        </case>
        <case>
          <duration>0.0</duration>
          <className>hudson.scheduler.CronTabDayOfWeekLocaleTest</className>
          <testName>isSundayAndNextRunIsTuesday[147]</testName>
          <skipped>false</skipped>
          <failedSince>0</failedSince>
        </case>
        <case>
          <duration>0.0</duration>
          <className>hudson.scheduler.CronTabDayOfWeekLocaleTest</className>
          <testName>isSundayAndPreviousRunIsTuesday[147]</testName>
          <skipped>false</skipped>
          <failedSince>0</failedSince>
        </case>
        <case>
          <duration>0.0</duration>
          <className>hudson.scheduler.CronTabDayOfWeekLocaleTest</className>
          <testName>isSundayAndNextRunIsWednesday[147]</testName>
          <skipped>false</skipped>
          <failedSince>0</failedSince>
        </case>
        <case>
          <duration>0.001</duration>
          <className>hudson.scheduler.CronTabDayOfWeekLocaleTest</className>
          <testName>isSundayAndPreviousRunIsWednesday[147]</testName>
          <skipped>false</skipped>
          <failedSince>0</failedSince>
        </case>
        <case>
          <duration>0.0</duration>
          <className>hudson.scheduler.CronTabDayOfWeekLocaleTest</className>
          <testName>isSundayAndNextRunIsThursday[147]</testName>
          <skipped>false</skipped>
          <failedSince>0</failedSince>
        </case>
        <case>
          <duration>0.0</duration>
          <className>hudson.scheduler.CronTabDayOfWeekLocaleTest</className>
          <testName>isSundayAndPreviousRunIsThursday[147]</testName>
          <skipped>false</skipped>
          <failedSince>0</failedSince>
        </case>
        <case>
          <duration>0.0</duration>
          <className>hudson.scheduler.CronTabDayOfWeekLocaleTest</className>
          <testName>isSundayAndNextRunIsFriday[147]</testName>
          <skipped>false</skipped>
          <failedSince>0</failedSince>
        </case>
        <case>
          <duration>0.0</duration>
          <className>hudson.scheduler.CronTabDayOfWeekLocaleTest</className>
          <testName>isSundayAndPreviousRunIsFriday[147]</testName>
          <skipped>false</skipped>
          <failedSince>0</failedSince>
        </case>
        <case>
          <duration>0.0</duration>
          <className>hudson.scheduler.CronTabDayOfWeekLocaleTest</className>
          <testName>isSundayAndNextRunIsSaturday[147]</testName>
          <skipped>false</skipped>
          <failedSince>0</failedSince>
        </case>
        <case>
          <duration>0.0</duration>
          <className>hudson.scheduler.CronTabDayOfWeekLocaleTest</className>
          <testName>isSundayAndPreviousRunIsSaturday[147]</testName>
          <skipped>false</skipped>
          <failedSince>0</failedSince>
        </case>
        <case>
          <duration>0.0</duration>
          <className>hudson.scheduler.CronTabDayOfWeekLocaleTest</className>
          <testName>isSundayAndNextRunIsNextSunday[147]</testName>
          <skipped>false</skipped>
          <failedSince>0</failedSince>
        </case>
        <case>
          <duration>0.0</duration>
          <className>hudson.scheduler.CronTabDayOfWeekLocaleTest</className>
          <testName>isSundayAndPreviousRunIsPreviousSunday[147]</testName>
          <skipped>false</skipped>
          <failedSince>0</failedSince>
        </case>
        <case>
          <duration>0.001</duration>
          <className>hudson.scheduler.CronTabDayOfWeekLocaleTest</className>
          <testName>isSundayAndNextRunIsNextSunday7[147]</testName>
          <skipped>false</skipped>
          <failedSince>0</failedSince>
        </case>
        <case>
          <duration>0.0</duration>
          <className>hudson.scheduler.CronTabDayOfWeekLocaleTest</className>
          <testName>isSundayAndPreviousRunIsPreviousSunday7[147]</testName>
          <skipped>false</skipped>
          <failedSince>0</failedSince>
        </case>
        <case>
          <duration>0.0</duration>
          <className>hudson.scheduler.CronTabDayOfWeekLocaleTest</className>
          <testName>isSaturdayAndNextRunIsSundayAsterisk[147]</testName>
          <skipped>false</skipped>
          <failedSince>0</failedSince>
        </case>
        <case>
          <duration>0.0</duration>
          <className>hudson.scheduler.CronTabDayOfWeekLocaleTest</className>
          <testName>isSundayAndPreviousRunIsSaturdayAsterisk[147]</testName>
          <skipped>false</skipped>
          <failedSince>0</failedSince>
        </case>
        <case>
          <duration>0.001</duration>
          <className>hudson.scheduler.CronTabDayOfWeekLocaleTest</className>
          <testName>hudson8658[148]</testName>
          <skipped>false</skipped>
          <failedSince>0</failedSince>
        </case>
        <case>
          <duration>0.0</duration>
          <className>hudson.scheduler.CronTabDayOfWeekLocaleTest</className>
          <testName>isSundayAndNextRunIsMonday[148]</testName>
          <skipped>false</skipped>
          <failedSince>0</failedSince>
        </case>
        <case>
          <duration>0.0</duration>
          <className>hudson.scheduler.CronTabDayOfWeekLocaleTest</className>
          <testName>isSundayAndPreviousRunIsMonday[148]</testName>
          <skipped>false</skipped>
          <failedSince>0</failedSince>
        </case>
        <case>
          <duration>0.0</duration>
          <className>hudson.scheduler.CronTabDayOfWeekLocaleTest</className>
          <testName>isSundayAndNextRunIsTuesday[148]</testName>
          <skipped>false</skipped>
          <failedSince>0</failedSince>
        </case>
        <case>
          <duration>0.0</duration>
          <className>hudson.scheduler.CronTabDayOfWeekLocaleTest</className>
          <testName>isSundayAndPreviousRunIsTuesday[148]</testName>
          <skipped>false</skipped>
          <failedSince>0</failedSince>
        </case>
        <case>
          <duration>0.0</duration>
          <className>hudson.scheduler.CronTabDayOfWeekLocaleTest</className>
          <testName>isSundayAndNextRunIsWednesday[148]</testName>
          <skipped>false</skipped>
          <failedSince>0</failedSince>
        </case>
        <case>
          <duration>0.0</duration>
          <className>hudson.scheduler.CronTabDayOfWeekLocaleTest</className>
          <testName>isSundayAndPreviousRunIsWednesday[148]</testName>
          <skipped>false</skipped>
          <failedSince>0</failedSince>
        </case>
        <case>
          <duration>0.0</duration>
          <className>hudson.scheduler.CronTabDayOfWeekLocaleTest</className>
          <testName>isSundayAndNextRunIsThursday[148]</testName>
          <skipped>false</skipped>
          <failedSince>0</failedSince>
        </case>
        <case>
          <duration>0.0</duration>
          <className>hudson.scheduler.CronTabDayOfWeekLocaleTest</className>
          <testName>isSundayAndPreviousRunIsThursday[148]</testName>
          <skipped>false</skipped>
          <failedSince>0</failedSince>
        </case>
        <case>
          <duration>0.001</duration>
          <className>hudson.scheduler.CronTabDayOfWeekLocaleTest</className>
          <testName>isSundayAndNextRunIsFriday[148]</testName>
          <skipped>false</skipped>
          <failedSince>0</failedSince>
        </case>
        <case>
          <duration>0.0</duration>
          <className>hudson.scheduler.CronTabDayOfWeekLocaleTest</className>
          <testName>isSundayAndPreviousRunIsFriday[148]</testName>
          <skipped>false</skipped>
          <failedSince>0</failedSince>
        </case>
        <case>
          <duration>0.0</duration>
          <className>hudson.scheduler.CronTabDayOfWeekLocaleTest</className>
          <testName>isSundayAndNextRunIsSaturday[148]</testName>
          <skipped>false</skipped>
          <failedSince>0</failedSince>
        </case>
        <case>
          <duration>0.0</duration>
          <className>hudson.scheduler.CronTabDayOfWeekLocaleTest</className>
          <testName>isSundayAndPreviousRunIsSaturday[148]</testName>
          <skipped>false</skipped>
          <failedSince>0</failedSince>
        </case>
        <case>
          <duration>0.0</duration>
          <className>hudson.scheduler.CronTabDayOfWeekLocaleTest</className>
          <testName>isSundayAndNextRunIsNextSunday[148]</testName>
          <skipped>false</skipped>
          <failedSince>0</failedSince>
        </case>
        <case>
          <duration>0.001</duration>
          <className>hudson.scheduler.CronTabDayOfWeekLocaleTest</className>
          <testName>isSundayAndPreviousRunIsPreviousSunday[148]</testName>
          <skipped>false</skipped>
          <failedSince>0</failedSince>
        </case>
        <case>
          <duration>0.0</duration>
          <className>hudson.scheduler.CronTabDayOfWeekLocaleTest</className>
          <testName>isSundayAndNextRunIsNextSunday7[148]</testName>
          <skipped>false</skipped>
          <failedSince>0</failedSince>
        </case>
        <case>
          <duration>0.0</duration>
          <className>hudson.scheduler.CronTabDayOfWeekLocaleTest</className>
          <testName>isSundayAndPreviousRunIsPreviousSunday7[148]</testName>
          <skipped>false</skipped>
          <failedSince>0</failedSince>
        </case>
        <case>
          <duration>0.0</duration>
          <className>hudson.scheduler.CronTabDayOfWeekLocaleTest</className>
          <testName>isSaturdayAndNextRunIsSundayAsterisk[148]</testName>
          <skipped>false</skipped>
          <failedSince>0</failedSince>
        </case>
        <case>
          <duration>0.001</duration>
          <className>hudson.scheduler.CronTabDayOfWeekLocaleTest</className>
          <testName>isSundayAndPreviousRunIsSaturdayAsterisk[148]</testName>
          <skipped>false</skipped>
          <failedSince>0</failedSince>
        </case>
      </cases>
    </suite>
    <suite>
      <file>/home/jenkins/slave/workspace/jenkins_main_trunk/core/target/surefire-reports/TEST-hudson.scheduler.CronTabEventualityTest.xml</file>
      <name>hudson.scheduler.CronTabEventualityTest</name>
      <duration>0.042999983</duration>
      <cases>
        <case>
          <duration>0.022</duration>
          <className>hudson.scheduler.CronTabEventualityTest</className>
          <testName>testYearlyWillBeEventuallyTriggeredWithinOneYear[0]</testName>
          <skipped>false</skipped>
          <failedSince>0</failedSince>
        </case>
        <case>
          <duration>0.002</duration>
          <className>hudson.scheduler.CronTabEventualityTest</className>
          <testName>testAnnuallyWillBeEventuallyTriggeredWithinOneYear[0]</testName>
          <skipped>false</skipped>
          <failedSince>0</failedSince>
        </case>
        <case>
          <duration>0.001</duration>
          <className>hudson.scheduler.CronTabEventualityTest</className>
          <testName>testMonthlyWillBeEventuallyTriggeredWithinOneMonth[0]</testName>
          <skipped>false</skipped>
          <failedSince>0</failedSince>
        </case>
        <case>
          <duration>0.004</duration>
          <className>hudson.scheduler.CronTabEventualityTest</className>
          <testName>testWeeklyWillBeEventuallyTriggeredWithinOneWeek[0]</testName>
          <skipped>false</skipped>
          <failedSince>0</failedSince>
        </case>
        <case>
          <duration>0.001</duration>
          <className>hudson.scheduler.CronTabEventualityTest</className>
          <testName>testDailyWillBeEventuallyTriggeredWithinOneDay[0]</testName>
          <skipped>false</skipped>
          <failedSince>0</failedSince>
        </case>
        <case>
          <duration>0.001</duration>
          <className>hudson.scheduler.CronTabEventualityTest</className>
          <testName>testMidnightWillBeEventuallyTriggeredWithinOneDay[0]</testName>
          <skipped>false</skipped>
          <failedSince>0</failedSince>
        </case>
        <case>
          <duration>0.0</duration>
          <className>hudson.scheduler.CronTabEventualityTest</className>
          <testName>testHourlyWillBeEventuallyTriggeredWithinOneHour[0]</testName>
          <skipped>false</skipped>
          <failedSince>0</failedSince>
        </case>
        <case>
          <duration>0.0</duration>
          <className>hudson.scheduler.CronTabEventualityTest</className>
          <testName>testFirstDayOfMonthWillBeEventuallyTriggeredWithinOneMonth[0]</testName>
          <skipped>false</skipped>
          <failedSince>0</failedSince>
        </case>
        <case>
          <duration>0.001</duration>
          <className>hudson.scheduler.CronTabEventualityTest</className>
          <testName>testFirstSundayOfMonthWillBeEventuallyTriggeredWithinOneMonthAndOneWeek[0]</testName>
          <skipped>false</skipped>
          <failedSince>0</failedSince>
        </case>
        <case>
          <duration>0.001</duration>
          <className>hudson.scheduler.CronTabEventualityTest</className>
          <testName>testYearlyWillBeEventuallyTriggeredWithinOneYear[1]</testName>
          <skipped>false</skipped>
          <failedSince>0</failedSince>
        </case>
        <case>
          <duration>0.001</duration>
          <className>hudson.scheduler.CronTabEventualityTest</className>
          <testName>testAnnuallyWillBeEventuallyTriggeredWithinOneYear[1]</testName>
          <skipped>false</skipped>
          <failedSince>0</failedSince>
        </case>
        <case>
          <duration>0.001</duration>
          <className>hudson.scheduler.CronTabEventualityTest</className>
          <testName>testMonthlyWillBeEventuallyTriggeredWithinOneMonth[1]</testName>
          <skipped>false</skipped>
          <failedSince>0</failedSince>
        </case>
        <case>
          <duration>0.0</duration>
          <className>hudson.scheduler.CronTabEventualityTest</className>
          <testName>testWeeklyWillBeEventuallyTriggeredWithinOneWeek[1]</testName>
          <skipped>false</skipped>
          <failedSince>0</failedSince>
        </case>
        <case>
          <duration>0.0</duration>
          <className>hudson.scheduler.CronTabEventualityTest</className>
          <testName>testDailyWillBeEventuallyTriggeredWithinOneDay[1]</testName>
          <skipped>false</skipped>
          <failedSince>0</failedSince>
        </case>
        <case>
          <duration>0.0</duration>
          <className>hudson.scheduler.CronTabEventualityTest</className>
          <testName>testMidnightWillBeEventuallyTriggeredWithinOneDay[1]</testName>
          <skipped>false</skipped>
          <failedSince>0</failedSince>
        </case>
        <case>
          <duration>0.001</duration>
          <className>hudson.scheduler.CronTabEventualityTest</className>
          <testName>testHourlyWillBeEventuallyTriggeredWithinOneHour[1]</testName>
          <skipped>false</skipped>
          <failedSince>0</failedSince>
        </case>
        <case>
          <duration>0.0</duration>
          <className>hudson.scheduler.CronTabEventualityTest</className>
          <testName>testFirstDayOfMonthWillBeEventuallyTriggeredWithinOneMonth[1]</testName>
          <skipped>false</skipped>
          <failedSince>0</failedSince>
        </case>
        <case>
          <duration>0.0</duration>
          <className>hudson.scheduler.CronTabEventualityTest</className>
          <testName>testFirstSundayOfMonthWillBeEventuallyTriggeredWithinOneMonthAndOneWeek[1]</testName>
          <skipped>false</skipped>
          <failedSince>0</failedSince>
        </case>
        <case>
          <duration>0.001</duration>
          <className>hudson.scheduler.CronTabEventualityTest</className>
          <testName>testYearlyWillBeEventuallyTriggeredWithinOneYear[2]</testName>
          <skipped>false</skipped>
          <failedSince>0</failedSince>
        </case>
        <case>
          <duration>0.001</duration>
          <className>hudson.scheduler.CronTabEventualityTest</className>
          <testName>testAnnuallyWillBeEventuallyTriggeredWithinOneYear[2]</testName>
          <skipped>false</skipped>
          <failedSince>0</failedSince>
        </case>
        <case>
          <duration>0.001</duration>
          <className>hudson.scheduler.CronTabEventualityTest</className>
          <testName>testMonthlyWillBeEventuallyTriggeredWithinOneMonth[2]</testName>
          <skipped>false</skipped>
          <failedSince>0</failedSince>
        </case>
        <case>
          <duration>0.001</duration>
          <className>hudson.scheduler.CronTabEventualityTest</className>
          <testName>testWeeklyWillBeEventuallyTriggeredWithinOneWeek[2]</testName>
          <skipped>false</skipped>
          <failedSince>0</failedSince>
        </case>
        <case>
          <duration>0.001</duration>
          <className>hudson.scheduler.CronTabEventualityTest</className>
          <testName>testDailyWillBeEventuallyTriggeredWithinOneDay[2]</testName>
          <skipped>false</skipped>
          <failedSince>0</failedSince>
        </case>
        <case>
          <duration>0.0</duration>
          <className>hudson.scheduler.CronTabEventualityTest</className>
          <testName>testMidnightWillBeEventuallyTriggeredWithinOneDay[2]</testName>
          <skipped>false</skipped>
          <failedSince>0</failedSince>
        </case>
        <case>
          <duration>0.0</duration>
          <className>hudson.scheduler.CronTabEventualityTest</className>
          <testName>testHourlyWillBeEventuallyTriggeredWithinOneHour[2]</testName>
          <skipped>false</skipped>
          <failedSince>0</failedSince>
        </case>
        <case>
          <duration>0.001</duration>
          <className>hudson.scheduler.CronTabEventualityTest</className>
          <testName>testFirstDayOfMonthWillBeEventuallyTriggeredWithinOneMonth[2]</testName>
          <skipped>false</skipped>
          <failedSince>0</failedSince>
        </case>
        <case>
          <duration>0.001</duration>
          <className>hudson.scheduler.CronTabEventualityTest</className>
          <testName>testFirstSundayOfMonthWillBeEventuallyTriggeredWithinOneMonthAndOneWeek[2]</testName>
          <skipped>false</skipped>
          <failedSince>0</failedSince>
        </case>
      </cases>
    </suite>
    <suite>
      <file>/home/jenkins/slave/workspace/jenkins_main_trunk/core/target/surefire-reports/TEST-hudson.scheduler.CronTabTest.xml</file>
      <name>hudson.scheduler.CronTabTest</name>
      <duration>0.005</duration>
      <cases>
        <case>
          <duration>0.005</duration>
          <className>hudson.scheduler.CronTabTest</className>
          <testName>testCeil3_DoW7</testName>
          <skipped>false</skipped>
          <failedSince>0</failedSince>
        </case>
      </cases>
    </suite>
    <suite>
      <file>/home/jenkins/slave/workspace/jenkins_main_trunk/core/target/surefire-reports/TEST-hudson.search.SearchTest.xml</file>
      <name>hudson.search.SearchTest</name>
      <duration>0.080000006</duration>
      <cases>
        <case>
          <duration>0.079</duration>
          <className>hudson.search.SearchTest</className>
          <testName>test1</testName>
          <skipped>false</skipped>
          <failedSince>0</failedSince>
        </case>
        <case>
          <duration>0.001</duration>
          <className>hudson.search.SearchTest</className>
          <testName>testFindClosestSuggestedItem</testName>
          <skipped>false</skipped>
          <failedSince>0</failedSince>
        </case>
      </cases>
    </suite>
    <suite>
      <file>/home/jenkins/slave/workspace/jenkins_main_trunk/core/target/surefire-reports/TEST-hudson.slaves.ComputerLauncherTest.xml</file>
      <name>hudson.slaves.ComputerLauncherTest</name>
      <duration>0.0060000005</duration>
      <cases>
        <case>
          <duration>0.004</duration>
          <className>hudson.slaves.ComputerLauncherTest</className>
          <testName>jdk7</testName>
          <skipped>false</skipped>
          <failedSince>0</failedSince>
        </case>
        <case>
          <duration>0.0</duration>
          <className>hudson.slaves.ComputerLauncherTest</className>
          <testName>openJDK7</testName>
          <skipped>false</skipped>
          <failedSince>0</failedSince>
        </case>
        <case>
          <duration>0.0</duration>
          <className>hudson.slaves.ComputerLauncherTest</className>
          <testName>jdk6</testName>
          <skipped>false</skipped>
          <failedSince>0</failedSince>
        </case>
        <case>
          <duration>0.001</duration>
          <className>hudson.slaves.ComputerLauncherTest</className>
          <testName>jdk5</testName>
          <skipped>false</skipped>
          <failedSince>0</failedSince>
        </case>
        <case>
          <duration>0.0</duration>
          <className>hudson.slaves.ComputerLauncherTest</className>
          <testName>j2sdk4</testName>
          <skipped>false</skipped>
          <failedSince>0</failedSince>
        </case>
        <case>
          <duration>0.001</duration>
          <className>hudson.slaves.ComputerLauncherTest</className>
          <testName>jdk10</testName>
          <skipped>false</skipped>
          <failedSince>0</failedSince>
        </case>
      </cases>
    </suite>
    <suite>
      <file>/home/jenkins/slave/workspace/jenkins_main_trunk/core/target/surefire-reports/TEST-hudson.slaves.NodeListTest.xml</file>
      <name>hudson.slaves.NodeListTest</name>
      <duration>0.008</duration>
      <cases>
        <case>
          <duration>0.008</duration>
          <className>hudson.slaves.NodeListTest</className>
          <testName>testSerialization</testName>
          <skipped>false</skipped>
          <failedSince>0</failedSince>
        </case>
      </cases>
    </suite>
    <suite>
      <file>/home/jenkins/slave/workspace/jenkins_main_trunk/core/target/surefire-reports/TEST-hudson.tasks._maven.Maven3MojoNoteTest.xml</file>
      <name>hudson.tasks._maven.Maven3MojoNoteTest</name>
      <duration>0.003</duration>
      <cases>
        <case>
          <duration>0.003</duration>
          <className>hudson.tasks._maven.Maven3MojoNoteTest</className>
          <testName>testAnnotateMavenPlugin</testName>
          <skipped>false</skipped>
          <failedSince>0</failedSince>
        </case>
        <case>
          <duration>0.0</duration>
          <className>hudson.tasks._maven.Maven3MojoNoteTest</className>
          <testName>testAnnotateCodehausPlugin</testName>
          <skipped>false</skipped>
          <failedSince>0</failedSince>
        </case>
        <case>
          <duration>0.0</duration>
          <className>hudson.tasks._maven.Maven3MojoNoteTest</className>
          <testName>testAnnotateOtherPlugin</testName>
          <skipped>false</skipped>
          <failedSince>0</failedSince>
        </case>
      </cases>
    </suite>
    <suite>
      <file>/home/jenkins/slave/workspace/jenkins_main_trunk/core/target/surefire-reports/TEST-hudson.tasks.junit.CaseResultTest.xml</file>
      <name>hudson.tasks.junit.CaseResultTest</name>
      <duration>0.002</duration>
      <cases>
        <case>
          <duration>0.002</duration>
          <className>hudson.tasks.junit.CaseResultTest</className>
          <testName>testLocalizationOfStatus</testName>
          <skipped>false</skipped>
          <failedSince>0</failedSince>
        </case>
      </cases>
    </suite>
    <suite>
      <file>/home/jenkins/slave/workspace/jenkins_main_trunk/core/target/surefire-reports/TEST-hudson.tasks.junit.SuiteResultTest.xml</file>
      <name>hudson.tasks.junit.SuiteResultTest</name>
      <duration>0.402</duration>
      <cases>
        <case>
          <duration>0.06</duration>
          <className>hudson.tasks.junit.SuiteResultTest</className>
          <testName>testIssue1233</testName>
          <skipped>false</skipped>
          <failedSince>0</failedSince>
        </case>
        <case>
          <duration>0.007</duration>
          <className>hudson.tasks.junit.SuiteResultTest</className>
          <testName>testIssue1463</testName>
          <skipped>false</skipped>
          <failedSince>0</failedSince>
        </case>
        <case>
          <duration>0.284</duration>
          <className>hudson.tasks.junit.SuiteResultTest</className>
          <testName>testIssue1472</testName>
          <skipped>false</skipped>
          <failedSince>0</failedSince>
        </case>
        <case>
          <duration>0.002</duration>
          <className>hudson.tasks.junit.SuiteResultTest</className>
          <testName>testIssue2874</testName>
          <skipped>false</skipped>
          <failedSince>0</failedSince>
        </case>
        <case>
          <duration>0.003</duration>
          <className>hudson.tasks.junit.SuiteResultTest</className>
          <testName>testErrorDetails</testName>
          <skipped>false</skipped>
          <failedSince>0</failedSince>
        </case>
        <case>
          <duration>0.033</duration>
          <className>hudson.tasks.junit.SuiteResultTest</className>
          <testName>testSuiteResultPersistence</testName>
          <skipped>false</skipped>
          <failedSince>0</failedSince>
        </case>
        <case>
          <duration>0.003</duration>
          <className>hudson.tasks.junit.SuiteResultTest</className>
          <testName>testSuiteStdioTrimming</testName>
          <skipped>false</skipped>
          <failedSince>0</failedSince>
        </case>
        <case>
          <duration>0.006</duration>
          <className>hudson.tasks.junit.SuiteResultTest</className>
          <testName>testSuiteStdioTrimmingSurefire</testName>
          <skipped>false</skipped>
          <failedSince>0</failedSince>
        </case>
        <case>
          <duration>0.002</duration>
          <className>hudson.tasks.junit.SuiteResultTest</className>
          <testName>testErrorInTestInitialization</testName>
          <skipped>false</skipped>
          <failedSince>0</failedSince>
        </case>
        <case>
          <duration>0.002</duration>
          <className>hudson.tasks.junit.SuiteResultTest</className>
          <testName>testParseNestedTestSuites</testName>
          <skipped>false</skipped>
          <failedSince>0</failedSince>
        </case>
      </cases>
    </suite>
    <suite>
      <file>/home/jenkins/slave/workspace/jenkins_main_trunk/core/target/surefire-reports/TEST-hudson.tasks.junit.TestResultTest.xml</file>
      <name>hudson.tasks.junit.TestResultTest</name>
      <duration>0.322</duration>
      <cases>
        <case>
          <duration>0.298</duration>
          <className>hudson.tasks.junit.TestResultTest</className>
          <testName>testIpsTests</testName>
          <skipped>false</skipped>
          <failedSince>0</failedSince>
        </case>
        <case>
          <duration>0.014</duration>
          <className>hudson.tasks.junit.TestResultTest</className>
          <testName>testXmlCompatibility</testName>
          <skipped>false</skipped>
          <failedSince>0</failedSince>
        </case>
        <case>
          <duration>0.004</duration>
          <className>hudson.tasks.junit.TestResultTest</className>
          <testName>testDuplicateTestMethods</testName>
          <skipped>false</skipped>
          <failedSince>0</failedSince>
        </case>
        <case>
          <duration>0.003</duration>
          <className>hudson.tasks.junit.TestResultTest</className>
          <testName>testTestSuiteDistributedOverMultipleFilesIsCountedAsOne</testName>
          <skipped>false</skipped>
          <failedSince>0</failedSince>
        </case>
        <case>
          <duration>0.003</duration>
          <className>hudson.tasks.junit.TestResultTest</className>
          <testName>testDuplicatedTestSuiteIsNotCounted</testName>
          <skipped>false</skipped>
          <failedSince>0</failedSince>
        </case>
      </cases>
    </suite>
    <suite>
      <file>/home/jenkins/slave/workspace/jenkins_main_trunk/core/target/surefire-reports/TEST-hudson.tasks.test.TestObjectTest.xml</file>
      <name>hudson.tasks.test.TestObjectTest</name>
      <duration>0.317</duration>
      <cases>
        <case>
          <duration>0.006</duration>
          <className>hudson.tasks.test.TestObjectTest</className>
          <testName>testSafe</testName>
          <skipped>false</skipped>
          <failedSince>0</failedSince>
        </case>
        <case>
          <duration>0.311</duration>
          <className>hudson.tasks.test.TestObjectTest</className>
          <testName>uniquifyName</testName>
          <skipped>false</skipped>
          <failedSince>0</failedSince>
        </case>
      </cases>
    </suite>
    <suite>
      <file>/home/jenkins/slave/workspace/jenkins_main_trunk/core/target/surefire-reports/TEST-hudson.util.ArgumentListBuilderTest.xml</file>
      <name>hudson.util.ArgumentListBuilderTest</name>
      <duration>0.004</duration>
      <cases>
        <case>
          <duration>0.002</duration>
          <className>hudson.util.ArgumentListBuilderTest</className>
          <testName>assertEmptyMask</testName>
          <skipped>false</skipped>
          <failedSince>0</failedSince>
        </case>
        <case>
          <duration>0.0</duration>
          <className>hudson.util.ArgumentListBuilderTest</className>
          <testName>assertLastArgumentIsMasked</testName>
          <skipped>false</skipped>
          <failedSince>0</failedSince>
        </case>
        <case>
          <duration>0.001</duration>
          <className>hudson.util.ArgumentListBuilderTest</className>
          <testName>assertSeveralMaskedArguments</testName>
          <skipped>false</skipped>
          <failedSince>0</failedSince>
        </case>
        <case>
          <duration>0.0</duration>
          <className>hudson.util.ArgumentListBuilderTest</className>
          <testName>assertPrependAfterAddingMasked</testName>
          <skipped>false</skipped>
          <failedSince>0</failedSince>
        </case>
        <case>
          <duration>0.0</duration>
          <className>hudson.util.ArgumentListBuilderTest</className>
          <testName>assertPrependBeforeAddingMasked</testName>
          <skipped>false</skipped>
          <failedSince>0</failedSince>
        </case>
        <case>
          <duration>0.0</duration>
          <className>hudson.util.ArgumentListBuilderTest</className>
          <testName>testToWindowsCommand</testName>
          <skipped>false</skipped>
          <failedSince>0</failedSince>
        </case>
        <case>
          <duration>0.001</duration>
          <className>hudson.util.ArgumentListBuilderTest</className>
          <testName>assertMaskOnClone</testName>
          <skipped>false</skipped>
          <failedSince>0</failedSince>
        </case>
        <case>
          <duration>0.0</duration>
          <className>hudson.util.ArgumentListBuilderTest</className>
          <testName>assertKeyValuePairsWithMask</testName>
          <skipped>false</skipped>
          <failedSince>0</failedSince>
        </case>
        <case>
          <duration>0.0</duration>
          <className>hudson.util.ArgumentListBuilderTest</className>
          <testName>assertKeyValuePairs</testName>
          <skipped>false</skipped>
          <failedSince>0</failedSince>
        </case>
      </cases>
    </suite>
    <suite>
      <file>/home/jenkins/slave/workspace/jenkins_main_trunk/core/target/surefire-reports/TEST-hudson.util.ConsistentHashTest.xml</file>
      <name>hudson.util.ConsistentHashTest</name>
      <duration>0.056</duration>
      <cases>
        <case>
          <duration>0.011</duration>
          <className>hudson.util.ConsistentHashTest</className>
          <testName>testBasic</testName>
          <skipped>false</skipped>
          <failedSince>0</failedSince>
        </case>
        <case>
          <duration>0.004</duration>
          <className>hudson.util.ConsistentHashTest</className>
          <testName>testUnevenDisribution</testName>
          <skipped>false</skipped>
          <failedSince>0</failedSince>
        </case>
        <case>
          <duration>0.041</duration>
          <className>hudson.util.ConsistentHashTest</className>
          <testName>testRemoval</testName>
          <skipped>false</skipped>
          <failedSince>0</failedSince>
        </case>
        <case>
          <duration>0.0</duration>
          <className>hudson.util.ConsistentHashTest</className>
          <testName>testEmptyBehavior</testName>
          <skipped>false</skipped>
          <failedSince>0</failedSince>
        </case>
      </cases>
    </suite>
    <suite>
      <file>/home/jenkins/slave/workspace/jenkins_main_trunk/core/target/surefire-reports/TEST-hudson.util.CopyOnWriteListTest.xml</file>
      <name>hudson.util.CopyOnWriteListTest</name>
      <duration>0.007</duration>
      <cases>
        <case>
          <duration>0.007</duration>
          <className>hudson.util.CopyOnWriteListTest</className>
          <testName>testSerialization</testName>
          <skipped>false</skipped>
          <failedSince>0</failedSince>
        </case>
      </cases>
    </suite>
    <suite>
      <file>/home/jenkins/slave/workspace/jenkins_main_trunk/core/target/surefire-reports/TEST-hudson.util.CopyOnWriteMapTest.xml</file>
      <name>hudson.util.CopyOnWriteMapTest</name>
      <duration>0.018</duration>
      <cases>
        <case>
          <duration>0.006</duration>
          <className>hudson.util.CopyOnWriteMapTest</className>
          <testName>testHashSerialization</testName>
          <skipped>false</skipped>
          <failedSince>0</failedSince>
        </case>
        <case>
          <duration>0.012</duration>
          <className>hudson.util.CopyOnWriteMapTest</className>
          <testName>testTreeSerialization</testName>
          <skipped>false</skipped>
          <failedSince>0</failedSince>
        </case>
      </cases>
    </suite>
    <suite>
      <file>/home/jenkins/slave/workspace/jenkins_main_trunk/core/target/surefire-reports/TEST-hudson.util.CyclicGraphDetectorTest.xml</file>
      <name>hudson.util.CyclicGraphDetectorTest</name>
      <duration>0.003</duration>
      <cases>
        <case>
          <duration>0.002</duration>
          <className>hudson.util.CyclicGraphDetectorTest</className>
          <testName>testCycle</testName>
          <skipped>false</skipped>
          <failedSince>0</failedSince>
        </case>
        <case>
          <duration>0.0</duration>
          <className>hudson.util.CyclicGraphDetectorTest</className>
          <testName>testCycle2</testName>
          <skipped>false</skipped>
          <failedSince>0</failedSince>
        </case>
        <case>
          <duration>0.001</duration>
          <className>hudson.util.CyclicGraphDetectorTest</className>
          <testName>testCycle3</testName>
          <skipped>false</skipped>
          <failedSince>0</failedSince>
        </case>
      </cases>
    </suite>
    <suite>
      <file>/home/jenkins/slave/workspace/jenkins_main_trunk/core/target/surefire-reports/TEST-hudson.util.DirScannerTest.xml</file>
      <name>hudson.util.DirScannerTest</name>
      <duration>0.004</duration>
      <cases>
        <case>
          <duration>0.002</duration>
          <className>hudson.util.DirScannerTest</className>
          <testName>testGlobShouldUseDefaultExcludes</testName>
          <skipped>false</skipped>
          <failedSince>0</failedSince>
        </case>
        <case>
          <duration>0.002</duration>
          <className>hudson.util.DirScannerTest</className>
          <testName>testGlobShouldIgnoreDefaultExcludesByRequest</testName>
          <skipped>false</skipped>
          <failedSince>0</failedSince>
        </case>
      </cases>
    </suite>
    <suite>
      <file>/home/jenkins/slave/workspace/jenkins_main_trunk/core/target/surefire-reports/TEST-hudson.util.FormValidationTest.xml</file>
      <name>hudson.util.FormValidationTest</name>
      <duration>0.002</duration>
      <cases>
        <case>
          <duration>0.001</duration>
          <className>hudson.util.FormValidationTest</className>
          <testName>testValidateRequired_OK</testName>
          <skipped>false</skipped>
          <failedSince>0</failedSince>
        </case>
        <case>
          <duration>0.001</duration>
          <className>hudson.util.FormValidationTest</className>
          <testName>testValidateRequired_Null</testName>
          <skipped>false</skipped>
          <failedSince>0</failedSince>
        </case>
        <case>
          <duration>0.0</duration>
          <className>hudson.util.FormValidationTest</className>
          <testName>testValidateRequired_Empty</testName>
          <skipped>false</skipped>
          <failedSince>0</failedSince>
        </case>
        <case>
          <duration>0.0</duration>
          <className>hudson.util.FormValidationTest</className>
          <testName>testMessage</testName>
          <skipped>false</skipped>
          <failedSince>0</failedSince>
        </case>
      </cases>
    </suite>
    <suite>
      <file>/home/jenkins/slave/workspace/jenkins_main_trunk/core/target/surefire-reports/TEST-hudson.util.IteratorsTest.xml</file>
      <name>hudson.util.IteratorsTest</name>
      <duration>0.002</duration>
      <cases>
        <case>
          <duration>0.001</duration>
          <className>hudson.util.IteratorsTest</className>
          <testName>testReverseSequence</testName>
          <skipped>false</skipped>
          <failedSince>0</failedSince>
        </case>
        <case>
          <duration>0.0</duration>
          <className>hudson.util.IteratorsTest</className>
          <testName>testSequence</testName>
          <skipped>false</skipped>
          <failedSince>0</failedSince>
        </case>
        <case>
          <duration>0.001</duration>
          <className>hudson.util.IteratorsTest</className>
          <testName>testWrap</testName>
          <skipped>false</skipped>
          <failedSince>0</failedSince>
        </case>
        <case>
          <duration>0.0</duration>
          <className>hudson.util.IteratorsTest</className>
          <testName>testLimit</testName>
          <skipped>false</skipped>
          <failedSince>0</failedSince>
        </case>
      </cases>
    </suite>
    <suite>
      <file>/home/jenkins/slave/workspace/jenkins_main_trunk/core/target/surefire-reports/TEST-hudson.util.LineEndNormalizingWriterTest.xml</file>
      <name>hudson.util.LineEndNormalizingWriterTest</name>
      <duration>0.0</duration>
      <cases>
        <case>
          <duration>0.0</duration>
          <className>hudson.util.LineEndNormalizingWriterTest</className>
          <testName>test1</testName>
          <skipped>false</skipped>
          <failedSince>0</failedSince>
        </case>
        <case>
          <duration>0.0</duration>
          <className>hudson.util.LineEndNormalizingWriterTest</className>
          <testName>test2</testName>
          <skipped>false</skipped>
          <failedSince>0</failedSince>
        </case>
        <case>
          <duration>0.0</duration>
          <className>hudson.util.LineEndNormalizingWriterTest</className>
          <testName>test3</testName>
          <skipped>false</skipped>
          <failedSince>0</failedSince>
        </case>
      </cases>
    </suite>
    <suite>
      <file>/home/jenkins/slave/workspace/jenkins_main_trunk/core/target/surefire-reports/TEST-hudson.util.PackedMapTest.xml</file>
      <name>hudson.util.PackedMapTest</name>
      <duration>0.005</duration>
      <cases>
        <case>
          <duration>0.005</duration>
          <className>hudson.util.PackedMapTest</className>
          <testName>testBasic</testName>
          <skipped>false</skipped>
          <failedSince>0</failedSince>
        </case>
      </cases>
    </suite>
    <suite>
      <file>/home/jenkins/slave/workspace/jenkins_main_trunk/core/target/surefire-reports/TEST-hudson.util.ProcessTreeTest.xml</file>
      <name>hudson.util.ProcessTreeTest</name>
      <duration>0.063</duration>
      <cases>
        <case>
          <duration>0.063</duration>
          <className>hudson.util.ProcessTreeTest</className>
          <testName>testRemoting</testName>
          <skipped>false</skipped>
          <failedSince>0</failedSince>
        </case>
      </cases>
    </suite>
    <suite>
      <file>/home/jenkins/slave/workspace/jenkins_main_trunk/core/target/surefire-reports/TEST-hudson.util.QuotedStringTokenizerTest.xml</file>
      <name>hudson.util.QuotedStringTokenizerTest</name>
      <duration>0.003</duration>
      <cases>
        <case>
          <duration>0.002</duration>
          <className>hudson.util.QuotedStringTokenizerTest</className>
          <testName>test1</testName>
          <skipped>false</skipped>
          <failedSince>0</failedSince>
        </case>
        <case>
          <duration>0.001</duration>
          <className>hudson.util.QuotedStringTokenizerTest</className>
          <testName>test2</testName>
          <skipped>false</skipped>
          <failedSince>0</failedSince>
        </case>
        <case>
          <duration>0.0</duration>
          <className>hudson.util.QuotedStringTokenizerTest</className>
          <testName>test3</testName>
          <skipped>false</skipped>
          <failedSince>0</failedSince>
        </case>
        <case>
          <duration>0.0</duration>
          <className>hudson.util.QuotedStringTokenizerTest</className>
          <testName>test4</testName>
          <skipped>false</skipped>
          <failedSince>0</failedSince>
        </case>
        <case>
          <duration>0.0</duration>
          <className>hudson.util.QuotedStringTokenizerTest</className>
          <testName>test5</testName>
          <skipped>false</skipped>
          <failedSince>0</failedSince>
        </case>
        <case>
          <duration>0.0</duration>
          <className>hudson.util.QuotedStringTokenizerTest</className>
          <testName>test6</testName>
          <skipped>false</skipped>
          <failedSince>0</failedSince>
        </case>
        <case>
          <duration>0.0</duration>
          <className>hudson.util.QuotedStringTokenizerTest</className>
          <testName>test7</testName>
          <skipped>false</skipped>
          <failedSince>0</failedSince>
        </case>
      </cases>
    </suite>
    <suite>
      <file>/home/jenkins/slave/workspace/jenkins_main_trunk/core/target/surefire-reports/TEST-hudson.util.RobustReflectionConverterTest.xml</file>
      <name>hudson.util.RobustReflectionConverterTest</name>
      <duration>0.021000002</duration>
      <cases>
        <case>
          <duration>0.004</duration>
          <className>hudson.util.RobustReflectionConverterTest</className>
          <testName>testRobustUnmarshalling</testName>
          <skipped>false</skipped>
          <failedSince>0</failedSince>
        </case>
        <case>
          <duration>0.013</duration>
          <className>hudson.util.RobustReflectionConverterTest</className>
          <testName>testIfWeNeedWorkaround</testName>
          <skipped>false</skipped>
          <failedSince>0</failedSince>
        </case>
        <case>
          <duration>0.004</duration>
          <className>hudson.util.RobustReflectionConverterTest</className>
          <testName>testClassOwnership</testName>
          <skipped>false</skipped>
          <failedSince>0</failedSince>
        </case>
      </cases>
    </suite>
    <suite>
      <file>/home/jenkins/slave/workspace/jenkins_main_trunk/core/target/surefire-reports/TEST-hudson.util.SecretTest.xml</file>
      <name>hudson.util.SecretTest</name>
      <duration>0.22500001</duration>
      <cases>
        <case>
          <duration>0.222</duration>
          <className>hudson.util.SecretTest</className>
          <testName>testSerialization</testName>
          <skipped>false</skipped>
          <failedSince>0</failedSince>
        </case>
        <case>
          <duration>0.001</duration>
          <className>hudson.util.SecretTest</className>
          <testName>testEncrypt</testName>
          <skipped>false</skipped>
          <failedSince>0</failedSince>
        </case>
        <case>
          <duration>0.001</duration>
          <className>hudson.util.SecretTest</className>
          <testName>testDecrypt</testName>
          <skipped>false</skipped>
          <failedSince>0</failedSince>
        </case>
        <case>
          <duration>0.001</duration>
          <className>hudson.util.SecretTest</className>
          <testName>testCompatibilityFromString</testName>
          <skipped>false</skipped>
          <failedSince>0</failedSince>
        </case>
      </cases>
    </suite>
    <suite>
      <file>/home/jenkins/slave/workspace/jenkins_main_trunk/core/target/surefire-reports/TEST-hudson.util.SubClassGeneratorTest.xml</file>
      <name>hudson.util.SubClassGeneratorTest</name>
      <duration>0.01</duration>
      <cases>
        <case>
          <duration>0.01</duration>
          <className>hudson.util.SubClassGeneratorTest</className>
          <testName>testFoo</testName>
          <skipped>false</skipped>
          <failedSince>0</failedSince>
        </case>
      </cases>
    </suite>
    <suite>
      <file>/home/jenkins/slave/workspace/jenkins_main_trunk/core/target/surefire-reports/TEST-hudson.util.XStream2Test.xml</file>
      <name>hudson.util.XStream2Test</name>
      <duration>0.11800001</duration>
      <cases>
        <case>
          <duration>0.002</duration>
          <className>hudson.util.XStream2Test</className>
          <testName>testMarshalValue</testName>
          <skipped>false</skipped>
          <failedSince>0</failedSince>
        </case>
        <case>
          <duration>0.004</duration>
          <className>hudson.util.XStream2Test</className>
          <testName>testXStream11Compatibility</testName>
          <skipped>false</skipped>
          <failedSince>0</failedSince>
        </case>
        <case>
          <duration>0.004</duration>
          <className>hudson.util.XStream2Test</className>
          <testName>testXmlRoundTrip</testName>
          <skipped>false</skipped>
          <failedSince>0</failedSince>
        </case>
        <case>
          <duration>0.014</duration>
          <className>hudson.util.XStream2Test</className>
          <testName>testUnmarshalThrowableMissingField</testName>
          <skipped>false</skipped>
          <failedSince>0</failedSince>
        </case>
        <case>
          <duration>0.011</duration>
          <className>hudson.util.XStream2Test</className>
          <testName>testImmutableMap</testName>
          <skipped>false</skipped>
          <failedSince>0</failedSince>
        </case>
        <case>
          <duration>0.014</duration>
          <className>hudson.util.XStream2Test</className>
          <testName>testImmutableList</testName>
          <skipped>false</skipped>
          <failedSince>0</failedSince>
        </case>
        <case>
          <duration>0.0</duration>
          <className>hudson.util.XStream2Test</className>
          <testName>testEmptyStack</testName>
          <skipped>false</skipped>
          <failedSince>0</failedSince>
        </case>
        <case>
          <duration>0.004</duration>
          <className>hudson.util.XStream2Test</className>
          <testName>testCompatibilityAlias</testName>
          <skipped>false</skipped>
          <failedSince>0</failedSince>
        </case>
        <case>
          <duration>0.041</duration>
          <className>hudson.util.XStream2Test</className>
          <testName>testUnMarshalRunMatrix</testName>
          <skipped>false</skipped>
          <failedSince>0</failedSince>
        </case>
        <case>
          <duration>0.023</duration>
          <className>hudson.util.XStream2Test</className>
          <testName>testConcurrentHashMapSerialization</testName>
          <skipped>false</skipped>
          <failedSince>0</failedSince>
        </case>
        <case>
          <duration>0.001</duration>
          <className>hudson.util.XStream2Test</className>
          <testName>testTrimVersion</testName>
          <skipped>false</skipped>
          <failedSince>0</failedSince>
        </case>
      </cases>
    </suite>
    <suite>
      <file>/home/jenkins/slave/workspace/jenkins_main_trunk/core/target/surefire-reports/TEST-hudson.util.io.ReopenableRotatingFileOutputStreamTest.xml</file>
      <name>hudson.util.io.ReopenableRotatingFileOutputStreamTest</name>
      <duration>0.002</duration>
      <cases>
        <case>
          <duration>0.002</duration>
          <className>hudson.util.io.ReopenableRotatingFileOutputStreamTest</className>
          <testName>testRotation</testName>
          <skipped>false</skipped>
          <failedSince>0</failedSince>
        </case>
      </cases>
    </suite>
    <suite>
      <file>/home/jenkins/slave/workspace/jenkins_main_trunk/core/target/surefire-reports/TEST-hudson.util.io.TarArchiverTest.xml</file>
      <name>hudson.util.io.TarArchiverTest</name>
      <duration>0.048</duration>
      <cases>
        <case>
          <duration>0.046</duration>
          <className>hudson.util.io.TarArchiverTest</className>
          <testName>permission</testName>
          <skipped>false</skipped>
          <failedSince>0</failedSince>
        </case>
        <case>
          <duration>0.002</duration>
          <className>hudson.util.io.TarArchiverTest</className>
          <testName>brokenSymlinks</testName>
          <skipped>false</skipped>
          <failedSince>0</failedSince>
        </case>
      </cases>
    </suite>
    <suite>
      <file>/home/jenkins/slave/workspace/jenkins_main_trunk/core/target/surefire-reports/TEST-hudson.util.io.ZipArchiverTest.xml</file>
      <name>hudson.util.io.ZipArchiverTest</name>
      <duration>0.002</duration>
      <cases>
        <case>
          <duration>0.002</duration>
          <className>hudson.util.io.ZipArchiverTest</className>
          <testName>testBackwardsSlashesOnWindows</testName>
          <skipped>false</skipped>
          <failedSince>0</failedSince>
        </case>
      </cases>
    </suite>
    <suite>
      <file>/home/jenkins/slave/workspace/jenkins_main_trunk/core/target/surefire-reports/TEST-jenkins.RemotingJarSignatureTest.xml</file>
      <name>jenkins.RemotingJarSignatureTest</name>
      <duration>0.333</duration>
      <cases>
        <case>
          <duration>0.333</duration>
          <className>jenkins.RemotingJarSignatureTest</className>
          <testName>testSignature</testName>
          <skipped>false</skipped>
          <failedSince>0</failedSince>
        </case>
      </cases>
    </suite>
    <suite>
      <file>/home/jenkins/slave/workspace/jenkins_main_trunk/core/target/surefire-reports/TEST-jenkins.ResilientJsonObjectTest.xml</file>
      <name>jenkins.ResilientJsonObjectTest</name>
      <duration>0.15</duration>
      <cases>
        <case>
          <duration>0.15</duration>
          <className>jenkins.ResilientJsonObjectTest</className>
          <testName>databindingShouldIgnoreUnrecognizedJsonProperty</testName>
          <skipped>false</skipped>
          <failedSince>0</failedSince>
        </case>
      </cases>
    </suite>
    <suite>
      <file>/home/jenkins/slave/workspace/jenkins_main_trunk/core/target/surefire-reports/TEST-jenkins.model.lazy.AbstractLazyLoadRunMapTest.xml</file>
      <name>jenkins.model.lazy.AbstractLazyLoadRunMapTest</name>
      <duration>0.124</duration>
      <cases>
        <case>
          <duration>0.026</duration>
          <className>jenkins.model.lazy.AbstractLazyLoadRunMapTest</className>
          <testName>search</testName>
          <skipped>false</skipped>
          <failedSince>0</failedSince>
        </case>
        <case>
          <duration>0.004</duration>
          <className>jenkins.model.lazy.AbstractLazyLoadRunMapTest</className>
          <testName>lookup</testName>
          <skipped>false</skipped>
          <failedSince>0</failedSince>
        </case>
        <case>
          <duration>0.003</duration>
          <className>jenkins.model.lazy.AbstractLazyLoadRunMapTest</className>
          <testName>lookup2</testName>
          <skipped>false</skipped>
          <failedSince>0</failedSince>
        </case>
        <case>
          <duration>0.004</duration>
          <className>jenkins.model.lazy.AbstractLazyLoadRunMapTest</className>
          <testName>idempotentLookup</testName>
          <skipped>false</skipped>
          <failedSince>0</failedSince>
        </case>
        <case>
          <duration>0.024</duration>
          <className>jenkins.model.lazy.AbstractLazyLoadRunMapTest</className>
          <testName>lookupWithBogusKeyType</testName>
          <skipped>false</skipped>
          <failedSince>0</failedSince>
        </case>
        <case>
          <duration>0.003</duration>
          <className>jenkins.model.lazy.AbstractLazyLoadRunMapTest</className>
          <testName>firstKey</testName>
          <skipped>false</skipped>
          <failedSince>0</failedSince>
        </case>
        <case>
          <duration>0.004</duration>
          <className>jenkins.model.lazy.AbstractLazyLoadRunMapTest</className>
          <testName>lastKey</testName>
          <skipped>false</skipped>
          <failedSince>0</failedSince>
        </case>
        <case>
          <duration>0.005</duration>
          <className>jenkins.model.lazy.AbstractLazyLoadRunMapTest</className>
          <testName>unloadableData</testName>
          <skipped>false</skipped>
          <failedSince>0</failedSince>
        </case>
        <case>
          <duration>0.003</duration>
          <className>jenkins.model.lazy.AbstractLazyLoadRunMapTest</className>
          <testName>eagerLoading</testName>
          <skipped>false</skipped>
          <failedSince>0</failedSince>
        </case>
        <case>
          <duration>0.007</duration>
          <className>jenkins.model.lazy.AbstractLazyLoadRunMapTest</className>
          <testName>fastLookup</testName>
          <skipped>false</skipped>
          <failedSince>0</failedSince>
        </case>
        <case>
          <duration>0.008</duration>
          <className>jenkins.model.lazy.AbstractLazyLoadRunMapTest</className>
          <testName>fastSearch</testName>
          <skipped>false</skipped>
          <failedSince>0</failedSince>
        </case>
        <case>
          <duration>0.003</duration>
          <className>jenkins.model.lazy.AbstractLazyLoadRunMapTest</className>
          <testName>bogusCache</testName>
          <skipped>false</skipped>
          <failedSince>0</failedSince>
        </case>
        <case>
          <duration>0.004</duration>
          <className>jenkins.model.lazy.AbstractLazyLoadRunMapTest</className>
          <testName>bogusCacheAndHiddenRealData</testName>
          <skipped>false</skipped>
          <failedSince>0</failedSince>
        </case>
        <case>
          <duration>0.003</duration>
          <className>jenkins.model.lazy.AbstractLazyLoadRunMapTest</className>
          <testName>bogusCache2</testName>
          <skipped>false</skipped>
          <failedSince>0</failedSince>
        </case>
        <case>
          <duration>0.009</duration>
          <className>jenkins.model.lazy.AbstractLazyLoadRunMapTest</className>
          <testName>incompleteCache</testName>
          <skipped>false</skipped>
          <failedSince>0</failedSince>
        </case>
        <case>
          <duration>0.005</duration>
          <className>jenkins.model.lazy.AbstractLazyLoadRunMapTest</className>
          <testName>fastSubMap</testName>
          <skipped>false</skipped>
          <failedSince>0</failedSince>
        </case>
        <case>
          <duration>0.003</duration>
          <className>jenkins.model.lazy.AbstractLazyLoadRunMapTest</className>
          <testName>identity</testName>
          <skipped>false</skipped>
          <failedSince>0</failedSince>
        </case>
        <case>
          <duration>0.006</duration>
          <className>jenkins.model.lazy.AbstractLazyLoadRunMapTest</className>
          <testName>indexOutOfBounds</testName>
          <skipped>false</skipped>
          <failedSince>0</failedSince>
        </case>
      </cases>
    </suite>
    <suite>
      <file>/home/jenkins/slave/workspace/jenkins_main_trunk/core/target/surefire-reports/TEST-jenkins.model.lazy.SortedIntListTest.xml</file>
      <name>jenkins.model.lazy.SortedIntListTest</name>
      <duration>0.002</duration>
      <cases>
        <case>
          <duration>0.002</duration>
          <className>jenkins.model.lazy.SortedIntListTest</className>
          <testName>testLower</testName>
          <skipped>false</skipped>
          <failedSince>0</failedSince>
        </case>
      </cases>
    </suite>
    <suite>
      <file>/home/jenkins/slave/workspace/jenkins_main_trunk/core/target/surefire-reports/TEST-jenkins.model.lazy.SortedListTest.xml</file>
      <name>jenkins.model.lazy.SortedListTest</name>
      <duration>0.001</duration>
      <cases>
        <case>
          <duration>0.0</duration>
          <className>jenkins.model.lazy.SortedListTest</className>
          <testName>remove</testName>
          <skipped>false</skipped>
          <failedSince>0</failedSince>
        </case>
        <case>
          <duration>0.0</duration>
          <className>jenkins.model.lazy.SortedListTest</className>
          <testName>testLower</testName>
          <skipped>false</skipped>
          <failedSince>0</failedSince>
        </case>
        <case>
          <duration>0.0</duration>
          <className>jenkins.model.lazy.SortedListTest</className>
          <testName>testCeil</testName>
          <skipped>false</skipped>
          <failedSince>0</failedSince>
        </case>
        <case>
          <duration>0.001</duration>
          <className>jenkins.model.lazy.SortedListTest</className>
          <testName>testFloor</testName>
          <skipped>false</skipped>
          <failedSince>0</failedSince>
        </case>
        <case>
          <duration>0.0</duration>
          <className>jenkins.model.lazy.SortedListTest</className>
          <testName>testHigher</testName>
          <skipped>false</skipped>
          <failedSince>0</failedSince>
        </case>
        <case>
          <duration>0.0</duration>
          <className>jenkins.model.lazy.SortedListTest</className>
          <testName>testRange</testName>
          <skipped>false</skipped>
          <failedSince>0</failedSince>
        </case>
        <case>
          <duration>0.0</duration>
          <className>jenkins.model.lazy.SortedListTest</className>
          <testName>testClone</testName>
          <skipped>false</skipped>
          <failedSince>0</failedSince>
        </case>
      </cases>
    </suite>
    <suite>
      <file>/home/jenkins/slave/workspace/jenkins_main_trunk/core/target/surefire-reports/TEST-jenkins.util.MarkFindingOutputStreamTest.xml</file>
      <name>jenkins.util.MarkFindingOutputStreamTest</name>
      <duration>0.002</duration>
      <cases>
        <case>
          <duration>0.001</duration>
          <className>jenkins.util.MarkFindingOutputStreamTest</className>
          <testName>testFindTwice</testName>
          <skipped>false</skipped>
          <failedSince>0</failedSince>
        </case>
        <case>
          <duration>0.001</duration>
          <className>jenkins.util.MarkFindingOutputStreamTest</className>
          <testName>testPartialMatchTurnsOutToBeWrongIn2ndWrite</testName>
          <skipped>false</skipped>
          <failedSince>0</failedSince>
        </case>
        <case>
          <duration>0.0</duration>
          <className>jenkins.util.MarkFindingOutputStreamTest</className>
          <testName>testCloseInTheMiddle</testName>
          <skipped>false</skipped>
          <failedSince>0</failedSince>
        </case>
        <case>
          <duration>0.0</duration>
          <className>jenkins.util.MarkFindingOutputStreamTest</className>
          <testName>testOneByOne</testName>
          <skipped>false</skipped>
          <failedSince>0</failedSince>
        </case>
        <case>
          <duration>0.0</duration>
          <className>jenkins.util.MarkFindingOutputStreamTest</className>
          <testName>testWriteOneHoldOff</testName>
          <skipped>false</skipped>
          <failedSince>0</failedSince>
        </case>
      </cases>
    </suite>
    <suite>
      <file>/home/jenkins/slave/workspace/jenkins_main_trunk/core/target/surefire-reports/TEST-jenkins.util.TreeStringBuilderTest.xml</file>
      <name>jenkins.util.TreeStringBuilderTest</name>
      <duration>0.042999998</duration>
      <cases>
        <case>
          <duration>0.001</duration>
          <className>jenkins.util.TreeStringBuilderTest</className>
          <testName>test</testName>
          <skipped>false</skipped>
          <failedSince>0</failedSince>
        </case>
        <case>
          <duration>0.042</duration>
          <className>jenkins.util.TreeStringBuilderTest</className>
          <testName>testRandom</testName>
          <skipped>false</skipped>
          <failedSince>0</failedSince>
        </case>
      </cases>
    </suite>
    <suite>
      <file>/home/jenkins/slave/workspace/jenkins_main_trunk/core/target/surefire-reports/TEST-jenkins.util.xstream.XStreamDOMTest.xml</file>
      <name>jenkins.util.xstream.XStreamDOMTest</name>
      <duration>0.297</duration>
      <cases>
        <case>
          <duration>0.245</duration>
          <className>jenkins.util.xstream.XStreamDOMTest</className>
          <testName>testMarshal</testName>
          <skipped>false</skipped>
          <failedSince>0</failedSince>
        </case>
        <case>
          <duration>0.024</duration>
          <className>jenkins.util.xstream.XStreamDOMTest</className>
          <testName>testUnmarshal</testName>
          <skipped>false</skipped>
          <failedSince>0</failedSince>
        </case>
        <case>
          <duration>0.009</duration>
          <className>jenkins.util.xstream.XStreamDOMTest</className>
          <testName>testWriteToDOM</testName>
          <skipped>false</skipped>
          <failedSince>0</failedSince>
        </case>
        <case>
          <duration>0.005</duration>
          <className>jenkins.util.xstream.XStreamDOMTest</className>
          <testName>testNoChild</testName>
          <skipped>false</skipped>
          <failedSince>0</failedSince>
        </case>
        <case>
          <duration>0.007</duration>
          <className>jenkins.util.xstream.XStreamDOMTest</className>
          <testName>testNameEscape</testName>
          <skipped>false</skipped>
          <failedSince>0</failedSince>
        </case>
        <case>
          <duration>0.007</duration>
          <className>jenkins.util.xstream.XStreamDOMTest</className>
          <testName>testDomInMap</testName>
          <skipped>false</skipped>
          <failedSince>0</failedSince>
        </case>
      </cases>
    </suite>
    <suite>
      <file>/home/jenkins/slave/workspace/jenkins_main_trunk/maven-plugin/target/surefire-reports/TEST-hudson.maven.ExecutedMojoTest.xml</file>
      <name>hudson.maven.ExecutedMojoTest</name>
      <duration>0.197</duration>
      <cases>
        <case>
          <duration>0.196</duration>
          <className>hudson.maven.ExecutedMojoTest</className>
          <testName>testMojoFromJarFile</testName>
          <skipped>false</skipped>
          <failedSince>0</failedSince>
        </case>
        <case>
          <duration>0.001</duration>
          <className>hudson.maven.ExecutedMojoTest</className>
          <testName>testMojoFromClassesDirectory</testName>
          <skipped>false</skipped>
          <failedSince>0</failedSince>
        </case>
      </cases>
    </suite>
    <suite>
      <file>/home/jenkins/slave/workspace/jenkins_main_trunk/maven-plugin/target/surefire-reports/TEST-hudson.maven.MavenModuleTest.xml</file>
      <name>hudson.maven.MavenModuleTest</name>
      <duration>1.3779999</duration>
      <cases>
        <case>
          <duration>1.197</duration>
          <className>hudson.maven.MavenModuleTest</className>
          <testName>testMavenModuleAsPluginDependency</testName>
          <skipped>false</skipped>
          <failedSince>0</failedSince>
        </case>
        <case>
          <duration>0.05</duration>
          <className>hudson.maven.MavenModuleTest</className>
          <testName>testSimpleVersion</testName>
          <skipped>false</skipped>
          <failedSince>0</failedSince>
        </case>
        <case>
          <duration>0.048</duration>
          <className>hudson.maven.MavenModuleTest</className>
          <testName>testSimpleVersionRange</testName>
          <skipped>false</skipped>
          <failedSince>0</failedSince>
        </case>
        <case>
          <duration>0.058</duration>
          <className>hudson.maven.MavenModuleTest</className>
          <testName>testMultipleDependencies</testName>
          <skipped>false</skipped>
          <failedSince>0</failedSince>
        </case>
        <case>
          <duration>0.025</duration>
          <className>hudson.maven.MavenModuleTest</className>
          <testName>testProjectWithSpecifiedVersionAndNoDependencies</testName>
          <skipped>false</skipped>
          <failedSince>0</failedSince>
        </case>
      </cases>
    </suite>
    <suite>
      <file>/home/jenkins/slave/workspace/jenkins_main_trunk/maven-plugin/target/surefire-reports/TEST-hudson.maven.reporters.SurefireArchiverUnitTest.xml</file>
      <name>hudson.maven.reporters.SurefireArchiverUnitTest</name>
      <duration>2.509</duration>
      <cases>
        <case>
          <duration>0.348</duration>
          <className>hudson.maven.reporters.SurefireArchiverUnitTest</className>
          <testName>testNotArchivingEmptyResults</testName>
          <skipped>false</skipped>
          <failedSince>0</failedSince>
        </case>
        <case>
          <duration>1.376</duration>
          <className>hudson.maven.reporters.SurefireArchiverUnitTest</className>
          <testName>testArchiveResults</testName>
          <skipped>false</skipped>
          <failedSince>0</failedSince>
        </case>
        <case>
          <duration>0.433</duration>
          <className>hudson.maven.reporters.SurefireArchiverUnitTest</className>
          <testName>testAlreadyCheckedFilesAreNotParsedAgain</testName>
          <skipped>false</skipped>
          <failedSince>0</failedSince>
        </case>
        <case>
          <duration>0.352</duration>
          <className>hudson.maven.reporters.SurefireArchiverUnitTest</className>
          <testName>testMultiThreaded</testName>
          <skipped>false</skipped>
          <failedSince>0</failedSince>
        </case>
      </cases>
    </suite>
    <suite>
      <file>/home/jenkins/slave/workspace/jenkins_main_trunk/test/target/surefire-reports/.EnvironmentVariableNodePropertyTest.testSlaveAndMasterPropertyOnSlave.874.xml</file>
      <name>hudson.slaves.EnvironmentVariableNodePropertyTest.testSlaveAndMasterPropertyOnSlave</name>
      <stdout>=== Starting EnvironmentVariableNodePropertyTest.testSlaveAndMasterPropertyOnSlave
Legacy code started this job.  No cause information is available
Building remotely on [8mha:AAAAnB+LCAAAAAAAAABb85aBtbiIQTGjNKU4P08vOT+vOD8nVc83PyU1x6OyILUoJzMv2y+/JJUBAhiZGBgqihhk0NSjKDWzXb3RdlLBUSYGJk8GtpzUvPSSDB8G5tKinBIGIZ+sxLJE/ZzEvHT94JKizLx0a6BxUmjGOUNodHsLgAy2EgYB/eT83ILSktQi/eKcxLJUAwCuxmeFxQAAAA==[0mslave0 in workspace /home/jenkins/slave/workspace/jenkins_main_trunk/test/target/hudson1235617288039375967test/workspace/test0
Finished: SUCCESS

</stdout>
      <stderr>Dec 11, 2012 11:31:20 AM org.mortbay.log.Slf4jLog info
INFO: jetty-6.1.26
Dec 11, 2012 11:31:20 AM org.mortbay.log.Slf4jLog info
INFO: NO JSP Support for , did not find org.apache.jasper.servlet.JspServlet
Dec 11, 2012 11:31:20 AM org.mortbay.log.Slf4jLog info
INFO: Started SocketConnector@0.0.0.0:51424
Dec 11, 2012 11:31:20 AM jenkins.InitReactorRunner$1 onAttained
INFO: Started initialization
Dec 11, 2012 11:31:20 AM jenkins.InitReactorRunner$1 onAttained
INFO: Listed all plugins
Dec 11, 2012 
...[truncated 1195 chars]...
hudson.PluginWrapper stop
INFO: Stopping ant
Dec 11, 2012 11:31:23 AM hudson.PluginWrapper stop
INFO: Stopping javadoc
Dec 11, 2012 11:31:23 AM hudson.PluginWrapper stop
INFO: Stopping subversion
Dec 11, 2012 11:31:23 AM hudson.PluginWrapper stop
INFO: Stopping cvs
Dec 11, 2012 11:31:23 AM hudson.PluginWrapper stop
INFO: Stopping maven-plugin
Dec 11, 2012 11:31:23 AM hudson.PluginWrapper stop
INFO: Stopping translation
Dec 11, 2012 11:31:23 AM hudson.PluginWrapper stop
INFO: Stopping ssh-slaves
</stderr>
      <duration>3.499</duration>
      <timestamp>2012-12-11T11:31:20</timestamp>
      <cases>
        <case>
          <duration>3.499</duration>
          <className>hudson.slaves.EnvironmentVariableNodePropertyTest</className>
          <testName>testSlaveAndMasterPropertyOnSlave</testName>
          <skipped>false</skipped>
          <failedSince>0</failedSince>
        </case>
      </cases>
    </suite>
    <suite>
      <file>/home/jenkins/slave/workspace/jenkins_main_trunk/test/target/surefire-reports/.JobPropertyTest.testJobPropertySummaryIsShownInMatrixProjectIndexPage.779.xml</file>
      <name>hudson.model.JobPropertyTest.testJobPropertySummaryIsShownInMatrixProjectIndexPage</name>
      <stdout>=== Starting JobPropertyTest.testJobPropertySummaryIsShownInMatrixProjectIndexPage
</stdout>
      <stderr>Dec 11, 2012 11:25:11 AM org.mortbay.log.Slf4jLog info
INFO: jetty-6.1.26
Dec 11, 2012 11:25:11 AM org.mortbay.log.Slf4jLog info
INFO: NO JSP Support for , did not find org.apache.jasper.servlet.JspServlet
Dec 11, 2012 11:25:11 AM org.mortbay.log.Slf4jLog info
INFO: Started SocketConnector@0.0.0.0:48940
Dec 11, 2012 11:25:11 AM jenkins.InitReactorRunner$1 onAttained
INFO: Started initialization
Dec 11, 2012 11:25:11 AM jenkins.InitReactorRunner$1 onAttained
INFO: Listed all plugins
Dec 11, 2012 
...[truncated 3473 chars]...
hudson.PluginWrapper stop
INFO: Stopping ant
Dec 11, 2012 11:25:14 AM hudson.PluginWrapper stop
INFO: Stopping javadoc
Dec 11, 2012 11:25:14 AM hudson.PluginWrapper stop
INFO: Stopping subversion
Dec 11, 2012 11:25:14 AM hudson.PluginWrapper stop
INFO: Stopping cvs
Dec 11, 2012 11:25:14 AM hudson.PluginWrapper stop
INFO: Stopping maven-plugin
Dec 11, 2012 11:25:14 AM hudson.PluginWrapper stop
INFO: Stopping translation
Dec 11, 2012 11:25:14 AM hudson.PluginWrapper stop
INFO: Stopping ssh-slaves
</stderr>
      <duration>3.582</duration>
      <timestamp>2012-12-11T11:25:11</timestamp>
      <cases>
        <case>
          <duration>3.582</duration>
          <className>hudson.model.JobPropertyTest</className>
          <testName>testJobPropertySummaryIsShownInMatrixProjectIndexPage</testName>
          <skipped>false</skipped>
          <failedSince>0</failedSince>
        </case>
      </cases>
    </suite>
    <suite>
      <file>/home/jenkins/slave/workspace/jenkins_main_trunk/test/target/surefire-reports/.node_monitors.DiskSpaceMonitorDescriptorTest.testRemoteDiskSpaceUsage.843.xml</file>
      <name>hudson.node_monitors.DiskSpaceMonitorDescriptorTest.testRemoteDiskSpaceUsage</name>
      <stdout>=== Starting DiskSpaceMonitorDescriptorTest.testRemoteDiskSpaceUsage
</stdout>
      <stderr>Dec 11, 2012 11:29:09 AM org.mortbay.log.Slf4jLog info
INFO: jetty-6.1.26
Dec 11, 2012 11:29:09 AM org.mortbay.log.Slf4jLog info
INFO: NO JSP Support for , did not find org.apache.jasper.servlet.JspServlet
Dec 11, 2012 11:29:09 AM org.mortbay.log.Slf4jLog info
INFO: Started SocketConnector@0.0.0.0:50634
Dec 11, 2012 11:29:09 AM jenkins.InitReactorRunner$1 onAttained
INFO: Started initialization
Dec 11, 2012 11:29:09 AM jenkins.InitReactorRunner$1 onAttained
INFO: Listed all plugins
Dec 11, 2012 
...[truncated 1093 chars]...
hudson.PluginWrapper stop
INFO: Stopping ant
Dec 11, 2012 11:29:12 AM hudson.PluginWrapper stop
INFO: Stopping javadoc
Dec 11, 2012 11:29:12 AM hudson.PluginWrapper stop
INFO: Stopping subversion
Dec 11, 2012 11:29:12 AM hudson.PluginWrapper stop
INFO: Stopping cvs
Dec 11, 2012 11:29:12 AM hudson.PluginWrapper stop
INFO: Stopping maven-plugin
Dec 11, 2012 11:29:12 AM hudson.PluginWrapper stop
INFO: Stopping translation
Dec 11, 2012 11:29:12 AM hudson.PluginWrapper stop
INFO: Stopping ssh-slaves
</stderr>
      <duration>2.716</duration>
      <timestamp>2012-12-11T11:29:09</timestamp>
      <cases>
        <case>
          <duration>2.716</duration>
          <className>hudson.node_monitors.DiskSpaceMonitorDescriptorTest</className>
          <testName>testRemoteDiskSpaceUsage</testName>
          <skipped>false</skipped>
          <failedSince>0</failedSince>
        </case>
      </cases>
    </suite>
    <suite>
      <file>/home/jenkins/slave/workspace/jenkins_main_trunk/test/target/surefire-reports/.slaves.EnvironmentVariableNodePropertyTest.testFormRoundTripForMaster.877.xml</file>
      <name>hudson.slaves.EnvironmentVariableNodePropertyTest.testFormRoundTripForMaster</name>
      <stdout>=== Starting EnvironmentVariableNodePropertyTest.testFormRoundTripForMaster
</stdout>
      <stderr>Dec 11, 2012 11:31:30 AM org.mortbay.log.Slf4jLog info
INFO: jetty-6.1.26
Dec 11, 2012 11:31:30 AM org.mortbay.log.Slf4jLog info
INFO: NO JSP Support for , did not find org.apache.jasper.servlet.JspServlet
Dec 11, 2012 11:31:30 AM org.mortbay.log.Slf4jLog info
INFO: Started SocketConnector@0.0.0.0:32791
Dec 11, 2012 11:31:30 AM jenkins.InitReactorRunner$1 onAttained
INFO: Started initialization
Dec 11, 2012 11:31:30 AM jenkins.InitReactorRunner$1 onAttained
INFO: Listed all plugins
Dec 11, 2012 
...[truncated 6379 chars]...
hudson.PluginWrapper stop
INFO: Stopping ant
Dec 11, 2012 11:31:34 AM hudson.PluginWrapper stop
INFO: Stopping javadoc
Dec 11, 2012 11:31:34 AM hudson.PluginWrapper stop
INFO: Stopping subversion
Dec 11, 2012 11:31:34 AM hudson.PluginWrapper stop
INFO: Stopping cvs
Dec 11, 2012 11:31:34 AM hudson.PluginWrapper stop
INFO: Stopping maven-plugin
Dec 11, 2012 11:31:34 AM hudson.PluginWrapper stop
INFO: Stopping translation
Dec 11, 2012 11:31:34 AM hudson.PluginWrapper stop
INFO: Stopping ssh-slaves
</stderr>
      <duration>4.848</duration>
      <timestamp>2012-12-11T11:31:30</timestamp>
      <cases>
        <case>
          <duration>4.848</duration>
          <className>hudson.slaves.EnvironmentVariableNodePropertyTest</className>
          <testName>testFormRoundTripForMaster</testName>
          <skipped>false</skipped>
          <failedSince>0</failedSince>
        </case>
      </cases>
    </suite>
    <suite>
      <file>/home/jenkins/slave/workspace/jenkins_main_trunk/test/target/surefire-reports/.slaves.EnvironmentVariableNodePropertyTest.testMasterPropertyOnMaster.873.xml</file>
      <name>hudson.slaves.EnvironmentVariableNodePropertyTest.testMasterPropertyOnMaster</name>
      <stdout>=== Starting EnvironmentVariableNodePropertyTest.testMasterPropertyOnMaster
Legacy code started this job.  No cause information is available
Building on master in workspace /home/jenkins/slave/workspace/jenkins_main_trunk/test/target/hudson1603846472657987352test/workspace/test0
Finished: SUCCESS

</stdout>
      <stderr>Dec 11, 2012 11:31:18 AM org.mortbay.log.Slf4jLog info
INFO: jetty-6.1.26
Dec 11, 2012 11:31:18 AM org.mortbay.log.Slf4jLog info
INFO: NO JSP Support for , did not find org.apache.jasper.servlet.JspServlet
Dec 11, 2012 11:31:18 AM org.mortbay.log.Slf4jLog info
INFO: Started SocketConnector@0.0.0.0:34636
Dec 11, 2012 11:31:18 AM jenkins.InitReactorRunner$1 onAttained
INFO: Started initialization
Dec 11, 2012 11:31:18 AM jenkins.InitReactorRunner$1 onAttained
INFO: Listed all plugins
Dec 11, 2012 
...[truncated 1095 chars]...
hudson.PluginWrapper stop
INFO: Stopping ant
Dec 11, 2012 11:31:19 AM hudson.PluginWrapper stop
INFO: Stopping javadoc
Dec 11, 2012 11:31:19 AM hudson.PluginWrapper stop
INFO: Stopping subversion
Dec 11, 2012 11:31:19 AM hudson.PluginWrapper stop
INFO: Stopping cvs
Dec 11, 2012 11:31:19 AM hudson.PluginWrapper stop
INFO: Stopping maven-plugin
Dec 11, 2012 11:31:19 AM hudson.PluginWrapper stop
INFO: Stopping translation
Dec 11, 2012 11:31:19 AM hudson.PluginWrapper stop
INFO: Stopping ssh-slaves
</stderr>
      <duration>2.116</duration>
      <timestamp>2012-12-11T11:31:18</timestamp>
      <cases>
        <case>
          <duration>2.116</duration>
          <className>hudson.slaves.EnvironmentVariableNodePropertyTest</className>
          <testName>testMasterPropertyOnMaster</testName>
          <skipped>false</skipped>
          <failedSince>0</failedSince>
        </case>
      </cases>
    </suite>
    <suite>
      <file>/home/jenkins/slave/workspace/jenkins_main_trunk/test/target/surefire-reports/JobPropertyTest.testJobPropertySummaryIsShownInMavenModuleSetIndexPage.778.xml</file>
      <name>hudson.model.JobPropertyTest.testJobPropertySummaryIsShownInMavenModuleSetIndexPage</name>
      <stdout>=== Starting JobPropertyTest.testJobPropertySummaryIsShownInMavenModuleSetIndexPage
</stdout>
      <stderr>Dec 11, 2012 11:25:08 AM org.mortbay.log.Slf4jLog info
INFO: jetty-6.1.26
Dec 11, 2012 11:25:08 AM org.mortbay.log.Slf4jLog info
INFO: NO JSP Support for , did not find org.apache.jasper.servlet.JspServlet
Dec 11, 2012 11:25:08 AM org.mortbay.log.Slf4jLog info
INFO: Started SocketConnector@0.0.0.0:55768
Dec 11, 2012 11:25:08 AM jenkins.InitReactorRunner$1 onAttained
INFO: Started initialization
Dec 11, 2012 11:25:08 AM jenkins.InitReactorRunner$1 onAttained
INFO: Listed all plugins
Dec 11, 2012 
...[truncated 3473 chars]...
hudson.PluginWrapper stop
INFO: Stopping ant
Dec 11, 2012 11:25:11 AM hudson.PluginWrapper stop
INFO: Stopping javadoc
Dec 11, 2012 11:25:11 AM hudson.PluginWrapper stop
INFO: Stopping subversion
Dec 11, 2012 11:25:11 AM hudson.PluginWrapper stop
INFO: Stopping cvs
Dec 11, 2012 11:25:11 AM hudson.PluginWrapper stop
INFO: Stopping maven-plugin
Dec 11, 2012 11:25:11 AM hudson.PluginWrapper stop
INFO: Stopping translation
Dec 11, 2012 11:25:11 AM hudson.PluginWrapper stop
INFO: Stopping ssh-slaves
</stderr>
      <duration>3.742</duration>
      <timestamp>2012-12-11T11:25:08</timestamp>
      <cases>
        <case>
          <duration>3.742</duration>
          <className>hudson.model.JobPropertyTest</className>
          <testName>testJobPropertySummaryIsShownInMavenModuleSetIndexPage</testName>
          <skipped>false</skipped>
          <failedSince>0</failedSince>
        </case>
      </cases>
    </suite>
    <suite>
      <file>/home/jenkins/slave/workspace/jenkins_main_trunk/test/target/surefire-reports/TEST-hudson.model.CauseTest.xml</file>
      <name>hudson.model.CauseTest</name>
      <duration>16.419</duration>
      <cases>
        <case>
          <duration>16.419</duration>
          <className>hudson.model.CauseTest</className>
          <testName>deeplyNestedCauses</testName>
          <skipped>false</skipped>
          <failedSince>0</failedSince>
        </case>
      </cases>
    </suite>
    <suite>
      <file>/home/jenkins/slave/workspace/jenkins_main_trunk/test/target/surefire-reports/TEST-hudson.model.UpdateSiteTest.xml</file>
      <name>hudson.model.UpdateSiteTest</name>
      <duration>1.817</duration>
      <cases>
        <case>
          <duration>1.817</duration>
          <className>hudson.model.UpdateSiteTest</className>
          <testName>relativeURLs</testName>
          <skipped>false</skipped>
          <failedSince>0</failedSince>
        </case>
      </cases>
    </suite>
    <suite>
      <file>/home/jenkins/slave/workspace/jenkins_main_trunk/test/target/surefire-reports/TEST-hudson.triggers.TriggerStartTest.xml</file>
      <name>hudson.triggers.TriggerStartTest</name>
      <duration>16.676</duration>
      <cases>
        <case>
          <duration>2.218</duration>
          <className>hudson.triggers.TriggerStartTest</className>
          <testName>loadCallsStartFalse</testName>
          <skipped>false</skipped>
          <failedSince>0</failedSince>
        </case>
        <case>
          <duration>9.476</duration>
          <className>hudson.triggers.TriggerStartTest</className>
          <testName>submitCallsStartTrue</testName>
          <skipped>false</skipped>
          <failedSince>0</failedSince>
        </case>
        <case>
          <duration>2.398</duration>
          <className>hudson.triggers.TriggerStartTest</className>
          <testName>updateByXmlCallsStartTrue</testName>
          <skipped>false</skipped>
          <failedSince>0</failedSince>
        </case>
        <case>
          <duration>1.113</duration>
          <className>hudson.triggers.TriggerStartTest</className>
          <testName>createProjectFromXmlCallsStartTrue</testName>
          <skipped>false</skipped>
          <failedSince>0</failedSince>
        </case>
        <case>
          <duration>1.471</duration>
          <className>hudson.triggers.TriggerStartTest</className>
          <testName>copyCallsStartTrue</testName>
          <skipped>false</skipped>
          <failedSince>0</failedSince>
        </case>
      </cases>
    </suite>
    <suite>
      <file>/home/jenkins/slave/workspace/jenkins_main_trunk/test/target/surefire-reports/TEST-org.jvnet.hudson.main.UseRecipesWithJenkinsRuleTest.xml</file>
      <name>org.jvnet.hudson.main.UseRecipesWithJenkinsRuleTest</name>
      <duration>29.742</duration>
      <cases>
        <case>
          <duration>7.084</duration>
          <className>org.jvnet.hudson.main.UseRecipesWithJenkinsRuleTest</className>
          <testName>testGetItemFromLocalData</testName>
          <skipped>false</skipped>
          <failedSince>0</failedSince>
        </case>
        <case>
          <duration>3.332</duration>
          <className>org.jvnet.hudson.main.UseRecipesWithJenkinsRuleTest</className>
          <testName>testWithPlugin</testName>
          <skipped>false</skipped>
          <failedSince>0</failedSince>
        </case>
        <case>
          <duration>16.795</duration>
          <className>org.jvnet.hudson.main.UseRecipesWithJenkinsRuleTest</className>
          <testName>testPresetData</testName>
          <skipped>false</skipped>
          <failedSince>0</failedSince>
        </case>
        <case>
          <duration>2.531</duration>
          <className>org.jvnet.hudson.main.UseRecipesWithJenkinsRuleTest</className>
          <testName>testWithPluginManager</testName>
          <skipped>false</skipped>
          <failedSince>0</failedSince>
        </case>
      </cases>
    </suite>
    <suite>
      <file>/home/jenkins/slave/workspace/jenkins_main_trunk/test/target/surefire-reports/VariableNodePropertyTest.testSlaveAndMasterPropertyAndParameterOnSlave.875.xml</file>
      <name>hudson.slaves.EnvironmentVariableNodePropertyTest.testSlaveAndMasterPropertyAndParameterOnSlave</name>
      <stdout>=== Starting EnvironmentVariableNodePropertyTest.testSlaveAndMasterPropertyAndParameterOnSlave
Legacy code started this job.  No cause information is available
Building remotely on [8mha:AAAAnB+LCAAAAAAAAABb85aBtbiIQTGjNKU4P08vOT+vOD8nVc83PyU1x6OyILUoJzMv2y+/JJUBAhiZGBgqihhk0NSjKDWzXb3RdlLBUSYGJk8GtpzUvPSSDB8G5tKinBIGIZ+sxLJE/ZzEvHT94JKizLx0a6BxUmjGOUNodHsLgAy2EgYB/eT83ILSktQi/eKcxLJUAwCuxmeFxQAAAA==[0mslave0 in workspace /home/jenkins/slave/workspace/jenkins_main_trunk/test/target/hudson5174127453108340447test/workspace/test0
Finished: SUCCESS

</stdout>
      <stderr>Dec 11, 2012 11:31:23 AM org.mortbay.log.Slf4jLog info
INFO: jetty-6.1.26
Dec 11, 2012 11:31:23 AM org.mortbay.log.Slf4jLog info
INFO: NO JSP Support for , did not find org.apache.jasper.servlet.JspServlet
Dec 11, 2012 11:31:23 AM org.mortbay.log.Slf4jLog info
INFO: Started SocketConnector@0.0.0.0:58664
Dec 11, 2012 11:31:24 AM jenkins.InitReactorRunner$1 onAttained
INFO: Started initialization
Dec 11, 2012 11:31:24 AM jenkins.InitReactorRunner$1 onAttained
INFO: Listed all plugins
Dec 11, 2012 
...[truncated 1195 chars]...
hudson.PluginWrapper stop
INFO: Stopping ant
Dec 11, 2012 11:31:27 AM hudson.PluginWrapper stop
INFO: Stopping javadoc
Dec 11, 2012 11:31:27 AM hudson.PluginWrapper stop
INFO: Stopping subversion
Dec 11, 2012 11:31:27 AM hudson.PluginWrapper stop
INFO: Stopping cvs
Dec 11, 2012 11:31:27 AM hudson.PluginWrapper stop
INFO: Stopping maven-plugin
Dec 11, 2012 11:31:27 AM hudson.PluginWrapper stop
INFO: Stopping translation
Dec 11, 2012 11:31:27 AM hudson.PluginWrapper stop
INFO: Stopping ssh-slaves
</stderr>
      <duration>3.957</duration>
      <timestamp>2012-12-11T11:31:23</timestamp>
      <cases>
        <case>
          <duration>3.957</duration>
          <className>hudson.slaves.EnvironmentVariableNodePropertyTest</className>
          <testName>testSlaveAndMasterPropertyAndParameterOnSlave</testName>
          <skipped>false</skipped>
          <failedSince>0</failedSince>
        </case>
      </cases>
    </suite>
    <suite>
      <file>/home/jenkins/slave/workspace/jenkins_main_trunk/test/target/surefire-reports/_security_FederatedLoginService_UnclaimedIdentityException_error.jelly.213.xml</file>
      <name>hudson_security_FederatedLoginService_UnclaimedIdentityException_error.jelly</name>
      <stdout></stdout>
      <stderr></stderr>
      <duration>0.026</duration>
      <timestamp>2012-12-11T10:55:00</timestamp>
      <cases>
        <case>
          <duration>0.026</duration>
          <className>org.jvnet.hudson.test.JellyTestSuiteBuilder$JellyCheck</className>
          <testName>hudson/security/FederatedLoginService/UnclaimedIdentityException/error.jelly</testName>
          <skipped>false</skipped>
          <failedSince>0</failedSince>
        </case>
      </cases>
    </suite>
    <suite>
      <file>/home/jenkins/slave/workspace/jenkins_main_trunk/test/target/surefire-reports/_security_HudsonPrivateSecurityRealm_signupWithFederatedIdentity.jelly.222.xml</file>
      <name>hudson_security_HudsonPrivateSecurityRealm_signupWithFederatedIdentity.jelly</name>
      <stdout></stdout>
      <stderr></stderr>
      <duration>0.027</duration>
      <timestamp>2012-12-11T10:55:00</timestamp>
      <cases>
        <case>
          <duration>0.027</duration>
          <className>org.jvnet.hudson.test.JellyTestSuiteBuilder$JellyCheck</className>
          <testName>hudson/security/HudsonPrivateSecurityRealm/signupWithFederatedIdentity.jelly</testName>
          <skipped>false</skipped>
          <failedSince>0</failedSince>
        </case>
      </cases>
    </suite>
    <suite>
      <file>/home/jenkins/slave/workspace/jenkins_main_trunk/test/target/surefire-reports/_tasks_test_AggregatedTestResultPublisher_TestResultAction_index.jelly.258.xml</file>
      <name>hudson_tasks_test_AggregatedTestResultPublisher_TestResultAction_index.jelly</name>
      <stdout></stdout>
      <stderr></stderr>
      <duration>0.025</duration>
      <timestamp>2012-12-11T10:55:01</timestamp>
      <cases>
        <case>
          <duration>0.025</duration>
          <className>org.jvnet.hudson.test.JellyTestSuiteBuilder$JellyCheck</className>
          <testName>hudson/tasks/test/AggregatedTestResultPublisher/TestResultAction/index.jelly</testName>
          <skipped>false</skipped>
          <failedSince>0</failedSince>
        </case>
      </cases>
    </suite>
    <suite>
      <file>/home/jenkins/slave/workspace/jenkins_main_trunk/test/target/surefire-reports/asks.UserAvatarResolverTest.testThatDefaultImageIsReturnedIfRegexFails.913.xml</file>
      <name>hudson.tasks.UserAvatarResolverTest.testThatDefaultImageIsReturnedIfRegexFails</name>
      <stdout>=== Starting UserAvatarResolverTest.testThatDefaultImageIsReturnedIfRegexFails
</stdout>
      <stderr>Dec 11, 2012 11:35:23 AM org.mortbay.log.Slf4jLog info
INFO: jetty-6.1.26
Dec 11, 2012 11:35:23 AM org.mortbay.log.Slf4jLog info
INFO: NO JSP Support for , did not find org.apache.jasper.servlet.JspServlet
Dec 11, 2012 11:35:23 AM org.mortbay.log.Slf4jLog info
INFO: Started SocketConnector@0.0.0.0:54658
Dec 11, 2012 11:35:23 AM jenkins.InitReactorRunner$1 onAttained
INFO: Started initialization
Dec 11, 2012 11:35:23 AM jenkins.InitReactorRunner$1 onAttained
INFO: Listed all plugins
Dec 11, 2012 
...[truncated 1133 chars]...
hudson.PluginWrapper stop
INFO: Stopping ant
Dec 11, 2012 11:35:24 AM hudson.PluginWrapper stop
INFO: Stopping javadoc
Dec 11, 2012 11:35:24 AM hudson.PluginWrapper stop
INFO: Stopping subversion
Dec 11, 2012 11:35:24 AM hudson.PluginWrapper stop
INFO: Stopping cvs
Dec 11, 2012 11:35:24 AM hudson.PluginWrapper stop
INFO: Stopping maven-plugin
Dec 11, 2012 11:35:24 AM hudson.PluginWrapper stop
INFO: Stopping translation
Dec 11, 2012 11:35:24 AM hudson.PluginWrapper stop
INFO: Stopping ssh-slaves
</stderr>
      <duration>2.104</duration>
      <timestamp>2012-12-11T11:35:23</timestamp>
      <cases>
        <case>
          <duration>2.104</duration>
          <className>hudson.tasks.UserAvatarResolverTest</className>
          <testName>testThatDefaultImageIsReturnedIfRegexFails</testName>
          <skipped>false</skipped>
          <failedSince>0</failedSince>
        </case>
      </cases>
    </suite>
    <suite>
      <file>/home/jenkins/slave/workspace/jenkins_main_trunk/test/target/surefire-reports/bPropertyTest.testJobPropertySummaryIsShownInFreeStyleProjectIndexPage.780.xml</file>
      <name>hudson.model.JobPropertyTest.testJobPropertySummaryIsShownInFreeStyleProjectIndexPage</name>
      <stdout>=== Starting JobPropertyTest.testJobPropertySummaryIsShownInFreeStyleProjectIndexPage
</stdout>
      <stderr>Dec 11, 2012 11:25:15 AM org.mortbay.log.Slf4jLog info
INFO: jetty-6.1.26
Dec 11, 2012 11:25:15 AM org.mortbay.log.Slf4jLog info
INFO: NO JSP Support for , did not find org.apache.jasper.servlet.JspServlet
Dec 11, 2012 11:25:15 AM org.mortbay.log.Slf4jLog info
INFO: Started SocketConnector@0.0.0.0:41022
Dec 11, 2012 11:25:15 AM jenkins.InitReactorRunner$1 onAttained
INFO: Started initialization
Dec 11, 2012 11:25:15 AM jenkins.InitReactorRunner$1 onAttained
INFO: Listed all plugins
Dec 11, 2012 
...[truncated 3473 chars]...
hudson.PluginWrapper stop
INFO: Stopping ant
Dec 11, 2012 11:25:17 AM hudson.PluginWrapper stop
INFO: Stopping javadoc
Dec 11, 2012 11:25:17 AM hudson.PluginWrapper stop
INFO: Stopping subversion
Dec 11, 2012 11:25:17 AM hudson.PluginWrapper stop
INFO: Stopping cvs
Dec 11, 2012 11:25:17 AM hudson.PluginWrapper stop
INFO: Stopping maven-plugin
Dec 11, 2012 11:25:17 AM hudson.PluginWrapper stop
INFO: Stopping translation
Dec 11, 2012 11:25:17 AM hudson.PluginWrapper stop
INFO: Stopping ssh-slaves
</stderr>
      <duration>2.808</duration>
      <timestamp>2012-12-11T11:25:15</timestamp>
      <cases>
        <case>
          <duration>2.808</duration>
          <className>hudson.model.JobPropertyTest</className>
          <testName>testJobPropertySummaryIsShownInFreeStyleProjectIndexPage</testName>
          <skipped>false</skipped>
          <failedSince>0</failedSince>
        </case>
      </cases>
    </suite>
    <suite>
      <file>/home/jenkins/slave/workspace/jenkins_main_trunk/test/target/surefire-reports/basics_org.jvnet.hudson.test.MockFolderTest_.1011.xml</file>
      <name>basics(org.jvnet.hudson.test.MockFolderTest)</name>
      <stdout>=== Starting basics(org.jvnet.hudson.test.MockFolderTest)
</stdout>
      <stderr>Dec 11, 2012 11:41:41 AM org.mortbay.log.Slf4jLog info
INFO: jetty-6.1.26
Dec 11, 2012 11:41:41 AM org.mortbay.log.Slf4jLog info
INFO: NO JSP Support for , did not find org.apache.jasper.servlet.JspServlet
Dec 11, 2012 11:41:41 AM org.mortbay.log.Slf4jLog info
INFO: Started SocketConnector@0.0.0.0:60314
Dec 11, 2012 11:41:41 AM jenkins.InitReactorRunner$1 onAttained
INFO: Started initialization
Dec 11, 2012 11:41:41 AM jenkins.InitReactorRunner$1 onAttained
INFO: Listed all plugins
Dec 11, 2012 
...[truncated 993 chars]...
hudson.PluginWrapper stop
INFO: Stopping ant
Dec 11, 2012 11:41:42 AM hudson.PluginWrapper stop
INFO: Stopping javadoc
Dec 11, 2012 11:41:42 AM hudson.PluginWrapper stop
INFO: Stopping subversion
Dec 11, 2012 11:41:42 AM hudson.PluginWrapper stop
INFO: Stopping cvs
Dec 11, 2012 11:41:42 AM hudson.PluginWrapper stop
INFO: Stopping maven-plugin
Dec 11, 2012 11:41:42 AM hudson.PluginWrapper stop
INFO: Stopping translation
Dec 11, 2012 11:41:42 AM hudson.PluginWrapper stop
INFO: Stopping ssh-slaves
</stderr>
      <duration>1.684</duration>
      <timestamp>2012-12-11T11:41:41</timestamp>
      <cases>
        <case>
          <duration>1.684</duration>
          <className>org.jvnet.hudson.test.MockFolderTest</className>
          <testName>basics</testName>
          <skipped>false</skipped>
          <failedSince>0</failedSince>
        </case>
      </cases>
    </suite>
    <suite>
      <file>/home/jenkins/slave/workspace/jenkins_main_trunk/test/target/surefire-reports/copyBetweenFolders_hudson.cli.CopyJobCommandTest_.573.xml</file>
      <name>copyBetweenFolders(hudson.cli.CopyJobCommandTest)</name>
      <stdout>=== Starting copyBetweenFolders(hudson.cli.CopyJobCommandTest)
</stdout>
      <stderr>Dec 11, 2012 10:57:30 AM org.mortbay.log.Slf4jLog info
INFO: jetty-6.1.26
Dec 11, 2012 10:57:30 AM org.mortbay.log.Slf4jLog info
INFO: NO JSP Support for , did not find org.apache.jasper.servlet.JspServlet
Dec 11, 2012 10:57:30 AM org.mortbay.log.Slf4jLog info
INFO: Started SocketConnector@0.0.0.0:36897
Dec 11, 2012 10:57:30 AM jenkins.InitReactorRunner$1 onAttained
INFO: Started initialization
Dec 11, 2012 10:57:30 AM jenkins.InitReactorRunner$1 onAttained
INFO: Listed all plugins
Dec 11, 2012 
...[truncated 993 chars]...
hudson.PluginWrapper stop
INFO: Stopping ant
Dec 11, 2012 10:57:31 AM hudson.PluginWrapper stop
INFO: Stopping javadoc
Dec 11, 2012 10:57:31 AM hudson.PluginWrapper stop
INFO: Stopping subversion
Dec 11, 2012 10:57:31 AM hudson.PluginWrapper stop
INFO: Stopping cvs
Dec 11, 2012 10:57:31 AM hudson.PluginWrapper stop
INFO: Stopping maven-plugin
Dec 11, 2012 10:57:31 AM hudson.PluginWrapper stop
INFO: Stopping translation
Dec 11, 2012 10:57:31 AM hudson.PluginWrapper stop
INFO: Stopping ssh-slaves
</stderr>
      <duration>1.283</duration>
      <timestamp>2012-12-11T10:57:30</timestamp>
      <cases>
        <case>
          <duration>1.283</duration>
          <className>hudson.cli.CopyJobCommandTest</className>
          <testName>copyBetweenFolders</testName>
          <skipped>false</skipped>
          <failedSince>0</failedSince>
        </case>
      </cases>
    </suite>
    <suite>
      <file>/home/jenkins/slave/workspace/jenkins_main_trunk/test/target/surefire-reports/dson.maven.MavenMultiModuleTest.testIncrementalMultiModWithErrorsMaven.681.xml</file>
      <name>hudson.maven.MavenMultiModuleTest.testIncrementalMultiModWithErrorsMaven</name>
      <stdout>=== Starting MavenMultiModuleTest.testIncrementalMultiModWithErrorsMaven
</stdout>
      <stderr>Dec 11, 2012 11:11:15 AM org.mortbay.log.Slf4jLog info
INFO: jetty-6.1.26
Dec 11, 2012 11:11:15 AM org.mortbay.log.Slf4jLog info
INFO: NO JSP Support for , did not find org.apache.jasper.servlet.JspServlet
Dec 11, 2012 11:11:15 AM org.mortbay.log.Slf4jLog info
INFO: Started SocketConnector@0.0.0.0:40992
Dec 11, 2012 11:11:15 AM jenkins.InitReactorRunner$1 onAttained
INFO: Started initialization
Dec 11, 2012 11:11:15 AM jenkins.InitReactorRunner$1 onAttained
INFO: Listed all plugins
Dec 11, 2012 
...[truncated 1197 chars]...
hudson.PluginWrapper stop
INFO: Stopping ant
Dec 11, 2012 11:11:42 AM hudson.PluginWrapper stop
INFO: Stopping javadoc
Dec 11, 2012 11:11:42 AM hudson.PluginWrapper stop
INFO: Stopping subversion
Dec 11, 2012 11:11:42 AM hudson.PluginWrapper stop
INFO: Stopping cvs
Dec 11, 2012 11:11:42 AM hudson.PluginWrapper stop
INFO: Stopping maven-plugin
Dec 11, 2012 11:11:42 AM hudson.PluginWrapper stop
INFO: Stopping translation
Dec 11, 2012 11:11:42 AM hudson.PluginWrapper stop
INFO: Stopping ssh-slaves
</stderr>
      <duration>27.838</duration>
      <timestamp>2012-12-11T11:11:15</timestamp>
      <cases>
        <case>
          <duration>27.838</duration>
          <className>hudson.maven.MavenMultiModuleTest</className>
          <testName>testIncrementalMultiModWithErrorsMaven</testName>
          <skipped>false</skipped>
          <failedSince>0</failedSince>
        </case>
      </cases>
    </suite>
    <suite>
      <file>/home/jenkins/slave/workspace/jenkins_main_trunk/test/target/surefire-reports/dson.maven.MavenSnapshotTriggerTest.testMixedTransitiveSnapshotTrigger.700.xml</file>
      <name>hudson.maven.MavenSnapshotTriggerTest.testMixedTransitiveSnapshotTrigger</name>
      <stdout>=== Starting MavenSnapshotTriggerTest.testMixedTransitiveSnapshotTrigger
</stdout>
      <stderr>Dec 11, 2012 11:17:15 AM org.mortbay.log.Slf4jLog info
INFO: jetty-6.1.26
Dec 11, 2012 11:17:15 AM org.mortbay.log.Slf4jLog info
INFO: NO JSP Support for , did not find org.apache.jasper.servlet.JspServlet
Dec 11, 2012 11:17:15 AM org.mortbay.log.Slf4jLog info
INFO: Started SocketConnector@0.0.0.0:37387
Dec 11, 2012 11:17:15 AM jenkins.InitReactorRunner$1 onAttained
INFO: Started initialization
Dec 11, 2012 11:17:15 AM jenkins.InitReactorRunner$1 onAttained
INFO: Listed all plugins
Dec 11, 2012 
...[truncated 1677 chars]...
hudson.PluginWrapper stop
INFO: Stopping ant
Dec 11, 2012 11:18:15 AM hudson.PluginWrapper stop
INFO: Stopping javadoc
Dec 11, 2012 11:18:15 AM hudson.PluginWrapper stop
INFO: Stopping subversion
Dec 11, 2012 11:18:15 AM hudson.PluginWrapper stop
INFO: Stopping cvs
Dec 11, 2012 11:18:15 AM hudson.PluginWrapper stop
INFO: Stopping maven-plugin
Dec 11, 2012 11:18:15 AM hudson.PluginWrapper stop
INFO: Stopping translation
Dec 11, 2012 11:18:15 AM hudson.PluginWrapper stop
INFO: Stopping ssh-slaves
</stderr>
      <duration>61.402</duration>
      <timestamp>2012-12-11T11:17:15</timestamp>
      <cases>
        <case>
          <duration>61.402</duration>
          <className>hudson.maven.MavenSnapshotTriggerTest</className>
          <testName>testMixedTransitiveSnapshotTrigger</testName>
          <skipped>false</skipped>
          <failedSince>0</failedSince>
        </case>
      </cases>
    </suite>
    <suite>
      <file>/home/jenkins/slave/workspace/jenkins_main_trunk/test/target/surefire-reports/dson.maven.MavenSnapshotTriggerTest.testSnapshotDependencyBuildTrigger.699.xml</file>
      <name>hudson.maven.MavenSnapshotTriggerTest.testSnapshotDependencyBuildTrigger</name>
      <stdout>=== Starting MavenSnapshotTriggerTest.testSnapshotDependencyBuildTrigger
</stdout>
      <stderr>Dec 11, 2012 11:16:19 AM org.mortbay.log.Slf4jLog info
INFO: jetty-6.1.26
Dec 11, 2012 11:16:19 AM org.mortbay.log.Slf4jLog info
INFO: NO JSP Support for , did not find org.apache.jasper.servlet.JspServlet
Dec 11, 2012 11:16:19 AM org.mortbay.log.Slf4jLog info
INFO: Started SocketConnector@0.0.0.0:60388
Dec 11, 2012 11:16:19 AM jenkins.InitReactorRunner$1 onAttained
INFO: Started initialization
Dec 11, 2012 11:16:19 AM jenkins.InitReactorRunner$1 onAttained
INFO: Listed all plugins
Dec 11, 2012 
...[truncated 1449 chars]...
hudson.PluginWrapper stop
INFO: Stopping ant
Dec 11, 2012 11:17:14 AM hudson.PluginWrapper stop
INFO: Stopping javadoc
Dec 11, 2012 11:17:14 AM hudson.PluginWrapper stop
INFO: Stopping subversion
Dec 11, 2012 11:17:14 AM hudson.PluginWrapper stop
INFO: Stopping cvs
Dec 11, 2012 11:17:14 AM hudson.PluginWrapper stop
INFO: Stopping maven-plugin
Dec 11, 2012 11:17:14 AM hudson.PluginWrapper stop
INFO: Stopping translation
Dec 11, 2012 11:17:14 AM hudson.PluginWrapper stop
INFO: Stopping ssh-slaves
</stderr>
      <duration>55.577</duration>
      <timestamp>2012-12-11T11:16:19</timestamp>
      <cases>
        <case>
          <duration>55.577</duration>
          <className>hudson.maven.MavenSnapshotTriggerTest</className>
          <testName>testSnapshotDependencyBuildTrigger</testName>
          <skipped>false</skipped>
          <failedSince>0</failedSince>
        </case>
      </cases>
    </suite>
    <suite>
      <file>/home/jenkins/slave/workspace/jenkins_main_trunk/test/target/surefire-reports/dson.model.AbortedFreeStyleBuildTest.testBuildWrapperSeesAbortedStatus.712.xml</file>
      <name>hudson.model.AbortedFreeStyleBuildTest.testBuildWrapperSeesAbortedStatus</name>
      <stdout>=== Starting AbortedFreeStyleBuildTest.testBuildWrapperSeesAbortedStatus
</stdout>
      <stderr>Dec 11, 2012 11:20:23 AM org.mortbay.log.Slf4jLog info
INFO: jetty-6.1.26
Dec 11, 2012 11:20:23 AM org.mortbay.log.Slf4jLog info
INFO: NO JSP Support for , did not find org.apache.jasper.servlet.JspServlet
Dec 11, 2012 11:20:23 AM org.mortbay.log.Slf4jLog info
INFO: Started SocketConnector@0.0.0.0:45950
Dec 11, 2012 11:20:23 AM jenkins.InitReactorRunner$1 onAttained
INFO: Started initialization
Dec 11, 2012 11:20:23 AM jenkins.InitReactorRunner$1 onAttained
INFO: Listed all plugins
Dec 11, 2012 
...[truncated 1782 chars]...
hudson.PluginWrapper stop
INFO: Stopping ant
Dec 11, 2012 11:20:25 AM hudson.PluginWrapper stop
INFO: Stopping javadoc
Dec 11, 2012 11:20:25 AM hudson.PluginWrapper stop
INFO: Stopping subversion
Dec 11, 2012 11:20:25 AM hudson.PluginWrapper stop
INFO: Stopping cvs
Dec 11, 2012 11:20:25 AM hudson.PluginWrapper stop
INFO: Stopping maven-plugin
Dec 11, 2012 11:20:25 AM hudson.PluginWrapper stop
INFO: Stopping translation
Dec 11, 2012 11:20:25 AM hudson.PluginWrapper stop
INFO: Stopping ssh-slaves
</stderr>
      <duration>1.639</duration>
      <timestamp>2012-12-11T11:20:23</timestamp>
      <cases>
        <case>
          <duration>1.639</duration>
          <className>hudson.model.AbortedFreeStyleBuildTest</className>
          <testName>testBuildWrapperSeesAbortedStatus</testName>
          <skipped>false</skipped>
          <failedSince>0</failedSince>
        </case>
      </cases>
    </suite>
    <suite>
      <file>/home/jenkins/slave/workspace/jenkins_main_trunk/test/target/surefire-reports/dson.model.queue.QueueTaskDispatcherTest.testCanRunBlockageIsDisplayed.841.xml</file>
      <name>hudson.model.queue.QueueTaskDispatcherTest.testCanRunBlockageIsDisplayed</name>
      <stdout>=== Starting QueueTaskDispatcherTest.testCanRunBlockageIsDisplayed
</stdout>
      <stderr>Dec 11, 2012 11:29:01 AM org.mortbay.log.Slf4jLog info
INFO: jetty-6.1.26
Dec 11, 2012 11:29:01 AM org.mortbay.log.Slf4jLog info
INFO: NO JSP Support for , did not find org.apache.jasper.servlet.JspServlet
Dec 11, 2012 11:29:01 AM org.mortbay.log.Slf4jLog info
INFO: Started SocketConnector@0.0.0.0:54053
Dec 11, 2012 11:29:01 AM jenkins.InitReactorRunner$1 onAttained
INFO: Started initialization
Dec 11, 2012 11:29:01 AM jenkins.InitReactorRunner$1 onAttained
INFO: Listed all plugins
Dec 11, 2012 
...[truncated 993 chars]...
hudson.PluginWrapper stop
INFO: Stopping ant
Dec 11, 2012 11:29:07 AM hudson.PluginWrapper stop
INFO: Stopping javadoc
Dec 11, 2012 11:29:07 AM hudson.PluginWrapper stop
INFO: Stopping subversion
Dec 11, 2012 11:29:07 AM hudson.PluginWrapper stop
INFO: Stopping cvs
Dec 11, 2012 11:29:07 AM hudson.PluginWrapper stop
INFO: Stopping maven-plugin
Dec 11, 2012 11:29:07 AM hudson.PluginWrapper stop
INFO: Stopping translation
Dec 11, 2012 11:29:07 AM hudson.PluginWrapper stop
INFO: Stopping ssh-slaves
</stderr>
      <duration>7.182</duration>
      <timestamp>2012-12-11T11:29:01</timestamp>
      <cases>
        <case>
          <duration>7.182</duration>
          <className>hudson.model.queue.QueueTaskDispatcherTest</className>
          <testName>testCanRunBlockageIsDisplayed</testName>
          <skipped>false</skipped>
          <failedSince>0</failedSince>
        </case>
      </cases>
    </suite>
    <suite>
      <file>/home/jenkins/slave/workspace/jenkins_main_trunk/test/target/surefire-reports/endedReadPermissionTest.testReadOnlyConfigAccessWithPermissionDisabled.859.xml</file>
      <name>hudson.security.ExtendedReadPermissionTest.testReadOnlyConfigAccessWithPermissionDisabled</name>
      <stdout>=== Starting ExtendedReadPermissionTest.testReadOnlyConfigAccessWithPermissionDisabled
</stdout>
      <stderr>Dec 11, 2012 11:30:02 AM org.mortbay.log.Slf4jLog info
INFO: jetty-6.1.26
Dec 11, 2012 11:30:02 AM org.mortbay.log.Slf4jLog info
INFO: NO JSP Support for , did not find org.apache.jasper.servlet.JspServlet
Dec 11, 2012 11:30:02 AM org.mortbay.log.Slf4jLog info
INFO: Started SocketConnector@0.0.0.0:37089
Dec 11, 2012 11:30:02 AM jenkins.InitReactorRunner$1 onAttained
INFO: Started initialization
Dec 11, 2012 11:30:02 AM jenkins.InitReactorRunner$1 onAttained
INFO: Listed all plugins
Dec 11, 2012 
...[truncated 15465 chars]...
hudson.PluginWrapper stop
INFO: Stopping ant
Dec 11, 2012 11:30:07 AM hudson.PluginWrapper stop
INFO: Stopping javadoc
Dec 11, 2012 11:30:07 AM hudson.PluginWrapper stop
INFO: Stopping subversion
Dec 11, 2012 11:30:07 AM hudson.PluginWrapper stop
INFO: Stopping cvs
Dec 11, 2012 11:30:07 AM hudson.PluginWrapper stop
INFO: Stopping maven-plugin
Dec 11, 2012 11:30:07 AM hudson.PluginWrapper stop
INFO: Stopping translation
Dec 11, 2012 11:30:07 AM hudson.PluginWrapper stop
INFO: Stopping ssh-slaves
</stderr>
      <duration>5.568</duration>
      <timestamp>2012-12-11T11:30:02</timestamp>
      <cases>
        <case>
          <duration>5.568</duration>
          <className>hudson.security.ExtendedReadPermissionTest</className>
          <testName>testReadOnlyConfigAccessWithPermissionDisabled</testName>
          <skipped>false</skipped>
          <failedSince>0</failedSince>
        </case>
      </cases>
    </suite>
    <suite>
      <file>/home/jenkins/slave/workspace/jenkins_main_trunk/test/target/surefire-reports/form.RepeatablePropertyTest.testFieldNotNullWithDefaultIgnoresDefaults.983.xml</file>
      <name>lib.form.RepeatablePropertyTest.testFieldNotNullWithDefaultIgnoresDefaults</name>
      <stdout>=== Starting RepeatablePropertyTest.testFieldNotNullWithDefaultIgnoresDefaults
</stdout>
      <stderr>Dec 11, 2012 11:40:09 AM org.mortbay.log.Slf4jLog info
INFO: jetty-6.1.26
Dec 11, 2012 11:40:09 AM org.mortbay.log.Slf4jLog info
INFO: NO JSP Support for , did not find org.apache.jasper.servlet.JspServlet
Dec 11, 2012 11:40:09 AM org.mortbay.log.Slf4jLog info
INFO: Started SocketConnector@0.0.0.0:59920
Dec 11, 2012 11:40:09 AM jenkins.InitReactorRunner$1 onAttained
INFO: Started initialization
Dec 11, 2012 11:40:09 AM jenkins.InitReactorRunner$1 onAttained
INFO: Listed all plugins
Dec 11, 2012 
...[truncated 3473 chars]...
hudson.PluginWrapper stop
INFO: Stopping ant
Dec 11, 2012 11:40:11 AM hudson.PluginWrapper stop
INFO: Stopping javadoc
Dec 11, 2012 11:40:11 AM hudson.PluginWrapper stop
INFO: Stopping subversion
Dec 11, 2012 11:40:11 AM hudson.PluginWrapper stop
INFO: Stopping cvs
Dec 11, 2012 11:40:11 AM hudson.PluginWrapper stop
INFO: Stopping maven-plugin
Dec 11, 2012 11:40:11 AM hudson.PluginWrapper stop
INFO: Stopping translation
Dec 11, 2012 11:40:11 AM hudson.PluginWrapper stop
INFO: Stopping ssh-slaves
</stderr>
      <duration>2.667</duration>
      <timestamp>2012-12-11T11:40:09</timestamp>
      <cases>
        <case>
          <duration>2.667</duration>
          <className>lib.form.RepeatablePropertyTest</className>
          <testName>testFieldNotNullWithDefaultIgnoresDefaults</testName>
          <skipped>false</skipped>
          <failedSince>0</failedSince>
        </case>
      </cases>
    </suite>
    <suite>
      <file>/home/jenkins/slave/workspace/jenkins_main_trunk/test/target/surefire-reports/getItemTypeDescriptorOrDie_hudson.model.DescriptorTest_.740.xml</file>
      <name>getItemTypeDescriptorOrDie(hudson.model.DescriptorTest)</name>
      <stdout>=== Starting getItemTypeDescriptorOrDie(hudson.model.DescriptorTest)
</stdout>
      <stderr>Dec 11, 2012 11:22:11 AM org.mortbay.log.Slf4jLog info
INFO: jetty-6.1.26
Dec 11, 2012 11:22:11 AM org.mortbay.log.Slf4jLog info
INFO: NO JSP Support for , did not find org.apache.jasper.servlet.JspServlet
Dec 11, 2012 11:22:11 AM org.mortbay.log.Slf4jLog info
INFO: Started SocketConnector@0.0.0.0:51720
Dec 11, 2012 11:22:11 AM jenkins.InitReactorRunner$1 onAttained
INFO: Started initialization
Dec 11, 2012 11:22:11 AM jenkins.InitReactorRunner$1 onAttained
INFO: Listed all plugins
Dec 11, 2012 
...[truncated 993 chars]...
hudson.PluginWrapper stop
INFO: Stopping ant
Dec 11, 2012 11:22:12 AM hudson.PluginWrapper stop
INFO: Stopping javadoc
Dec 11, 2012 11:22:12 AM hudson.PluginWrapper stop
INFO: Stopping subversion
Dec 11, 2012 11:22:12 AM hudson.PluginWrapper stop
INFO: Stopping cvs
Dec 11, 2012 11:22:12 AM hudson.PluginWrapper stop
INFO: Stopping maven-plugin
Dec 11, 2012 11:22:12 AM hudson.PluginWrapper stop
INFO: Stopping translation
Dec 11, 2012 11:22:12 AM hudson.PluginWrapper stop
INFO: Stopping ssh-slaves
</stderr>
      <duration>1.91</duration>
      <timestamp>2012-12-11T11:22:11</timestamp>
      <cases>
        <case>
          <duration>1.91</duration>
          <className>hudson.model.DescriptorTest</className>
          <testName>getItemTypeDescriptorOrDie</testName>
          <skipped>false</skipped>
          <failedSince>0</failedSince>
        </case>
      </cases>
    </suite>
    <suite>
      <file>/home/jenkins/slave/workspace/jenkins_main_trunk/test/target/surefire-reports/heapUsage_org.jvnet.hudson.test.MemoryAssertTest_.1010.xml</file>
      <name>heapUsage(org.jvnet.hudson.test.MemoryAssertTest)</name>
      <stdout></stdout>
      <stderr></stderr>
      <duration>0.002</duration>
      <timestamp>2012-12-11T11:41:41</timestamp>
      <cases>
        <case>
          <duration>0.002</duration>
          <className>org.jvnet.hudson.test.MemoryAssertTest</className>
          <testName>heapUsage</testName>
          <skipped>false</skipped>
          <failedSince>0</failedSince>
        </case>
      </cases>
    </suite>
    <suite>
      <file>/home/jenkins/slave/workspace/jenkins_main_trunk/test/target/surefire-reports/hudson.ClassicPluginStrategyTest.testDependencyClassLoader.534.xml</file>
      <name>hudson.ClassicPluginStrategyTest.testDependencyClassLoader</name>
      <stdout>=== Starting ClassicPluginStrategyTest.testDependencyClassLoader
</stdout>
      <stderr>Dec 11, 2012 10:55:07 AM org.mortbay.log.Slf4jLog info
INFO: jetty-6.1.26
Dec 11, 2012 10:55:07 AM org.mortbay.log.Slf4jLog info
INFO: NO JSP Support for , did not find org.apache.jasper.servlet.JspServlet
Dec 11, 2012 10:55:07 AM org.mortbay.log.Slf4jLog info
INFO: Started SocketConnector@0.0.0.0:55022
Dec 11, 2012 10:55:07 AM jenkins.InitReactorRunner$1 onAttained
INFO: Started initialization
Dec 11, 2012 10:55:08 AM jenkins.InitReactorRunner$1 onAttained
INFO: Listed all plugins
Dec 11, 2012 
...[truncated 2122 chars]...
M hudson.PluginWrapper stop
INFO: Stopping foo2
Dec 11, 2012 10:55:11 AM hudson.PluginWrapper stop
INFO: Stopping foo3
Dec 11, 2012 10:55:11 AM hudson.PluginWrapper stop
INFO: Stopping subversion
Dec 11, 2012 10:55:11 AM hudson.PluginWrapper stop
INFO: Stopping cvs
Dec 11, 2012 10:55:11 AM hudson.PluginWrapper stop
INFO: Stopping maven-plugin
Dec 11, 2012 10:55:11 AM hudson.PluginWrapper stop
INFO: Stopping translation
Dec 11, 2012 10:55:11 AM hudson.PluginWrapper stop
INFO: Stopping ssh-slaves
</stderr>
      <duration>4.165</duration>
      <timestamp>2012-12-11T10:55:07</timestamp>
      <cases>
        <case>
          <duration>4.165</duration>
          <className>hudson.ClassicPluginStrategyTest</className>
          <testName>testDependencyClassLoader</testName>
          <skipped>false</skipped>
          <failedSince>0</failedSince>
        </case>
      </cases>
    </suite>
    <suite>
      <file>/home/jenkins/slave/workspace/jenkins_main_trunk/test/target/surefire-reports/hudson.ExceptionTest.testAjaxError.535.xml</file>
      <name>hudson.ExceptionTest.testAjaxError</name>
      <stdout>=== Starting ExceptionTest.testAjaxError
</stdout>
      <stderr>Dec 11, 2012 10:55:11 AM org.mortbay.log.Slf4jLog info
INFO: jetty-6.1.26
Dec 11, 2012 10:55:11 AM org.mortbay.log.Slf4jLog info
INFO: NO JSP Support for , did not find org.apache.jasper.servlet.JspServlet
Dec 11, 2012 10:55:11 AM org.mortbay.log.Slf4jLog info
INFO: Started SocketConnector@0.0.0.0:60763
Dec 11, 2012 10:55:11 AM jenkins.InitReactorRunner$1 onAttained
INFO: Started initialization
Dec 11, 2012 10:55:11 AM jenkins.InitReactorRunner$1 onAttained
INFO: Listed all plugins
Dec 11, 2012 
...[truncated 3473 chars]...
hudson.PluginWrapper stop
INFO: Stopping ant
Dec 11, 2012 10:55:16 AM hudson.PluginWrapper stop
INFO: Stopping javadoc
Dec 11, 2012 10:55:16 AM hudson.PluginWrapper stop
INFO: Stopping subversion
Dec 11, 2012 10:55:16 AM hudson.PluginWrapper stop
INFO: Stopping cvs
Dec 11, 2012 10:55:16 AM hudson.PluginWrapper stop
INFO: Stopping maven-plugin
Dec 11, 2012 10:55:16 AM hudson.PluginWrapper stop
INFO: Stopping translation
Dec 11, 2012 10:55:16 AM hudson.PluginWrapper stop
INFO: Stopping ssh-slaves
</stderr>
      <duration>5.48</duration>
      <timestamp>2012-12-11T10:55:11</timestamp>
      <cases>
        <case>
          <duration>5.48</duration>
          <className>hudson.ExceptionTest</className>
          <testName>testAjaxError</testName>
          <skipped>false</skipped>
          <failedSince>0</failedSince>
        </case>
      </cases>
    </suite>
    <suite>
      <file>/home/jenkins/slave/workspace/jenkins_main_trunk/test/target/surefire-reports/hudson.ExtensionFinderTest.testErrorRecovery.538.xml</file>
      <name>hudson.ExtensionFinderTest.testErrorRecovery</name>
      <stdout>=== Starting ExtensionFinderTest.testErrorRecovery
</stdout>
      <stderr>Dec 11, 2012 10:55:20 AM org.mortbay.log.Slf4jLog info
INFO: jetty-6.1.26
Dec 11, 2012 10:55:20 AM org.mortbay.log.Slf4jLog info
INFO: NO JSP Support for , did not find org.apache.jasper.servlet.JspServlet
Dec 11, 2012 10:55:20 AM org.mortbay.log.Slf4jLog info
INFO: Started SocketConnector@0.0.0.0:35953
Dec 11, 2012 10:55:20 AM jenkins.InitReactorRunner$1 onAttained
INFO: Started initialization
Dec 11, 2012 10:55:20 AM jenkins.InitReactorRunner$1 onAttained
INFO: Listed all plugins
Dec 11, 2012 
...[truncated 4543 chars]...
hudson.PluginWrapper stop
INFO: Stopping ant
Dec 11, 2012 10:55:22 AM hudson.PluginWrapper stop
INFO: Stopping javadoc
Dec 11, 2012 10:55:22 AM hudson.PluginWrapper stop
INFO: Stopping subversion
Dec 11, 2012 10:55:22 AM hudson.PluginWrapper stop
INFO: Stopping cvs
Dec 11, 2012 10:55:22 AM hudson.PluginWrapper stop
INFO: Stopping maven-plugin
Dec 11, 2012 10:55:22 AM hudson.PluginWrapper stop
INFO: Stopping translation
Dec 11, 2012 10:55:22 AM hudson.PluginWrapper stop
INFO: Stopping ssh-slaves
</stderr>
      <duration>2.099</duration>
      <timestamp>2012-12-11T10:55:20</timestamp>
      <cases>
        <case>
          <duration>2.099</duration>
          <className>hudson.ExtensionFinderTest</className>
          <testName>testErrorRecovery</testName>
          <skipped>false</skipped>
          <failedSince>0</failedSince>
        </case>
      </cases>
    </suite>
    <suite>
      <file>/home/jenkins/slave/workspace/jenkins_main_trunk/test/target/surefire-reports/hudson.ExtensionFinderTest.testFailingInstance.536.xml</file>
      <name>hudson.ExtensionFinderTest.testFailingInstance</name>
      <stdout>=== Starting ExtensionFinderTest.testFailingInstance
</stdout>
      <stderr>Dec 11, 2012 10:55:17 AM org.mortbay.log.Slf4jLog info
INFO: jetty-6.1.26
Dec 11, 2012 10:55:17 AM org.mortbay.log.Slf4jLog info
INFO: NO JSP Support for , did not find org.apache.jasper.servlet.JspServlet
Dec 11, 2012 10:55:17 AM org.mortbay.log.Slf4jLog info
INFO: Started SocketConnector@0.0.0.0:46085
Dec 11, 2012 10:55:17 AM jenkins.InitReactorRunner$1 onAttained
INFO: Started initialization
Dec 11, 2012 10:55:17 AM jenkins.InitReactorRunner$1 onAttained
INFO: Listed all plugins
Dec 11, 2012 
...[truncated 4398 chars]...
hudson.PluginWrapper stop
INFO: Stopping ant
Dec 11, 2012 10:55:18 AM hudson.PluginWrapper stop
INFO: Stopping javadoc
Dec 11, 2012 10:55:18 AM hudson.PluginWrapper stop
INFO: Stopping subversion
Dec 11, 2012 10:55:18 AM hudson.PluginWrapper stop
INFO: Stopping cvs
Dec 11, 2012 10:55:18 AM hudson.PluginWrapper stop
INFO: Stopping maven-plugin
Dec 11, 2012 10:55:18 AM hudson.PluginWrapper stop
INFO: Stopping translation
Dec 11, 2012 10:55:18 AM hudson.PluginWrapper stop
INFO: Stopping ssh-slaves
</stderr>
      <duration>2.108</duration>
      <timestamp>2012-12-11T10:55:17</timestamp>
      <cases>
        <case>
          <duration>2.108</duration>
          <className>hudson.ExtensionFinderTest</className>
          <testName>testFailingInstance</testName>
          <skipped>false</skipped>
          <failedSince>0</failedSince>
        </case>
      </cases>
    </suite>
    <suite>
      <file>/home/jenkins/slave/workspace/jenkins_main_trunk/test/target/surefire-reports/hudson.ExtensionFinderTest.testInjection.537.xml</file>
      <name>hudson.ExtensionFinderTest.testInjection</name>
      <stdout>=== Starting ExtensionFinderTest.testInjection
</stdout>
      <stderr>Dec 11, 2012 10:55:19 AM org.mortbay.log.Slf4jLog info
INFO: jetty-6.1.26
Dec 11, 2012 10:55:19 AM org.mortbay.log.Slf4jLog info
INFO: NO JSP Support for , did not find org.apache.jasper.servlet.JspServlet
Dec 11, 2012 10:55:19 AM org.mortbay.log.Slf4jLog info
INFO: Started SocketConnector@0.0.0.0:53802
Dec 11, 2012 10:55:19 AM jenkins.InitReactorRunner$1 onAttained
INFO: Started initialization
Dec 11, 2012 10:55:19 AM jenkins.InitReactorRunner$1 onAttained
INFO: Listed all plugins
Dec 11, 2012 
...[truncated 993 chars]...
hudson.PluginWrapper stop
INFO: Stopping ant
Dec 11, 2012 10:55:20 AM hudson.PluginWrapper stop
INFO: Stopping javadoc
Dec 11, 2012 10:55:20 AM hudson.PluginWrapper stop
INFO: Stopping subversion
Dec 11, 2012 10:55:20 AM hudson.PluginWrapper stop
INFO: Stopping cvs
Dec 11, 2012 10:55:20 AM hudson.PluginWrapper stop
INFO: Stopping maven-plugin
Dec 11, 2012 10:55:20 AM hudson.PluginWrapper stop
INFO: Stopping translation
Dec 11, 2012 10:55:20 AM hudson.PluginWrapper stop
INFO: Stopping ssh-slaves
</stderr>
      <duration>1.716</duration>
      <timestamp>2012-12-11T10:55:19</timestamp>
      <cases>
        <case>
          <duration>1.716</duration>
          <className>hudson.ExtensionFinderTest</className>
          <testName>testInjection</testName>
          <skipped>false</skipped>
          <failedSince>0</failedSince>
        </case>
      </cases>
    </suite>
    <suite>
      <file>/home/jenkins/slave/workspace/jenkins_main_trunk/test/target/surefire-reports/hudson.ExtensionListTest.testAutoDiscovery.539.xml</file>
      <name>hudson.ExtensionListTest.testAutoDiscovery</name>
      <stdout>=== Starting ExtensionListTest.testAutoDiscovery
</stdout>
      <stderr>Dec 11, 2012 10:55:23 AM org.mortbay.log.Slf4jLog info
INFO: jetty-6.1.26
Dec 11, 2012 10:55:23 AM org.mortbay.log.Slf4jLog info
INFO: NO JSP Support for , did not find org.apache.jasper.servlet.JspServlet
Dec 11, 2012 10:55:23 AM org.mortbay.log.Slf4jLog info
INFO: Started SocketConnector@0.0.0.0:40879
Dec 11, 2012 10:55:23 AM jenkins.InitReactorRunner$1 onAttained
INFO: Started initialization
Dec 11, 2012 10:55:23 AM jenkins.InitReactorRunner$1 onAttained
INFO: Listed all plugins
Dec 11, 2012 
...[truncated 993 chars]...
hudson.PluginWrapper stop
INFO: Stopping ant
Dec 11, 2012 10:55:24 AM hudson.PluginWrapper stop
INFO: Stopping javadoc
Dec 11, 2012 10:55:24 AM hudson.PluginWrapper stop
INFO: Stopping subversion
Dec 11, 2012 10:55:24 AM hudson.PluginWrapper stop
INFO: Stopping cvs
Dec 11, 2012 10:55:24 AM hudson.PluginWrapper stop
INFO: Stopping maven-plugin
Dec 11, 2012 10:55:24 AM hudson.PluginWrapper stop
INFO: Stopping translation
Dec 11, 2012 10:55:24 AM hudson.PluginWrapper stop
INFO: Stopping ssh-slaves
</stderr>
      <duration>1.678</duration>
      <timestamp>2012-12-11T10:55:23</timestamp>
      <cases>
        <case>
          <duration>1.678</duration>
          <className>hudson.ExtensionListTest</className>
          <testName>testAutoDiscovery</testName>
          <skipped>false</skipped>
          <failedSince>0</failedSince>
        </case>
      </cases>
    </suite>
    <suite>
      <file>/home/jenkins/slave/workspace/jenkins_main_trunk/test/target/surefire-reports/hudson.ExtensionListTest.testDescriptorLookup.541.xml</file>
      <name>hudson.ExtensionListTest.testDescriptorLookup</name>
      <stdout>=== Starting ExtensionListTest.testDescriptorLookup
</stdout>
      <stderr>Dec 11, 2012 10:55:25 AM org.mortbay.log.Slf4jLog info
INFO: jetty-6.1.26
Dec 11, 2012 10:55:25 AM org.mortbay.log.Slf4jLog info
INFO: NO JSP Support for , did not find org.apache.jasper.servlet.JspServlet
Dec 11, 2012 10:55:25 AM org.mortbay.log.Slf4jLog info
INFO: Started SocketConnector@0.0.0.0:45889
Dec 11, 2012 10:55:25 AM jenkins.InitReactorRunner$1 onAttained
INFO: Started initialization
Dec 11, 2012 10:55:25 AM jenkins.InitReactorRunner$1 onAttained
INFO: Listed all plugins
Dec 11, 2012 
...[truncated 993 chars]...
hudson.PluginWrapper stop
INFO: Stopping ant
Dec 11, 2012 10:55:28 AM hudson.PluginWrapper stop
INFO: Stopping javadoc
Dec 11, 2012 10:55:28 AM hudson.PluginWrapper stop
INFO: Stopping subversion
Dec 11, 2012 10:55:28 AM hudson.PluginWrapper stop
INFO: Stopping cvs
Dec 11, 2012 10:55:28 AM hudson.PluginWrapper stop
INFO: Stopping maven-plugin
Dec 11, 2012 10:55:28 AM hudson.PluginWrapper stop
INFO: Stopping translation
Dec 11, 2012 10:55:28 AM hudson.PluginWrapper stop
INFO: Stopping ssh-slaves
</stderr>
      <duration>2.751</duration>
      <timestamp>2012-12-11T10:55:25</timestamp>
      <cases>
        <case>
          <duration>2.751</duration>
          <className>hudson.ExtensionListTest</className>
          <testName>testDescriptorLookup</testName>
          <skipped>false</skipped>
          <failedSince>0</failedSince>
        </case>
      </cases>
    </suite>
    <suite>
      <file>/home/jenkins/slave/workspace/jenkins_main_trunk/test/target/surefire-reports/hudson.ExtensionListTest.testExtensionListView.540.xml</file>
      <name>hudson.ExtensionListTest.testExtensionListView</name>
      <stdout>=== Starting ExtensionListTest.testExtensionListView
</stdout>
      <stderr>Dec 11, 2012 10:55:24 AM org.mortbay.log.Slf4jLog info
INFO: jetty-6.1.26
Dec 11, 2012 10:55:24 AM org.mortbay.log.Slf4jLog info
INFO: NO JSP Support for , did not find org.apache.jasper.servlet.JspServlet
Dec 11, 2012 10:55:24 AM org.mortbay.log.Slf4jLog info
INFO: Started SocketConnector@0.0.0.0:57140
Dec 11, 2012 10:55:24 AM jenkins.InitReactorRunner$1 onAttained
INFO: Started initialization
Dec 11, 2012 10:55:24 AM jenkins.InitReactorRunner$1 onAttained
INFO: Listed all plugins
Dec 11, 2012 
...[truncated 993 chars]...
hudson.PluginWrapper stop
INFO: Stopping ant
Dec 11, 2012 10:55:25 AM hudson.PluginWrapper stop
INFO: Stopping javadoc
Dec 11, 2012 10:55:25 AM hudson.PluginWrapper stop
INFO: Stopping subversion
Dec 11, 2012 10:55:25 AM hudson.PluginWrapper stop
INFO: Stopping cvs
Dec 11, 2012 10:55:25 AM hudson.PluginWrapper stop
INFO: Stopping maven-plugin
Dec 11, 2012 10:55:25 AM hudson.PluginWrapper stop
INFO: Stopping translation
Dec 11, 2012 10:55:25 AM hudson.PluginWrapper stop
INFO: Stopping ssh-slaves
</stderr>
      <duration>1.163</duration>
      <timestamp>2012-12-11T10:55:24</timestamp>
      <cases>
        <case>
          <duration>1.163</duration>
          <className>hudson.ExtensionListTest</className>
          <testName>testExtensionListView</testName>
          <skipped>false</skipped>
          <failedSince>0</failedSince>
        </case>
      </cases>
    </suite>
    <suite>
      <file>/home/jenkins/slave/workspace/jenkins_main_trunk/test/target/surefire-reports/hudson.ExtensionListTest.testFishDiscovery.542.xml</file>
      <name>hudson.ExtensionListTest.testFishDiscovery</name>
      <stdout>=== Starting ExtensionListTest.testFishDiscovery
</stdout>
      <stderr>Dec 11, 2012 10:55:28 AM org.mortbay.log.Slf4jLog info
INFO: jetty-6.1.26
Dec 11, 2012 10:55:28 AM org.mortbay.log.Slf4jLog info
INFO: NO JSP Support for , did not find org.apache.jasper.servlet.JspServlet
Dec 11, 2012 10:55:28 AM org.mortbay.log.Slf4jLog info
INFO: Started SocketConnector@0.0.0.0:60980
Dec 11, 2012 10:55:28 AM jenkins.InitReactorRunner$1 onAttained
INFO: Started initialization
Dec 11, 2012 10:55:28 AM jenkins.InitReactorRunner$1 onAttained
INFO: Listed all plugins
Dec 11, 2012 
...[truncated 993 chars]...
hudson.PluginWrapper stop
INFO: Stopping ant
Dec 11, 2012 10:55:30 AM hudson.PluginWrapper stop
INFO: Stopping javadoc
Dec 11, 2012 10:55:30 AM hudson.PluginWrapper stop
INFO: Stopping subversion
Dec 11, 2012 10:55:30 AM hudson.PluginWrapper stop
INFO: Stopping cvs
Dec 11, 2012 10:55:30 AM hudson.PluginWrapper stop
INFO: Stopping maven-plugin
Dec 11, 2012 10:55:30 AM hudson.PluginWrapper stop
INFO: Stopping translation
Dec 11, 2012 10:55:30 AM hudson.PluginWrapper stop
INFO: Stopping ssh-slaves
</stderr>
      <duration>1.66</duration>
      <timestamp>2012-12-11T10:55:28</timestamp>
      <cases>
        <case>
          <duration>1.66</duration>
          <className>hudson.ExtensionListTest</className>
          <testName>testFishDiscovery</testName>
          <skipped>false</skipped>
          <failedSince>0</failedSince>
        </case>
      </cases>
    </suite>
    <suite>
      <file>/home/jenkins/slave/workspace/jenkins_main_trunk/test/target/surefire-reports/hudson.ExtensionListTest.testLegacyDescriptorList.543.xml</file>
      <name>hudson.ExtensionListTest.testLegacyDescriptorList</name>
      <stdout>=== Starting ExtensionListTest.testLegacyDescriptorList
</stdout>
      <stderr>Dec 11, 2012 10:55:30 AM org.mortbay.log.Slf4jLog info
INFO: jetty-6.1.26
Dec 11, 2012 10:55:30 AM org.mortbay.log.Slf4jLog info
INFO: NO JSP Support for , did not find org.apache.jasper.servlet.JspServlet
Dec 11, 2012 10:55:30 AM org.mortbay.log.Slf4jLog info
INFO: Started SocketConnector@0.0.0.0:37817
Dec 11, 2012 10:55:30 AM jenkins.InitReactorRunner$1 onAttained
INFO: Started initialization
Dec 11, 2012 10:55:30 AM jenkins.InitReactorRunner$1 onAttained
INFO: Listed all plugins
Dec 11, 2012 
...[truncated 993 chars]...
hudson.PluginWrapper stop
INFO: Stopping ant
Dec 11, 2012 10:55:31 AM hudson.PluginWrapper stop
INFO: Stopping javadoc
Dec 11, 2012 10:55:31 AM hudson.PluginWrapper stop
INFO: Stopping subversion
Dec 11, 2012 10:55:31 AM hudson.PluginWrapper stop
INFO: Stopping cvs
Dec 11, 2012 10:55:31 AM hudson.PluginWrapper stop
INFO: Stopping maven-plugin
Dec 11, 2012 10:55:31 AM hudson.PluginWrapper stop
INFO: Stopping translation
Dec 11, 2012 10:55:31 AM hudson.PluginWrapper stop
INFO: Stopping ssh-slaves
</stderr>
      <duration>1.75</duration>
      <timestamp>2012-12-11T10:55:30</timestamp>
      <cases>
        <case>
          <duration>1.75</duration>
          <className>hudson.ExtensionListTest</className>
          <testName>testLegacyDescriptorList</testName>
          <skipped>false</skipped>
          <failedSince>0</failedSince>
        </case>
      </cases>
    </suite>
    <suite>
      <file>/home/jenkins/slave/workspace/jenkins_main_trunk/test/target/surefire-reports/hudson.ExtensionListTest.testOrdinals.544.xml</file>
      <name>hudson.ExtensionListTest.testOrdinals</name>
      <stdout>=== Starting ExtensionListTest.testOrdinals
</stdout>
      <stderr>Dec 11, 2012 10:55:32 AM org.mortbay.log.Slf4jLog info
INFO: jetty-6.1.26
Dec 11, 2012 10:55:32 AM org.mortbay.log.Slf4jLog info
INFO: NO JSP Support for , did not find org.apache.jasper.servlet.JspServlet
Dec 11, 2012 10:55:32 AM org.mortbay.log.Slf4jLog info
INFO: Started SocketConnector@0.0.0.0:50471
Dec 11, 2012 10:55:32 AM jenkins.InitReactorRunner$1 onAttained
INFO: Started initialization
Dec 11, 2012 10:55:32 AM jenkins.InitReactorRunner$1 onAttained
INFO: Listed all plugins
Dec 11, 2012 
...[truncated 993 chars]...
hudson.PluginWrapper stop
INFO: Stopping ant
Dec 11, 2012 10:55:34 AM hudson.PluginWrapper stop
INFO: Stopping javadoc
Dec 11, 2012 10:55:34 AM hudson.PluginWrapper stop
INFO: Stopping subversion
Dec 11, 2012 10:55:34 AM hudson.PluginWrapper stop
INFO: Stopping cvs
Dec 11, 2012 10:55:34 AM hudson.PluginWrapper stop
INFO: Stopping maven-plugin
Dec 11, 2012 10:55:34 AM hudson.PluginWrapper stop
INFO: Stopping translation
Dec 11, 2012 10:55:34 AM hudson.PluginWrapper stop
INFO: Stopping ssh-slaves
</stderr>
      <duration>2.539</duration>
      <timestamp>2012-12-11T10:55:32</timestamp>
      <cases>
        <case>
          <duration>2.539</duration>
          <className>hudson.ExtensionListTest</className>
          <testName>testOrdinals</testName>
          <skipped>false</skipped>
          <failedSince>0</failedSince>
        </case>
      </cases>
    </suite>
    <suite>
      <file>/home/jenkins/slave/workspace/jenkins_main_trunk/test/target/surefire-reports/hudson.FileSystemProvisionerTest.test13165.545.xml</file>
      <name>hudson.FileSystemProvisionerTest.test13165</name>
      <stdout>=== Starting FileSystemProvisionerTest.test13165
</stdout>
      <stderr>Dec 11, 2012 10:55:34 AM org.mortbay.log.Slf4jLog info
INFO: jetty-6.1.26
Dec 11, 2012 10:55:34 AM org.mortbay.log.Slf4jLog info
INFO: NO JSP Support for , did not find org.apache.jasper.servlet.JspServlet
Dec 11, 2012 10:55:34 AM org.mortbay.log.Slf4jLog info
INFO: Started SocketConnector@0.0.0.0:49370
Dec 11, 2012 10:55:34 AM jenkins.InitReactorRunner$1 onAttained
INFO: Started initialization
Dec 11, 2012 10:55:34 AM jenkins.InitReactorRunner$1 onAttained
INFO: Listed all plugins
Dec 11, 2012 
...[truncated 1134 chars]...
hudson.PluginWrapper stop
INFO: Stopping ant
Dec 11, 2012 10:55:36 AM hudson.PluginWrapper stop
INFO: Stopping javadoc
Dec 11, 2012 10:55:36 AM hudson.PluginWrapper stop
INFO: Stopping subversion
Dec 11, 2012 10:55:36 AM hudson.PluginWrapper stop
INFO: Stopping cvs
Dec 11, 2012 10:55:36 AM hudson.PluginWrapper stop
INFO: Stopping maven-plugin
Dec 11, 2012 10:55:36 AM hudson.PluginWrapper stop
INFO: Stopping translation
Dec 11, 2012 10:55:36 AM hudson.PluginWrapper stop
INFO: Stopping ssh-slaves
</stderr>
      <duration>1.688</duration>
      <timestamp>2012-12-11T10:55:34</timestamp>
      <cases>
        <case>
          <duration>1.688</duration>
          <className>hudson.FileSystemProvisionerTest</className>
          <testName>test13165</testName>
          <skipped>false</skipped>
          <failedSince>0</failedSince>
        </case>
      </cases>
    </suite>
    <suite>
      <file>/home/jenkins/slave/workspace/jenkins_main_trunk/test/target/surefire-reports/hudson.GroovyTest.test1.546.xml</file>
      <name>hudson.GroovyTest.test1</name>
      <stdout>=== Starting GroovyTest.test1
</stdout>
      <stderr>Dec 11, 2012 10:55:36 AM org.mortbay.log.Slf4jLog info
INFO: jetty-6.1.26
Dec 11, 2012 10:55:36 AM org.mortbay.log.Slf4jLog info
INFO: NO JSP Support for , did not find org.apache.jasper.servlet.JspServlet
Dec 11, 2012 10:55:36 AM org.mortbay.log.Slf4jLog info
INFO: Started SocketConnector@0.0.0.0:46090
Dec 11, 2012 10:55:36 AM jenkins.InitReactorRunner$1 onAttained
INFO: Started initialization
Dec 11, 2012 10:55:36 AM jenkins.InitReactorRunner$1 onAttained
INFO: Listed all plugins
Dec 11, 2012 
...[truncated 3473 chars]...
hudson.PluginWrapper stop
INFO: Stopping ant
Dec 11, 2012 10:55:41 AM hudson.PluginWrapper stop
INFO: Stopping javadoc
Dec 11, 2012 10:55:41 AM hudson.PluginWrapper stop
INFO: Stopping subversion
Dec 11, 2012 10:55:41 AM hudson.PluginWrapper stop
INFO: Stopping cvs
Dec 11, 2012 10:55:41 AM hudson.PluginWrapper stop
INFO: Stopping maven-plugin
Dec 11, 2012 10:55:41 AM hudson.PluginWrapper stop
INFO: Stopping translation
Dec 11, 2012 10:55:41 AM hudson.PluginWrapper stop
INFO: Stopping ssh-slaves
</stderr>
      <duration>5.163</duration>
      <timestamp>2012-12-11T10:55:36</timestamp>
      <cases>
        <case>
          <duration>5.163</duration>
          <className>hudson.GroovyTest</className>
          <testName>test1</testName>
          <skipped>false</skipped>
          <failedSince>0</failedSince>
        </case>
      </cases>
    </suite>
    <suite>
      <file>/home/jenkins/slave/workspace/jenkins_main_trunk/test/target/surefire-reports/hudson.HtmlEscapeTest.test1.547.xml</file>
      <name>hudson.HtmlEscapeTest.test1</name>
      <stdout>=== Starting HtmlEscapeTest.test1
</stdout>
      <stderr>Dec 11, 2012 10:55:41 AM org.mortbay.log.Slf4jLog info
INFO: jetty-6.1.26
Dec 11, 2012 10:55:41 AM org.mortbay.log.Slf4jLog info
INFO: NO JSP Support for , did not find org.apache.jasper.servlet.JspServlet
Dec 11, 2012 10:55:41 AM org.mortbay.log.Slf4jLog info
INFO: Started SocketConnector@0.0.0.0:49616
Dec 11, 2012 10:55:41 AM jenkins.InitReactorRunner$1 onAttained
INFO: Started initialization
Dec 11, 2012 10:55:41 AM jenkins.InitReactorRunner$1 onAttained
INFO: Listed all plugins
Dec 11, 2012 
...[truncated 993 chars]...
hudson.PluginWrapper stop
INFO: Stopping ant
Dec 11, 2012 10:55:44 AM hudson.PluginWrapper stop
INFO: Stopping javadoc
Dec 11, 2012 10:55:44 AM hudson.PluginWrapper stop
INFO: Stopping subversion
Dec 11, 2012 10:55:44 AM hudson.PluginWrapper stop
INFO: Stopping cvs
Dec 11, 2012 10:55:44 AM hudson.PluginWrapper stop
INFO: Stopping maven-plugin
Dec 11, 2012 10:55:44 AM hudson.PluginWrapper stop
INFO: Stopping translation
Dec 11, 2012 10:55:44 AM hudson.PluginWrapper stop
INFO: Stopping ssh-slaves
</stderr>
      <duration>3.153</duration>
      <timestamp>2012-12-11T10:55:41</timestamp>
      <cases>
        <case>
          <duration>3.153</duration>
          <className>hudson.HtmlEscapeTest</className>
          <testName>test1</testName>
          <skipped>false</skipped>
          <failedSince>0</failedSince>
        </case>
      </cases>
    </suite>
    <suite>
      <file>/home/jenkins/slave/workspace/jenkins_main_trunk/test/target/surefire-reports/hudson.PluginManagerTest.testInstallWithoutRestart.555.xml</file>
      <name>hudson.PluginManagerTest.testInstallWithoutRestart</name>
      <stdout>=== Starting PluginManagerTest.testInstallWithoutRestart
</stdout>
      <stderr>Dec 11, 2012 10:56:11 AM org.mortbay.log.Slf4jLog info
INFO: jetty-6.1.26
Dec 11, 2012 10:56:11 AM org.mortbay.log.Slf4jLog info
INFO: NO JSP Support for , did not find org.apache.jasper.servlet.JspServlet
Dec 11, 2012 10:56:11 AM org.mortbay.log.Slf4jLog info
INFO: Started SocketConnector@0.0.0.0:43146
Dec 11, 2012 10:56:11 AM jenkins.InitReactorRunner$1 onAttained
INFO: Started initialization
Dec 11, 2012 10:56:11 AM jenkins.InitReactorRunner$1 onAttained
INFO: Listed all plugins
Dec 11, 2012 
...[truncated 2026 chars]...
ginWrapper stop
INFO: Stopping javadoc
Dec 11, 2012 10:56:13 AM hudson.PluginWrapper stop
INFO: Stopping subversion
Dec 11, 2012 10:56:13 AM hudson.PluginWrapper stop
INFO: Stopping cvs
Dec 11, 2012 10:56:13 AM hudson.PluginWrapper stop
INFO: Stopping maven-plugin
Dec 11, 2012 10:56:13 AM hudson.PluginWrapper stop
INFO: Stopping translation
Dec 11, 2012 10:56:13 AM hudson.PluginWrapper stop
INFO: Stopping ssh-slaves
Dec 11, 2012 10:56:13 AM hudson.PluginWrapper stop
INFO: Stopping htmlpublisher
</stderr>
      <duration>2.678</duration>
      <timestamp>2012-12-11T10:56:11</timestamp>
      <cases>
        <case>
          <duration>2.678</duration>
          <className>hudson.PluginManagerTest</className>
          <testName>testInstallWithoutRestart</testName>
          <skipped>false</skipped>
          <failedSince>0</failedSince>
        </case>
      </cases>
    </suite>
    <suite>
      <file>/home/jenkins/slave/workspace/jenkins_main_trunk/test/target/surefire-reports/hudson.PluginManagerTest.testOptionalMavenDependency.552.xml</file>
      <name>hudson.PluginManagerTest.testOptionalMavenDependency</name>
      <stdout>=== Starting PluginManagerTest.testOptionalMavenDependency
</stdout>
      <stderr>Dec 11, 2012 10:56:02 AM org.mortbay.log.Slf4jLog info
INFO: jetty-6.1.26
Dec 11, 2012 10:56:02 AM org.mortbay.log.Slf4jLog info
INFO: NO JSP Support for , did not find org.apache.jasper.servlet.JspServlet
Dec 11, 2012 10:56:02 AM org.mortbay.log.Slf4jLog info
INFO: Started SocketConnector@0.0.0.0:34874
Dec 11, 2012 10:56:02 AM jenkins.InitReactorRunner$1 onAttained
INFO: Started initialization
Dec 11, 2012 10:56:03 AM jenkins.InitReactorRunner$1 onAttained
INFO: Listed all plugins
Dec 11, 2012 
...[truncated 1065 chars]...
dson.PluginWrapper stop
INFO: Stopping javadoc
Dec 11, 2012 10:56:05 AM hudson.PluginWrapper stop
INFO: Stopping subversion
Dec 11, 2012 10:56:05 AM hudson.PluginWrapper stop
INFO: Stopping cvs
Dec 11, 2012 10:56:05 AM hudson.PluginWrapper stop
INFO: Stopping maven-plugin
Dec 11, 2012 10:56:05 AM hudson.PluginWrapper stop
INFO: Stopping translation
Dec 11, 2012 10:56:05 AM hudson.PluginWrapper stop
INFO: Stopping ssh-slaves
Dec 11, 2012 10:56:05 AM hudson.PluginWrapper stop
INFO: Stopping tasks
</stderr>
      <duration>3.18</duration>
      <timestamp>2012-12-11T10:56:02</timestamp>
      <cases>
        <case>
          <duration>3.18</duration>
          <className>hudson.PluginManagerTest</className>
          <testName>testOptionalMavenDependency</testName>
          <skipped>false</skipped>
          <failedSince>0</failedSince>
        </case>
      </cases>
    </suite>
    <suite>
      <file>/home/jenkins/slave/workspace/jenkins_main_trunk/test/target/surefire-reports/hudson.PluginManagerTest.testPrevalidateConfig.556.xml</file>
      <name>hudson.PluginManagerTest.testPrevalidateConfig</name>
      <stdout>=== Starting PluginManagerTest.testPrevalidateConfig
</stdout>
      <stderr>Dec 11, 2012 10:56:13 AM org.mortbay.log.Slf4jLog info
INFO: jetty-6.1.26
Dec 11, 2012 10:56:13 AM org.mortbay.log.Slf4jLog info
INFO: NO JSP Support for , did not find org.apache.jasper.servlet.JspServlet
Dec 11, 2012 10:56:13 AM org.mortbay.log.Slf4jLog info
INFO: Started SocketConnector@0.0.0.0:39560
Dec 11, 2012 10:56:13 AM jenkins.InitReactorRunner$1 onAttained
INFO: Started initialization
Dec 11, 2012 10:56:14 AM jenkins.InitReactorRunner$1 onAttained
INFO: Listed all plugins
Dec 11, 2012 
...[truncated 2546 chars]...
dson.PluginWrapper stop
INFO: Stopping javadoc
Dec 11, 2012 10:56:16 AM hudson.PluginWrapper stop
INFO: Stopping subversion
Dec 11, 2012 10:56:16 AM hudson.PluginWrapper stop
INFO: Stopping cvs
Dec 11, 2012 10:56:16 AM hudson.PluginWrapper stop
INFO: Stopping maven-plugin
Dec 11, 2012 10:56:16 AM hudson.PluginWrapper stop
INFO: Stopping translation
Dec 11, 2012 10:56:16 AM hudson.PluginWrapper stop
INFO: Stopping ssh-slaves
Dec 11, 2012 10:56:16 AM hudson.PluginWrapper stop
INFO: Stopping tasks
</stderr>
      <duration>3.336</duration>
      <timestamp>2012-12-11T10:56:13</timestamp>
      <cases>
        <case>
          <duration>3.336</duration>
          <className>hudson.PluginManagerTest</className>
          <testName>testPrevalidateConfig</testName>
          <skipped>false</skipped>
          <failedSince>0</failedSince>
        </case>
      </cases>
    </suite>
    <suite>
      <file>/home/jenkins/slave/workspace/jenkins_main_trunk/test/target/surefire-reports/hudson.PluginManagerTest.testUberClassLoaderIsAvailableDuringStart.553.xml</file>
      <name>hudson.PluginManagerTest.testUberClassLoaderIsAvailableDuringStart</name>
      <stdout>=== Starting PluginManagerTest.testUberClassLoaderIsAvailableDuringStart
</stdout>
      <stderr>Dec 11, 2012 10:56:06 AM org.mortbay.log.Slf4jLog info
INFO: jetty-6.1.26
Dec 11, 2012 10:56:06 AM org.mortbay.log.Slf4jLog info
INFO: NO JSP Support for , did not find org.apache.jasper.servlet.JspServlet
Dec 11, 2012 10:56:06 AM org.mortbay.log.Slf4jLog info
INFO: Started SocketConnector@0.0.0.0:35902
Dec 11, 2012 10:56:06 AM jenkins.InitReactorRunner$1 onAttained
INFO: Started initialization
Dec 11, 2012 10:56:06 AM jenkins.InitReactorRunner$1 onAttained
INFO: Listed all plugins
Dec 11, 2012 
...[truncated 1065 chars]...
dson.PluginWrapper stop
INFO: Stopping javadoc
Dec 11, 2012 10:56:08 AM hudson.PluginWrapper stop
INFO: Stopping subversion
Dec 11, 2012 10:56:08 AM hudson.PluginWrapper stop
INFO: Stopping cvs
Dec 11, 2012 10:56:08 AM hudson.PluginWrapper stop
INFO: Stopping maven-plugin
Dec 11, 2012 10:56:08 AM hudson.PluginWrapper stop
INFO: Stopping translation
Dec 11, 2012 10:56:08 AM hudson.PluginWrapper stop
INFO: Stopping ssh-slaves
Dec 11, 2012 10:56:08 AM hudson.PluginWrapper stop
INFO: Stopping tasks
</stderr>
      <duration>2.701</duration>
      <timestamp>2012-12-11T10:56:06</timestamp>
      <cases>
        <case>
          <duration>2.701</duration>
          <className>hudson.PluginManagerTest</className>
          <testName>testUberClassLoaderIsAvailableDuringStart</testName>
          <skipped>false</skipped>
          <failedSince>0</failedSince>
        </case>
      </cases>
    </suite>
    <suite>
      <file>/home/jenkins/slave/workspace/jenkins_main_trunk/test/target/surefire-reports/hudson.PluginManagerTest.testUploadHpi.549.xml</file>
      <name>hudson.PluginManagerTest.testUploadHpi</name>
      <stdout>=== Starting PluginManagerTest.testUploadHpi
</stdout>
      <stderr>Dec 11, 2012 10:55:50 AM org.mortbay.log.Slf4jLog info
INFO: jetty-6.1.26
Dec 11, 2012 10:55:50 AM org.mortbay.log.Slf4jLog info
INFO: NO JSP Support for , did not find org.apache.jasper.servlet.JspServlet
Dec 11, 2012 10:55:50 AM org.mortbay.log.Slf4jLog info
INFO: Started SocketConnector@0.0.0.0:37417
Dec 11, 2012 10:55:50 AM jenkins.InitReactorRunner$1 onAttained
INFO: Started initialization
Dec 11, 2012 10:55:51 AM jenkins.InitReactorRunner$1 onAttained
INFO: Listed all plugins
Dec 11, 2012 
...[truncated 6260 chars]...
hudson.PluginWrapper stop
INFO: Stopping ant
Dec 11, 2012 10:55:55 AM hudson.PluginWrapper stop
INFO: Stopping javadoc
Dec 11, 2012 10:55:55 AM hudson.PluginWrapper stop
INFO: Stopping subversion
Dec 11, 2012 10:55:55 AM hudson.PluginWrapper stop
INFO: Stopping cvs
Dec 11, 2012 10:55:55 AM hudson.PluginWrapper stop
INFO: Stopping maven-plugin
Dec 11, 2012 10:55:55 AM hudson.PluginWrapper stop
INFO: Stopping translation
Dec 11, 2012 10:55:55 AM hudson.PluginWrapper stop
INFO: Stopping ssh-slaves
</stderr>
      <duration>5.428</duration>
      <timestamp>2012-12-11T10:55:50</timestamp>
      <cases>
        <case>
          <duration>5.428</duration>
          <className>hudson.PluginManagerTest</className>
          <testName>testUploadHpi</testName>
          <skipped>false</skipped>
          <failedSince>0</failedSince>
        </case>
      </cases>
    </suite>
    <suite>
      <file>/home/jenkins/slave/workspace/jenkins_main_trunk/test/target/surefire-reports/hudson.PluginManagerTest.testUploadJpi.548.xml</file>
      <name>hudson.PluginManagerTest.testUploadJpi</name>
      <stdout>=== Starting PluginManagerTest.testUploadJpi
</stdout>
      <stderr>Dec 11, 2012 10:55:44 AM org.mortbay.log.Slf4jLog info
INFO: jetty-6.1.26
Dec 11, 2012 10:55:44 AM org.mortbay.log.Slf4jLog info
INFO: NO JSP Support for , did not find org.apache.jasper.servlet.JspServlet
Dec 11, 2012 10:55:44 AM org.mortbay.log.Slf4jLog info
INFO: Started SocketConnector@0.0.0.0:47415
Dec 11, 2012 10:55:44 AM jenkins.InitReactorRunner$1 onAttained
INFO: Started initialization
Dec 11, 2012 10:55:45 AM jenkins.InitReactorRunner$1 onAttained
INFO: Listed all plugins
Dec 11, 2012 
...[truncated 6260 chars]...
hudson.PluginWrapper stop
INFO: Stopping ant
Dec 11, 2012 10:55:50 AM hudson.PluginWrapper stop
INFO: Stopping javadoc
Dec 11, 2012 10:55:50 AM hudson.PluginWrapper stop
INFO: Stopping subversion
Dec 11, 2012 10:55:50 AM hudson.PluginWrapper stop
INFO: Stopping cvs
Dec 11, 2012 10:55:50 AM hudson.PluginWrapper stop
INFO: Stopping maven-plugin
Dec 11, 2012 10:55:50 AM hudson.PluginWrapper stop
INFO: Stopping translation
Dec 11, 2012 10:55:50 AM hudson.PluginWrapper stop
INFO: Stopping ssh-slaves
</stderr>
      <duration>5.986</duration>
      <timestamp>2012-12-11T10:55:44</timestamp>
      <cases>
        <case>
          <duration>5.986</duration>
          <className>hudson.PluginManagerTest</className>
          <testName>testUploadJpi</testName>
          <skipped>false</skipped>
          <failedSince>0</failedSince>
        </case>
      </cases>
    </suite>
    <suite>
      <file>/home/jenkins/slave/workspace/jenkins_main_trunk/test/target/surefire-reports/hudson.PluginManagerTest.testWithRecipeHpi.551.xml</file>
      <name>hudson.PluginManagerTest.testWithRecipeHpi</name>
      <stdout>=== Starting PluginManagerTest.testWithRecipeHpi
</stdout>
      <stderr>Dec 11, 2012 10:55:59 AM org.mortbay.log.Slf4jLog info
INFO: jetty-6.1.26
Dec 11, 2012 10:55:59 AM org.mortbay.log.Slf4jLog info
INFO: NO JSP Support for , did not find org.apache.jasper.servlet.JspServlet
Dec 11, 2012 10:55:59 AM org.mortbay.log.Slf4jLog info
INFO: Started SocketConnector@0.0.0.0:32937
Dec 11, 2012 10:55:59 AM jenkins.InitReactorRunner$1 onAttained
INFO: Started initialization
Dec 11, 2012 10:56:00 AM jenkins.InitReactorRunner$1 onAttained
INFO: Listed all plugins
Dec 11, 2012 
...[truncated 1066 chars]...
son.PluginWrapper stop
INFO: Stopping javadoc
Dec 11, 2012 10:56:02 AM hudson.PluginWrapper stop
INFO: Stopping legacy
Dec 11, 2012 10:56:02 AM hudson.PluginWrapper stop
INFO: Stopping subversion
Dec 11, 2012 10:56:02 AM hudson.PluginWrapper stop
INFO: Stopping cvs
Dec 11, 2012 10:56:02 AM hudson.PluginWrapper stop
INFO: Stopping maven-plugin
Dec 11, 2012 10:56:02 AM hudson.PluginWrapper stop
INFO: Stopping translation
Dec 11, 2012 10:56:02 AM hudson.PluginWrapper stop
INFO: Stopping ssh-slaves
</stderr>
      <duration>2.93</duration>
      <timestamp>2012-12-11T10:55:59</timestamp>
      <cases>
        <case>
          <duration>2.93</duration>
          <className>hudson.PluginManagerTest</className>
          <testName>testWithRecipeHpi</testName>
          <skipped>false</skipped>
          <failedSince>0</failedSince>
        </case>
      </cases>
    </suite>
    <suite>
      <file>/home/jenkins/slave/workspace/jenkins_main_trunk/test/target/surefire-reports/hudson.PluginManagerTest.testWithRecipeJpi.550.xml</file>
      <name>hudson.PluginManagerTest.testWithRecipeJpi</name>
      <stdout>=== Starting PluginManagerTest.testWithRecipeJpi
</stdout>
      <stderr>Dec 11, 2012 10:55:56 AM org.mortbay.log.Slf4jLog info
INFO: jetty-6.1.26
Dec 11, 2012 10:55:56 AM org.mortbay.log.Slf4jLog info
INFO: NO JSP Support for , did not find org.apache.jasper.servlet.JspServlet
Dec 11, 2012 10:55:56 AM org.mortbay.log.Slf4jLog info
INFO: Started SocketConnector@0.0.0.0:33710
Dec 11, 2012 10:55:56 AM jenkins.InitReactorRunner$1 onAttained
INFO: Started initialization
Dec 11, 2012 10:55:56 AM jenkins.InitReactorRunner$1 onAttained
INFO: Listed all plugins
Dec 11, 2012 
...[truncated 1065 chars]...
dson.PluginWrapper stop
INFO: Stopping javadoc
Dec 11, 2012 10:55:59 AM hudson.PluginWrapper stop
INFO: Stopping subversion
Dec 11, 2012 10:55:59 AM hudson.PluginWrapper stop
INFO: Stopping cvs
Dec 11, 2012 10:55:59 AM hudson.PluginWrapper stop
INFO: Stopping maven-plugin
Dec 11, 2012 10:55:59 AM hudson.PluginWrapper stop
INFO: Stopping translation
Dec 11, 2012 10:55:59 AM hudson.PluginWrapper stop
INFO: Stopping ssh-slaves
Dec 11, 2012 10:55:59 AM hudson.PluginWrapper stop
INFO: Stopping tasks
</stderr>
      <duration>3.666</duration>
      <timestamp>2012-12-11T10:55:56</timestamp>
      <cases>
        <case>
          <duration>3.666</duration>
          <className>hudson.PluginManagerTest</className>
          <testName>testWithRecipeJpi</testName>
          <skipped>false</skipped>
          <failedSince>0</failedSince>
        </case>
      </cases>
    </suite>
    <suite>
      <file>/home/jenkins/slave/workspace/jenkins_main_trunk/test/target/surefire-reports/hudson.ProcTest.testIoPumpingWithLocalLaunch.558.xml</file>
      <name>hudson.ProcTest.testIoPumpingWithLocalLaunch</name>
      <stdout>=== Starting ProcTest.testIoPumpingWithLocalLaunch
$ cat
$ cat
$ cat
</stdout>
      <stderr>Dec 11, 2012 10:56:28 AM org.mortbay.log.Slf4jLog info
INFO: jetty-6.1.26
Dec 11, 2012 10:56:28 AM org.mortbay.log.Slf4jLog info
INFO: NO JSP Support for , did not find org.apache.jasper.servlet.JspServlet
Dec 11, 2012 10:56:28 AM org.mortbay.log.Slf4jLog info
INFO: Started SocketConnector@0.0.0.0:32916
Dec 11, 2012 10:56:28 AM jenkins.InitReactorRunner$1 onAttained
INFO: Started initialization
Dec 11, 2012 10:56:28 AM jenkins.InitReactorRunner$1 onAttained
INFO: Listed all plugins
Dec 11, 2012 
...[truncated 993 chars]...
hudson.PluginWrapper stop
INFO: Stopping ant
Dec 11, 2012 10:56:29 AM hudson.PluginWrapper stop
INFO: Stopping javadoc
Dec 11, 2012 10:56:29 AM hudson.PluginWrapper stop
INFO: Stopping subversion
Dec 11, 2012 10:56:29 AM hudson.PluginWrapper stop
INFO: Stopping cvs
Dec 11, 2012 10:56:29 AM hudson.PluginWrapper stop
INFO: Stopping maven-plugin
Dec 11, 2012 10:56:29 AM hudson.PluginWrapper stop
INFO: Stopping translation
Dec 11, 2012 10:56:29 AM hudson.PluginWrapper stop
INFO: Stopping ssh-slaves
</stderr>
      <duration>1.169</duration>
      <timestamp>2012-12-11T10:56:28</timestamp>
      <cases>
        <case>
          <duration>1.169</duration>
          <className>hudson.ProcTest</className>
          <testName>testIoPumpingWithLocalLaunch</testName>
          <skipped>false</skipped>
          <failedSince>0</failedSince>
        </case>
      </cases>
    </suite>
    <suite>
      <file>/home/jenkins/slave/workspace/jenkins_main_trunk/test/target/surefire-reports/hudson.ProcTest.testIoPumpingWithRemoteLaunch.559.xml</file>
      <name>hudson.ProcTest.testIoPumpingWithRemoteLaunch</name>
      <stdout>=== Starting ProcTest.testIoPumpingWithRemoteLaunch
$ cat
$ cat
$ cat
</stdout>
      <stderr>Dec 11, 2012 10:56:29 AM org.mortbay.log.Slf4jLog info
INFO: jetty-6.1.26
Dec 11, 2012 10:56:29 AM org.mortbay.log.Slf4jLog info
INFO: NO JSP Support for , did not find org.apache.jasper.servlet.JspServlet
Dec 11, 2012 10:56:29 AM org.mortbay.log.Slf4jLog info
INFO: Started SocketConnector@0.0.0.0:59831
Dec 11, 2012 10:56:29 AM jenkins.InitReactorRunner$1 onAttained
INFO: Started initialization
Dec 11, 2012 10:56:29 AM jenkins.InitReactorRunner$1 onAttained
INFO: Listed all plugins
Dec 11, 2012 
...[truncated 1093 chars]...
hudson.PluginWrapper stop
INFO: Stopping ant
Dec 11, 2012 10:56:32 AM hudson.PluginWrapper stop
INFO: Stopping javadoc
Dec 11, 2012 10:56:32 AM hudson.PluginWrapper stop
INFO: Stopping subversion
Dec 11, 2012 10:56:32 AM hudson.PluginWrapper stop
INFO: Stopping cvs
Dec 11, 2012 10:56:32 AM hudson.PluginWrapper stop
INFO: Stopping maven-plugin
Dec 11, 2012 10:56:32 AM hudson.PluginWrapper stop
INFO: Stopping translation
Dec 11, 2012 10:56:32 AM hudson.PluginWrapper stop
INFO: Stopping ssh-slaves
</stderr>
      <duration>3.278</duration>
      <timestamp>2012-12-11T10:56:29</timestamp>
      <cases>
        <case>
          <duration>3.278</duration>
          <className>hudson.ProcTest</className>
          <testName>testIoPumpingWithRemoteLaunch</testName>
          <skipped>false</skipped>
          <failedSince>0</failedSince>
        </case>
      </cases>
    </suite>
    <suite>
      <file>/home/jenkins/slave/workspace/jenkins_main_trunk/test/target/surefire-reports/hudson.ProcTest.testRemoteProcOutputSync.557.xml</file>
      <name>hudson.ProcTest.testRemoteProcOutputSync</name>
      <stdout>=== Starting ProcTest.testRemoteProcOutputSync
</stdout>
      <stderr>Dec 11, 2012 10:56:17 AM org.mortbay.log.Slf4jLog info
INFO: jetty-6.1.26
Dec 11, 2012 10:56:17 AM org.mortbay.log.Slf4jLog info
INFO: NO JSP Support for , did not find org.apache.jasper.servlet.JspServlet
Dec 11, 2012 10:56:17 AM org.mortbay.log.Slf4jLog info
INFO: Started SocketConnector@0.0.0.0:54847
Dec 11, 2012 10:56:17 AM jenkins.InitReactorRunner$1 onAttained
INFO: Started initialization
Dec 11, 2012 10:56:17 AM jenkins.InitReactorRunner$1 onAttained
INFO: Listed all plugins
Dec 11, 2012 
...[truncated 1093 chars]...
hudson.PluginWrapper stop
INFO: Stopping ant
Dec 11, 2012 10:56:28 AM hudson.PluginWrapper stop
INFO: Stopping javadoc
Dec 11, 2012 10:56:28 AM hudson.PluginWrapper stop
INFO: Stopping subversion
Dec 11, 2012 10:56:28 AM hudson.PluginWrapper stop
INFO: Stopping cvs
Dec 11, 2012 10:56:28 AM hudson.PluginWrapper stop
INFO: Stopping maven-plugin
Dec 11, 2012 10:56:28 AM hudson.PluginWrapper stop
INFO: Stopping translation
Dec 11, 2012 10:56:28 AM hudson.PluginWrapper stop
INFO: Stopping ssh-slaves
</stderr>
      <duration>11.325</duration>
      <timestamp>2012-12-11T10:56:17</timestamp>
      <cases>
        <case>
          <duration>11.325</duration>
          <className>hudson.ProcTest</className>
          <testName>testRemoteProcOutputSync</testName>
          <skipped>false</skipped>
          <failedSince>0</failedSince>
        </case>
      </cases>
    </suite>
    <suite>
      <file>/home/jenkins/slave/workspace/jenkins_main_trunk/test/target/surefire-reports/hudson.UDPBroadcastThreadTest.testLegacy.560.xml</file>
      <name>hudson.UDPBroadcastThreadTest.testLegacy</name>
      <stdout>=== Starting UDPBroadcastThreadTest.testLegacy
&lt;hudson&gt;&lt;version&gt;1.495-SNAPSHOT (private-12/11/2012 10:51 GMT-jenkins)&lt;/version&gt;&lt;server-id&gt;9b08c402bb6141ccb0e6156379f89b6b&lt;/server-id&gt;&lt;slave-port&gt;59160&lt;/slave-port&gt;&lt;/hudson&gt;
</stdout>
      <stderr>Dec 11, 2012 10:56:33 AM org.mortbay.log.Slf4jLog info
INFO: jetty-6.1.26
Dec 11, 2012 10:56:33 AM org.mortbay.log.Slf4jLog info
INFO: NO JSP Support for , did not find org.apache.jasper.servlet.JspServlet
Dec 11, 2012 10:56:33 AM org.mortbay.log.Slf4jLog info
INFO: Started SocketConnector@0.0.0.0:38400
Dec 11, 2012 10:56:33 AM jenkins.InitReactorRunner$1 onAttained
INFO: Started initialization
Dec 11, 2012 10:56:33 AM jenkins.InitReactorRunner$1 onAttained
INFO: Listed all plugins
Dec 11, 2012 
...[truncated 993 chars]...
hudson.PluginWrapper stop
INFO: Stopping ant
Dec 11, 2012 10:56:34 AM hudson.PluginWrapper stop
INFO: Stopping javadoc
Dec 11, 2012 10:56:34 AM hudson.PluginWrapper stop
INFO: Stopping subversion
Dec 11, 2012 10:56:34 AM hudson.PluginWrapper stop
INFO: Stopping cvs
Dec 11, 2012 10:56:34 AM hudson.PluginWrapper stop
INFO: Stopping maven-plugin
Dec 11, 2012 10:56:34 AM hudson.PluginWrapper stop
INFO: Stopping translation
Dec 11, 2012 10:56:34 AM hudson.PluginWrapper stop
INFO: Stopping ssh-slaves
</stderr>
      <duration>1.986</duration>
      <timestamp>2012-12-11T10:56:33</timestamp>
      <cases>
        <case>
          <duration>1.986</duration>
          <className>hudson.UDPBroadcastThreadTest</className>
          <testName>testLegacy</testName>
          <skipped>false</skipped>
          <failedSince>0</failedSince>
        </case>
      </cases>
    </suite>
    <suite>
      <file>/home/jenkins/slave/workspace/jenkins_main_trunk/test/target/surefire-reports/hudson.UDPBroadcastThreadTest.testMulticast.561.xml</file>
      <name>hudson.UDPBroadcastThreadTest.testMulticast</name>
      <stdout>=== Starting UDPBroadcastThreadTest.testMulticast
&lt;hudson&gt;&lt;version&gt;1.495-SNAPSHOT (private-12/11/2012 10:51 GMT-jenkins)&lt;/version&gt;&lt;server-id&gt;a4f62af3eb379a233ac0e32fbaff64aa&lt;/server-id&gt;&lt;slave-port&gt;42182&lt;/slave-port&gt;&lt;/hudson&gt;
&lt;hudson&gt;&lt;version&gt;1.495-SNAPSHOT (private-12/11/2012 10:51 GMT-jenkins)&lt;/version&gt;&lt;server-id&gt;a4f62af3eb379a233ac0e32fbaff64aa&lt;/server-id&gt;&lt;slave-port&gt;42182&lt;/slave-port&gt;&lt;/hudson&gt;
</stdout>
      <stderr>Dec 11, 2012 10:56:35 AM org.mortbay.log.Slf4jLog info
INFO: jetty-6.1.26
Dec 11, 2012 10:56:35 AM org.mortbay.log.Slf4jLog info
INFO: NO JSP Support for , did not find org.apache.jasper.servlet.JspServlet
Dec 11, 2012 10:56:35 AM org.mortbay.log.Slf4jLog info
INFO: Started SocketConnector@0.0.0.0:57632
Dec 11, 2012 10:56:35 AM jenkins.InitReactorRunner$1 onAttained
INFO: Started initialization
Dec 11, 2012 10:56:35 AM jenkins.InitReactorRunner$1 onAttained
INFO: Listed all plugins
Dec 11, 2012 
...[truncated 1300 chars]...
hudson.PluginWrapper stop
INFO: Stopping ant
Dec 11, 2012 10:56:35 AM hudson.PluginWrapper stop
INFO: Stopping javadoc
Dec 11, 2012 10:56:35 AM hudson.PluginWrapper stop
INFO: Stopping subversion
Dec 11, 2012 10:56:35 AM hudson.PluginWrapper stop
INFO: Stopping cvs
Dec 11, 2012 10:56:35 AM hudson.PluginWrapper stop
INFO: Stopping maven-plugin
Dec 11, 2012 10:56:35 AM hudson.PluginWrapper stop
INFO: Stopping translation
Dec 11, 2012 10:56:35 AM hudson.PluginWrapper stop
INFO: Stopping ssh-slaves
</stderr>
      <duration>1.212</duration>
      <timestamp>2012-12-11T10:56:35</timestamp>
      <cases>
        <case>
          <duration>1.212</duration>
          <className>hudson.UDPBroadcastThreadTest</className>
          <testName>testMulticast</testName>
          <skipped>false</skipped>
          <failedSince>0</failedSince>
        </case>
      </cases>
    </suite>
    <suite>
      <file>/home/jenkins/slave/workspace/jenkins_main_trunk/test/target/surefire-reports/hudson.bugs.DateConversionTest.test1.562.xml</file>
      <name>hudson.bugs.DateConversionTest.test1</name>
      <stdout></stdout>
      <stderr></stderr>
      <duration>0.52</duration>
      <timestamp>2012-12-11T10:56:36</timestamp>
      <cases>
        <case>
          <duration>0.52</duration>
          <className>hudson.bugs.DateConversionTest</className>
          <testName>test1</testName>
          <skipped>false</skipped>
          <failedSince>0</failedSince>
        </case>
      </cases>
    </suite>
    <suite>
      <file>/home/jenkins/slave/workspace/jenkins_main_trunk/test/target/surefire-reports/hudson.bugs.JnlpAccessWithSecuredHudsonTest.test.563.xml</file>
      <name>hudson.bugs.JnlpAccessWithSecuredHudsonTest.test</name>
      <stdout>=== Starting JnlpAccessWithSecuredHudsonTest.test
http://localhost:34360/jnlpJars/remoting.jar
</stdout>
      <stderr>Dec 11, 2012 10:56:36 AM org.mortbay.log.Slf4jLog info
INFO: jetty-6.1.26
Dec 11, 2012 10:56:36 AM org.mortbay.log.Slf4jLog info
INFO: NO JSP Support for , did not find org.apache.jasper.servlet.JspServlet
Dec 11, 2012 10:56:36 AM org.mortbay.log.Slf4jLog info
INFO: Started SocketConnector@0.0.0.0:34360
Dec 11, 2012 10:56:36 AM jenkins.InitReactorRunner$1 onAttained
INFO: Started initialization
Dec 11, 2012 10:56:36 AM jenkins.InitReactorRunner$1 onAttained
INFO: Listed all plugins
Dec 11, 2012 
...[truncated 9508 chars]...
hudson.PluginWrapper stop
INFO: Stopping ant
Dec 11, 2012 10:56:41 AM hudson.PluginWrapper stop
INFO: Stopping javadoc
Dec 11, 2012 10:56:41 AM hudson.PluginWrapper stop
INFO: Stopping subversion
Dec 11, 2012 10:56:41 AM hudson.PluginWrapper stop
INFO: Stopping cvs
Dec 11, 2012 10:56:41 AM hudson.PluginWrapper stop
INFO: Stopping maven-plugin
Dec 11, 2012 10:56:41 AM hudson.PluginWrapper stop
INFO: Stopping translation
Dec 11, 2012 10:56:41 AM hudson.PluginWrapper stop
INFO: Stopping ssh-slaves
</stderr>
      <duration>5.69</duration>
      <timestamp>2012-12-11T10:56:36</timestamp>
      <cases>
        <case>
          <duration>5.69</duration>
          <className>hudson.bugs.JnlpAccessWithSecuredHudsonTest</className>
          <testName>test</testName>
          <skipped>false</skipped>
          <failedSince>0</failedSince>
        </case>
      </cases>
    </suite>
    <suite>
      <file>/home/jenkins/slave/workspace/jenkins_main_trunk/test/target/surefire-reports/hudson.bugs.LoginRedirectTest.testRedirect.564.xml</file>
      <name>hudson.bugs.LoginRedirectTest.testRedirect</name>
      <stdout>=== Starting LoginRedirectTest.testRedirect
http://localhost:43463/hudson/login
HtmlPage(http://localhost:43463/hudson//)@574839035
</stdout>
      <stderr>Dec 11, 2012 10:56:42 AM org.mortbay.log.Slf4jLog info
INFO: jetty-6.1.26
Dec 11, 2012 10:56:42 AM org.mortbay.log.Slf4jLog info
INFO: NO JSP Support for /hudson, did not find org.apache.jasper.servlet.JspServlet
Dec 11, 2012 10:56:42 AM org.mortbay.log.Slf4jLog info
INFO: Started SocketConnector@0.0.0.0:43463
Dec 11, 2012 10:56:42 AM jenkins.InitReactorRunner$1 onAttained
INFO: Started initialization
Dec 11, 2012 10:56:42 AM jenkins.InitReactorRunner$1 onAttained
INFO: Listed all plugins
Dec 11
...[truncated 7781 chars]...
hudson.PluginWrapper stop
INFO: Stopping ant
Dec 11, 2012 10:56:46 AM hudson.PluginWrapper stop
INFO: Stopping javadoc
Dec 11, 2012 10:56:46 AM hudson.PluginWrapper stop
INFO: Stopping subversion
Dec 11, 2012 10:56:46 AM hudson.PluginWrapper stop
INFO: Stopping cvs
Dec 11, 2012 10:56:46 AM hudson.PluginWrapper stop
INFO: Stopping maven-plugin
Dec 11, 2012 10:56:46 AM hudson.PluginWrapper stop
INFO: Stopping translation
Dec 11, 2012 10:56:46 AM hudson.PluginWrapper stop
INFO: Stopping ssh-slaves
</stderr>
      <duration>4.528</duration>
      <timestamp>2012-12-11T10:56:42</timestamp>
      <cases>
        <case>
          <duration>4.528</duration>
          <className>hudson.bugs.LoginRedirectTest</className>
          <testName>testRedirect</testName>
          <skipped>false</skipped>
          <failedSince>0</failedSince>
        </case>
      </cases>
    </suite>
    <suite>
      <file>/home/jenkins/slave/workspace/jenkins_main_trunk/test/target/surefire-reports/hudson.bugs.LoginRedirectTest.testRedirect2.565.xml</file>
      <name>hudson.bugs.LoginRedirectTest.testRedirect2</name>
      <stdout>=== Starting LoginRedirectTest.testRedirect2
</stdout>
      <stderr>Dec 11, 2012 10:56:47 AM org.mortbay.log.Slf4jLog info
INFO: jetty-6.1.26
Dec 11, 2012 10:56:47 AM org.mortbay.log.Slf4jLog info
INFO: NO JSP Support for /hudson, did not find org.apache.jasper.servlet.JspServlet
Dec 11, 2012 10:56:47 AM org.mortbay.log.Slf4jLog info
INFO: Started SocketConnector@0.0.0.0:40166
Dec 11, 2012 10:56:47 AM jenkins.InitReactorRunner$1 onAttained
INFO: Started initialization
Dec 11, 2012 10:56:47 AM jenkins.InitReactorRunner$1 onAttained
INFO: Listed all plugins
Dec 11
...[truncated 5254 chars]...
hudson.PluginWrapper stop
INFO: Stopping ant
Dec 11, 2012 10:56:49 AM hudson.PluginWrapper stop
INFO: Stopping javadoc
Dec 11, 2012 10:56:49 AM hudson.PluginWrapper stop
INFO: Stopping subversion
Dec 11, 2012 10:56:49 AM hudson.PluginWrapper stop
INFO: Stopping cvs
Dec 11, 2012 10:56:49 AM hudson.PluginWrapper stop
INFO: Stopping maven-plugin
Dec 11, 2012 10:56:49 AM hudson.PluginWrapper stop
INFO: Stopping translation
Dec 11, 2012 10:56:49 AM hudson.PluginWrapper stop
INFO: Stopping ssh-slaves
</stderr>
      <duration>3.033</duration>
      <timestamp>2012-12-11T10:56:46</timestamp>
      <cases>
        <case>
          <duration>3.033</duration>
          <className>hudson.bugs.LoginRedirectTest</className>
          <testName>testRedirect2</testName>
          <skipped>false</skipped>
          <failedSince>0</failedSince>
        </case>
      </cases>
    </suite>
    <suite>
      <file>/home/jenkins/slave/workspace/jenkins_main_trunk/test/target/surefire-reports/hudson.bugs.seasar.Operation2174Test.testBuildChains.566.xml</file>
      <name>hudson.bugs.seasar.Operation2174Test.testBuildChains</name>
      <stdout>=== Starting Operation2174Test.testBuildChains
</stdout>
      <stderr>Dec 11, 2012 10:56:50 AM org.mortbay.log.Slf4jLog info
INFO: jetty-6.1.26
Dec 11, 2012 10:56:50 AM org.mortbay.log.Slf4jLog info
INFO: NO JSP Support for , did not find org.apache.jasper.servlet.JspServlet
Dec 11, 2012 10:56:50 AM org.mortbay.log.Slf4jLog info
INFO: Started SocketConnector@0.0.0.0:38397
Dec 11, 2012 10:56:50 AM jenkins.InitReactorRunner$1 onAttained
INFO: Started initialization
Dec 11, 2012 10:56:50 AM jenkins.InitReactorRunner$1 onAttained
INFO: Listed all plugins
Dec 11, 2012 
...[truncated 16093 chars]...
hudson.PluginWrapper stop
INFO: Stopping ant
Dec 11, 2012 10:57:08 AM hudson.PluginWrapper stop
INFO: Stopping javadoc
Dec 11, 2012 10:57:08 AM hudson.PluginWrapper stop
INFO: Stopping subversion
Dec 11, 2012 10:57:08 AM hudson.PluginWrapper stop
INFO: Stopping cvs
Dec 11, 2012 10:57:08 AM hudson.PluginWrapper stop
INFO: Stopping maven-plugin
Dec 11, 2012 10:57:08 AM hudson.PluginWrapper stop
INFO: Stopping translation
Dec 11, 2012 10:57:08 AM hudson.PluginWrapper stop
INFO: Stopping ssh-slaves
</stderr>
      <duration>19.482</duration>
      <timestamp>2012-12-11T10:56:50</timestamp>
      <cases>
        <case>
          <duration>19.482</duration>
          <className>hudson.bugs.seasar.Operation2174Test</className>
          <testName>testBuildChains</testName>
          <skipped>false</skipped>
          <failedSince>0</failedSince>
        </case>
      </cases>
    </suite>
    <suite>
      <file>/home/jenkins/slave/workspace/jenkins_main_trunk/test/target/surefire-reports/hudson.cli.BuildCommandTest.testAsync.567.xml</file>
      <name>hudson.cli.BuildCommandTest.testAsync</name>
      <stdout>=== Starting BuildCommandTest.testAsync
</stdout>
      <stderr>Dec 11, 2012 10:57:09 AM org.mortbay.log.Slf4jLog info
INFO: jetty-6.1.26
Dec 11, 2012 10:57:09 AM org.mortbay.log.Slf4jLog info
INFO: NO JSP Support for , did not find org.apache.jasper.servlet.JspServlet
Dec 11, 2012 10:57:09 AM org.mortbay.log.Slf4jLog info
INFO: Started SocketConnector@0.0.0.0:34549
Dec 11, 2012 10:57:09 AM jenkins.InitReactorRunner$1 onAttained
INFO: Started initialization
Dec 11, 2012 10:57:09 AM jenkins.InitReactorRunner$1 onAttained
INFO: Listed all plugins
Dec 11, 2012 
...[truncated 1120 chars]...
hudson.PluginWrapper stop
INFO: Stopping ant
Dec 11, 2012 10:57:11 AM hudson.PluginWrapper stop
INFO: Stopping javadoc
Dec 11, 2012 10:57:11 AM hudson.PluginWrapper stop
INFO: Stopping subversion
Dec 11, 2012 10:57:11 AM hudson.PluginWrapper stop
INFO: Stopping cvs
Dec 11, 2012 10:57:11 AM hudson.PluginWrapper stop
INFO: Stopping maven-plugin
Dec 11, 2012 10:57:11 AM hudson.PluginWrapper stop
INFO: Stopping translation
Dec 11, 2012 10:57:11 AM hudson.PluginWrapper stop
INFO: Stopping ssh-slaves
</stderr>
      <duration>2.73</duration>
      <timestamp>2012-12-11T10:57:09</timestamp>
      <cases>
        <case>
          <duration>2.73</duration>
          <className>hudson.cli.BuildCommandTest</className>
          <testName>testAsync</testName>
          <skipped>false</skipped>
          <failedSince>0</failedSince>
        </case>
      </cases>
    </suite>
    <suite>
      <file>/home/jenkins/slave/workspace/jenkins_main_trunk/test/target/surefire-reports/hudson.cli.BuildCommandTest.testConsoleOutput.572.xml</file>
      <name>hudson.cli.BuildCommandTest.testConsoleOutput</name>
      <stdout>=== Starting BuildCommandTest.testConsoleOutput
Started test0 #1
Started by command line by anonymous
Building in workspace /home/jenkins/slave/workspace/jenkins_main_trunk/test/target/hudson992042332327115991test/workspace/test0
Finished: SUCCESS
Completed test0 #1 : SUCCESS
</stdout>
      <stderr>Dec 11, 2012 10:57:27 AM org.mortbay.log.Slf4jLog info
INFO: jetty-6.1.26
Dec 11, 2012 10:57:27 AM org.mortbay.log.Slf4jLog info
INFO: NO JSP Support for , did not find org.apache.jasper.servlet.JspServlet
Dec 11, 2012 10:57:27 AM org.mortbay.log.Slf4jLog info
INFO: Started SocketConnector@0.0.0.0:48709
Dec 11, 2012 10:57:27 AM jenkins.InitReactorRunner$1 onAttained
INFO: Started initialization
Dec 11, 2012 10:57:27 AM jenkins.InitReactorRunner$1 onAttained
INFO: Listed all plugins
Dec 11, 2012 
...[truncated 1222 chars]...
hudson.PluginWrapper stop
INFO: Stopping ant
Dec 11, 2012 10:57:30 AM hudson.PluginWrapper stop
INFO: Stopping javadoc
Dec 11, 2012 10:57:30 AM hudson.PluginWrapper stop
INFO: Stopping subversion
Dec 11, 2012 10:57:30 AM hudson.PluginWrapper stop
INFO: Stopping cvs
Dec 11, 2012 10:57:30 AM hudson.PluginWrapper stop
INFO: Stopping maven-plugin
Dec 11, 2012 10:57:30 AM hudson.PluginWrapper stop
INFO: Stopping translation
Dec 11, 2012 10:57:30 AM hudson.PluginWrapper stop
INFO: Stopping ssh-slaves
</stderr>
      <duration>3.013</duration>
      <timestamp>2012-12-11T10:57:27</timestamp>
      <cases>
        <case>
          <duration>3.013</duration>
          <className>hudson.cli.BuildCommandTest</className>
          <testName>testConsoleOutput</testName>
          <skipped>false</skipped>
          <failedSince>0</failedSince>
        </case>
      </cases>
    </suite>
    <suite>
      <file>/home/jenkins/slave/workspace/jenkins_main_trunk/test/target/surefire-reports/hudson.cli.BuildCommandTest.testDefaultParameters.571.xml</file>
      <name>hudson.cli.BuildCommandTest.testDefaultParameters</name>
      <stdout>=== Starting BuildCommandTest.testDefaultParameters
Started test0 #1
Completed test0 #1 : SUCCESS
</stdout>
      <stderr>Dec 11, 2012 10:57:24 AM org.mortbay.log.Slf4jLog info
INFO: jetty-6.1.26
Dec 11, 2012 10:57:24 AM org.mortbay.log.Slf4jLog info
INFO: NO JSP Support for , did not find org.apache.jasper.servlet.JspServlet
Dec 11, 2012 10:57:24 AM org.mortbay.log.Slf4jLog info
INFO: Started SocketConnector@0.0.0.0:44122
Dec 11, 2012 10:57:24 AM jenkins.InitReactorRunner$1 onAttained
INFO: Started initialization
Dec 11, 2012 10:57:24 AM jenkins.InitReactorRunner$1 onAttained
INFO: Listed all plugins
Dec 11, 2012 
...[truncated 1222 chars]...
hudson.PluginWrapper stop
INFO: Stopping ant
Dec 11, 2012 10:57:26 AM hudson.PluginWrapper stop
INFO: Stopping javadoc
Dec 11, 2012 10:57:26 AM hudson.PluginWrapper stop
INFO: Stopping subversion
Dec 11, 2012 10:57:26 AM hudson.PluginWrapper stop
INFO: Stopping cvs
Dec 11, 2012 10:57:26 AM hudson.PluginWrapper stop
INFO: Stopping maven-plugin
Dec 11, 2012 10:57:26 AM hudson.PluginWrapper stop
INFO: Stopping translation
Dec 11, 2012 10:57:26 AM hudson.PluginWrapper stop
INFO: Stopping ssh-slaves
</stderr>
      <duration>2.413</duration>
      <timestamp>2012-12-11T10:57:24</timestamp>
      <cases>
        <case>
          <duration>2.413</duration>
          <className>hudson.cli.BuildCommandTest</className>
          <testName>testDefaultParameters</testName>
          <skipped>false</skipped>
          <failedSince>0</failedSince>
        </case>
      </cases>
    </suite>
    <suite>
      <file>/home/jenkins/slave/workspace/jenkins_main_trunk/test/target/surefire-reports/hudson.cli.BuildCommandTest.testParameters.570.xml</file>
      <name>hudson.cli.BuildCommandTest.testParameters</name>
      <stdout>=== Starting BuildCommandTest.testParameters
Started test0 #1
Completed test0 #1 : SUCCESS
</stdout>
      <stderr>Dec 11, 2012 10:57:22 AM org.mortbay.log.Slf4jLog info
INFO: jetty-6.1.26
Dec 11, 2012 10:57:22 AM org.mortbay.log.Slf4jLog info
INFO: NO JSP Support for , did not find org.apache.jasper.servlet.JspServlet
Dec 11, 2012 10:57:22 AM org.mortbay.log.Slf4jLog info
INFO: Started SocketConnector@0.0.0.0:45000
Dec 11, 2012 10:57:22 AM jenkins.InitReactorRunner$1 onAttained
INFO: Started initialization
Dec 11, 2012 10:57:22 AM jenkins.InitReactorRunner$1 onAttained
INFO: Listed all plugins
Dec 11, 2012 
...[truncated 1222 chars]...
hudson.PluginWrapper stop
INFO: Stopping ant
Dec 11, 2012 10:57:24 AM hudson.PluginWrapper stop
INFO: Stopping javadoc
Dec 11, 2012 10:57:24 AM hudson.PluginWrapper stop
INFO: Stopping subversion
Dec 11, 2012 10:57:24 AM hudson.PluginWrapper stop
INFO: Stopping cvs
Dec 11, 2012 10:57:24 AM hudson.PluginWrapper stop
INFO: Stopping maven-plugin
Dec 11, 2012 10:57:24 AM hudson.PluginWrapper stop
INFO: Stopping translation
Dec 11, 2012 10:57:24 AM hudson.PluginWrapper stop
INFO: Stopping ssh-slaves
</stderr>
      <duration>2.293</duration>
      <timestamp>2012-12-11T10:57:22</timestamp>
      <cases>
        <case>
          <duration>2.293</duration>
          <className>hudson.cli.BuildCommandTest</className>
          <testName>testParameters</testName>
          <skipped>false</skipped>
          <failedSince>0</failedSince>
        </case>
      </cases>
    </suite>
    <suite>
      <file>/home/jenkins/slave/workspace/jenkins_main_trunk/test/target/surefire-reports/hudson.cli.BuildCommandTest.testSync.568.xml</file>
      <name>hudson.cli.BuildCommandTest.testSync</name>
      <stdout>=== Starting BuildCommandTest.testSync
Started test0 #1
Completed test0 #1 : SUCCESS
</stdout>
      <stderr>Dec 11, 2012 10:57:12 AM org.mortbay.log.Slf4jLog info
INFO: jetty-6.1.26
Dec 11, 2012 10:57:12 AM hudson.model.Run execute
INFO: test0 #1 main build action completed: SUCCESS
Dec 11, 2012 10:57:12 AM org.mortbay.log.Slf4jLog info
INFO: NO JSP Support for , did not find org.apache.jasper.servlet.JspServlet
Dec 11, 2012 10:57:12 AM hudson.model.Executor run
SEVERE: Executor threw an exception
java.lang.NullPointerException
	at hudson.model.listeners.RunListener.all(RunListener.java:234)
	at hudso
...[truncated 1857 chars]...
hudson.PluginWrapper stop
INFO: Stopping ant
Dec 11, 2012 10:57:17 AM hudson.PluginWrapper stop
INFO: Stopping javadoc
Dec 11, 2012 10:57:17 AM hudson.PluginWrapper stop
INFO: Stopping subversion
Dec 11, 2012 10:57:17 AM hudson.PluginWrapper stop
INFO: Stopping cvs
Dec 11, 2012 10:57:17 AM hudson.PluginWrapper stop
INFO: Stopping maven-plugin
Dec 11, 2012 10:57:17 AM hudson.PluginWrapper stop
INFO: Stopping translation
Dec 11, 2012 10:57:17 AM hudson.PluginWrapper stop
INFO: Stopping ssh-slaves
</stderr>
      <duration>5.271</duration>
      <timestamp>2012-12-11T10:57:12</timestamp>
      <cases>
        <case>
          <duration>5.271</duration>
          <className>hudson.cli.BuildCommandTest</className>
          <testName>testSync</testName>
          <skipped>false</skipped>
          <failedSince>0</failedSince>
        </case>
      </cases>
    </suite>
    <suite>
      <file>/home/jenkins/slave/workspace/jenkins_main_trunk/test/target/surefire-reports/hudson.cli.BuildCommandTest.testSyncWOutputStreaming.569.xml</file>
      <name>hudson.cli.BuildCommandTest.testSyncWOutputStreaming</name>
      <stdout>=== Starting BuildCommandTest.testSyncWOutputStreaming
Started test0 #1
Started by command line by anonymous
Building in workspace /home/jenkins/slave/workspace/jenkins_main_trunk/test/target/hudson4098392163824044407test/workspace/test0
[test0] $ /bin/sh -xe /home/jenkins/slave/workspace/jenkins_main_trunk/test/target/hudson2236640467313055532.sh
+ sleep 3
Finished: SUCCESS
Completed test0 #1 : SUCCESS
</stdout>
      <stderr>Dec 11, 2012 10:57:17 AM org.mortbay.log.Slf4jLog info
INFO: jetty-6.1.26
Dec 11, 2012 10:57:17 AM org.mortbay.log.Slf4jLog info
INFO: NO JSP Support for , did not find org.apache.jasper.servlet.JspServlet
Dec 11, 2012 10:57:17 AM org.mortbay.log.Slf4jLog info
INFO: Started SocketConnector@0.0.0.0:58278
Dec 11, 2012 10:57:17 AM jenkins.InitReactorRunner$1 onAttained
INFO: Started initialization
Dec 11, 2012 10:57:17 AM jenkins.InitReactorRunner$1 onAttained
INFO: Listed all plugins
Dec 11, 2012 
...[truncated 1222 chars]...
hudson.PluginWrapper stop
INFO: Stopping ant
Dec 11, 2012 10:57:22 AM hudson.PluginWrapper stop
INFO: Stopping javadoc
Dec 11, 2012 10:57:22 AM hudson.PluginWrapper stop
INFO: Stopping subversion
Dec 11, 2012 10:57:22 AM hudson.PluginWrapper stop
INFO: Stopping cvs
Dec 11, 2012 10:57:22 AM hudson.PluginWrapper stop
INFO: Stopping maven-plugin
Dec 11, 2012 10:57:22 AM hudson.PluginWrapper stop
INFO: Stopping translation
Dec 11, 2012 10:57:22 AM hudson.PluginWrapper stop
INFO: Stopping ssh-slaves
</stderr>
      <duration>5.096</duration>
      <timestamp>2012-12-11T10:57:17</timestamp>
      <cases>
        <case>
          <duration>5.096</duration>
          <className>hudson.cli.BuildCommandTest</className>
          <testName>testSyncWOutputStreaming</testName>
          <skipped>false</skipped>
          <failedSince>0</failedSince>
        </case>
      </cases>
    </suite>
    <suite>
      <file>/home/jenkins/slave/workspace/jenkins_main_trunk/test/target/surefire-reports/hudson.cli.EnableJobCommandTest.test1.574.xml</file>
      <name>hudson.cli.EnableJobCommandTest.test1</name>
      <stdout>=== Starting EnableJobCommandTest.test1
</stdout>
      <stderr>Dec 11, 2012 10:57:31 AM org.mortbay.log.Slf4jLog info
INFO: jetty-6.1.26
Dec 11, 2012 10:57:31 AM org.mortbay.log.Slf4jLog info
INFO: NO JSP Support for , did not find org.apache.jasper.servlet.JspServlet
Dec 11, 2012 10:57:31 AM org.mortbay.log.Slf4jLog info
INFO: Started SocketConnector@0.0.0.0:47176
Dec 11, 2012 10:57:31 AM jenkins.InitReactorRunner$1 onAttained
INFO: Started initialization
Dec 11, 2012 10:57:31 AM jenkins.InitReactorRunner$1 onAttained
INFO: Listed all plugins
Dec 11, 2012 
...[truncated 1120 chars]...
hudson.PluginWrapper stop
INFO: Stopping ant
Dec 11, 2012 10:57:34 AM hudson.PluginWrapper stop
INFO: Stopping javadoc
Dec 11, 2012 10:57:34 AM hudson.PluginWrapper stop
INFO: Stopping subversion
Dec 11, 2012 10:57:34 AM hudson.PluginWrapper stop
INFO: Stopping cvs
Dec 11, 2012 10:57:34 AM hudson.PluginWrapper stop
INFO: Stopping maven-plugin
Dec 11, 2012 10:57:34 AM hudson.PluginWrapper stop
INFO: Stopping translation
Dec 11, 2012 10:57:34 AM hudson.PluginWrapper stop
INFO: Stopping ssh-slaves
</stderr>
      <duration>2.697</duration>
      <timestamp>2012-12-11T10:57:31</timestamp>
      <cases>
        <case>
          <duration>2.697</duration>
          <className>hudson.cli.EnableJobCommandTest</className>
          <testName>test1</testName>
          <skipped>false</skipped>
          <failedSince>0</failedSince>
        </case>
      </cases>
    </suite>
    <suite>
      <file>/home/jenkins/slave/workspace/jenkins_main_trunk/test/target/surefire-reports/hudson.console.ConsoleAnnotatorTest.testConsoleAnnotation.578.xml</file>
      <name>hudson.console.ConsoleAnnotatorTest.testConsoleAnnotation</name>
      <stdout>=== Starting ConsoleAnnotatorTest.testConsoleAnnotation
</stdout>
      <stderr>Dec 11, 2012 10:57:41 AM org.mortbay.log.Slf4jLog info
INFO: jetty-6.1.26
Dec 11, 2012 10:57:41 AM org.mortbay.log.Slf4jLog info
INFO: NO JSP Support for , did not find org.apache.jasper.servlet.JspServlet
Dec 11, 2012 10:57:41 AM org.mortbay.log.Slf4jLog info
INFO: Started SocketConnector@0.0.0.0:53207
Dec 11, 2012 10:57:41 AM jenkins.InitReactorRunner$1 onAttained
INFO: Started initialization
Dec 11, 2012 10:57:41 AM jenkins.InitReactorRunner$1 onAttained
INFO: Listed all plugins
Dec 11, 2012 
...[truncated 1095 chars]...
hudson.PluginWrapper stop
INFO: Stopping ant
Dec 11, 2012 10:57:42 AM hudson.PluginWrapper stop
INFO: Stopping javadoc
Dec 11, 2012 10:57:42 AM hudson.PluginWrapper stop
INFO: Stopping subversion
Dec 11, 2012 10:57:42 AM hudson.PluginWrapper stop
INFO: Stopping cvs
Dec 11, 2012 10:57:42 AM hudson.PluginWrapper stop
INFO: Stopping maven-plugin
Dec 11, 2012 10:57:42 AM hudson.PluginWrapper stop
INFO: Stopping translation
Dec 11, 2012 10:57:42 AM hudson.PluginWrapper stop
INFO: Stopping ssh-slaves
</stderr>
      <duration>1.702</duration>
      <timestamp>2012-12-11T10:57:41</timestamp>
      <cases>
        <case>
          <duration>1.702</duration>
          <className>hudson.console.ConsoleAnnotatorTest</className>
          <testName>testConsoleAnnotation</testName>
          <skipped>false</skipped>
          <failedSince>0</failedSince>
        </case>
      </cases>
    </suite>
    <suite>
      <file>/home/jenkins/slave/workspace/jenkins_main_trunk/test/target/surefire-reports/hudson.console.ConsoleAnnotatorTest.testConsoleAnnotationFilterOut.577.xml</file>
      <name>hudson.console.ConsoleAnnotatorTest.testConsoleAnnotationFilterOut</name>
      <stdout>=== Starting ConsoleAnnotatorTest.testConsoleAnnotationFilterOut
Legacy code started this job.  No cause information is available
Building in workspace /home/jenkins/slave/workspace/jenkins_main_trunk/test/target/hudson3592006307853939557test/workspace/test0
abc
def
Finished: SUCCESS

</stdout>
      <stderr>Dec 11, 2012 10:57:38 AM org.mortbay.log.Slf4jLog info
INFO: jetty-6.1.26
Dec 11, 2012 10:57:38 AM org.mortbay.log.Slf4jLog info
INFO: NO JSP Support for , did not find org.apache.jasper.servlet.JspServlet
Dec 11, 2012 10:57:38 AM org.mortbay.log.Slf4jLog info
INFO: Started SocketConnector@0.0.0.0:52967
Dec 11, 2012 10:57:38 AM jenkins.InitReactorRunner$1 onAttained
INFO: Started initialization
Dec 11, 2012 10:57:38 AM jenkins.InitReactorRunner$1 onAttained
INFO: Listed all plugins
Dec 11, 2012 
...[truncated 3575 chars]...
hudson.PluginWrapper stop
INFO: Stopping ant
Dec 11, 2012 10:57:40 AM hudson.PluginWrapper stop
INFO: Stopping javadoc
Dec 11, 2012 10:57:40 AM hudson.PluginWrapper stop
INFO: Stopping subversion
Dec 11, 2012 10:57:40 AM hudson.PluginWrapper stop
INFO: Stopping cvs
Dec 11, 2012 10:57:40 AM hudson.PluginWrapper stop
INFO: Stopping maven-plugin
Dec 11, 2012 10:57:40 AM hudson.PluginWrapper stop
INFO: Stopping translation
Dec 11, 2012 10:57:40 AM hudson.PluginWrapper stop
INFO: Stopping ssh-slaves
</stderr>
      <duration>2.426</duration>
      <timestamp>2012-12-11T10:57:38</timestamp>
      <cases>
        <case>
          <duration>2.426</duration>
          <className>hudson.console.ConsoleAnnotatorTest</className>
          <testName>testConsoleAnnotationFilterOut</testName>
          <skipped>false</skipped>
          <failedSince>0</failedSince>
        </case>
      </cases>
    </suite>
    <suite>
      <file>/home/jenkins/slave/workspace/jenkins_main_trunk/test/target/surefire-reports/hudson.console.ConsoleAnnotatorTest.testEscape.580.xml</file>
      <name>hudson.console.ConsoleAnnotatorTest.testEscape</name>
      <stdout>=== Starting ConsoleAnnotatorTest.testEscape
test0 #1 Console [Jenkins]
Skip to content
	
search
search 
	
Jenkins
test0
#1
 Back to Project
 Status
 Changes
 Console Output
 View as plain text
 Edit Build Information
 Delete Build
Expand
Logger Console
PauseClear
ononononon
onononononononononononon
	Console OutputLegacy code started this job. No cause information is available Building in workspace /home/jenkins/slave/workspace/jenkins_main_trunk/test/target/hudson5025225266978761082test/workspace/test0 &lt;b&gt;&amp;amp;&lt;/b&gt; Finished: SUCCESS
Help us localize this page
Page generated: Dec 11, 2012 10:57:47 AMREST APIJenkins ver. 1.495-SNAPSHOT (private-12/11/2012 10:51 GMT-jenkins)
</stdout>
      <stderr>Dec 11, 2012 10:57:45 AM org.mortbay.log.Slf4jLog info
INFO: jetty-6.1.26
Dec 11, 2012 10:57:45 AM org.mortbay.log.Slf4jLog info
INFO: NO JSP Support for , did not find org.apache.jasper.servlet.JspServlet
Dec 11, 2012 10:57:45 AM org.mortbay.log.Slf4jLog info
INFO: Started SocketConnector@0.0.0.0:51676
Dec 11, 2012 10:57:45 AM jenkins.InitReactorRunner$1 onAttained
INFO: Started initialization
Dec 11, 2012 10:57:45 AM jenkins.InitReactorRunner$1 onAttained
INFO: Listed all plugins
Dec 11, 2012 
...[truncated 3575 chars]...
hudson.PluginWrapper stop
INFO: Stopping ant
Dec 11, 2012 10:57:48 AM hudson.PluginWrapper stop
INFO: Stopping javadoc
Dec 11, 2012 10:57:48 AM hudson.PluginWrapper stop
INFO: Stopping subversion
Dec 11, 2012 10:57:48 AM hudson.PluginWrapper stop
INFO: Stopping cvs
Dec 11, 2012 10:57:48 AM hudson.PluginWrapper stop
INFO: Stopping maven-plugin
Dec 11, 2012 10:57:48 AM hudson.PluginWrapper stop
INFO: Stopping translation
Dec 11, 2012 10:57:48 AM hudson.PluginWrapper stop
INFO: Stopping ssh-slaves
</stderr>
      <duration>3.539</duration>
      <timestamp>2012-12-11T10:57:45</timestamp>
      <cases>
        <case>
          <duration>3.539</duration>
          <className>hudson.console.ConsoleAnnotatorTest</className>
          <testName>testEscape</testName>
          <skipped>false</skipped>
          <failedSince>0</failedSince>
        </case>
      </cases>
    </suite>
    <suite>
      <file>/home/jenkins/slave/workspace/jenkins_main_trunk/test/target/surefire-reports/hudson.console.ConsoleAnnotatorTest.testPollingOutput.581.xml</file>
      <name>hudson.console.ConsoleAnnotatorTest.testPollingOutput</name>
      <stdout>=== Starting ConsoleAnnotatorTest.testPollingOutput
</stdout>
      <stderr>Dec 11, 2012 10:57:48 AM org.mortbay.log.Slf4jLog info
INFO: jetty-6.1.26
Dec 11, 2012 10:57:48 AM org.mortbay.log.Slf4jLog info
INFO: NO JSP Support for , did not find org.apache.jasper.servlet.JspServlet
Dec 11, 2012 10:57:48 AM org.mortbay.log.Slf4jLog info
INFO: Started SocketConnector@0.0.0.0:41921
Dec 11, 2012 10:57:49 AM jenkins.InitReactorRunner$1 onAttained
INFO: Started initialization
Dec 11, 2012 10:57:49 AM jenkins.InitReactorRunner$1 onAttained
INFO: Listed all plugins
Dec 11, 2012 
...[truncated 3575 chars]...
hudson.PluginWrapper stop
INFO: Stopping ant
Dec 11, 2012 10:57:51 AM hudson.PluginWrapper stop
INFO: Stopping javadoc
Dec 11, 2012 10:57:51 AM hudson.PluginWrapper stop
INFO: Stopping subversion
Dec 11, 2012 10:57:51 AM hudson.PluginWrapper stop
INFO: Stopping cvs
Dec 11, 2012 10:57:51 AM hudson.PluginWrapper stop
INFO: Stopping maven-plugin
Dec 11, 2012 10:57:51 AM hudson.PluginWrapper stop
INFO: Stopping translation
Dec 11, 2012 10:57:51 AM hudson.PluginWrapper stop
INFO: Stopping ssh-slaves
</stderr>
      <duration>2.83</duration>
      <timestamp>2012-12-11T10:57:48</timestamp>
      <cases>
        <case>
          <duration>2.83</duration>
          <className>hudson.console.ConsoleAnnotatorTest</className>
          <testName>testPollingOutput</testName>
          <skipped>false</skipped>
          <failedSince>0</failedSince>
        </case>
      </cases>
    </suite>
    <suite>
      <file>/home/jenkins/slave/workspace/jenkins_main_trunk/test/target/surefire-reports/hudson.console.ConsoleAnnotatorTest.testProgressiveOutput.576.xml</file>
      <name>hudson.console.ConsoleAnnotatorTest.testProgressiveOutput</name>
      <stdout>=== Starting ConsoleAnnotatorTest.testProgressiveOutput
</stdout>
      <stderr>Dec 11, 2012 10:57:36 AM org.mortbay.log.Slf4jLog info
INFO: jetty-6.1.26
Dec 11, 2012 10:57:36 AM org.mortbay.log.Slf4jLog info
INFO: NO JSP Support for , did not find org.apache.jasper.servlet.JspServlet
Dec 11, 2012 10:57:36 AM org.mortbay.log.Slf4jLog info
INFO: Started SocketConnector@0.0.0.0:36134
Dec 11, 2012 10:57:36 AM jenkins.InitReactorRunner$1 onAttained
INFO: Started initialization
Dec 11, 2012 10:57:36 AM jenkins.InitReactorRunner$1 onAttained
INFO: Listed all plugins
Dec 11, 2012 
...[truncated 1095 chars]...
hudson.PluginWrapper stop
INFO: Stopping ant
Dec 11, 2012 10:57:38 AM hudson.PluginWrapper stop
INFO: Stopping javadoc
Dec 11, 2012 10:57:38 AM hudson.PluginWrapper stop
INFO: Stopping subversion
Dec 11, 2012 10:57:38 AM hudson.PluginWrapper stop
INFO: Stopping cvs
Dec 11, 2012 10:57:38 AM hudson.PluginWrapper stop
INFO: Stopping maven-plugin
Dec 11, 2012 10:57:38 AM hudson.PluginWrapper stop
INFO: Stopping translation
Dec 11, 2012 10:57:38 AM hudson.PluginWrapper stop
INFO: Stopping ssh-slaves
</stderr>
      <duration>1.827</duration>
      <timestamp>2012-12-11T10:57:36</timestamp>
      <cases>
        <case>
          <duration>1.827</duration>
          <className>hudson.console.ConsoleAnnotatorTest</className>
          <testName>testProgressiveOutput</testName>
          <skipped>false</skipped>
          <failedSince>0</failedSince>
        </case>
      </cases>
    </suite>
    <suite>
      <file>/home/jenkins/slave/workspace/jenkins_main_trunk/test/target/surefire-reports/hudson.console.ConsoleAnnotatorTest.testScriptInclusion.579.xml</file>
      <name>hudson.console.ConsoleAnnotatorTest.testScriptInclusion</name>
      <stdout>=== Starting ConsoleAnnotatorTest.testScriptInclusion
</stdout>
      <stderr>Dec 11, 2012 10:57:42 AM org.mortbay.log.Slf4jLog info
INFO: jetty-6.1.26
Dec 11, 2012 10:57:42 AM org.mortbay.log.Slf4jLog info
INFO: NO JSP Support for , did not find org.apache.jasper.servlet.JspServlet
Dec 11, 2012 10:57:42 AM org.mortbay.log.Slf4jLog info
INFO: Started SocketConnector@0.0.0.0:39590
Dec 11, 2012 10:57:42 AM jenkins.InitReactorRunner$1 onAttained
INFO: Started initialization
Dec 11, 2012 10:57:42 AM jenkins.InitReactorRunner$1 onAttained
INFO: Listed all plugins
Dec 11, 2012 
...[truncated 3575 chars]...
hudson.PluginWrapper stop
INFO: Stopping ant
Dec 11, 2012 10:57:45 AM hudson.PluginWrapper stop
INFO: Stopping javadoc
Dec 11, 2012 10:57:45 AM hudson.PluginWrapper stop
INFO: Stopping subversion
Dec 11, 2012 10:57:45 AM hudson.PluginWrapper stop
INFO: Stopping cvs
Dec 11, 2012 10:57:45 AM hudson.PluginWrapper stop
INFO: Stopping maven-plugin
Dec 11, 2012 10:57:45 AM hudson.PluginWrapper stop
INFO: Stopping translation
Dec 11, 2012 10:57:45 AM hudson.PluginWrapper stop
INFO: Stopping ssh-slaves
</stderr>
      <duration>2.671</duration>
      <timestamp>2012-12-11T10:57:42</timestamp>
      <cases>
        <case>
          <duration>2.671</duration>
          <className>hudson.console.ConsoleAnnotatorTest</className>
          <testName>testScriptInclusion</testName>
          <skipped>false</skipped>
          <failedSince>0</failedSince>
        </case>
      </cases>
    </suite>
    <suite>
      <file>/home/jenkins/slave/workspace/jenkins_main_trunk/test/target/surefire-reports/hudson.console.ExceptionAnnotationTest.test1.582.xml</file>
      <name>hudson.console.ExceptionAnnotationTest.test1</name>
      <stdout>=== Starting ExceptionAnnotationTest.test1
</stdout>
      <stderr>Dec 11, 2012 10:57:51 AM org.mortbay.log.Slf4jLog info
INFO: jetty-6.1.26
Dec 11, 2012 10:57:51 AM org.mortbay.log.Slf4jLog info
INFO: NO JSP Support for , did not find org.apache.jasper.servlet.JspServlet
Dec 11, 2012 10:57:51 AM org.mortbay.log.Slf4jLog info
INFO: Started SocketConnector@0.0.0.0:50518
Dec 11, 2012 10:57:51 AM jenkins.InitReactorRunner$1 onAttained
INFO: Started initialization
Dec 11, 2012 10:57:51 AM jenkins.InitReactorRunner$1 onAttained
INFO: Listed all plugins
Dec 11, 2012 
...[truncated 3575 chars]...
hudson.PluginWrapper stop
INFO: Stopping ant
Dec 11, 2012 10:57:54 AM hudson.PluginWrapper stop
INFO: Stopping javadoc
Dec 11, 2012 10:57:54 AM hudson.PluginWrapper stop
INFO: Stopping subversion
Dec 11, 2012 10:57:54 AM hudson.PluginWrapper stop
INFO: Stopping cvs
Dec 11, 2012 10:57:54 AM hudson.PluginWrapper stop
INFO: Stopping maven-plugin
Dec 11, 2012 10:57:54 AM hudson.PluginWrapper stop
INFO: Stopping translation
Dec 11, 2012 10:57:54 AM hudson.PluginWrapper stop
INFO: Stopping ssh-slaves
</stderr>
      <duration>2.628</duration>
      <timestamp>2012-12-11T10:57:51</timestamp>
      <cases>
        <case>
          <duration>2.628</duration>
          <className>hudson.console.ExceptionAnnotationTest</className>
          <testName>test1</testName>
          <skipped>false</skipped>
          <failedSince>0</failedSince>
        </case>
      </cases>
    </suite>
    <suite>
      <file>/home/jenkins/slave/workspace/jenkins_main_trunk/test/target/surefire-reports/hudson.console.UrlAnnotatorTest.test1.583.xml</file>
      <name>hudson.console.UrlAnnotatorTest.test1</name>
      <stdout>=== Starting UrlAnnotatorTest.test1
</stdout>
      <stderr>Dec 11, 2012 10:57:54 AM org.mortbay.log.Slf4jLog info
INFO: jetty-6.1.26
Dec 11, 2012 10:57:54 AM org.mortbay.log.Slf4jLog info
INFO: NO JSP Support for , did not find org.apache.jasper.servlet.JspServlet
Dec 11, 2012 10:57:54 AM org.mortbay.log.Slf4jLog info
INFO: Started SocketConnector@0.0.0.0:59014
Dec 11, 2012 10:57:54 AM jenkins.InitReactorRunner$1 onAttained
INFO: Started initialization
Dec 11, 2012 10:57:54 AM jenkins.InitReactorRunner$1 onAttained
INFO: Listed all plugins
Dec 11, 2012 
...[truncated 3575 chars]...
hudson.PluginWrapper stop
INFO: Stopping ant
Dec 11, 2012 10:57:57 AM hudson.PluginWrapper stop
INFO: Stopping javadoc
Dec 11, 2012 10:57:57 AM hudson.PluginWrapper stop
INFO: Stopping subversion
Dec 11, 2012 10:57:57 AM hudson.PluginWrapper stop
INFO: Stopping cvs
Dec 11, 2012 10:57:57 AM hudson.PluginWrapper stop
INFO: Stopping maven-plugin
Dec 11, 2012 10:57:57 AM hudson.PluginWrapper stop
INFO: Stopping translation
Dec 11, 2012 10:57:57 AM hudson.PluginWrapper stop
INFO: Stopping ssh-slaves
</stderr>
      <duration>3.489</duration>
      <timestamp>2012-12-11T10:57:54</timestamp>
      <cases>
        <case>
          <duration>3.489</duration>
          <className>hudson.console.UrlAnnotatorTest</className>
          <testName>test1</testName>
          <skipped>false</skipped>
          <failedSince>0</failedSince>
        </case>
      </cases>
    </suite>
    <suite>
      <file>/home/jenkins/slave/workspace/jenkins_main_trunk/test/target/surefire-reports/hudson.console.UrlAnnotatorTest.test2.584.xml</file>
      <name>hudson.console.UrlAnnotatorTest.test2</name>
      <stdout>=== Starting UrlAnnotatorTest.test2
{abc=&amp;#039;&lt;a href=&apos;http://url/&apos;&gt;http://url/&lt;/a&gt;&amp;#039;,def=&amp;#039;ghi&amp;#039;}
</stdout>
      <stderr>Dec 11, 2012 10:57:57 AM org.mortbay.log.Slf4jLog info
INFO: jetty-6.1.26
Dec 11, 2012 10:57:57 AM org.mortbay.log.Slf4jLog info
INFO: NO JSP Support for , did not find org.apache.jasper.servlet.JspServlet
Dec 11, 2012 10:57:57 AM org.mortbay.log.Slf4jLog info
INFO: Started SocketConnector@0.0.0.0:38777
Dec 11, 2012 10:57:57 AM jenkins.InitReactorRunner$1 onAttained
INFO: Started initialization
Dec 11, 2012 10:57:57 AM jenkins.InitReactorRunner$1 onAttained
INFO: Listed all plugins
Dec 11, 2012 
...[truncated 993 chars]...
hudson.PluginWrapper stop
INFO: Stopping ant
Dec 11, 2012 10:57:58 AM hudson.PluginWrapper stop
INFO: Stopping javadoc
Dec 11, 2012 10:57:58 AM hudson.PluginWrapper stop
INFO: Stopping subversion
Dec 11, 2012 10:57:58 AM hudson.PluginWrapper stop
INFO: Stopping cvs
Dec 11, 2012 10:57:58 AM hudson.PluginWrapper stop
INFO: Stopping maven-plugin
Dec 11, 2012 10:57:58 AM hudson.PluginWrapper stop
INFO: Stopping translation
Dec 11, 2012 10:57:58 AM hudson.PluginWrapper stop
INFO: Stopping ssh-slaves
</stderr>
      <duration>1.263</duration>
      <timestamp>2012-12-11T10:57:57</timestamp>
      <cases>
        <case>
          <duration>1.263</duration>
          <className>hudson.console.UrlAnnotatorTest</className>
          <testName>test2</testName>
          <skipped>false</skipped>
          <failedSince>0</failedSince>
        </case>
      </cases>
    </suite>
    <suite>
      <file>/home/jenkins/slave/workspace/jenkins_main_trunk/test/target/surefire-reports/hudson.diagnosis.HudsonHomeDiskUsageMonitorTest.testFlow.585.xml</file>
      <name>hudson.diagnosis.HudsonHomeDiskUsageMonitorTest.testFlow</name>
      <stdout>=== Starting HudsonHomeDiskUsageMonitorTest.testFlow
</stdout>
      <stderr>Dec 11, 2012 10:57:59 AM org.mortbay.log.Slf4jLog info
INFO: jetty-6.1.26
Dec 11, 2012 10:57:59 AM org.mortbay.log.Slf4jLog info
INFO: NO JSP Support for , did not find org.apache.jasper.servlet.JspServlet
Dec 11, 2012 10:57:59 AM org.mortbay.log.Slf4jLog info
INFO: Started SocketConnector@0.0.0.0:51097
Dec 11, 2012 10:57:59 AM jenkins.InitReactorRunner$1 onAttained
INFO: Started initialization
Dec 11, 2012 10:57:59 AM jenkins.InitReactorRunner$1 onAttained
INFO: Listed all plugins
Dec 11, 2012 
...[truncated 8433 chars]...
hudson.PluginWrapper stop
INFO: Stopping ant
Dec 11, 2012 10:58:03 AM hudson.PluginWrapper stop
INFO: Stopping javadoc
Dec 11, 2012 10:58:03 AM hudson.PluginWrapper stop
INFO: Stopping subversion
Dec 11, 2012 10:58:03 AM hudson.PluginWrapper stop
INFO: Stopping cvs
Dec 11, 2012 10:58:03 AM hudson.PluginWrapper stop
INFO: Stopping maven-plugin
Dec 11, 2012 10:58:03 AM hudson.PluginWrapper stop
INFO: Stopping translation
Dec 11, 2012 10:58:03 AM hudson.PluginWrapper stop
INFO: Stopping ssh-slaves
</stderr>
      <duration>4.8</duration>
      <timestamp>2012-12-11T10:57:59</timestamp>
      <cases>
        <case>
          <duration>4.8</duration>
          <className>hudson.diagnosis.HudsonHomeDiskUsageMonitorTest</className>
          <testName>testFlow</testName>
          <skipped>false</skipped>
          <failedSince>0</failedSince>
        </case>
      </cases>
    </suite>
    <suite>
      <file>/home/jenkins/slave/workspace/jenkins_main_trunk/test/target/surefire-reports/hudson.diagnosis.TooManyJobsButNoViewTest.testActivated.587.xml</file>
      <name>hudson.diagnosis.TooManyJobsButNoViewTest.testActivated</name>
      <stdout>=== Starting TooManyJobsButNoViewTest.testActivated
</stdout>
      <stderr>Dec 11, 2012 10:58:06 AM org.mortbay.log.Slf4jLog info
INFO: jetty-6.1.26
Dec 11, 2012 10:58:06 AM org.mortbay.log.Slf4jLog info
INFO: NO JSP Support for , did not find org.apache.jasper.servlet.JspServlet
Dec 11, 2012 10:58:06 AM org.mortbay.log.Slf4jLog info
INFO: Started SocketConnector@0.0.0.0:49183
Dec 11, 2012 10:58:06 AM jenkins.InitReactorRunner$1 onAttained
INFO: Started initialization
Dec 11, 2012 10:58:06 AM jenkins.InitReactorRunner$1 onAttained
INFO: Listed all plugins
Dec 11, 2012 
...[truncated 10913 chars]...
hudson.PluginWrapper stop
INFO: Stopping ant
Dec 11, 2012 10:58:12 AM hudson.PluginWrapper stop
INFO: Stopping javadoc
Dec 11, 2012 10:58:12 AM hudson.PluginWrapper stop
INFO: Stopping subversion
Dec 11, 2012 10:58:12 AM hudson.PluginWrapper stop
INFO: Stopping cvs
Dec 11, 2012 10:58:12 AM hudson.PluginWrapper stop
INFO: Stopping maven-plugin
Dec 11, 2012 10:58:12 AM hudson.PluginWrapper stop
INFO: Stopping translation
Dec 11, 2012 10:58:12 AM hudson.PluginWrapper stop
INFO: Stopping ssh-slaves
</stderr>
      <duration>6.548</duration>
      <timestamp>2012-12-11T10:58:06</timestamp>
      <cases>
        <case>
          <duration>6.548</duration>
          <className>hudson.diagnosis.TooManyJobsButNoViewTest</className>
          <testName>testActivated</testName>
          <skipped>false</skipped>
          <failedSince>0</failedSince>
        </case>
      </cases>
    </suite>
    <suite>
      <file>/home/jenkins/slave/workspace/jenkins_main_trunk/test/target/surefire-reports/hudson.diagnosis.TooManyJobsButNoViewTest.testInitialState.586.xml</file>
      <name>hudson.diagnosis.TooManyJobsButNoViewTest.testInitialState</name>
      <stdout>=== Starting TooManyJobsButNoViewTest.testInitialState
</stdout>
      <stderr>Dec 11, 2012 10:58:04 AM org.mortbay.log.Slf4jLog info
INFO: jetty-6.1.26
Dec 11, 2012 10:58:04 AM org.mortbay.log.Slf4jLog info
INFO: NO JSP Support for , did not find org.apache.jasper.servlet.JspServlet
Dec 11, 2012 10:58:04 AM org.mortbay.log.Slf4jLog info
INFO: Started SocketConnector@0.0.0.0:54075
Dec 11, 2012 10:58:04 AM jenkins.InitReactorRunner$1 onAttained
INFO: Started initialization
Dec 11, 2012 10:58:04 AM jenkins.InitReactorRunner$1 onAttained
INFO: Listed all plugins
Dec 11, 2012 
...[truncated 3473 chars]...
hudson.PluginWrapper stop
INFO: Stopping ant
Dec 11, 2012 10:58:06 AM hudson.PluginWrapper stop
INFO: Stopping javadoc
Dec 11, 2012 10:58:06 AM hudson.PluginWrapper stop
INFO: Stopping subversion
Dec 11, 2012 10:58:06 AM hudson.PluginWrapper stop
INFO: Stopping cvs
Dec 11, 2012 10:58:06 AM hudson.PluginWrapper stop
INFO: Stopping maven-plugin
Dec 11, 2012 10:58:06 AM hudson.PluginWrapper stop
INFO: Stopping translation
Dec 11, 2012 10:58:06 AM hudson.PluginWrapper stop
INFO: Stopping ssh-slaves
</stderr>
      <duration>2.667</duration>
      <timestamp>2012-12-11T10:58:04</timestamp>
      <cases>
        <case>
          <duration>2.667</duration>
          <className>hudson.diagnosis.TooManyJobsButNoViewTest</className>
          <testName>testInitialState</testName>
          <skipped>false</skipped>
          <failedSince>0</failedSince>
        </case>
      </cases>
    </suite>
    <suite>
      <file>/home/jenkins/slave/workspace/jenkins_main_trunk/test/target/surefire-reports/hudson.logging.LogRecorderManagerTest.testLoggerConfig.588.xml</file>
      <name>hudson.logging.LogRecorderManagerTest.testLoggerConfig</name>
      <stdout>=== Starting LogRecorderManagerTest.testLoggerConfig
</stdout>
      <stderr>Dec 11, 2012 10:58:13 AM org.mortbay.log.Slf4jLog info
INFO: jetty-6.1.26
Dec 11, 2012 10:58:13 AM org.mortbay.log.Slf4jLog info
INFO: NO JSP Support for , did not find org.apache.jasper.servlet.JspServlet
Dec 11, 2012 10:58:13 AM org.mortbay.log.Slf4jLog info
INFO: Started SocketConnector@0.0.0.0:37573
Dec 11, 2012 10:58:13 AM jenkins.InitReactorRunner$1 onAttained
INFO: Started initialization
Dec 11, 2012 10:58:13 AM jenkins.InitReactorRunner$1 onAttained
INFO: Listed all plugins
Dec 11, 2012 
...[truncated 5953 chars]...
hudson.PluginWrapper stop
INFO: Stopping ant
Dec 11, 2012 10:58:16 AM hudson.PluginWrapper stop
INFO: Stopping javadoc
Dec 11, 2012 10:58:16 AM hudson.PluginWrapper stop
INFO: Stopping subversion
Dec 11, 2012 10:58:16 AM hudson.PluginWrapper stop
INFO: Stopping cvs
Dec 11, 2012 10:58:16 AM hudson.PluginWrapper stop
INFO: Stopping maven-plugin
Dec 11, 2012 10:58:16 AM hudson.PluginWrapper stop
INFO: Stopping translation
Dec 11, 2012 10:58:16 AM hudson.PluginWrapper stop
INFO: Stopping ssh-slaves
</stderr>
      <duration>3.462</duration>
      <timestamp>2012-12-11T10:58:13</timestamp>
      <cases>
        <case>
          <duration>3.462</duration>
          <className>hudson.logging.LogRecorderManagerTest</className>
          <testName>testLoggerConfig</testName>
          <skipped>false</skipped>
          <failedSince>0</failedSince>
        </case>
      </cases>
    </suite>
    <suite>
      <file>/home/jenkins/slave/workspace/jenkins_main_trunk/test/target/surefire-reports/hudson.markup.MarkupFormatterTest.testConfigRoundtrip.589.xml</file>
      <name>hudson.markup.MarkupFormatterTest.testConfigRoundtrip</name>
      <stdout>=== Starting MarkupFormatterTest.testConfigRoundtrip
</stdout>
      <stderr>Dec 11, 2012 10:58:16 AM org.mortbay.log.Slf4jLog info
INFO: jetty-6.1.26
Dec 11, 2012 10:58:16 AM org.mortbay.log.Slf4jLog info
INFO: NO JSP Support for , did not find org.apache.jasper.servlet.JspServlet
Dec 11, 2012 10:58:16 AM org.mortbay.log.Slf4jLog info
INFO: Started SocketConnector@0.0.0.0:46619
Dec 11, 2012 10:58:16 AM jenkins.InitReactorRunner$1 onAttained
INFO: Started initialization
Dec 11, 2012 10:58:16 AM jenkins.InitReactorRunner$1 onAttained
INFO: Listed all plugins
Dec 11, 2012 
...[truncated 6403 chars]...
hudson.PluginWrapper stop
INFO: Stopping ant
Dec 11, 2012 10:58:24 AM hudson.PluginWrapper stop
INFO: Stopping javadoc
Dec 11, 2012 10:58:24 AM hudson.PluginWrapper stop
INFO: Stopping subversion
Dec 11, 2012 10:58:24 AM hudson.PluginWrapper stop
INFO: Stopping cvs
Dec 11, 2012 10:58:24 AM hudson.PluginWrapper stop
INFO: Stopping maven-plugin
Dec 11, 2012 10:58:24 AM hudson.PluginWrapper stop
INFO: Stopping translation
Dec 11, 2012 10:58:24 AM hudson.PluginWrapper stop
INFO: Stopping ssh-slaves
</stderr>
      <duration>8.76</duration>
      <timestamp>2012-12-11T10:58:16</timestamp>
      <cases>
        <case>
          <duration>8.76</duration>
          <className>hudson.markup.MarkupFormatterTest</className>
          <testName>testConfigRoundtrip</testName>
          <skipped>false</skipped>
          <failedSince>0</failedSince>
        </case>
      </cases>
    </suite>
    <suite>
      <file>/home/jenkins/slave/workspace/jenkins_main_trunk/test/target/surefire-reports/hudson.matrix.MatrixConfigurationSorterTest.testConfigRoundtrip.590.xml</file>
      <name>hudson.matrix.MatrixConfigurationSorterTest.testConfigRoundtrip</name>
      <stdout>=== Starting MatrixConfigurationSorterTest.testConfigRoundtrip
</stdout>
      <stderr>Dec 11, 2012 10:58:25 AM org.mortbay.log.Slf4jLog info
INFO: jetty-6.1.26
Dec 11, 2012 10:58:25 AM org.mortbay.log.Slf4jLog info
INFO: NO JSP Support for , did not find org.apache.jasper.servlet.JspServlet
Dec 11, 2012 10:58:25 AM org.mortbay.log.Slf4jLog info
INFO: Started SocketConnector@0.0.0.0:58048
Dec 11, 2012 10:58:25 AM jenkins.InitReactorRunner$1 onAttained
INFO: Started initialization
Dec 11, 2012 10:58:25 AM jenkins.InitReactorRunner$1 onAttained
INFO: Listed all plugins
Dec 11, 2012 
...[truncated 12713 chars]...
hudson.PluginWrapper stop
INFO: Stopping ant
Dec 11, 2012 10:58:37 AM hudson.PluginWrapper stop
INFO: Stopping javadoc
Dec 11, 2012 10:58:37 AM hudson.PluginWrapper stop
INFO: Stopping subversion
Dec 11, 2012 10:58:37 AM hudson.PluginWrapper stop
INFO: Stopping cvs
Dec 11, 2012 10:58:37 AM hudson.PluginWrapper stop
INFO: Stopping maven-plugin
Dec 11, 2012 10:58:37 AM hudson.PluginWrapper stop
INFO: Stopping translation
Dec 11, 2012 10:58:37 AM hudson.PluginWrapper stop
INFO: Stopping ssh-slaves
</stderr>
      <duration>12.334</duration>
      <timestamp>2012-12-11T10:58:25</timestamp>
      <cases>
        <case>
          <duration>12.334</duration>
          <className>hudson.matrix.MatrixConfigurationSorterTest</className>
          <testName>testConfigRoundtrip</testName>
          <skipped>false</skipped>
          <failedSince>0</failedSince>
        </case>
      </cases>
    </suite>
    <suite>
      <file>/home/jenkins/slave/workspace/jenkins_main_trunk/test/target/surefire-reports/hudson.matrix.MatrixProjectCustomWorkspaceTest.testCustomWorkspace1.591.xml</file>
      <name>hudson.matrix.MatrixProjectCustomWorkspaceTest.testCustomWorkspace1</name>
      <stdout>=== Starting MatrixProjectCustomWorkspaceTest.testCustomWorkspace1
</stdout>
      <stderr>Dec 11, 2012 10:58:37 AM org.mortbay.log.Slf4jLog info
INFO: jetty-6.1.26
Dec 11, 2012 10:58:37 AM org.mortbay.log.Slf4jLog info
INFO: NO JSP Support for , did not find org.apache.jasper.servlet.JspServlet
Dec 11, 2012 10:58:37 AM org.mortbay.log.Slf4jLog info
INFO: Started SocketConnector@0.0.0.0:34289
Dec 11, 2012 10:58:37 AM jenkins.InitReactorRunner$1 onAttained
INFO: Started initialization
Dec 11, 2012 10:58:37 AM jenkins.InitReactorRunner$1 onAttained
INFO: Listed all plugins
Dec 11, 2012 
...[truncated 7481 chars]...
hudson.PluginWrapper stop
INFO: Stopping ant
Dec 11, 2012 10:58:46 AM hudson.PluginWrapper stop
INFO: Stopping javadoc
Dec 11, 2012 10:58:46 AM hudson.PluginWrapper stop
INFO: Stopping subversion
Dec 11, 2012 10:58:46 AM hudson.PluginWrapper stop
INFO: Stopping cvs
Dec 11, 2012 10:58:46 AM hudson.PluginWrapper stop
INFO: Stopping maven-plugin
Dec 11, 2012 10:58:46 AM hudson.PluginWrapper stop
INFO: Stopping translation
Dec 11, 2012 10:58:46 AM hudson.PluginWrapper stop
INFO: Stopping ssh-slaves
</stderr>
      <duration>8.798</duration>
      <timestamp>2012-12-11T10:58:37</timestamp>
      <cases>
        <case>
          <duration>8.798</duration>
          <className>hudson.matrix.MatrixProjectCustomWorkspaceTest</className>
          <testName>testCustomWorkspace1</testName>
          <skipped>false</skipped>
          <failedSince>0</failedSince>
        </case>
      </cases>
    </suite>
    <suite>
      <file>/home/jenkins/slave/workspace/jenkins_main_trunk/test/target/surefire-reports/hudson.matrix.MatrixProjectCustomWorkspaceTest.testCustomWorkspace2.592.xml</file>
      <name>hudson.matrix.MatrixProjectCustomWorkspaceTest.testCustomWorkspace2</name>
      <stdout>=== Starting MatrixProjectCustomWorkspaceTest.testCustomWorkspace2
</stdout>
      <stderr>Dec 11, 2012 10:58:46 AM org.mortbay.log.Slf4jLog info
INFO: jetty-6.1.26
Dec 11, 2012 10:58:46 AM org.mortbay.log.Slf4jLog info
INFO: NO JSP Support for , did not find org.apache.jasper.servlet.JspServlet
Dec 11, 2012 10:58:46 AM org.mortbay.log.Slf4jLog info
INFO: Started SocketConnector@0.0.0.0:34782
Dec 11, 2012 10:58:46 AM jenkins.InitReactorRunner$1 onAttained
INFO: Started initialization
Dec 11, 2012 10:58:46 AM jenkins.InitReactorRunner$1 onAttained
INFO: Listed all plugins
Dec 11, 2012 
...[truncated 7481 chars]...
hudson.PluginWrapper stop
INFO: Stopping ant
Dec 11, 2012 10:58:55 AM hudson.PluginWrapper stop
INFO: Stopping javadoc
Dec 11, 2012 10:58:55 AM hudson.PluginWrapper stop
INFO: Stopping subversion
Dec 11, 2012 10:58:55 AM hudson.PluginWrapper stop
INFO: Stopping cvs
Dec 11, 2012 10:58:55 AM hudson.PluginWrapper stop
INFO: Stopping maven-plugin
Dec 11, 2012 10:58:55 AM hudson.PluginWrapper stop
INFO: Stopping translation
Dec 11, 2012 10:58:55 AM hudson.PluginWrapper stop
INFO: Stopping ssh-slaves
</stderr>
      <duration>9.069</duration>
      <timestamp>2012-12-11T10:58:46</timestamp>
      <cases>
        <case>
          <duration>9.069</duration>
          <className>hudson.matrix.MatrixProjectCustomWorkspaceTest</className>
          <testName>testCustomWorkspace2</testName>
          <skipped>false</skipped>
          <failedSince>0</failedSince>
        </case>
      </cases>
    </suite>
    <suite>
      <file>/home/jenkins/slave/workspace/jenkins_main_trunk/test/target/surefire-reports/hudson.matrix.MatrixProjectCustomWorkspaceTest.testCustomWorkspace3.593.xml</file>
      <name>hudson.matrix.MatrixProjectCustomWorkspaceTest.testCustomWorkspace3</name>
      <stdout>=== Starting MatrixProjectCustomWorkspaceTest.testCustomWorkspace3
</stdout>
      <stderr>Dec 11, 2012 10:58:55 AM org.mortbay.log.Slf4jLog info
INFO: jetty-6.1.26
Dec 11, 2012 10:58:55 AM org.mortbay.log.Slf4jLog info
INFO: NO JSP Support for , did not find org.apache.jasper.servlet.JspServlet
Dec 11, 2012 10:58:55 AM org.mortbay.log.Slf4jLog info
INFO: Started SocketConnector@0.0.0.0:51065
Dec 11, 2012 10:58:55 AM jenkins.InitReactorRunner$1 onAttained
INFO: Started initialization
Dec 11, 2012 10:58:55 AM jenkins.InitReactorRunner$1 onAttained
INFO: Listed all plugins
Dec 11, 2012 
...[truncated 7481 chars]...
hudson.PluginWrapper stop
INFO: Stopping ant
Dec 11, 2012 10:59:04 AM hudson.PluginWrapper stop
INFO: Stopping javadoc
Dec 11, 2012 10:59:04 AM hudson.PluginWrapper stop
INFO: Stopping subversion
Dec 11, 2012 10:59:04 AM hudson.PluginWrapper stop
INFO: Stopping cvs
Dec 11, 2012 10:59:04 AM hudson.PluginWrapper stop
INFO: Stopping maven-plugin
Dec 11, 2012 10:59:04 AM hudson.PluginWrapper stop
INFO: Stopping translation
Dec 11, 2012 10:59:04 AM hudson.PluginWrapper stop
INFO: Stopping ssh-slaves
</stderr>
      <duration>9.257</duration>
      <timestamp>2012-12-11T10:58:55</timestamp>
      <cases>
        <case>
          <duration>9.257</duration>
          <className>hudson.matrix.MatrixProjectCustomWorkspaceTest</className>
          <testName>testCustomWorkspace3</testName>
          <skipped>false</skipped>
          <failedSince>0</failedSince>
        </case>
      </cases>
    </suite>
    <suite>
      <file>/home/jenkins/slave/workspace/jenkins_main_trunk/test/target/surefire-reports/hudson.matrix.MatrixProjectCustomWorkspaceTest.testCustomWorkspace4.594.xml</file>
      <name>hudson.matrix.MatrixProjectCustomWorkspaceTest.testCustomWorkspace4</name>
      <stdout>=== Starting MatrixProjectCustomWorkspaceTest.testCustomWorkspace4
</stdout>
      <stderr>Dec 11, 2012 10:59:05 AM org.mortbay.log.Slf4jLog info
INFO: jetty-6.1.26
Dec 11, 2012 10:59:05 AM org.mortbay.log.Slf4jLog info
INFO: NO JSP Support for , did not find org.apache.jasper.servlet.JspServlet
Dec 11, 2012 10:59:05 AM org.mortbay.log.Slf4jLog info
INFO: Started SocketConnector@0.0.0.0:33468
Dec 11, 2012 10:59:05 AM jenkins.InitReactorRunner$1 onAttained
INFO: Started initialization
Dec 11, 2012 10:59:05 AM jenkins.InitReactorRunner$1 onAttained
INFO: Listed all plugins
Dec 11, 2012 
...[truncated 7481 chars]...
hudson.PluginWrapper stop
INFO: Stopping ant
Dec 11, 2012 10:59:13 AM hudson.PluginWrapper stop
INFO: Stopping javadoc
Dec 11, 2012 10:59:13 AM hudson.PluginWrapper stop
INFO: Stopping subversion
Dec 11, 2012 10:59:13 AM hudson.PluginWrapper stop
INFO: Stopping cvs
Dec 11, 2012 10:59:13 AM hudson.PluginWrapper stop
INFO: Stopping maven-plugin
Dec 11, 2012 10:59:13 AM hudson.PluginWrapper stop
INFO: Stopping translation
Dec 11, 2012 10:59:13 AM hudson.PluginWrapper stop
INFO: Stopping ssh-slaves
</stderr>
      <duration>8.983</duration>
      <timestamp>2012-12-11T10:59:04</timestamp>
      <cases>
        <case>
          <duration>8.983</duration>
          <className>hudson.matrix.MatrixProjectCustomWorkspaceTest</className>
          <testName>testCustomWorkspace4</testName>
          <skipped>false</skipped>
          <failedSince>0</failedSince>
        </case>
      </cases>
    </suite>
    <suite>
      <file>/home/jenkins/slave/workspace/jenkins_main_trunk/test/target/surefire-reports/hudson.matrix.MatrixProjectTest.testBuildAxisInAnt.597.xml</file>
      <name>hudson.matrix.MatrixProjectTest.testBuildAxisInAnt</name>
      <stdout>=== Starting MatrixProjectTest.testBuildAxisInAnt
</stdout>
      <stderr>Dec 11, 2012 10:59:42 AM org.mortbay.log.Slf4jLog info
INFO: jetty-6.1.26
Dec 11, 2012 10:59:42 AM org.mortbay.log.Slf4jLog info
INFO: NO JSP Support for , did not find org.apache.jasper.servlet.JspServlet
Dec 11, 2012 10:59:42 AM org.mortbay.log.Slf4jLog info
INFO: Started SocketConnector@0.0.0.0:50557
Dec 11, 2012 10:59:42 AM jenkins.InitReactorRunner$1 onAttained
INFO: Started initialization
Dec 11, 2012 10:59:42 AM jenkins.InitReactorRunner$1 onAttained
INFO: Listed all plugins
Dec 11, 2012 
...[truncated 1806 chars]...
hudson.PluginWrapper stop
INFO: Stopping ant
Dec 11, 2012 10:59:46 AM hudson.PluginWrapper stop
INFO: Stopping javadoc
Dec 11, 2012 10:59:46 AM hudson.PluginWrapper stop
INFO: Stopping subversion
Dec 11, 2012 10:59:46 AM hudson.PluginWrapper stop
INFO: Stopping cvs
Dec 11, 2012 10:59:46 AM hudson.PluginWrapper stop
INFO: Stopping maven-plugin
Dec 11, 2012 10:59:46 AM hudson.PluginWrapper stop
INFO: Stopping translation
Dec 11, 2012 10:59:46 AM hudson.PluginWrapper stop
INFO: Stopping ssh-slaves
</stderr>
      <duration>3.959</duration>
      <timestamp>2012-12-11T10:59:42</timestamp>
      <cases>
        <case>
          <duration>3.959</duration>
          <className>hudson.matrix.MatrixProjectTest</className>
          <testName>testBuildAxisInAnt</testName>
          <skipped>false</skipped>
          <failedSince>0</failedSince>
        </case>
      </cases>
    </suite>
    <suite>
      <file>/home/jenkins/slave/workspace/jenkins_main_trunk/test/target/surefire-reports/hudson.matrix.MatrixProjectTest.testBuildAxisInMaven.598.xml</file>
      <name>hudson.matrix.MatrixProjectTest.testBuildAxisInMaven</name>
      <stdout>=== Starting MatrixProjectTest.testBuildAxisInMaven
Started by upstream project &quot;[8mha:AAAAlx+LCAAAAAAAAABb85aBtbiIQTGjNKU4P08vOT+vOD8nVc83PyU1x6OyILUoJzMv2y+/JJUBAhiZGBgqihhk0NSjKDWzXb3RdlLBUSYGJk8GtpzUvPSSDB8G5tKinBIGIZ+sxLJE/ZzEvHT94JKizLx0a6BxUmjGOUNodHsLgAzWEgZu/az8JP2S1OISA30A13VY3sAAAAA=[0mtest0&quot; build number [8mha:AAAAlx+LCAAAAAAAAABb85aBtbiIQTGjNKU4P08vOT+vOD8nVc83PyU1x6OyILUoJzMv2y+/JJUBAhiZGBgqihhk0NSjKDWzXb3RdlLBUSYGJk8GtpzUvPSSDB8G5tKinBIGIZ+sxLJE/ZzEvHT94JKizLx0a6BxUmjGOUNodHsLQIwS
...[truncated 6384 chars]...
ded:run {execution: default}]
[INFO] Executing tasks
     [echo] assertion oracle=oracle
[INFO] Executed tasks
[INFO] ------------------------------------------------------------------------
[INFO] BUILD SUCCESSFUL
[INFO] ------------------------------------------------------------------------
[INFO] Total time: 1 second
[INFO] Finished at: Tue Dec 11 10:59:50 UTC 2012
[INFO] Final Memory: 4M/105M
[INFO] ------------------------------------------------------------------------
Finished: SUCCESS

</stdout>
      <stderr>Dec 11, 2012 10:59:46 AM org.mortbay.log.Slf4jLog info
INFO: jetty-6.1.26
Dec 11, 2012 10:59:46 AM org.mortbay.log.Slf4jLog info
INFO: NO JSP Support for , did not find org.apache.jasper.servlet.JspServlet
Dec 11, 2012 10:59:46 AM org.mortbay.log.Slf4jLog info
INFO: Started SocketConnector@0.0.0.0:59039
Dec 11, 2012 10:59:46 AM jenkins.InitReactorRunner$1 onAttained
INFO: Started initialization
Dec 11, 2012 10:59:46 AM jenkins.InitReactorRunner$1 onAttained
INFO: Listed all plugins
Dec 11, 2012 
...[truncated 1810 chars]...
hudson.PluginWrapper stop
INFO: Stopping ant
Dec 11, 2012 10:59:52 AM hudson.PluginWrapper stop
INFO: Stopping javadoc
Dec 11, 2012 10:59:52 AM hudson.PluginWrapper stop
INFO: Stopping subversion
Dec 11, 2012 10:59:52 AM hudson.PluginWrapper stop
INFO: Stopping cvs
Dec 11, 2012 10:59:52 AM hudson.PluginWrapper stop
INFO: Stopping maven-plugin
Dec 11, 2012 10:59:52 AM hudson.PluginWrapper stop
INFO: Stopping translation
Dec 11, 2012 10:59:52 AM hudson.PluginWrapper stop
INFO: Stopping ssh-slaves
</stderr>
      <duration>6.181</duration>
      <timestamp>2012-12-11T10:59:46</timestamp>
      <cases>
        <case>
          <duration>6.181</duration>
          <className>hudson.matrix.MatrixProjectTest</className>
          <testName>testBuildAxisInMaven</testName>
          <skipped>false</skipped>
          <failedSince>0</failedSince>
        </case>
      </cases>
    </suite>
    <suite>
      <file>/home/jenkins/slave/workspace/jenkins_main_trunk/test/target/surefire-reports/hudson.matrix.MatrixProjectTest.testConcurrentBuild.608.xml</file>
      <name>hudson.matrix.MatrixProjectTest.testConcurrentBuild</name>
      <stdout>=== Starting MatrixProjectTest.testConcurrentBuild
</stdout>
      <stderr>Dec 11, 2012 11:00:34 AM org.mortbay.log.Slf4jLog info
INFO: jetty-6.1.26
Dec 11, 2012 11:00:34 AM org.mortbay.log.Slf4jLog info
INFO: NO JSP Support for , did not find org.apache.jasper.servlet.JspServlet
Dec 11, 2012 11:00:34 AM org.mortbay.log.Slf4jLog info
INFO: Started SocketConnector@0.0.0.0:60267
Dec 11, 2012 11:00:34 AM jenkins.InitReactorRunner$1 onAttained
INFO: Started initialization
Dec 11, 2012 11:00:34 AM jenkins.InitReactorRunner$1 onAttained
INFO: Listed all plugins
Dec 11, 2012 
...[truncated 1621 chars]...
hudson.PluginWrapper stop
INFO: Stopping ant
Dec 11, 2012 11:00:38 AM hudson.PluginWrapper stop
INFO: Stopping javadoc
Dec 11, 2012 11:00:38 AM hudson.PluginWrapper stop
INFO: Stopping subversion
Dec 11, 2012 11:00:38 AM hudson.PluginWrapper stop
INFO: Stopping cvs
Dec 11, 2012 11:00:38 AM hudson.PluginWrapper stop
INFO: Stopping maven-plugin
Dec 11, 2012 11:00:38 AM hudson.PluginWrapper stop
INFO: Stopping translation
Dec 11, 2012 11:00:38 AM hudson.PluginWrapper stop
INFO: Stopping ssh-slaves
</stderr>
      <duration>4.134</duration>
      <timestamp>2012-12-11T11:00:34</timestamp>
      <cases>
        <case>
          <duration>4.134</duration>
          <className>hudson.matrix.MatrixProjectTest</className>
          <testName>testConcurrentBuild</testName>
          <skipped>false</skipped>
          <failedSince>0</failedSince>
        </case>
      </cases>
    </suite>
    <suite>
      <file>/home/jenkins/slave/workspace/jenkins_main_trunk/test/target/surefire-reports/hudson.matrix.MatrixProjectTest.testConfigRoundtrip.596.xml</file>
      <name>hudson.matrix.MatrixProjectTest.testConfigRoundtrip</name>
      <stdout>=== Starting MatrixProjectTest.testConfigRoundtrip
</stdout>
      <stderr>Dec 11, 2012 10:59:21 AM org.mortbay.log.Slf4jLog info
INFO: jetty-6.1.26
Dec 11, 2012 10:59:21 AM org.mortbay.log.Slf4jLog info
INFO: NO JSP Support for , did not find org.apache.jasper.servlet.JspServlet
Dec 11, 2012 10:59:21 AM org.mortbay.log.Slf4jLog info
INFO: Started SocketConnector@0.0.0.0:54900
Dec 11, 2012 10:59:22 AM jenkins.InitReactorRunner$1 onAttained
INFO: Started initialization
Dec 11, 2012 10:59:22 AM jenkins.InitReactorRunner$1 onAttained
INFO: Listed all plugins
Dec 11, 2012 
...[truncated 34746 chars]...
hudson.PluginWrapper stop
INFO: Stopping ant
Dec 11, 2012 10:59:42 AM hudson.PluginWrapper stop
INFO: Stopping javadoc
Dec 11, 2012 10:59:42 AM hudson.PluginWrapper stop
INFO: Stopping subversion
Dec 11, 2012 10:59:42 AM hudson.PluginWrapper stop
INFO: Stopping cvs
Dec 11, 2012 10:59:42 AM hudson.PluginWrapper stop
INFO: Stopping maven-plugin
Dec 11, 2012 10:59:42 AM hudson.PluginWrapper stop
INFO: Stopping translation
Dec 11, 2012 10:59:42 AM hudson.PluginWrapper stop
INFO: Stopping ssh-slaves
</stderr>
      <duration>20.556</duration>
      <timestamp>2012-12-11T10:59:21</timestamp>
      <cases>
        <case>
          <duration>20.556</duration>
          <className>hudson.matrix.MatrixProjectTest</className>
          <testName>testConfigRoundtrip</testName>
          <skipped>false</skipped>
          <failedSince>0</failedSince>
        </case>
      </cases>
    </suite>
    <suite>
      <file>/home/jenkins/slave/workspace/jenkins_main_trunk/test/target/surefire-reports/hudson.matrix.MatrixProjectTest.testConfigurationFilter.599.xml</file>
      <name>hudson.matrix.MatrixProjectTest.testConfigurationFilter</name>
      <stdout>=== Starting MatrixProjectTest.testConfigurationFilter
</stdout>
      <stderr>Dec 11, 2012 10:59:52 AM org.mortbay.log.Slf4jLog info
INFO: jetty-6.1.26
Dec 11, 2012 10:59:52 AM org.mortbay.log.Slf4jLog info
INFO: NO JSP Support for , did not find org.apache.jasper.servlet.JspServlet
Dec 11, 2012 10:59:52 AM org.mortbay.log.Slf4jLog info
INFO: Started SocketConnector@0.0.0.0:54374
Dec 11, 2012 10:59:52 AM jenkins.InitReactorRunner$1 onAttained
INFO: Started initialization
Dec 11, 2012 10:59:52 AM jenkins.InitReactorRunner$1 onAttained
INFO: Listed all plugins
Dec 11, 2012 
...[truncated 1327 chars]...
hudson.PluginWrapper stop
INFO: Stopping ant
Dec 11, 2012 10:59:55 AM hudson.PluginWrapper stop
INFO: Stopping javadoc
Dec 11, 2012 10:59:55 AM hudson.PluginWrapper stop
INFO: Stopping subversion
Dec 11, 2012 10:59:55 AM hudson.PluginWrapper stop
INFO: Stopping cvs
Dec 11, 2012 10:59:55 AM hudson.PluginWrapper stop
INFO: Stopping maven-plugin
Dec 11, 2012 10:59:55 AM hudson.PluginWrapper stop
INFO: Stopping translation
Dec 11, 2012 10:59:55 AM hudson.PluginWrapper stop
INFO: Stopping ssh-slaves
</stderr>
      <duration>2.819</duration>
      <timestamp>2012-12-11T10:59:52</timestamp>
      <cases>
        <case>
          <duration>2.819</duration>
          <className>hudson.matrix.MatrixProjectTest</className>
          <testName>testConfigurationFilter</testName>
          <skipped>false</skipped>
          <failedSince>0</failedSince>
        </case>
      </cases>
    </suite>
    <suite>
      <file>/home/jenkins/slave/workspace/jenkins_main_trunk/test/target/surefire-reports/hudson.matrix.MatrixProjectTest.testFingerprinting.601.xml</file>
      <name>hudson.matrix.MatrixProjectTest.testFingerprinting</name>
      <stdout>=== Starting MatrixProjectTest.testFingerprinting
</stdout>
      <stderr>Dec 11, 2012 11:00:00 AM org.mortbay.log.Slf4jLog info
INFO: jetty-6.1.26
Dec 11, 2012 11:00:00 AM org.mortbay.log.Slf4jLog info
INFO: NO JSP Support for , did not find org.apache.jasper.servlet.JspServlet
Dec 11, 2012 11:00:00 AM org.mortbay.log.Slf4jLog info
INFO: Started SocketConnector@0.0.0.0:41178
Dec 11, 2012 11:00:00 AM jenkins.InitReactorRunner$1 onAttained
INFO: Started initialization
Dec 11, 2012 11:00:00 AM jenkins.InitReactorRunner$1 onAttained
INFO: Listed all plugins
Dec 11, 2012 
...[truncated 1561 chars]...
hudson.PluginWrapper stop
INFO: Stopping ant
Dec 11, 2012 11:00:02 AM hudson.PluginWrapper stop
INFO: Stopping javadoc
Dec 11, 2012 11:00:02 AM hudson.PluginWrapper stop
INFO: Stopping subversion
Dec 11, 2012 11:00:02 AM hudson.PluginWrapper stop
INFO: Stopping cvs
Dec 11, 2012 11:00:02 AM hudson.PluginWrapper stop
INFO: Stopping maven-plugin
Dec 11, 2012 11:00:02 AM hudson.PluginWrapper stop
INFO: Stopping translation
Dec 11, 2012 11:00:02 AM hudson.PluginWrapper stop
INFO: Stopping ssh-slaves
</stderr>
      <duration>2.793</duration>
      <timestamp>2012-12-11T11:00:00</timestamp>
      <cases>
        <case>
          <duration>2.793</duration>
          <className>hudson.matrix.MatrixProjectTest</className>
          <testName>testFingerprinting</testName>
          <skipped>false</skipped>
          <failedSince>0</failedSince>
        </case>
      </cases>
    </suite>
    <suite>
      <file>/home/jenkins/slave/workspace/jenkins_main_trunk/test/target/surefire-reports/hudson.matrix.MatrixProjectTest.testLabelAxes.604.xml</file>
      <name>hudson.matrix.MatrixProjectTest.testLabelAxes</name>
      <stdout>=== Starting MatrixProjectTest.testLabelAxes
[slave0&amp;&amp;slave3, slave0&amp;&amp;slave2, slave1&amp;&amp;slave2, slave1&amp;&amp;slave3]
</stdout>
      <stderr>Dec 11, 2012 11:00:15 AM org.mortbay.log.Slf4jLog info
INFO: jetty-6.1.26
Dec 11, 2012 11:00:15 AM org.mortbay.log.Slf4jLog info
INFO: NO JSP Support for , did not find org.apache.jasper.servlet.JspServlet
Dec 11, 2012 11:00:15 AM org.mortbay.log.Slf4jLog info
INFO: Started SocketConnector@0.0.0.0:41047
Dec 11, 2012 11:00:15 AM jenkins.InitReactorRunner$1 onAttained
INFO: Started initialization
Dec 11, 2012 11:00:15 AM jenkins.InitReactorRunner$1 onAttained
INFO: Listed all plugins
Dec 11, 2012 
...[truncated 993 chars]...
hudson.PluginWrapper stop
INFO: Stopping ant
Dec 11, 2012 11:00:16 AM hudson.PluginWrapper stop
INFO: Stopping javadoc
Dec 11, 2012 11:00:16 AM hudson.PluginWrapper stop
INFO: Stopping subversion
Dec 11, 2012 11:00:16 AM hudson.PluginWrapper stop
INFO: Stopping cvs
Dec 11, 2012 11:00:16 AM hudson.PluginWrapper stop
INFO: Stopping maven-plugin
Dec 11, 2012 11:00:16 AM hudson.PluginWrapper stop
INFO: Stopping translation
Dec 11, 2012 11:00:16 AM hudson.PluginWrapper stop
INFO: Stopping ssh-slaves
</stderr>
      <duration>1.931</duration>
      <timestamp>2012-12-11T11:00:15</timestamp>
      <cases>
        <case>
          <duration>1.931</duration>
          <className>hudson.matrix.MatrixProjectTest</className>
          <testName>testLabelAxes</testName>
          <skipped>false</skipped>
          <failedSince>0</failedSince>
        </case>
      </cases>
    </suite>
    <suite>
      <file>/home/jenkins/slave/workspace/jenkins_main_trunk/test/target/surefire-reports/hudson.matrix.MatrixProjectTest.testLayout1.602.xml</file>
      <name>hudson.matrix.MatrixProjectTest.testLayout1</name>
      <stdout>=== Starting MatrixProjectTest.testLayout1
</stdout>
      <stderr>Dec 11, 2012 11:00:03 AM org.mortbay.log.Slf4jLog info
INFO: jetty-6.1.26
Dec 11, 2012 11:00:03 AM org.mortbay.log.Slf4jLog info
INFO: NO JSP Support for , did not find org.apache.jasper.servlet.JspServlet
Dec 11, 2012 11:00:03 AM org.mortbay.log.Slf4jLog info
INFO: Started SocketConnector@0.0.0.0:52326
Dec 11, 2012 11:00:03 AM jenkins.InitReactorRunner$1 onAttained
INFO: Started initialization
Dec 11, 2012 11:00:03 AM jenkins.InitReactorRunner$1 onAttained
INFO: Listed all plugins
Dec 11, 2012 
...[truncated 3473 chars]...
hudson.PluginWrapper stop
INFO: Stopping ant
Dec 11, 2012 11:00:08 AM hudson.PluginWrapper stop
INFO: Stopping javadoc
Dec 11, 2012 11:00:08 AM hudson.PluginWrapper stop
INFO: Stopping subversion
Dec 11, 2012 11:00:08 AM hudson.PluginWrapper stop
INFO: Stopping cvs
Dec 11, 2012 11:00:08 AM hudson.PluginWrapper stop
INFO: Stopping maven-plugin
Dec 11, 2012 11:00:08 AM hudson.PluginWrapper stop
INFO: Stopping translation
Dec 11, 2012 11:00:08 AM hudson.PluginWrapper stop
INFO: Stopping ssh-slaves
</stderr>
      <duration>6.362</duration>
      <timestamp>2012-12-11T11:00:03</timestamp>
      <cases>
        <case>
          <duration>6.362</duration>
          <className>hudson.matrix.MatrixProjectTest</className>
          <testName>testLayout1</testName>
          <skipped>false</skipped>
          <failedSince>0</failedSince>
        </case>
      </cases>
    </suite>
    <suite>
      <file>/home/jenkins/slave/workspace/jenkins_main_trunk/test/target/surefire-reports/hudson.matrix.MatrixProjectTest.testLayout2.603.xml</file>
      <name>hudson.matrix.MatrixProjectTest.testLayout2</name>
      <stdout>=== Starting MatrixProjectTest.testLayout2
</stdout>
      <stderr>Dec 11, 2012 11:00:09 AM org.mortbay.log.Slf4jLog info
INFO: jetty-6.1.26
Dec 11, 2012 11:00:09 AM org.mortbay.log.Slf4jLog info
INFO: NO JSP Support for , did not find org.apache.jasper.servlet.JspServlet
Dec 11, 2012 11:00:09 AM org.mortbay.log.Slf4jLog info
INFO: Started SocketConnector@0.0.0.0:52136
Dec 11, 2012 11:00:09 AM jenkins.InitReactorRunner$1 onAttained
INFO: Started initialization
Dec 11, 2012 11:00:09 AM jenkins.InitReactorRunner$1 onAttained
INFO: Listed all plugins
Dec 11, 2012 
...[truncated 3473 chars]...
hudson.PluginWrapper stop
INFO: Stopping ant
Dec 11, 2012 11:00:14 AM hudson.PluginWrapper stop
INFO: Stopping javadoc
Dec 11, 2012 11:00:14 AM hudson.PluginWrapper stop
INFO: Stopping subversion
Dec 11, 2012 11:00:14 AM hudson.PluginWrapper stop
INFO: Stopping cvs
Dec 11, 2012 11:00:14 AM hudson.PluginWrapper stop
INFO: Stopping maven-plugin
Dec 11, 2012 11:00:14 AM hudson.PluginWrapper stop
INFO: Stopping translation
Dec 11, 2012 11:00:14 AM hudson.PluginWrapper stop
INFO: Stopping ssh-slaves
</stderr>
      <duration>5.37</duration>
      <timestamp>2012-12-11T11:00:09</timestamp>
      <cases>
        <case>
          <duration>5.37</duration>
          <className>hudson.matrix.MatrixProjectTest</className>
          <testName>testLayout2</testName>
          <skipped>false</skipped>
          <failedSince>0</failedSince>
        </case>
      </cases>
    </suite>
    <suite>
      <file>/home/jenkins/slave/workspace/jenkins_main_trunk/test/target/surefire-reports/hudson.matrix.MatrixProjectTest.testParameterActions.609.xml</file>
      <name>hudson.matrix.MatrixProjectTest.testParameterActions</name>
      <stdout>=== Starting MatrixProjectTest.testParameterActions
</stdout>
      <stderr>Dec 11, 2012 11:00:38 AM org.mortbay.log.Slf4jLog info
INFO: jetty-6.1.26
Dec 11, 2012 11:00:38 AM org.mortbay.log.Slf4jLog info
INFO: NO JSP Support for , did not find org.apache.jasper.servlet.JspServlet
Dec 11, 2012 11:00:38 AM org.mortbay.log.Slf4jLog info
INFO: Started SocketConnector@0.0.0.0:40316
Dec 11, 2012 11:00:38 AM jenkins.InitReactorRunner$1 onAttained
INFO: Started initialization
Dec 11, 2012 11:00:38 AM jenkins.InitReactorRunner$1 onAttained
INFO: Listed all plugins
Dec 11, 2012 
...[truncated 1561 chars]...
hudson.PluginWrapper stop
INFO: Stopping ant
Dec 11, 2012 11:00:40 AM hudson.PluginWrapper stop
INFO: Stopping javadoc
Dec 11, 2012 11:00:40 AM hudson.PluginWrapper stop
INFO: Stopping subversion
Dec 11, 2012 11:00:40 AM hudson.PluginWrapper stop
INFO: Stopping cvs
Dec 11, 2012 11:00:40 AM hudson.PluginWrapper stop
INFO: Stopping maven-plugin
Dec 11, 2012 11:00:40 AM hudson.PluginWrapper stop
INFO: Stopping translation
Dec 11, 2012 11:00:40 AM hudson.PluginWrapper stop
INFO: Stopping ssh-slaves
</stderr>
      <duration>2.847</duration>
      <timestamp>2012-12-11T11:00:38</timestamp>
      <cases>
        <case>
          <duration>2.847</duration>
          <className>hudson.matrix.MatrixProjectTest</className>
          <testName>testParameterActions</testName>
          <skipped>false</skipped>
          <failedSince>0</failedSince>
        </case>
      </cases>
    </suite>
    <suite>
      <file>/home/jenkins/slave/workspace/jenkins_main_trunk/test/target/surefire-reports/hudson.matrix.MatrixProjectTest.testQuietDownDeadlock.605.xml</file>
      <name>hudson.matrix.MatrixProjectTest.testQuietDownDeadlock</name>
      <stdout>=== Starting MatrixProjectTest.testQuietDownDeadlock
</stdout>
      <stderr>Dec 11, 2012 11:00:17 AM org.mortbay.log.Slf4jLog info
INFO: jetty-6.1.26
Dec 11, 2012 11:00:17 AM org.mortbay.log.Slf4jLog info
INFO: NO JSP Support for , did not find org.apache.jasper.servlet.JspServlet
Dec 11, 2012 11:00:17 AM org.mortbay.log.Slf4jLog info
INFO: Started SocketConnector@0.0.0.0:42323
Dec 11, 2012 11:00:17 AM jenkins.InitReactorRunner$1 onAttained
INFO: Started initialization
Dec 11, 2012 11:00:17 AM jenkins.InitReactorRunner$1 onAttained
INFO: Listed all plugins
Dec 11, 2012 
...[truncated 1307 chars]...
hudson.PluginWrapper stop
INFO: Stopping ant
Dec 11, 2012 11:00:23 AM hudson.PluginWrapper stop
INFO: Stopping javadoc
Dec 11, 2012 11:00:23 AM hudson.PluginWrapper stop
INFO: Stopping subversion
Dec 11, 2012 11:00:23 AM hudson.PluginWrapper stop
INFO: Stopping cvs
Dec 11, 2012 11:00:23 AM hudson.PluginWrapper stop
INFO: Stopping maven-plugin
Dec 11, 2012 11:00:23 AM hudson.PluginWrapper stop
INFO: Stopping translation
Dec 11, 2012 11:00:23 AM hudson.PluginWrapper stop
INFO: Stopping ssh-slaves
</stderr>
      <duration>6.914</duration>
      <timestamp>2012-12-11T11:00:17</timestamp>
      <cases>
        <case>
          <duration>6.914</duration>
          <className>hudson.matrix.MatrixProjectTest</className>
          <testName>testQuietDownDeadlock</testName>
          <skipped>false</skipped>
          <failedSince>0</failedSince>
        </case>
      </cases>
    </suite>
    <suite>
      <file>/home/jenkins/slave/workspace/jenkins_main_trunk/test/target/surefire-reports/hudson.matrix.MatrixProjectTest.testTouchStone.600.xml</file>
      <name>hudson.matrix.MatrixProjectTest.testTouchStone</name>
      <stdout>=== Starting MatrixProjectTest.testTouchStone
</stdout>
      <stderr>Dec 11, 2012 10:59:55 AM org.mortbay.log.Slf4jLog info
INFO: jetty-6.1.26
Dec 11, 2012 10:59:55 AM org.mortbay.log.Slf4jLog info
INFO: NO JSP Support for , did not find org.apache.jasper.servlet.JspServlet
Dec 11, 2012 10:59:55 AM org.mortbay.log.Slf4jLog info
INFO: Started SocketConnector@0.0.0.0:49050
Dec 11, 2012 10:59:55 AM jenkins.InitReactorRunner$1 onAttained
INFO: Started initialization
Dec 11, 2012 10:59:55 AM jenkins.InitReactorRunner$1 onAttained
INFO: Listed all plugins
Dec 11, 2012 
...[truncated 1898 chars]...
hudson.PluginWrapper stop
INFO: Stopping ant
Dec 11, 2012 11:00:00 AM hudson.PluginWrapper stop
INFO: Stopping javadoc
Dec 11, 2012 11:00:00 AM hudson.PluginWrapper stop
INFO: Stopping subversion
Dec 11, 2012 11:00:00 AM hudson.PluginWrapper stop
INFO: Stopping cvs
Dec 11, 2012 11:00:00 AM hudson.PluginWrapper stop
INFO: Stopping maven-plugin
Dec 11, 2012 11:00:00 AM hudson.PluginWrapper stop
INFO: Stopping translation
Dec 11, 2012 11:00:00 AM hudson.PluginWrapper stop
INFO: Stopping ssh-slaves
</stderr>
      <duration>5.064</duration>
      <timestamp>2012-12-11T10:59:55</timestamp>
      <cases>
        <case>
          <duration>5.064</duration>
          <className>hudson.matrix.MatrixProjectTest</className>
          <testName>testTouchStone</testName>
          <skipped>false</skipped>
          <failedSince>0</failedSince>
        </case>
      </cases>
    </suite>
    <suite>
      <file>/home/jenkins/slave/workspace/jenkins_main_trunk/test/target/surefire-reports/hudson.matrix.MatrixProjectTest.testTrickyNodeName.606.xml</file>
      <name>hudson.matrix.MatrixProjectTest.testTrickyNodeName</name>
      <stdout>=== Starting MatrixProjectTest.testTrickyNodeName
</stdout>
      <stderr>Dec 11, 2012 11:00:23 AM org.mortbay.log.Slf4jLog info
INFO: jetty-6.1.26
Dec 11, 2012 11:00:23 AM org.mortbay.log.Slf4jLog info
INFO: NO JSP Support for , did not find org.apache.jasper.servlet.JspServlet
Dec 11, 2012 11:00:23 AM org.mortbay.log.Slf4jLog info
INFO: Started SocketConnector@0.0.0.0:49405
Dec 11, 2012 11:00:23 AM jenkins.InitReactorRunner$1 onAttained
INFO: Started initialization
Dec 11, 2012 11:00:23 AM jenkins.InitReactorRunner$1 onAttained
INFO: Listed all plugins
Dec 11, 2012 
...[truncated 7053 chars]...
hudson.PluginWrapper stop
INFO: Stopping ant
Dec 11, 2012 11:00:30 AM hudson.PluginWrapper stop
INFO: Stopping javadoc
Dec 11, 2012 11:00:30 AM hudson.PluginWrapper stop
INFO: Stopping subversion
Dec 11, 2012 11:00:30 AM hudson.PluginWrapper stop
INFO: Stopping cvs
Dec 11, 2012 11:00:30 AM hudson.PluginWrapper stop
INFO: Stopping maven-plugin
Dec 11, 2012 11:00:30 AM hudson.PluginWrapper stop
INFO: Stopping translation
Dec 11, 2012 11:00:30 AM hudson.PluginWrapper stop
INFO: Stopping ssh-slaves
</stderr>
      <duration>7.637</duration>
      <timestamp>2012-12-11T11:00:23</timestamp>
      <cases>
        <case>
          <duration>7.637</duration>
          <className>hudson.matrix.MatrixProjectTest</className>
          <testName>testTrickyNodeName</testName>
          <skipped>false</skipped>
          <failedSince>0</failedSince>
        </case>
      </cases>
    </suite>
    <suite>
      <file>/home/jenkins/slave/workspace/jenkins_main_trunk/test/target/surefire-reports/hudson.matrix.MatrixProjectTest.testTwoFileParams.607.xml</file>
      <name>hudson.matrix.MatrixProjectTest.testTwoFileParams</name>
      <stdout>=== Starting MatrixProjectTest.testTwoFileParams
</stdout>
      <stderr>Dec 11, 2012 11:00:31 AM org.mortbay.log.Slf4jLog info
INFO: jetty-6.1.26
Dec 11, 2012 11:00:31 AM org.mortbay.log.Slf4jLog info
INFO: NO JSP Support for , did not find org.apache.jasper.servlet.JspServlet
Dec 11, 2012 11:00:31 AM org.mortbay.log.Slf4jLog info
INFO: Started SocketConnector@0.0.0.0:55689
Dec 11, 2012 11:00:31 AM jenkins.InitReactorRunner$1 onAttained
INFO: Started initialization
Dec 11, 2012 11:00:31 AM jenkins.InitReactorRunner$1 onAttained
INFO: Listed all plugins
Dec 11, 2012 
...[truncated 1871 chars]...
hudson.PluginWrapper stop
INFO: Stopping ant
Dec 11, 2012 11:00:33 AM hudson.PluginWrapper stop
INFO: Stopping javadoc
Dec 11, 2012 11:00:33 AM hudson.PluginWrapper stop
INFO: Stopping subversion
Dec 11, 2012 11:00:33 AM hudson.PluginWrapper stop
INFO: Stopping cvs
Dec 11, 2012 11:00:33 AM hudson.PluginWrapper stop
INFO: Stopping maven-plugin
Dec 11, 2012 11:00:33 AM hudson.PluginWrapper stop
INFO: Stopping translation
Dec 11, 2012 11:00:33 AM hudson.PluginWrapper stop
INFO: Stopping ssh-slaves
</stderr>
      <duration>2.87</duration>
      <timestamp>2012-12-11T11:00:31</timestamp>
      <cases>
        <case>
          <duration>2.87</duration>
          <className>hudson.matrix.MatrixProjectTest</className>
          <testName>testTwoFileParams</testName>
          <skipped>false</skipped>
          <failedSince>0</failedSince>
        </case>
      </cases>
    </suite>
    <suite>
      <file>/home/jenkins/slave/workspace/jenkins_main_trunk/test/target/surefire-reports/hudson.matrix.MatrixProjectTest.testUpgrade.610.xml</file>
      <name>hudson.matrix.MatrixProjectTest.testUpgrade</name>
      <stdout>=== Starting MatrixProjectTest.testUpgrade
</stdout>
      <stderr>Dec 11, 2012 11:00:41 AM org.mortbay.log.Slf4jLog info
INFO: jetty-6.1.26
Dec 11, 2012 11:00:41 AM org.mortbay.log.Slf4jLog info
INFO: NO JSP Support for , did not find org.apache.jasper.servlet.JspServlet
Dec 11, 2012 11:00:41 AM org.mortbay.log.Slf4jLog info
INFO: Started SocketConnector@0.0.0.0:34040
Dec 11, 2012 11:00:41 AM jenkins.InitReactorRunner$1 onAttained
INFO: Started initialization
Dec 11, 2012 11:00:41 AM jenkins.InitReactorRunner$1 onAttained
INFO: Listed all plugins
Dec 11, 2012 
...[truncated 993 chars]...
hudson.PluginWrapper stop
INFO: Stopping ant
Dec 11, 2012 11:00:43 AM hudson.PluginWrapper stop
INFO: Stopping javadoc
Dec 11, 2012 11:00:43 AM hudson.PluginWrapper stop
INFO: Stopping subversion
Dec 11, 2012 11:00:43 AM hudson.PluginWrapper stop
INFO: Stopping cvs
Dec 11, 2012 11:00:43 AM hudson.PluginWrapper stop
INFO: Stopping maven-plugin
Dec 11, 2012 11:00:43 AM hudson.PluginWrapper stop
INFO: Stopping translation
Dec 11, 2012 11:00:43 AM hudson.PluginWrapper stop
INFO: Stopping ssh-slaves
</stderr>
      <duration>2.243</duration>
      <timestamp>2012-12-11T11:00:41</timestamp>
      <cases>
        <case>
          <duration>2.243</duration>
          <className>hudson.matrix.MatrixProjectTest</className>
          <testName>testUpgrade</testName>
          <skipped>false</skipped>
          <failedSince>0</failedSince>
        </case>
      </cases>
    </suite>
    <suite>
      <file>/home/jenkins/slave/workspace/jenkins_main_trunk/test/target/surefire-reports/hudson.matrix.MatrixTest.testApi.613.xml</file>
      <name>hudson.matrix.MatrixTest.testApi</name>
      <stdout>=== Starting MatrixTest.testApi
</stdout>
      <stderr>Dec 11, 2012 11:00:46 AM org.mortbay.log.Slf4jLog info
INFO: jetty-6.1.26
Dec 11, 2012 11:00:46 AM org.mortbay.log.Slf4jLog info
INFO: NO JSP Support for , did not find org.apache.jasper.servlet.JspServlet
Dec 11, 2012 11:00:46 AM org.mortbay.log.Slf4jLog info
INFO: Started SocketConnector@0.0.0.0:35883
Dec 11, 2012 11:00:46 AM jenkins.InitReactorRunner$1 onAttained
INFO: Started initialization
Dec 11, 2012 11:00:46 AM jenkins.InitReactorRunner$1 onAttained
INFO: Listed all plugins
Dec 11, 2012 
...[truncated 993 chars]...
hudson.PluginWrapper stop
INFO: Stopping ant
Dec 11, 2012 11:00:48 AM hudson.PluginWrapper stop
INFO: Stopping javadoc
Dec 11, 2012 11:00:48 AM hudson.PluginWrapper stop
INFO: Stopping subversion
Dec 11, 2012 11:00:48 AM hudson.PluginWrapper stop
INFO: Stopping cvs
Dec 11, 2012 11:00:48 AM hudson.PluginWrapper stop
INFO: Stopping maven-plugin
Dec 11, 2012 11:00:48 AM hudson.PluginWrapper stop
INFO: Stopping translation
Dec 11, 2012 11:00:48 AM hudson.PluginWrapper stop
INFO: Stopping ssh-slaves
</stderr>
      <duration>2.319</duration>
      <timestamp>2012-12-11T11:00:46</timestamp>
      <cases>
        <case>
          <duration>2.319</duration>
          <className>hudson.matrix.MatrixTest</className>
          <testName>testApi</testName>
          <skipped>false</skipped>
          <failedSince>0</failedSince>
        </case>
      </cases>
    </suite>
    <suite>
      <file>/home/jenkins/slave/workspace/jenkins_main_trunk/test/target/surefire-reports/hudson.matrix.MatrixTest.testConfigurationACL.612.xml</file>
      <name>hudson.matrix.MatrixTest.testConfigurationACL</name>
      <stdout>=== Starting MatrixTest.testConfigurationACL
</stdout>
      <stderr>Dec 11, 2012 11:00:45 AM org.mortbay.log.Slf4jLog info
INFO: jetty-6.1.26
Dec 11, 2012 11:00:45 AM org.mortbay.log.Slf4jLog info
INFO: NO JSP Support for , did not find org.apache.jasper.servlet.JspServlet
Dec 11, 2012 11:00:45 AM org.mortbay.log.Slf4jLog info
INFO: Started SocketConnector@0.0.0.0:54069
Dec 11, 2012 11:00:45 AM jenkins.InitReactorRunner$1 onAttained
INFO: Started initialization
Dec 11, 2012 11:00:45 AM jenkins.InitReactorRunner$1 onAttained
INFO: Listed all plugins
Dec 11, 2012 
...[truncated 993 chars]...
hudson.PluginWrapper stop
INFO: Stopping ant
Dec 11, 2012 11:00:46 AM hudson.PluginWrapper stop
INFO: Stopping javadoc
Dec 11, 2012 11:00:46 AM hudson.PluginWrapper stop
INFO: Stopping subversion
Dec 11, 2012 11:00:46 AM hudson.PluginWrapper stop
INFO: Stopping cvs
Dec 11, 2012 11:00:46 AM hudson.PluginWrapper stop
INFO: Stopping maven-plugin
Dec 11, 2012 11:00:46 AM hudson.PluginWrapper stop
INFO: Stopping translation
Dec 11, 2012 11:00:46 AM hudson.PluginWrapper stop
INFO: Stopping ssh-slaves
</stderr>
      <duration>1.513</duration>
      <timestamp>2012-12-11T11:00:45</timestamp>
      <cases>
        <case>
          <duration>1.513</duration>
          <className>hudson.matrix.MatrixTest</className>
          <testName>testConfigurationACL</testName>
          <skipped>false</skipped>
          <failedSince>0</failedSince>
        </case>
      </cases>
    </suite>
    <suite>
      <file>/home/jenkins/slave/workspace/jenkins_main_trunk/test/target/surefire-reports/hudson.matrix.MatrixTest.testSpaceInUrl.611.xml</file>
      <name>hudson.matrix.MatrixTest.testSpaceInUrl</name>
      <stdout>=== Starting MatrixTest.testSpaceInUrl
</stdout>
      <stderr>Dec 11, 2012 11:00:43 AM org.mortbay.log.Slf4jLog info
INFO: jetty-6.1.26
Dec 11, 2012 11:00:43 AM org.mortbay.log.Slf4jLog info
INFO: NO JSP Support for , did not find org.apache.jasper.servlet.JspServlet
Dec 11, 2012 11:00:43 AM org.mortbay.log.Slf4jLog info
INFO: Started SocketConnector@0.0.0.0:50212
Dec 11, 2012 11:00:43 AM jenkins.InitReactorRunner$1 onAttained
INFO: Started initialization
Dec 11, 2012 11:00:43 AM jenkins.InitReactorRunner$1 onAttained
INFO: Listed all plugins
Dec 11, 2012 
...[truncated 993 chars]...
hudson.PluginWrapper stop
INFO: Stopping ant
Dec 11, 2012 11:00:44 AM hudson.PluginWrapper stop
INFO: Stopping javadoc
Dec 11, 2012 11:00:44 AM hudson.PluginWrapper stop
INFO: Stopping subversion
Dec 11, 2012 11:00:44 AM hudson.PluginWrapper stop
INFO: Stopping cvs
Dec 11, 2012 11:00:44 AM hudson.PluginWrapper stop
INFO: Stopping maven-plugin
Dec 11, 2012 11:00:44 AM hudson.PluginWrapper stop
INFO: Stopping translation
Dec 11, 2012 11:00:44 AM hudson.PluginWrapper stop
INFO: Stopping ssh-slaves
</stderr>
      <duration>1.66</duration>
      <timestamp>2012-12-11T11:00:43</timestamp>
      <cases>
        <case>
          <duration>1.66</duration>
          <className>hudson.matrix.MatrixTest</className>
          <testName>testSpaceInUrl</testName>
          <skipped>false</skipped>
          <failedSince>0</failedSince>
        </case>
      </cases>
    </suite>
    <suite>
      <file>/home/jenkins/slave/workspace/jenkins_main_trunk/test/target/surefire-reports/hudson.maven.AbortedMavenBuildTest.testBuildWrapperSeesAbortedStatus.614.xml</file>
      <name>hudson.maven.AbortedMavenBuildTest.testBuildWrapperSeesAbortedStatus</name>
      <stdout>=== Starting AbortedMavenBuildTest.testBuildWrapperSeesAbortedStatus
</stdout>
      <stderr>Dec 11, 2012 11:00:49 AM org.mortbay.log.Slf4jLog info
INFO: jetty-6.1.26
Dec 11, 2012 11:00:49 AM org.mortbay.log.Slf4jLog info
INFO: NO JSP Support for , did not find org.apache.jasper.servlet.JspServlet
Dec 11, 2012 11:00:49 AM org.mortbay.log.Slf4jLog info
INFO: Started SocketConnector@0.0.0.0:39685
Dec 11, 2012 11:00:49 AM jenkins.InitReactorRunner$1 onAttained
INFO: Started initialization
Dec 11, 2012 11:00:49 AM jenkins.InitReactorRunner$1 onAttained
INFO: Listed all plugins
Dec 11, 2012 
...[truncated 1681 chars]...
hudson.PluginWrapper stop
INFO: Stopping ant
Dec 11, 2012 11:00:57 AM hudson.PluginWrapper stop
INFO: Stopping javadoc
Dec 11, 2012 11:00:57 AM hudson.PluginWrapper stop
INFO: Stopping subversion
Dec 11, 2012 11:00:57 AM hudson.PluginWrapper stop
INFO: Stopping cvs
Dec 11, 2012 11:00:57 AM hudson.PluginWrapper stop
INFO: Stopping maven-plugin
Dec 11, 2012 11:00:57 AM hudson.PluginWrapper stop
INFO: Stopping translation
Dec 11, 2012 11:00:57 AM hudson.PluginWrapper stop
INFO: Stopping ssh-slaves
</stderr>
      <duration>9.05</duration>
      <timestamp>2012-12-11T11:00:49</timestamp>
      <cases>
        <case>
          <duration>9.05</duration>
          <className>hudson.maven.AbortedMavenBuildTest</className>
          <testName>testBuildWrapperSeesAbortedStatus</testName>
          <skipped>false</skipped>
          <failedSince>0</failedSince>
        </case>
      </cases>
    </suite>
    <suite>
      <file>/home/jenkins/slave/workspace/jenkins_main_trunk/test/target/surefire-reports/hudson.maven.Maven3BuildTest.testBuildTimeStampProperty.623.xml</file>
      <name>hudson.maven.Maven3BuildTest.testBuildTimeStampProperty</name>
      <stdout>=== Starting Maven3BuildTest.testBuildTimeStampProperty
</stdout>
      <stderr>Dec 11, 2012 11:04:35 AM org.mortbay.log.Slf4jLog info
INFO: jetty-6.1.26
Dec 11, 2012 11:04:35 AM org.mortbay.log.Slf4jLog info
INFO: NO JSP Support for , did not find org.apache.jasper.servlet.JspServlet
Dec 11, 2012 11:04:35 AM org.mortbay.log.Slf4jLog info
INFO: Started SocketConnector@0.0.0.0:58244
Dec 11, 2012 11:04:35 AM jenkins.InitReactorRunner$1 onAttained
INFO: Started initialization
Dec 11, 2012 11:04:35 AM jenkins.InitReactorRunner$1 onAttained
INFO: Listed all plugins
Dec 11, 2012 
...[truncated 1095 chars]...
hudson.PluginWrapper stop
INFO: Stopping ant
Dec 11, 2012 11:04:43 AM hudson.PluginWrapper stop
INFO: Stopping javadoc
Dec 11, 2012 11:04:43 AM hudson.PluginWrapper stop
INFO: Stopping subversion
Dec 11, 2012 11:04:43 AM hudson.PluginWrapper stop
INFO: Stopping cvs
Dec 11, 2012 11:04:43 AM hudson.PluginWrapper stop
INFO: Stopping maven-plugin
Dec 11, 2012 11:04:43 AM hudson.PluginWrapper stop
INFO: Stopping translation
Dec 11, 2012 11:04:43 AM hudson.PluginWrapper stop
INFO: Stopping ssh-slaves
</stderr>
      <duration>8.399</duration>
      <timestamp>2012-12-11T11:04:35</timestamp>
      <cases>
        <case>
          <duration>8.399</duration>
          <className>hudson.maven.Maven3BuildTest</className>
          <testName>testBuildTimeStampProperty</testName>
          <skipped>false</skipped>
          <failedSince>0</failedSince>
        </case>
      </cases>
    </suite>
    <suite>
      <file>/home/jenkins/slave/workspace/jenkins_main_trunk/test/target/surefire-reports/hudson.maven.Maven3BuildTest.testDuplicateTestResults.624.xml</file>
      <name>hudson.maven.Maven3BuildTest.testDuplicateTestResults</name>
      <stdout>=== Starting Maven3BuildTest.testDuplicateTestResults
</stdout>
      <stderr>Dec 11, 2012 11:04:43 AM org.mortbay.log.Slf4jLog info
INFO: jetty-6.1.26
Dec 11, 2012 11:04:43 AM org.mortbay.log.Slf4jLog info
INFO: NO JSP Support for , did not find org.apache.jasper.servlet.JspServlet
Dec 11, 2012 11:04:43 AM org.mortbay.log.Slf4jLog info
INFO: Started SocketConnector@0.0.0.0:57355
Dec 11, 2012 11:04:43 AM jenkins.InitReactorRunner$1 onAttained
INFO: Started initialization
Dec 11, 2012 11:04:43 AM jenkins.InitReactorRunner$1 onAttained
INFO: Listed all plugins
Dec 11, 2012 
...[truncated 1095 chars]...
hudson.PluginWrapper stop
INFO: Stopping ant
Dec 11, 2012 11:04:55 AM hudson.PluginWrapper stop
INFO: Stopping javadoc
Dec 11, 2012 11:04:55 AM hudson.PluginWrapper stop
INFO: Stopping subversion
Dec 11, 2012 11:04:55 AM hudson.PluginWrapper stop
INFO: Stopping cvs
Dec 11, 2012 11:04:55 AM hudson.PluginWrapper stop
INFO: Stopping maven-plugin
Dec 11, 2012 11:04:55 AM hudson.PluginWrapper stop
INFO: Stopping translation
Dec 11, 2012 11:04:55 AM hudson.PluginWrapper stop
INFO: Stopping ssh-slaves
</stderr>
      <duration>11.921</duration>
      <timestamp>2012-12-11T11:04:43</timestamp>
      <cases>
        <case>
          <duration>11.921</duration>
          <className>hudson.maven.Maven3BuildTest</className>
          <testName>testDuplicateTestResults</testName>
          <skipped>false</skipped>
          <failedSince>0</failedSince>
        </case>
      </cases>
    </suite>
    <suite>
      <file>/home/jenkins/slave/workspace/jenkins_main_trunk/test/target/surefire-reports/hudson.maven.Maven3BuildTest.testMaven3BuildWrongInheritence.619.xml</file>
      <name>hudson.maven.Maven3BuildTest.testMaven3BuildWrongInheritence</name>
      <stdout>=== Starting Maven3BuildTest.testMaven3BuildWrongInheritence
mmsb.getProject().getModules []
</stdout>
      <stderr>Dec 11, 2012 11:03:52 AM org.mortbay.log.Slf4jLog info
INFO: jetty-6.1.26
Dec 11, 2012 11:03:52 AM org.mortbay.log.Slf4jLog info
INFO: NO JSP Support for , did not find org.apache.jasper.servlet.JspServlet
Dec 11, 2012 11:03:52 AM org.mortbay.log.Slf4jLog info
INFO: Started SocketConnector@0.0.0.0:51323
Dec 11, 2012 11:03:52 AM jenkins.InitReactorRunner$1 onAttained
INFO: Started initialization
Dec 11, 2012 11:03:52 AM jenkins.InitReactorRunner$1 onAttained
INFO: Listed all plugins
Dec 11, 2012 
...[truncated 1095 chars]...
hudson.PluginWrapper stop
INFO: Stopping ant
Dec 11, 2012 11:04:06 AM hudson.PluginWrapper stop
INFO: Stopping javadoc
Dec 11, 2012 11:04:06 AM hudson.PluginWrapper stop
INFO: Stopping subversion
Dec 11, 2012 11:04:06 AM hudson.PluginWrapper stop
INFO: Stopping cvs
Dec 11, 2012 11:04:06 AM hudson.PluginWrapper stop
INFO: Stopping maven-plugin
Dec 11, 2012 11:04:06 AM hudson.PluginWrapper stop
INFO: Stopping translation
Dec 11, 2012 11:04:06 AM hudson.PluginWrapper stop
INFO: Stopping ssh-slaves
</stderr>
      <duration>14.976</duration>
      <timestamp>2012-12-11T11:03:52</timestamp>
      <cases>
        <case>
          <duration>14.976</duration>
          <className>hudson.maven.Maven3BuildTest</className>
          <testName>testMaven3BuildWrongInheritence</testName>
          <skipped>false</skipped>
          <failedSince>0</failedSince>
        </case>
      </cases>
    </suite>
    <suite>
      <file>/home/jenkins/slave/workspace/jenkins_main_trunk/test/target/surefire-reports/hudson.maven.Maven3BuildTest.testMaven3BuildWrongScope.618.xml</file>
      <name>hudson.maven.Maven3BuildTest.testMaven3BuildWrongScope</name>
      <stdout>=== Starting Maven3BuildTest.testMaven3BuildWrongScope
mmsb.getProject().getModules []
</stdout>
      <stderr>Dec 11, 2012 11:03:49 AM org.mortbay.log.Slf4jLog info
INFO: jetty-6.1.26
Dec 11, 2012 11:03:49 AM org.mortbay.log.Slf4jLog info
INFO: NO JSP Support for , did not find org.apache.jasper.servlet.JspServlet
Dec 11, 2012 11:03:49 AM org.mortbay.log.Slf4jLog info
INFO: Started SocketConnector@0.0.0.0:52495
Dec 11, 2012 11:03:49 AM jenkins.InitReactorRunner$1 onAttained
INFO: Started initialization
Dec 11, 2012 11:03:49 AM jenkins.InitReactorRunner$1 onAttained
INFO: Listed all plugins
Dec 11, 2012 
...[truncated 1095 chars]...
hudson.PluginWrapper stop
INFO: Stopping ant
Dec 11, 2012 11:03:51 AM hudson.PluginWrapper stop
INFO: Stopping javadoc
Dec 11, 2012 11:03:51 AM hudson.PluginWrapper stop
INFO: Stopping subversion
Dec 11, 2012 11:03:51 AM hudson.PluginWrapper stop
INFO: Stopping cvs
Dec 11, 2012 11:03:51 AM hudson.PluginWrapper stop
INFO: Stopping maven-plugin
Dec 11, 2012 11:03:51 AM hudson.PluginWrapper stop
INFO: Stopping translation
Dec 11, 2012 11:03:51 AM hudson.PluginWrapper stop
INFO: Stopping ssh-slaves
</stderr>
      <duration>2.141</duration>
      <timestamp>2012-12-11T11:03:49</timestamp>
      <cases>
        <case>
          <duration>2.141</duration>
          <className>hudson.maven.Maven3BuildTest</className>
          <testName>testMaven3BuildWrongScope</testName>
          <skipped>false</skipped>
          <failedSince>0</failedSince>
        </case>
      </cases>
    </suite>
    <suite>
      <file>/home/jenkins/slave/workspace/jenkins_main_trunk/test/target/surefire-reports/hudson.maven.Maven3BuildTest.testMavenSeveralModulesInDirectory.620.xml</file>
      <name>hudson.maven.Maven3BuildTest.testMavenSeveralModulesInDirectory</name>
      <stdout>=== Starting Maven3BuildTest.testMavenSeveralModulesInDirectory
</stdout>
      <stderr>Dec 11, 2012 11:04:07 AM org.mortbay.log.Slf4jLog info
INFO: jetty-6.1.26
Dec 11, 2012 11:04:07 AM org.mortbay.log.Slf4jLog info
INFO: NO JSP Support for , did not find org.apache.jasper.servlet.JspServlet
Dec 11, 2012 11:04:07 AM org.mortbay.log.Slf4jLog info
INFO: Started SocketConnector@0.0.0.0:52809
Dec 11, 2012 11:04:07 AM jenkins.InitReactorRunner$1 onAttained
INFO: Started initialization
Dec 11, 2012 11:04:07 AM jenkins.InitReactorRunner$1 onAttained
INFO: Listed all plugins
Dec 11, 2012 
...[truncated 1095 chars]...
hudson.PluginWrapper stop
INFO: Stopping ant
Dec 11, 2012 11:04:15 AM hudson.PluginWrapper stop
INFO: Stopping javadoc
Dec 11, 2012 11:04:15 AM hudson.PluginWrapper stop
INFO: Stopping subversion
Dec 11, 2012 11:04:15 AM hudson.PluginWrapper stop
INFO: Stopping cvs
Dec 11, 2012 11:04:15 AM hudson.PluginWrapper stop
INFO: Stopping maven-plugin
Dec 11, 2012 11:04:15 AM hudson.PluginWrapper stop
INFO: Stopping translation
Dec 11, 2012 11:04:15 AM hudson.PluginWrapper stop
INFO: Stopping ssh-slaves
</stderr>
      <duration>8.672</duration>
      <timestamp>2012-12-11T11:04:07</timestamp>
      <cases>
        <case>
          <duration>8.672</duration>
          <className>hudson.maven.Maven3BuildTest</className>
          <testName>testMavenSeveralModulesInDirectory</testName>
          <skipped>false</skipped>
          <failedSince>0</failedSince>
        </case>
      </cases>
    </suite>
    <suite>
      <file>/home/jenkins/slave/workspace/jenkins_main_trunk/test/target/surefire-reports/hudson.maven.Maven3BuildTest.testMavenWithDependencyVersionInEnvVar.621.xml</file>
      <name>hudson.maven.Maven3BuildTest.testMavenWithDependencyVersionInEnvVar</name>
      <stdout>=== Starting Maven3BuildTest.testMavenWithDependencyVersionInEnvVar
</stdout>
      <stderr>Dec 11, 2012 11:04:15 AM org.mortbay.log.Slf4jLog info
INFO: jetty-6.1.26
Dec 11, 2012 11:04:15 AM org.mortbay.log.Slf4jLog info
INFO: NO JSP Support for , did not find org.apache.jasper.servlet.JspServlet
Dec 11, 2012 11:04:15 AM org.mortbay.log.Slf4jLog info
INFO: Started SocketConnector@0.0.0.0:35301
Dec 11, 2012 11:04:15 AM jenkins.InitReactorRunner$1 onAttained
INFO: Started initialization
Dec 11, 2012 11:04:15 AM jenkins.InitReactorRunner$1 onAttained
INFO: Listed all plugins
Dec 11, 2012 
...[truncated 1095 chars]...
hudson.PluginWrapper stop
INFO: Stopping ant
Dec 11, 2012 11:04:24 AM hudson.PluginWrapper stop
INFO: Stopping javadoc
Dec 11, 2012 11:04:24 AM hudson.PluginWrapper stop
INFO: Stopping subversion
Dec 11, 2012 11:04:24 AM hudson.PluginWrapper stop
INFO: Stopping cvs
Dec 11, 2012 11:04:24 AM hudson.PluginWrapper stop
INFO: Stopping maven-plugin
Dec 11, 2012 11:04:24 AM hudson.PluginWrapper stop
INFO: Stopping translation
Dec 11, 2012 11:04:24 AM hudson.PluginWrapper stop
INFO: Stopping ssh-slaves
</stderr>
      <duration>9.72</duration>
      <timestamp>2012-12-11T11:04:15</timestamp>
      <cases>
        <case>
          <duration>9.72</duration>
          <className>hudson.maven.Maven3BuildTest</className>
          <testName>testMavenWithDependencyVersionInEnvVar</testName>
          <skipped>false</skipped>
          <failedSince>0</failedSince>
        </case>
      </cases>
    </suite>
    <suite>
      <file>/home/jenkins/slave/workspace/jenkins_main_trunk/test/target/surefire-reports/hudson.maven.Maven3BuildTest.testMultiModMavenNonRecursive.622.xml</file>
      <name>hudson.maven.Maven3BuildTest.testMultiModMavenNonRecursive</name>
      <stdout>=== Starting Maven3BuildTest.testMultiModMavenNonRecursive
</stdout>
      <stderr>Dec 11, 2012 11:04:25 AM org.mortbay.log.Slf4jLog info
INFO: jetty-6.1.26
Dec 11, 2012 11:04:25 AM org.mortbay.log.Slf4jLog info
INFO: NO JSP Support for , did not find org.apache.jasper.servlet.JspServlet
Dec 11, 2012 11:04:25 AM org.mortbay.log.Slf4jLog info
INFO: Started SocketConnector@0.0.0.0:37203
Dec 11, 2012 11:04:25 AM jenkins.InitReactorRunner$1 onAttained
INFO: Started initialization
Dec 11, 2012 11:04:25 AM jenkins.InitReactorRunner$1 onAttained
INFO: Listed all plugins
Dec 11, 2012 
...[truncated 1095 chars]...
hudson.PluginWrapper stop
INFO: Stopping ant
Dec 11, 2012 11:04:34 AM hudson.PluginWrapper stop
INFO: Stopping javadoc
Dec 11, 2012 11:04:34 AM hudson.PluginWrapper stop
INFO: Stopping subversion
Dec 11, 2012 11:04:34 AM hudson.PluginWrapper stop
INFO: Stopping cvs
Dec 11, 2012 11:04:34 AM hudson.PluginWrapper stop
INFO: Stopping maven-plugin
Dec 11, 2012 11:04:34 AM hudson.PluginWrapper stop
INFO: Stopping translation
Dec 11, 2012 11:04:34 AM hudson.PluginWrapper stop
INFO: Stopping ssh-slaves
</stderr>
      <duration>9.591</duration>
      <timestamp>2012-12-11T11:04:25</timestamp>
      <cases>
        <case>
          <duration>9.591</duration>
          <className>hudson.maven.Maven3BuildTest</className>
          <testName>testMultiModMavenNonRecursive</testName>
          <skipped>false</skipped>
          <failedSince>0</failedSince>
        </case>
      </cases>
    </suite>
    <suite>
      <file>/home/jenkins/slave/workspace/jenkins_main_trunk/test/target/surefire-reports/hudson.maven.Maven3BuildTest.testSimpleMaven3Build.615.xml</file>
      <name>hudson.maven.Maven3BuildTest.testSimpleMaven3Build</name>
      <stdout>=== Starting Maven3BuildTest.testSimpleMaven3Build
</stdout>
      <stderr>Dec 11, 2012 11:00:58 AM org.mortbay.log.Slf4jLog info
INFO: jetty-6.1.26
Dec 11, 2012 11:00:58 AM org.mortbay.log.Slf4jLog info
INFO: NO JSP Support for , did not find org.apache.jasper.servlet.JspServlet
Dec 11, 2012 11:00:58 AM org.mortbay.log.Slf4jLog info
INFO: Started SocketConnector@0.0.0.0:54992
Dec 11, 2012 11:00:58 AM jenkins.InitReactorRunner$1 onAttained
INFO: Started initialization
Dec 11, 2012 11:00:58 AM jenkins.InitReactorRunner$1 onAttained
INFO: Listed all plugins
Dec 11, 2012 
...[truncated 1344 chars]...
hudson.PluginWrapper stop
INFO: Stopping ant
Dec 11, 2012 11:01:11 AM hudson.PluginWrapper stop
INFO: Stopping javadoc
Dec 11, 2012 11:01:11 AM hudson.PluginWrapper stop
INFO: Stopping subversion
Dec 11, 2012 11:01:11 AM hudson.PluginWrapper stop
INFO: Stopping cvs
Dec 11, 2012 11:01:11 AM hudson.PluginWrapper stop
INFO: Stopping maven-plugin
Dec 11, 2012 11:01:11 AM hudson.PluginWrapper stop
INFO: Stopping translation
Dec 11, 2012 11:01:11 AM hudson.PluginWrapper stop
INFO: Stopping ssh-slaves
</stderr>
      <duration>13.995</duration>
      <timestamp>2012-12-11T11:00:58</timestamp>
      <cases>
        <case>
          <duration>13.995</duration>
          <className>hudson.maven.Maven3BuildTest</className>
          <testName>testSimpleMaven3Build</testName>
          <skipped>false</skipped>
          <failedSince>0</failedSince>
        </case>
      </cases>
    </suite>
    <suite>
      <file>/home/jenkins/slave/workspace/jenkins_main_trunk/test/target/surefire-reports/hudson.maven.Maven3BuildTest.testSimpleMaven3BuildRedeployPublisher.616.xml</file>
      <name>hudson.maven.Maven3BuildTest.testSimpleMaven3BuildRedeployPublisher</name>
      <stdout>=== Starting Maven3BuildTest.testSimpleMaven3BuildRedeployPublisher
file name : my-app-1.7-20121211.110125-1.jar.md5
file name : maven-metadata.xml
file name : maven-metadata.xml.sha1
file name : my-app-1.7-20121211.110125-1.pom
file name : my-app-1.7-20121211.110125-1.jar
file name : my-app-1.7-20121211.110125-1.pom.sha1
file name : my-app-1.7-20121211.110125-1.pom.md5
file name : my-app-1.7-20121211.110125-1.jar.sha1
file name : maven-metadata.xml.md5
</stdout>
      <stderr>Dec 11, 2012 11:01:12 AM org.mortbay.log.Slf4jLog info
INFO: jetty-6.1.26
Dec 11, 2012 11:01:12 AM org.mortbay.log.Slf4jLog info
INFO: NO JSP Support for , did not find org.apache.jasper.servlet.JspServlet
Dec 11, 2012 11:01:12 AM org.mortbay.log.Slf4jLog info
INFO: Started SocketConnector@0.0.0.0:52821
Dec 11, 2012 11:01:12 AM jenkins.InitReactorRunner$1 onAttained
INFO: Started initialization
Dec 11, 2012 11:01:12 AM jenkins.InitReactorRunner$1 onAttained
INFO: Listed all plugins
Dec 11, 2012 
...[truncated 1095 chars]...
hudson.PluginWrapper stop
INFO: Stopping ant
Dec 11, 2012 11:01:25 AM hudson.PluginWrapper stop
INFO: Stopping javadoc
Dec 11, 2012 11:01:25 AM hudson.PluginWrapper stop
INFO: Stopping subversion
Dec 11, 2012 11:01:25 AM hudson.PluginWrapper stop
INFO: Stopping cvs
Dec 11, 2012 11:01:25 AM hudson.PluginWrapper stop
INFO: Stopping maven-plugin
Dec 11, 2012 11:01:25 AM hudson.PluginWrapper stop
INFO: Stopping translation
Dec 11, 2012 11:01:25 AM hudson.PluginWrapper stop
INFO: Stopping ssh-slaves
</stderr>
      <duration>13.772</duration>
      <timestamp>2012-12-11T11:01:12</timestamp>
      <cases>
        <case>
          <duration>13.772</duration>
          <className>hudson.maven.Maven3BuildTest</className>
          <testName>testSimpleMaven3BuildRedeployPublisher</testName>
          <skipped>false</skipped>
          <failedSince>0</failedSince>
        </case>
      </cases>
    </suite>
    <suite>
      <file>/home/jenkins/slave/workspace/jenkins_main_trunk/test/target/surefire-reports/hudson.maven.Maven3BuildTest.testSiteBuildWithForkedMojo.617.xml</file>
      <name>hudson.maven.Maven3BuildTest.testSiteBuildWithForkedMojo</name>
      <stdout>=== Starting Maven3BuildTest.testSiteBuildWithForkedMojo
</stdout>
      <stderr>Dec 11, 2012 11:01:26 AM org.mortbay.log.Slf4jLog info
INFO: jetty-6.1.26
Dec 11, 2012 11:01:26 AM org.mortbay.log.Slf4jLog info
INFO: NO JSP Support for , did not find org.apache.jasper.servlet.JspServlet
Dec 11, 2012 11:01:26 AM org.mortbay.log.Slf4jLog info
INFO: Started SocketConnector@0.0.0.0:38159
Dec 11, 2012 11:01:26 AM jenkins.InitReactorRunner$1 onAttained
INFO: Started initialization
Dec 11, 2012 11:01:26 AM jenkins.InitReactorRunner$1 onAttained
INFO: Listed all plugins
Dec 11, 2012 
...[truncated 1095 chars]...
hudson.PluginWrapper stop
INFO: Stopping ant
Dec 11, 2012 11:03:49 AM hudson.PluginWrapper stop
INFO: Stopping javadoc
Dec 11, 2012 11:03:49 AM hudson.PluginWrapper stop
INFO: Stopping subversion
Dec 11, 2012 11:03:49 AM hudson.PluginWrapper stop
INFO: Stopping cvs
Dec 11, 2012 11:03:49 AM hudson.PluginWrapper stop
INFO: Stopping maven-plugin
Dec 11, 2012 11:03:49 AM hudson.PluginWrapper stop
INFO: Stopping translation
Dec 11, 2012 11:03:49 AM hudson.PluginWrapper stop
INFO: Stopping ssh-slaves
</stderr>
      <duration>143.822</duration>
      <timestamp>2012-12-11T11:01:26</timestamp>
      <cases>
        <case>
          <duration>143.822</duration>
          <className>hudson.maven.Maven3BuildTest</className>
          <testName>testSiteBuildWithForkedMojo</testName>
          <skipped>false</skipped>
          <failedSince>0</failedSince>
        </case>
      </cases>
    </suite>
    <suite>
      <file>/home/jenkins/slave/workspace/jenkins_main_trunk/test/target/surefire-reports/hudson.maven.Maven3BuildTest.testTychoEclipseTestResults.626.xml</file>
      <name>hudson.maven.Maven3BuildTest.testTychoEclipseTestResults</name>
      <stdout>=== Starting Maven3BuildTest.testTychoEclipseTestResults
modules size [hudson.maven.MavenModule@59681426[test0/org.foobar:org.foobar][test0/org.foobar:org.foobar][relativePath:org.foobar], hudson.maven.MavenModule@92730e7[test0/org.foobar:org.foobar.test][test0/org.foobar:org.foobar.test][relativePath:org.foobar.test], hudson.maven.MavenModule@30f9491b[test0/org.foobar:parent][test0/org.foobar:parent][relativePath:org.foobar.build]]
module org.foobar:org.foobar/Foobar
module org.foobar:org.foobar.test/Foobar Test Suite
module org.foobar:parent/Foobar Build
</stdout>
      <stderr>Dec 11, 2012 11:05:25 AM org.mortbay.log.Slf4jLog info
INFO: jetty-6.1.26
Dec 11, 2012 11:05:25 AM org.mortbay.log.Slf4jLog info
INFO: NO JSP Support for , did not find org.apache.jasper.servlet.JspServlet
Dec 11, 2012 11:05:25 AM org.mortbay.log.Slf4jLog info
INFO: Started SocketConnector@0.0.0.0:52681
Dec 11, 2012 11:05:25 AM jenkins.InitReactorRunner$1 onAttained
INFO: Started initialization
Dec 11, 2012 11:05:25 AM jenkins.InitReactorRunner$1 onAttained
INFO: Listed all plugins
Dec 11, 2012 
...[truncated 1095 chars]...
hudson.PluginWrapper stop
INFO: Stopping ant
Dec 11, 2012 11:05:55 AM hudson.PluginWrapper stop
INFO: Stopping javadoc
Dec 11, 2012 11:05:55 AM hudson.PluginWrapper stop
INFO: Stopping subversion
Dec 11, 2012 11:05:55 AM hudson.PluginWrapper stop
INFO: Stopping cvs
Dec 11, 2012 11:05:55 AM hudson.PluginWrapper stop
INFO: Stopping maven-plugin
Dec 11, 2012 11:05:55 AM hudson.PluginWrapper stop
INFO: Stopping translation
Dec 11, 2012 11:05:55 AM hudson.PluginWrapper stop
INFO: Stopping ssh-slaves
</stderr>
      <duration>30.201</duration>
      <timestamp>2012-12-11T11:05:25</timestamp>
      <cases>
        <case>
          <duration>30.201</duration>
          <className>hudson.maven.Maven3BuildTest</className>
          <testName>testTychoEclipseTestResults</testName>
          <skipped>false</skipped>
          <failedSince>0</failedSince>
        </case>
      </cases>
    </suite>
    <suite>
      <file>/home/jenkins/slave/workspace/jenkins_main_trunk/test/target/surefire-reports/hudson.maven.Maven3BuildTest.testTychoTestResults.625.xml</file>
      <name>hudson.maven.Maven3BuildTest.testTychoTestResults</name>
      <stdout>=== Starting Maven3BuildTest.testTychoTestResults
modules size [hudson.maven.MavenModule@121d844f[test0/org.foobar:org.foobar][test0/org.foobar:org.foobar][relativePath:org.foobar], hudson.maven.MavenModule@1585dd1f[test0/org.foobar:org.foobar.test][test0/org.foobar:org.foobar.test][relativePath:org.foobar.test], hudson.maven.MavenModule@1b874123[test0/org.foobar:parent][test0/org.foobar:parent][relativePath:org.foobar.build]]
module org.foobar:org.foobar/Foobar
module org.foobar:org.foobar.test/Foobar Test Suite
module org.foobar:parent/Foobar Build
</stdout>
      <stderr>Dec 11, 2012 11:04:55 AM org.mortbay.log.Slf4jLog info
INFO: jetty-6.1.26
Dec 11, 2012 11:04:55 AM org.mortbay.log.Slf4jLog info
INFO: NO JSP Support for , did not find org.apache.jasper.servlet.JspServlet
Dec 11, 2012 11:04:55 AM org.mortbay.log.Slf4jLog info
INFO: Started SocketConnector@0.0.0.0:52891
Dec 11, 2012 11:04:55 AM jenkins.InitReactorRunner$1 onAttained
INFO: Started initialization
Dec 11, 2012 11:04:55 AM jenkins.InitReactorRunner$1 onAttained
INFO: Listed all plugins
Dec 11, 2012 
...[truncated 1095 chars]...
hudson.PluginWrapper stop
INFO: Stopping ant
Dec 11, 2012 11:05:24 AM hudson.PluginWrapper stop
INFO: Stopping javadoc
Dec 11, 2012 11:05:24 AM hudson.PluginWrapper stop
INFO: Stopping subversion
Dec 11, 2012 11:05:24 AM hudson.PluginWrapper stop
INFO: Stopping cvs
Dec 11, 2012 11:05:24 AM hudson.PluginWrapper stop
INFO: Stopping maven-plugin
Dec 11, 2012 11:05:24 AM hudson.PluginWrapper stop
INFO: Stopping translation
Dec 11, 2012 11:05:24 AM hudson.PluginWrapper stop
INFO: Stopping ssh-slaves
</stderr>
      <duration>29.654</duration>
      <timestamp>2012-12-11T11:04:55</timestamp>
      <cases>
        <case>
          <duration>29.654</duration>
          <className>hudson.maven.Maven3BuildTest</className>
          <testName>testTychoTestResults</testName>
          <skipped>false</skipped>
          <failedSince>0</failedSince>
        </case>
      </cases>
    </suite>
    <suite>
      <file>/home/jenkins/slave/workspace/jenkins_main_trunk/test/target/surefire-reports/hudson.maven.MavenBuildSurefireFailedTest.testMaven2Failed.630.xml</file>
      <name>hudson.maven.MavenBuildSurefireFailedTest.testMaven2Failed</name>
      <stdout>=== Starting MavenBuildSurefireFailedTest.testMaven2Failed
</stdout>
      <stderr>Dec 11, 2012 11:06:29 AM org.mortbay.log.Slf4jLog info
INFO: jetty-6.1.26
Dec 11, 2012 11:06:29 AM org.mortbay.log.Slf4jLog info
INFO: NO JSP Support for , did not find org.apache.jasper.servlet.JspServlet
Dec 11, 2012 11:06:29 AM org.mortbay.log.Slf4jLog info
INFO: Started SocketConnector@0.0.0.0:40051
Dec 11, 2012 11:06:29 AM jenkins.InitReactorRunner$1 onAttained
INFO: Started initialization
Dec 11, 2012 11:06:29 AM jenkins.InitReactorRunner$1 onAttained
INFO: Listed all plugins
Dec 11, 2012 
...[truncated 1463 chars]...
hudson.PluginWrapper stop
INFO: Stopping ant
Dec 11, 2012 11:06:40 AM hudson.PluginWrapper stop
INFO: Stopping javadoc
Dec 11, 2012 11:06:40 AM hudson.PluginWrapper stop
INFO: Stopping subversion
Dec 11, 2012 11:06:40 AM hudson.PluginWrapper stop
INFO: Stopping cvs
Dec 11, 2012 11:06:40 AM hudson.PluginWrapper stop
INFO: Stopping maven-plugin
Dec 11, 2012 11:06:40 AM hudson.PluginWrapper stop
INFO: Stopping translation
Dec 11, 2012 11:06:40 AM hudson.PluginWrapper stop
INFO: Stopping ssh-slaves
</stderr>
      <duration>11.136</duration>
      <timestamp>2012-12-11T11:06:29</timestamp>
      <cases>
        <case>
          <duration>11.136</duration>
          <className>hudson.maven.MavenBuildSurefireFailedTest</className>
          <testName>testMaven2Failed</testName>
          <skipped>false</skipped>
          <failedSince>0</failedSince>
        </case>
      </cases>
    </suite>
    <suite>
      <file>/home/jenkins/slave/workspace/jenkins_main_trunk/test/target/surefire-reports/hudson.maven.MavenBuildSurefireFailedTest.testMaven2Unstable.629.xml</file>
      <name>hudson.maven.MavenBuildSurefireFailedTest.testMaven2Unstable</name>
      <stdout>=== Starting MavenBuildSurefireFailedTest.testMaven2Unstable
</stdout>
      <stderr>Dec 11, 2012 11:06:17 AM org.mortbay.log.Slf4jLog info
INFO: jetty-6.1.26
Dec 11, 2012 11:06:17 AM org.mortbay.log.Slf4jLog info
INFO: NO JSP Support for , did not find org.apache.jasper.servlet.JspServlet
Dec 11, 2012 11:06:17 AM org.mortbay.log.Slf4jLog info
INFO: Started SocketConnector@0.0.0.0:42303
Dec 11, 2012 11:06:17 AM jenkins.InitReactorRunner$1 onAttained
INFO: Started initialization
Dec 11, 2012 11:06:17 AM jenkins.InitReactorRunner$1 onAttained
INFO: Listed all plugins
Dec 11, 2012 
...[truncated 1334 chars]...
hudson.PluginWrapper stop
INFO: Stopping ant
Dec 11, 2012 11:06:29 AM hudson.PluginWrapper stop
INFO: Stopping javadoc
Dec 11, 2012 11:06:29 AM hudson.PluginWrapper stop
INFO: Stopping subversion
Dec 11, 2012 11:06:29 AM hudson.PluginWrapper stop
INFO: Stopping cvs
Dec 11, 2012 11:06:29 AM hudson.PluginWrapper stop
INFO: Stopping maven-plugin
Dec 11, 2012 11:06:29 AM hudson.PluginWrapper stop
INFO: Stopping translation
Dec 11, 2012 11:06:29 AM hudson.PluginWrapper stop
INFO: Stopping ssh-slaves
</stderr>
      <duration>12.049</duration>
      <timestamp>2012-12-11T11:06:17</timestamp>
      <cases>
        <case>
          <duration>12.049</duration>
          <className>hudson.maven.MavenBuildSurefireFailedTest</className>
          <testName>testMaven2Unstable</testName>
          <skipped>false</skipped>
          <failedSince>0</failedSince>
        </case>
      </cases>
    </suite>
    <suite>
      <file>/home/jenkins/slave/workspace/jenkins_main_trunk/test/target/surefire-reports/hudson.maven.MavenBuildSurefireFailedTest.testMaven3Failed.632.xml</file>
      <name>hudson.maven.MavenBuildSurefireFailedTest.testMaven3Failed</name>
      <stdout>=== Starting MavenBuildSurefireFailedTest.testMaven3Failed
</stdout>
      <stderr>Dec 11, 2012 11:06:53 AM org.mortbay.log.Slf4jLog info
INFO: jetty-6.1.26
Dec 11, 2012 11:06:53 AM org.mortbay.log.Slf4jLog info
INFO: NO JSP Support for , did not find org.apache.jasper.servlet.JspServlet
Dec 11, 2012 11:06:53 AM org.mortbay.log.Slf4jLog info
INFO: Started SocketConnector@0.0.0.0:55879
Dec 11, 2012 11:06:53 AM jenkins.InitReactorRunner$1 onAttained
INFO: Started initialization
Dec 11, 2012 11:06:53 AM jenkins.InitReactorRunner$1 onAttained
INFO: Listed all plugins
Dec 11, 2012 
...[truncated 1224 chars]...
hudson.PluginWrapper stop
INFO: Stopping ant
Dec 11, 2012 11:07:04 AM hudson.PluginWrapper stop
INFO: Stopping javadoc
Dec 11, 2012 11:07:04 AM hudson.PluginWrapper stop
INFO: Stopping subversion
Dec 11, 2012 11:07:04 AM hudson.PluginWrapper stop
INFO: Stopping cvs
Dec 11, 2012 11:07:04 AM hudson.PluginWrapper stop
INFO: Stopping maven-plugin
Dec 11, 2012 11:07:04 AM hudson.PluginWrapper stop
INFO: Stopping translation
Dec 11, 2012 11:07:04 AM hudson.PluginWrapper stop
INFO: Stopping ssh-slaves
</stderr>
      <duration>11.861</duration>
      <timestamp>2012-12-11T11:06:53</timestamp>
      <cases>
        <case>
          <duration>11.861</duration>
          <className>hudson.maven.MavenBuildSurefireFailedTest</className>
          <testName>testMaven3Failed</testName>
          <skipped>false</skipped>
          <failedSince>0</failedSince>
        </case>
      </cases>
    </suite>
    <suite>
      <file>/home/jenkins/slave/workspace/jenkins_main_trunk/test/target/surefire-reports/hudson.maven.MavenBuildSurefireFailedTest.testMaven3Unstable.631.xml</file>
      <name>hudson.maven.MavenBuildSurefireFailedTest.testMaven3Unstable</name>
      <stdout>=== Starting MavenBuildSurefireFailedTest.testMaven3Unstable
</stdout>
      <stderr>Dec 11, 2012 11:06:40 AM org.mortbay.log.Slf4jLog info
INFO: jetty-6.1.26
Dec 11, 2012 11:06:40 AM org.mortbay.log.Slf4jLog info
INFO: NO JSP Support for , did not find org.apache.jasper.servlet.JspServlet
Dec 11, 2012 11:06:40 AM org.mortbay.log.Slf4jLog info
INFO: Started SocketConnector@0.0.0.0:36350
Dec 11, 2012 11:06:41 AM jenkins.InitReactorRunner$1 onAttained
INFO: Started initialization
Dec 11, 2012 11:06:41 AM jenkins.InitReactorRunner$1 onAttained
INFO: Listed all plugins
Dec 11, 2012 
...[truncated 1095 chars]...
hudson.PluginWrapper stop
INFO: Stopping ant
Dec 11, 2012 11:06:52 AM hudson.PluginWrapper stop
INFO: Stopping javadoc
Dec 11, 2012 11:06:52 AM hudson.PluginWrapper stop
INFO: Stopping subversion
Dec 11, 2012 11:06:52 AM hudson.PluginWrapper stop
INFO: Stopping cvs
Dec 11, 2012 11:06:52 AM hudson.PluginWrapper stop
INFO: Stopping maven-plugin
Dec 11, 2012 11:06:52 AM hudson.PluginWrapper stop
INFO: Stopping translation
Dec 11, 2012 11:06:52 AM hudson.PluginWrapper stop
INFO: Stopping ssh-slaves
</stderr>
      <duration>12.343</duration>
      <timestamp>2012-12-11T11:06:40</timestamp>
      <cases>
        <case>
          <duration>12.343</duration>
          <className>hudson.maven.MavenBuildSurefireFailedTest</className>
          <testName>testMaven3Unstable</testName>
          <skipped>false</skipped>
          <failedSince>0</failedSince>
        </case>
      </cases>
    </suite>
    <suite>
      <file>/home/jenkins/slave/workspace/jenkins_main_trunk/test/target/surefire-reports/hudson.maven.MavenBuildTest.testBuildTimeStampProperty.634.xml</file>
      <name>hudson.maven.MavenBuildTest.testBuildTimeStampProperty</name>
      <stdout>=== Starting MavenBuildTest.testBuildTimeStampProperty
content val1=20121211-1107
val2=20121211-1107

</stdout>
      <stderr>Dec 11, 2012 11:07:14 AM org.mortbay.log.Slf4jLog info
INFO: jetty-6.1.26
Dec 11, 2012 11:07:14 AM org.mortbay.log.Slf4jLog info
INFO: NO JSP Support for , did not find org.apache.jasper.servlet.JspServlet
Dec 11, 2012 11:07:14 AM org.mortbay.log.Slf4jLog info
INFO: Started SocketConnector@0.0.0.0:42758
Dec 11, 2012 11:07:14 AM jenkins.InitReactorRunner$1 onAttained
INFO: Started initialization
Dec 11, 2012 11:07:14 AM jenkins.InitReactorRunner$1 onAttained
INFO: Listed all plugins
Dec 11, 2012 
...[truncated 1095 chars]...
hudson.PluginWrapper stop
INFO: Stopping ant
Dec 11, 2012 11:07:23 AM hudson.PluginWrapper stop
INFO: Stopping javadoc
Dec 11, 2012 11:07:23 AM hudson.PluginWrapper stop
INFO: Stopping subversion
Dec 11, 2012 11:07:23 AM hudson.PluginWrapper stop
INFO: Stopping cvs
Dec 11, 2012 11:07:23 AM hudson.PluginWrapper stop
INFO: Stopping maven-plugin
Dec 11, 2012 11:07:23 AM hudson.PluginWrapper stop
INFO: Stopping translation
Dec 11, 2012 11:07:23 AM hudson.PluginWrapper stop
INFO: Stopping ssh-slaves
</stderr>
      <duration>9.307</duration>
      <timestamp>2012-12-11T11:07:14</timestamp>
      <cases>
        <case>
          <duration>9.307</duration>
          <className>hudson.maven.MavenBuildTest</className>
          <testName>testBuildTimeStampProperty</testName>
          <skipped>false</skipped>
          <failedSince>0</failedSince>
        </case>
      </cases>
    </suite>
    <suite>
      <file>/home/jenkins/slave/workspace/jenkins_main_trunk/test/target/surefire-reports/hudson.maven.MavenBuildTest.testCompilationFailure.637.xml</file>
      <name>hudson.maven.MavenBuildTest.testCompilationFailure</name>
      <stdout>=== Starting MavenBuildTest.testCompilationFailure
</stdout>
      <stderr>Dec 11, 2012 11:07:50 AM org.mortbay.log.Slf4jLog info
INFO: jetty-6.1.26
Dec 11, 2012 11:07:50 AM org.mortbay.log.Slf4jLog info
INFO: NO JSP Support for , did not find org.apache.jasper.servlet.JspServlet
Dec 11, 2012 11:07:50 AM org.mortbay.log.Slf4jLog info
INFO: Started SocketConnector@0.0.0.0:56335
Dec 11, 2012 11:07:50 AM jenkins.InitReactorRunner$1 onAttained
INFO: Started initialization
Dec 11, 2012 11:07:50 AM jenkins.InitReactorRunner$1 onAttained
INFO: Listed all plugins
Dec 11, 2012 
...[truncated 1095 chars]...
hudson.PluginWrapper stop
INFO: Stopping ant
Dec 11, 2012 11:07:59 AM hudson.PluginWrapper stop
INFO: Stopping javadoc
Dec 11, 2012 11:07:59 AM hudson.PluginWrapper stop
INFO: Stopping subversion
Dec 11, 2012 11:07:59 AM hudson.PluginWrapper stop
INFO: Stopping cvs
Dec 11, 2012 11:07:59 AM hudson.PluginWrapper stop
INFO: Stopping maven-plugin
Dec 11, 2012 11:07:59 AM hudson.PluginWrapper stop
INFO: Stopping translation
Dec 11, 2012 11:07:59 AM hudson.PluginWrapper stop
INFO: Stopping ssh-slaves
</stderr>
      <duration>9.032</duration>
      <timestamp>2012-12-11T11:07:50</timestamp>
      <cases>
        <case>
          <duration>9.032</duration>
          <className>hudson.maven.MavenBuildTest</className>
          <testName>testCompilationFailure</testName>
          <skipped>false</skipped>
          <failedSince>0</failedSince>
        </case>
      </cases>
    </suite>
    <suite>
      <file>/home/jenkins/slave/workspace/jenkins_main_trunk/test/target/surefire-reports/hudson.maven.MavenBuildTest.testMaven2BuildWrongInheritence.640.xml</file>
      <name>hudson.maven.MavenBuildTest.testMaven2BuildWrongInheritence</name>
      <stdout>=== Starting MavenBuildTest.testMaven2BuildWrongInheritence
</stdout>
      <stderr>Dec 11, 2012 11:08:40 AM org.mortbay.log.Slf4jLog info
INFO: jetty-6.1.26
Dec 11, 2012 11:08:40 AM org.mortbay.log.Slf4jLog info
INFO: NO JSP Support for , did not find org.apache.jasper.servlet.JspServlet
Dec 11, 2012 11:08:40 AM org.mortbay.log.Slf4jLog info
INFO: Started SocketConnector@0.0.0.0:34235
Dec 11, 2012 11:08:40 AM jenkins.InitReactorRunner$1 onAttained
INFO: Started initialization
Dec 11, 2012 11:08:40 AM jenkins.InitReactorRunner$1 onAttained
INFO: Listed all plugins
Dec 11, 2012 
...[truncated 1095 chars]...
hudson.PluginWrapper stop
INFO: Stopping ant
Dec 11, 2012 11:08:48 AM hudson.PluginWrapper stop
INFO: Stopping javadoc
Dec 11, 2012 11:08:48 AM hudson.PluginWrapper stop
INFO: Stopping subversion
Dec 11, 2012 11:08:48 AM hudson.PluginWrapper stop
INFO: Stopping cvs
Dec 11, 2012 11:08:48 AM hudson.PluginWrapper stop
INFO: Stopping maven-plugin
Dec 11, 2012 11:08:48 AM hudson.PluginWrapper stop
INFO: Stopping translation
Dec 11, 2012 11:08:48 AM hudson.PluginWrapper stop
INFO: Stopping ssh-slaves
</stderr>
      <duration>8.471</duration>
      <timestamp>2012-12-11T11:08:40</timestamp>
      <cases>
        <case>
          <duration>8.471</duration>
          <className>hudson.maven.MavenBuildTest</className>
          <testName>testMaven2BuildWrongInheritence</testName>
          <skipped>false</skipped>
          <failedSince>0</failedSince>
        </case>
      </cases>
    </suite>
    <suite>
      <file>/home/jenkins/slave/workspace/jenkins_main_trunk/test/target/surefire-reports/hudson.maven.MavenBuildTest.testMaven2BuildWrongScope.639.xml</file>
      <name>hudson.maven.MavenBuildTest.testMaven2BuildWrongScope</name>
      <stdout>=== Starting MavenBuildTest.testMaven2BuildWrongScope
</stdout>
      <stderr>Dec 11, 2012 11:08:30 AM org.mortbay.log.Slf4jLog info
INFO: jetty-6.1.26
Dec 11, 2012 11:08:30 AM org.mortbay.log.Slf4jLog info
INFO: NO JSP Support for , did not find org.apache.jasper.servlet.JspServlet
Dec 11, 2012 11:08:30 AM org.mortbay.log.Slf4jLog info
INFO: Started SocketConnector@0.0.0.0:32859
Dec 11, 2012 11:08:30 AM jenkins.InitReactorRunner$1 onAttained
INFO: Started initialization
Dec 11, 2012 11:08:30 AM jenkins.InitReactorRunner$1 onAttained
INFO: Listed all plugins
Dec 11, 2012 
...[truncated 1095 chars]...
hudson.PluginWrapper stop
INFO: Stopping ant
Dec 11, 2012 11:08:39 AM hudson.PluginWrapper stop
INFO: Stopping javadoc
Dec 11, 2012 11:08:39 AM hudson.PluginWrapper stop
INFO: Stopping subversion
Dec 11, 2012 11:08:39 AM hudson.PluginWrapper stop
INFO: Stopping cvs
Dec 11, 2012 11:08:39 AM hudson.PluginWrapper stop
INFO: Stopping maven-plugin
Dec 11, 2012 11:08:39 AM hudson.PluginWrapper stop
INFO: Stopping translation
Dec 11, 2012 11:08:39 AM hudson.PluginWrapper stop
INFO: Stopping ssh-slaves
</stderr>
      <duration>9.809</duration>
      <timestamp>2012-12-11T11:08:30</timestamp>
      <cases>
        <case>
          <duration>9.809</duration>
          <className>hudson.maven.MavenBuildTest</className>
          <testName>testMaven2BuildWrongScope</testName>
          <skipped>false</skipped>
          <failedSince>0</failedSince>
        </case>
      </cases>
    </suite>
    <suite>
      <file>/home/jenkins/slave/workspace/jenkins_main_trunk/test/target/surefire-reports/hudson.maven.MavenBuildTest.testMaven2SeveralModulesInDirectory.641.xml</file>
      <name>hudson.maven.MavenBuildTest.testMaven2SeveralModulesInDirectory</name>
      <stdout>=== Starting MavenBuildTest.testMaven2SeveralModulesInDirectory
</stdout>
      <stderr>Dec 11, 2012 11:08:48 AM org.mortbay.log.Slf4jLog info
INFO: jetty-6.1.26
Dec 11, 2012 11:08:48 AM org.mortbay.log.Slf4jLog info
INFO: NO JSP Support for , did not find org.apache.jasper.servlet.JspServlet
Dec 11, 2012 11:08:48 AM org.mortbay.log.Slf4jLog info
INFO: Started SocketConnector@0.0.0.0:60023
Dec 11, 2012 11:08:48 AM jenkins.InitReactorRunner$1 onAttained
INFO: Started initialization
Dec 11, 2012 11:08:48 AM jenkins.InitReactorRunner$1 onAttained
INFO: Listed all plugins
Dec 11, 2012 
...[truncated 1095 chars]...
hudson.PluginWrapper stop
INFO: Stopping ant
Dec 11, 2012 11:08:56 AM hudson.PluginWrapper stop
INFO: Stopping javadoc
Dec 11, 2012 11:08:56 AM hudson.PluginWrapper stop
INFO: Stopping subversion
Dec 11, 2012 11:08:56 AM hudson.PluginWrapper stop
INFO: Stopping cvs
Dec 11, 2012 11:08:56 AM hudson.PluginWrapper stop
INFO: Stopping maven-plugin
Dec 11, 2012 11:08:56 AM hudson.PluginWrapper stop
INFO: Stopping translation
Dec 11, 2012 11:08:56 AM hudson.PluginWrapper stop
INFO: Stopping ssh-slaves
</stderr>
      <duration>8.079</duration>
      <timestamp>2012-12-11T11:08:48</timestamp>
      <cases>
        <case>
          <duration>8.079</duration>
          <className>hudson.maven.MavenBuildTest</className>
          <testName>testMaven2SeveralModulesInDirectory</testName>
          <skipped>false</skipped>
          <failedSince>0</failedSince>
        </case>
      </cases>
    </suite>
    <suite>
      <file>/home/jenkins/slave/workspace/jenkins_main_trunk/test/target/surefire-reports/hudson.maven.MavenBuildTest.testMavenWithDependencyVersionInEnvVar.633.xml</file>
      <name>hudson.maven.MavenBuildTest.testMavenWithDependencyVersionInEnvVar</name>
      <stdout>=== Starting MavenBuildTest.testMavenWithDependencyVersionInEnvVar
</stdout>
      <stderr>Dec 11, 2012 11:07:05 AM org.mortbay.log.Slf4jLog info
INFO: jetty-6.1.26
Dec 11, 2012 11:07:05 AM org.mortbay.log.Slf4jLog info
INFO: NO JSP Support for , did not find org.apache.jasper.servlet.JspServlet
Dec 11, 2012 11:07:05 AM org.mortbay.log.Slf4jLog info
INFO: Started SocketConnector@0.0.0.0:50447
Dec 11, 2012 11:07:05 AM jenkins.InitReactorRunner$1 onAttained
INFO: Started initialization
Dec 11, 2012 11:07:05 AM jenkins.InitReactorRunner$1 onAttained
INFO: Listed all plugins
Dec 11, 2012 
...[truncated 1095 chars]...
hudson.PluginWrapper stop
INFO: Stopping ant
Dec 11, 2012 11:07:14 AM hudson.PluginWrapper stop
INFO: Stopping javadoc
Dec 11, 2012 11:07:14 AM hudson.PluginWrapper stop
INFO: Stopping subversion
Dec 11, 2012 11:07:14 AM hudson.PluginWrapper stop
INFO: Stopping cvs
Dec 11, 2012 11:07:14 AM hudson.PluginWrapper stop
INFO: Stopping maven-plugin
Dec 11, 2012 11:07:14 AM hudson.PluginWrapper stop
INFO: Stopping translation
Dec 11, 2012 11:07:14 AM hudson.PluginWrapper stop
INFO: Stopping ssh-slaves
</stderr>
      <duration>9.456</duration>
      <timestamp>2012-12-11T11:07:05</timestamp>
      <cases>
        <case>
          <duration>9.456</duration>
          <className>hudson.maven.MavenBuildTest</className>
          <testName>testMavenWithDependencyVersionInEnvVar</testName>
          <skipped>false</skipped>
          <failedSince>0</failedSince>
        </case>
      </cases>
    </suite>
    <suite>
      <file>/home/jenkins/slave/workspace/jenkins_main_trunk/test/target/surefire-reports/hudson.maven.MavenBuildTest.testMavenWorkspaceExists.635.xml</file>
      <name>hudson.maven.MavenBuildTest.testMavenWorkspaceExists</name>
      <stdout>=== Starting MavenBuildTest.testMavenWorkspaceExists
</stdout>
      <stderr>Dec 11, 2012 11:07:23 AM org.mortbay.log.Slf4jLog info
INFO: jetty-6.1.26
Dec 11, 2012 11:07:23 AM org.mortbay.log.Slf4jLog info
INFO: NO JSP Support for , did not find org.apache.jasper.servlet.JspServlet
Dec 11, 2012 11:07:23 AM org.mortbay.log.Slf4jLog info
INFO: Started SocketConnector@0.0.0.0:54997
Dec 11, 2012 11:07:24 AM jenkins.InitReactorRunner$1 onAttained
INFO: Started initialization
Dec 11, 2012 11:07:24 AM jenkins.InitReactorRunner$1 onAttained
INFO: Listed all plugins
Dec 11, 2012 
...[truncated 1095 chars]...
hudson.PluginWrapper stop
INFO: Stopping ant
Dec 11, 2012 11:07:34 AM hudson.PluginWrapper stop
INFO: Stopping javadoc
Dec 11, 2012 11:07:34 AM hudson.PluginWrapper stop
INFO: Stopping subversion
Dec 11, 2012 11:07:34 AM hudson.PluginWrapper stop
INFO: Stopping cvs
Dec 11, 2012 11:07:34 AM hudson.PluginWrapper stop
INFO: Stopping maven-plugin
Dec 11, 2012 11:07:34 AM hudson.PluginWrapper stop
INFO: Stopping translation
Dec 11, 2012 11:07:34 AM hudson.PluginWrapper stop
INFO: Stopping ssh-slaves
</stderr>
      <duration>11.112</duration>
      <timestamp>2012-12-11T11:07:23</timestamp>
      <cases>
        <case>
          <duration>11.112</duration>
          <className>hudson.maven.MavenBuildTest</className>
          <testName>testMavenWorkspaceExists</testName>
          <skipped>false</skipped>
          <failedSince>0</failedSince>
        </case>
      </cases>
    </suite>
    <suite>
      <file>/home/jenkins/slave/workspace/jenkins_main_trunk/test/target/surefire-reports/hudson.maven.MavenBuildTest.testParallelModuleBuild.638.xml</file>
      <name>hudson.maven.MavenBuildTest.testParallelModuleBuild</name>
      <stdout>=== Starting MavenBuildTest.testParallelModuleBuild
</stdout>
      <stderr>Dec 11, 2012 11:07:59 AM org.mortbay.log.Slf4jLog info
INFO: jetty-6.1.26
Dec 11, 2012 11:07:59 AM org.mortbay.log.Slf4jLog info
INFO: NO JSP Support for , did not find org.apache.jasper.servlet.JspServlet
Dec 11, 2012 11:07:59 AM org.mortbay.log.Slf4jLog info
INFO: Started SocketConnector@0.0.0.0:39911
Dec 11, 2012 11:07:59 AM jenkins.InitReactorRunner$1 onAttained
INFO: Started initialization
Dec 11, 2012 11:07:59 AM jenkins.InitReactorRunner$1 onAttained
INFO: Listed all plugins
Dec 11, 2012 
...[truncated 2920 chars]...
hudson.PluginWrapper stop
INFO: Stopping ant
Dec 11, 2012 11:08:30 AM hudson.PluginWrapper stop
INFO: Stopping javadoc
Dec 11, 2012 11:08:30 AM hudson.PluginWrapper stop
INFO: Stopping subversion
Dec 11, 2012 11:08:30 AM hudson.PluginWrapper stop
INFO: Stopping cvs
Dec 11, 2012 11:08:30 AM hudson.PluginWrapper stop
INFO: Stopping maven-plugin
Dec 11, 2012 11:08:30 AM hudson.PluginWrapper stop
INFO: Stopping translation
Dec 11, 2012 11:08:30 AM hudson.PluginWrapper stop
INFO: Stopping ssh-slaves
</stderr>
      <duration>30.768</duration>
      <timestamp>2012-12-11T11:07:59</timestamp>
      <cases>
        <case>
          <duration>30.768</duration>
          <className>hudson.maven.MavenBuildTest</className>
          <testName>testParallelModuleBuild</testName>
          <skipped>false</skipped>
          <failedSince>0</failedSince>
        </case>
      </cases>
    </suite>
    <suite>
      <file>/home/jenkins/slave/workspace/jenkins_main_trunk/test/target/surefire-reports/hudson.maven.MavenBuildTest.testTestFailureInEarlyTaskSegment.636.xml</file>
      <name>hudson.maven.MavenBuildTest.testTestFailureInEarlyTaskSegment</name>
      <stdout>=== Starting MavenBuildTest.testTestFailureInEarlyTaskSegment
</stdout>
      <stderr>Dec 11, 2012 11:07:35 AM org.mortbay.log.Slf4jLog info
INFO: jetty-6.1.26
Dec 11, 2012 11:07:35 AM org.mortbay.log.Slf4jLog info
INFO: NO JSP Support for , did not find org.apache.jasper.servlet.JspServlet
Dec 11, 2012 11:07:35 AM org.mortbay.log.Slf4jLog info
INFO: Started SocketConnector@0.0.0.0:33983
Dec 11, 2012 11:07:35 AM jenkins.InitReactorRunner$1 onAttained
INFO: Started initialization
Dec 11, 2012 11:07:35 AM jenkins.InitReactorRunner$1 onAttained
INFO: Listed all plugins
Dec 11, 2012 
...[truncated 1095 chars]...
hudson.PluginWrapper stop
INFO: Stopping ant
Dec 11, 2012 11:07:50 AM hudson.PluginWrapper stop
INFO: Stopping javadoc
Dec 11, 2012 11:07:50 AM hudson.PluginWrapper stop
INFO: Stopping subversion
Dec 11, 2012 11:07:50 AM hudson.PluginWrapper stop
INFO: Stopping cvs
Dec 11, 2012 11:07:50 AM hudson.PluginWrapper stop
INFO: Stopping maven-plugin
Dec 11, 2012 11:07:50 AM hudson.PluginWrapper stop
INFO: Stopping translation
Dec 11, 2012 11:07:50 AM hudson.PluginWrapper stop
INFO: Stopping ssh-slaves
</stderr>
      <duration>15.643</duration>
      <timestamp>2012-12-11T11:07:35</timestamp>
      <cases>
        <case>
          <duration>15.643</duration>
          <className>hudson.maven.MavenBuildTest</className>
          <testName>testTestFailureInEarlyTaskSegment</testName>
          <skipped>false</skipped>
          <failedSince>0</failedSince>
        </case>
      </cases>
    </suite>
    <suite>
      <file>/home/jenkins/slave/workspace/jenkins_main_trunk/test/target/surefire-reports/hudson.maven.MavenEmptyModuleTest.testEmptyModuleParsesAndBuilds.642.xml</file>
      <name>hudson.maven.MavenEmptyModuleTest.testEmptyModuleParsesAndBuilds</name>
      <stdout>=== Starting MavenEmptyModuleTest.testEmptyModuleParsesAndBuilds
</stdout>
      <stderr>Dec 11, 2012 11:08:56 AM org.mortbay.log.Slf4jLog info
INFO: jetty-6.1.26
Dec 11, 2012 11:08:56 AM org.mortbay.log.Slf4jLog info
INFO: NO JSP Support for , did not find org.apache.jasper.servlet.JspServlet
Dec 11, 2012 11:08:56 AM org.mortbay.log.Slf4jLog info
INFO: Started SocketConnector@0.0.0.0:48922
Dec 11, 2012 11:08:56 AM jenkins.InitReactorRunner$1 onAttained
INFO: Started initialization
Dec 11, 2012 11:08:56 AM jenkins.InitReactorRunner$1 onAttained
INFO: Listed all plugins
Dec 11, 2012 
...[truncated 1095 chars]...
hudson.PluginWrapper stop
INFO: Stopping ant
Dec 11, 2012 11:09:06 AM hudson.PluginWrapper stop
INFO: Stopping javadoc
Dec 11, 2012 11:09:06 AM hudson.PluginWrapper stop
INFO: Stopping subversion
Dec 11, 2012 11:09:06 AM hudson.PluginWrapper stop
INFO: Stopping cvs
Dec 11, 2012 11:09:06 AM hudson.PluginWrapper stop
INFO: Stopping maven-plugin
Dec 11, 2012 11:09:06 AM hudson.PluginWrapper stop
INFO: Stopping translation
Dec 11, 2012 11:09:06 AM hudson.PluginWrapper stop
INFO: Stopping ssh-slaves
</stderr>
      <duration>10.111</duration>
      <timestamp>2012-12-11T11:08:56</timestamp>
      <cases>
        <case>
          <duration>10.111</duration>
          <className>hudson.maven.MavenEmptyModuleTest</className>
          <testName>testEmptyModuleParsesAndBuilds</testName>
          <skipped>false</skipped>
          <failedSince>0</failedSince>
        </case>
      </cases>
    </suite>
    <suite>
      <file>/home/jenkins/slave/workspace/jenkins_main_trunk/test/target/surefire-reports/hudson.maven.MavenModuleSetTest.testConfigRoundtripLocalRepository.674.xml</file>
      <name>hudson.maven.MavenModuleSetTest.testConfigRoundtripLocalRepository</name>
      <stdout>=== Starting MavenModuleSetTest.testConfigRoundtripLocalRepository
</stdout>
      <stderr>Dec 11, 2012 11:09:10 AM org.mortbay.log.Slf4jLog info
INFO: jetty-6.1.26
Dec 11, 2012 11:09:10 AM org.mortbay.log.Slf4jLog info
INFO: NO JSP Support for , did not find org.apache.jasper.servlet.JspServlet
Dec 11, 2012 11:09:10 AM org.mortbay.log.Slf4jLog info
INFO: Started SocketConnector@0.0.0.0:43233
Dec 11, 2012 11:09:10 AM jenkins.InitReactorRunner$1 onAttained
INFO: Started initialization
Dec 11, 2012 11:09:10 AM jenkins.InitReactorRunner$1 onAttained
INFO: Listed all plugins
Dec 11, 2012 
...[truncated 12713 chars]...
hudson.PluginWrapper stop
INFO: Stopping ant
Dec 11, 2012 11:09:23 AM hudson.PluginWrapper stop
INFO: Stopping javadoc
Dec 11, 2012 11:09:23 AM hudson.PluginWrapper stop
INFO: Stopping subversion
Dec 11, 2012 11:09:23 AM hudson.PluginWrapper stop
INFO: Stopping cvs
Dec 11, 2012 11:09:23 AM hudson.PluginWrapper stop
INFO: Stopping maven-plugin
Dec 11, 2012 11:09:23 AM hudson.PluginWrapper stop
INFO: Stopping translation
Dec 11, 2012 11:09:23 AM hudson.PluginWrapper stop
INFO: Stopping ssh-slaves
</stderr>
      <duration>14.097</duration>
      <timestamp>2012-12-11T11:09:10</timestamp>
      <cases>
        <case>
          <duration>14.097</duration>
          <className>hudson.maven.MavenModuleSetTest</className>
          <testName>testConfigRoundtripLocalRepository</testName>
          <skipped>false</skipped>
          <failedSince>0</failedSince>
        </case>
      </cases>
    </suite>
    <suite>
      <file>/home/jenkins/slave/workspace/jenkins_main_trunk/test/target/surefire-reports/hudson.maven.MavenMultiModuleTest.testIncrRelMultiModMaven.678.xml</file>
      <name>hudson.maven.MavenMultiModuleTest.testIncrRelMultiModMaven</name>
      <stdout>=== Starting MavenMultiModuleTest.testIncrRelMultiModMaven
</stdout>
      <stderr>Dec 11, 2012 11:10:25 AM org.mortbay.log.Slf4jLog info
INFO: jetty-6.1.26
Dec 11, 2012 11:10:25 AM org.mortbay.log.Slf4jLog info
INFO: NO JSP Support for , did not find org.apache.jasper.servlet.JspServlet
Dec 11, 2012 11:10:25 AM org.mortbay.log.Slf4jLog info
INFO: Started SocketConnector@0.0.0.0:54365
Dec 11, 2012 11:10:26 AM jenkins.InitReactorRunner$1 onAttained
INFO: Started initialization
Dec 11, 2012 11:10:26 AM jenkins.InitReactorRunner$1 onAttained
INFO: Listed all plugins
Dec 11, 2012 
...[truncated 1197 chars]...
hudson.PluginWrapper stop
INFO: Stopping ant
Dec 11, 2012 11:10:50 AM hudson.PluginWrapper stop
INFO: Stopping javadoc
Dec 11, 2012 11:10:50 AM hudson.PluginWrapper stop
INFO: Stopping subversion
Dec 11, 2012 11:10:50 AM hudson.PluginWrapper stop
INFO: Stopping cvs
Dec 11, 2012 11:10:50 AM hudson.PluginWrapper stop
INFO: Stopping maven-plugin
Dec 11, 2012 11:10:50 AM hudson.PluginWrapper stop
INFO: Stopping translation
Dec 11, 2012 11:10:50 AM hudson.PluginWrapper stop
INFO: Stopping ssh-slaves
</stderr>
      <duration>25.206</duration>
      <timestamp>2012-12-11T11:10:25</timestamp>
      <cases>
        <case>
          <duration>25.206</duration>
          <className>hudson.maven.MavenMultiModuleTest</className>
          <testName>testIncrRelMultiModMaven</testName>
          <skipped>false</skipped>
          <failedSince>0</failedSince>
        </case>
      </cases>
    </suite>
    <suite>
      <file>/home/jenkins/slave/workspace/jenkins_main_trunk/test/target/surefire-reports/hudson.maven.MavenMultiModuleTest.testIncrementalMultiModMaven.677.xml</file>
      <name>hudson.maven.MavenMultiModuleTest.testIncrementalMultiModMaven</name>
      <stdout>=== Starting MavenMultiModuleTest.testIncrementalMultiModMaven
</stdout>
      <stderr>Dec 11, 2012 11:09:45 AM org.mortbay.log.Slf4jLog info
INFO: jetty-6.1.26
Dec 11, 2012 11:09:45 AM org.mortbay.log.Slf4jLog info
INFO: NO JSP Support for , did not find org.apache.jasper.servlet.JspServlet
Dec 11, 2012 11:09:45 AM org.mortbay.log.Slf4jLog info
INFO: Started SocketConnector@0.0.0.0:34449
Dec 11, 2012 11:09:45 AM jenkins.InitReactorRunner$1 onAttained
INFO: Started initialization
Dec 11, 2012 11:09:45 AM jenkins.InitReactorRunner$1 onAttained
INFO: Listed all plugins
Dec 11, 2012 
...[truncated 1197 chars]...
hudson.PluginWrapper stop
INFO: Stopping ant
Dec 11, 2012 11:10:25 AM hudson.PluginWrapper stop
INFO: Stopping javadoc
Dec 11, 2012 11:10:25 AM hudson.PluginWrapper stop
INFO: Stopping subversion
Dec 11, 2012 11:10:25 AM hudson.PluginWrapper stop
INFO: Stopping cvs
Dec 11, 2012 11:10:25 AM hudson.PluginWrapper stop
INFO: Stopping maven-plugin
Dec 11, 2012 11:10:25 AM hudson.PluginWrapper stop
INFO: Stopping translation
Dec 11, 2012 11:10:25 AM hudson.PluginWrapper stop
INFO: Stopping ssh-slaves
</stderr>
      <duration>40.884</duration>
      <timestamp>2012-12-11T11:09:45</timestamp>
      <cases>
        <case>
          <duration>40.884</duration>
          <className>hudson.maven.MavenMultiModuleTest</className>
          <testName>testIncrementalMultiModMaven</testName>
          <skipped>false</skipped>
          <failedSince>0</failedSince>
        </case>
      </cases>
    </suite>
    <suite>
      <file>/home/jenkins/slave/workspace/jenkins_main_trunk/test/target/surefire-reports/hudson.maven.MavenMultiModuleTest.testMultiModMavenNonRecursive.675.xml</file>
      <name>hudson.maven.MavenMultiModuleTest.testMultiModMavenNonRecursive</name>
      <stdout>=== Starting MavenMultiModuleTest.testMultiModMavenNonRecursive
</stdout>
      <stderr>Dec 11, 2012 11:09:24 AM org.mortbay.log.Slf4jLog info
INFO: jetty-6.1.26
Dec 11, 2012 11:09:24 AM org.mortbay.log.Slf4jLog info
INFO: NO JSP Support for , did not find org.apache.jasper.servlet.JspServlet
Dec 11, 2012 11:09:24 AM org.mortbay.log.Slf4jLog info
INFO: Started SocketConnector@0.0.0.0:41889
Dec 11, 2012 11:09:24 AM jenkins.InitReactorRunner$1 onAttained
INFO: Started initialization
Dec 11, 2012 11:09:24 AM jenkins.InitReactorRunner$1 onAttained
INFO: Listed all plugins
Dec 11, 2012 
...[truncated 1214 chars]...
hudson.PluginWrapper stop
INFO: Stopping ant
Dec 11, 2012 11:09:29 AM hudson.PluginWrapper stop
INFO: Stopping javadoc
Dec 11, 2012 11:09:29 AM hudson.PluginWrapper stop
INFO: Stopping subversion
Dec 11, 2012 11:09:29 AM hudson.PluginWrapper stop
INFO: Stopping cvs
Dec 11, 2012 11:09:29 AM hudson.PluginWrapper stop
INFO: Stopping maven-plugin
Dec 11, 2012 11:09:29 AM hudson.PluginWrapper stop
INFO: Stopping translation
Dec 11, 2012 11:09:29 AM hudson.PluginWrapper stop
INFO: Stopping ssh-slaves
</stderr>
      <duration>6.12</duration>
      <timestamp>2012-12-11T11:09:24</timestamp>
      <cases>
        <case>
          <duration>6.12</duration>
          <className>hudson.maven.MavenMultiModuleTest</className>
          <testName>testMultiModMavenNonRecursive</testName>
          <skipped>false</skipped>
          <failedSince>0</failedSince>
        </case>
      </cases>
    </suite>
    <suite>
      <file>/home/jenkins/slave/workspace/jenkins_main_trunk/test/target/surefire-reports/hudson.maven.MavenMultiModuleTest.testMultiModMavenNonRecursiveParsing.680.xml</file>
      <name>hudson.maven.MavenMultiModuleTest.testMultiModMavenNonRecursiveParsing</name>
      <stdout>=== Starting MavenMultiModuleTest.testMultiModMavenNonRecursiveParsing
</stdout>
      <stderr>Dec 11, 2012 11:11:05 AM org.mortbay.log.Slf4jLog info
INFO: jetty-6.1.26
Dec 11, 2012 11:11:05 AM org.mortbay.log.Slf4jLog info
INFO: NO JSP Support for , did not find org.apache.jasper.servlet.JspServlet
Dec 11, 2012 11:11:05 AM org.mortbay.log.Slf4jLog info
INFO: Started SocketConnector@0.0.0.0:52957
Dec 11, 2012 11:11:05 AM jenkins.InitReactorRunner$1 onAttained
INFO: Started initialization
Dec 11, 2012 11:11:05 AM jenkins.InitReactorRunner$1 onAttained
INFO: Listed all plugins
Dec 11, 2012 
...[truncated 1095 chars]...
hudson.PluginWrapper stop
INFO: Stopping ant
Dec 11, 2012 11:11:15 AM hudson.PluginWrapper stop
INFO: Stopping javadoc
Dec 11, 2012 11:11:15 AM hudson.PluginWrapper stop
INFO: Stopping subversion
Dec 11, 2012 11:11:15 AM hudson.PluginWrapper stop
INFO: Stopping cvs
Dec 11, 2012 11:11:15 AM hudson.PluginWrapper stop
INFO: Stopping maven-plugin
Dec 11, 2012 11:11:15 AM hudson.PluginWrapper stop
INFO: Stopping translation
Dec 11, 2012 11:11:15 AM hudson.PluginWrapper stop
INFO: Stopping ssh-slaves
</stderr>
      <duration>10.069</duration>
      <timestamp>2012-12-11T11:11:05</timestamp>
      <cases>
        <case>
          <duration>10.069</duration>
          <className>hudson.maven.MavenMultiModuleTest</className>
          <testName>testMultiModMavenNonRecursiveParsing</testName>
          <skipped>false</skipped>
          <failedSince>0</failedSince>
        </case>
      </cases>
    </suite>
    <suite>
      <file>/home/jenkins/slave/workspace/jenkins_main_trunk/test/target/surefire-reports/hudson.maven.MavenMultiModuleTest.testMultiModMavenWsExists.676.xml</file>
      <name>hudson.maven.MavenMultiModuleTest.testMultiModMavenWsExists</name>
      <stdout>=== Starting MavenMultiModuleTest.testMultiModMavenWsExists
</stdout>
      <stderr>Dec 11, 2012 11:09:30 AM org.mortbay.log.Slf4jLog info
INFO: jetty-6.1.26
Dec 11, 2012 11:09:30 AM org.mortbay.log.Slf4jLog info
INFO: NO JSP Support for , did not find org.apache.jasper.servlet.JspServlet
Dec 11, 2012 11:09:30 AM org.mortbay.log.Slf4jLog info
INFO: Started SocketConnector@0.0.0.0:56712
Dec 11, 2012 11:09:30 AM jenkins.InitReactorRunner$1 onAttained
INFO: Started initialization
Dec 11, 2012 11:09:30 AM jenkins.InitReactorRunner$1 onAttained
INFO: Listed all plugins
Dec 11, 2012 
...[truncated 1095 chars]...
hudson.PluginWrapper stop
INFO: Stopping ant
Dec 11, 2012 11:09:44 AM hudson.PluginWrapper stop
INFO: Stopping javadoc
Dec 11, 2012 11:09:44 AM hudson.PluginWrapper stop
INFO: Stopping subversion
Dec 11, 2012 11:09:44 AM hudson.PluginWrapper stop
INFO: Stopping cvs
Dec 11, 2012 11:09:44 AM hudson.PluginWrapper stop
INFO: Stopping maven-plugin
Dec 11, 2012 11:09:44 AM hudson.PluginWrapper stop
INFO: Stopping translation
Dec 11, 2012 11:09:44 AM hudson.PluginWrapper stop
INFO: Stopping ssh-slaves
</stderr>
      <duration>14.836</duration>
      <timestamp>2012-12-11T11:09:30</timestamp>
      <cases>
        <case>
          <duration>14.836</duration>
          <className>hudson.maven.MavenMultiModuleTest</className>
          <testName>testMultiModMavenWsExists</testName>
          <skipped>false</skipped>
          <failedSince>0</failedSince>
        </case>
      </cases>
    </suite>
    <suite>
      <file>/home/jenkins/slave/workspace/jenkins_main_trunk/test/target/surefire-reports/hudson.maven.MavenMultiModuleTest.testMultiModWithTestFailuresMaven.683.xml</file>
      <name>hudson.maven.MavenMultiModuleTest.testMultiModWithTestFailuresMaven</name>
      <stdout>=== Starting MavenMultiModuleTest.testMultiModWithTestFailuresMaven
</stdout>
      <stderr>Dec 11, 2012 11:12:13 AM org.mortbay.log.Slf4jLog info
INFO: jetty-6.1.26
Dec 11, 2012 11:12:13 AM org.mortbay.log.Slf4jLog info
INFO: NO JSP Support for , did not find org.apache.jasper.servlet.JspServlet
Dec 11, 2012 11:12:13 AM org.mortbay.log.Slf4jLog info
INFO: Started SocketConnector@0.0.0.0:39914
Dec 11, 2012 11:12:13 AM jenkins.InitReactorRunner$1 onAttained
INFO: Started initialization
Dec 11, 2012 11:12:13 AM jenkins.InitReactorRunner$1 onAttained
INFO: Listed all plugins
Dec 11, 2012 
...[truncated 1095 chars]...
hudson.PluginWrapper stop
INFO: Stopping ant
Dec 11, 2012 11:12:29 AM hudson.PluginWrapper stop
INFO: Stopping javadoc
Dec 11, 2012 11:12:29 AM hudson.PluginWrapper stop
INFO: Stopping subversion
Dec 11, 2012 11:12:29 AM hudson.PluginWrapper stop
INFO: Stopping cvs
Dec 11, 2012 11:12:29 AM hudson.PluginWrapper stop
INFO: Stopping maven-plugin
Dec 11, 2012 11:12:29 AM hudson.PluginWrapper stop
INFO: Stopping translation
Dec 11, 2012 11:12:29 AM hudson.PluginWrapper stop
INFO: Stopping ssh-slaves
</stderr>
      <duration>16.265</duration>
      <timestamp>2012-12-11T11:12:13</timestamp>
      <cases>
        <case>
          <duration>16.265</duration>
          <className>hudson.maven.MavenMultiModuleTest</className>
          <testName>testMultiModWithTestFailuresMaven</testName>
          <skipped>false</skipped>
          <failedSince>0</failedSince>
        </case>
      </cases>
    </suite>
    <suite>
      <file>/home/jenkins/slave/workspace/jenkins_main_trunk/test/target/surefire-reports/hudson.maven.MavenMultiModuleTest.testNewModMultiModMaven.679.xml</file>
      <name>hudson.maven.MavenMultiModuleTest.testNewModMultiModMaven</name>
      <stdout>=== Starting MavenMultiModuleTest.testNewModMultiModMaven
</stdout>
      <stderr>Dec 11, 2012 11:10:51 AM org.mortbay.log.Slf4jLog info
INFO: jetty-6.1.26
Dec 11, 2012 11:10:51 AM org.mortbay.log.Slf4jLog info
INFO: NO JSP Support for , did not find org.apache.jasper.servlet.JspServlet
Dec 11, 2012 11:10:51 AM org.mortbay.log.Slf4jLog info
INFO: Started SocketConnector@0.0.0.0:46456
Dec 11, 2012 11:10:51 AM jenkins.InitReactorRunner$1 onAttained
INFO: Started initialization
Dec 11, 2012 11:10:51 AM jenkins.InitReactorRunner$1 onAttained
INFO: Listed all plugins
Dec 11, 2012 
...[truncated 1095 chars]...
hudson.PluginWrapper stop
INFO: Stopping ant
Dec 11, 2012 11:11:05 AM hudson.PluginWrapper stop
INFO: Stopping javadoc
Dec 11, 2012 11:11:05 AM hudson.PluginWrapper stop
INFO: Stopping subversion
Dec 11, 2012 11:11:05 AM hudson.PluginWrapper stop
INFO: Stopping cvs
Dec 11, 2012 11:11:05 AM hudson.PluginWrapper stop
INFO: Stopping maven-plugin
Dec 11, 2012 11:11:05 AM hudson.PluginWrapper stop
INFO: Stopping translation
Dec 11, 2012 11:11:05 AM hudson.PluginWrapper stop
INFO: Stopping ssh-slaves
</stderr>
      <duration>14.44</duration>
      <timestamp>2012-12-11T11:10:51</timestamp>
      <cases>
        <case>
          <duration>14.44</duration>
          <className>hudson.maven.MavenMultiModuleTest</className>
          <testName>testNewModMultiModMaven</testName>
          <skipped>false</skipped>
          <failedSince>0</failedSince>
        </case>
      </cases>
    </suite>
    <suite>
      <file>/home/jenkins/slave/workspace/jenkins_main_trunk/test/target/surefire-reports/hudson.maven.MavenOptsTest.testEnvMavenOptsNoneInProject.684.xml</file>
      <name>hudson.maven.MavenOptsTest.testEnvMavenOptsNoneInProject</name>
      <stdout>=== Starting MavenOptsTest.testEnvMavenOptsNoneInProject
</stdout>
      <stderr>Dec 11, 2012 11:12:29 AM org.mortbay.log.Slf4jLog info
INFO: jetty-6.1.26
Dec 11, 2012 11:12:29 AM org.mortbay.log.Slf4jLog info
INFO: NO JSP Support for , did not find org.apache.jasper.servlet.JspServlet
Dec 11, 2012 11:12:29 AM org.mortbay.log.Slf4jLog info
INFO: Started SocketConnector@0.0.0.0:36717
Dec 11, 2012 11:12:29 AM jenkins.InitReactorRunner$1 onAttained
INFO: Started initialization
Dec 11, 2012 11:12:29 AM jenkins.InitReactorRunner$1 onAttained
INFO: Listed all plugins
Dec 11, 2012 
...[truncated 1195 chars]...
hudson.PluginWrapper stop
INFO: Stopping ant
Dec 11, 2012 11:12:42 AM hudson.PluginWrapper stop
INFO: Stopping javadoc
Dec 11, 2012 11:12:42 AM hudson.PluginWrapper stop
INFO: Stopping subversion
Dec 11, 2012 11:12:42 AM hudson.PluginWrapper stop
INFO: Stopping cvs
Dec 11, 2012 11:12:42 AM hudson.PluginWrapper stop
INFO: Stopping maven-plugin
Dec 11, 2012 11:12:42 AM hudson.PluginWrapper stop
INFO: Stopping translation
Dec 11, 2012 11:12:42 AM hudson.PluginWrapper stop
INFO: Stopping ssh-slaves
</stderr>
      <duration>13.478</duration>
      <timestamp>2012-12-11T11:12:29</timestamp>
      <cases>
        <case>
          <duration>13.478</duration>
          <className>hudson.maven.MavenOptsTest</className>
          <testName>testEnvMavenOptsNoneInProject</testName>
          <skipped>false</skipped>
          <failedSince>0</failedSince>
        </case>
      </cases>
    </suite>
    <suite>
      <file>/home/jenkins/slave/workspace/jenkins_main_trunk/test/target/surefire-reports/hudson.maven.MavenOptsTest.testEnvMavenOptsOverriddenByProject.685.xml</file>
      <name>hudson.maven.MavenOptsTest.testEnvMavenOptsOverriddenByProject</name>
      <stdout>=== Starting MavenOptsTest.testEnvMavenOptsOverriddenByProject
</stdout>
      <stderr>Dec 11, 2012 11:12:43 AM org.mortbay.log.Slf4jLog info
INFO: jetty-6.1.26
Dec 11, 2012 11:12:43 AM org.mortbay.log.Slf4jLog info
INFO: NO JSP Support for , did not find org.apache.jasper.servlet.JspServlet
Dec 11, 2012 11:12:43 AM org.mortbay.log.Slf4jLog info
INFO: Started SocketConnector@0.0.0.0:54109
Dec 11, 2012 11:12:43 AM jenkins.InitReactorRunner$1 onAttained
INFO: Started initialization
Dec 11, 2012 11:12:43 AM jenkins.InitReactorRunner$1 onAttained
INFO: Listed all plugins
Dec 11, 2012 
...[truncated 1195 chars]...
hudson.PluginWrapper stop
INFO: Stopping ant
Dec 11, 2012 11:12:56 AM hudson.PluginWrapper stop
INFO: Stopping javadoc
Dec 11, 2012 11:12:56 AM hudson.PluginWrapper stop
INFO: Stopping subversion
Dec 11, 2012 11:12:56 AM hudson.PluginWrapper stop
INFO: Stopping cvs
Dec 11, 2012 11:12:56 AM hudson.PluginWrapper stop
INFO: Stopping maven-plugin
Dec 11, 2012 11:12:56 AM hudson.PluginWrapper stop
INFO: Stopping translation
Dec 11, 2012 11:12:56 AM hudson.PluginWrapper stop
INFO: Stopping ssh-slaves
</stderr>
      <duration>13.298</duration>
      <timestamp>2012-12-11T11:12:43</timestamp>
      <cases>
        <case>
          <duration>13.298</duration>
          <className>hudson.maven.MavenOptsTest</className>
          <testName>testEnvMavenOptsOverriddenByProject</testName>
          <skipped>false</skipped>
          <failedSince>0</failedSince>
        </case>
      </cases>
    </suite>
    <suite>
      <file>/home/jenkins/slave/workspace/jenkins_main_trunk/test/target/surefire-reports/hudson.maven.MavenOptsTest.testEnvironmentVariableExpansion.690.xml</file>
      <name>hudson.maven.MavenOptsTest.testEnvironmentVariableExpansion</name>
      <stdout>=== Starting MavenOptsTest.testEnvironmentVariableExpansion
</stdout>
      <stderr>Dec 11, 2012 11:13:38 AM org.mortbay.log.Slf4jLog info
INFO: jetty-6.1.26
Dec 11, 2012 11:13:38 AM org.mortbay.log.Slf4jLog info
INFO: NO JSP Support for , did not find org.apache.jasper.servlet.JspServlet
Dec 11, 2012 11:13:38 AM org.mortbay.log.Slf4jLog info
INFO: Started SocketConnector@0.0.0.0:57132
Dec 11, 2012 11:13:38 AM jenkins.InitReactorRunner$1 onAttained
INFO: Started initialization
Dec 11, 2012 11:13:38 AM jenkins.InitReactorRunner$1 onAttained
INFO: Listed all plugins
Dec 11, 2012 
...[truncated 1195 chars]...
hudson.PluginWrapper stop
INFO: Stopping ant
Dec 11, 2012 11:13:51 AM hudson.PluginWrapper stop
INFO: Stopping javadoc
Dec 11, 2012 11:13:51 AM hudson.PluginWrapper stop
INFO: Stopping subversion
Dec 11, 2012 11:13:51 AM hudson.PluginWrapper stop
INFO: Stopping cvs
Dec 11, 2012 11:13:51 AM hudson.PluginWrapper stop
INFO: Stopping maven-plugin
Dec 11, 2012 11:13:51 AM hudson.PluginWrapper stop
INFO: Stopping translation
Dec 11, 2012 11:13:51 AM hudson.PluginWrapper stop
INFO: Stopping ssh-slaves
</stderr>
      <duration>13.248</duration>
      <timestamp>2012-12-11T11:13:38</timestamp>
      <cases>
        <case>
          <duration>13.248</duration>
          <className>hudson.maven.MavenOptsTest</className>
          <testName>testEnvironmentVariableExpansion</testName>
          <skipped>false</skipped>
          <failedSince>0</failedSince>
        </case>
      </cases>
    </suite>
    <suite>
      <file>/home/jenkins/slave/workspace/jenkins_main_trunk/test/target/surefire-reports/hudson.maven.MavenOptsTest.testGlobalMavenOpts.687.xml</file>
      <name>hudson.maven.MavenOptsTest.testGlobalMavenOpts</name>
      <stdout>=== Starting MavenOptsTest.testGlobalMavenOpts
</stdout>
      <stderr>Dec 11, 2012 11:13:10 AM org.mortbay.log.Slf4jLog info
INFO: jetty-6.1.26
Dec 11, 2012 11:13:10 AM org.mortbay.log.Slf4jLog info
INFO: NO JSP Support for , did not find org.apache.jasper.servlet.JspServlet
Dec 11, 2012 11:13:10 AM org.mortbay.log.Slf4jLog info
INFO: Started SocketConnector@0.0.0.0:57180
Dec 11, 2012 11:13:10 AM jenkins.InitReactorRunner$1 onAttained
INFO: Started initialization
Dec 11, 2012 11:13:10 AM jenkins.InitReactorRunner$1 onAttained
INFO: Listed all plugins
Dec 11, 2012 
...[truncated 1095 chars]...
hudson.PluginWrapper stop
INFO: Stopping ant
Dec 11, 2012 11:13:18 AM hudson.PluginWrapper stop
INFO: Stopping javadoc
Dec 11, 2012 11:13:18 AM hudson.PluginWrapper stop
INFO: Stopping subversion
Dec 11, 2012 11:13:18 AM hudson.PluginWrapper stop
INFO: Stopping cvs
Dec 11, 2012 11:13:18 AM hudson.PluginWrapper stop
INFO: Stopping maven-plugin
Dec 11, 2012 11:13:18 AM hudson.PluginWrapper stop
INFO: Stopping translation
Dec 11, 2012 11:13:18 AM hudson.PluginWrapper stop
INFO: Stopping ssh-slaves
</stderr>
      <duration>7.68</duration>
      <timestamp>2012-12-11T11:13:10</timestamp>
      <cases>
        <case>
          <duration>7.68</duration>
          <className>hudson.maven.MavenOptsTest</className>
          <testName>testGlobalMavenOpts</testName>
          <skipped>false</skipped>
          <failedSince>0</failedSince>
        </case>
      </cases>
    </suite>
    <suite>
      <file>/home/jenkins/slave/workspace/jenkins_main_trunk/test/target/surefire-reports/hudson.maven.MavenOptsTest.testGlobalMavenOptsOverridenByProject.688.xml</file>
      <name>hudson.maven.MavenOptsTest.testGlobalMavenOptsOverridenByProject</name>
      <stdout>=== Starting MavenOptsTest.testGlobalMavenOptsOverridenByProject
</stdout>
      <stderr>Dec 11, 2012 11:13:18 AM org.mortbay.log.Slf4jLog info
INFO: jetty-6.1.26
Dec 11, 2012 11:13:18 AM org.mortbay.log.Slf4jLog info
INFO: NO JSP Support for , did not find org.apache.jasper.servlet.JspServlet
Dec 11, 2012 11:13:18 AM org.mortbay.log.Slf4jLog info
INFO: Started SocketConnector@0.0.0.0:59515
Dec 11, 2012 11:13:18 AM jenkins.InitReactorRunner$1 onAttained
INFO: Started initialization
Dec 11, 2012 11:13:18 AM jenkins.InitReactorRunner$1 onAttained
INFO: Listed all plugins
Dec 11, 2012 
...[truncated 1095 chars]...
hudson.PluginWrapper stop
INFO: Stopping ant
Dec 11, 2012 11:13:26 AM hudson.PluginWrapper stop
INFO: Stopping javadoc
Dec 11, 2012 11:13:26 AM hudson.PluginWrapper stop
INFO: Stopping subversion
Dec 11, 2012 11:13:26 AM hudson.PluginWrapper stop
INFO: Stopping cvs
Dec 11, 2012 11:13:26 AM hudson.PluginWrapper stop
INFO: Stopping maven-plugin
Dec 11, 2012 11:13:26 AM hudson.PluginWrapper stop
INFO: Stopping translation
Dec 11, 2012 11:13:26 AM hudson.PluginWrapper stop
INFO: Stopping ssh-slaves
</stderr>
      <duration>8.313</duration>
      <timestamp>2012-12-11T11:13:18</timestamp>
      <cases>
        <case>
          <duration>8.313</duration>
          <className>hudson.maven.MavenOptsTest</className>
          <testName>testGlobalMavenOptsOverridenByProject</testName>
          <skipped>false</skipped>
          <failedSince>0</failedSince>
        </case>
      </cases>
    </suite>
    <suite>
      <file>/home/jenkins/slave/workspace/jenkins_main_trunk/test/target/surefire-reports/hudson.maven.MavenOptsTest.testNewlinesInOptsRemoved.689.xml</file>
      <name>hudson.maven.MavenOptsTest.testNewlinesInOptsRemoved</name>
      <stdout>=== Starting MavenOptsTest.testNewlinesInOptsRemoved
</stdout>
      <stderr>Dec 11, 2012 11:13:26 AM org.mortbay.log.Slf4jLog info
INFO: jetty-6.1.26
Dec 11, 2012 11:13:26 AM org.mortbay.log.Slf4jLog info
INFO: NO JSP Support for , did not find org.apache.jasper.servlet.JspServlet
Dec 11, 2012 11:13:26 AM org.mortbay.log.Slf4jLog info
INFO: Started SocketConnector@0.0.0.0:40963
Dec 11, 2012 11:13:26 AM jenkins.InitReactorRunner$1 onAttained
INFO: Started initialization
Dec 11, 2012 11:13:26 AM jenkins.InitReactorRunner$1 onAttained
INFO: Listed all plugins
Dec 11, 2012 
...[truncated 1095 chars]...
hudson.PluginWrapper stop
INFO: Stopping ant
Dec 11, 2012 11:13:37 AM hudson.PluginWrapper stop
INFO: Stopping javadoc
Dec 11, 2012 11:13:37 AM hudson.PluginWrapper stop
INFO: Stopping subversion
Dec 11, 2012 11:13:37 AM hudson.PluginWrapper stop
INFO: Stopping cvs
Dec 11, 2012 11:13:37 AM hudson.PluginWrapper stop
INFO: Stopping maven-plugin
Dec 11, 2012 11:13:37 AM hudson.PluginWrapper stop
INFO: Stopping translation
Dec 11, 2012 11:13:37 AM hudson.PluginWrapper stop
INFO: Stopping ssh-slaves
</stderr>
      <duration>11.423</duration>
      <timestamp>2012-12-11T11:13:26</timestamp>
      <cases>
        <case>
          <duration>11.423</duration>
          <className>hudson.maven.MavenOptsTest</className>
          <testName>testNewlinesInOptsRemoved</testName>
          <skipped>false</skipped>
          <failedSince>0</failedSince>
        </case>
      </cases>
    </suite>
    <suite>
      <file>/home/jenkins/slave/workspace/jenkins_main_trunk/test/target/surefire-reports/hudson.maven.MavenProjectTest.testAbsolutePathPom.698.xml</file>
      <name>hudson.maven.MavenProjectTest.testAbsolutePathPom</name>
      <stdout>=== Starting MavenProjectTest.testAbsolutePathPom
</stdout>
      <stderr>Dec 11, 2012 11:16:10 AM org.mortbay.log.Slf4jLog info
INFO: jetty-6.1.26
Dec 11, 2012 11:16:10 AM org.mortbay.log.Slf4jLog info
INFO: NO JSP Support for , did not find org.apache.jasper.servlet.JspServlet
Dec 11, 2012 11:16:10 AM org.mortbay.log.Slf4jLog info
INFO: Started SocketConnector@0.0.0.0:58912
Dec 11, 2012 11:16:10 AM jenkins.InitReactorRunner$1 onAttained
INFO: Started initialization
Dec 11, 2012 11:16:10 AM jenkins.InitReactorRunner$1 onAttained
INFO: Listed all plugins
Dec 11, 2012 
...[truncated 1095 chars]...
hudson.PluginWrapper stop
INFO: Stopping ant
Dec 11, 2012 11:16:18 AM hudson.PluginWrapper stop
INFO: Stopping javadoc
Dec 11, 2012 11:16:18 AM hudson.PluginWrapper stop
INFO: Stopping subversion
Dec 11, 2012 11:16:18 AM hudson.PluginWrapper stop
INFO: Stopping cvs
Dec 11, 2012 11:16:18 AM hudson.PluginWrapper stop
INFO: Stopping maven-plugin
Dec 11, 2012 11:16:18 AM hudson.PluginWrapper stop
INFO: Stopping translation
Dec 11, 2012 11:16:18 AM hudson.PluginWrapper stop
INFO: Stopping ssh-slaves
</stderr>
      <duration>9.07</duration>
      <timestamp>2012-12-11T11:16:10</timestamp>
      <cases>
        <case>
          <duration>9.07</duration>
          <className>hudson.maven.MavenProjectTest</className>
          <testName>testAbsolutePathPom</testName>
          <skipped>false</skipped>
          <failedSince>0</failedSince>
        </case>
      </cases>
    </suite>
    <suite>
      <file>/home/jenkins/slave/workspace/jenkins_main_trunk/test/target/surefire-reports/hudson.maven.MavenProjectTest.testConfigRoundtrip.691.xml</file>
      <name>hudson.maven.MavenProjectTest.testConfigRoundtrip</name>
      <stdout>=== Starting MavenProjectTest.testConfigRoundtrip
</stdout>
      <stderr>Dec 11, 2012 11:13:51 AM org.mortbay.log.Slf4jLog info
INFO: jetty-6.1.26
Dec 11, 2012 11:13:51 AM org.mortbay.log.Slf4jLog info
INFO: NO JSP Support for , did not find org.apache.jasper.servlet.JspServlet
Dec 11, 2012 11:13:51 AM org.mortbay.log.Slf4jLog info
INFO: Started SocketConnector@0.0.0.0:45473
Dec 11, 2012 11:13:51 AM jenkins.InitReactorRunner$1 onAttained
INFO: Started initialization
Dec 11, 2012 11:13:51 AM jenkins.InitReactorRunner$1 onAttained
INFO: Listed all plugins
Dec 11, 2012 
...[truncated 24433 chars]...
hudson.PluginWrapper stop
INFO: Stopping ant
Dec 11, 2012 11:14:17 AM hudson.PluginWrapper stop
INFO: Stopping javadoc
Dec 11, 2012 11:14:17 AM hudson.PluginWrapper stop
INFO: Stopping subversion
Dec 11, 2012 11:14:17 AM hudson.PluginWrapper stop
INFO: Stopping cvs
Dec 11, 2012 11:14:17 AM hudson.PluginWrapper stop
INFO: Stopping maven-plugin
Dec 11, 2012 11:14:17 AM hudson.PluginWrapper stop
INFO: Stopping translation
Dec 11, 2012 11:14:17 AM hudson.PluginWrapper stop
INFO: Stopping ssh-slaves
</stderr>
      <duration>26.823</duration>
      <timestamp>2012-12-11T11:13:51</timestamp>
      <cases>
        <case>
          <duration>26.823</duration>
          <className>hudson.maven.MavenProjectTest</className>
          <testName>testConfigRoundtrip</testName>
          <skipped>false</skipped>
          <failedSince>0</failedSince>
        </case>
      </cases>
    </suite>
    <suite>
      <file>/home/jenkins/slave/workspace/jenkins_main_trunk/test/target/surefire-reports/hudson.maven.MavenProjectTest.testDeleteSetBuildDeletesModuleBuilds.697.xml</file>
      <name>hudson.maven.MavenProjectTest.testDeleteSetBuildDeletesModuleBuilds</name>
      <stdout>=== Starting MavenProjectTest.testDeleteSetBuildDeletesModuleBuilds
</stdout>
      <stderr>Dec 11, 2012 11:15:34 AM org.mortbay.log.Slf4jLog info
INFO: jetty-6.1.26
Dec 11, 2012 11:15:34 AM org.mortbay.log.Slf4jLog info
INFO: NO JSP Support for , did not find org.apache.jasper.servlet.JspServlet
Dec 11, 2012 11:15:34 AM org.mortbay.log.Slf4jLog info
INFO: Started SocketConnector@0.0.0.0:53369
Dec 11, 2012 11:15:34 AM jenkins.InitReactorRunner$1 onAttained
INFO: Started initialization
Dec 11, 2012 11:15:34 AM jenkins.InitReactorRunner$1 onAttained
INFO: Listed all plugins
Dec 11, 2012 
...[truncated 2910 chars]...
hudson.PluginWrapper stop
INFO: Stopping ant
Dec 11, 2012 11:16:09 AM hudson.PluginWrapper stop
INFO: Stopping javadoc
Dec 11, 2012 11:16:09 AM hudson.PluginWrapper stop
INFO: Stopping subversion
Dec 11, 2012 11:16:09 AM hudson.PluginWrapper stop
INFO: Stopping cvs
Dec 11, 2012 11:16:09 AM hudson.PluginWrapper stop
INFO: Stopping maven-plugin
Dec 11, 2012 11:16:09 AM hudson.PluginWrapper stop
INFO: Stopping translation
Dec 11, 2012 11:16:09 AM hudson.PluginWrapper stop
INFO: Stopping ssh-slaves
</stderr>
      <duration>35.511</duration>
      <timestamp>2012-12-11T11:15:34</timestamp>
      <cases>
        <case>
          <duration>35.511</duration>
          <className>hudson.maven.MavenProjectTest</className>
          <testName>testDeleteSetBuildDeletesModuleBuilds</testName>
          <skipped>false</skipped>
          <failedSince>0</failedSince>
        </case>
      </cases>
    </suite>
    <suite>
      <file>/home/jenkins/slave/workspace/jenkins_main_trunk/test/target/surefire-reports/hudson.maven.MavenProjectTest.testMultiModuleSiteBuild.695.xml</file>
      <name>hudson.maven.MavenProjectTest.testMultiModuleSiteBuild</name>
      <stdout>=== Starting MavenProjectTest.testMultiModuleSiteBuild
</stdout>
      <stderr>Dec 11, 2012 11:14:49 AM org.mortbay.log.Slf4jLog info
INFO: jetty-6.1.26
Dec 11, 2012 11:14:49 AM org.mortbay.log.Slf4jLog info
INFO: NO JSP Support for , did not find org.apache.jasper.servlet.JspServlet
Dec 11, 2012 11:14:49 AM org.mortbay.log.Slf4jLog info
INFO: Started SocketConnector@0.0.0.0:51418
Dec 11, 2012 11:14:49 AM jenkins.InitReactorRunner$1 onAttained
INFO: Started initialization
Dec 11, 2012 11:14:49 AM jenkins.InitReactorRunner$1 onAttained
INFO: Listed all plugins
Dec 11, 2012 
...[truncated 3081 chars]...
eek(ObjectInputStream.java:2541)
	at java.io.ObjectInputStream$BlockDataInputStream.peekByte(ObjectInputStream.java:2551)
	at java.io.ObjectInputStream.readObject0(ObjectInputStream.java:1296)
	at java.io.ObjectInputStream.readObject(ObjectInputStream.java:350)
	at hudson.remoting.Command.readFrom(Command.java:90)
	at hudson.remoting.ClassicCommandTransport.read(ClassicCommandTransport.java:59)
	at hudson.remoting.SynchronousCommandTransport$ReaderThread.run(SynchronousCommandTransport.java:48)
</stderr>
      <duration>25.932</duration>
      <timestamp>2012-12-11T11:14:49</timestamp>
      <cases>
        <case>
          <duration>25.932</duration>
          <className>hudson.maven.MavenProjectTest</className>
          <testName>testMultiModuleSiteBuild</testName>
          <skipped>false</skipped>
          <failedSince>0</failedSince>
        </case>
      </cases>
    </suite>
    <suite>
      <file>/home/jenkins/slave/workspace/jenkins_main_trunk/test/target/surefire-reports/hudson.maven.MavenProjectTest.testMultiModuleSiteBuildOnSlave.696.xml</file>
      <name>hudson.maven.MavenProjectTest.testMultiModuleSiteBuildOnSlave</name>
      <stdout>=== Starting MavenProjectTest.testMultiModuleSiteBuildOnSlave
</stdout>
      <stderr>Dec 11, 2012 11:15:15 AM org.mortbay.log.Slf4jLog info
INFO: jetty-6.1.26
Dec 11, 2012 11:15:15 AM org.mortbay.log.Slf4jLog info
INFO: NO JSP Support for , did not find org.apache.jasper.servlet.JspServlet
Dec 11, 2012 11:15:15 AM org.mortbay.log.Slf4jLog info
INFO: Started SocketConnector@0.0.0.0:50304
Dec 11, 2012 11:15:15 AM jenkins.InitReactorRunner$1 onAttained
INFO: Started initialization
Dec 11, 2012 11:15:15 AM jenkins.InitReactorRunner$1 onAttained
INFO: Listed all plugins
Dec 11, 2012 
...[truncated 1195 chars]...
hudson.PluginWrapper stop
INFO: Stopping ant
Dec 11, 2012 11:15:34 AM hudson.PluginWrapper stop
INFO: Stopping javadoc
Dec 11, 2012 11:15:34 AM hudson.PluginWrapper stop
INFO: Stopping subversion
Dec 11, 2012 11:15:34 AM hudson.PluginWrapper stop
INFO: Stopping cvs
Dec 11, 2012 11:15:34 AM hudson.PluginWrapper stop
INFO: Stopping maven-plugin
Dec 11, 2012 11:15:34 AM hudson.PluginWrapper stop
INFO: Stopping translation
Dec 11, 2012 11:15:34 AM hudson.PluginWrapper stop
INFO: Stopping ssh-slaves
</stderr>
      <duration>19.828</duration>
      <timestamp>2012-12-11T11:15:15</timestamp>
      <cases>
        <case>
          <duration>19.828</duration>
          <className>hudson.maven.MavenProjectTest</className>
          <testName>testMultiModuleSiteBuildOnSlave</testName>
          <skipped>false</skipped>
          <failedSince>0</failedSince>
        </case>
      </cases>
    </suite>
    <suite>
      <file>/home/jenkins/slave/workspace/jenkins_main_trunk/test/target/surefire-reports/hudson.maven.MavenProjectTest.testOnMaster.692.xml</file>
      <name>hudson.maven.MavenProjectTest.testOnMaster</name>
      <stdout>=== Starting MavenProjectTest.testOnMaster
</stdout>
      <stderr>Dec 11, 2012 11:14:18 AM org.mortbay.log.Slf4jLog info
INFO: jetty-6.1.26
Dec 11, 2012 11:14:18 AM org.mortbay.log.Slf4jLog info
INFO: NO JSP Support for , did not find org.apache.jasper.servlet.JspServlet
Dec 11, 2012 11:14:18 AM org.mortbay.log.Slf4jLog info
INFO: Started SocketConnector@0.0.0.0:52712
Dec 11, 2012 11:14:18 AM jenkins.InitReactorRunner$1 onAttained
INFO: Started initialization
Dec 11, 2012 11:14:18 AM jenkins.InitReactorRunner$1 onAttained
INFO: Listed all plugins
Dec 11, 2012 
...[truncated 1218 chars]...
hudson.PluginWrapper stop
INFO: Stopping ant
Dec 11, 2012 11:14:24 AM hudson.PluginWrapper stop
INFO: Stopping javadoc
Dec 11, 2012 11:14:24 AM hudson.PluginWrapper stop
INFO: Stopping subversion
Dec 11, 2012 11:14:24 AM hudson.PluginWrapper stop
INFO: Stopping cvs
Dec 11, 2012 11:14:24 AM hudson.PluginWrapper stop
INFO: Stopping maven-plugin
Dec 11, 2012 11:14:24 AM hudson.PluginWrapper stop
INFO: Stopping translation
Dec 11, 2012 11:14:24 AM hudson.PluginWrapper stop
INFO: Stopping ssh-slaves
</stderr>
      <duration>6.615</duration>
      <timestamp>2012-12-11T11:14:18</timestamp>
      <cases>
        <case>
          <duration>6.615</duration>
          <className>hudson.maven.MavenProjectTest</className>
          <testName>testOnMaster</testName>
          <skipped>false</skipped>
          <failedSince>0</failedSince>
        </case>
      </cases>
    </suite>
    <suite>
      <file>/home/jenkins/slave/workspace/jenkins_main_trunk/test/target/surefire-reports/hudson.maven.MavenProjectTest.testOnSlave.693.xml</file>
      <name>hudson.maven.MavenProjectTest.testOnSlave</name>
      <stdout>=== Starting MavenProjectTest.testOnSlave
</stdout>
      <stderr>Dec 11, 2012 11:14:24 AM org.mortbay.log.Slf4jLog info
INFO: jetty-6.1.26
Dec 11, 2012 11:14:24 AM org.mortbay.log.Slf4jLog info
INFO: NO JSP Support for , did not find org.apache.jasper.servlet.JspServlet
Dec 11, 2012 11:14:24 AM org.mortbay.log.Slf4jLog info
INFO: Started SocketConnector@0.0.0.0:53867
Dec 11, 2012 11:14:25 AM jenkins.InitReactorRunner$1 onAttained
INFO: Started initialization
Dec 11, 2012 11:14:25 AM jenkins.InitReactorRunner$1 onAttained
INFO: Listed all plugins
Dec 11, 2012 
...[truncated 1318 chars]...
hudson.PluginWrapper stop
INFO: Stopping ant
Dec 11, 2012 11:14:36 AM hudson.PluginWrapper stop
INFO: Stopping javadoc
Dec 11, 2012 11:14:36 AM hudson.PluginWrapper stop
INFO: Stopping subversion
Dec 11, 2012 11:14:36 AM hudson.PluginWrapper stop
INFO: Stopping cvs
Dec 11, 2012 11:14:36 AM hudson.PluginWrapper stop
INFO: Stopping maven-plugin
Dec 11, 2012 11:14:36 AM hudson.PluginWrapper stop
INFO: Stopping translation
Dec 11, 2012 11:14:36 AM hudson.PluginWrapper stop
INFO: Stopping ssh-slaves
</stderr>
      <duration>11.756</duration>
      <timestamp>2012-12-11T11:14:24</timestamp>
      <cases>
        <case>
          <duration>11.756</duration>
          <className>hudson.maven.MavenProjectTest</className>
          <testName>testOnSlave</testName>
          <skipped>false</skipped>
          <failedSince>0</failedSince>
        </case>
      </cases>
    </suite>
    <suite>
      <file>/home/jenkins/slave/workspace/jenkins_main_trunk/test/target/surefire-reports/hudson.maven.MavenProjectTest.testSiteBuild.694.xml</file>
      <name>hudson.maven.MavenProjectTest.testSiteBuild</name>
      <stdout>=== Starting MavenProjectTest.testSiteBuild
</stdout>
      <stderr>Dec 11, 2012 11:14:36 AM org.mortbay.log.Slf4jLog info
INFO: jetty-6.1.26
Dec 11, 2012 11:14:36 AM org.mortbay.log.Slf4jLog info
INFO: NO JSP Support for , did not find org.apache.jasper.servlet.JspServlet
Dec 11, 2012 11:14:36 AM org.mortbay.log.Slf4jLog info
INFO: Started SocketConnector@0.0.0.0:48767
Dec 11, 2012 11:14:36 AM jenkins.InitReactorRunner$1 onAttained
INFO: Started initialization
Dec 11, 2012 11:14:36 AM jenkins.InitReactorRunner$1 onAttained
INFO: Listed all plugins
Dec 11, 2012 
...[truncated 2719 chars]...
hudson.PluginWrapper stop
INFO: Stopping ant
Dec 11, 2012 11:14:48 AM hudson.PluginWrapper stop
INFO: Stopping javadoc
Dec 11, 2012 11:14:48 AM hudson.PluginWrapper stop
INFO: Stopping subversion
Dec 11, 2012 11:14:48 AM hudson.PluginWrapper stop
INFO: Stopping cvs
Dec 11, 2012 11:14:48 AM hudson.PluginWrapper stop
INFO: Stopping maven-plugin
Dec 11, 2012 11:14:48 AM hudson.PluginWrapper stop
INFO: Stopping translation
Dec 11, 2012 11:14:48 AM hudson.PluginWrapper stop
INFO: Stopping ssh-slaves
</stderr>
      <duration>12.337</duration>
      <timestamp>2012-12-11T11:14:36</timestamp>
      <cases>
        <case>
          <duration>12.337</duration>
          <className>hudson.maven.MavenProjectTest</className>
          <testName>testSiteBuild</testName>
          <skipped>false</skipped>
          <failedSince>0</failedSince>
        </case>
      </cases>
    </suite>
    <suite>
      <file>/home/jenkins/slave/workspace/jenkins_main_trunk/test/target/surefire-reports/hudson.maven.RedeployPublisherTest.testBug2593.702.xml</file>
      <name>hudson.maven.RedeployPublisherTest.testBug2593</name>
      <stdout>=== Starting RedeployPublisherTest.testBug2593
/home/jenkins/slave/workspace/jenkins_main_trunk/test/target/hudson262829119575569644test
</stdout>
      <stderr>Dec 11, 2012 11:18:24 AM org.mortbay.log.Slf4jLog info
INFO: jetty-6.1.26
Dec 11, 2012 11:18:24 AM org.mortbay.log.Slf4jLog info
INFO: NO JSP Support for , did not find org.apache.jasper.servlet.JspServlet
Dec 11, 2012 11:18:24 AM org.mortbay.log.Slf4jLog info
INFO: Started SocketConnector@0.0.0.0:60284
Dec 11, 2012 11:18:24 AM jenkins.InitReactorRunner$1 onAttained
INFO: Started initialization
Dec 11, 2012 11:18:24 AM jenkins.InitReactorRunner$1 onAttained
INFO: Listed all plugins
Dec 11, 2012 
...[truncated 1095 chars]...
hudson.PluginWrapper stop
INFO: Stopping ant
Dec 11, 2012 11:18:33 AM hudson.PluginWrapper stop
INFO: Stopping javadoc
Dec 11, 2012 11:18:33 AM hudson.PluginWrapper stop
INFO: Stopping subversion
Dec 11, 2012 11:18:33 AM hudson.PluginWrapper stop
INFO: Stopping cvs
Dec 11, 2012 11:18:33 AM hudson.PluginWrapper stop
INFO: Stopping maven-plugin
Dec 11, 2012 11:18:33 AM hudson.PluginWrapper stop
INFO: Stopping translation
Dec 11, 2012 11:18:33 AM hudson.PluginWrapper stop
INFO: Stopping ssh-slaves
</stderr>
      <duration>9.333</duration>
      <timestamp>2012-12-11T11:18:24</timestamp>
      <cases>
        <case>
          <duration>9.333</duration>
          <className>hudson.maven.RedeployPublisherTest</className>
          <testName>testBug2593</testName>
          <skipped>false</skipped>
          <failedSince>0</failedSince>
        </case>
      </cases>
    </suite>
    <suite>
      <file>/home/jenkins/slave/workspace/jenkins_main_trunk/test/target/surefire-reports/hudson.maven.RedeployPublisherTest.testConfigRoundtrip.701.xml</file>
      <name>hudson.maven.RedeployPublisherTest.testConfigRoundtrip</name>
      <stdout>=== Starting RedeployPublisherTest.testConfigRoundtrip
</stdout>
      <stderr>Dec 11, 2012 11:18:16 AM org.mortbay.log.Slf4jLog info
INFO: jetty-6.1.26
Dec 11, 2012 11:18:16 AM org.mortbay.log.Slf4jLog info
INFO: NO JSP Support for , did not find org.apache.jasper.servlet.JspServlet
Dec 11, 2012 11:18:16 AM org.mortbay.log.Slf4jLog info
INFO: Started SocketConnector@0.0.0.0:36582
Dec 11, 2012 11:18:16 AM jenkins.InitReactorRunner$1 onAttained
INFO: Started initialization
Dec 11, 2012 11:18:16 AM jenkins.InitReactorRunner$1 onAttained
INFO: Listed all plugins
Dec 11, 2012 
...[truncated 6853 chars]...
hudson.PluginWrapper stop
INFO: Stopping ant
Dec 11, 2012 11:18:23 AM hudson.PluginWrapper stop
INFO: Stopping javadoc
Dec 11, 2012 11:18:23 AM hudson.PluginWrapper stop
INFO: Stopping subversion
Dec 11, 2012 11:18:23 AM hudson.PluginWrapper stop
INFO: Stopping cvs
Dec 11, 2012 11:18:23 AM hudson.PluginWrapper stop
INFO: Stopping maven-plugin
Dec 11, 2012 11:18:23 AM hudson.PluginWrapper stop
INFO: Stopping translation
Dec 11, 2012 11:18:23 AM hudson.PluginWrapper stop
INFO: Stopping ssh-slaves
</stderr>
      <duration>8.119</duration>
      <timestamp>2012-12-11T11:18:16</timestamp>
      <cases>
        <case>
          <duration>8.119</duration>
          <className>hudson.maven.RedeployPublisherTest</className>
          <testName>testConfigRoundtrip</testName>
          <skipped>false</skipped>
          <failedSince>0</failedSince>
        </case>
      </cases>
    </suite>
    <suite>
      <file>/home/jenkins/slave/workspace/jenkins_main_trunk/test/target/surefire-reports/hudson.maven.RedeployPublisherTest.testDeployUnstable.707.xml</file>
      <name>hudson.maven.RedeployPublisherTest.testDeployUnstable</name>
      <stdout>=== Starting RedeployPublisherTest.testDeployUnstable
[INFO] Retrieving previous build number from 
[INFO] repository metadata for: &apos;snapshot test:test:1.0-SNAPSHOT&apos; could not be found on repository: , so will be created
Uploading: file:/home/jenkins/slave/workspace/jenkins_main_trunk/test/target/hudson7057271347958965749test//test/test/1.0-SNAPSHOT/test-1.0-SNAPSHOT.jar
2K uploaded
[INFO] Retrieving previous metadata from 
[INFO] repository metadata for: &apos;snapshot test:test:1.0-SNAPSHOT&apos; could not be found on repository: , so will be created
[INFO] Uploading repository metadata for: &apos;snapshot test:test:1.0-SNAPSHOT&apos;
[INFO] Uploading project information for test 1.0-SNAPSHOT
</stdout>
      <stderr>Dec 11, 2012 11:19:16 AM org.mortbay.log.Slf4jLog info
INFO: jetty-6.1.26
Dec 11, 2012 11:19:16 AM org.mortbay.log.Slf4jLog info
INFO: NO JSP Support for , did not find org.apache.jasper.servlet.JspServlet
Dec 11, 2012 11:19:16 AM org.mortbay.log.Slf4jLog info
INFO: Started SocketConnector@0.0.0.0:42330
Dec 11, 2012 11:19:16 AM jenkins.InitReactorRunner$1 onAttained
INFO: Started initialization
Dec 11, 2012 11:19:16 AM jenkins.InitReactorRunner$1 onAttained
INFO: Listed all plugins
Dec 11, 2012 
...[truncated 1095 chars]...
hudson.PluginWrapper stop
INFO: Stopping ant
Dec 11, 2012 11:19:27 AM hudson.PluginWrapper stop
INFO: Stopping javadoc
Dec 11, 2012 11:19:27 AM hudson.PluginWrapper stop
INFO: Stopping subversion
Dec 11, 2012 11:19:27 AM hudson.PluginWrapper stop
INFO: Stopping cvs
Dec 11, 2012 11:19:27 AM hudson.PluginWrapper stop
INFO: Stopping maven-plugin
Dec 11, 2012 11:19:27 AM hudson.PluginWrapper stop
INFO: Stopping translation
Dec 11, 2012 11:19:27 AM hudson.PluginWrapper stop
INFO: Stopping ssh-slaves
</stderr>
      <duration>11.417</duration>
      <timestamp>2012-12-11T11:19:16</timestamp>
      <cases>
        <case>
          <duration>11.417</duration>
          <className>hudson.maven.RedeployPublisherTest</className>
          <testName>testDeployUnstable</testName>
          <skipped>false</skipped>
          <failedSince>0</failedSince>
        </case>
      </cases>
    </suite>
    <suite>
      <file>/home/jenkins/slave/workspace/jenkins_main_trunk/test/target/surefire-reports/hudson.maven.RedeployPublisherTest.testTarGz.703.xml</file>
      <name>hudson.maven.RedeployPublisherTest.testTarGz</name>
      <stdout>=== Starting RedeployPublisherTest.testTarGz
[INFO] Retrieving previous build number from 
[INFO] repository metadata for: &apos;snapshot test:test:0.1-SNAPSHOT&apos; could not be found on repository: , so will be created
Uploading: file:/home/jenkins/slave/workspace/jenkins_main_trunk/test/target/hudson6100272210725096375test//test/test/0.1-SNAPSHOT/test-0.1-SNAPSHOT.jar
2K uploaded
[INFO] Retrieving previous metadata from 
[INFO] repository metadata for: &apos;snapshot test:test:0.1-SNAPSHOT&apos; could not be fo
...[truncated 681 chars]...
APSHOT/test-0.1-SNAPSHOT-bin.tar.bz2
2K uploaded
[INFO] Retrieving previous metadata from 
[INFO] Uploading repository metadata for: &apos;snapshot test:test:0.1-SNAPSHOT&apos;
[INFO] Retrieving previous build number from 
Uploading: file:/home/jenkins/slave/workspace/jenkins_main_trunk/test/target/hudson6100272210725096375test//test/test/0.1-SNAPSHOT/test-0.1-SNAPSHOT-bin.zip
1K uploaded
[INFO] Retrieving previous metadata from 
[INFO] Uploading repository metadata for: &apos;snapshot test:test:0.1-SNAPSHOT&apos;
</stdout>
      <stderr>Dec 11, 2012 11:18:33 AM org.mortbay.log.Slf4jLog info
INFO: jetty-6.1.26
Dec 11, 2012 11:18:33 AM org.mortbay.log.Slf4jLog info
INFO: NO JSP Support for , did not find org.apache.jasper.servlet.JspServlet
Dec 11, 2012 11:18:33 AM org.mortbay.log.Slf4jLog info
INFO: Started SocketConnector@0.0.0.0:38457
Dec 11, 2012 11:18:33 AM jenkins.InitReactorRunner$1 onAttained
INFO: Started initialization
Dec 11, 2012 11:18:33 AM jenkins.InitReactorRunner$1 onAttained
INFO: Listed all plugins
Dec 11, 2012 
...[truncated 1095 chars]...
hudson.PluginWrapper stop
INFO: Stopping ant
Dec 11, 2012 11:18:44 AM hudson.PluginWrapper stop
INFO: Stopping javadoc
Dec 11, 2012 11:18:44 AM hudson.PluginWrapper stop
INFO: Stopping subversion
Dec 11, 2012 11:18:44 AM hudson.PluginWrapper stop
INFO: Stopping cvs
Dec 11, 2012 11:18:44 AM hudson.PluginWrapper stop
INFO: Stopping maven-plugin
Dec 11, 2012 11:18:44 AM hudson.PluginWrapper stop
INFO: Stopping translation
Dec 11, 2012 11:18:44 AM hudson.PluginWrapper stop
INFO: Stopping ssh-slaves
</stderr>
      <duration>11.171</duration>
      <timestamp>2012-12-11T11:18:33</timestamp>
      <cases>
        <case>
          <duration>11.171</duration>
          <className>hudson.maven.RedeployPublisherTest</className>
          <testName>testTarGz</testName>
          <skipped>false</skipped>
          <failedSince>0</failedSince>
        </case>
      </cases>
    </suite>
    <suite>
      <file>/home/jenkins/slave/workspace/jenkins_main_trunk/test/target/surefire-reports/hudson.maven.RedeployPublisherTest.testTarGzMaven3.705.xml</file>
      <name>hudson.maven.RedeployPublisherTest.testTarGzMaven3</name>
      <stdout>=== Starting RedeployPublisherTest.testTarGzMaven3
</stdout>
      <stderr>Dec 11, 2012 11:18:54 AM org.mortbay.log.Slf4jLog info
INFO: jetty-6.1.26
Dec 11, 2012 11:18:54 AM org.mortbay.log.Slf4jLog info
INFO: NO JSP Support for , did not find org.apache.jasper.servlet.JspServlet
Dec 11, 2012 11:18:54 AM org.mortbay.log.Slf4jLog info
INFO: Started SocketConnector@0.0.0.0:50251
Dec 11, 2012 11:18:54 AM jenkins.InitReactorRunner$1 onAttained
INFO: Started initialization
Dec 11, 2012 11:18:54 AM jenkins.InitReactorRunner$1 onAttained
INFO: Listed all plugins
Dec 11, 2012 
...[truncated 1095 chars]...
hudson.PluginWrapper stop
INFO: Stopping ant
Dec 11, 2012 11:19:05 AM hudson.PluginWrapper stop
INFO: Stopping javadoc
Dec 11, 2012 11:19:05 AM hudson.PluginWrapper stop
INFO: Stopping subversion
Dec 11, 2012 11:19:05 AM hudson.PluginWrapper stop
INFO: Stopping cvs
Dec 11, 2012 11:19:05 AM hudson.PluginWrapper stop
INFO: Stopping maven-plugin
Dec 11, 2012 11:19:05 AM hudson.PluginWrapper stop
INFO: Stopping translation
Dec 11, 2012 11:19:05 AM hudson.PluginWrapper stop
INFO: Stopping ssh-slaves
</stderr>
      <duration>10.935</duration>
      <timestamp>2012-12-11T11:18:54</timestamp>
      <cases>
        <case>
          <duration>10.935</duration>
          <className>hudson.maven.RedeployPublisherTest</className>
          <testName>testTarGzMaven3</testName>
          <skipped>false</skipped>
          <failedSince>0</failedSince>
        </case>
      </cases>
    </suite>
    <suite>
      <file>/home/jenkins/slave/workspace/jenkins_main_trunk/test/target/surefire-reports/hudson.maven.RedeployPublisherTest.testTarGzUniqueVersionTrue.704.xml</file>
      <name>hudson.maven.RedeployPublisherTest.testTarGzUniqueVersionTrue</name>
      <stdout>=== Starting RedeployPublisherTest.testTarGzUniqueVersionTrue
deployed file test-0.1-20121211.111854-1-bin.zip.sha1deployed file test-0.1-20121211.111854-1-bin.tar.gzdeployed file test-0.1-20121211.111854-1-bin.tar.bz2.sha1deployed file test-0.1-20121211.111854-1-bin.tar.bz2.md5deployed file maven-metadata.xmldeployed file test-0.1-20121211.111854-1-bin.zipdeployed file maven-metadata.xml.sha1deployed file test-0.1-20121211.111854-1-bin.tar.bz2deployed file test-0.1-20121211.111854-1.pomdeployed
...[truncated 139 chars]...
.gz.sha1deployed file test-0.1-20121211.111854-1.pom.md5deployed file test-0.1-20121211.111854-1.jar.sha1deployed file test-0.1-20121211.111854-1-bin.zip.md5deployed file test-0.1-20121211.111854-1.jar.md5deployed file test-0.1-20121211.111854-1.pom.sha1deployed file maven-metadata.xml.md5deployed files [test-0.1-20121211.111854-1-bin.tar.gz, test-0.1-20121211.111854-1-bin.zip, test-0.1-20121211.111854-1.jar, test-0.1-20121211.111854-1-bin.tar.gz.md5, test-0.1-20121211.111854-1-bin.tar.gz.sha1]
</stdout>
      <stderr>Dec 11, 2012 11:18:45 AM org.mortbay.log.Slf4jLog info
INFO: jetty-6.1.26
Dec 11, 2012 11:18:45 AM org.mortbay.log.Slf4jLog info
INFO: NO JSP Support for , did not find org.apache.jasper.servlet.JspServlet
Dec 11, 2012 11:18:45 AM org.mortbay.log.Slf4jLog info
INFO: Started SocketConnector@0.0.0.0:55988
Dec 11, 2012 11:18:45 AM jenkins.InitReactorRunner$1 onAttained
INFO: Started initialization
Dec 11, 2012 11:18:45 AM jenkins.InitReactorRunner$1 onAttained
INFO: Listed all plugins
Dec 11, 2012 
...[truncated 1095 chars]...
hudson.PluginWrapper stop
INFO: Stopping ant
Dec 11, 2012 11:18:54 AM hudson.PluginWrapper stop
INFO: Stopping javadoc
Dec 11, 2012 11:18:54 AM hudson.PluginWrapper stop
INFO: Stopping subversion
Dec 11, 2012 11:18:54 AM hudson.PluginWrapper stop
INFO: Stopping cvs
Dec 11, 2012 11:18:54 AM hudson.PluginWrapper stop
INFO: Stopping maven-plugin
Dec 11, 2012 11:18:54 AM hudson.PluginWrapper stop
INFO: Stopping translation
Dec 11, 2012 11:18:54 AM hudson.PluginWrapper stop
INFO: Stopping ssh-slaves
</stderr>
      <duration>9.613</duration>
      <timestamp>2012-12-11T11:18:45</timestamp>
      <cases>
        <case>
          <duration>9.613</duration>
          <className>hudson.maven.RedeployPublisherTest</className>
          <testName>testTarGzUniqueVersionTrue</testName>
          <skipped>false</skipped>
          <failedSince>0</failedSince>
        </case>
      </cases>
    </suite>
    <suite>
      <file>/home/jenkins/slave/workspace/jenkins_main_trunk/test/target/surefire-reports/hudson.maven.RedeployPublisherTest.testTarGzUniqueVersionTrueMaven3.706.xml</file>
      <name>hudson.maven.RedeployPublisherTest.testTarGzUniqueVersionTrueMaven3</name>
      <stdout>=== Starting RedeployPublisherTest.testTarGzUniqueVersionTrueMaven3
deployed files [test-0.1-20121211.111915-1-bin.tar.gz, test-0.1-20121211.111915-1.jar, test-0.1-20121211.111915-1-bin.zip, test-0.1-20121211.111915-1-bin.tar.gz.sha1, test-0.1-20121211.111915-1-bin.tar.gz.md5]
</stdout>
      <stderr>Dec 11, 2012 11:19:05 AM org.mortbay.log.Slf4jLog info
INFO: jetty-6.1.26
Dec 11, 2012 11:19:05 AM org.mortbay.log.Slf4jLog info
INFO: NO JSP Support for , did not find org.apache.jasper.servlet.JspServlet
Dec 11, 2012 11:19:05 AM org.mortbay.log.Slf4jLog info
INFO: Started SocketConnector@0.0.0.0:37010
Dec 11, 2012 11:19:05 AM jenkins.InitReactorRunner$1 onAttained
INFO: Started initialization
Dec 11, 2012 11:19:05 AM jenkins.InitReactorRunner$1 onAttained
INFO: Listed all plugins
Dec 11, 2012 
...[truncated 1095 chars]...
hudson.PluginWrapper stop
INFO: Stopping ant
Dec 11, 2012 11:19:16 AM hudson.PluginWrapper stop
INFO: Stopping javadoc
Dec 11, 2012 11:19:16 AM hudson.PluginWrapper stop
INFO: Stopping subversion
Dec 11, 2012 11:19:16 AM hudson.PluginWrapper stop
INFO: Stopping cvs
Dec 11, 2012 11:19:16 AM hudson.PluginWrapper stop
INFO: Stopping maven-plugin
Dec 11, 2012 11:19:16 AM hudson.PluginWrapper stop
INFO: Stopping translation
Dec 11, 2012 11:19:16 AM hudson.PluginWrapper stop
INFO: Stopping ssh-slaves
</stderr>
      <duration>10.881</duration>
      <timestamp>2012-12-11T11:19:05</timestamp>
      <cases>
        <case>
          <duration>10.881</duration>
          <className>hudson.maven.RedeployPublisherTest</className>
          <testName>testTarGzUniqueVersionTrueMaven3</testName>
          <skipped>false</skipped>
          <failedSince>0</failedSince>
        </case>
      </cases>
    </suite>
    <suite>
      <file>/home/jenkins/slave/workspace/jenkins_main_trunk/test/target/surefire-reports/hudson.maven.reporters.MavenMailerTest.testMulipleMails.708.xml</file>
      <name>hudson.maven.reporters.MavenMailerTest.testMulipleMails</name>
      <stdout>=== Starting MavenMailerTest.testMulipleMails
</stdout>
      <stderr>Dec 11, 2012 11:19:27 AM org.mortbay.log.Slf4jLog info
INFO: jetty-6.1.26
Dec 11, 2012 11:19:27 AM org.mortbay.log.Slf4jLog info
INFO: NO JSP Support for , did not find org.apache.jasper.servlet.JspServlet
Dec 11, 2012 11:19:27 AM org.mortbay.log.Slf4jLog info
INFO: Started SocketConnector@0.0.0.0:40894
Dec 11, 2012 11:19:27 AM jenkins.InitReactorRunner$1 onAttained
INFO: Started initialization
Dec 11, 2012 11:19:27 AM jenkins.InitReactorRunner$1 onAttained
INFO: Listed all plugins
Dec 11, 2012 
...[truncated 1675 chars]...
hudson.PluginWrapper stop
INFO: Stopping ant
Dec 11, 2012 11:19:49 AM hudson.PluginWrapper stop
INFO: Stopping javadoc
Dec 11, 2012 11:19:49 AM hudson.PluginWrapper stop
INFO: Stopping subversion
Dec 11, 2012 11:19:49 AM hudson.PluginWrapper stop
INFO: Stopping cvs
Dec 11, 2012 11:19:49 AM hudson.PluginWrapper stop
INFO: Stopping maven-plugin
Dec 11, 2012 11:19:49 AM hudson.PluginWrapper stop
INFO: Stopping translation
Dec 11, 2012 11:19:49 AM hudson.PluginWrapper stop
INFO: Stopping ssh-slaves
</stderr>
      <duration>21.772</duration>
      <timestamp>2012-12-11T11:19:27</timestamp>
      <cases>
        <case>
          <duration>21.772</duration>
          <className>hudson.maven.reporters.MavenMailerTest</className>
          <testName>testMulipleMails</testName>
          <skipped>false</skipped>
          <failedSince>0</failedSince>
        </case>
      </cases>
    </suite>
    <suite>
      <file>/home/jenkins/slave/workspace/jenkins_main_trunk/test/target/surefire-reports/hudson.maven.reporters.MavenMailerTest.testSingleMails.709.xml</file>
      <name>hudson.maven.reporters.MavenMailerTest.testSingleMails</name>
      <stdout>=== Starting MavenMailerTest.testSingleMails
</stdout>
      <stderr>Dec 11, 2012 11:19:49 AM org.mortbay.log.Slf4jLog info
INFO: jetty-6.1.26
Dec 11, 2012 11:19:49 AM org.mortbay.log.Slf4jLog info
INFO: NO JSP Support for , did not find org.apache.jasper.servlet.JspServlet
Dec 11, 2012 11:19:49 AM org.mortbay.log.Slf4jLog info
INFO: Started SocketConnector@0.0.0.0:44063
Dec 11, 2012 11:19:49 AM jenkins.InitReactorRunner$1 onAttained
INFO: Started initialization
Dec 11, 2012 11:19:49 AM jenkins.InitReactorRunner$1 onAttained
INFO: Listed all plugins
Dec 11, 2012 
...[truncated 1675 chars]...
hudson.PluginWrapper stop
INFO: Stopping ant
Dec 11, 2012 11:20:10 AM hudson.PluginWrapper stop
INFO: Stopping javadoc
Dec 11, 2012 11:20:10 AM hudson.PluginWrapper stop
INFO: Stopping subversion
Dec 11, 2012 11:20:10 AM hudson.PluginWrapper stop
INFO: Stopping cvs
Dec 11, 2012 11:20:10 AM hudson.PluginWrapper stop
INFO: Stopping maven-plugin
Dec 11, 2012 11:20:10 AM hudson.PluginWrapper stop
INFO: Stopping translation
Dec 11, 2012 11:20:10 AM hudson.PluginWrapper stop
INFO: Stopping ssh-slaves
</stderr>
      <duration>21.101</duration>
      <timestamp>2012-12-11T11:19:49</timestamp>
      <cases>
        <case>
          <duration>21.101</duration>
          <className>hudson.maven.reporters.MavenMailerTest</className>
          <testName>testSingleMails</testName>
          <skipped>false</skipped>
          <failedSince>0</failedSince>
        </case>
      </cases>
    </suite>
    <suite>
      <file>/home/jenkins/slave/workspace/jenkins_main_trunk/test/target/surefire-reports/hudson.maven.reporters.MavenSiteArchiverTest.testSiteArchiving.710.xml</file>
      <name>hudson.maven.reporters.MavenSiteArchiverTest.testSiteArchiving</name>
      <stdout>=== Starting MavenSiteArchiverTest.testSiteArchiving
</stdout>
      <stderr>Dec 11, 2012 11:20:10 AM org.mortbay.log.Slf4jLog info
INFO: jetty-6.1.26
Dec 11, 2012 11:20:10 AM org.mortbay.log.Slf4jLog info
INFO: NO JSP Support for , did not find org.apache.jasper.servlet.JspServlet
Dec 11, 2012 11:20:10 AM org.mortbay.log.Slf4jLog info
INFO: Started SocketConnector@0.0.0.0:37747
Dec 11, 2012 11:20:10 AM jenkins.InitReactorRunner$1 onAttained
INFO: Started initialization
Dec 11, 2012 11:20:10 AM jenkins.InitReactorRunner$1 onAttained
INFO: Listed all plugins
Dec 11, 2012 
...[truncated 993 chars]...
hudson.PluginWrapper stop
INFO: Stopping ant
Dec 11, 2012 11:20:11 AM hudson.PluginWrapper stop
INFO: Stopping javadoc
Dec 11, 2012 11:20:11 AM hudson.PluginWrapper stop
INFO: Stopping subversion
Dec 11, 2012 11:20:11 AM hudson.PluginWrapper stop
INFO: Stopping cvs
Dec 11, 2012 11:20:11 AM hudson.PluginWrapper stop
INFO: Stopping maven-plugin
Dec 11, 2012 11:20:11 AM hudson.PluginWrapper stop
INFO: Stopping translation
Dec 11, 2012 11:20:11 AM hudson.PluginWrapper stop
INFO: Stopping ssh-slaves
</stderr>
      <duration>1.313</duration>
      <timestamp>2012-12-11T11:20:10</timestamp>
      <cases>
        <case>
          <duration>1.313</duration>
          <className>hudson.maven.reporters.MavenSiteArchiverTest</className>
          <testName>testSiteArchiving</testName>
          <skipped>false</skipped>
          <failedSince>0</failedSince>
        </case>
      </cases>
    </suite>
    <suite>
      <file>/home/jenkins/slave/workspace/jenkins_main_trunk/test/target/surefire-reports/hudson.maven.reporters.SurefireArchiverTest.testSerialization.711.xml</file>
      <name>hudson.maven.reporters.SurefireArchiverTest.testSerialization</name>
      <stdout>=== Starting SurefireArchiverTest.testSerialization
</stdout>
      <stderr>Dec 11, 2012 11:20:12 AM org.mortbay.log.Slf4jLog info
INFO: jetty-6.1.26
Dec 11, 2012 11:20:12 AM org.mortbay.log.Slf4jLog info
INFO: NO JSP Support for , did not find org.apache.jasper.servlet.JspServlet
Dec 11, 2012 11:20:12 AM org.mortbay.log.Slf4jLog info
INFO: Started SocketConnector@0.0.0.0:50034
Dec 11, 2012 11:20:12 AM jenkins.InitReactorRunner$1 onAttained
INFO: Started initialization
Dec 11, 2012 11:20:12 AM jenkins.InitReactorRunner$1 onAttained
INFO: Listed all plugins
Dec 11, 2012 
...[truncated 1095 chars]...
hudson.PluginWrapper stop
INFO: Stopping ant
Dec 11, 2012 11:20:23 AM hudson.PluginWrapper stop
INFO: Stopping javadoc
Dec 11, 2012 11:20:23 AM hudson.PluginWrapper stop
INFO: Stopping subversion
Dec 11, 2012 11:20:23 AM hudson.PluginWrapper stop
INFO: Stopping cvs
Dec 11, 2012 11:20:23 AM hudson.PluginWrapper stop
INFO: Stopping maven-plugin
Dec 11, 2012 11:20:23 AM hudson.PluginWrapper stop
INFO: Stopping translation
Dec 11, 2012 11:20:23 AM hudson.PluginWrapper stop
INFO: Stopping ssh-slaves
</stderr>
      <duration>11.646</duration>
      <timestamp>2012-12-11T11:20:12</timestamp>
      <cases>
        <case>
          <duration>11.646</duration>
          <className>hudson.maven.reporters.SurefireArchiverTest</className>
          <testName>testSerialization</testName>
          <skipped>false</skipped>
          <failedSince>0</failedSince>
        </case>
      </cases>
    </suite>
    <suite>
      <file>/home/jenkins/slave/workspace/jenkins_main_trunk/test/target/surefire-reports/hudson.model.AbortedFreeStyleBuildTest.testInterruptAsFailure.713.xml</file>
      <name>hudson.model.AbortedFreeStyleBuildTest.testInterruptAsFailure</name>
      <stdout>=== Starting AbortedFreeStyleBuildTest.testInterruptAsFailure
</stdout>
      <stderr>Dec 11, 2012 11:20:25 AM org.mortbay.log.Slf4jLog info
INFO: jetty-6.1.26
Dec 11, 2012 11:20:25 AM org.mortbay.log.Slf4jLog info
INFO: NO JSP Support for , did not find org.apache.jasper.servlet.JspServlet
Dec 11, 2012 11:20:25 AM org.mortbay.log.Slf4jLog info
INFO: Started SocketConnector@0.0.0.0:37806
Dec 11, 2012 11:20:25 AM jenkins.InitReactorRunner$1 onAttained
INFO: Started initialization
Dec 11, 2012 11:20:25 AM jenkins.InitReactorRunner$1 onAttained
INFO: Listed all plugins
Dec 11, 2012 
...[truncated 1768 chars]...
hudson.PluginWrapper stop
INFO: Stopping ant
Dec 11, 2012 11:20:27 AM hudson.PluginWrapper stop
INFO: Stopping javadoc
Dec 11, 2012 11:20:27 AM hudson.PluginWrapper stop
INFO: Stopping subversion
Dec 11, 2012 11:20:27 AM hudson.PluginWrapper stop
INFO: Stopping cvs
Dec 11, 2012 11:20:27 AM hudson.PluginWrapper stop
INFO: Stopping maven-plugin
Dec 11, 2012 11:20:27 AM hudson.PluginWrapper stop
INFO: Stopping translation
Dec 11, 2012 11:20:27 AM hudson.PluginWrapper stop
INFO: Stopping ssh-slaves
</stderr>
      <duration>2.664</duration>
      <timestamp>2012-12-11T11:20:25</timestamp>
      <cases>
        <case>
          <duration>2.664</duration>
          <className>hudson.model.AbortedFreeStyleBuildTest</className>
          <testName>testInterruptAsFailure</testName>
          <skipped>false</skipped>
          <failedSince>0</failedSince>
        </case>
      </cases>
    </suite>
    <suite>
      <file>/home/jenkins/slave/workspace/jenkins_main_trunk/test/target/surefire-reports/hudson.model.AbstractBuildTest.testCulprits.716.xml</file>
      <name>hudson.model.AbstractBuildTest.testCulprits</name>
      <stdout>=== Starting AbstractBuildTest.testCulprits
</stdout>
      <stderr>Dec 11, 2012 11:20:31 AM org.mortbay.log.Slf4jLog info
INFO: jetty-6.1.26
Dec 11, 2012 11:20:31 AM org.mortbay.log.Slf4jLog info
INFO: NO JSP Support for , did not find org.apache.jasper.servlet.JspServlet
Dec 11, 2012 11:20:31 AM org.mortbay.log.Slf4jLog info
INFO: Started SocketConnector@0.0.0.0:36978
Dec 11, 2012 11:20:31 AM jenkins.InitReactorRunner$1 onAttained
INFO: Started initialization
Dec 11, 2012 11:20:31 AM jenkins.InitReactorRunner$1 onAttained
INFO: Listed all plugins
Dec 11, 2012 
...[truncated 1709 chars]...
hudson.PluginWrapper stop
INFO: Stopping ant
Dec 11, 2012 11:20:39 AM hudson.PluginWrapper stop
INFO: Stopping javadoc
Dec 11, 2012 11:20:39 AM hudson.PluginWrapper stop
INFO: Stopping subversion
Dec 11, 2012 11:20:39 AM hudson.PluginWrapper stop
INFO: Stopping cvs
Dec 11, 2012 11:20:39 AM hudson.PluginWrapper stop
INFO: Stopping maven-plugin
Dec 11, 2012 11:20:39 AM hudson.PluginWrapper stop
INFO: Stopping translation
Dec 11, 2012 11:20:39 AM hudson.PluginWrapper stop
INFO: Stopping ssh-slaves
</stderr>
      <duration>8.132</duration>
      <timestamp>2012-12-11T11:20:31</timestamp>
      <cases>
        <case>
          <duration>8.132</duration>
          <className>hudson.model.AbstractBuildTest</className>
          <testName>testCulprits</testName>
          <skipped>false</skipped>
          <failedSince>0</failedSince>
        </case>
      </cases>
    </suite>
    <suite>
      <file>/home/jenkins/slave/workspace/jenkins_main_trunk/test/target/surefire-reports/hudson.model.AbstractBuildTest.testRawConsoleOutput.715.xml</file>
      <name>hudson.model.AbstractBuildTest.testRawConsoleOutput</name>
      <stdout>=== Starting AbstractBuildTest.testRawConsoleOutput
Output:
Legacy code started this job.  No cause information is available
Building in workspace /home/jenkins/slave/workspace/jenkins_main_trunk/test/target/hudson8643694684088034841test/workspace/test0
&lt;test&gt;&amp;&lt;/test&gt;
Finished: SUCCESS

</stdout>
      <stderr>Dec 11, 2012 11:20:30 AM org.mortbay.log.Slf4jLog info
INFO: jetty-6.1.26
Dec 11, 2012 11:20:30 AM org.mortbay.log.Slf4jLog info
INFO: NO JSP Support for , did not find org.apache.jasper.servlet.JspServlet
Dec 11, 2012 11:20:30 AM org.mortbay.log.Slf4jLog info
INFO: Started SocketConnector@0.0.0.0:44867
Dec 11, 2012 11:20:30 AM jenkins.InitReactorRunner$1 onAttained
INFO: Started initialization
Dec 11, 2012 11:20:30 AM jenkins.InitReactorRunner$1 onAttained
INFO: Listed all plugins
Dec 11, 2012 
...[truncated 1095 chars]...
hudson.PluginWrapper stop
INFO: Stopping ant
Dec 11, 2012 11:20:31 AM hudson.PluginWrapper stop
INFO: Stopping javadoc
Dec 11, 2012 11:20:31 AM hudson.PluginWrapper stop
INFO: Stopping subversion
Dec 11, 2012 11:20:31 AM hudson.PluginWrapper stop
INFO: Stopping cvs
Dec 11, 2012 11:20:31 AM hudson.PluginWrapper stop
INFO: Stopping maven-plugin
Dec 11, 2012 11:20:31 AM hudson.PluginWrapper stop
INFO: Stopping translation
Dec 11, 2012 11:20:31 AM hudson.PluginWrapper stop
INFO: Stopping ssh-slaves
</stderr>
      <duration>1.731</duration>
      <timestamp>2012-12-11T11:20:30</timestamp>
      <cases>
        <case>
          <duration>1.731</duration>
          <className>hudson.model.AbstractBuildTest</className>
          <testName>testRawConsoleOutput</testName>
          <skipped>false</skipped>
          <failedSince>0</failedSince>
        </case>
      </cases>
    </suite>
    <suite>
      <file>/home/jenkins/slave/workspace/jenkins_main_trunk/test/target/surefire-reports/hudson.model.AbstractBuildTest.testVariablesResolved.714.xml</file>
      <name>hudson.model.AbstractBuildTest.testVariablesResolved</name>
      <stdout>=== Starting AbstractBuildTest.testVariablesResolved
</stdout>
      <stderr>Dec 11, 2012 11:20:28 AM org.mortbay.log.Slf4jLog info
INFO: jetty-6.1.26
Dec 11, 2012 11:20:28 AM org.mortbay.log.Slf4jLog info
INFO: NO JSP Support for , did not find org.apache.jasper.servlet.JspServlet
Dec 11, 2012 11:20:28 AM org.mortbay.log.Slf4jLog info
INFO: Started SocketConnector@0.0.0.0:48853
Dec 11, 2012 11:20:28 AM jenkins.InitReactorRunner$1 onAttained
INFO: Started initialization
Dec 11, 2012 11:20:28 AM jenkins.InitReactorRunner$1 onAttained
INFO: Listed all plugins
Dec 11, 2012 
...[truncated 1095 chars]...
hudson.PluginWrapper stop
INFO: Stopping ant
Dec 11, 2012 11:20:29 AM hudson.PluginWrapper stop
INFO: Stopping javadoc
Dec 11, 2012 11:20:29 AM hudson.PluginWrapper stop
INFO: Stopping subversion
Dec 11, 2012 11:20:29 AM hudson.PluginWrapper stop
INFO: Stopping cvs
Dec 11, 2012 11:20:29 AM hudson.PluginWrapper stop
INFO: Stopping maven-plugin
Dec 11, 2012 11:20:29 AM hudson.PluginWrapper stop
INFO: Stopping translation
Dec 11, 2012 11:20:29 AM hudson.PluginWrapper stop
INFO: Stopping ssh-slaves
</stderr>
      <duration>1.904</duration>
      <timestamp>2012-12-11T11:20:28</timestamp>
      <cases>
        <case>
          <duration>1.904</duration>
          <className>hudson.model.AbstractBuildTest</className>
          <testName>testVariablesResolved</testName>
          <skipped>false</skipped>
          <failedSince>0</failedSince>
        </case>
      </cases>
    </suite>
    <suite>
      <file>/home/jenkins/slave/workspace/jenkins_main_trunk/test/target/surefire-reports/hudson.model.AbstractProjectTest.testBuildSymlinks.724.xml</file>
      <name>hudson.model.AbstractProjectTest.testBuildSymlinks</name>
      <stdout>=== Starting AbstractProjectTest.testBuildSymlinks
</stdout>
      <stderr>Dec 11, 2012 11:21:27 AM org.mortbay.log.Slf4jLog info
INFO: jetty-6.1.26
Dec 11, 2012 11:21:27 AM org.mortbay.log.Slf4jLog info
INFO: NO JSP Support for , did not find org.apache.jasper.servlet.JspServlet
Dec 11, 2012 11:21:27 AM org.mortbay.log.Slf4jLog info
INFO: Started SocketConnector@0.0.0.0:45462
Dec 11, 2012 11:21:27 AM jenkins.InitReactorRunner$1 onAttained
INFO: Started initialization
Dec 11, 2012 11:21:27 AM jenkins.InitReactorRunner$1 onAttained
INFO: Listed all plugins
Dec 11, 2012 
...[truncated 1197 chars]...
hudson.PluginWrapper stop
INFO: Stopping ant
Dec 11, 2012 11:21:29 AM hudson.PluginWrapper stop
INFO: Stopping javadoc
Dec 11, 2012 11:21:29 AM hudson.PluginWrapper stop
INFO: Stopping subversion
Dec 11, 2012 11:21:29 AM hudson.PluginWrapper stop
INFO: Stopping cvs
Dec 11, 2012 11:21:29 AM hudson.PluginWrapper stop
INFO: Stopping maven-plugin
Dec 11, 2012 11:21:29 AM hudson.PluginWrapper stop
INFO: Stopping translation
Dec 11, 2012 11:21:29 AM hudson.PluginWrapper stop
INFO: Stopping ssh-slaves
</stderr>
      <duration>3.038</duration>
      <timestamp>2012-12-11T11:21:27</timestamp>
      <cases>
        <case>
          <duration>3.038</duration>
          <className>hudson.model.AbstractProjectTest</className>
          <testName>testBuildSymlinks</testName>
          <skipped>false</skipped>
          <failedSince>0</failedSince>
        </case>
      </cases>
    </suite>
    <suite>
      <file>/home/jenkins/slave/workspace/jenkins_main_trunk/test/target/surefire-reports/hudson.model.AbstractProjectTest.testConfigRoundtrip.717.xml</file>
      <name>hudson.model.AbstractProjectTest.testConfigRoundtrip</name>
      <stdout>=== Starting AbstractProjectTest.testConfigRoundtrip
</stdout>
      <stderr>Dec 11, 2012 11:20:39 AM org.mortbay.log.Slf4jLog info
INFO: jetty-6.1.26
Dec 11, 2012 11:20:39 AM org.mortbay.log.Slf4jLog info
INFO: NO JSP Support for , did not find org.apache.jasper.servlet.JspServlet
Dec 11, 2012 11:20:39 AM org.mortbay.log.Slf4jLog info
INFO: Started SocketConnector@0.0.0.0:40216
Dec 11, 2012 11:20:39 AM jenkins.InitReactorRunner$1 onAttained
INFO: Started initialization
Dec 11, 2012 11:20:39 AM jenkins.InitReactorRunner$1 onAttained
INFO: Listed all plugins
Dec 11, 2012 
...[truncated 6853 chars]...
hudson.PluginWrapper stop
INFO: Stopping ant
Dec 11, 2012 11:20:45 AM hudson.PluginWrapper stop
INFO: Stopping javadoc
Dec 11, 2012 11:20:45 AM hudson.PluginWrapper stop
INFO: Stopping subversion
Dec 11, 2012 11:20:45 AM hudson.PluginWrapper stop
INFO: Stopping cvs
Dec 11, 2012 11:20:45 AM hudson.PluginWrapper stop
INFO: Stopping maven-plugin
Dec 11, 2012 11:20:45 AM hudson.PluginWrapper stop
INFO: Stopping translation
Dec 11, 2012 11:20:45 AM hudson.PluginWrapper stop
INFO: Stopping ssh-slaves
</stderr>
      <duration>6.504</duration>
      <timestamp>2012-12-11T11:20:39</timestamp>
      <cases>
        <case>
          <duration>6.504</duration>
          <className>hudson.model.AbstractProjectTest</className>
          <testName>testConfigRoundtrip</testName>
          <skipped>false</skipped>
          <failedSince>0</failedSince>
        </case>
      </cases>
    </suite>
    <suite>
      <file>/home/jenkins/slave/workspace/jenkins_main_trunk/test/target/surefire-reports/hudson.model.AbstractProjectTest.testOptionalBlockDataBindingRoundtrip.721.xml</file>
      <name>hudson.model.AbstractProjectTest.testOptionalBlockDataBindingRoundtrip</name>
      <stdout>=== Starting AbstractProjectTest.testOptionalBlockDataBindingRoundtrip
</stdout>
      <stderr>Dec 11, 2012 11:21:00 AM org.mortbay.log.Slf4jLog info
INFO: jetty-6.1.26
Dec 11, 2012 11:21:00 AM org.mortbay.log.Slf4jLog info
INFO: NO JSP Support for , did not find org.apache.jasper.servlet.JspServlet
Dec 11, 2012 11:21:00 AM org.mortbay.log.Slf4jLog info
INFO: Started SocketConnector@0.0.0.0:57521
Dec 11, 2012 11:21:00 AM jenkins.InitReactorRunner$1 onAttained
INFO: Started initialization
Dec 11, 2012 11:21:00 AM jenkins.InitReactorRunner$1 onAttained
INFO: Listed all plugins
Dec 11, 2012 
...[truncated 12713 chars]...
hudson.PluginWrapper stop
INFO: Stopping ant
Dec 11, 2012 11:21:11 AM hudson.PluginWrapper stop
INFO: Stopping javadoc
Dec 11, 2012 11:21:11 AM hudson.PluginWrapper stop
INFO: Stopping subversion
Dec 11, 2012 11:21:11 AM hudson.PluginWrapper stop
INFO: Stopping cvs
Dec 11, 2012 11:21:11 AM hudson.PluginWrapper stop
INFO: Stopping maven-plugin
Dec 11, 2012 11:21:11 AM hudson.PluginWrapper stop
INFO: Stopping translation
Dec 11, 2012 11:21:11 AM hudson.PluginWrapper stop
INFO: Stopping ssh-slaves
</stderr>
      <duration>11.628</duration>
      <timestamp>2012-12-11T11:21:00</timestamp>
      <cases>
        <case>
          <duration>11.628</duration>
          <className>hudson.model.AbstractProjectTest</className>
          <testName>testOptionalBlockDataBindingRoundtrip</testName>
          <skipped>false</skipped>
          <failedSince>0</failedSince>
        </case>
      </cases>
    </suite>
    <suite>
      <file>/home/jenkins/slave/workspace/jenkins_main_trunk/test/target/surefire-reports/hudson.model.AbstractProjectTest.testPollingAndBuildExclusion.723.xml</file>
      <name>hudson.model.AbstractProjectTest.testPollingAndBuildExclusion</name>
      <stdout>=== Starting AbstractProjectTest.testPollingAndBuildExclusion
</stdout>
      <stderr>Dec 11, 2012 11:21:22 AM org.mortbay.log.Slf4jLog info
INFO: jetty-6.1.26
Dec 11, 2012 11:21:22 AM org.mortbay.log.Slf4jLog info
INFO: NO JSP Support for , did not find org.apache.jasper.servlet.JspServlet
Dec 11, 2012 11:21:22 AM org.mortbay.log.Slf4jLog info
INFO: Started SocketConnector@0.0.0.0:44994
Dec 11, 2012 11:21:22 AM jenkins.InitReactorRunner$1 onAttained
INFO: Started initialization
Dec 11, 2012 11:21:22 AM jenkins.InitReactorRunner$1 onAttained
INFO: Listed all plugins
Dec 11, 2012 
...[truncated 1197 chars]...
hudson.PluginWrapper stop
INFO: Stopping ant
Dec 11, 2012 11:21:26 AM hudson.PluginWrapper stop
INFO: Stopping javadoc
Dec 11, 2012 11:21:26 AM hudson.PluginWrapper stop
INFO: Stopping subversion
Dec 11, 2012 11:21:26 AM hudson.PluginWrapper stop
INFO: Stopping cvs
Dec 11, 2012 11:21:26 AM hudson.PluginWrapper stop
INFO: Stopping maven-plugin
Dec 11, 2012 11:21:26 AM hudson.PluginWrapper stop
INFO: Stopping translation
Dec 11, 2012 11:21:26 AM hudson.PluginWrapper stop
INFO: Stopping ssh-slaves
</stderr>
      <duration>4.713</duration>
      <timestamp>2012-12-11T11:21:22</timestamp>
      <cases>
        <case>
          <duration>4.713</duration>
          <className>hudson.model.AbstractProjectTest</className>
          <testName>testPollingAndBuildExclusion</testName>
          <skipped>false</skipped>
          <failedSince>0</failedSince>
        </case>
      </cases>
    </suite>
    <suite>
      <file>/home/jenkins/slave/workspace/jenkins_main_trunk/test/target/surefire-reports/hudson.model.AbstractProjectTest.testSymlinkForPostBuildFailure.725.xml</file>
      <name>hudson.model.AbstractProjectTest.testSymlinkForPostBuildFailure</name>
      <stdout>=== Starting AbstractProjectTest.testSymlinkForPostBuildFailure
</stdout>
      <stderr>Dec 11, 2012 11:21:30 AM org.mortbay.log.Slf4jLog info
INFO: jetty-6.1.26
Dec 11, 2012 11:21:30 AM org.mortbay.log.Slf4jLog info
INFO: NO JSP Support for , did not find org.apache.jasper.servlet.JspServlet
Dec 11, 2012 11:21:30 AM org.mortbay.log.Slf4jLog info
INFO: Started SocketConnector@0.0.0.0:57148
Dec 11, 2012 11:21:30 AM jenkins.InitReactorRunner$1 onAttained
INFO: Started initialization
Dec 11, 2012 11:21:30 AM jenkins.InitReactorRunner$1 onAttained
INFO: Listed all plugins
Dec 11, 2012 
...[truncated 1197 chars]...
hudson.PluginWrapper stop
INFO: Stopping ant
Dec 11, 2012 11:21:32 AM hudson.PluginWrapper stop
INFO: Stopping javadoc
Dec 11, 2012 11:21:32 AM hudson.PluginWrapper stop
INFO: Stopping subversion
Dec 11, 2012 11:21:32 AM hudson.PluginWrapper stop
INFO: Stopping cvs
Dec 11, 2012 11:21:32 AM hudson.PluginWrapper stop
INFO: Stopping maven-plugin
Dec 11, 2012 11:21:32 AM hudson.PluginWrapper stop
INFO: Stopping translation
Dec 11, 2012 11:21:32 AM hudson.PluginWrapper stop
INFO: Stopping ssh-slaves
</stderr>
      <duration>2.611</duration>
      <timestamp>2012-12-11T11:21:30</timestamp>
      <cases>
        <case>
          <duration>2.611</duration>
          <className>hudson.model.AbstractProjectTest</className>
          <testName>testSymlinkForPostBuildFailure</testName>
          <skipped>false</skipped>
          <failedSince>0</failedSince>
        </case>
      </cases>
    </suite>
    <suite>
      <file>/home/jenkins/slave/workspace/jenkins_main_trunk/test/target/surefire-reports/hudson.model.AbstractProjectTest.testWipeWorkspace.718.xml</file>
      <name>hudson.model.AbstractProjectTest.testWipeWorkspace</name>
      <stdout>=== Starting AbstractProjectTest.testWipeWorkspace
</stdout>
      <stderr>Dec 11, 2012 11:20:46 AM org.mortbay.log.Slf4jLog info
INFO: jetty-6.1.26
Dec 11, 2012 11:20:46 AM org.mortbay.log.Slf4jLog info
INFO: NO JSP Support for , did not find org.apache.jasper.servlet.JspServlet
Dec 11, 2012 11:20:46 AM org.mortbay.log.Slf4jLog info
INFO: Started SocketConnector@0.0.0.0:44313
Dec 11, 2012 11:20:46 AM jenkins.InitReactorRunner$1 onAttained
INFO: Started initialization
Dec 11, 2012 11:20:46 AM jenkins.InitReactorRunner$1 onAttained
INFO: Listed all plugins
Dec 11, 2012 
...[truncated 11015 chars]...
hudson.PluginWrapper stop
INFO: Stopping ant
Dec 11, 2012 11:20:51 AM hudson.PluginWrapper stop
INFO: Stopping javadoc
Dec 11, 2012 11:20:51 AM hudson.PluginWrapper stop
INFO: Stopping subversion
Dec 11, 2012 11:20:51 AM hudson.PluginWrapper stop
INFO: Stopping cvs
Dec 11, 2012 11:20:51 AM hudson.PluginWrapper stop
INFO: Stopping maven-plugin
Dec 11, 2012 11:20:51 AM hudson.PluginWrapper stop
INFO: Stopping translation
Dec 11, 2012 11:20:51 AM hudson.PluginWrapper stop
INFO: Stopping ssh-slaves
</stderr>
      <duration>5.889</duration>
      <timestamp>2012-12-11T11:20:46</timestamp>
      <cases>
        <case>
          <duration>5.889</duration>
          <className>hudson.model.AbstractProjectTest</className>
          <testName>testWipeWorkspace</testName>
          <skipped>false</skipped>
          <failedSince>0</failedSince>
        </case>
      </cases>
    </suite>
    <suite>
      <file>/home/jenkins/slave/workspace/jenkins_main_trunk/test/target/surefire-reports/hudson.model.AbstractProjectTest.testWipeWorkspaceProtected.719.xml</file>
      <name>hudson.model.AbstractProjectTest.testWipeWorkspaceProtected</name>
      <stdout>=== Starting AbstractProjectTest.testWipeWorkspaceProtected
</stdout>
      <stderr>Dec 11, 2012 11:20:52 AM org.mortbay.log.Slf4jLog info
INFO: jetty-6.1.26
Dec 11, 2012 11:20:52 AM org.mortbay.log.Slf4jLog info
INFO: NO JSP Support for , did not find org.apache.jasper.servlet.JspServlet
Dec 11, 2012 11:20:52 AM org.mortbay.log.Slf4jLog info
INFO: Started SocketConnector@0.0.0.0:36153
Dec 11, 2012 11:20:52 AM jenkins.InitReactorRunner$1 onAttained
INFO: Started initialization
Dec 11, 2012 11:20:52 AM jenkins.InitReactorRunner$1 onAttained
INFO: Listed all plugins
Dec 11, 2012 
...[truncated 4408 chars]...
hudson.PluginWrapper stop
INFO: Stopping ant
Dec 11, 2012 11:20:54 AM hudson.PluginWrapper stop
INFO: Stopping javadoc
Dec 11, 2012 11:20:54 AM hudson.PluginWrapper stop
INFO: Stopping subversion
Dec 11, 2012 11:20:54 AM hudson.PluginWrapper stop
INFO: Stopping cvs
Dec 11, 2012 11:20:54 AM hudson.PluginWrapper stop
INFO: Stopping maven-plugin
Dec 11, 2012 11:20:54 AM hudson.PluginWrapper stop
INFO: Stopping translation
Dec 11, 2012 11:20:54 AM hudson.PluginWrapper stop
INFO: Stopping ssh-slaves
</stderr>
      <duration>2.933</duration>
      <timestamp>2012-12-11T11:20:52</timestamp>
      <cases>
        <case>
          <duration>2.933</duration>
          <className>hudson.model.AbstractProjectTest</className>
          <testName>testWipeWorkspaceProtected</testName>
          <skipped>false</skipped>
          <failedSince>0</failedSince>
        </case>
      </cases>
    </suite>
    <suite>
      <file>/home/jenkins/slave/workspace/jenkins_main_trunk/test/target/surefire-reports/hudson.model.AbstractProjectTest.testWipeWorkspaceProtected2.720.xml</file>
      <name>hudson.model.AbstractProjectTest.testWipeWorkspaceProtected2</name>
      <stdout>=== Starting AbstractProjectTest.testWipeWorkspaceProtected2
</stdout>
      <stderr>Dec 11, 2012 11:20:55 AM org.mortbay.log.Slf4jLog info
INFO: jetty-6.1.26
Dec 11, 2012 11:20:55 AM org.mortbay.log.Slf4jLog info
INFO: NO JSP Support for , did not find org.apache.jasper.servlet.JspServlet
Dec 11, 2012 11:20:55 AM org.mortbay.log.Slf4jLog info
INFO: Started SocketConnector@0.0.0.0:45528
Dec 11, 2012 11:20:55 AM jenkins.InitReactorRunner$1 onAttained
INFO: Started initialization
Dec 11, 2012 11:20:55 AM jenkins.InitReactorRunner$1 onAttained
INFO: Listed all plugins
Dec 11, 2012 
...[truncated 9578 chars]...
hudson.PluginWrapper stop
INFO: Stopping ant
Dec 11, 2012 11:20:59 AM hudson.PluginWrapper stop
INFO: Stopping javadoc
Dec 11, 2012 11:20:59 AM hudson.PluginWrapper stop
INFO: Stopping subversion
Dec 11, 2012 11:20:59 AM hudson.PluginWrapper stop
INFO: Stopping cvs
Dec 11, 2012 11:20:59 AM hudson.PluginWrapper stop
INFO: Stopping maven-plugin
Dec 11, 2012 11:20:59 AM hudson.PluginWrapper stop
INFO: Stopping translation
Dec 11, 2012 11:20:59 AM hudson.PluginWrapper stop
INFO: Stopping ssh-slaves
</stderr>
      <duration>5.134</duration>
      <timestamp>2012-12-11T11:20:55</timestamp>
      <cases>
        <case>
          <duration>5.134</duration>
          <className>hudson.model.AbstractProjectTest</className>
          <testName>testWipeWorkspaceProtected2</testName>
          <skipped>false</skipped>
          <failedSince>0</failedSince>
        </case>
      </cases>
    </suite>
    <suite>
      <file>/home/jenkins/slave/workspace/jenkins_main_trunk/test/target/surefire-reports/hudson.model.ApiTest.testUnwrappedLongString.732.xml</file>
      <name>hudson.model.ApiTest.testUnwrappedLongString</name>
      <stdout>=== Starting ApiTest.testUnwrappedLongString
</stdout>
      <stderr>Dec 11, 2012 11:21:45 AM org.mortbay.log.Slf4jLog info
INFO: jetty-6.1.26
Dec 11, 2012 11:21:45 AM org.mortbay.log.Slf4jLog info
INFO: NO JSP Support for , did not find org.apache.jasper.servlet.JspServlet
Dec 11, 2012 11:21:45 AM org.mortbay.log.Slf4jLog info
INFO: Started SocketConnector@0.0.0.0:34206
Dec 11, 2012 11:21:45 AM jenkins.InitReactorRunner$1 onAttained
INFO: Started initialization
Dec 11, 2012 11:21:45 AM jenkins.InitReactorRunner$1 onAttained
INFO: Listed all plugins
Dec 11, 2012 
...[truncated 993 chars]...
hudson.PluginWrapper stop
INFO: Stopping ant
Dec 11, 2012 11:21:48 AM hudson.PluginWrapper stop
INFO: Stopping javadoc
Dec 11, 2012 11:21:48 AM hudson.PluginWrapper stop
INFO: Stopping subversion
Dec 11, 2012 11:21:48 AM hudson.PluginWrapper stop
INFO: Stopping cvs
Dec 11, 2012 11:21:48 AM hudson.PluginWrapper stop
INFO: Stopping maven-plugin
Dec 11, 2012 11:21:48 AM hudson.PluginWrapper stop
INFO: Stopping translation
Dec 11, 2012 11:21:48 AM hudson.PluginWrapper stop
INFO: Stopping ssh-slaves
</stderr>
      <duration>2.98</duration>
      <timestamp>2012-12-11T11:21:45</timestamp>
      <cases>
        <case>
          <duration>2.98</duration>
          <className>hudson.model.ApiTest</className>
          <testName>testUnwrappedLongString</testName>
          <skipped>false</skipped>
          <failedSince>0</failedSince>
        </case>
      </cases>
    </suite>
    <suite>
      <file>/home/jenkins/slave/workspace/jenkins_main_trunk/test/target/surefire-reports/hudson.model.ApiTest.testUnwrappedMultipleItems.733.xml</file>
      <name>hudson.model.ApiTest.testUnwrappedMultipleItems</name>
      <stdout>=== Starting ApiTest.testUnwrappedMultipleItems
</stdout>
      <stderr>Dec 11, 2012 11:21:48 AM org.mortbay.log.Slf4jLog info
INFO: jetty-6.1.26
Dec 11, 2012 11:21:48 AM org.mortbay.log.Slf4jLog info
INFO: NO JSP Support for , did not find org.apache.jasper.servlet.JspServlet
Dec 11, 2012 11:21:48 AM org.mortbay.log.Slf4jLog info
INFO: Started SocketConnector@0.0.0.0:45694
Dec 11, 2012 11:21:48 AM jenkins.InitReactorRunner$1 onAttained
INFO: Started initialization
Dec 11, 2012 11:21:48 AM jenkins.InitReactorRunner$1 onAttained
INFO: Listed all plugins
Dec 11, 2012 
...[truncated 1370 chars]...
hudson.PluginWrapper stop
INFO: Stopping ant
Dec 11, 2012 11:21:50 AM hudson.PluginWrapper stop
INFO: Stopping javadoc
Dec 11, 2012 11:21:50 AM hudson.PluginWrapper stop
INFO: Stopping subversion
Dec 11, 2012 11:21:50 AM hudson.PluginWrapper stop
INFO: Stopping cvs
Dec 11, 2012 11:21:50 AM hudson.PluginWrapper stop
INFO: Stopping maven-plugin
Dec 11, 2012 11:21:50 AM hudson.PluginWrapper stop
INFO: Stopping translation
Dec 11, 2012 11:21:50 AM hudson.PluginWrapper stop
INFO: Stopping ssh-slaves
</stderr>
      <duration>2.354</duration>
      <timestamp>2012-12-11T11:21:48</timestamp>
      <cases>
        <case>
          <duration>2.354</duration>
          <className>hudson.model.ApiTest</className>
          <testName>testUnwrappedMultipleItems</testName>
          <skipped>false</skipped>
          <failedSince>0</failedSince>
        </case>
      </cases>
    </suite>
    <suite>
      <file>/home/jenkins/slave/workspace/jenkins_main_trunk/test/target/surefire-reports/hudson.model.ApiTest.testUnwrappedOneItem.731.xml</file>
      <name>hudson.model.ApiTest.testUnwrappedOneItem</name>
      <stdout>=== Starting ApiTest.testUnwrappedOneItem
</stdout>
      <stderr>Dec 11, 2012 11:21:44 AM org.mortbay.log.Slf4jLog info
INFO: jetty-6.1.26
Dec 11, 2012 11:21:44 AM org.mortbay.log.Slf4jLog info
INFO: NO JSP Support for , did not find org.apache.jasper.servlet.JspServlet
Dec 11, 2012 11:21:44 AM org.mortbay.log.Slf4jLog info
INFO: Started SocketConnector@0.0.0.0:44155
Dec 11, 2012 11:21:44 AM jenkins.InitReactorRunner$1 onAttained
INFO: Started initialization
Dec 11, 2012 11:21:44 AM jenkins.InitReactorRunner$1 onAttained
INFO: Listed all plugins
Dec 11, 2012 
...[truncated 993 chars]...
hudson.PluginWrapper stop
INFO: Stopping ant
Dec 11, 2012 11:21:45 AM hudson.PluginWrapper stop
INFO: Stopping javadoc
Dec 11, 2012 11:21:45 AM hudson.PluginWrapper stop
INFO: Stopping subversion
Dec 11, 2012 11:21:45 AM hudson.PluginWrapper stop
INFO: Stopping cvs
Dec 11, 2012 11:21:45 AM hudson.PluginWrapper stop
INFO: Stopping maven-plugin
Dec 11, 2012 11:21:45 AM hudson.PluginWrapper stop
INFO: Stopping translation
Dec 11, 2012 11:21:45 AM hudson.PluginWrapper stop
INFO: Stopping ssh-slaves
</stderr>
      <duration>1.529</duration>
      <timestamp>2012-12-11T11:21:44</timestamp>
      <cases>
        <case>
          <duration>1.529</duration>
          <className>hudson.model.ApiTest</className>
          <testName>testUnwrappedOneItem</testName>
          <skipped>false</skipped>
          <failedSince>0</failedSince>
        </case>
      </cases>
    </suite>
    <suite>
      <file>/home/jenkins/slave/workspace/jenkins_main_trunk/test/target/surefire-reports/hudson.model.ApiTest.testUnwrappedZeroItems.730.xml</file>
      <name>hudson.model.ApiTest.testUnwrappedZeroItems</name>
      <stdout>=== Starting ApiTest.testUnwrappedZeroItems
</stdout>
      <stderr>Dec 11, 2012 11:21:41 AM org.mortbay.log.Slf4jLog info
INFO: jetty-6.1.26
Dec 11, 2012 11:21:41 AM org.mortbay.log.Slf4jLog info
INFO: NO JSP Support for , did not find org.apache.jasper.servlet.JspServlet
Dec 11, 2012 11:21:41 AM org.mortbay.log.Slf4jLog info
INFO: Started SocketConnector@0.0.0.0:39830
Dec 11, 2012 11:21:41 AM jenkins.InitReactorRunner$1 onAttained
INFO: Started initialization
Dec 11, 2012 11:21:41 AM jenkins.InitReactorRunner$1 onAttained
INFO: Listed all plugins
Dec 11, 2012 
...[truncated 1254 chars]...
hudson.PluginWrapper stop
INFO: Stopping ant
Dec 11, 2012 11:21:43 AM hudson.PluginWrapper stop
INFO: Stopping javadoc
Dec 11, 2012 11:21:43 AM hudson.PluginWrapper stop
INFO: Stopping subversion
Dec 11, 2012 11:21:43 AM hudson.PluginWrapper stop
INFO: Stopping cvs
Dec 11, 2012 11:21:43 AM hudson.PluginWrapper stop
INFO: Stopping maven-plugin
Dec 11, 2012 11:21:43 AM hudson.PluginWrapper stop
INFO: Stopping translation
Dec 11, 2012 11:21:43 AM hudson.PluginWrapper stop
INFO: Stopping ssh-slaves
</stderr>
      <duration>3.049</duration>
      <timestamp>2012-12-11T11:21:41</timestamp>
      <cases>
        <case>
          <duration>3.049</duration>
          <className>hudson.model.ApiTest</className>
          <testName>testUnwrappedZeroItems</testName>
          <skipped>false</skipped>
          <failedSince>0</failedSince>
        </case>
      </cases>
    </suite>
    <suite>
      <file>/home/jenkins/slave/workspace/jenkins_main_trunk/test/target/surefire-reports/hudson.model.ApiTest.testWrappedMultipleItems.729.xml</file>
      <name>hudson.model.ApiTest.testWrappedMultipleItems</name>
      <stdout>=== Starting ApiTest.testWrappedMultipleItems
</stdout>
      <stderr>Dec 11, 2012 11:21:39 AM org.mortbay.log.Slf4jLog info
INFO: jetty-6.1.26
Dec 11, 2012 11:21:39 AM org.mortbay.log.Slf4jLog info
INFO: NO JSP Support for , did not find org.apache.jasper.servlet.JspServlet
Dec 11, 2012 11:21:39 AM org.mortbay.log.Slf4jLog info
INFO: Started SocketConnector@0.0.0.0:53782
Dec 11, 2012 11:21:39 AM jenkins.InitReactorRunner$1 onAttained
INFO: Started initialization
Dec 11, 2012 11:21:39 AM jenkins.InitReactorRunner$1 onAttained
INFO: Listed all plugins
Dec 11, 2012 
...[truncated 993 chars]...
hudson.PluginWrapper stop
INFO: Stopping ant
Dec 11, 2012 11:21:40 AM hudson.PluginWrapper stop
INFO: Stopping javadoc
Dec 11, 2012 11:21:40 AM hudson.PluginWrapper stop
INFO: Stopping subversion
Dec 11, 2012 11:21:40 AM hudson.PluginWrapper stop
INFO: Stopping cvs
Dec 11, 2012 11:21:40 AM hudson.PluginWrapper stop
INFO: Stopping maven-plugin
Dec 11, 2012 11:21:40 AM hudson.PluginWrapper stop
INFO: Stopping translation
Dec 11, 2012 11:21:40 AM hudson.PluginWrapper stop
INFO: Stopping ssh-slaves
</stderr>
      <duration>1.835</duration>
      <timestamp>2012-12-11T11:21:39</timestamp>
      <cases>
        <case>
          <duration>1.835</duration>
          <className>hudson.model.ApiTest</className>
          <testName>testWrappedMultipleItems</testName>
          <skipped>false</skipped>
          <failedSince>0</failedSince>
        </case>
      </cases>
    </suite>
    <suite>
      <file>/home/jenkins/slave/workspace/jenkins_main_trunk/test/target/surefire-reports/hudson.model.ApiTest.testWrappedOneItem.728.xml</file>
      <name>hudson.model.ApiTest.testWrappedOneItem</name>
      <stdout>=== Starting ApiTest.testWrappedOneItem
</stdout>
      <stderr>Dec 11, 2012 11:21:36 AM org.mortbay.log.Slf4jLog info
INFO: jetty-6.1.26
Dec 11, 2012 11:21:36 AM org.mortbay.log.Slf4jLog info
INFO: NO JSP Support for , did not find org.apache.jasper.servlet.JspServlet
Dec 11, 2012 11:21:36 AM org.mortbay.log.Slf4jLog info
INFO: Started SocketConnector@0.0.0.0:41219
Dec 11, 2012 11:21:36 AM jenkins.InitReactorRunner$1 onAttained
INFO: Started initialization
Dec 11, 2012 11:21:36 AM jenkins.InitReactorRunner$1 onAttained
INFO: Listed all plugins
Dec 11, 2012 
...[truncated 993 chars]...
hudson.PluginWrapper stop
INFO: Stopping ant
Dec 11, 2012 11:21:38 AM hudson.PluginWrapper stop
INFO: Stopping javadoc
Dec 11, 2012 11:21:38 AM hudson.PluginWrapper stop
INFO: Stopping subversion
Dec 11, 2012 11:21:38 AM hudson.PluginWrapper stop
INFO: Stopping cvs
Dec 11, 2012 11:21:38 AM hudson.PluginWrapper stop
INFO: Stopping maven-plugin
Dec 11, 2012 11:21:38 AM hudson.PluginWrapper stop
INFO: Stopping translation
Dec 11, 2012 11:21:38 AM hudson.PluginWrapper stop
INFO: Stopping ssh-slaves
</stderr>
      <duration>2.823</duration>
      <timestamp>2012-12-11T11:21:36</timestamp>
      <cases>
        <case>
          <duration>2.823</duration>
          <className>hudson.model.ApiTest</className>
          <testName>testWrappedOneItem</testName>
          <skipped>false</skipped>
          <failedSince>0</failedSince>
        </case>
      </cases>
    </suite>
    <suite>
      <file>/home/jenkins/slave/workspace/jenkins_main_trunk/test/target/surefire-reports/hudson.model.ApiTest.testWrappedZeroItems.727.xml</file>
      <name>hudson.model.ApiTest.testWrappedZeroItems</name>
      <stdout>=== Starting ApiTest.testWrappedZeroItems
</stdout>
      <stderr>Dec 11, 2012 11:21:34 AM org.mortbay.log.Slf4jLog info
INFO: jetty-6.1.26
Dec 11, 2012 11:21:34 AM org.mortbay.log.Slf4jLog info
INFO: NO JSP Support for , did not find org.apache.jasper.servlet.JspServlet
Dec 11, 2012 11:21:34 AM org.mortbay.log.Slf4jLog info
INFO: Started SocketConnector@0.0.0.0:52444
Dec 11, 2012 11:21:34 AM jenkins.InitReactorRunner$1 onAttained
INFO: Started initialization
Dec 11, 2012 11:21:34 AM jenkins.InitReactorRunner$1 onAttained
INFO: Listed all plugins
Dec 11, 2012 
...[truncated 993 chars]...
hudson.PluginWrapper stop
INFO: Stopping ant
Dec 11, 2012 11:21:35 AM hudson.PluginWrapper stop
INFO: Stopping javadoc
Dec 11, 2012 11:21:35 AM hudson.PluginWrapper stop
INFO: Stopping subversion
Dec 11, 2012 11:21:35 AM hudson.PluginWrapper stop
INFO: Stopping cvs
Dec 11, 2012 11:21:35 AM hudson.PluginWrapper stop
INFO: Stopping maven-plugin
Dec 11, 2012 11:21:35 AM hudson.PluginWrapper stop
INFO: Stopping translation
Dec 11, 2012 11:21:35 AM hudson.PluginWrapper stop
INFO: Stopping ssh-slaves
</stderr>
      <duration>2.268</duration>
      <timestamp>2012-12-11T11:21:34</timestamp>
      <cases>
        <case>
          <duration>2.268</duration>
          <className>hudson.model.ApiTest</className>
          <testName>testWrappedZeroItems</testName>
          <skipped>false</skipped>
          <failedSince>0</failedSince>
        </case>
      </cases>
    </suite>
    <suite>
      <file>/home/jenkins/slave/workspace/jenkins_main_trunk/test/target/surefire-reports/hudson.model.ApiTest.testXPath.726.xml</file>
      <name>hudson.model.ApiTest.testXPath</name>
      <stdout>=== Starting ApiTest.testXPath
</stdout>
      <stderr>Dec 11, 2012 11:21:32 AM org.mortbay.log.Slf4jLog info
INFO: jetty-6.1.26
Dec 11, 2012 11:21:32 AM org.mortbay.log.Slf4jLog info
INFO: NO JSP Support for , did not find org.apache.jasper.servlet.JspServlet
Dec 11, 2012 11:21:32 AM org.mortbay.log.Slf4jLog info
INFO: Started SocketConnector@0.0.0.0:53365
Dec 11, 2012 11:21:32 AM jenkins.InitReactorRunner$1 onAttained
INFO: Started initialization
Dec 11, 2012 11:21:32 AM jenkins.InitReactorRunner$1 onAttained
INFO: Listed all plugins
Dec 11, 2012 
...[truncated 993 chars]...
hudson.PluginWrapper stop
INFO: Stopping ant
Dec 11, 2012 11:21:33 AM hudson.PluginWrapper stop
INFO: Stopping javadoc
Dec 11, 2012 11:21:33 AM hudson.PluginWrapper stop
INFO: Stopping subversion
Dec 11, 2012 11:21:33 AM hudson.PluginWrapper stop
INFO: Stopping cvs
Dec 11, 2012 11:21:33 AM hudson.PluginWrapper stop
INFO: Stopping maven-plugin
Dec 11, 2012 11:21:33 AM hudson.PluginWrapper stop
INFO: Stopping translation
Dec 11, 2012 11:21:33 AM hudson.PluginWrapper stop
INFO: Stopping ssh-slaves
</stderr>
      <duration>1.409</duration>
      <timestamp>2012-12-11T11:21:32</timestamp>
      <cases>
        <case>
          <duration>1.409</duration>
          <className>hudson.model.ApiTest</className>
          <testName>testXPath</testName>
          <skipped>false</skipped>
          <failedSince>0</failedSince>
        </case>
      </cases>
    </suite>
    <suite>
      <file>/home/jenkins/slave/workspace/jenkins_main_trunk/test/target/surefire-reports/hudson.model.AutoCompletionCandidatesTest.testCompletion.734.xml</file>
      <name>hudson.model.AutoCompletionCandidatesTest.testCompletion</name>
      <stdout>=== Starting AutoCompletionCandidatesTest.testCompletion
</stdout>
      <stderr>Dec 11, 2012 11:21:51 AM org.mortbay.log.Slf4jLog info
INFO: jetty-6.1.26
Dec 11, 2012 11:21:51 AM org.mortbay.log.Slf4jLog info
INFO: NO JSP Support for , did not find org.apache.jasper.servlet.JspServlet
Dec 11, 2012 11:21:51 AM org.mortbay.log.Slf4jLog info
INFO: Started SocketConnector@0.0.0.0:39878
Dec 11, 2012 11:21:51 AM jenkins.InitReactorRunner$1 onAttained
INFO: Started initialization
Dec 11, 2012 11:21:51 AM jenkins.InitReactorRunner$1 onAttained
INFO: Listed all plugins
Dec 11, 2012 
...[truncated 993 chars]...
hudson.PluginWrapper stop
INFO: Stopping ant
Dec 11, 2012 11:21:51 AM hudson.PluginWrapper stop
INFO: Stopping javadoc
Dec 11, 2012 11:21:51 AM hudson.PluginWrapper stop
INFO: Stopping subversion
Dec 11, 2012 11:21:51 AM hudson.PluginWrapper stop
INFO: Stopping cvs
Dec 11, 2012 11:21:51 AM hudson.PluginWrapper stop
INFO: Stopping maven-plugin
Dec 11, 2012 11:21:51 AM hudson.PluginWrapper stop
INFO: Stopping translation
Dec 11, 2012 11:21:51 AM hudson.PluginWrapper stop
INFO: Stopping ssh-slaves
</stderr>
      <duration>1.329</duration>
      <timestamp>2012-12-11T11:21:50</timestamp>
      <cases>
        <case>
          <duration>1.329</duration>
          <className>hudson.model.AutoCompletionCandidatesTest</className>
          <testName>testCompletion</testName>
          <skipped>false</skipped>
          <failedSince>0</failedSince>
        </case>
      </cases>
    </suite>
    <suite>
      <file>/home/jenkins/slave/workspace/jenkins_main_trunk/test/target/surefire-reports/hudson.model.ComputerSetTest.testConfiguration.736.xml</file>
      <name>hudson.model.ComputerSetTest.testConfiguration</name>
      <stdout>=== Starting ComputerSetTest.testConfiguration
</stdout>
      <stderr>Dec 11, 2012 11:21:55 AM org.mortbay.log.Slf4jLog info
INFO: jetty-6.1.26
Dec 11, 2012 11:21:55 AM org.mortbay.log.Slf4jLog info
INFO: NO JSP Support for , did not find org.apache.jasper.servlet.JspServlet
Dec 11, 2012 11:21:55 AM org.mortbay.log.Slf4jLog info
INFO: Started SocketConnector@0.0.0.0:37394
Dec 11, 2012 11:21:55 AM jenkins.InitReactorRunner$1 onAttained
INFO: Started initialization
Dec 11, 2012 11:21:55 AM jenkins.InitReactorRunner$1 onAttained
INFO: Listed all plugins
Dec 11, 2012 
...[truncated 5953 chars]...
hudson.PluginWrapper stop
INFO: Stopping ant
Dec 11, 2012 11:21:58 AM hudson.PluginWrapper stop
INFO: Stopping javadoc
Dec 11, 2012 11:21:58 AM hudson.PluginWrapper stop
INFO: Stopping subversion
Dec 11, 2012 11:21:58 AM hudson.PluginWrapper stop
INFO: Stopping cvs
Dec 11, 2012 11:21:58 AM hudson.PluginWrapper stop
INFO: Stopping maven-plugin
Dec 11, 2012 11:21:58 AM hudson.PluginWrapper stop
INFO: Stopping translation
Dec 11, 2012 11:21:58 AM hudson.PluginWrapper stop
INFO: Stopping ssh-slaves
</stderr>
      <duration>4.174</duration>
      <timestamp>2012-12-11T11:21:55</timestamp>
      <cases>
        <case>
          <duration>4.174</duration>
          <className>hudson.model.ComputerSetTest</className>
          <testName>testConfiguration</testName>
          <skipped>false</skipped>
          <failedSince>0</failedSince>
        </case>
      </cases>
    </suite>
    <suite>
      <file>/home/jenkins/slave/workspace/jenkins_main_trunk/test/target/surefire-reports/hudson.model.ComputerSetTest.testNodeOfflineCli.737.xml</file>
      <name>hudson.model.ComputerSetTest.testNodeOfflineCli</name>
      <stdout>=== Starting ComputerSetTest.testNodeOfflineCli
</stdout>
      <stderr>Dec 11, 2012 11:21:59 AM org.mortbay.log.Slf4jLog info
INFO: jetty-6.1.26
Dec 11, 2012 11:21:59 AM org.mortbay.log.Slf4jLog info
INFO: NO JSP Support for , did not find org.apache.jasper.servlet.JspServlet
Dec 11, 2012 11:21:59 AM org.mortbay.log.Slf4jLog info
INFO: Started SocketConnector@0.0.0.0:47349
Dec 11, 2012 11:21:59 AM jenkins.InitReactorRunner$1 onAttained
INFO: Started initialization
Dec 11, 2012 11:21:59 AM jenkins.InitReactorRunner$1 onAttained
INFO: Listed all plugins
Dec 11, 2012 
...[truncated 3244 chars]...
hudson.PluginWrapper stop
INFO: Stopping ant
Dec 11, 2012 11:22:01 AM hudson.PluginWrapper stop
INFO: Stopping javadoc
Dec 11, 2012 11:22:01 AM hudson.PluginWrapper stop
INFO: Stopping subversion
Dec 11, 2012 11:22:01 AM hudson.PluginWrapper stop
INFO: Stopping cvs
Dec 11, 2012 11:22:01 AM hudson.PluginWrapper stop
INFO: Stopping maven-plugin
Dec 11, 2012 11:22:01 AM hudson.PluginWrapper stop
INFO: Stopping translation
Dec 11, 2012 11:22:01 AM hudson.PluginWrapper stop
INFO: Stopping ssh-slaves
</stderr>
      <duration>2.427</duration>
      <timestamp>2012-12-11T11:21:59</timestamp>
      <cases>
        <case>
          <duration>2.427</duration>
          <className>hudson.model.ComputerSetTest</className>
          <testName>testNodeOfflineCli</testName>
          <skipped>false</skipped>
          <failedSince>0</failedSince>
        </case>
      </cases>
    </suite>
    <suite>
      <file>/home/jenkins/slave/workspace/jenkins_main_trunk/test/target/surefire-reports/hudson.model.ComputerSetTest.testPageRendering.735.xml</file>
      <name>hudson.model.ComputerSetTest.testPageRendering</name>
      <stdout>=== Starting ComputerSetTest.testPageRendering
</stdout>
      <stderr>Dec 11, 2012 11:21:52 AM org.mortbay.log.Slf4jLog info
INFO: jetty-6.1.26
Dec 11, 2012 11:21:52 AM org.mortbay.log.Slf4jLog info
INFO: NO JSP Support for , did not find org.apache.jasper.servlet.JspServlet
Dec 11, 2012 11:21:52 AM org.mortbay.log.Slf4jLog info
INFO: Started SocketConnector@0.0.0.0:46011
Dec 11, 2012 11:21:52 AM jenkins.InitReactorRunner$1 onAttained
INFO: Started initialization
Dec 11, 2012 11:21:52 AM jenkins.InitReactorRunner$1 onAttained
INFO: Listed all plugins
Dec 11, 2012 
...[truncated 3573 chars]...
hudson.PluginWrapper stop
INFO: Stopping ant
Dec 11, 2012 11:21:54 AM hudson.PluginWrapper stop
INFO: Stopping javadoc
Dec 11, 2012 11:21:54 AM hudson.PluginWrapper stop
INFO: Stopping subversion
Dec 11, 2012 11:21:54 AM hudson.PluginWrapper stop
INFO: Stopping cvs
Dec 11, 2012 11:21:54 AM hudson.PluginWrapper stop
INFO: Stopping maven-plugin
Dec 11, 2012 11:21:54 AM hudson.PluginWrapper stop
INFO: Stopping translation
Dec 11, 2012 11:21:54 AM hudson.PluginWrapper stop
INFO: Stopping ssh-slaves
</stderr>
      <duration>2.902</duration>
      <timestamp>2012-12-11T11:21:52</timestamp>
      <cases>
        <case>
          <duration>2.902</duration>
          <className>hudson.model.ComputerSetTest</className>
          <testName>testPageRendering</testName>
          <skipped>false</skipped>
          <failedSince>0</failedSince>
        </case>
      </cases>
    </suite>
    <suite>
      <file>/home/jenkins/slave/workspace/jenkins_main_trunk/test/target/surefire-reports/hudson.model.DependencyGraphTest.testItemReadPermission.739.xml</file>
      <name>hudson.model.DependencyGraphTest.testItemReadPermission</name>
      <stdout>=== Starting DependencyGraphTest.testItemReadPermission
</stdout>
      <stderr>Dec 11, 2012 11:22:09 AM org.mortbay.log.Slf4jLog info
INFO: jetty-6.1.26
Dec 11, 2012 11:22:09 AM org.mortbay.log.Slf4jLog info
INFO: NO JSP Support for , did not find org.apache.jasper.servlet.JspServlet
Dec 11, 2012 11:22:09 AM org.mortbay.log.Slf4jLog info
INFO: Started SocketConnector@0.0.0.0:46513
Dec 11, 2012 11:22:09 AM jenkins.InitReactorRunner$1 onAttained
INFO: Started initialization
Dec 11, 2012 11:22:09 AM jenkins.InitReactorRunner$1 onAttained
INFO: Listed all plugins
Dec 11, 2012 
...[truncated 993 chars]...
hudson.PluginWrapper stop
INFO: Stopping ant
Dec 11, 2012 11:22:10 AM hudson.PluginWrapper stop
INFO: Stopping javadoc
Dec 11, 2012 11:22:10 AM hudson.PluginWrapper stop
INFO: Stopping subversion
Dec 11, 2012 11:22:10 AM hudson.PluginWrapper stop
INFO: Stopping cvs
Dec 11, 2012 11:22:10 AM hudson.PluginWrapper stop
INFO: Stopping maven-plugin
Dec 11, 2012 11:22:10 AM hudson.PluginWrapper stop
INFO: Stopping translation
Dec 11, 2012 11:22:10 AM hudson.PluginWrapper stop
INFO: Stopping ssh-slaves
</stderr>
      <duration>1.513</duration>
      <timestamp>2012-12-11T11:22:09</timestamp>
      <cases>
        <case>
          <duration>1.513</duration>
          <className>hudson.model.DependencyGraphTest</className>
          <testName>testItemReadPermission</testName>
          <skipped>false</skipped>
          <failedSince>0</failedSince>
        </case>
      </cases>
    </suite>
    <suite>
      <file>/home/jenkins/slave/workspace/jenkins_main_trunk/test/target/surefire-reports/hudson.model.DependencyGraphTest.testTriggerJob.738.xml</file>
      <name>hudson.model.DependencyGraphTest.testTriggerJob</name>
      <stdout>=== Starting DependencyGraphTest.testTriggerJob
</stdout>
      <stderr>Dec 11, 2012 11:22:01 AM org.mortbay.log.Slf4jLog info
INFO: jetty-6.1.26
Dec 11, 2012 11:22:01 AM org.mortbay.log.Slf4jLog info
INFO: NO JSP Support for , did not find org.apache.jasper.servlet.JspServlet
Dec 11, 2012 11:22:01 AM org.mortbay.log.Slf4jLog info
INFO: Started SocketConnector@0.0.0.0:44217
Dec 11, 2012 11:22:01 AM jenkins.InitReactorRunner$1 onAttained
INFO: Started initialization
Dec 11, 2012 11:22:01 AM jenkins.InitReactorRunner$1 onAttained
INFO: Listed all plugins
Dec 11, 2012 
...[truncated 1402 chars]...
hudson.PluginWrapper stop
INFO: Stopping ant
Dec 11, 2012 11:22:09 AM hudson.PluginWrapper stop
INFO: Stopping javadoc
Dec 11, 2012 11:22:09 AM hudson.PluginWrapper stop
INFO: Stopping subversion
Dec 11, 2012 11:22:09 AM hudson.PluginWrapper stop
INFO: Stopping cvs
Dec 11, 2012 11:22:09 AM hudson.PluginWrapper stop
INFO: Stopping maven-plugin
Dec 11, 2012 11:22:09 AM hudson.PluginWrapper stop
INFO: Stopping translation
Dec 11, 2012 11:22:09 AM hudson.PluginWrapper stop
INFO: Stopping ssh-slaves
</stderr>
      <duration>7.878</duration>
      <timestamp>2012-12-11T11:22:01</timestamp>
      <cases>
        <case>
          <duration>7.878</duration>
          <className>hudson.model.DependencyGraphTest</className>
          <testName>testTriggerJob</testName>
          <skipped>false</skipped>
          <failedSince>0</failedSince>
        </case>
      </cases>
    </suite>
    <suite>
      <file>/home/jenkins/slave/workspace/jenkins_main_trunk/test/target/surefire-reports/hudson.model.DirectoryBrowserSupportTest.testDoubleDots.741.xml</file>
      <name>hudson.model.DirectoryBrowserSupportTest.testDoubleDots</name>
      <stdout>=== Starting DirectoryBrowserSupportTest.testDoubleDots
</stdout>
      <stderr>Dec 11, 2012 11:22:13 AM org.mortbay.log.Slf4jLog info
INFO: jetty-6.1.26
Dec 11, 2012 11:22:13 AM org.mortbay.log.Slf4jLog info
INFO: NO JSP Support for , did not find org.apache.jasper.servlet.JspServlet
Dec 11, 2012 11:22:13 AM org.mortbay.log.Slf4jLog info
INFO: Started SocketConnector@0.0.0.0:44043
Dec 11, 2012 11:22:13 AM jenkins.InitReactorRunner$1 onAttained
INFO: Started initialization
Dec 11, 2012 11:22:13 AM jenkins.InitReactorRunner$1 onAttained
INFO: Listed all plugins
Dec 11, 2012 
...[truncated 1095 chars]...
hudson.PluginWrapper stop
INFO: Stopping ant
Dec 11, 2012 11:22:14 AM hudson.PluginWrapper stop
INFO: Stopping javadoc
Dec 11, 2012 11:22:14 AM hudson.PluginWrapper stop
INFO: Stopping subversion
Dec 11, 2012 11:22:14 AM hudson.PluginWrapper stop
INFO: Stopping cvs
Dec 11, 2012 11:22:14 AM hudson.PluginWrapper stop
INFO: Stopping maven-plugin
Dec 11, 2012 11:22:14 AM hudson.PluginWrapper stop
INFO: Stopping translation
Dec 11, 2012 11:22:14 AM hudson.PluginWrapper stop
INFO: Stopping ssh-slaves
</stderr>
      <duration>1.481</duration>
      <timestamp>2012-12-11T11:22:13</timestamp>
      <cases>
        <case>
          <duration>1.481</duration>
          <className>hudson.model.DirectoryBrowserSupportTest</className>
          <testName>testDoubleDots</testName>
          <skipped>false</skipped>
          <failedSince>0</failedSince>
        </case>
      </cases>
    </suite>
    <suite>
      <file>/home/jenkins/slave/workspace/jenkins_main_trunk/test/target/surefire-reports/hudson.model.DirectoryBrowserSupportTest.testDoubleDots2.742.xml</file>
      <name>hudson.model.DirectoryBrowserSupportTest.testDoubleDots2</name>
      <stdout>=== Starting DirectoryBrowserSupportTest.testDoubleDots2
</stdout>
      <stderr>Dec 11, 2012 11:22:14 AM org.mortbay.log.Slf4jLog info
INFO: jetty-6.1.26
Dec 11, 2012 11:22:14 AM org.mortbay.log.Slf4jLog info
INFO: NO JSP Support for , did not find org.apache.jasper.servlet.JspServlet
Dec 11, 2012 11:22:14 AM org.mortbay.log.Slf4jLog info
INFO: Started SocketConnector@0.0.0.0:38787
Dec 11, 2012 11:22:14 AM jenkins.InitReactorRunner$1 onAttained
INFO: Started initialization
Dec 11, 2012 11:22:14 AM jenkins.InitReactorRunner$1 onAttained
INFO: Listed all plugins
Dec 11, 2012 
...[truncated 1095 chars]...
hudson.PluginWrapper stop
INFO: Stopping ant
Dec 11, 2012 11:22:16 AM hudson.PluginWrapper stop
INFO: Stopping javadoc
Dec 11, 2012 11:22:16 AM hudson.PluginWrapper stop
INFO: Stopping subversion
Dec 11, 2012 11:22:16 AM hudson.PluginWrapper stop
INFO: Stopping cvs
Dec 11, 2012 11:22:16 AM hudson.PluginWrapper stop
INFO: Stopping maven-plugin
Dec 11, 2012 11:22:16 AM hudson.PluginWrapper stop
INFO: Stopping translation
Dec 11, 2012 11:22:16 AM hudson.PluginWrapper stop
INFO: Stopping ssh-slaves
</stderr>
      <duration>2.485</duration>
      <timestamp>2012-12-11T11:22:14</timestamp>
      <cases>
        <case>
          <duration>2.485</duration>
          <className>hudson.model.DirectoryBrowserSupportTest</className>
          <testName>testDoubleDots2</testName>
          <skipped>false</skipped>
          <failedSince>0</failedSince>
        </case>
      </cases>
    </suite>
    <suite>
      <file>/home/jenkins/slave/workspace/jenkins_main_trunk/test/target/surefire-reports/hudson.model.DirectoryBrowserSupportTest.testGlob.744.xml</file>
      <name>hudson.model.DirectoryBrowserSupportTest.testGlob</name>
      <stdout>=== Starting DirectoryBrowserSupportTest.testGlob
</stdout>
      <stderr>Dec 11, 2012 11:22:19 AM org.mortbay.log.Slf4jLog info
INFO: jetty-6.1.26
Dec 11, 2012 11:22:19 AM org.mortbay.log.Slf4jLog info
INFO: NO JSP Support for , did not find org.apache.jasper.servlet.JspServlet
Dec 11, 2012 11:22:19 AM org.mortbay.log.Slf4jLog info
INFO: Started SocketConnector@0.0.0.0:54154
Dec 11, 2012 11:22:19 AM jenkins.InitReactorRunner$1 onAttained
INFO: Started initialization
Dec 11, 2012 11:22:19 AM jenkins.InitReactorRunner$1 onAttained
INFO: Listed all plugins
Dec 11, 2012 
...[truncated 3575 chars]...
hudson.PluginWrapper stop
INFO: Stopping ant
Dec 11, 2012 11:22:21 AM hudson.PluginWrapper stop
INFO: Stopping javadoc
Dec 11, 2012 11:22:21 AM hudson.PluginWrapper stop
INFO: Stopping subversion
Dec 11, 2012 11:22:21 AM hudson.PluginWrapper stop
INFO: Stopping cvs
Dec 11, 2012 11:22:21 AM hudson.PluginWrapper stop
INFO: Stopping maven-plugin
Dec 11, 2012 11:22:21 AM hudson.PluginWrapper stop
INFO: Stopping translation
Dec 11, 2012 11:22:21 AM hudson.PluginWrapper stop
INFO: Stopping ssh-slaves
</stderr>
      <duration>3.452</duration>
      <timestamp>2012-12-11T11:22:19</timestamp>
      <cases>
        <case>
          <duration>3.452</duration>
          <className>hudson.model.DirectoryBrowserSupportTest</className>
          <testName>testGlob</testName>
          <skipped>false</skipped>
          <failedSince>0</failedSince>
        </case>
      </cases>
    </suite>
    <suite>
      <file>/home/jenkins/slave/workspace/jenkins_main_trunk/test/target/surefire-reports/hudson.model.DirectoryBrowserSupportTest.testNonAsciiChar.743.xml</file>
      <name>hudson.model.DirectoryBrowserSupportTest.testNonAsciiChar</name>
      <stdout>=== Starting DirectoryBrowserSupportTest.testNonAsciiChar
</stdout>
      <stderr>Dec 11, 2012 11:22:17 AM org.mortbay.log.Slf4jLog info
INFO: jetty-6.1.26
Dec 11, 2012 11:22:17 AM org.mortbay.log.Slf4jLog info
INFO: NO JSP Support for , did not find org.apache.jasper.servlet.JspServlet
Dec 11, 2012 11:22:17 AM org.mortbay.log.Slf4jLog info
INFO: Started SocketConnector@0.0.0.0:56428
Dec 11, 2012 11:22:17 AM jenkins.InitReactorRunner$1 onAttained
INFO: Started initialization
Dec 11, 2012 11:22:17 AM jenkins.InitReactorRunner$1 onAttained
INFO: Listed all plugins
Dec 11, 2012 
...[truncated 1095 chars]...
hudson.PluginWrapper stop
INFO: Stopping ant
Dec 11, 2012 11:22:18 AM hudson.PluginWrapper stop
INFO: Stopping javadoc
Dec 11, 2012 11:22:18 AM hudson.PluginWrapper stop
INFO: Stopping subversion
Dec 11, 2012 11:22:18 AM hudson.PluginWrapper stop
INFO: Stopping cvs
Dec 11, 2012 11:22:18 AM hudson.PluginWrapper stop
INFO: Stopping maven-plugin
Dec 11, 2012 11:22:18 AM hudson.PluginWrapper stop
INFO: Stopping translation
Dec 11, 2012 11:22:18 AM hudson.PluginWrapper stop
INFO: Stopping ssh-slaves
</stderr>
      <duration>1.809</duration>
      <timestamp>2012-12-11T11:22:17</timestamp>
      <cases>
        <case>
          <duration>1.809</duration>
          <className>hudson.model.DirectoryBrowserSupportTest</className>
          <testName>testNonAsciiChar</testName>
          <skipped>false</skipped>
          <failedSince>0</failedSince>
        </case>
      </cases>
    </suite>
    <suite>
      <file>/home/jenkins/slave/workspace/jenkins_main_trunk/test/target/surefire-reports/hudson.model.DisplayNameTest.testCopyJobWithDisplayName.748.xml</file>
      <name>hudson.model.DisplayNameTest.testCopyJobWithDisplayName</name>
      <stdout>=== Starting DisplayNameTest.testCopyJobWithDisplayName
</stdout>
      <stderr>Dec 11, 2012 11:22:29 AM org.mortbay.log.Slf4jLog info
INFO: jetty-6.1.26
Dec 11, 2012 11:22:29 AM org.mortbay.log.Slf4jLog info
INFO: NO JSP Support for , did not find org.apache.jasper.servlet.JspServlet
Dec 11, 2012 11:22:29 AM org.mortbay.log.Slf4jLog info
INFO: Started SocketConnector@0.0.0.0:38776
Dec 11, 2012 11:22:29 AM jenkins.InitReactorRunner$1 onAttained
INFO: Started initialization
Dec 11, 2012 11:22:29 AM jenkins.InitReactorRunner$1 onAttained
INFO: Listed all plugins
Dec 11, 2012 
...[truncated 993 chars]...
hudson.PluginWrapper stop
INFO: Stopping ant
Dec 11, 2012 11:22:30 AM hudson.PluginWrapper stop
INFO: Stopping javadoc
Dec 11, 2012 11:22:30 AM hudson.PluginWrapper stop
INFO: Stopping subversion
Dec 11, 2012 11:22:30 AM hudson.PluginWrapper stop
INFO: Stopping cvs
Dec 11, 2012 11:22:30 AM hudson.PluginWrapper stop
INFO: Stopping maven-plugin
Dec 11, 2012 11:22:30 AM hudson.PluginWrapper stop
INFO: Stopping translation
Dec 11, 2012 11:22:30 AM hudson.PluginWrapper stop
INFO: Stopping ssh-slaves
</stderr>
      <duration>1.411</duration>
      <timestamp>2012-12-11T11:22:29</timestamp>
      <cases>
        <case>
          <duration>1.411</duration>
          <className>hudson.model.DisplayNameTest</className>
          <testName>testCopyJobWithDisplayName</testName>
          <skipped>false</skipped>
          <failedSince>0</failedSince>
        </case>
      </cases>
    </suite>
    <suite>
      <file>/home/jenkins/slave/workspace/jenkins_main_trunk/test/target/surefire-reports/hudson.model.DisplayNameTest.testCopyJobWithNoDisplayName.747.xml</file>
      <name>hudson.model.DisplayNameTest.testCopyJobWithNoDisplayName</name>
      <stdout>=== Starting DisplayNameTest.testCopyJobWithNoDisplayName
</stdout>
      <stderr>Dec 11, 2012 11:22:28 AM org.mortbay.log.Slf4jLog info
INFO: jetty-6.1.26
Dec 11, 2012 11:22:28 AM org.mortbay.log.Slf4jLog info
INFO: NO JSP Support for , did not find org.apache.jasper.servlet.JspServlet
Dec 11, 2012 11:22:28 AM org.mortbay.log.Slf4jLog info
INFO: Started SocketConnector@0.0.0.0:44694
Dec 11, 2012 11:22:28 AM jenkins.InitReactorRunner$1 onAttained
INFO: Started initialization
Dec 11, 2012 11:22:28 AM jenkins.InitReactorRunner$1 onAttained
INFO: Listed all plugins
Dec 11, 2012 
...[truncated 993 chars]...
hudson.PluginWrapper stop
INFO: Stopping ant
Dec 11, 2012 11:22:29 AM hudson.PluginWrapper stop
INFO: Stopping javadoc
Dec 11, 2012 11:22:29 AM hudson.PluginWrapper stop
INFO: Stopping subversion
Dec 11, 2012 11:22:29 AM hudson.PluginWrapper stop
INFO: Stopping cvs
Dec 11, 2012 11:22:29 AM hudson.PluginWrapper stop
INFO: Stopping maven-plugin
Dec 11, 2012 11:22:29 AM hudson.PluginWrapper stop
INFO: Stopping translation
Dec 11, 2012 11:22:29 AM hudson.PluginWrapper stop
INFO: Stopping ssh-slaves
</stderr>
      <duration>1.457</duration>
      <timestamp>2012-12-11T11:22:28</timestamp>
      <cases>
        <case>
          <duration>1.457</duration>
          <className>hudson.model.DisplayNameTest</className>
          <testName>testCopyJobWithNoDisplayName</testName>
          <skipped>false</skipped>
          <failedSince>0</failedSince>
        </case>
      </cases>
    </suite>
    <suite>
      <file>/home/jenkins/slave/workspace/jenkins_main_trunk/test/target/surefire-reports/hudson.model.DisplayNameTest.testRenameJobWithDisplayName.746.xml</file>
      <name>hudson.model.DisplayNameTest.testRenameJobWithDisplayName</name>
      <stdout>=== Starting DisplayNameTest.testRenameJobWithDisplayName
</stdout>
      <stderr>Dec 11, 2012 11:22:25 AM org.mortbay.log.Slf4jLog info
INFO: jetty-6.1.26
Dec 11, 2012 11:22:25 AM org.mortbay.log.Slf4jLog info
INFO: NO JSP Support for , did not find org.apache.jasper.servlet.JspServlet
Dec 11, 2012 11:22:25 AM org.mortbay.log.Slf4jLog info
INFO: Started SocketConnector@0.0.0.0:60007
Dec 11, 2012 11:22:25 AM jenkins.InitReactorRunner$1 onAttained
INFO: Started initialization
Dec 11, 2012 11:22:25 AM jenkins.InitReactorRunner$1 onAttained
INFO: Listed all plugins
Dec 11, 2012 
...[truncated 993 chars]...
hudson.PluginWrapper stop
INFO: Stopping ant
Dec 11, 2012 11:22:27 AM hudson.PluginWrapper stop
INFO: Stopping javadoc
Dec 11, 2012 11:22:27 AM hudson.PluginWrapper stop
INFO: Stopping subversion
Dec 11, 2012 11:22:27 AM hudson.PluginWrapper stop
INFO: Stopping cvs
Dec 11, 2012 11:22:27 AM hudson.PluginWrapper stop
INFO: Stopping maven-plugin
Dec 11, 2012 11:22:27 AM hudson.PluginWrapper stop
INFO: Stopping translation
Dec 11, 2012 11:22:27 AM hudson.PluginWrapper stop
INFO: Stopping ssh-slaves
</stderr>
      <duration>2.392</duration>
      <timestamp>2012-12-11T11:22:25</timestamp>
      <cases>
        <case>
          <duration>2.392</duration>
          <className>hudson.model.DisplayNameTest</className>
          <testName>testRenameJobWithDisplayName</testName>
          <skipped>false</skipped>
          <failedSince>0</failedSince>
        </case>
      </cases>
    </suite>
    <suite>
      <file>/home/jenkins/slave/workspace/jenkins_main_trunk/test/target/surefire-reports/hudson.model.DisplayNameTest.testRenameJobWithNoDisplayName.745.xml</file>
      <name>hudson.model.DisplayNameTest.testRenameJobWithNoDisplayName</name>
      <stdout>=== Starting DisplayNameTest.testRenameJobWithNoDisplayName
</stdout>
      <stderr>Dec 11, 2012 11:22:22 AM org.mortbay.log.Slf4jLog info
INFO: jetty-6.1.26
Dec 11, 2012 11:22:22 AM org.mortbay.log.Slf4jLog info
INFO: NO JSP Support for , did not find org.apache.jasper.servlet.JspServlet
Dec 11, 2012 11:22:22 AM org.mortbay.log.Slf4jLog info
INFO: Started SocketConnector@0.0.0.0:36721
Dec 11, 2012 11:22:22 AM jenkins.InitReactorRunner$1 onAttained
INFO: Started initialization
Dec 11, 2012 11:22:22 AM jenkins.InitReactorRunner$1 onAttained
INFO: Listed all plugins
Dec 11, 2012 
...[truncated 993 chars]...
hudson.PluginWrapper stop
INFO: Stopping ant
Dec 11, 2012 11:22:25 AM hudson.PluginWrapper stop
INFO: Stopping javadoc
Dec 11, 2012 11:22:25 AM hudson.PluginWrapper stop
INFO: Stopping subversion
Dec 11, 2012 11:22:25 AM hudson.PluginWrapper stop
INFO: Stopping cvs
Dec 11, 2012 11:22:25 AM hudson.PluginWrapper stop
INFO: Stopping maven-plugin
Dec 11, 2012 11:22:25 AM hudson.PluginWrapper stop
INFO: Stopping translation
Dec 11, 2012 11:22:25 AM hudson.PluginWrapper stop
INFO: Stopping ssh-slaves
</stderr>
      <duration>3.158</duration>
      <timestamp>2012-12-11T11:22:22</timestamp>
      <cases>
        <case>
          <duration>3.158</duration>
          <className>hudson.model.DisplayNameTest</className>
          <testName>testRenameJobWithNoDisplayName</testName>
          <skipped>false</skipped>
          <failedSince>0</failedSince>
        </case>
      </cases>
    </suite>
    <suite>
      <file>/home/jenkins/slave/workspace/jenkins_main_trunk/test/target/surefire-reports/hudson.model.DownloadServiceTest.testPost.749.xml</file>
      <name>hudson.model.DownloadServiceTest.testPost</name>
      <stdout>=== Starting DownloadServiceTest.testPost
</stdout>
      <stderr>Dec 11, 2012 11:22:30 AM org.mortbay.log.Slf4jLog info
INFO: jetty-6.1.26
Dec 11, 2012 11:22:30 AM org.mortbay.log.Slf4jLog info
INFO: NO JSP Support for , did not find org.apache.jasper.servlet.JspServlet
Dec 11, 2012 11:22:30 AM org.mortbay.log.Slf4jLog info
INFO: Started SocketConnector@0.0.0.0:53390
Dec 11, 2012 11:22:30 AM jenkins.InitReactorRunner$1 onAttained
INFO: Started initialization
Dec 11, 2012 11:22:30 AM jenkins.InitReactorRunner$1 onAttained
INFO: Listed all plugins
Dec 11, 2012 
...[truncated 6306 chars]...
hudson.PluginWrapper stop
INFO: Stopping ant
Dec 11, 2012 11:22:34 AM hudson.PluginWrapper stop
INFO: Stopping javadoc
Dec 11, 2012 11:22:34 AM hudson.PluginWrapper stop
INFO: Stopping subversion
Dec 11, 2012 11:22:34 AM hudson.PluginWrapper stop
INFO: Stopping cvs
Dec 11, 2012 11:22:34 AM hudson.PluginWrapper stop
INFO: Stopping maven-plugin
Dec 11, 2012 11:22:34 AM hudson.PluginWrapper stop
INFO: Stopping translation
Dec 11, 2012 11:22:34 AM hudson.PluginWrapper stop
INFO: Stopping ssh-slaves
</stderr>
      <duration>3.766</duration>
      <timestamp>2012-12-11T11:22:30</timestamp>
      <cases>
        <case>
          <duration>3.766</duration>
          <className>hudson.model.DownloadServiceTest</className>
          <testName>testPost</testName>
          <skipped>false</skipped>
          <failedSince>0</failedSince>
        </case>
      </cases>
    </suite>
    <suite>
      <file>/home/jenkins/slave/workspace/jenkins_main_trunk/test/target/surefire-reports/hudson.model.ExecutorTest.testAbortCause.752.xml</file>
      <name>hudson.model.ExecutorTest.testAbortCause</name>
      <stdout>=== Starting ExecutorTest.testAbortCause
</stdout>
      <stderr>Dec 11, 2012 11:22:40 AM org.mortbay.log.Slf4jLog info
INFO: jetty-6.1.26
Dec 11, 2012 11:22:40 AM org.mortbay.log.Slf4jLog info
INFO: NO JSP Support for , did not find org.apache.jasper.servlet.JspServlet
Dec 11, 2012 11:22:40 AM org.mortbay.log.Slf4jLog info
INFO: Started SocketConnector@0.0.0.0:48597
Dec 11, 2012 11:22:40 AM jenkins.InitReactorRunner$1 onAttained
INFO: Started initialization
Dec 11, 2012 11:22:40 AM jenkins.InitReactorRunner$1 onAttained
INFO: Listed all plugins
Dec 11, 2012 
...[truncated 1826 chars]...
hudson.PluginWrapper stop
INFO: Stopping ant
Dec 11, 2012 11:22:41 AM hudson.PluginWrapper stop
INFO: Stopping javadoc
Dec 11, 2012 11:22:41 AM hudson.PluginWrapper stop
INFO: Stopping subversion
Dec 11, 2012 11:22:41 AM hudson.PluginWrapper stop
INFO: Stopping cvs
Dec 11, 2012 11:22:41 AM hudson.PluginWrapper stop
INFO: Stopping maven-plugin
Dec 11, 2012 11:22:41 AM hudson.PluginWrapper stop
INFO: Stopping translation
Dec 11, 2012 11:22:41 AM hudson.PluginWrapper stop
INFO: Stopping ssh-slaves
</stderr>
      <duration>1.638</duration>
      <timestamp>2012-12-11T11:22:40</timestamp>
      <cases>
        <case>
          <duration>1.638</duration>
          <className>hudson.model.ExecutorTest</className>
          <testName>testAbortCause</testName>
          <skipped>false</skipped>
          <failedSince>0</failedSince>
        </case>
      </cases>
    </suite>
    <suite>
      <file>/home/jenkins/slave/workspace/jenkins_main_trunk/test/target/surefire-reports/hudson.model.ExecutorTest.testYank.750.xml</file>
      <name>hudson.model.ExecutorTest.testYank</name>
      <stdout>=== Starting ExecutorTest.testYank
</stdout>
      <stderr>Dec 11, 2012 11:22:34 AM org.mortbay.log.Slf4jLog info
INFO: jetty-6.1.26
Dec 11, 2012 11:22:34 AM org.mortbay.log.Slf4jLog info
INFO: NO JSP Support for , did not find org.apache.jasper.servlet.JspServlet
Dec 11, 2012 11:22:34 AM org.mortbay.log.Slf4jLog info
INFO: Started SocketConnector@0.0.0.0:38369
Dec 11, 2012 11:22:34 AM jenkins.InitReactorRunner$1 onAttained
INFO: Started initialization
Dec 11, 2012 11:22:34 AM jenkins.InitReactorRunner$1 onAttained
INFO: Listed all plugins
Dec 11, 2012 
...[truncated 8433 chars]...
hudson.PluginWrapper stop
INFO: Stopping ant
Dec 11, 2012 11:22:38 AM hudson.PluginWrapper stop
INFO: Stopping javadoc
Dec 11, 2012 11:22:38 AM hudson.PluginWrapper stop
INFO: Stopping subversion
Dec 11, 2012 11:22:38 AM hudson.PluginWrapper stop
INFO: Stopping cvs
Dec 11, 2012 11:22:38 AM hudson.PluginWrapper stop
INFO: Stopping maven-plugin
Dec 11, 2012 11:22:38 AM hudson.PluginWrapper stop
INFO: Stopping translation
Dec 11, 2012 11:22:38 AM hudson.PluginWrapper stop
INFO: Stopping ssh-slaves
</stderr>
      <duration>4.67</duration>
      <timestamp>2012-12-11T11:22:34</timestamp>
      <cases>
        <case>
          <duration>4.67</duration>
          <className>hudson.model.ExecutorTest</className>
          <testName>testYank</testName>
          <skipped>false</skipped>
          <failedSince>0</failedSince>
        </case>
      </cases>
    </suite>
    <suite>
      <file>/home/jenkins/slave/workspace/jenkins_main_trunk/test/target/surefire-reports/hudson.model.FreeStyleProjectTest.testConfigSubmission.753.xml</file>
      <name>hudson.model.FreeStyleProjectTest.testConfigSubmission</name>
      <stdout>=== Starting FreeStyleProjectTest.testConfigSubmission
</stdout>
      <stderr>Dec 11, 2012 11:22:42 AM org.mortbay.log.Slf4jLog info
INFO: jetty-6.1.26
Dec 11, 2012 11:22:42 AM org.mortbay.log.Slf4jLog info
INFO: NO JSP Support for , did not find org.apache.jasper.servlet.JspServlet
Dec 11, 2012 11:22:42 AM org.mortbay.log.Slf4jLog info
INFO: Started SocketConnector@0.0.0.0:50424
Dec 11, 2012 11:22:42 AM jenkins.InitReactorRunner$1 onAttained
INFO: Started initialization
Dec 11, 2012 11:22:42 AM jenkins.InitReactorRunner$1 onAttained
INFO: Listed all plugins
Dec 11, 2012 
...[truncated 6853 chars]...
hudson.PluginWrapper stop
INFO: Stopping ant
Dec 11, 2012 11:22:48 AM hudson.PluginWrapper stop
INFO: Stopping javadoc
Dec 11, 2012 11:22:48 AM hudson.PluginWrapper stop
INFO: Stopping subversion
Dec 11, 2012 11:22:48 AM hudson.PluginWrapper stop
INFO: Stopping cvs
Dec 11, 2012 11:22:48 AM hudson.PluginWrapper stop
INFO: Stopping maven-plugin
Dec 11, 2012 11:22:48 AM hudson.PluginWrapper stop
INFO: Stopping translation
Dec 11, 2012 11:22:48 AM hudson.PluginWrapper stop
INFO: Stopping ssh-slaves
</stderr>
      <duration>6.555</duration>
      <timestamp>2012-12-11T11:22:42</timestamp>
      <cases>
        <case>
          <duration>6.555</duration>
          <className>hudson.model.FreeStyleProjectTest</className>
          <testName>testConfigSubmission</testName>
          <skipped>false</skipped>
          <failedSince>0</failedSince>
        </case>
      </cases>
    </suite>
    <suite>
      <file>/home/jenkins/slave/workspace/jenkins_main_trunk/test/target/surefire-reports/hudson.model.FreeStyleProjectTest.testCustomWorkspaceAllocation.757.xml</file>
      <name>hudson.model.FreeStyleProjectTest.testCustomWorkspaceAllocation</name>
      <stdout>=== Starting FreeStyleProjectTest.testCustomWorkspaceAllocation
</stdout>
      <stderr>Dec 11, 2012 11:23:24 AM org.mortbay.log.Slf4jLog info
INFO: jetty-6.1.26
Dec 11, 2012 11:23:24 AM org.mortbay.log.Slf4jLog info
INFO: NO JSP Support for , did not find org.apache.jasper.servlet.JspServlet
Dec 11, 2012 11:23:24 AM org.mortbay.log.Slf4jLog info
INFO: Started SocketConnector@0.0.0.0:36593
Dec 11, 2012 11:23:24 AM jenkins.InitReactorRunner$1 onAttained
INFO: Started initialization
Dec 11, 2012 11:23:24 AM jenkins.InitReactorRunner$1 onAttained
INFO: Listed all plugins
Dec 11, 2012 
...[truncated 1095 chars]...
hudson.PluginWrapper stop
INFO: Stopping ant
Dec 11, 2012 11:23:25 AM hudson.PluginWrapper stop
INFO: Stopping javadoc
Dec 11, 2012 11:23:25 AM hudson.PluginWrapper stop
INFO: Stopping subversion
Dec 11, 2012 11:23:25 AM hudson.PluginWrapper stop
INFO: Stopping cvs
Dec 11, 2012 11:23:25 AM hudson.PluginWrapper stop
INFO: Stopping maven-plugin
Dec 11, 2012 11:23:25 AM hudson.PluginWrapper stop
INFO: Stopping translation
Dec 11, 2012 11:23:25 AM hudson.PluginWrapper stop
INFO: Stopping ssh-slaves
</stderr>
      <duration>2.086</duration>
      <timestamp>2012-12-11T11:23:24</timestamp>
      <cases>
        <case>
          <duration>2.086</duration>
          <className>hudson.model.FreeStyleProjectTest</className>
          <testName>testCustomWorkspaceAllocation</testName>
          <skipped>false</skipped>
          <failedSince>0</failedSince>
        </case>
      </cases>
    </suite>
    <suite>
      <file>/home/jenkins/slave/workspace/jenkins_main_trunk/test/target/surefire-reports/hudson.model.FreeStyleProjectTest.testCustomWorkspaceVariableExpansion.758.xml</file>
      <name>hudson.model.FreeStyleProjectTest.testCustomWorkspaceVariableExpansion</name>
      <stdout>=== Starting FreeStyleProjectTest.testCustomWorkspaceVariableExpansion
/home/jenkins/slave/workspace/jenkins_main_trunk/test/target/hudson4148376276607468088test/test0
</stdout>
      <stderr>Dec 11, 2012 11:23:26 AM org.mortbay.log.Slf4jLog info
INFO: jetty-6.1.26
Dec 11, 2012 11:23:26 AM org.mortbay.log.Slf4jLog info
INFO: NO JSP Support for , did not find org.apache.jasper.servlet.JspServlet
Dec 11, 2012 11:23:26 AM org.mortbay.log.Slf4jLog info
INFO: Started SocketConnector@0.0.0.0:57374
Dec 11, 2012 11:23:26 AM jenkins.InitReactorRunner$1 onAttained
INFO: Started initialization
Dec 11, 2012 11:23:26 AM jenkins.InitReactorRunner$1 onAttained
INFO: Listed all plugins
Dec 11, 2012 
...[truncated 1095 chars]...
hudson.PluginWrapper stop
INFO: Stopping ant
Dec 11, 2012 11:23:27 AM hudson.PluginWrapper stop
INFO: Stopping javadoc
Dec 11, 2012 11:23:27 AM hudson.PluginWrapper stop
INFO: Stopping subversion
Dec 11, 2012 11:23:27 AM hudson.PluginWrapper stop
INFO: Stopping cvs
Dec 11, 2012 11:23:27 AM hudson.PluginWrapper stop
INFO: Stopping maven-plugin
Dec 11, 2012 11:23:27 AM hudson.PluginWrapper stop
INFO: Stopping translation
Dec 11, 2012 11:23:27 AM hudson.PluginWrapper stop
INFO: Stopping ssh-slaves
</stderr>
      <duration>1.822</duration>
      <timestamp>2012-12-11T11:23:26</timestamp>
      <cases>
        <case>
          <duration>1.822</duration>
          <className>hudson.model.FreeStyleProjectTest</className>
          <testName>testCustomWorkspaceVariableExpansion</testName>
          <skipped>false</skipped>
          <failedSince>0</failedSince>
        </case>
      </cases>
    </suite>
    <suite>
      <file>/home/jenkins/slave/workspace/jenkins_main_trunk/test/target/surefire-reports/hudson.model.FreeStyleProjectTest.testMinimalConfigXml.759.xml</file>
      <name>hudson.model.FreeStyleProjectTest.testMinimalConfigXml</name>
      <stdout>=== Starting FreeStyleProjectTest.testMinimalConfigXml
&lt;?xml version=&apos;1.0&apos; encoding=&apos;UTF-8&apos;?&gt;
&lt;project&gt;
  &lt;keepDependencies&gt;false&lt;/keepDependencies&gt;
  &lt;canRoam&gt;false&lt;/canRoam&gt;
  &lt;disabled&gt;false&lt;/disabled&gt;
  &lt;blockBuildWhenDownstreamBuilding&gt;false&lt;/blockBuildWhenDownstreamBuilding&gt;
  &lt;blockBuildWhenUpstreamBuilding&gt;false&lt;/blockBuildWhenUpstreamBuilding&gt;
  &lt;concurrentBuild&gt;false&lt;/concurrentBuild&gt;
&lt;/project&gt;
&lt;?xml version=&apos;1.0&apos; encoding=&apos;UTF-8&apos;?&gt;
&lt;project&gt;
  &lt;actions/&gt;
  &lt;description&gt;&lt;/description&gt;
...[truncated 35 chars]...
endencies&gt;
  &lt;properties/&gt;
  &lt;scm class=&quot;hudson.scm.NullSCM&quot;/&gt;
  &lt;canRoam&gt;true&lt;/canRoam&gt;
  &lt;disabled&gt;false&lt;/disabled&gt;
  &lt;blockBuildWhenDownstreamBuilding&gt;false&lt;/blockBuildWhenDownstreamBuilding&gt;
  &lt;blockBuildWhenUpstreamBuilding&gt;false&lt;/blockBuildWhenUpstreamBuilding&gt;
  &lt;triggers class=&quot;vector&quot;/&gt;
  &lt;concurrentBuild&gt;false&lt;/concurrentBuild&gt;
  &lt;builders&gt;
    &lt;hudson.tasks.Shell&gt;
      &lt;command&gt;echo hello&lt;/command&gt;
    &lt;/hudson.tasks.Shell&gt;
  &lt;/builders&gt;
  &lt;publishers/&gt;
  &lt;buildWrappers/&gt;
&lt;/project&gt;
</stdout>
      <stderr>Dec 11, 2012 11:23:28 AM org.mortbay.log.Slf4jLog info
INFO: jetty-6.1.26
Dec 11, 2012 11:23:28 AM org.mortbay.log.Slf4jLog info
INFO: NO JSP Support for , did not find org.apache.jasper.servlet.JspServlet
Dec 11, 2012 11:23:28 AM org.mortbay.log.Slf4jLog info
INFO: Started SocketConnector@0.0.0.0:45715
Dec 11, 2012 11:23:28 AM jenkins.InitReactorRunner$1 onAttained
INFO: Started initialization
Dec 11, 2012 11:23:28 AM jenkins.InitReactorRunner$1 onAttained
INFO: Listed all plugins
Dec 11, 2012 
...[truncated 6853 chars]...
hudson.PluginWrapper stop
INFO: Stopping ant
Dec 11, 2012 11:23:33 AM hudson.PluginWrapper stop
INFO: Stopping javadoc
Dec 11, 2012 11:23:33 AM hudson.PluginWrapper stop
INFO: Stopping subversion
Dec 11, 2012 11:23:33 AM hudson.PluginWrapper stop
INFO: Stopping cvs
Dec 11, 2012 11:23:33 AM hudson.PluginWrapper stop
INFO: Stopping maven-plugin
Dec 11, 2012 11:23:33 AM hudson.PluginWrapper stop
INFO: Stopping translation
Dec 11, 2012 11:23:33 AM hudson.PluginWrapper stop
INFO: Stopping ssh-slaves
</stderr>
      <duration>6.57</duration>
      <timestamp>2012-12-11T11:23:28</timestamp>
      <cases>
        <case>
          <duration>6.57</duration>
          <className>hudson.model.FreeStyleProjectTest</className>
          <testName>testMinimalConfigXml</testName>
          <skipped>false</skipped>
          <failedSince>0</failedSince>
        </case>
      </cases>
    </suite>
    <suite>
      <file>/home/jenkins/slave/workspace/jenkins_main_trunk/test/target/surefire-reports/hudson.model.FreeStyleProjectTest.testUpstreamPseudoTrigger.754.xml</file>
      <name>hudson.model.FreeStyleProjectTest.testUpstreamPseudoTrigger</name>
      <stdout>=== Starting FreeStyleProjectTest.testUpstreamPseudoTrigger
</stdout>
      <stderr>Dec 11, 2012 11:22:48 AM org.mortbay.log.Slf4jLog info
INFO: jetty-6.1.26
Dec 11, 2012 11:22:48 AM org.mortbay.log.Slf4jLog info
INFO: NO JSP Support for , did not find org.apache.jasper.servlet.JspServlet
Dec 11, 2012 11:22:48 AM org.mortbay.log.Slf4jLog info
INFO: Started SocketConnector@0.0.0.0:46655
Dec 11, 2012 11:22:48 AM jenkins.InitReactorRunner$1 onAttained
INFO: Started initialization
Dec 11, 2012 11:22:48 AM jenkins.InitReactorRunner$1 onAttained
INFO: Listed all plugins
Dec 11, 2012 
...[truncated 12713 chars]...
hudson.PluginWrapper stop
INFO: Stopping ant
Dec 11, 2012 11:23:00 AM hudson.PluginWrapper stop
INFO: Stopping javadoc
Dec 11, 2012 11:23:00 AM hudson.PluginWrapper stop
INFO: Stopping subversion
Dec 11, 2012 11:23:00 AM hudson.PluginWrapper stop
INFO: Stopping cvs
Dec 11, 2012 11:23:00 AM hudson.PluginWrapper stop
INFO: Stopping maven-plugin
Dec 11, 2012 11:23:00 AM hudson.PluginWrapper stop
INFO: Stopping translation
Dec 11, 2012 11:23:00 AM hudson.PluginWrapper stop
INFO: Stopping ssh-slaves
</stderr>
      <duration>11.75</duration>
      <timestamp>2012-12-11T11:22:48</timestamp>
      <cases>
        <case>
          <duration>11.75</duration>
          <className>hudson.model.FreeStyleProjectTest</className>
          <testName>testUpstreamPseudoTrigger</testName>
          <skipped>false</skipped>
          <failedSince>0</failedSince>
        </case>
      </cases>
    </suite>
    <suite>
      <file>/home/jenkins/slave/workspace/jenkins_main_trunk/test/target/surefire-reports/hudson.model.FreeStyleProjectTest.testUpstreamPseudoTrigger2.755.xml</file>
      <name>hudson.model.FreeStyleProjectTest.testUpstreamPseudoTrigger2</name>
      <stdout>=== Starting FreeStyleProjectTest.testUpstreamPseudoTrigger2
</stdout>
      <stderr>Dec 11, 2012 11:23:00 AM org.mortbay.log.Slf4jLog info
INFO: jetty-6.1.26
Dec 11, 2012 11:23:00 AM org.mortbay.log.Slf4jLog info
INFO: NO JSP Support for , did not find org.apache.jasper.servlet.JspServlet
Dec 11, 2012 11:23:00 AM org.mortbay.log.Slf4jLog info
INFO: Started SocketConnector@0.0.0.0:36394
Dec 11, 2012 11:23:00 AM jenkins.InitReactorRunner$1 onAttained
INFO: Started initialization
Dec 11, 2012 11:23:00 AM jenkins.InitReactorRunner$1 onAttained
INFO: Listed all plugins
Dec 11, 2012 
...[truncated 12713 chars]...
hudson.PluginWrapper stop
INFO: Stopping ant
Dec 11, 2012 11:23:11 AM hudson.PluginWrapper stop
INFO: Stopping javadoc
Dec 11, 2012 11:23:11 AM hudson.PluginWrapper stop
INFO: Stopping subversion
Dec 11, 2012 11:23:11 AM hudson.PluginWrapper stop
INFO: Stopping cvs
Dec 11, 2012 11:23:11 AM hudson.PluginWrapper stop
INFO: Stopping maven-plugin
Dec 11, 2012 11:23:11 AM hudson.PluginWrapper stop
INFO: Stopping translation
Dec 11, 2012 11:23:11 AM hudson.PluginWrapper stop
INFO: Stopping ssh-slaves
</stderr>
      <duration>11.648</duration>
      <timestamp>2012-12-11T11:23:00</timestamp>
      <cases>
        <case>
          <duration>11.648</duration>
          <className>hudson.model.FreeStyleProjectTest</className>
          <testName>testUpstreamPseudoTrigger2</testName>
          <skipped>false</skipped>
          <failedSince>0</failedSince>
        </case>
      </cases>
    </suite>
    <suite>
      <file>/home/jenkins/slave/workspace/jenkins_main_trunk/test/target/surefire-reports/hudson.model.FreeStyleProjectTest.testUpstreamPseudoTrigger3.756.xml</file>
      <name>hudson.model.FreeStyleProjectTest.testUpstreamPseudoTrigger3</name>
      <stdout>=== Starting FreeStyleProjectTest.testUpstreamPseudoTrigger3
</stdout>
      <stderr>Dec 11, 2012 11:23:12 AM org.mortbay.log.Slf4jLog info
INFO: jetty-6.1.26
Dec 11, 2012 11:23:12 AM org.mortbay.log.Slf4jLog info
INFO: NO JSP Support for , did not find org.apache.jasper.servlet.JspServlet
Dec 11, 2012 11:23:12 AM org.mortbay.log.Slf4jLog info
INFO: Started SocketConnector@0.0.0.0:41842
Dec 11, 2012 11:23:12 AM jenkins.InitReactorRunner$1 onAttained
INFO: Started initialization
Dec 11, 2012 11:23:12 AM jenkins.InitReactorRunner$1 onAttained
INFO: Listed all plugins
Dec 11, 2012 
...[truncated 12713 chars]...
hudson.PluginWrapper stop
INFO: Stopping ant
Dec 11, 2012 11:23:23 AM hudson.PluginWrapper stop
INFO: Stopping javadoc
Dec 11, 2012 11:23:23 AM hudson.PluginWrapper stop
INFO: Stopping subversion
Dec 11, 2012 11:23:23 AM hudson.PluginWrapper stop
INFO: Stopping cvs
Dec 11, 2012 11:23:23 AM hudson.PluginWrapper stop
INFO: Stopping maven-plugin
Dec 11, 2012 11:23:23 AM hudson.PluginWrapper stop
INFO: Stopping translation
Dec 11, 2012 11:23:23 AM hudson.PluginWrapper stop
INFO: Stopping ssh-slaves
</stderr>
      <duration>11.795</duration>
      <timestamp>2012-12-11T11:23:12</timestamp>
      <cases>
        <case>
          <duration>11.795</duration>
          <className>hudson.model.FreeStyleProjectTest</className>
          <testName>testUpstreamPseudoTrigger3</testName>
          <skipped>false</skipped>
          <failedSince>0</failedSince>
        </case>
      </cases>
    </suite>
    <suite>
      <file>/home/jenkins/slave/workspace/jenkins_main_trunk/test/target/surefire-reports/hudson.model.GetEnvironmentOutsideBuildTest.testFreestyle.761.xml</file>
      <name>hudson.model.GetEnvironmentOutsideBuildTest.testFreestyle</name>
      <stdout></stdout>
      <stderr>Dec 11, 2012 11:23:36 AM org.mortbay.log.Slf4jLog info
INFO: jetty-6.1.26
Dec 11, 2012 11:23:36 AM org.mortbay.log.Slf4jLog info
INFO: NO JSP Support for , did not find org.apache.jasper.servlet.JspServlet
Dec 11, 2012 11:23:36 AM org.mortbay.log.Slf4jLog info
INFO: Started SocketConnector@0.0.0.0:36741
Dec 11, 2012 11:23:36 AM jenkins.InitReactorRunner$1 onAttained
INFO: Started initialization
Dec 11, 2012 11:23:36 AM jenkins.InitReactorRunner$1 onAttained
INFO: Listed all plugins
Dec 11, 2012 
...[truncated 993 chars]...
hudson.PluginWrapper stop
INFO: Stopping ant
Dec 11, 2012 11:23:37 AM hudson.PluginWrapper stop
INFO: Stopping javadoc
Dec 11, 2012 11:23:37 AM hudson.PluginWrapper stop
INFO: Stopping subversion
Dec 11, 2012 11:23:37 AM hudson.PluginWrapper stop
INFO: Stopping cvs
Dec 11, 2012 11:23:37 AM hudson.PluginWrapper stop
INFO: Stopping maven-plugin
Dec 11, 2012 11:23:37 AM hudson.PluginWrapper stop
INFO: Stopping translation
Dec 11, 2012 11:23:37 AM hudson.PluginWrapper stop
INFO: Stopping ssh-slaves
</stderr>
      <duration>1.254</duration>
      <timestamp>2012-12-11T11:23:36</timestamp>
      <cases>
        <case>
          <duration>1.254</duration>
          <className>hudson.model.GetEnvironmentOutsideBuildTest</className>
          <testName>testFreestyle</testName>
          <skipped>false</skipped>
          <failedSince>0</failedSince>
        </case>
      </cases>
    </suite>
    <suite>
      <file>/home/jenkins/slave/workspace/jenkins_main_trunk/test/target/surefire-reports/hudson.model.GetEnvironmentOutsideBuildTest.testMatrix.762.xml</file>
      <name>hudson.model.GetEnvironmentOutsideBuildTest.testMatrix</name>
      <stdout></stdout>
      <stderr>Dec 11, 2012 11:23:38 AM org.mortbay.log.Slf4jLog info
INFO: jetty-6.1.26
Dec 11, 2012 11:23:38 AM org.mortbay.log.Slf4jLog info
INFO: NO JSP Support for , did not find org.apache.jasper.servlet.JspServlet
Dec 11, 2012 11:23:38 AM org.mortbay.log.Slf4jLog info
INFO: Started SocketConnector@0.0.0.0:53090
Dec 11, 2012 11:23:38 AM jenkins.InitReactorRunner$1 onAttained
INFO: Started initialization
Dec 11, 2012 11:23:38 AM jenkins.InitReactorRunner$1 onAttained
INFO: Listed all plugins
Dec 11, 2012 
...[truncated 993 chars]...
hudson.PluginWrapper stop
INFO: Stopping ant
Dec 11, 2012 11:23:39 AM hudson.PluginWrapper stop
INFO: Stopping javadoc
Dec 11, 2012 11:23:39 AM hudson.PluginWrapper stop
INFO: Stopping subversion
Dec 11, 2012 11:23:39 AM hudson.PluginWrapper stop
INFO: Stopping cvs
Dec 11, 2012 11:23:39 AM hudson.PluginWrapper stop
INFO: Stopping maven-plugin
Dec 11, 2012 11:23:39 AM hudson.PluginWrapper stop
INFO: Stopping translation
Dec 11, 2012 11:23:39 AM hudson.PluginWrapper stop
INFO: Stopping ssh-slaves
</stderr>
      <duration>1.425</duration>
      <timestamp>2012-12-11T11:23:38</timestamp>
      <cases>
        <case>
          <duration>1.425</duration>
          <className>hudson.model.GetEnvironmentOutsideBuildTest</className>
          <testName>testMatrix</testName>
          <skipped>false</skipped>
          <failedSince>0</failedSince>
        </case>
      </cases>
    </suite>
    <suite>
      <file>/home/jenkins/slave/workspace/jenkins_main_trunk/test/target/surefire-reports/hudson.model.GetEnvironmentOutsideBuildTest.testMaven.760.xml</file>
      <name>hudson.model.GetEnvironmentOutsideBuildTest.testMaven</name>
      <stdout></stdout>
      <stderr>Dec 11, 2012 11:23:34 AM org.mortbay.log.Slf4jLog info
INFO: jetty-6.1.26
Dec 11, 2012 11:23:34 AM org.mortbay.log.Slf4jLog info
INFO: NO JSP Support for , did not find org.apache.jasper.servlet.JspServlet
Dec 11, 2012 11:23:34 AM org.mortbay.log.Slf4jLog info
INFO: Started SocketConnector@0.0.0.0:60059
Dec 11, 2012 11:23:34 AM jenkins.InitReactorRunner$1 onAttained
INFO: Started initialization
Dec 11, 2012 11:23:34 AM jenkins.InitReactorRunner$1 onAttained
INFO: Listed all plugins
Dec 11, 2012 
...[truncated 993 chars]...
hudson.PluginWrapper stop
INFO: Stopping ant
Dec 11, 2012 11:23:36 AM hudson.PluginWrapper stop
INFO: Stopping javadoc
Dec 11, 2012 11:23:36 AM hudson.PluginWrapper stop
INFO: Stopping subversion
Dec 11, 2012 11:23:36 AM hudson.PluginWrapper stop
INFO: Stopping cvs
Dec 11, 2012 11:23:36 AM hudson.PluginWrapper stop
INFO: Stopping maven-plugin
Dec 11, 2012 11:23:36 AM hudson.PluginWrapper stop
INFO: Stopping translation
Dec 11, 2012 11:23:36 AM hudson.PluginWrapper stop
INFO: Stopping ssh-slaves
</stderr>
      <duration>2.064</duration>
      <timestamp>2012-12-11T11:23:34</timestamp>
      <cases>
        <case>
          <duration>2.064</duration>
          <className>hudson.model.GetEnvironmentOutsideBuildTest</className>
          <testName>testMaven</testName>
          <skipped>false</skipped>
          <failedSince>0</failedSince>
        </case>
      </cases>
    </suite>
    <suite>
      <file>/home/jenkins/slave/workspace/jenkins_main_trunk/test/target/surefire-reports/hudson.model.HelpLinkTest.testFreestyleConfig.764.xml</file>
      <name>hudson.model.HelpLinkTest.testFreestyleConfig</name>
      <stdout>=== Starting HelpLinkTest.testFreestyleConfig
Clicking 33 help links
</stdout>
      <stderr>Dec 11, 2012 11:23:47 AM org.mortbay.log.Slf4jLog info
INFO: jetty-6.1.26
Dec 11, 2012 11:23:47 AM org.mortbay.log.Slf4jLog info
INFO: NO JSP Support for , did not find org.apache.jasper.servlet.JspServlet
Dec 11, 2012 11:23:47 AM org.mortbay.log.Slf4jLog info
INFO: Started SocketConnector@0.0.0.0:51573
Dec 11, 2012 11:23:47 AM jenkins.InitReactorRunner$1 onAttained
INFO: Started initialization
Dec 11, 2012 11:23:47 AM jenkins.InitReactorRunner$1 onAttained
INFO: Listed all plugins
Dec 11, 2012 
...[truncated 4373 chars]...
hudson.PluginWrapper stop
INFO: Stopping ant
Dec 11, 2012 11:23:54 AM hudson.PluginWrapper stop
INFO: Stopping javadoc
Dec 11, 2012 11:23:54 AM hudson.PluginWrapper stop
INFO: Stopping subversion
Dec 11, 2012 11:23:54 AM hudson.PluginWrapper stop
INFO: Stopping cvs
Dec 11, 2012 11:23:54 AM hudson.PluginWrapper stop
INFO: Stopping maven-plugin
Dec 11, 2012 11:23:54 AM hudson.PluginWrapper stop
INFO: Stopping translation
Dec 11, 2012 11:23:54 AM hudson.PluginWrapper stop
INFO: Stopping ssh-slaves
</stderr>
      <duration>7.651</duration>
      <timestamp>2012-12-11T11:23:47</timestamp>
      <cases>
        <case>
          <duration>7.651</duration>
          <className>hudson.model.HelpLinkTest</className>
          <testName>testFreestyleConfig</testName>
          <skipped>false</skipped>
          <failedSince>0</failedSince>
        </case>
      </cases>
    </suite>
    <suite>
      <file>/home/jenkins/slave/workspace/jenkins_main_trunk/test/target/surefire-reports/hudson.model.HelpLinkTest.testMatrixConfig.766.xml</file>
      <name>hudson.model.HelpLinkTest.testMatrixConfig</name>
      <stdout>=== Starting HelpLinkTest.testMatrixConfig
Clicking 36 help links
</stdout>
      <stderr>Dec 11, 2012 11:24:02 AM org.mortbay.log.Slf4jLog info
INFO: jetty-6.1.26
Dec 11, 2012 11:24:02 AM org.mortbay.log.Slf4jLog info
INFO: NO JSP Support for , did not find org.apache.jasper.servlet.JspServlet
Dec 11, 2012 11:24:02 AM org.mortbay.log.Slf4jLog info
INFO: Started SocketConnector@0.0.0.0:45297
Dec 11, 2012 11:24:02 AM jenkins.InitReactorRunner$1 onAttained
INFO: Started initialization
Dec 11, 2012 11:24:02 AM jenkins.InitReactorRunner$1 onAttained
INFO: Listed all plugins
Dec 11, 2012 
...[truncated 4373 chars]...
hudson.PluginWrapper stop
INFO: Stopping ant
Dec 11, 2012 11:24:09 AM hudson.PluginWrapper stop
INFO: Stopping javadoc
Dec 11, 2012 11:24:09 AM hudson.PluginWrapper stop
INFO: Stopping subversion
Dec 11, 2012 11:24:09 AM hudson.PluginWrapper stop
INFO: Stopping cvs
Dec 11, 2012 11:24:09 AM hudson.PluginWrapper stop
INFO: Stopping maven-plugin
Dec 11, 2012 11:24:09 AM hudson.PluginWrapper stop
INFO: Stopping translation
Dec 11, 2012 11:24:09 AM hudson.PluginWrapper stop
INFO: Stopping ssh-slaves
</stderr>
      <duration>7.213</duration>
      <timestamp>2012-12-11T11:24:02</timestamp>
      <cases>
        <case>
          <duration>7.213</duration>
          <className>hudson.model.HelpLinkTest</className>
          <testName>testMatrixConfig</testName>
          <skipped>false</skipped>
          <failedSince>0</failedSince>
        </case>
      </cases>
    </suite>
    <suite>
      <file>/home/jenkins/slave/workspace/jenkins_main_trunk/test/target/surefire-reports/hudson.model.HelpLinkTest.testMavenConfig.765.xml</file>
      <name>hudson.model.HelpLinkTest.testMavenConfig</name>
      <stdout>=== Starting HelpLinkTest.testMavenConfig
Clicking 48 help links
</stdout>
      <stderr>Dec 11, 2012 11:23:54 AM org.mortbay.log.Slf4jLog info
INFO: jetty-6.1.26
Dec 11, 2012 11:23:54 AM org.mortbay.log.Slf4jLog info
INFO: NO JSP Support for , did not find org.apache.jasper.servlet.JspServlet
Dec 11, 2012 11:23:54 AM org.mortbay.log.Slf4jLog info
INFO: Started SocketConnector@0.0.0.0:56562
Dec 11, 2012 11:23:54 AM jenkins.InitReactorRunner$1 onAttained
INFO: Started initialization
Dec 11, 2012 11:23:54 AM jenkins.InitReactorRunner$1 onAttained
INFO: Listed all plugins
Dec 11, 2012 
...[truncated 4373 chars]...
hudson.PluginWrapper stop
INFO: Stopping ant
Dec 11, 2012 11:24:01 AM hudson.PluginWrapper stop
INFO: Stopping javadoc
Dec 11, 2012 11:24:01 AM hudson.PluginWrapper stop
INFO: Stopping subversion
Dec 11, 2012 11:24:01 AM hudson.PluginWrapper stop
INFO: Stopping cvs
Dec 11, 2012 11:24:01 AM hudson.PluginWrapper stop
INFO: Stopping maven-plugin
Dec 11, 2012 11:24:01 AM hudson.PluginWrapper stop
INFO: Stopping translation
Dec 11, 2012 11:24:01 AM hudson.PluginWrapper stop
INFO: Stopping ssh-slaves
</stderr>
      <duration>7.791</duration>
      <timestamp>2012-12-11T11:23:54</timestamp>
      <cases>
        <case>
          <duration>7.791</duration>
          <className>hudson.model.HelpLinkTest</className>
          <testName>testMavenConfig</testName>
          <skipped>false</skipped>
          <failedSince>0</failedSince>
        </case>
      </cases>
    </suite>
    <suite>
      <file>/home/jenkins/slave/workspace/jenkins_main_trunk/test/target/surefire-reports/hudson.model.HelpLinkTest.testNegative.767.xml</file>
      <name>hudson.model.HelpLinkTest.testNegative</name>
      <stdout>=== Starting HelpLinkTest.testNegative
Clicking 34 help links
</stdout>
      <stderr>Dec 11, 2012 11:24:09 AM org.mortbay.log.Slf4jLog info
INFO: jetty-6.1.26
Dec 11, 2012 11:24:09 AM org.mortbay.log.Slf4jLog info
INFO: NO JSP Support for , did not find org.apache.jasper.servlet.JspServlet
Dec 11, 2012 11:24:09 AM org.mortbay.log.Slf4jLog info
INFO: Started SocketConnector@0.0.0.0:39516
Dec 11, 2012 11:24:09 AM jenkins.InitReactorRunner$1 onAttained
INFO: Started initialization
Dec 11, 2012 11:24:09 AM jenkins.InitReactorRunner$1 onAttained
INFO: Listed all plugins
Dec 11, 2012 
...[truncated 4373 chars]...
hudson.PluginWrapper stop
INFO: Stopping ant
Dec 11, 2012 11:24:16 AM hudson.PluginWrapper stop
INFO: Stopping javadoc
Dec 11, 2012 11:24:16 AM hudson.PluginWrapper stop
INFO: Stopping subversion
Dec 11, 2012 11:24:16 AM hudson.PluginWrapper stop
INFO: Stopping cvs
Dec 11, 2012 11:24:16 AM hudson.PluginWrapper stop
INFO: Stopping maven-plugin
Dec 11, 2012 11:24:16 AM hudson.PluginWrapper stop
INFO: Stopping translation
Dec 11, 2012 11:24:16 AM hudson.PluginWrapper stop
INFO: Stopping ssh-slaves
</stderr>
      <duration>7.49</duration>
      <timestamp>2012-12-11T11:24:09</timestamp>
      <cases>
        <case>
          <duration>7.49</duration>
          <className>hudson.model.HelpLinkTest</className>
          <testName>testNegative</testName>
          <skipped>false</skipped>
          <failedSince>0</failedSince>
        </case>
      </cases>
    </suite>
    <suite>
      <file>/home/jenkins/slave/workspace/jenkins_main_trunk/test/target/surefire-reports/hudson.model.HelpLinkTest.testSystemConfig.763.xml</file>
      <name>hudson.model.HelpLinkTest.testSystemConfig</name>
      <stdout>=== Starting HelpLinkTest.testSystemConfig
Clicking 26 help links
</stdout>
      <stderr>Dec 11, 2012 11:23:39 AM org.mortbay.log.Slf4jLog info
INFO: jetty-6.1.26
Dec 11, 2012 11:23:39 AM org.mortbay.log.Slf4jLog info
INFO: NO JSP Support for , did not find org.apache.jasper.servlet.JspServlet
Dec 11, 2012 11:23:39 AM org.mortbay.log.Slf4jLog info
INFO: Started SocketConnector@0.0.0.0:53128
Dec 11, 2012 11:23:39 AM jenkins.InitReactorRunner$1 onAttained
INFO: Started initialization
Dec 11, 2012 11:23:39 AM jenkins.InitReactorRunner$1 onAttained
INFO: Listed all plugins
Dec 11, 2012 
...[truncated 3923 chars]...
hudson.PluginWrapper stop
INFO: Stopping ant
Dec 11, 2012 11:23:46 AM hudson.PluginWrapper stop
INFO: Stopping javadoc
Dec 11, 2012 11:23:46 AM hudson.PluginWrapper stop
INFO: Stopping subversion
Dec 11, 2012 11:23:46 AM hudson.PluginWrapper stop
INFO: Stopping cvs
Dec 11, 2012 11:23:46 AM hudson.PluginWrapper stop
INFO: Stopping maven-plugin
Dec 11, 2012 11:23:46 AM hudson.PluginWrapper stop
INFO: Stopping translation
Dec 11, 2012 11:23:46 AM hudson.PluginWrapper stop
INFO: Stopping ssh-slaves
</stderr>
      <duration>7.563</duration>
      <timestamp>2012-12-11T11:23:39</timestamp>
      <cases>
        <case>
          <duration>7.563</duration>
          <className>hudson.model.HelpLinkTest</className>
          <testName>testSystemConfig</testName>
          <skipped>false</skipped>
          <failedSince>0</failedSince>
        </case>
      </cases>
    </suite>
    <suite>
      <file>/home/jenkins/slave/workspace/jenkins_main_trunk/test/target/surefire-reports/hudson.model.HudsonTest.testBreadcrumb.771.xml</file>
      <name>hudson.model.HudsonTest.testBreadcrumb</name>
      <stdout>=== Starting HudsonTest.testBreadcrumb
</stdout>
      <stderr>Dec 11, 2012 11:24:38 AM org.mortbay.log.Slf4jLog info
INFO: jetty-6.1.26
Dec 11, 2012 11:24:38 AM org.mortbay.log.Slf4jLog info
INFO: NO JSP Support for , did not find org.apache.jasper.servlet.JspServlet
Dec 11, 2012 11:24:38 AM org.mortbay.log.Slf4jLog info
INFO: Started SocketConnector@0.0.0.0:33551
Dec 11, 2012 11:24:38 AM jenkins.InitReactorRunner$1 onAttained
INFO: Started initialization
Dec 11, 2012 11:24:38 AM jenkins.InitReactorRunner$1 onAttained
INFO: Listed all plugins
Dec 11, 2012 
...[truncated 3473 chars]...
hudson.PluginWrapper stop
INFO: Stopping ant
Dec 11, 2012 11:24:41 AM hudson.PluginWrapper stop
INFO: Stopping javadoc
Dec 11, 2012 11:24:41 AM hudson.PluginWrapper stop
INFO: Stopping subversion
Dec 11, 2012 11:24:41 AM hudson.PluginWrapper stop
INFO: Stopping cvs
Dec 11, 2012 11:24:41 AM hudson.PluginWrapper stop
INFO: Stopping maven-plugin
Dec 11, 2012 11:24:41 AM hudson.PluginWrapper stop
INFO: Stopping translation
Dec 11, 2012 11:24:41 AM hudson.PluginWrapper stop
INFO: Stopping ssh-slaves
</stderr>
      <duration>3.51</duration>
      <timestamp>2012-12-11T11:24:38</timestamp>
      <cases>
        <case>
          <duration>3.51</duration>
          <className>hudson.model.HudsonTest</className>
          <testName>testBreadcrumb</testName>
          <skipped>false</skipped>
          <failedSince>0</failedSince>
        </case>
      </cases>
    </suite>
    <suite>
      <file>/home/jenkins/slave/workspace/jenkins_main_trunk/test/target/surefire-reports/hudson.model.HudsonTest.testComputerConfigureLink.772.xml</file>
      <name>hudson.model.HudsonTest.testComputerConfigureLink</name>
      <stdout>=== Starting HudsonTest.testComputerConfigureLink
</stdout>
      <stderr>Dec 11, 2012 11:24:42 AM org.mortbay.log.Slf4jLog info
INFO: jetty-6.1.26
Dec 11, 2012 11:24:42 AM org.mortbay.log.Slf4jLog info
INFO: NO JSP Support for , did not find org.apache.jasper.servlet.JspServlet
Dec 11, 2012 11:24:42 AM org.mortbay.log.Slf4jLog info
INFO: Started SocketConnector@0.0.0.0:47400
Dec 11, 2012 11:24:42 AM jenkins.InitReactorRunner$1 onAttained
INFO: Started initialization
Dec 11, 2012 11:24:42 AM jenkins.InitReactorRunner$1 onAttained
INFO: Listed all plugins
Dec 11, 2012 
...[truncated 6103 chars]...
hudson.PluginWrapper stop
INFO: Stopping ant
Dec 11, 2012 11:24:45 AM hudson.PluginWrapper stop
INFO: Stopping javadoc
Dec 11, 2012 11:24:45 AM hudson.PluginWrapper stop
INFO: Stopping subversion
Dec 11, 2012 11:24:45 AM hudson.PluginWrapper stop
INFO: Stopping cvs
Dec 11, 2012 11:24:45 AM hudson.PluginWrapper stop
INFO: Stopping maven-plugin
Dec 11, 2012 11:24:45 AM hudson.PluginWrapper stop
INFO: Stopping translation
Dec 11, 2012 11:24:45 AM hudson.PluginWrapper stop
INFO: Stopping ssh-slaves
</stderr>
      <duration>3.692</duration>
      <timestamp>2012-12-11T11:24:42</timestamp>
      <cases>
        <case>
          <duration>3.692</duration>
          <className>hudson.model.HudsonTest</className>
          <testName>testComputerConfigureLink</testName>
          <skipped>false</skipped>
          <failedSince>0</failedSince>
        </case>
      </cases>
    </suite>
    <suite>
      <file>/home/jenkins/slave/workspace/jenkins_main_trunk/test/target/surefire-reports/hudson.model.HudsonTest.testDeleteHudsonComputer.773.xml</file>
      <name>hudson.model.HudsonTest.testDeleteHudsonComputer</name>
      <stdout>=== Starting HudsonTest.testDeleteHudsonComputer
</stdout>
      <stderr>Dec 11, 2012 11:24:45 AM org.mortbay.log.Slf4jLog info
INFO: jetty-6.1.26
Dec 11, 2012 11:24:45 AM org.mortbay.log.Slf4jLog info
INFO: NO JSP Support for , did not find org.apache.jasper.servlet.JspServlet
Dec 11, 2012 11:24:45 AM org.mortbay.log.Slf4jLog info
INFO: Started SocketConnector@0.0.0.0:52982
Dec 11, 2012 11:24:45 AM jenkins.InitReactorRunner$1 onAttained
INFO: Started initialization
Dec 11, 2012 11:24:45 AM jenkins.InitReactorRunner$1 onAttained
INFO: Listed all plugins
Dec 11, 2012 
...[truncated 7806 chars]...
hudson.PluginWrapper stop
INFO: Stopping ant
Dec 11, 2012 11:24:48 AM hudson.PluginWrapper stop
INFO: Stopping javadoc
Dec 11, 2012 11:24:48 AM hudson.PluginWrapper stop
INFO: Stopping subversion
Dec 11, 2012 11:24:48 AM hudson.PluginWrapper stop
INFO: Stopping cvs
Dec 11, 2012 11:24:48 AM hudson.PluginWrapper stop
INFO: Stopping maven-plugin
Dec 11, 2012 11:24:48 AM hudson.PluginWrapper stop
INFO: Stopping translation
Dec 11, 2012 11:24:48 AM hudson.PluginWrapper stop
INFO: Stopping ssh-slaves
</stderr>
      <duration>3.588</duration>
      <timestamp>2012-12-11T11:24:45</timestamp>
      <cases>
        <case>
          <duration>3.588</duration>
          <className>hudson.model.HudsonTest</className>
          <testName>testDeleteHudsonComputer</testName>
          <skipped>false</skipped>
          <failedSince>0</failedSince>
        </case>
      </cases>
    </suite>
    <suite>
      <file>/home/jenkins/slave/workspace/jenkins_main_trunk/test/target/surefire-reports/hudson.model.HudsonTest.testGlobalConfigRoundtrip.768.xml</file>
      <name>hudson.model.HudsonTest.testGlobalConfigRoundtrip</name>
      <stdout>=== Starting HudsonTest.testGlobalConfigRoundtrip
</stdout>
      <stderr>Dec 11, 2012 11:24:17 AM org.mortbay.log.Slf4jLog info
INFO: jetty-6.1.26
Dec 11, 2012 11:24:17 AM org.mortbay.log.Slf4jLog info
INFO: NO JSP Support for , did not find org.apache.jasper.servlet.JspServlet
Dec 11, 2012 11:24:17 AM org.mortbay.log.Slf4jLog info
INFO: Started SocketConnector@0.0.0.0:53557
Dec 11, 2012 11:24:17 AM jenkins.InitReactorRunner$1 onAttained
INFO: Started initialization
Dec 11, 2012 11:24:17 AM jenkins.InitReactorRunner$1 onAttained
INFO: Listed all plugins
Dec 11, 2012 
...[truncated 6403 chars]...
hudson.PluginWrapper stop
INFO: Stopping ant
Dec 11, 2012 11:24:23 AM hudson.PluginWrapper stop
INFO: Stopping javadoc
Dec 11, 2012 11:24:23 AM hudson.PluginWrapper stop
INFO: Stopping subversion
Dec 11, 2012 11:24:23 AM hudson.PluginWrapper stop
INFO: Stopping cvs
Dec 11, 2012 11:24:23 AM hudson.PluginWrapper stop
INFO: Stopping maven-plugin
Dec 11, 2012 11:24:23 AM hudson.PluginWrapper stop
INFO: Stopping translation
Dec 11, 2012 11:24:23 AM hudson.PluginWrapper stop
INFO: Stopping ssh-slaves
</stderr>
      <duration>7.32</duration>
      <timestamp>2012-12-11T11:24:17</timestamp>
      <cases>
        <case>
          <duration>7.32</duration>
          <className>hudson.model.HudsonTest</className>
          <testName>testGlobalConfigRoundtrip</testName>
          <skipped>false</skipped>
          <failedSince>0</failedSince>
        </case>
      </cases>
    </suite>
    <suite>
      <file>/home/jenkins/slave/workspace/jenkins_main_trunk/test/target/surefire-reports/hudson.model.HudsonTest.testInvalidPrimaryView.775.xml</file>
      <name>hudson.model.HudsonTest.testInvalidPrimaryView</name>
      <stdout>=== Starting HudsonTest.testInvalidPrimaryView
</stdout>
      <stderr>Dec 11, 2012 11:24:51 AM org.mortbay.log.Slf4jLog info
INFO: jetty-6.1.26
Dec 11, 2012 11:24:51 AM org.mortbay.log.Slf4jLog info
INFO: NO JSP Support for , did not find org.apache.jasper.servlet.JspServlet
Dec 11, 2012 11:24:51 AM org.mortbay.log.Slf4jLog info
INFO: Started SocketConnector@0.0.0.0:57858
Dec 11, 2012 11:24:51 AM jenkins.InitReactorRunner$1 onAttained
INFO: Started initialization
Dec 11, 2012 11:24:51 AM jenkins.InitReactorRunner$1 onAttained
INFO: Listed all plugins
Dec 11, 2012 
...[truncated 993 chars]...
hudson.PluginWrapper stop
INFO: Stopping ant
Dec 11, 2012 11:24:53 AM hudson.PluginWrapper stop
INFO: Stopping javadoc
Dec 11, 2012 11:24:53 AM hudson.PluginWrapper stop
INFO: Stopping subversion
Dec 11, 2012 11:24:53 AM hudson.PluginWrapper stop
INFO: Stopping cvs
Dec 11, 2012 11:24:53 AM hudson.PluginWrapper stop
INFO: Stopping maven-plugin
Dec 11, 2012 11:24:53 AM hudson.PluginWrapper stop
INFO: Stopping translation
Dec 11, 2012 11:24:53 AM hudson.PluginWrapper stop
INFO: Stopping ssh-slaves
</stderr>
      <duration>2.678</duration>
      <timestamp>2012-12-11T11:24:51</timestamp>
      <cases>
        <case>
          <duration>2.678</duration>
          <className>hudson.model.HudsonTest</className>
          <testName>testInvalidPrimaryView</testName>
          <skipped>false</skipped>
          <failedSince>0</failedSince>
        </case>
      </cases>
    </suite>
    <suite>
      <file>/home/jenkins/slave/workspace/jenkins_main_trunk/test/target/surefire-reports/hudson.model.HudsonTest.testLegacyDescriptorLookup.774.xml</file>
      <name>hudson.model.HudsonTest.testLegacyDescriptorLookup</name>
      <stdout>=== Starting HudsonTest.testLegacyDescriptorLookup
</stdout>
      <stderr>Dec 11, 2012 11:24:49 AM org.mortbay.log.Slf4jLog info
INFO: jetty-6.1.26
Dec 11, 2012 11:24:49 AM org.mortbay.log.Slf4jLog info
INFO: NO JSP Support for , did not find org.apache.jasper.servlet.JspServlet
Dec 11, 2012 11:24:49 AM org.mortbay.log.Slf4jLog info
INFO: Started SocketConnector@0.0.0.0:54001
Dec 11, 2012 11:24:49 AM jenkins.InitReactorRunner$1 onAttained
INFO: Started initialization
Dec 11, 2012 11:24:49 AM jenkins.InitReactorRunner$1 onAttained
INFO: Listed all plugins
Dec 11, 2012 
...[truncated 993 chars]...
hudson.PluginWrapper stop
INFO: Stopping ant
Dec 11, 2012 11:24:50 AM hudson.PluginWrapper stop
INFO: Stopping javadoc
Dec 11, 2012 11:24:50 AM hudson.PluginWrapper stop
INFO: Stopping subversion
Dec 11, 2012 11:24:50 AM hudson.PluginWrapper stop
INFO: Stopping cvs
Dec 11, 2012 11:24:50 AM hudson.PluginWrapper stop
INFO: Stopping maven-plugin
Dec 11, 2012 11:24:50 AM hudson.PluginWrapper stop
INFO: Stopping translation
Dec 11, 2012 11:24:50 AM hudson.PluginWrapper stop
INFO: Stopping ssh-slaves
</stderr>
      <duration>1.712</duration>
      <timestamp>2012-12-11T11:24:49</timestamp>
      <cases>
        <case>
          <duration>1.712</duration>
          <className>hudson.model.HudsonTest</className>
          <testName>testLegacyDescriptorLookup</testName>
          <skipped>false</skipped>
          <failedSince>0</failedSince>
        </case>
      </cases>
    </suite>
    <suite>
      <file>/home/jenkins/slave/workspace/jenkins_main_trunk/test/target/surefire-reports/hudson.model.HudsonTest.testSearchIndex.770.xml</file>
      <name>hudson.model.HudsonTest.testSearchIndex</name>
      <stdout>=== Starting HudsonTest.testSearchIndex
http://localhost:43526/job/test0/
</stdout>
      <stderr>Dec 11, 2012 11:24:34 AM org.mortbay.log.Slf4jLog info
INFO: jetty-6.1.26
Dec 11, 2012 11:24:34 AM org.mortbay.log.Slf4jLog info
INFO: NO JSP Support for , did not find org.apache.jasper.servlet.JspServlet
Dec 11, 2012 11:24:34 AM org.mortbay.log.Slf4jLog info
INFO: Started SocketConnector@0.0.0.0:43526
Dec 11, 2012 11:24:34 AM jenkins.InitReactorRunner$1 onAttained
INFO: Started initialization
Dec 11, 2012 11:24:34 AM jenkins.InitReactorRunner$1 onAttained
INFO: Listed all plugins
Dec 11, 2012 
...[truncated 6196 chars]...
hudson.PluginWrapper stop
INFO: Stopping ant
Dec 11, 2012 11:24:37 AM hudson.PluginWrapper stop
INFO: Stopping javadoc
Dec 11, 2012 11:24:37 AM hudson.PluginWrapper stop
INFO: Stopping subversion
Dec 11, 2012 11:24:37 AM hudson.PluginWrapper stop
INFO: Stopping cvs
Dec 11, 2012 11:24:37 AM hudson.PluginWrapper stop
INFO: Stopping maven-plugin
Dec 11, 2012 11:24:37 AM hudson.PluginWrapper stop
INFO: Stopping translation
Dec 11, 2012 11:24:37 AM hudson.PluginWrapper stop
INFO: Stopping ssh-slaves
</stderr>
      <duration>4.111</duration>
      <timestamp>2012-12-11T11:24:34</timestamp>
      <cases>
        <case>
          <duration>4.111</duration>
          <className>hudson.model.HudsonTest</className>
          <testName>testSearchIndex</testName>
          <skipped>false</skipped>
          <failedSince>0</failedSince>
        </case>
      </cases>
    </suite>
    <suite>
      <file>/home/jenkins/slave/workspace/jenkins_main_trunk/test/target/surefire-reports/hudson.model.HudsonTest.testSimpleConfigSubmit.769.xml</file>
      <name>hudson.model.HudsonTest.testSimpleConfigSubmit</name>
      <stdout>=== Starting HudsonTest.testSimpleConfigSubmit
</stdout>
      <stderr>Dec 11, 2012 11:24:24 AM org.mortbay.log.Slf4jLog info
INFO: jetty-6.1.26
Dec 11, 2012 11:24:24 AM org.mortbay.log.Slf4jLog info
INFO: NO JSP Support for , did not find org.apache.jasper.servlet.JspServlet
Dec 11, 2012 11:24:24 AM org.mortbay.log.Slf4jLog info
INFO: Started SocketConnector@0.0.0.0:42361
Dec 11, 2012 11:24:24 AM jenkins.InitReactorRunner$1 onAttained
INFO: Started initialization
Dec 11, 2012 11:24:24 AM jenkins.InitReactorRunner$1 onAttained
INFO: Listed all plugins
Dec 11, 2012 
...[truncated 6403 chars]...
hudson.PluginWrapper stop
INFO: Stopping ant
Dec 11, 2012 11:24:33 AM hudson.PluginWrapper stop
INFO: Stopping javadoc
Dec 11, 2012 11:24:33 AM hudson.PluginWrapper stop
INFO: Stopping subversion
Dec 11, 2012 11:24:33 AM hudson.PluginWrapper stop
INFO: Stopping cvs
Dec 11, 2012 11:24:33 AM hudson.PluginWrapper stop
INFO: Stopping maven-plugin
Dec 11, 2012 11:24:33 AM hudson.PluginWrapper stop
INFO: Stopping translation
Dec 11, 2012 11:24:33 AM hudson.PluginWrapper stop
INFO: Stopping ssh-slaves
</stderr>
      <duration>9.864</duration>
      <timestamp>2012-12-11T11:24:24</timestamp>
      <cases>
        <case>
          <duration>9.864</duration>
          <className>hudson.model.HudsonTest</className>
          <testName>testSimpleConfigSubmit</testName>
          <skipped>false</skipped>
          <failedSince>0</failedSince>
        </case>
      </cases>
    </suite>
    <suite>
      <file>/home/jenkins/slave/workspace/jenkins_main_trunk/test/target/surefire-reports/hudson.model.JobPropertyTest.testConfigRoundtrip.776.xml</file>
      <name>hudson.model.JobPropertyTest.testConfigRoundtrip</name>
      <stdout>=== Starting JobPropertyTest.testConfigRoundtrip
</stdout>
      <stderr>Dec 11, 2012 11:24:53 AM org.mortbay.log.Slf4jLog info
INFO: jetty-6.1.26
Dec 11, 2012 11:24:53 AM org.mortbay.log.Slf4jLog info
INFO: NO JSP Support for , did not find org.apache.jasper.servlet.JspServlet
Dec 11, 2012 11:24:53 AM org.mortbay.log.Slf4jLog info
INFO: Started SocketConnector@0.0.0.0:45177
Dec 11, 2012 11:24:53 AM jenkins.InitReactorRunner$1 onAttained
INFO: Started initialization
Dec 11, 2012 11:24:53 AM jenkins.InitReactorRunner$1 onAttained
INFO: Listed all plugins
Dec 11, 2012 
...[truncated 6853 chars]...
hudson.PluginWrapper stop
INFO: Stopping ant
Dec 11, 2012 11:25:00 AM hudson.PluginWrapper stop
INFO: Stopping javadoc
Dec 11, 2012 11:25:00 AM hudson.PluginWrapper stop
INFO: Stopping subversion
Dec 11, 2012 11:25:00 AM hudson.PluginWrapper stop
INFO: Stopping cvs
Dec 11, 2012 11:25:00 AM hudson.PluginWrapper stop
INFO: Stopping maven-plugin
Dec 11, 2012 11:25:00 AM hudson.PluginWrapper stop
INFO: Stopping translation
Dec 11, 2012 11:25:00 AM hudson.PluginWrapper stop
INFO: Stopping ssh-slaves
</stderr>
      <duration>7.206</duration>
      <timestamp>2012-12-11T11:24:53</timestamp>
      <cases>
        <case>
          <duration>7.206</duration>
          <className>hudson.model.JobPropertyTest</className>
          <testName>testConfigRoundtrip</testName>
          <skipped>false</skipped>
          <failedSince>0</failedSince>
        </case>
      </cases>
    </suite>
    <suite>
      <file>/home/jenkins/slave/workspace/jenkins_main_trunk/test/target/surefire-reports/hudson.model.JobPropertyTest.testInvisibleProperty.777.xml</file>
      <name>hudson.model.JobPropertyTest.testInvisibleProperty</name>
      <stdout>=== Starting JobPropertyTest.testInvisibleProperty
</stdout>
      <stderr>Dec 11, 2012 11:25:00 AM org.mortbay.log.Slf4jLog info
INFO: jetty-6.1.26
Dec 11, 2012 11:25:00 AM org.mortbay.log.Slf4jLog info
INFO: NO JSP Support for , did not find org.apache.jasper.servlet.JspServlet
Dec 11, 2012 11:25:00 AM org.mortbay.log.Slf4jLog info
INFO: Started SocketConnector@0.0.0.0:50924
Dec 11, 2012 11:25:00 AM jenkins.InitReactorRunner$1 onAttained
INFO: Started initialization
Dec 11, 2012 11:25:00 AM jenkins.InitReactorRunner$1 onAttained
INFO: Listed all plugins
Dec 11, 2012 
...[truncated 6853 chars]...
hudson.PluginWrapper stop
INFO: Stopping ant
Dec 11, 2012 11:25:07 AM hudson.PluginWrapper stop
INFO: Stopping javadoc
Dec 11, 2012 11:25:07 AM hudson.PluginWrapper stop
INFO: Stopping subversion
Dec 11, 2012 11:25:07 AM hudson.PluginWrapper stop
INFO: Stopping cvs
Dec 11, 2012 11:25:07 AM hudson.PluginWrapper stop
INFO: Stopping maven-plugin
Dec 11, 2012 11:25:07 AM hudson.PluginWrapper stop
INFO: Stopping translation
Dec 11, 2012 11:25:07 AM hudson.PluginWrapper stop
INFO: Stopping ssh-slaves
</stderr>
      <duration>7.082</duration>
      <timestamp>2012-12-11T11:25:00</timestamp>
      <cases>
        <case>
          <duration>7.082</duration>
          <className>hudson.model.JobPropertyTest</className>
          <testName>testInvisibleProperty</testName>
          <skipped>false</skipped>
          <failedSince>0</failedSince>
        </case>
      </cases>
    </suite>
    <suite>
      <file>/home/jenkins/slave/workspace/jenkins_main_trunk/test/target/surefire-reports/hudson.model.JobQueueTest.testBuildPendingWhenBuildInPostProduction.782.xml</file>
      <name>hudson.model.JobQueueTest.testBuildPendingWhenBuildInPostProduction</name>
      <stdout>=== Starting JobQueueTest.testBuildPendingWhenBuildInPostProduction
hudson.model.Queue$WaitingItem:hudson.model.FreeStyleProject@acaa4fe[project]
</stdout>
      <stderr>Dec 11, 2012 11:25:19 AM org.mortbay.log.Slf4jLog info
INFO: jetty-6.1.26
Dec 11, 2012 11:25:19 AM org.mortbay.log.Slf4jLog info
INFO: NO JSP Support for , did not find org.apache.jasper.servlet.JspServlet
Dec 11, 2012 11:25:19 AM org.mortbay.log.Slf4jLog info
INFO: Started SocketConnector@0.0.0.0:44250
Dec 11, 2012 11:25:19 AM jenkins.InitReactorRunner$1 onAttained
INFO: Started initialization
Dec 11, 2012 11:25:19 AM jenkins.InitReactorRunner$1 onAttained
INFO: Listed all plugins
Dec 11, 2012 
...[truncated 1916 chars]...
hudson.PluginWrapper stop
INFO: Stopping ant
Dec 11, 2012 11:25:29 AM hudson.PluginWrapper stop
INFO: Stopping javadoc
Dec 11, 2012 11:25:29 AM hudson.PluginWrapper stop
INFO: Stopping subversion
Dec 11, 2012 11:25:29 AM hudson.PluginWrapper stop
INFO: Stopping cvs
Dec 11, 2012 11:25:29 AM hudson.PluginWrapper stop
INFO: Stopping maven-plugin
Dec 11, 2012 11:25:29 AM hudson.PluginWrapper stop
INFO: Stopping translation
Dec 11, 2012 11:25:29 AM hudson.PluginWrapper stop
INFO: Stopping ssh-slaves
</stderr>
      <duration>10.147</duration>
      <timestamp>2012-12-11T11:25:19</timestamp>
      <cases>
        <case>
          <duration>10.147</duration>
          <className>hudson.model.JobQueueTest</className>
          <testName>testBuildPendingWhenBuildInPostProduction</testName>
          <skipped>false</skipped>
          <failedSince>0</failedSince>
        </case>
      </cases>
    </suite>
    <suite>
      <file>/home/jenkins/slave/workspace/jenkins_main_trunk/test/target/surefire-reports/hudson.model.JobQueueTest.testBuildPendingWhenBuildRunning.781.xml</file>
      <name>hudson.model.JobQueueTest.testBuildPendingWhenBuildRunning</name>
      <stdout>=== Starting JobQueueTest.testBuildPendingWhenBuildRunning
</stdout>
      <stderr>Dec 11, 2012 11:25:18 AM org.mortbay.log.Slf4jLog info
INFO: jetty-6.1.26
Dec 11, 2012 11:25:18 AM org.mortbay.log.Slf4jLog info
INFO: NO JSP Support for , did not find org.apache.jasper.servlet.JspServlet
Dec 11, 2012 11:25:18 AM org.mortbay.log.Slf4jLog info
INFO: Started SocketConnector@0.0.0.0:53717
Dec 11, 2012 11:25:18 AM jenkins.InitReactorRunner$1 onAttained
INFO: Started initialization
Dec 11, 2012 11:25:18 AM jenkins.InitReactorRunner$1 onAttained
INFO: Listed all plugins
Dec 11, 2012 
...[truncated 993 chars]...
hudson.PluginWrapper stop
INFO: Stopping ant
Dec 11, 2012 11:25:19 AM hudson.PluginWrapper stop
INFO: Stopping javadoc
Dec 11, 2012 11:25:19 AM hudson.PluginWrapper stop
INFO: Stopping subversion
Dec 11, 2012 11:25:19 AM hudson.PluginWrapper stop
INFO: Stopping cvs
Dec 11, 2012 11:25:19 AM hudson.PluginWrapper stop
INFO: Stopping maven-plugin
Dec 11, 2012 11:25:19 AM hudson.PluginWrapper stop
INFO: Stopping translation
Dec 11, 2012 11:25:19 AM hudson.PluginWrapper stop
INFO: Stopping ssh-slaves
</stderr>
      <duration>1.625</duration>
      <timestamp>2012-12-11T11:25:18</timestamp>
      <cases>
        <case>
          <duration>1.625</duration>
          <className>hudson.model.JobQueueTest</className>
          <testName>testBuildPendingWhenBuildRunning</testName>
          <skipped>false</skipped>
          <failedSince>0</failedSince>
        </case>
      </cases>
    </suite>
    <suite>
      <file>/home/jenkins/slave/workspace/jenkins_main_trunk/test/target/surefire-reports/hudson.model.JobTest.testBuildNumberSynchronization.784.xml</file>
      <name>hudson.model.JobTest.testBuildNumberSynchronization</name>
      <stdout>=== Starting JobTest.testBuildNumberSynchronization
</stdout>
      <stderr>Dec 11, 2012 11:25:32 AM org.mortbay.log.Slf4jLog info
INFO: jetty-6.1.26
Dec 11, 2012 11:25:32 AM org.mortbay.log.Slf4jLog info
INFO: NO JSP Support for , did not find org.apache.jasper.servlet.JspServlet
Dec 11, 2012 11:25:32 AM org.mortbay.log.Slf4jLog info
INFO: Started SocketConnector@0.0.0.0:35394
Dec 11, 2012 11:25:32 AM jenkins.InitReactorRunner$1 onAttained
INFO: Started initialization
Dec 11, 2012 11:25:32 AM jenkins.InitReactorRunner$1 onAttained
INFO: Listed all plugins
Dec 11, 2012 
...[truncated 993 chars]...
hudson.PluginWrapper stop
INFO: Stopping ant
Dec 11, 2012 11:25:33 AM hudson.PluginWrapper stop
INFO: Stopping javadoc
Dec 11, 2012 11:25:33 AM hudson.PluginWrapper stop
INFO: Stopping subversion
Dec 11, 2012 11:25:33 AM hudson.PluginWrapper stop
INFO: Stopping cvs
Dec 11, 2012 11:25:33 AM hudson.PluginWrapper stop
INFO: Stopping maven-plugin
Dec 11, 2012 11:25:33 AM hudson.PluginWrapper stop
INFO: Stopping translation
Dec 11, 2012 11:25:33 AM hudson.PluginWrapper stop
INFO: Stopping ssh-slaves
</stderr>
      <duration>1.791</duration>
      <timestamp>2012-12-11T11:25:32</timestamp>
      <cases>
        <case>
          <duration>1.791</duration>
          <className>hudson.model.JobTest</className>
          <testName>testBuildNumberSynchronization</testName>
          <skipped>false</skipped>
          <failedSince>0</failedSince>
        </case>
      </cases>
    </suite>
    <suite>
      <file>/home/jenkins/slave/workspace/jenkins_main_trunk/test/target/surefire-reports/hudson.model.JobTest.testConfigDotXmlPermission.786.xml</file>
      <name>hudson.model.JobTest.testConfigDotXmlPermission</name>
      <stdout>=== Starting JobTest.testConfigDotXmlPermission
</stdout>
      <stderr>Dec 11, 2012 11:25:40 AM org.mortbay.log.Slf4jLog info
INFO: jetty-6.1.26
Dec 11, 2012 11:25:40 AM org.mortbay.log.Slf4jLog info
INFO: NO JSP Support for , did not find org.apache.jasper.servlet.JspServlet
Dec 11, 2012 11:25:40 AM org.mortbay.log.Slf4jLog info
INFO: Started SocketConnector@0.0.0.0:35580
Dec 11, 2012 11:25:40 AM jenkins.InitReactorRunner$1 onAttained
INFO: Started initialization
Dec 11, 2012 11:25:40 AM jenkins.InitReactorRunner$1 onAttained
INFO: Listed all plugins
Dec 11, 2012 
...[truncated 67721 chars]...
hudson.PluginWrapper stop
INFO: Stopping ant
Dec 11, 2012 11:25:52 AM hudson.PluginWrapper stop
INFO: Stopping javadoc
Dec 11, 2012 11:25:52 AM hudson.PluginWrapper stop
INFO: Stopping subversion
Dec 11, 2012 11:25:52 AM hudson.PluginWrapper stop
INFO: Stopping cvs
Dec 11, 2012 11:25:52 AM hudson.PluginWrapper stop
INFO: Stopping maven-plugin
Dec 11, 2012 11:25:52 AM hudson.PluginWrapper stop
INFO: Stopping translation
Dec 11, 2012 11:25:52 AM hudson.PluginWrapper stop
INFO: Stopping ssh-slaves
</stderr>
      <duration>13.034</duration>
      <timestamp>2012-12-11T11:25:40</timestamp>
      <cases>
        <case>
          <duration>13.034</duration>
          <className>hudson.model.JobTest</className>
          <testName>testConfigDotXmlPermission</testName>
          <skipped>false</skipped>
          <failedSince>0</failedSince>
        </case>
      </cases>
    </suite>
    <suite>
      <file>/home/jenkins/slave/workspace/jenkins_main_trunk/test/target/surefire-reports/hudson.model.JobTest.testEmptyDescriptionReturnsEmptyPage.788.xml</file>
      <name>hudson.model.JobTest.testEmptyDescriptionReturnsEmptyPage</name>
      <stdout>=== Starting JobTest.testEmptyDescriptionReturnsEmptyPage
</stdout>
      <stderr>Dec 11, 2012 11:25:55 AM org.mortbay.log.Slf4jLog info
INFO: jetty-6.1.26
Dec 11, 2012 11:25:55 AM org.mortbay.log.Slf4jLog info
INFO: NO JSP Support for , did not find org.apache.jasper.servlet.JspServlet
Dec 11, 2012 11:25:55 AM org.mortbay.log.Slf4jLog info
INFO: Started SocketConnector@0.0.0.0:39892
Dec 11, 2012 11:25:55 AM jenkins.InitReactorRunner$1 onAttained
INFO: Started initialization
Dec 11, 2012 11:25:55 AM jenkins.InitReactorRunner$1 onAttained
INFO: Listed all plugins
Dec 11, 2012 
...[truncated 993 chars]...
hudson.PluginWrapper stop
INFO: Stopping ant
Dec 11, 2012 11:25:56 AM hudson.PluginWrapper stop
INFO: Stopping javadoc
Dec 11, 2012 11:25:56 AM hudson.PluginWrapper stop
INFO: Stopping subversion
Dec 11, 2012 11:25:56 AM hudson.PluginWrapper stop
INFO: Stopping cvs
Dec 11, 2012 11:25:56 AM hudson.PluginWrapper stop
INFO: Stopping maven-plugin
Dec 11, 2012 11:25:56 AM hudson.PluginWrapper stop
INFO: Stopping translation
Dec 11, 2012 11:25:56 AM hudson.PluginWrapper stop
INFO: Stopping ssh-slaves
</stderr>
      <duration>1.851</duration>
      <timestamp>2012-12-11T11:25:55</timestamp>
      <cases>
        <case>
          <duration>1.851</duration>
          <className>hudson.model.JobTest</className>
          <testName>testEmptyDescriptionReturnsEmptyPage</testName>
          <skipped>false</skipped>
          <failedSince>0</failedSince>
        </case>
      </cases>
    </suite>
    <suite>
      <file>/home/jenkins/slave/workspace/jenkins_main_trunk/test/target/surefire-reports/hudson.model.JobTest.testGetArtifactsUpTo.787.xml</file>
      <name>hudson.model.JobTest.testGetArtifactsUpTo</name>
      <stdout>=== Starting JobTest.testGetArtifactsUpTo
</stdout>
      <stderr>Dec 11, 2012 11:25:53 AM org.mortbay.log.Slf4jLog info
INFO: jetty-6.1.26
Dec 11, 2012 11:25:53 AM org.mortbay.log.Slf4jLog info
INFO: NO JSP Support for , did not find org.apache.jasper.servlet.JspServlet
Dec 11, 2012 11:25:53 AM org.mortbay.log.Slf4jLog info
INFO: Started SocketConnector@0.0.0.0:39776
Dec 11, 2012 11:25:53 AM jenkins.InitReactorRunner$1 onAttained
INFO: Started initialization
Dec 11, 2012 11:25:53 AM jenkins.InitReactorRunner$1 onAttained
INFO: Listed all plugins
Dec 11, 2012 
...[truncated 993 chars]...
hudson.PluginWrapper stop
INFO: Stopping ant
Dec 11, 2012 11:25:54 AM hudson.PluginWrapper stop
INFO: Stopping javadoc
Dec 11, 2012 11:25:54 AM hudson.PluginWrapper stop
INFO: Stopping subversion
Dec 11, 2012 11:25:54 AM hudson.PluginWrapper stop
INFO: Stopping cvs
Dec 11, 2012 11:25:54 AM hudson.PluginWrapper stop
INFO: Stopping maven-plugin
Dec 11, 2012 11:25:54 AM hudson.PluginWrapper stop
INFO: Stopping translation
Dec 11, 2012 11:25:54 AM hudson.PluginWrapper stop
INFO: Stopping ssh-slaves
</stderr>
      <duration>1.741</duration>
      <timestamp>2012-12-11T11:25:53</timestamp>
      <cases>
        <case>
          <duration>1.741</duration>
          <className>hudson.model.JobTest</className>
          <testName>testGetArtifactsUpTo</testName>
          <skipped>false</skipped>
          <failedSince>0</failedSince>
        </case>
      </cases>
    </suite>
    <suite>
      <file>/home/jenkins/slave/workspace/jenkins_main_trunk/test/target/surefire-reports/hudson.model.JobTest.testJobPropertySummaryIsShownInMainPage.783.xml</file>
      <name>hudson.model.JobTest.testJobPropertySummaryIsShownInMainPage</name>
      <stdout>=== Starting JobTest.testJobPropertySummaryIsShownInMainPage
</stdout>
      <stderr>Dec 11, 2012 11:25:29 AM org.mortbay.log.Slf4jLog info
INFO: jetty-6.1.26
Dec 11, 2012 11:25:29 AM org.mortbay.log.Slf4jLog info
INFO: NO JSP Support for , did not find org.apache.jasper.servlet.JspServlet
Dec 11, 2012 11:25:29 AM org.mortbay.log.Slf4jLog info
INFO: Started SocketConnector@0.0.0.0:42929
Dec 11, 2012 11:25:29 AM jenkins.InitReactorRunner$1 onAttained
INFO: Started initialization
Dec 11, 2012 11:25:29 AM jenkins.InitReactorRunner$1 onAttained
INFO: Listed all plugins
Dec 11, 2012 
...[truncated 3473 chars]...
hudson.PluginWrapper stop
INFO: Stopping ant
Dec 11, 2012 11:25:31 AM hudson.PluginWrapper stop
INFO: Stopping javadoc
Dec 11, 2012 11:25:31 AM hudson.PluginWrapper stop
INFO: Stopping subversion
Dec 11, 2012 11:25:31 AM hudson.PluginWrapper stop
INFO: Stopping cvs
Dec 11, 2012 11:25:31 AM hudson.PluginWrapper stop
INFO: Stopping maven-plugin
Dec 11, 2012 11:25:31 AM hudson.PluginWrapper stop
INFO: Stopping translation
Dec 11, 2012 11:25:31 AM hudson.PluginWrapper stop
INFO: Stopping ssh-slaves
</stderr>
      <duration>2.563</duration>
      <timestamp>2012-12-11T11:25:29</timestamp>
      <cases>
        <case>
          <duration>2.563</duration>
          <className>hudson.model.JobTest</className>
          <testName>testJobPropertySummaryIsShownInMainPage</testName>
          <skipped>false</skipped>
          <failedSince>0</failedSince>
        </case>
      </cases>
    </suite>
    <suite>
      <file>/home/jenkins/slave/workspace/jenkins_main_trunk/test/target/surefire-reports/hudson.model.JobTest.testProjectNamingStrategy.789.xml</file>
      <name>hudson.model.JobTest.testProjectNamingStrategy</name>
      <stdout>=== Starting JobTest.testProjectNamingStrategy
</stdout>
      <stderr>Dec 11, 2012 11:25:57 AM org.mortbay.log.Slf4jLog info
INFO: jetty-6.1.26
Dec 11, 2012 11:25:57 AM org.mortbay.log.Slf4jLog info
INFO: NO JSP Support for , did not find org.apache.jasper.servlet.JspServlet
Dec 11, 2012 11:25:57 AM org.mortbay.log.Slf4jLog info
INFO: Started SocketConnector@0.0.0.0:34359
Dec 11, 2012 11:25:57 AM jenkins.InitReactorRunner$1 onAttained
INFO: Started initialization
Dec 11, 2012 11:25:57 AM jenkins.InitReactorRunner$1 onAttained
INFO: Listed all plugins
Dec 11, 2012 
...[truncated 993 chars]...
hudson.PluginWrapper stop
INFO: Stopping ant
Dec 11, 2012 11:25:58 AM hudson.PluginWrapper stop
INFO: Stopping javadoc
Dec 11, 2012 11:25:58 AM hudson.PluginWrapper stop
INFO: Stopping subversion
Dec 11, 2012 11:25:58 AM hudson.PluginWrapper stop
INFO: Stopping cvs
Dec 11, 2012 11:25:58 AM hudson.PluginWrapper stop
INFO: Stopping maven-plugin
Dec 11, 2012 11:25:58 AM hudson.PluginWrapper stop
INFO: Stopping translation
Dec 11, 2012 11:25:58 AM hudson.PluginWrapper stop
INFO: Stopping ssh-slaves
</stderr>
      <duration>1.421</duration>
      <timestamp>2012-12-11T11:25:57</timestamp>
      <cases>
        <case>
          <duration>1.421</duration>
          <className>hudson.model.JobTest</className>
          <testName>testProjectNamingStrategy</testName>
          <skipped>false</skipped>
          <failedSince>0</failedSince>
        </case>
      </cases>
    </suite>
    <suite>
      <file>/home/jenkins/slave/workspace/jenkins_main_trunk/test/target/surefire-reports/hudson.model.JobTest.testReadPermission.785.xml</file>
      <name>hudson.model.JobTest.testReadPermission</name>
      <stdout>=== Starting JobTest.testReadPermission
</stdout>
      <stderr>Dec 11, 2012 11:25:34 AM org.mortbay.log.Slf4jLog info
INFO: jetty-6.1.26
Dec 11, 2012 11:25:34 AM org.mortbay.log.Slf4jLog info
INFO: NO JSP Support for , did not find org.apache.jasper.servlet.JspServlet
Dec 11, 2012 11:25:34 AM org.mortbay.log.Slf4jLog info
INFO: Started SocketConnector@0.0.0.0:41656
Dec 11, 2012 11:25:34 AM jenkins.InitReactorRunner$1 onAttained
INFO: Started initialization
Dec 11, 2012 11:25:34 AM jenkins.InitReactorRunner$1 onAttained
INFO: Listed all plugins
Dec 11, 2012 
...[truncated 12855 chars]...
hudson.PluginWrapper stop
INFO: Stopping ant
Dec 11, 2012 11:25:39 AM hudson.PluginWrapper stop
INFO: Stopping javadoc
Dec 11, 2012 11:25:39 AM hudson.PluginWrapper stop
INFO: Stopping subversion
Dec 11, 2012 11:25:39 AM hudson.PluginWrapper stop
INFO: Stopping cvs
Dec 11, 2012 11:25:39 AM hudson.PluginWrapper stop
INFO: Stopping maven-plugin
Dec 11, 2012 11:25:39 AM hudson.PluginWrapper stop
INFO: Stopping translation
Dec 11, 2012 11:25:39 AM hudson.PluginWrapper stop
INFO: Stopping ssh-slaves
</stderr>
      <duration>6.2</duration>
      <timestamp>2012-12-11T11:25:34</timestamp>
      <cases>
        <case>
          <duration>6.2</duration>
          <className>hudson.model.JobTest</className>
          <testName>testReadPermission</testName>
          <skipped>false</skipped>
          <failedSince>0</failedSince>
        </case>
      </cases>
    </suite>
    <suite>
      <file>/home/jenkins/slave/workspace/jenkins_main_trunk/test/target/surefire-reports/hudson.model.ManagementLinkTest.testLinks.790.xml</file>
      <name>hudson.model.ManagementLinkTest.testLinks</name>
      <stdout>=== Starting ManagementLinkTest.testLinks
</stdout>
      <stderr>Dec 11, 2012 11:25:58 AM org.mortbay.log.Slf4jLog info
INFO: jetty-6.1.26
Dec 11, 2012 11:25:58 AM org.mortbay.log.Slf4jLog info
INFO: NO JSP Support for , did not find org.apache.jasper.servlet.JspServlet
Dec 11, 2012 11:25:58 AM org.mortbay.log.Slf4jLog info
INFO: Started SocketConnector@0.0.0.0:40848
Dec 11, 2012 11:25:58 AM jenkins.InitReactorRunner$1 onAttained
INFO: Started initialization
Dec 11, 2012 11:25:58 AM jenkins.InitReactorRunner$1 onAttained
INFO: Listed all plugins
Dec 11, 2012 
...[truncated 34200 chars]...
hudson.PluginWrapper stop
INFO: Stopping ant
Dec 11, 2012 11:26:18 AM hudson.PluginWrapper stop
INFO: Stopping javadoc
Dec 11, 2012 11:26:18 AM hudson.PluginWrapper stop
INFO: Stopping subversion
Dec 11, 2012 11:26:18 AM hudson.PluginWrapper stop
INFO: Stopping cvs
Dec 11, 2012 11:26:18 AM hudson.PluginWrapper stop
INFO: Stopping maven-plugin
Dec 11, 2012 11:26:18 AM hudson.PluginWrapper stop
INFO: Stopping translation
Dec 11, 2012 11:26:18 AM hudson.PluginWrapper stop
INFO: Stopping ssh-slaves
</stderr>
      <duration>20.464</duration>
      <timestamp>2012-12-11T11:25:58</timestamp>
      <cases>
        <case>
          <duration>20.464</duration>
          <className>hudson.model.ManagementLinkTest</className>
          <testName>testLinks</testName>
          <skipped>false</skipped>
          <failedSince>0</failedSince>
        </case>
      </cases>
    </suite>
    <suite>
      <file>/home/jenkins/slave/workspace/jenkins_main_trunk/test/target/surefire-reports/hudson.model.ParametersTest.testChoiceWithLTGT.792.xml</file>
      <name>hudson.model.ParametersTest.testChoiceWithLTGT</name>
      <stdout>=== Starting ParametersTest.testChoiceWithLTGT
</stdout>
      <stderr>Dec 11, 2012 11:26:24 AM org.mortbay.log.Slf4jLog info
INFO: jetty-6.1.26
Dec 11, 2012 11:26:24 AM org.mortbay.log.Slf4jLog info
INFO: NO JSP Support for , did not find org.apache.jasper.servlet.JspServlet
Dec 11, 2012 11:26:24 AM org.mortbay.log.Slf4jLog info
INFO: Started SocketConnector@0.0.0.0:39365
Dec 11, 2012 11:26:24 AM jenkins.InitReactorRunner$1 onAttained
INFO: Started initialization
Dec 11, 2012 11:26:24 AM jenkins.InitReactorRunner$1 onAttained
INFO: Listed all plugins
Dec 11, 2012 
...[truncated 17199 chars]...
hudson.PluginWrapper stop
INFO: Stopping ant
Dec 11, 2012 11:26:28 AM hudson.PluginWrapper stop
INFO: Stopping javadoc
Dec 11, 2012 11:26:28 AM hudson.PluginWrapper stop
INFO: Stopping subversion
Dec 11, 2012 11:26:28 AM hudson.PluginWrapper stop
INFO: Stopping cvs
Dec 11, 2012 11:26:28 AM hudson.PluginWrapper stop
INFO: Stopping maven-plugin
Dec 11, 2012 11:26:28 AM hudson.PluginWrapper stop
INFO: Stopping translation
Dec 11, 2012 11:26:28 AM hudson.PluginWrapper stop
INFO: Stopping ssh-slaves
</stderr>
      <duration>4.974</duration>
      <timestamp>2012-12-11T11:26:24</timestamp>
      <cases>
        <case>
          <duration>4.974</duration>
          <className>hudson.model.ParametersTest</className>
          <testName>testChoiceWithLTGT</testName>
          <skipped>false</skipped>
          <failedSince>0</failedSince>
        </case>
      </cases>
    </suite>
    <suite>
      <file>/home/jenkins/slave/workspace/jenkins_main_trunk/test/target/surefire-reports/hudson.model.ParametersTest.testMixedSensitivity.795.xml</file>
      <name>hudson.model.ParametersTest.testMixedSensitivity</name>
      <stdout>=== Starting ParametersTest.testMixedSensitivity
</stdout>
      <stderr>Dec 11, 2012 11:26:33 AM org.mortbay.log.Slf4jLog info
INFO: jetty-6.1.26
Dec 11, 2012 11:26:33 AM org.mortbay.log.Slf4jLog info
INFO: NO JSP Support for , did not find org.apache.jasper.servlet.JspServlet
Dec 11, 2012 11:26:33 AM org.mortbay.log.Slf4jLog info
INFO: Started SocketConnector@0.0.0.0:39724
Dec 11, 2012 11:26:33 AM jenkins.InitReactorRunner$1 onAttained
INFO: Started initialization
Dec 11, 2012 11:26:33 AM jenkins.InitReactorRunner$1 onAttained
INFO: Listed all plugins
Dec 11, 2012 
...[truncated 1095 chars]...
hudson.PluginWrapper stop
INFO: Stopping ant
Dec 11, 2012 11:26:34 AM hudson.PluginWrapper stop
INFO: Stopping javadoc
Dec 11, 2012 11:26:34 AM hudson.PluginWrapper stop
INFO: Stopping subversion
Dec 11, 2012 11:26:34 AM hudson.PluginWrapper stop
INFO: Stopping cvs
Dec 11, 2012 11:26:34 AM hudson.PluginWrapper stop
INFO: Stopping maven-plugin
Dec 11, 2012 11:26:34 AM hudson.PluginWrapper stop
INFO: Stopping translation
Dec 11, 2012 11:26:34 AM hudson.PluginWrapper stop
INFO: Stopping ssh-slaves
</stderr>
      <duration>1.901</duration>
      <timestamp>2012-12-11T11:26:33</timestamp>
      <cases>
        <case>
          <duration>1.901</duration>
          <className>hudson.model.ParametersTest</className>
          <testName>testMixedSensitivity</testName>
          <skipped>false</skipped>
          <failedSince>0</failedSince>
        </case>
      </cases>
    </suite>
    <suite>
      <file>/home/jenkins/slave/workspace/jenkins_main_trunk/test/target/surefire-reports/hudson.model.ParametersTest.testNonSensitiveParameters.794.xml</file>
      <name>hudson.model.ParametersTest.testNonSensitiveParameters</name>
      <stdout>=== Starting ParametersTest.testNonSensitiveParameters
</stdout>
      <stderr>Dec 11, 2012 11:26:30 AM org.mortbay.log.Slf4jLog info
INFO: jetty-6.1.26
Dec 11, 2012 11:26:30 AM org.mortbay.log.Slf4jLog info
INFO: NO JSP Support for , did not find org.apache.jasper.servlet.JspServlet
Dec 11, 2012 11:26:30 AM org.mortbay.log.Slf4jLog info
INFO: Started SocketConnector@0.0.0.0:45185
Dec 11, 2012 11:26:30 AM jenkins.InitReactorRunner$1 onAttained
INFO: Started initialization
Dec 11, 2012 11:26:30 AM jenkins.InitReactorRunner$1 onAttained
INFO: Listed all plugins
Dec 11, 2012 
...[truncated 1095 chars]...
hudson.PluginWrapper stop
INFO: Stopping ant
Dec 11, 2012 11:26:32 AM hudson.PluginWrapper stop
INFO: Stopping javadoc
Dec 11, 2012 11:26:32 AM hudson.PluginWrapper stop
INFO: Stopping subversion
Dec 11, 2012 11:26:32 AM hudson.PluginWrapper stop
INFO: Stopping cvs
Dec 11, 2012 11:26:32 AM hudson.PluginWrapper stop
INFO: Stopping maven-plugin
Dec 11, 2012 11:26:32 AM hudson.PluginWrapper stop
INFO: Stopping translation
Dec 11, 2012 11:26:32 AM hudson.PluginWrapper stop
INFO: Stopping ssh-slaves
</stderr>
      <duration>2.153</duration>
      <timestamp>2012-12-11T11:26:30</timestamp>
      <cases>
        <case>
          <duration>2.153</duration>
          <className>hudson.model.ParametersTest</className>
          <testName>testNonSensitiveParameters</testName>
          <skipped>false</skipped>
          <failedSince>0</failedSince>
        </case>
      </cases>
    </suite>
    <suite>
      <file>/home/jenkins/slave/workspace/jenkins_main_trunk/test/target/surefire-reports/hudson.model.ParametersTest.testParameterTypes.791.xml</file>
      <name>hudson.model.ParametersTest.testParameterTypes</name>
      <stdout>=== Starting ParametersTest.testParameterTypes
HtmlCheckBoxInput[&lt;input name=&quot;value&quot; class=&quot;&quot; type=&quot;checkbox&quot; checked=&quot;true&quot; value=&quot;on&quot;&gt;]
</stdout>
      <stderr>Dec 11, 2012 11:26:19 AM org.mortbay.log.Slf4jLog info
INFO: jetty-6.1.26
Dec 11, 2012 11:26:19 AM org.mortbay.log.Slf4jLog info
INFO: NO JSP Support for , did not find org.apache.jasper.servlet.JspServlet
Dec 11, 2012 11:26:19 AM org.mortbay.log.Slf4jLog info
INFO: Started SocketConnector@0.0.0.0:32811
Dec 11, 2012 11:26:19 AM jenkins.InitReactorRunner$1 onAttained
INFO: Started initialization
Dec 11, 2012 11:26:19 AM jenkins.InitReactorRunner$1 onAttained
INFO: Listed all plugins
Dec 11, 2012 
...[truncated 18678 chars]...
hudson.PluginWrapper stop
INFO: Stopping ant
Dec 11, 2012 11:26:23 AM hudson.PluginWrapper stop
INFO: Stopping javadoc
Dec 11, 2012 11:26:23 AM hudson.PluginWrapper stop
INFO: Stopping subversion
Dec 11, 2012 11:26:23 AM hudson.PluginWrapper stop
INFO: Stopping cvs
Dec 11, 2012 11:26:23 AM hudson.PluginWrapper stop
INFO: Stopping maven-plugin
Dec 11, 2012 11:26:23 AM hudson.PluginWrapper stop
INFO: Stopping translation
Dec 11, 2012 11:26:23 AM hudson.PluginWrapper stop
INFO: Stopping ssh-slaves
</stderr>
      <duration>4.946</duration>
      <timestamp>2012-12-11T11:26:19</timestamp>
      <cases>
        <case>
          <duration>4.946</duration>
          <className>hudson.model.ParametersTest</className>
          <testName>testParameterTypes</testName>
          <skipped>false</skipped>
          <failedSince>0</failedSince>
        </case>
      </cases>
    </suite>
    <suite>
      <file>/home/jenkins/slave/workspace/jenkins_main_trunk/test/target/surefire-reports/hudson.model.ParametersTest.testSensitiveParameters.793.xml</file>
      <name>hudson.model.ParametersTest.testSensitiveParameters</name>
      <stdout>=== Starting ParametersTest.testSensitiveParameters
</stdout>
      <stderr>Dec 11, 2012 11:26:28 AM org.mortbay.log.Slf4jLog info
INFO: jetty-6.1.26
Dec 11, 2012 11:26:29 AM org.mortbay.log.Slf4jLog info
INFO: NO JSP Support for , did not find org.apache.jasper.servlet.JspServlet
Dec 11, 2012 11:26:29 AM org.mortbay.log.Slf4jLog info
INFO: Started SocketConnector@0.0.0.0:39650
Dec 11, 2012 11:26:29 AM jenkins.InitReactorRunner$1 onAttained
INFO: Started initialization
Dec 11, 2012 11:26:29 AM jenkins.InitReactorRunner$1 onAttained
INFO: Listed all plugins
Dec 11, 2012 
...[truncated 1095 chars]...
hudson.PluginWrapper stop
INFO: Stopping ant
Dec 11, 2012 11:26:30 AM hudson.PluginWrapper stop
INFO: Stopping javadoc
Dec 11, 2012 11:26:30 AM hudson.PluginWrapper stop
INFO: Stopping subversion
Dec 11, 2012 11:26:30 AM hudson.PluginWrapper stop
INFO: Stopping cvs
Dec 11, 2012 11:26:30 AM hudson.PluginWrapper stop
INFO: Stopping maven-plugin
Dec 11, 2012 11:26:30 AM hudson.PluginWrapper stop
INFO: Stopping translation
Dec 11, 2012 11:26:30 AM hudson.PluginWrapper stop
INFO: Stopping ssh-slaves
</stderr>
      <duration>1.884</duration>
      <timestamp>2012-12-11T11:26:28</timestamp>
      <cases>
        <case>
          <duration>1.884</duration>
          <className>hudson.model.ParametersTest</className>
          <testName>testSensitiveParameters</testName>
          <skipped>false</skipped>
          <failedSince>0</failedSince>
        </case>
      </cases>
    </suite>
    <suite>
      <file>/home/jenkins/slave/workspace/jenkins_main_trunk/test/target/surefire-reports/hudson.model.QueueTest.testFileItemPersistence.799.xml</file>
      <name>hudson.model.QueueTest.testFileItemPersistence</name>
      <stdout>=== Starting QueueTest.testFileItemPersistence
&lt;org.apache.commons.fileupload.disk.DiskFileItem serialization=&quot;custom&quot;&gt;
  &lt;org.apache.commons.fileupload.disk.DiskFileItem&gt;
    &lt;default&gt;
      &lt;isFormField&gt;false&lt;/isFormField&gt;
      &lt;size&gt;-1&lt;/size&gt;
      &lt;sizeThreshold&gt;10240&lt;/sizeThreshold&gt;
      &lt;cachedContent&gt;&lt;/cachedContent&gt;
      &lt;contentType&gt;application/octet-stream&lt;/contentType&gt;
      &lt;fieldName&gt;test&lt;/fieldName&gt;
      &lt;fileName&gt;&lt;/fileName&gt;
    &lt;/default&gt;
  &lt;/org.apache.commons.fileupload.disk.DiskFileItem&gt;
&lt;/org.apache.commons.fileupload.disk.DiskFileItem&gt;
</stdout>
      <stderr>Dec 11, 2012 11:26:40 AM org.mortbay.log.Slf4jLog info
INFO: jetty-6.1.26
Dec 11, 2012 11:26:40 AM org.mortbay.log.Slf4jLog info
INFO: NO JSP Support for , did not find org.apache.jasper.servlet.JspServlet
Dec 11, 2012 11:26:40 AM org.mortbay.log.Slf4jLog info
INFO: Started SocketConnector@0.0.0.0:48706
Dec 11, 2012 11:26:41 AM jenkins.InitReactorRunner$1 onAttained
INFO: Started initialization
Dec 11, 2012 11:26:41 AM jenkins.InitReactorRunner$1 onAttained
INFO: Listed all plugins
Dec 11, 2012 
...[truncated 1265 chars]...
hudson.PluginWrapper stop
INFO: Stopping ant
Dec 11, 2012 11:26:42 AM hudson.PluginWrapper stop
INFO: Stopping javadoc
Dec 11, 2012 11:26:42 AM hudson.PluginWrapper stop
INFO: Stopping subversion
Dec 11, 2012 11:26:42 AM hudson.PluginWrapper stop
INFO: Stopping cvs
Dec 11, 2012 11:26:42 AM hudson.PluginWrapper stop
INFO: Stopping maven-plugin
Dec 11, 2012 11:26:42 AM hudson.PluginWrapper stop
INFO: Stopping translation
Dec 11, 2012 11:26:42 AM hudson.PluginWrapper stop
INFO: Stopping ssh-slaves
</stderr>
      <duration>2.353</duration>
      <timestamp>2012-12-11T11:26:40</timestamp>
      <cases>
        <case>
          <duration>2.353</duration>
          <className>hudson.model.QueueTest</className>
          <testName>testFileItemPersistence</testName>
          <skipped>false</skipped>
          <failedSince>0</failedSince>
        </case>
      </cases>
    </suite>
    <suite>
      <file>/home/jenkins/slave/workspace/jenkins_main_trunk/test/target/surefire-reports/hudson.model.QueueTest.testFlyweightTasks.801.xml</file>
      <name>hudson.model.QueueTest.testFlyweightTasks</name>
      <stdout>=== Starting QueueTest.testFlyweightTasks
</stdout>
      <stderr>Dec 11, 2012 11:26:46 AM org.mortbay.log.Slf4jLog info
INFO: jetty-6.1.26
Dec 11, 2012 11:26:46 AM org.mortbay.log.Slf4jLog info
INFO: NO JSP Support for , did not find org.apache.jasper.servlet.JspServlet
Dec 11, 2012 11:26:46 AM org.mortbay.log.Slf4jLog info
INFO: Started SocketConnector@0.0.0.0:50385
Dec 11, 2012 11:26:46 AM jenkins.InitReactorRunner$1 onAttained
INFO: Started initialization
Dec 11, 2012 11:26:46 AM jenkins.InitReactorRunner$1 onAttained
INFO: Listed all plugins
Dec 11, 2012 
...[truncated 1947 chars]...
hudson.PluginWrapper stop
INFO: Stopping ant
Dec 11, 2012 11:27:00 AM hudson.PluginWrapper stop
INFO: Stopping javadoc
Dec 11, 2012 11:27:00 AM hudson.PluginWrapper stop
INFO: Stopping subversion
Dec 11, 2012 11:27:00 AM hudson.PluginWrapper stop
INFO: Stopping cvs
Dec 11, 2012 11:27:00 AM hudson.PluginWrapper stop
INFO: Stopping maven-plugin
Dec 11, 2012 11:27:00 AM hudson.PluginWrapper stop
INFO: Stopping translation
Dec 11, 2012 11:27:00 AM hudson.PluginWrapper stop
INFO: Stopping ssh-slaves
</stderr>
      <duration>14.539</duration>
      <timestamp>2012-12-11T11:26:46</timestamp>
      <cases>
        <case>
          <duration>14.539</duration>
          <className>hudson.model.QueueTest</className>
          <testName>testFlyweightTasks</testName>
          <skipped>false</skipped>
          <failedSince>0</failedSince>
        </case>
      </cases>
    </suite>
    <suite>
      <file>/home/jenkins/slave/workspace/jenkins_main_trunk/test/target/surefire-reports/hudson.model.QueueTest.testFoldableCauseAction.800.xml</file>
      <name>hudson.model.QueueTest.testFoldableCauseAction</name>
      <stdout>=== Starting QueueTest.testFoldableCauseAction
</stdout>
      <stderr>Dec 11, 2012 11:26:43 AM org.mortbay.log.Slf4jLog info
INFO: jetty-6.1.26
Dec 11, 2012 11:26:43 AM org.mortbay.log.Slf4jLog info
INFO: NO JSP Support for , did not find org.apache.jasper.servlet.JspServlet
Dec 11, 2012 11:26:43 AM org.mortbay.log.Slf4jLog info
INFO: Started SocketConnector@0.0.0.0:60217
Dec 11, 2012 11:26:43 AM jenkins.InitReactorRunner$1 onAttained
INFO: Started initialization
Dec 11, 2012 11:26:43 AM jenkins.InitReactorRunner$1 onAttained
INFO: Listed all plugins
Dec 11, 2012 
...[truncated 3677 chars]...
hudson.PluginWrapper stop
INFO: Stopping ant
Dec 11, 2012 11:26:46 AM hudson.PluginWrapper stop
INFO: Stopping javadoc
Dec 11, 2012 11:26:46 AM hudson.PluginWrapper stop
INFO: Stopping subversion
Dec 11, 2012 11:26:46 AM hudson.PluginWrapper stop
INFO: Stopping cvs
Dec 11, 2012 11:26:46 AM hudson.PluginWrapper stop
INFO: Stopping maven-plugin
Dec 11, 2012 11:26:46 AM hudson.PluginWrapper stop
INFO: Stopping translation
Dec 11, 2012 11:26:46 AM hudson.PluginWrapper stop
INFO: Stopping ssh-slaves
</stderr>
      <duration>3.363</duration>
      <timestamp>2012-12-11T11:26:43</timestamp>
      <cases>
        <case>
          <duration>3.363</duration>
          <className>hudson.model.QueueTest</className>
          <testName>testFoldableCauseAction</testName>
          <skipped>false</skipped>
          <failedSince>0</failedSince>
        </case>
      </cases>
    </suite>
    <suite>
      <file>/home/jenkins/slave/workspace/jenkins_main_trunk/test/target/surefire-reports/hudson.model.QueueTest.testPersistence.796.xml</file>
      <name>hudson.model.QueueTest.testPersistence</name>
      <stdout>=== Starting QueueTest.testPersistence
&lt;?xml version=&apos;1.0&apos; encoding=&apos;UTF-8&apos;?&gt;
&lt;list&gt;
  &lt;hudson.model.Queue_-WaitingItem&gt;
    &lt;actions&gt;
      &lt;hudson.model.CauseAction&gt;
        &lt;causes&gt;
          &lt;hudson.model.Cause_-UserIdCause&gt;
            &lt;userId&gt;SYSTEM&lt;/userId&gt;
          &lt;/hudson.model.Cause_-UserIdCause&gt;
        &lt;/causes&gt;
      &lt;/hudson.model.CauseAction&gt;
    &lt;/actions&gt;
    &lt;id&gt;10&lt;/id&gt;
    &lt;task class=&quot;hudson.model.FreeStyleProject&quot;&gt;test&lt;/task&gt;
    &lt;inQueueSince&gt;1355225195856&lt;/inQueueSince&gt;
    &lt;timestamp&gt;
      &lt;time&gt;1355225200856&lt;/time&gt;
      &lt;timezone&gt;Etc/UTC&lt;/timezone&gt;
    &lt;/timestamp&gt;
  &lt;/hudson.model.Queue_-WaitingItem&gt;
&lt;/list&gt;
</stdout>
      <stderr>Dec 11, 2012 11:26:34 AM org.mortbay.log.Slf4jLog info
INFO: jetty-6.1.26
Dec 11, 2012 11:26:34 AM org.mortbay.log.Slf4jLog info
INFO: NO JSP Support for , did not find org.apache.jasper.servlet.JspServlet
Dec 11, 2012 11:26:34 AM org.mortbay.log.Slf4jLog info
INFO: Started SocketConnector@0.0.0.0:51959
Dec 11, 2012 11:26:34 AM jenkins.InitReactorRunner$1 onAttained
INFO: Started initialization
Dec 11, 2012 11:26:35 AM jenkins.InitReactorRunner$1 onAttained
INFO: Listed all plugins
Dec 11, 2012 
...[truncated 993 chars]...
hudson.PluginWrapper stop
INFO: Stopping ant
Dec 11, 2012 11:26:35 AM hudson.PluginWrapper stop
INFO: Stopping javadoc
Dec 11, 2012 11:26:35 AM hudson.PluginWrapper stop
INFO: Stopping subversion
Dec 11, 2012 11:26:35 AM hudson.PluginWrapper stop
INFO: Stopping cvs
Dec 11, 2012 11:26:35 AM hudson.PluginWrapper stop
INFO: Stopping maven-plugin
Dec 11, 2012 11:26:35 AM hudson.PluginWrapper stop
INFO: Stopping translation
Dec 11, 2012 11:26:35 AM hudson.PluginWrapper stop
INFO: Stopping ssh-slaves
</stderr>
      <duration>1.424</duration>
      <timestamp>2012-12-11T11:26:34</timestamp>
      <cases>
        <case>
          <duration>1.424</duration>
          <className>hudson.model.QueueTest</className>
          <testName>testPersistence</testName>
          <skipped>false</skipped>
          <failedSince>0</failedSince>
        </case>
      </cases>
    </suite>
    <suite>
      <file>/home/jenkins/slave/workspace/jenkins_main_trunk/test/target/surefire-reports/hudson.model.QueueTest.testPersistence2.797.xml</file>
      <name>hudson.model.QueueTest.testPersistence2</name>
      <stdout>=== Starting QueueTest.testPersistence2
&lt;?xml version=&apos;1.0&apos; encoding=&apos;UTF-8&apos;?&gt;
&lt;list&gt;
  &lt;hudson.model.Queue_-WaitingItem&gt;
    &lt;actions&gt;
      &lt;hudson.model.CauseAction&gt;
        &lt;causes&gt;
          &lt;hudson.model.Cause_-UserIdCause&gt;
            &lt;userId&gt;SYSTEM&lt;/userId&gt;
          &lt;/hudson.model.Cause_-UserIdCause&gt;
        &lt;/causes&gt;
      &lt;/hudson.model.CauseAction&gt;
    &lt;/actions&gt;
    &lt;id&gt;11&lt;/id&gt;
    &lt;task class=&quot;hudson.model.FreeStyleProject&quot;&gt;test&lt;/task&gt;
    &lt;inQueueSince&gt;1355225197479&lt;/inQueueSince&gt;
    &lt;timestamp&gt;
      &lt;time&gt;1355225202479&lt;/time&gt;
      &lt;timezone&gt;Etc/UTC&lt;/timezone&gt;
    &lt;/timestamp&gt;
  &lt;/hudson.model.Queue_-WaitingItem&gt;
&lt;/list&gt;
</stdout>
      <stderr>Dec 11, 2012 11:26:36 AM org.mortbay.log.Slf4jLog info
INFO: jetty-6.1.26
Dec 11, 2012 11:26:36 AM org.mortbay.log.Slf4jLog info
INFO: NO JSP Support for , did not find org.apache.jasper.servlet.JspServlet
Dec 11, 2012 11:26:36 AM org.mortbay.log.Slf4jLog info
INFO: Started SocketConnector@0.0.0.0:51833
Dec 11, 2012 11:26:36 AM jenkins.InitReactorRunner$1 onAttained
INFO: Started initialization
Dec 11, 2012 11:26:36 AM jenkins.InitReactorRunner$1 onAttained
INFO: Listed all plugins
Dec 11, 2012 
...[truncated 6938 chars]...
hudson.PluginWrapper stop
INFO: Stopping ant
Dec 11, 2012 11:26:37 AM hudson.PluginWrapper stop
INFO: Stopping javadoc
Dec 11, 2012 11:26:37 AM hudson.PluginWrapper stop
INFO: Stopping subversion
Dec 11, 2012 11:26:37 AM hudson.PluginWrapper stop
INFO: Stopping cvs
Dec 11, 2012 11:26:37 AM hudson.PluginWrapper stop
INFO: Stopping maven-plugin
Dec 11, 2012 11:26:37 AM hudson.PluginWrapper stop
INFO: Stopping translation
Dec 11, 2012 11:26:37 AM hudson.PluginWrapper stop
INFO: Stopping ssh-slaves
</stderr>
      <duration>1.609</duration>
      <timestamp>2012-12-11T11:26:36</timestamp>
      <cases>
        <case>
          <duration>1.609</duration>
          <className>hudson.model.QueueTest</className>
          <testName>testPersistence2</testName>
          <skipped>false</skipped>
          <failedSince>0</failedSince>
        </case>
      </cases>
    </suite>
    <suite>
      <file>/home/jenkins/slave/workspace/jenkins_main_trunk/test/target/surefire-reports/hudson.model.QueueTest.testPersistenceBlockedItem.798.xml</file>
      <name>hudson.model.QueueTest.testPersistenceBlockedItem</name>
      <stdout>=== Starting QueueTest.testPersistenceBlockedItem
</stdout>
      <stderr>Dec 11, 2012 11:26:37 AM org.mortbay.log.Slf4jLog info
INFO: jetty-6.1.26
Dec 11, 2012 11:26:37 AM org.mortbay.log.Slf4jLog info
INFO: NO JSP Support for , did not find org.apache.jasper.servlet.JspServlet
Dec 11, 2012 11:26:37 AM org.mortbay.log.Slf4jLog info
INFO: Started SocketConnector@0.0.0.0:45757
Dec 11, 2012 11:26:38 AM jenkins.InitReactorRunner$1 onAttained
INFO: Started initialization
Dec 11, 2012 11:26:38 AM jenkins.InitReactorRunner$1 onAttained
INFO: Listed all plugins
Dec 11, 2012 
...[truncated 1888 chars]...
hudson.PluginWrapper stop
INFO: Stopping ant
Dec 11, 2012 11:26:40 AM hudson.PluginWrapper stop
INFO: Stopping javadoc
Dec 11, 2012 11:26:40 AM hudson.PluginWrapper stop
INFO: Stopping subversion
Dec 11, 2012 11:26:40 AM hudson.PluginWrapper stop
INFO: Stopping cvs
Dec 11, 2012 11:26:40 AM hudson.PluginWrapper stop
INFO: Stopping maven-plugin
Dec 11, 2012 11:26:40 AM hudson.PluginWrapper stop
INFO: Stopping translation
Dec 11, 2012 11:26:40 AM hudson.PluginWrapper stop
INFO: Stopping ssh-slaves
</stderr>
      <duration>2.998</duration>
      <timestamp>2012-12-11T11:26:37</timestamp>
      <cases>
        <case>
          <duration>2.998</duration>
          <className>hudson.model.QueueTest</className>
          <testName>testPersistenceBlockedItem</testName>
          <skipped>false</skipped>
          <failedSince>0</failedSince>
        </case>
      </cases>
    </suite>
    <suite>
      <file>/home/jenkins/slave/workspace/jenkins_main_trunk/test/target/surefire-reports/hudson.model.QueueTest.testWaitForStart.802.xml</file>
      <name>hudson.model.QueueTest.testWaitForStart</name>
      <stdout>=== Starting QueueTest.testWaitForStart
</stdout>
      <stderr>Dec 11, 2012 11:27:01 AM org.mortbay.log.Slf4jLog info
INFO: jetty-6.1.26
Dec 11, 2012 11:27:01 AM org.mortbay.log.Slf4jLog info
INFO: NO JSP Support for , did not find org.apache.jasper.servlet.JspServlet
Dec 11, 2012 11:27:01 AM org.mortbay.log.Slf4jLog info
INFO: Started SocketConnector@0.0.0.0:55811
Dec 11, 2012 11:27:01 AM jenkins.InitReactorRunner$1 onAttained
INFO: Started initialization
Dec 11, 2012 11:27:01 AM jenkins.InitReactorRunner$1 onAttained
INFO: Listed all plugins
Dec 11, 2012 
...[truncated 1095 chars]...
hudson.PluginWrapper stop
INFO: Stopping ant
Dec 11, 2012 11:27:02 AM hudson.PluginWrapper stop
INFO: Stopping javadoc
Dec 11, 2012 11:27:02 AM hudson.PluginWrapper stop
INFO: Stopping subversion
Dec 11, 2012 11:27:02 AM hudson.PluginWrapper stop
INFO: Stopping cvs
Dec 11, 2012 11:27:02 AM hudson.PluginWrapper stop
INFO: Stopping maven-plugin
Dec 11, 2012 11:27:02 AM hudson.PluginWrapper stop
INFO: Stopping translation
Dec 11, 2012 11:27:02 AM hudson.PluginWrapper stop
INFO: Stopping ssh-slaves
</stderr>
      <duration>1.797</duration>
      <timestamp>2012-12-11T11:27:01</timestamp>
      <cases>
        <case>
          <duration>1.797</duration>
          <className>hudson.model.QueueTest</className>
          <testName>testWaitForStart</testName>
          <skipped>false</skipped>
          <failedSince>0</failedSince>
        </case>
      </cases>
    </suite>
    <suite>
      <file>/home/jenkins/slave/workspace/jenkins_main_trunk/test/target/surefire-reports/hudson.model.RunMapTest.testReloadWhileBuildIsInProgress.803.xml</file>
      <name>hudson.model.RunMapTest.testReloadWhileBuildIsInProgress</name>
      <stdout>=== Starting RunMapTest.testReloadWhileBuildIsInProgress
</stdout>
      <stderr>Dec 11, 2012 11:27:03 AM org.mortbay.log.Slf4jLog info
INFO: jetty-6.1.26
Dec 11, 2012 11:27:03 AM org.mortbay.log.Slf4jLog info
INFO: NO JSP Support for , did not find org.apache.jasper.servlet.JspServlet
Dec 11, 2012 11:27:03 AM org.mortbay.log.Slf4jLog info
INFO: Started SocketConnector@0.0.0.0:37514
Dec 11, 2012 11:27:03 AM jenkins.InitReactorRunner$1 onAttained
INFO: Started initialization
Dec 11, 2012 11:27:03 AM jenkins.InitReactorRunner$1 onAttained
INFO: Listed all plugins
Dec 11, 2012 
...[truncated 1912 chars]...
hudson.PluginWrapper stop
INFO: Stopping ant
Dec 11, 2012 11:27:05 AM hudson.PluginWrapper stop
INFO: Stopping javadoc
Dec 11, 2012 11:27:05 AM hudson.PluginWrapper stop
INFO: Stopping subversion
Dec 11, 2012 11:27:05 AM hudson.PluginWrapper stop
INFO: Stopping cvs
Dec 11, 2012 11:27:05 AM hudson.PluginWrapper stop
INFO: Stopping maven-plugin
Dec 11, 2012 11:27:05 AM hudson.PluginWrapper stop
INFO: Stopping translation
Dec 11, 2012 11:27:05 AM hudson.PluginWrapper stop
INFO: Stopping ssh-slaves
</stderr>
      <duration>3.253</duration>
      <timestamp>2012-12-11T11:27:03</timestamp>
      <cases>
        <case>
          <duration>3.253</duration>
          <className>hudson.model.RunMapTest</className>
          <testName>testReloadWhileBuildIsInProgress</testName>
          <skipped>false</skipped>
          <failedSince>0</failedSince>
        </case>
      </cases>
    </suite>
    <suite>
      <file>/home/jenkins/slave/workspace/jenkins_main_trunk/test/target/surefire-reports/hudson.model.RunTest.testArtifactListDisambiguation1.804.xml</file>
      <name>hudson.model.RunTest.testArtifactListDisambiguation1</name>
      <stdout>=== Starting RunTest.testArtifactListDisambiguation1
</stdout>
      <stderr>Dec 11, 2012 11:27:06 AM org.mortbay.log.Slf4jLog info
INFO: jetty-6.1.26
Dec 11, 2012 11:27:06 AM org.mortbay.log.Slf4jLog info
INFO: NO JSP Support for , did not find org.apache.jasper.servlet.JspServlet
Dec 11, 2012 11:27:06 AM org.mortbay.log.Slf4jLog info
INFO: Started SocketConnector@0.0.0.0:34682
Dec 11, 2012 11:27:06 AM jenkins.InitReactorRunner$1 onAttained
INFO: Started initialization
Dec 11, 2012 11:27:06 AM jenkins.InitReactorRunner$1 onAttained
INFO: Listed all plugins
Dec 11, 2012 
...[truncated 1095 chars]...
hudson.PluginWrapper stop
INFO: Stopping ant
Dec 11, 2012 11:27:07 AM hudson.PluginWrapper stop
INFO: Stopping javadoc
Dec 11, 2012 11:27:07 AM hudson.PluginWrapper stop
INFO: Stopping subversion
Dec 11, 2012 11:27:07 AM hudson.PluginWrapper stop
INFO: Stopping cvs
Dec 11, 2012 11:27:07 AM hudson.PluginWrapper stop
INFO: Stopping maven-plugin
Dec 11, 2012 11:27:07 AM hudson.PluginWrapper stop
INFO: Stopping translation
Dec 11, 2012 11:27:07 AM hudson.PluginWrapper stop
INFO: Stopping ssh-slaves
</stderr>
      <duration>1.945</duration>
      <timestamp>2012-12-11T11:27:06</timestamp>
      <cases>
        <case>
          <duration>1.945</duration>
          <className>hudson.model.RunTest</className>
          <testName>testArtifactListDisambiguation1</testName>
          <skipped>false</skipped>
          <failedSince>0</failedSince>
        </case>
      </cases>
    </suite>
    <suite>
      <file>/home/jenkins/slave/workspace/jenkins_main_trunk/test/target/surefire-reports/hudson.model.RunTest.testArtifactListDisambiguation2.805.xml</file>
      <name>hudson.model.RunTest.testArtifactListDisambiguation2</name>
      <stdout>=== Starting RunTest.testArtifactListDisambiguation2
</stdout>
      <stderr>Dec 11, 2012 11:27:08 AM org.mortbay.log.Slf4jLog info
INFO: jetty-6.1.26
Dec 11, 2012 11:27:08 AM org.mortbay.log.Slf4jLog info
INFO: NO JSP Support for , did not find org.apache.jasper.servlet.JspServlet
Dec 11, 2012 11:27:08 AM org.mortbay.log.Slf4jLog info
INFO: Started SocketConnector@0.0.0.0:45370
Dec 11, 2012 11:27:08 AM jenkins.InitReactorRunner$1 onAttained
INFO: Started initialization
Dec 11, 2012 11:27:08 AM jenkins.InitReactorRunner$1 onAttained
INFO: Listed all plugins
Dec 11, 2012 
...[truncated 1095 chars]...
hudson.PluginWrapper stop
INFO: Stopping ant
Dec 11, 2012 11:27:09 AM hudson.PluginWrapper stop
INFO: Stopping javadoc
Dec 11, 2012 11:27:09 AM hudson.PluginWrapper stop
INFO: Stopping subversion
Dec 11, 2012 11:27:09 AM hudson.PluginWrapper stop
INFO: Stopping cvs
Dec 11, 2012 11:27:09 AM hudson.PluginWrapper stop
INFO: Stopping maven-plugin
Dec 11, 2012 11:27:09 AM hudson.PluginWrapper stop
INFO: Stopping translation
Dec 11, 2012 11:27:09 AM hudson.PluginWrapper stop
INFO: Stopping ssh-slaves
</stderr>
      <duration>1.637</duration>
      <timestamp>2012-12-11T11:27:08</timestamp>
      <cases>
        <case>
          <duration>1.637</duration>
          <className>hudson.model.RunTest</className>
          <testName>testArtifactListDisambiguation2</testName>
          <skipped>false</skipped>
          <failedSince>0</failedSince>
        </case>
      </cases>
    </suite>
    <suite>
      <file>/home/jenkins/slave/workspace/jenkins_main_trunk/test/target/surefire-reports/hudson.model.RunTest.testArtifactListDisambiguation3.806.xml</file>
      <name>hudson.model.RunTest.testArtifactListDisambiguation3</name>
      <stdout>=== Starting RunTest.testArtifactListDisambiguation3
</stdout>
      <stderr>Dec 11, 2012 11:27:09 AM org.mortbay.log.Slf4jLog info
INFO: jetty-6.1.26
Dec 11, 2012 11:27:09 AM org.mortbay.log.Slf4jLog info
INFO: NO JSP Support for , did not find org.apache.jasper.servlet.JspServlet
Dec 11, 2012 11:27:09 AM org.mortbay.log.Slf4jLog info
INFO: Started SocketConnector@0.0.0.0:54232
Dec 11, 2012 11:27:09 AM jenkins.InitReactorRunner$1 onAttained
INFO: Started initialization
Dec 11, 2012 11:27:09 AM jenkins.InitReactorRunner$1 onAttained
INFO: Listed all plugins
Dec 11, 2012 
...[truncated 1095 chars]...
hudson.PluginWrapper stop
INFO: Stopping ant
Dec 11, 2012 11:27:11 AM hudson.PluginWrapper stop
INFO: Stopping javadoc
Dec 11, 2012 11:27:11 AM hudson.PluginWrapper stop
INFO: Stopping subversion
Dec 11, 2012 11:27:11 AM hudson.PluginWrapper stop
INFO: Stopping cvs
Dec 11, 2012 11:27:11 AM hudson.PluginWrapper stop
INFO: Stopping maven-plugin
Dec 11, 2012 11:27:11 AM hudson.PluginWrapper stop
INFO: Stopping translation
Dec 11, 2012 11:27:11 AM hudson.PluginWrapper stop
INFO: Stopping ssh-slaves
</stderr>
      <duration>1.643</duration>
      <timestamp>2012-12-11T11:27:09</timestamp>
      <cases>
        <case>
          <duration>1.643</duration>
          <className>hudson.model.RunTest</className>
          <testName>testArtifactListDisambiguation3</testName>
          <skipped>false</skipped>
          <failedSince>0</failedSince>
        </case>
      </cases>
    </suite>
    <suite>
      <file>/home/jenkins/slave/workspace/jenkins_main_trunk/test/target/surefire-reports/hudson.model.SimpleJobTest.testGetEstimatedDuration.807.xml</file>
      <name>hudson.model.SimpleJobTest.testGetEstimatedDuration</name>
      <stdout>=== Starting SimpleJobTest.testGetEstimatedDuration
</stdout>
      <stderr>Dec 11, 2012 11:27:11 AM org.mortbay.log.Slf4jLog info
INFO: jetty-6.1.26
Dec 11, 2012 11:27:11 AM org.mortbay.log.Slf4jLog info
INFO: NO JSP Support for , did not find org.apache.jasper.servlet.JspServlet
Dec 11, 2012 11:27:11 AM org.mortbay.log.Slf4jLog info
INFO: Started SocketConnector@0.0.0.0:33047
Dec 11, 2012 11:27:11 AM jenkins.InitReactorRunner$1 onAttained
INFO: Started initialization
Dec 11, 2012 11:27:11 AM jenkins.InitReactorRunner$1 onAttained
INFO: Listed all plugins
Dec 11, 2012 
...[truncated 993 chars]...
hudson.PluginWrapper stop
INFO: Stopping ant
Dec 11, 2012 11:27:13 AM hudson.PluginWrapper stop
INFO: Stopping javadoc
Dec 11, 2012 11:27:13 AM hudson.PluginWrapper stop
INFO: Stopping subversion
Dec 11, 2012 11:27:13 AM hudson.PluginWrapper stop
INFO: Stopping cvs
Dec 11, 2012 11:27:13 AM hudson.PluginWrapper stop
INFO: Stopping maven-plugin
Dec 11, 2012 11:27:13 AM hudson.PluginWrapper stop
INFO: Stopping translation
Dec 11, 2012 11:27:13 AM hudson.PluginWrapper stop
INFO: Stopping ssh-slaves
</stderr>
      <duration>2.187</duration>
      <timestamp>2012-12-11T11:27:11</timestamp>
      <cases>
        <case>
          <duration>2.187</duration>
          <className>hudson.model.SimpleJobTest</className>
          <testName>testGetEstimatedDuration</testName>
          <skipped>false</skipped>
          <failedSince>0</failedSince>
        </case>
      </cases>
    </suite>
    <suite>
      <file>/home/jenkins/slave/workspace/jenkins_main_trunk/test/target/surefire-reports/hudson.model.SimpleJobTest.testGetEstimatedDurationWithFailedRun.809.xml</file>
      <name>hudson.model.SimpleJobTest.testGetEstimatedDurationWithFailedRun</name>
      <stdout>=== Starting SimpleJobTest.testGetEstimatedDurationWithFailedRun
</stdout>
      <stderr>Dec 11, 2012 11:27:15 AM org.mortbay.log.Slf4jLog info
INFO: jetty-6.1.26
Dec 11, 2012 11:27:15 AM org.mortbay.log.Slf4jLog info
INFO: NO JSP Support for , did not find org.apache.jasper.servlet.JspServlet
Dec 11, 2012 11:27:15 AM org.mortbay.log.Slf4jLog info
INFO: Started SocketConnector@0.0.0.0:60129
Dec 11, 2012 11:27:15 AM jenkins.InitReactorRunner$1 onAttained
INFO: Started initialization
Dec 11, 2012 11:27:15 AM jenkins.InitReactorRunner$1 onAttained
INFO: Listed all plugins
Dec 11, 2012 
...[truncated 993 chars]...
hudson.PluginWrapper stop
INFO: Stopping ant
Dec 11, 2012 11:27:17 AM hudson.PluginWrapper stop
INFO: Stopping javadoc
Dec 11, 2012 11:27:17 AM hudson.PluginWrapper stop
INFO: Stopping subversion
Dec 11, 2012 11:27:17 AM hudson.PluginWrapper stop
INFO: Stopping cvs
Dec 11, 2012 11:27:17 AM hudson.PluginWrapper stop
INFO: Stopping maven-plugin
Dec 11, 2012 11:27:17 AM hudson.PluginWrapper stop
INFO: Stopping translation
Dec 11, 2012 11:27:17 AM hudson.PluginWrapper stop
INFO: Stopping ssh-slaves
</stderr>
      <duration>2.181</duration>
      <timestamp>2012-12-11T11:27:15</timestamp>
      <cases>
        <case>
          <duration>2.181</duration>
          <className>hudson.model.SimpleJobTest</className>
          <testName>testGetEstimatedDurationWithFailedRun</testName>
          <skipped>false</skipped>
          <failedSince>0</failedSince>
        </case>
      </cases>
    </suite>
    <suite>
      <file>/home/jenkins/slave/workspace/jenkins_main_trunk/test/target/surefire-reports/hudson.model.SimpleJobTest.testGetEstimatedDurationWithNoRuns.810.xml</file>
      <name>hudson.model.SimpleJobTest.testGetEstimatedDurationWithNoRuns</name>
      <stdout>=== Starting SimpleJobTest.testGetEstimatedDurationWithNoRuns
</stdout>
      <stderr>Dec 11, 2012 11:27:18 AM org.mortbay.log.Slf4jLog info
INFO: jetty-6.1.26
Dec 11, 2012 11:27:18 AM org.mortbay.log.Slf4jLog info
INFO: NO JSP Support for , did not find org.apache.jasper.servlet.JspServlet
Dec 11, 2012 11:27:18 AM org.mortbay.log.Slf4jLog info
INFO: Started SocketConnector@0.0.0.0:55294
Dec 11, 2012 11:27:18 AM jenkins.InitReactorRunner$1 onAttained
INFO: Started initialization
Dec 11, 2012 11:27:18 AM jenkins.InitReactorRunner$1 onAttained
INFO: Listed all plugins
Dec 11, 2012 
...[truncated 993 chars]...
hudson.PluginWrapper stop
INFO: Stopping ant
Dec 11, 2012 11:27:19 AM hudson.PluginWrapper stop
INFO: Stopping javadoc
Dec 11, 2012 11:27:19 AM hudson.PluginWrapper stop
INFO: Stopping subversion
Dec 11, 2012 11:27:19 AM hudson.PluginWrapper stop
INFO: Stopping cvs
Dec 11, 2012 11:27:19 AM hudson.PluginWrapper stop
INFO: Stopping maven-plugin
Dec 11, 2012 11:27:19 AM hudson.PluginWrapper stop
INFO: Stopping translation
Dec 11, 2012 11:27:19 AM hudson.PluginWrapper stop
INFO: Stopping ssh-slaves
</stderr>
      <duration>1.719</duration>
      <timestamp>2012-12-11T11:27:18</timestamp>
      <cases>
        <case>
          <duration>1.719</duration>
          <className>hudson.model.SimpleJobTest</className>
          <testName>testGetEstimatedDurationWithNoRuns</testName>
          <skipped>false</skipped>
          <failedSince>0</failedSince>
        </case>
      </cases>
    </suite>
    <suite>
      <file>/home/jenkins/slave/workspace/jenkins_main_trunk/test/target/surefire-reports/hudson.model.SimpleJobTest.testGetEstimatedDurationWithOneRun.808.xml</file>
      <name>hudson.model.SimpleJobTest.testGetEstimatedDurationWithOneRun</name>
      <stdout>=== Starting SimpleJobTest.testGetEstimatedDurationWithOneRun
</stdout>
      <stderr>Dec 11, 2012 11:27:13 AM org.mortbay.log.Slf4jLog info
INFO: jetty-6.1.26
Dec 11, 2012 11:27:13 AM org.mortbay.log.Slf4jLog info
INFO: NO JSP Support for , did not find org.apache.jasper.servlet.JspServlet
Dec 11, 2012 11:27:13 AM org.mortbay.log.Slf4jLog info
INFO: Started SocketConnector@0.0.0.0:43408
Dec 11, 2012 11:27:13 AM jenkins.InitReactorRunner$1 onAttained
INFO: Started initialization
Dec 11, 2012 11:27:13 AM jenkins.InitReactorRunner$1 onAttained
INFO: Listed all plugins
Dec 11, 2012 
...[truncated 993 chars]...
hudson.PluginWrapper stop
INFO: Stopping ant
Dec 11, 2012 11:27:15 AM hudson.PluginWrapper stop
INFO: Stopping javadoc
Dec 11, 2012 11:27:15 AM hudson.PluginWrapper stop
INFO: Stopping subversion
Dec 11, 2012 11:27:15 AM hudson.PluginWrapper stop
INFO: Stopping cvs
Dec 11, 2012 11:27:15 AM hudson.PluginWrapper stop
INFO: Stopping maven-plugin
Dec 11, 2012 11:27:15 AM hudson.PluginWrapper stop
INFO: Stopping translation
Dec 11, 2012 11:27:15 AM hudson.PluginWrapper stop
INFO: Stopping ssh-slaves
</stderr>
      <duration>2.049</duration>
      <timestamp>2012-12-11T11:27:13</timestamp>
      <cases>
        <case>
          <duration>2.049</duration>
          <className>hudson.model.SimpleJobTest</className>
          <testName>testGetEstimatedDurationWithOneRun</testName>
          <skipped>false</skipped>
          <failedSince>0</failedSince>
        </case>
      </cases>
    </suite>
    <suite>
      <file>/home/jenkins/slave/workspace/jenkins_main_trunk/test/target/surefire-reports/hudson.model.SlaveTest.testFormValidation.812.xml</file>
      <name>hudson.model.SlaveTest.testFormValidation</name>
      <stdout>=== Starting SlaveTest.testFormValidation
</stdout>
      <stderr>Dec 11, 2012 11:27:21 AM org.mortbay.log.Slf4jLog info
INFO: jetty-6.1.26
Dec 11, 2012 11:27:21 AM org.mortbay.log.Slf4jLog info
INFO: NO JSP Support for , did not find org.apache.jasper.servlet.JspServlet
Dec 11, 2012 11:27:21 AM org.mortbay.log.Slf4jLog info
INFO: Started SocketConnector@0.0.0.0:50484
Dec 11, 2012 11:27:21 AM jenkins.InitReactorRunner$1 onAttained
INFO: Started initialization
Dec 11, 2012 11:27:21 AM jenkins.InitReactorRunner$1 onAttained
INFO: Listed all plugins
Dec 11, 2012 
...[truncated 993 chars]...
hudson.PluginWrapper stop
INFO: Stopping ant
Dec 11, 2012 11:27:23 AM hudson.PluginWrapper stop
INFO: Stopping javadoc
Dec 11, 2012 11:27:23 AM hudson.PluginWrapper stop
INFO: Stopping subversion
Dec 11, 2012 11:27:23 AM hudson.PluginWrapper stop
INFO: Stopping cvs
Dec 11, 2012 11:27:23 AM hudson.PluginWrapper stop
INFO: Stopping maven-plugin
Dec 11, 2012 11:27:23 AM hudson.PluginWrapper stop
INFO: Stopping translation
Dec 11, 2012 11:27:23 AM hudson.PluginWrapper stop
INFO: Stopping ssh-slaves
</stderr>
      <duration>2.711</duration>
      <timestamp>2012-12-11T11:27:21</timestamp>
      <cases>
        <case>
          <duration>2.711</duration>
          <className>hudson.model.SlaveTest</className>
          <testName>testFormValidation</testName>
          <skipped>false</skipped>
          <failedSince>0</failedSince>
        </case>
      </cases>
    </suite>
    <suite>
      <file>/home/jenkins/slave/workspace/jenkins_main_trunk/test/target/surefire-reports/hudson.model.SlaveTest.testSlaveConfigDotXml.813.xml</file>
      <name>hudson.model.SlaveTest.testSlaveConfigDotXml</name>
      <stdout>=== Starting SlaveTest.testSlaveConfigDotXml
</stdout>
      <stderr>Dec 11, 2012 11:27:24 AM org.mortbay.log.Slf4jLog info
INFO: jetty-6.1.26
Dec 11, 2012 11:27:24 AM org.mortbay.log.Slf4jLog info
INFO: NO JSP Support for , did not find org.apache.jasper.servlet.JspServlet
Dec 11, 2012 11:27:24 AM org.mortbay.log.Slf4jLog info
INFO: Started SocketConnector@0.0.0.0:42834
Dec 11, 2012 11:27:24 AM jenkins.InitReactorRunner$1 onAttained
INFO: Started initialization
Dec 11, 2012 11:27:24 AM jenkins.InitReactorRunner$1 onAttained
INFO: Listed all plugins
Dec 11, 2012 
...[truncated 993 chars]...
hudson.PluginWrapper stop
INFO: Stopping ant
Dec 11, 2012 11:27:26 AM hudson.PluginWrapper stop
INFO: Stopping javadoc
Dec 11, 2012 11:27:26 AM hudson.PluginWrapper stop
INFO: Stopping subversion
Dec 11, 2012 11:27:26 AM hudson.PluginWrapper stop
INFO: Stopping cvs
Dec 11, 2012 11:27:26 AM hudson.PluginWrapper stop
INFO: Stopping maven-plugin
Dec 11, 2012 11:27:26 AM hudson.PluginWrapper stop
INFO: Stopping translation
Dec 11, 2012 11:27:26 AM hudson.PluginWrapper stop
INFO: Stopping ssh-slaves
</stderr>
      <duration>2.439</duration>
      <timestamp>2012-12-11T11:27:24</timestamp>
      <cases>
        <case>
          <duration>2.439</duration>
          <className>hudson.model.SlaveTest</className>
          <testName>testSlaveConfigDotXml</testName>
          <skipped>false</skipped>
          <failedSince>0</failedSince>
        </case>
      </cases>
    </suite>
    <suite>
      <file>/home/jenkins/slave/workspace/jenkins_main_trunk/test/target/surefire-reports/hudson.model.UpdateCenter2Test.testInstall.814.xml</file>
      <name>hudson.model.UpdateCenter2Test.testInstall</name>
      <stdout>=== Starting UpdateCenter2Test.testInstall
hudson.model.UpdateCenter$DownloadJob$SuccessButRequiresRestart: Downloaded Successfully. Will be activated during the next boot
</stdout>
      <stderr>Dec 11, 2012 11:27:26 AM org.mortbay.log.Slf4jLog info
INFO: jetty-6.1.26
Dec 11, 2012 11:27:26 AM org.mortbay.log.Slf4jLog info
INFO: NO JSP Support for , did not find org.apache.jasper.servlet.JspServlet
Dec 11, 2012 11:27:26 AM org.mortbay.log.Slf4jLog info
INFO: Started SocketConnector@0.0.0.0:34711
Dec 11, 2012 11:27:26 AM jenkins.InitReactorRunner$1 onAttained
INFO: Started initialization
Dec 11, 2012 11:27:26 AM jenkins.InitReactorRunner$1 onAttained
INFO: Listed all plugins
Dec 11, 2012 
...[truncated 4037 chars]...
hudson.PluginWrapper stop
INFO: Stopping ant
Dec 11, 2012 11:27:31 AM hudson.PluginWrapper stop
INFO: Stopping javadoc
Dec 11, 2012 11:27:31 AM hudson.PluginWrapper stop
INFO: Stopping subversion
Dec 11, 2012 11:27:31 AM hudson.PluginWrapper stop
INFO: Stopping cvs
Dec 11, 2012 11:27:31 AM hudson.PluginWrapper stop
INFO: Stopping maven-plugin
Dec 11, 2012 11:27:31 AM hudson.PluginWrapper stop
INFO: Stopping translation
Dec 11, 2012 11:27:31 AM hudson.PluginWrapper stop
INFO: Stopping ssh-slaves
</stderr>
      <duration>5.523</duration>
      <timestamp>2012-12-11T11:27:26</timestamp>
      <cases>
        <case>
          <duration>5.523</duration>
          <className>hudson.model.UpdateCenter2Test</className>
          <testName>testInstall</testName>
          <skipped>false</skipped>
          <failedSince>0</failedSince>
        </case>
      </cases>
    </suite>
    <suite>
      <file>/home/jenkins/slave/workspace/jenkins_main_trunk/test/target/surefire-reports/hudson.model.UsageStatisticsTest.testRoundtrip.815.xml</file>
      <name>hudson.model.UsageStatisticsTest.testRoundtrip</name>
      <stdout>=== Starting UsageStatisticsTest.testRoundtrip
NfHl5qhPIXT/IRYnbkQljNRzpJWDlX1MOffDzmzJxXFQG1h8SZ6KayD4m0dNo+2D/ktIgbOnXg13sqAn5LgZAwdL6Zw1LyYJhS37s3TPLfACWQsnvjxzeM1Sm+09VAcTG7yWtPsHcX8opOOGR/0hetujbZx337eVouuf+ww50aRnk9Iqz7pZMKIdoLbYf06qTTdpdN0lxpweT91j31xtDpZNedwRyJWFeq1SN3K/8TSC0pA3DJ4n3M0IeCNhnWpDp5K32qYihZjzMO8gBrUfIjyo+aD1FitzABVmsAEfSa8pCzOxQ/dyMKFZDnWzhOsJvCQiY6Td8zaGlDBzjH0qW/u/TXPJIMOiekWiSg5Y05+JmBzG9Mv4xlU6P+toP75RN7x78SSVlk0F6h/S16dHcS/cLFzhafSCibUu36P3TnHfce36ngLm4rhlVA577kVDSOSad
...[truncated 777 chars]...
ob&quot;,&quot;version&quot;:&quot;1.1&quot;},{&quot;name&quot;:&quot;ldap&quot;,&quot;version&quot;:&quot;1.1&quot;},{&quot;name&quot;:&quot;pam-auth&quot;,&quot;version&quot;:&quot;1.0&quot;},{&quot;name&quot;:&quot;ant&quot;,&quot;version&quot;:&quot;1.1&quot;},{&quot;name&quot;:&quot;javadoc&quot;,&quot;version&quot;:&quot;1.0&quot;},{&quot;name&quot;:&quot;subversion&quot;,&quot;version&quot;:&quot;1.39&quot;},{&quot;name&quot;:&quot;cvs&quot;,&quot;version&quot;:&quot;1.6&quot;},{&quot;name&quot;:&quot;maven-plugin&quot;,&quot;version&quot;:&quot;1.495-SNAPSHOT (private-12/11/2012 10:52-jenkins)&quot;},{&quot;name&quot;:&quot;translation&quot;,&quot;version&quot;:&quot;1.8&quot;},{&quot;name&quot;:&quot;ssh-slaves&quot;,&quot;version&quot;:&quot;0.22&quot;}],&quot;servletContainer&quot;:&quot;jetty/6.1.26&quot;,&quot;stat&quot;:1,&quot;version&quot;:&quot;1.495-SNAPSHOT (private-12/11/2012 10:51 GMT-jenkins)&quot;}
</stdout>
      <stderr>Dec 11, 2012 11:27:32 AM org.mortbay.log.Slf4jLog info
INFO: jetty-6.1.26
Dec 11, 2012 11:27:32 AM org.mortbay.log.Slf4jLog info
INFO: NO JSP Support for , did not find org.apache.jasper.servlet.JspServlet
Dec 11, 2012 11:27:32 AM org.mortbay.log.Slf4jLog info
INFO: Started SocketConnector@0.0.0.0:60608
Dec 11, 2012 11:27:32 AM jenkins.InitReactorRunner$1 onAttained
INFO: Started initialization
Dec 11, 2012 11:27:32 AM jenkins.InitReactorRunner$1 onAttained
INFO: Listed all plugins
Dec 11, 2012 
...[truncated 993 chars]...
hudson.PluginWrapper stop
INFO: Stopping ant
Dec 11, 2012 11:27:33 AM hudson.PluginWrapper stop
INFO: Stopping javadoc
Dec 11, 2012 11:27:33 AM hudson.PluginWrapper stop
INFO: Stopping subversion
Dec 11, 2012 11:27:33 AM hudson.PluginWrapper stop
INFO: Stopping cvs
Dec 11, 2012 11:27:33 AM hudson.PluginWrapper stop
INFO: Stopping maven-plugin
Dec 11, 2012 11:27:33 AM hudson.PluginWrapper stop
INFO: Stopping translation
Dec 11, 2012 11:27:33 AM hudson.PluginWrapper stop
INFO: Stopping ssh-slaves
</stderr>
      <duration>2.035</duration>
      <timestamp>2012-12-11T11:27:32</timestamp>
      <cases>
        <case>
          <duration>2.035</duration>
          <className>hudson.model.UsageStatisticsTest</className>
          <testName>testRoundtrip</testName>
          <skipped>false</skipped>
          <failedSince>0</failedSince>
        </case>
      </cases>
    </suite>
    <suite>
      <file>/home/jenkins/slave/workspace/jenkins_main_trunk/test/target/surefire-reports/hudson.model.UserPropertyTest.test9062.816.xml</file>
      <name>hudson.model.UserPropertyTest.test9062</name>
      <stdout>=== Starting UserPropertyTest.test9062
</stdout>
      <stderr>Dec 11, 2012 11:27:34 AM org.mortbay.log.Slf4jLog info
INFO: jetty-6.1.26
Dec 11, 2012 11:27:34 AM org.mortbay.log.Slf4jLog info
INFO: NO JSP Support for , did not find org.apache.jasper.servlet.JspServlet
Dec 11, 2012 11:27:34 AM org.mortbay.log.Slf4jLog info
INFO: Started SocketConnector@0.0.0.0:34657
Dec 11, 2012 11:27:34 AM jenkins.InitReactorRunner$1 onAttained
INFO: Started initialization
Dec 11, 2012 11:27:34 AM jenkins.InitReactorRunner$1 onAttained
INFO: Listed all plugins
Dec 11, 2012 
...[truncated 5953 chars]...
hudson.PluginWrapper stop
INFO: Stopping ant
Dec 11, 2012 11:27:37 AM hudson.PluginWrapper stop
INFO: Stopping javadoc
Dec 11, 2012 11:27:37 AM hudson.PluginWrapper stop
INFO: Stopping subversion
Dec 11, 2012 11:27:37 AM hudson.PluginWrapper stop
INFO: Stopping cvs
Dec 11, 2012 11:27:37 AM hudson.PluginWrapper stop
INFO: Stopping maven-plugin
Dec 11, 2012 11:27:37 AM hudson.PluginWrapper stop
INFO: Stopping translation
Dec 11, 2012 11:27:37 AM hudson.PluginWrapper stop
INFO: Stopping ssh-slaves
</stderr>
      <duration>3.829</duration>
      <timestamp>2012-12-11T11:27:34</timestamp>
      <cases>
        <case>
          <duration>3.829</duration>
          <className>hudson.model.UserPropertyTest</className>
          <testName>test9062</testName>
          <skipped>false</skipped>
          <failedSince>0</failedSince>
        </case>
      </cases>
    </suite>
    <suite>
      <file>/home/jenkins/slave/workspace/jenkins_main_trunk/test/target/surefire-reports/hudson.model.ViewPropertyTest.testInvisibleProperty.817.xml</file>
      <name>hudson.model.ViewPropertyTest.testInvisibleProperty</name>
      <stdout>=== Starting ViewPropertyTest.testInvisibleProperty
</stdout>
      <stderr>Dec 11, 2012 11:27:38 AM org.mortbay.log.Slf4jLog info
INFO: jetty-6.1.26
Dec 11, 2012 11:27:38 AM org.mortbay.log.Slf4jLog info
INFO: NO JSP Support for , did not find org.apache.jasper.servlet.JspServlet
Dec 11, 2012 11:27:38 AM org.mortbay.log.Slf4jLog info
INFO: Started SocketConnector@0.0.0.0:34553
Dec 11, 2012 11:27:38 AM jenkins.InitReactorRunner$1 onAttained
INFO: Started initialization
Dec 11, 2012 11:27:38 AM jenkins.InitReactorRunner$1 onAttained
INFO: Listed all plugins
Dec 11, 2012 
...[truncated 10913 chars]...
hudson.PluginWrapper stop
INFO: Stopping ant
Dec 11, 2012 11:27:46 AM hudson.PluginWrapper stop
INFO: Stopping javadoc
Dec 11, 2012 11:27:46 AM hudson.PluginWrapper stop
INFO: Stopping subversion
Dec 11, 2012 11:27:46 AM hudson.PluginWrapper stop
INFO: Stopping cvs
Dec 11, 2012 11:27:46 AM hudson.PluginWrapper stop
INFO: Stopping maven-plugin
Dec 11, 2012 11:27:46 AM hudson.PluginWrapper stop
INFO: Stopping translation
Dec 11, 2012 11:27:46 AM hudson.PluginWrapper stop
INFO: Stopping ssh-slaves
</stderr>
      <duration>8.652</duration>
      <timestamp>2012-12-11T11:27:38</timestamp>
      <cases>
        <case>
          <duration>8.652</duration>
          <className>hudson.model.ViewPropertyTest</className>
          <testName>testInvisibleProperty</testName>
          <skipped>false</skipped>
          <failedSince>0</failedSince>
        </case>
      </cases>
    </suite>
    <suite>
      <file>/home/jenkins/slave/workspace/jenkins_main_trunk/test/target/surefire-reports/hudson.model.ViewPropertyTest.testRoundtrip.818.xml</file>
      <name>hudson.model.ViewPropertyTest.testRoundtrip</name>
      <stdout>=== Starting ViewPropertyTest.testRoundtrip
</stdout>
      <stderr>Dec 11, 2012 11:27:46 AM org.mortbay.log.Slf4jLog info
INFO: jetty-6.1.26
Dec 11, 2012 11:27:46 AM org.mortbay.log.Slf4jLog info
INFO: NO JSP Support for , did not find org.apache.jasper.servlet.JspServlet
Dec 11, 2012 11:27:46 AM org.mortbay.log.Slf4jLog info
INFO: Started SocketConnector@0.0.0.0:35049
Dec 11, 2012 11:27:46 AM jenkins.InitReactorRunner$1 onAttained
INFO: Started initialization
Dec 11, 2012 11:27:46 AM jenkins.InitReactorRunner$1 onAttained
INFO: Listed all plugins
Dec 11, 2012 
...[truncated 10913 chars]...
hudson.PluginWrapper stop
INFO: Stopping ant
Dec 11, 2012 11:27:54 AM hudson.PluginWrapper stop
INFO: Stopping javadoc
Dec 11, 2012 11:27:54 AM hudson.PluginWrapper stop
INFO: Stopping subversion
Dec 11, 2012 11:27:54 AM hudson.PluginWrapper stop
INFO: Stopping cvs
Dec 11, 2012 11:27:54 AM hudson.PluginWrapper stop
INFO: Stopping maven-plugin
Dec 11, 2012 11:27:54 AM hudson.PluginWrapper stop
INFO: Stopping translation
Dec 11, 2012 11:27:54 AM hudson.PluginWrapper stop
INFO: Stopping ssh-slaves
</stderr>
      <duration>8.143</duration>
      <timestamp>2012-12-11T11:27:46</timestamp>
      <cases>
        <case>
          <duration>8.143</duration>
          <className>hudson.model.ViewPropertyTest</className>
          <testName>testRoundtrip</testName>
          <skipped>false</skipped>
          <failedSince>0</failedSince>
        </case>
      </cases>
    </suite>
    <suite>
      <file>/home/jenkins/slave/workspace/jenkins_main_trunk/test/target/surefire-reports/hudson.model.ViewTest.testAllImagesCanBeLoaded.824.xml</file>
      <name>hudson.model.ViewTest.testAllImagesCanBeLoaded</name>
      <stdout>=== Starting ViewTest.testAllImagesCanBeLoaded
</stdout>
      <stderr>Dec 11, 2012 11:28:18 AM org.mortbay.log.Slf4jLog info
INFO: jetty-6.1.26
Dec 11, 2012 11:28:18 AM org.mortbay.log.Slf4jLog info
INFO: NO JSP Support for , did not find org.apache.jasper.servlet.JspServlet
Dec 11, 2012 11:28:18 AM org.mortbay.log.Slf4jLog info
INFO: Started SocketConnector@0.0.0.0:59412
Dec 11, 2012 11:28:18 AM jenkins.InitReactorRunner$1 onAttained
INFO: Started initialization
Dec 11, 2012 11:28:18 AM jenkins.InitReactorRunner$1 onAttained
INFO: Listed all plugins
Dec 11, 2012 
...[truncated 993 chars]...
hudson.PluginWrapper stop
INFO: Stopping ant
Dec 11, 2012 11:28:19 AM hudson.PluginWrapper stop
INFO: Stopping javadoc
Dec 11, 2012 11:28:19 AM hudson.PluginWrapper stop
INFO: Stopping subversion
Dec 11, 2012 11:28:19 AM hudson.PluginWrapper stop
INFO: Stopping cvs
Dec 11, 2012 11:28:19 AM hudson.PluginWrapper stop
INFO: Stopping maven-plugin
Dec 11, 2012 11:28:19 AM hudson.PluginWrapper stop
INFO: Stopping translation
Dec 11, 2012 11:28:19 AM hudson.PluginWrapper stop
INFO: Stopping ssh-slaves
</stderr>
      <duration>1.746</duration>
      <timestamp>2012-12-11T11:28:18</timestamp>
      <cases>
        <case>
          <duration>1.746</duration>
          <className>hudson.model.ViewTest</className>
          <testName>testAllImagesCanBeLoaded</testName>
          <skipped>false</skipped>
          <failedSince>0</failedSince>
        </case>
      </cases>
    </suite>
    <suite>
      <file>/home/jenkins/slave/workspace/jenkins_main_trunk/test/target/surefire-reports/hudson.model.ViewTest.testConflictingName.821.xml</file>
      <name>hudson.model.ViewTest.testConflictingName</name>
      <stdout>=== Starting ViewTest.testConflictingName
</stdout>
      <stderr>Dec 11, 2012 11:27:59 AM org.mortbay.log.Slf4jLog info
INFO: jetty-6.1.26
Dec 11, 2012 11:27:59 AM org.mortbay.log.Slf4jLog info
INFO: NO JSP Support for , did not find org.apache.jasper.servlet.JspServlet
Dec 11, 2012 11:27:59 AM org.mortbay.log.Slf4jLog info
INFO: Started SocketConnector@0.0.0.0:52618
Dec 11, 2012 11:27:59 AM jenkins.InitReactorRunner$1 onAttained
INFO: Started initialization
Dec 11, 2012 11:27:59 AM jenkins.InitReactorRunner$1 onAttained
INFO: Listed all plugins
Dec 11, 2012 
...[truncated 15216 chars]...
hudson.PluginWrapper stop
INFO: Stopping ant
Dec 11, 2012 11:28:04 AM hudson.PluginWrapper stop
INFO: Stopping javadoc
Dec 11, 2012 11:28:04 AM hudson.PluginWrapper stop
INFO: Stopping subversion
Dec 11, 2012 11:28:04 AM hudson.PluginWrapper stop
INFO: Stopping cvs
Dec 11, 2012 11:28:04 AM hudson.PluginWrapper stop
INFO: Stopping maven-plugin
Dec 11, 2012 11:28:04 AM hudson.PluginWrapper stop
INFO: Stopping translation
Dec 11, 2012 11:28:04 AM hudson.PluginWrapper stop
INFO: Stopping ssh-slaves
</stderr>
      <duration>5.986</duration>
      <timestamp>2012-12-11T11:27:59</timestamp>
      <cases>
        <case>
          <duration>5.986</duration>
          <className>hudson.model.ViewTest</className>
          <testName>testConflictingName</testName>
          <skipped>false</skipped>
          <failedSince>0</failedSince>
        </case>
      </cases>
    </suite>
    <suite>
      <file>/home/jenkins/slave/workspace/jenkins_main_trunk/test/target/surefire-reports/hudson.model.ViewTest.testDeleteView.823.xml</file>
      <name>hudson.model.ViewTest.testDeleteView</name>
      <stdout>=== Starting ViewTest.testDeleteView
</stdout>
      <stderr>Dec 11, 2012 11:28:12 AM org.mortbay.log.Slf4jLog info
INFO: jetty-6.1.26
Dec 11, 2012 11:28:12 AM org.mortbay.log.Slf4jLog info
INFO: NO JSP Support for , did not find org.apache.jasper.servlet.JspServlet
Dec 11, 2012 11:28:12 AM org.mortbay.log.Slf4jLog info
INFO: Started SocketConnector@0.0.0.0:47288
Dec 11, 2012 11:28:12 AM jenkins.InitReactorRunner$1 onAttained
INFO: Started initialization
Dec 11, 2012 11:28:12 AM jenkins.InitReactorRunner$1 onAttained
INFO: Listed all plugins
Dec 11, 2012 
...[truncated 10913 chars]...
hudson.PluginWrapper stop
INFO: Stopping ant
Dec 11, 2012 11:28:17 AM hudson.PluginWrapper stop
INFO: Stopping javadoc
Dec 11, 2012 11:28:17 AM hudson.PluginWrapper stop
INFO: Stopping subversion
Dec 11, 2012 11:28:17 AM hudson.PluginWrapper stop
INFO: Stopping cvs
Dec 11, 2012 11:28:17 AM hudson.PluginWrapper stop
INFO: Stopping maven-plugin
Dec 11, 2012 11:28:17 AM hudson.PluginWrapper stop
INFO: Stopping translation
Dec 11, 2012 11:28:17 AM hudson.PluginWrapper stop
INFO: Stopping ssh-slaves
</stderr>
      <duration>6.038</duration>
      <timestamp>2012-12-11T11:28:12</timestamp>
      <cases>
        <case>
          <duration>6.038</duration>
          <className>hudson.model.ViewTest</className>
          <testName>testDeleteView</testName>
          <skipped>false</skipped>
          <failedSince>0</failedSince>
        </case>
      </cases>
    </suite>
    <suite>
      <file>/home/jenkins/slave/workspace/jenkins_main_trunk/test/target/surefire-reports/hudson.model.ViewTest.testPersistence.819.xml</file>
      <name>hudson.model.ViewTest.testPersistence</name>
      <stdout>=== Starting ViewTest.testPersistence
hudson.model.View$PropertyList@216b7904
</stdout>
      <stderr>Dec 11, 2012 11:27:54 AM org.mortbay.log.Slf4jLog info
INFO: jetty-6.1.26
Dec 11, 2012 11:27:54 AM org.mortbay.log.Slf4jLog info
INFO: NO JSP Support for , did not find org.apache.jasper.servlet.JspServlet
Dec 11, 2012 11:27:54 AM org.mortbay.log.Slf4jLog info
INFO: Started SocketConnector@0.0.0.0:36968
Dec 11, 2012 11:27:54 AM jenkins.InitReactorRunner$1 onAttained
INFO: Started initialization
Dec 11, 2012 11:27:54 AM jenkins.InitReactorRunner$1 onAttained
INFO: Listed all plugins
Dec 11, 2012 
...[truncated 993 chars]...
hudson.PluginWrapper stop
INFO: Stopping ant
Dec 11, 2012 11:27:55 AM hudson.PluginWrapper stop
INFO: Stopping javadoc
Dec 11, 2012 11:27:55 AM hudson.PluginWrapper stop
INFO: Stopping subversion
Dec 11, 2012 11:27:55 AM hudson.PluginWrapper stop
INFO: Stopping cvs
Dec 11, 2012 11:27:55 AM hudson.PluginWrapper stop
INFO: Stopping maven-plugin
Dec 11, 2012 11:27:55 AM hudson.PluginWrapper stop
INFO: Stopping translation
Dec 11, 2012 11:27:55 AM hudson.PluginWrapper stop
INFO: Stopping ssh-slaves
</stderr>
      <duration>1.333</duration>
      <timestamp>2012-12-11T11:27:54</timestamp>
      <cases>
        <case>
          <duration>1.333</duration>
          <className>hudson.model.ViewTest</className>
          <testName>testPersistence</testName>
          <skipped>false</skipped>
          <failedSince>0</failedSince>
        </case>
      </cases>
    </suite>
    <suite>
      <file>/home/jenkins/slave/workspace/jenkins_main_trunk/test/target/surefire-reports/hudson.model.ViewTest.testPrivateView.822.xml</file>
      <name>hudson.model.ViewTest.testPrivateView</name>
      <stdout>=== Starting ViewTest.testPrivateView
</stdout>
      <stderr>Dec 11, 2012 11:28:05 AM org.mortbay.log.Slf4jLog info
INFO: jetty-6.1.26
Dec 11, 2012 11:28:05 AM org.mortbay.log.Slf4jLog info
INFO: NO JSP Support for , did not find org.apache.jasper.servlet.JspServlet
Dec 11, 2012 11:28:05 AM org.mortbay.log.Slf4jLog info
INFO: Started SocketConnector@0.0.0.0:52247
Dec 11, 2012 11:28:05 AM jenkins.InitReactorRunner$1 onAttained
INFO: Started initialization
Dec 11, 2012 11:28:05 AM jenkins.InitReactorRunner$1 onAttained
INFO: Listed all plugins
Dec 11, 2012 
...[truncated 13393 chars]...
hudson.PluginWrapper stop
INFO: Stopping ant
Dec 11, 2012 11:28:11 AM hudson.PluginWrapper stop
INFO: Stopping javadoc
Dec 11, 2012 11:28:11 AM hudson.PluginWrapper stop
INFO: Stopping subversion
Dec 11, 2012 11:28:11 AM hudson.PluginWrapper stop
INFO: Stopping cvs
Dec 11, 2012 11:28:11 AM hudson.PluginWrapper stop
INFO: Stopping maven-plugin
Dec 11, 2012 11:28:11 AM hudson.PluginWrapper stop
INFO: Stopping translation
Dec 11, 2012 11:28:11 AM hudson.PluginWrapper stop
INFO: Stopping ssh-slaves
</stderr>
      <duration>7.269</duration>
      <timestamp>2012-12-11T11:28:05</timestamp>
      <cases>
        <case>
          <duration>7.269</duration>
          <className>hudson.model.ViewTest</className>
          <testName>testPrivateView</testName>
          <skipped>false</skipped>
          <failedSince>0</failedSince>
        </case>
      </cases>
    </suite>
    <suite>
      <file>/home/jenkins/slave/workspace/jenkins_main_trunk/test/target/surefire-reports/hudson.model.ViewTest.testXHudsonHeader.820.xml</file>
      <name>hudson.model.ViewTest.testXHudsonHeader</name>
      <stdout>=== Starting ViewTest.testXHudsonHeader
</stdout>
      <stderr>Dec 11, 2012 11:27:56 AM org.mortbay.log.Slf4jLog info
INFO: jetty-6.1.26
Dec 11, 2012 11:27:56 AM org.mortbay.log.Slf4jLog info
INFO: NO JSP Support for , did not find org.apache.jasper.servlet.JspServlet
Dec 11, 2012 11:27:56 AM org.mortbay.log.Slf4jLog info
INFO: Started SocketConnector@0.0.0.0:43759
Dec 11, 2012 11:27:56 AM jenkins.InitReactorRunner$1 onAttained
INFO: Started initialization
Dec 11, 2012 11:27:56 AM jenkins.InitReactorRunner$1 onAttained
INFO: Listed all plugins
Dec 11, 2012 
...[truncated 3473 chars]...
hudson.PluginWrapper stop
INFO: Stopping ant
Dec 11, 2012 11:27:58 AM hudson.PluginWrapper stop
INFO: Stopping javadoc
Dec 11, 2012 11:27:58 AM hudson.PluginWrapper stop
INFO: Stopping subversion
Dec 11, 2012 11:27:58 AM hudson.PluginWrapper stop
INFO: Stopping cvs
Dec 11, 2012 11:27:58 AM hudson.PluginWrapper stop
INFO: Stopping maven-plugin
Dec 11, 2012 11:27:58 AM hudson.PluginWrapper stop
INFO: Stopping translation
Dec 11, 2012 11:27:58 AM hudson.PluginWrapper stop
INFO: Stopping ssh-slaves
</stderr>
      <duration>2.937</duration>
      <timestamp>2012-12-11T11:27:56</timestamp>
      <cases>
        <case>
          <duration>2.937</duration>
          <className>hudson.model.ViewTest</className>
          <testName>testXHudsonHeader</testName>
          <skipped>false</skipped>
          <failedSince>0</failedSince>
        </case>
      </cases>
    </suite>
    <suite>
      <file>/home/jenkins/slave/workspace/jenkins_main_trunk/test/target/surefire-reports/hudson.model.labels.LabelAtomPropertyTest.testConfigRoundtrip.825.xml</file>
      <name>hudson.model.labels.LabelAtomPropertyTest.testConfigRoundtrip</name>
      <stdout>=== Starting LabelAtomPropertyTest.testConfigRoundtrip
</stdout>
      <stderr>Dec 11, 2012 11:28:20 AM org.mortbay.log.Slf4jLog info
INFO: jetty-6.1.26
Dec 11, 2012 11:28:20 AM org.mortbay.log.Slf4jLog info
INFO: NO JSP Support for , did not find org.apache.jasper.servlet.JspServlet
Dec 11, 2012 11:28:20 AM org.mortbay.log.Slf4jLog info
INFO: Started SocketConnector@0.0.0.0:54667
Dec 11, 2012 11:28:20 AM jenkins.InitReactorRunner$1 onAttained
INFO: Started initialization
Dec 11, 2012 11:28:20 AM jenkins.InitReactorRunner$1 onAttained
INFO: Listed all plugins
Dec 11, 2012 
...[truncated 5953 chars]...
hudson.PluginWrapper stop
INFO: Stopping ant
Dec 11, 2012 11:28:24 AM hudson.PluginWrapper stop
INFO: Stopping javadoc
Dec 11, 2012 11:28:24 AM hudson.PluginWrapper stop
INFO: Stopping subversion
Dec 11, 2012 11:28:24 AM hudson.PluginWrapper stop
INFO: Stopping cvs
Dec 11, 2012 11:28:24 AM hudson.PluginWrapper stop
INFO: Stopping maven-plugin
Dec 11, 2012 11:28:24 AM hudson.PluginWrapper stop
INFO: Stopping translation
Dec 11, 2012 11:28:24 AM hudson.PluginWrapper stop
INFO: Stopping ssh-slaves
</stderr>
      <duration>4.567</duration>
      <timestamp>2012-12-11T11:28:20</timestamp>
      <cases>
        <case>
          <duration>4.567</duration>
          <className>hudson.model.labels.LabelAtomPropertyTest</className>
          <testName>testConfigRoundtrip</testName>
          <skipped>false</skipped>
          <failedSince>0</failedSince>
        </case>
      </cases>
    </suite>
    <suite>
      <file>/home/jenkins/slave/workspace/jenkins_main_trunk/test/target/surefire-reports/hudson.model.labels.LabelExpressionTest.testComposite.836.xml</file>
      <name>hudson.model.labels.LabelExpressionTest.testComposite</name>
      <stdout>=== Starting LabelExpressionTest.testComposite
</stdout>
      <stderr>Dec 11, 2012 11:28:49 AM org.mortbay.log.Slf4jLog info
INFO: jetty-6.1.26
Dec 11, 2012 11:28:49 AM org.mortbay.log.Slf4jLog info
INFO: NO JSP Support for , did not find org.apache.jasper.servlet.JspServlet
Dec 11, 2012 11:28:49 AM org.mortbay.log.Slf4jLog info
INFO: Started SocketConnector@0.0.0.0:48347
Dec 11, 2012 11:28:49 AM jenkins.InitReactorRunner$1 onAttained
INFO: Started initialization
Dec 11, 2012 11:28:49 AM jenkins.InitReactorRunner$1 onAttained
INFO: Listed all plugins
Dec 11, 2012 
...[truncated 993 chars]...
hudson.PluginWrapper stop
INFO: Stopping ant
Dec 11, 2012 11:28:51 AM hudson.PluginWrapper stop
INFO: Stopping javadoc
Dec 11, 2012 11:28:51 AM hudson.PluginWrapper stop
INFO: Stopping subversion
Dec 11, 2012 11:28:51 AM hudson.PluginWrapper stop
INFO: Stopping cvs
Dec 11, 2012 11:28:51 AM hudson.PluginWrapper stop
INFO: Stopping maven-plugin
Dec 11, 2012 11:28:51 AM hudson.PluginWrapper stop
INFO: Stopping translation
Dec 11, 2012 11:28:51 AM hudson.PluginWrapper stop
INFO: Stopping ssh-slaves
</stderr>
      <duration>2.018</duration>
      <timestamp>2012-12-11T11:28:49</timestamp>
      <cases>
        <case>
          <duration>2.018</duration>
          <className>hudson.model.labels.LabelExpressionTest</className>
          <testName>testComposite</testName>
          <skipped>false</skipped>
          <failedSince>0</failedSince>
        </case>
      </cases>
    </suite>
    <suite>
      <file>/home/jenkins/slave/workspace/jenkins_main_trunk/test/target/surefire-reports/hudson.model.labels.LabelExpressionTest.testDash.837.xml</file>
      <name>hudson.model.labels.LabelExpressionTest.testDash</name>
      <stdout>=== Starting LabelExpressionTest.testDash
</stdout>
      <stderr>Dec 11, 2012 11:28:51 AM org.mortbay.log.Slf4jLog info
INFO: jetty-6.1.26
Dec 11, 2012 11:28:51 AM org.mortbay.log.Slf4jLog info
INFO: NO JSP Support for , did not find org.apache.jasper.servlet.JspServlet
Dec 11, 2012 11:28:51 AM org.mortbay.log.Slf4jLog info
INFO: Started SocketConnector@0.0.0.0:59580
Dec 11, 2012 11:28:51 AM jenkins.InitReactorRunner$1 onAttained
INFO: Started initialization
Dec 11, 2012 11:28:51 AM jenkins.InitReactorRunner$1 onAttained
INFO: Listed all plugins
Dec 11, 2012 
...[truncated 993 chars]...
hudson.PluginWrapper stop
INFO: Stopping ant
Dec 11, 2012 11:28:52 AM hudson.PluginWrapper stop
INFO: Stopping javadoc
Dec 11, 2012 11:28:52 AM hudson.PluginWrapper stop
INFO: Stopping subversion
Dec 11, 2012 11:28:52 AM hudson.PluginWrapper stop
INFO: Stopping cvs
Dec 11, 2012 11:28:52 AM hudson.PluginWrapper stop
INFO: Stopping maven-plugin
Dec 11, 2012 11:28:52 AM hudson.PluginWrapper stop
INFO: Stopping translation
Dec 11, 2012 11:28:52 AM hudson.PluginWrapper stop
INFO: Stopping ssh-slaves
</stderr>
      <duration>1.769</duration>
      <timestamp>2012-12-11T11:28:51</timestamp>
      <cases>
        <case>
          <duration>1.769</duration>
          <className>hudson.model.labels.LabelExpressionTest</className>
          <testName>testDash</testName>
          <skipped>false</skipped>
          <failedSince>0</failedSince>
        </case>
      </cases>
    </suite>
    <suite>
      <file>/home/jenkins/slave/workspace/jenkins_main_trunk/test/target/surefire-reports/hudson.model.labels.LabelExpressionTest.testFormValidation.826.xml</file>
      <name>hudson.model.labels.LabelExpressionTest.testFormValidation</name>
      <stdout>=== Starting LabelExpressionTest.testFormValidation
</stdout>
      <stderr>Dec 11, 2012 11:28:24 AM org.mortbay.log.Slf4jLog info
INFO: jetty-6.1.26
Dec 11, 2012 11:28:24 AM org.mortbay.log.Slf4jLog info
INFO: NO JSP Support for , did not find org.apache.jasper.servlet.JspServlet
Dec 11, 2012 11:28:24 AM org.mortbay.log.Slf4jLog info
INFO: Started SocketConnector@0.0.0.0:60291
Dec 11, 2012 11:28:24 AM jenkins.InitReactorRunner$1 onAttained
INFO: Started initialization
Dec 11, 2012 11:28:24 AM jenkins.InitReactorRunner$1 onAttained
INFO: Listed all plugins
Dec 11, 2012 
...[truncated 993 chars]...
hudson.PluginWrapper stop
INFO: Stopping ant
Dec 11, 2012 11:28:26 AM hudson.PluginWrapper stop
INFO: Stopping javadoc
Dec 11, 2012 11:28:26 AM hudson.PluginWrapper stop
INFO: Stopping subversion
Dec 11, 2012 11:28:26 AM hudson.PluginWrapper stop
INFO: Stopping cvs
Dec 11, 2012 11:28:26 AM hudson.PluginWrapper stop
INFO: Stopping maven-plugin
Dec 11, 2012 11:28:26 AM hudson.PluginWrapper stop
INFO: Stopping translation
Dec 11, 2012 11:28:26 AM hudson.PluginWrapper stop
INFO: Stopping ssh-slaves
</stderr>
      <duration>1.804</duration>
      <timestamp>2012-12-11T11:28:24</timestamp>
      <cases>
        <case>
          <duration>1.804</duration>
          <className>hudson.model.labels.LabelExpressionTest</className>
          <testName>testFormValidation</testName>
          <skipped>false</skipped>
          <failedSince>0</failedSince>
        </case>
      </cases>
    </suite>
    <suite>
      <file>/home/jenkins/slave/workspace/jenkins_main_trunk/test/target/surefire-reports/hudson.model.labels.LabelExpressionTest.testLaxParsing.833.xml</file>
      <name>hudson.model.labels.LabelExpressionTest.testLaxParsing</name>
      <stdout>=== Starting LabelExpressionTest.testLaxParsing
</stdout>
      <stderr>Dec 11, 2012 11:28:44 AM org.mortbay.log.Slf4jLog info
INFO: jetty-6.1.26
Dec 11, 2012 11:28:44 AM org.mortbay.log.Slf4jLog info
INFO: NO JSP Support for , did not find org.apache.jasper.servlet.JspServlet
Dec 11, 2012 11:28:44 AM org.mortbay.log.Slf4jLog info
INFO: Started SocketConnector@0.0.0.0:47395
Dec 11, 2012 11:28:44 AM jenkins.InitReactorRunner$1 onAttained
INFO: Started initialization
Dec 11, 2012 11:28:44 AM jenkins.InitReactorRunner$1 onAttained
INFO: Listed all plugins
Dec 11, 2012 
...[truncated 993 chars]...
hudson.PluginWrapper stop
INFO: Stopping ant
Dec 11, 2012 11:28:45 AM hudson.PluginWrapper stop
INFO: Stopping javadoc
Dec 11, 2012 11:28:45 AM hudson.PluginWrapper stop
INFO: Stopping subversion
Dec 11, 2012 11:28:45 AM hudson.PluginWrapper stop
INFO: Stopping cvs
Dec 11, 2012 11:28:45 AM hudson.PluginWrapper stop
INFO: Stopping maven-plugin
Dec 11, 2012 11:28:45 AM hudson.PluginWrapper stop
INFO: Stopping translation
Dec 11, 2012 11:28:45 AM hudson.PluginWrapper stop
INFO: Stopping ssh-slaves
</stderr>
      <duration>1.295</duration>
      <timestamp>2012-12-11T11:28:44</timestamp>
      <cases>
        <case>
          <duration>1.295</duration>
          <className>hudson.model.labels.LabelExpressionTest</className>
          <testName>testLaxParsing</testName>
          <skipped>false</skipped>
          <failedSince>0</failedSince>
        </case>
      </cases>
    </suite>
    <suite>
      <file>/home/jenkins/slave/workspace/jenkins_main_trunk/test/target/surefire-reports/hudson.model.labels.LabelExpressionTest.testParser.830.xml</file>
      <name>hudson.model.labels.LabelExpressionTest.testParser</name>
      <stdout>=== Starting LabelExpressionTest.testParser
</stdout>
      <stderr>Dec 11, 2012 11:28:37 AM org.mortbay.log.Slf4jLog info
INFO: jetty-6.1.26
Dec 11, 2012 11:28:37 AM org.mortbay.log.Slf4jLog info
INFO: NO JSP Support for , did not find org.apache.jasper.servlet.JspServlet
Dec 11, 2012 11:28:37 AM org.mortbay.log.Slf4jLog info
INFO: Started SocketConnector@0.0.0.0:33833
Dec 11, 2012 11:28:37 AM jenkins.InitReactorRunner$1 onAttained
INFO: Started initialization
Dec 11, 2012 11:28:37 AM jenkins.InitReactorRunner$1 onAttained
INFO: Listed all plugins
Dec 11, 2012 
...[truncated 993 chars]...
hudson.PluginWrapper stop
INFO: Stopping ant
Dec 11, 2012 11:28:39 AM hudson.PluginWrapper stop
INFO: Stopping javadoc
Dec 11, 2012 11:28:39 AM hudson.PluginWrapper stop
INFO: Stopping subversion
Dec 11, 2012 11:28:39 AM hudson.PluginWrapper stop
INFO: Stopping cvs
Dec 11, 2012 11:28:39 AM hudson.PluginWrapper stop
INFO: Stopping maven-plugin
Dec 11, 2012 11:28:39 AM hudson.PluginWrapper stop
INFO: Stopping translation
Dec 11, 2012 11:28:39 AM hudson.PluginWrapper stop
INFO: Stopping ssh-slaves
</stderr>
      <duration>2.288</duration>
      <timestamp>2012-12-11T11:28:37</timestamp>
      <cases>
        <case>
          <duration>2.288</duration>
          <className>hudson.model.labels.LabelExpressionTest</className>
          <testName>testParser</testName>
          <skipped>false</skipped>
          <failedSince>0</failedSince>
        </case>
      </cases>
    </suite>
    <suite>
      <file>/home/jenkins/slave/workspace/jenkins_main_trunk/test/target/surefire-reports/hudson.model.labels.LabelExpressionTest.testParser2.831.xml</file>
      <name>hudson.model.labels.LabelExpressionTest.testParser2</name>
      <stdout>=== Starting LabelExpressionTest.testParser2
</stdout>
      <stderr>Dec 11, 2012 11:28:40 AM org.mortbay.log.Slf4jLog info
INFO: jetty-6.1.26
Dec 11, 2012 11:28:40 AM org.mortbay.log.Slf4jLog info
INFO: NO JSP Support for , did not find org.apache.jasper.servlet.JspServlet
Dec 11, 2012 11:28:40 AM org.mortbay.log.Slf4jLog info
INFO: Started SocketConnector@0.0.0.0:48938
Dec 11, 2012 11:28:40 AM jenkins.InitReactorRunner$1 onAttained
INFO: Started initialization
Dec 11, 2012 11:28:40 AM jenkins.InitReactorRunner$1 onAttained
INFO: Listed all plugins
Dec 11, 2012 
...[truncated 993 chars]...
hudson.PluginWrapper stop
INFO: Stopping ant
Dec 11, 2012 11:28:41 AM hudson.PluginWrapper stop
INFO: Stopping javadoc
Dec 11, 2012 11:28:41 AM hudson.PluginWrapper stop
INFO: Stopping subversion
Dec 11, 2012 11:28:41 AM hudson.PluginWrapper stop
INFO: Stopping cvs
Dec 11, 2012 11:28:41 AM hudson.PluginWrapper stop
INFO: Stopping maven-plugin
Dec 11, 2012 11:28:41 AM hudson.PluginWrapper stop
INFO: Stopping translation
Dec 11, 2012 11:28:41 AM hudson.PluginWrapper stop
INFO: Stopping ssh-slaves
</stderr>
      <duration>2.495</duration>
      <timestamp>2012-12-11T11:28:40</timestamp>
      <cases>
        <case>
          <duration>2.495</duration>
          <className>hudson.model.labels.LabelExpressionTest</className>
          <testName>testParser2</testName>
          <skipped>false</skipped>
          <failedSince>0</failedSince>
        </case>
      </cases>
    </suite>
    <suite>
      <file>/home/jenkins/slave/workspace/jenkins_main_trunk/test/target/surefire-reports/hudson.model.labels.LabelExpressionTest.testParserError.832.xml</file>
      <name>hudson.model.labels.LabelExpressionTest.testParserError</name>
      <stdout>=== Starting LabelExpressionTest.testParserError
</stdout>
      <stderr>Dec 11, 2012 11:28:42 AM org.mortbay.log.Slf4jLog info
INFO: jetty-6.1.26
Dec 11, 2012 11:28:42 AM org.mortbay.log.Slf4jLog info
INFO: NO JSP Support for , did not find org.apache.jasper.servlet.JspServlet
Dec 11, 2012 11:28:42 AM org.mortbay.log.Slf4jLog info
INFO: Started SocketConnector@0.0.0.0:58475
Dec 11, 2012 11:28:42 AM jenkins.InitReactorRunner$1 onAttained
INFO: Started initialization
Dec 11, 2012 11:28:42 AM jenkins.InitReactorRunner$1 onAttained
INFO: Listed all plugins
Dec 11, 2012 
...[truncated 993 chars]...
hudson.PluginWrapper stop
INFO: Stopping ant
Dec 11, 2012 11:28:44 AM hudson.PluginWrapper stop
INFO: Stopping javadoc
Dec 11, 2012 11:28:44 AM hudson.PluginWrapper stop
INFO: Stopping subversion
Dec 11, 2012 11:28:44 AM hudson.PluginWrapper stop
INFO: Stopping cvs
Dec 11, 2012 11:28:44 AM hudson.PluginWrapper stop
INFO: Stopping maven-plugin
Dec 11, 2012 11:28:44 AM hudson.PluginWrapper stop
INFO: Stopping translation
Dec 11, 2012 11:28:44 AM hudson.PluginWrapper stop
INFO: Stopping ssh-slaves
</stderr>
      <duration>2.031</duration>
      <timestamp>2012-12-11T11:28:42</timestamp>
      <cases>
        <case>
          <duration>2.031</duration>
          <className>hudson.model.labels.LabelExpressionTest</className>
          <testName>testParserError</testName>
          <skipped>false</skipped>
          <failedSince>0</failedSince>
        </case>
      </cases>
    </suite>
    <suite>
      <file>/home/jenkins/slave/workspace/jenkins_main_trunk/test/target/surefire-reports/hudson.model.labels.LabelExpressionTest.testQueueBehavior.827.xml</file>
      <name>hudson.model.labels.LabelExpressionTest.testQueueBehavior</name>
      <stdout>=== Starting LabelExpressionTest.testQueueBehavior
</stdout>
      <stderr>Dec 11, 2012 11:28:26 AM org.mortbay.log.Slf4jLog info
INFO: jetty-6.1.26
Dec 11, 2012 11:28:26 AM org.mortbay.log.Slf4jLog info
INFO: NO JSP Support for , did not find org.apache.jasper.servlet.JspServlet
Dec 11, 2012 11:28:26 AM org.mortbay.log.Slf4jLog info
INFO: Started SocketConnector@0.0.0.0:45939
Dec 11, 2012 11:28:26 AM jenkins.InitReactorRunner$1 onAttained
INFO: Started initialization
Dec 11, 2012 11:28:26 AM jenkins.InitReactorRunner$1 onAttained
INFO: Listed all plugins
Dec 11, 2012 
...[truncated 1599 chars]...
hudson.PluginWrapper stop
INFO: Stopping ant
Dec 11, 2012 11:28:30 AM hudson.PluginWrapper stop
INFO: Stopping javadoc
Dec 11, 2012 11:28:30 AM hudson.PluginWrapper stop
INFO: Stopping subversion
Dec 11, 2012 11:28:30 AM hudson.PluginWrapper stop
INFO: Stopping cvs
Dec 11, 2012 11:28:30 AM hudson.PluginWrapper stop
INFO: Stopping maven-plugin
Dec 11, 2012 11:28:30 AM hudson.PluginWrapper stop
INFO: Stopping translation
Dec 11, 2012 11:28:30 AM hudson.PluginWrapper stop
INFO: Stopping ssh-slaves
</stderr>
      <duration>4.671</duration>
      <timestamp>2012-12-11T11:28:26</timestamp>
      <cases>
        <case>
          <duration>4.671</duration>
          <className>hudson.model.labels.LabelExpressionTest</className>
          <testName>testQueueBehavior</testName>
          <skipped>false</skipped>
          <failedSince>0</failedSince>
        </case>
      </cases>
    </suite>
    <suite>
      <file>/home/jenkins/slave/workspace/jenkins_main_trunk/test/target/surefire-reports/hudson.model.labels.LabelExpressionTest.testQueueBehavior2.828.xml</file>
      <name>hudson.model.labels.LabelExpressionTest.testQueueBehavior2</name>
      <stdout>=== Starting LabelExpressionTest.testQueueBehavior2
</stdout>
      <stderr>Dec 11, 2012 11:28:31 AM org.mortbay.log.Slf4jLog info
INFO: jetty-6.1.26
Dec 11, 2012 11:28:31 AM org.mortbay.log.Slf4jLog info
INFO: NO JSP Support for , did not find org.apache.jasper.servlet.JspServlet
Dec 11, 2012 11:28:31 AM org.mortbay.log.Slf4jLog info
INFO: Started SocketConnector@0.0.0.0:44206
Dec 11, 2012 11:28:31 AM jenkins.InitReactorRunner$1 onAttained
INFO: Started initialization
Dec 11, 2012 11:28:31 AM jenkins.InitReactorRunner$1 onAttained
INFO: Listed all plugins
Dec 11, 2012 
...[truncated 1399 chars]...
hudson.PluginWrapper stop
INFO: Stopping ant
Dec 11, 2012 11:28:35 AM hudson.PluginWrapper stop
INFO: Stopping javadoc
Dec 11, 2012 11:28:35 AM hudson.PluginWrapper stop
INFO: Stopping subversion
Dec 11, 2012 11:28:35 AM hudson.PluginWrapper stop
INFO: Stopping cvs
Dec 11, 2012 11:28:35 AM hudson.PluginWrapper stop
INFO: Stopping maven-plugin
Dec 11, 2012 11:28:35 AM hudson.PluginWrapper stop
INFO: Stopping translation
Dec 11, 2012 11:28:35 AM hudson.PluginWrapper stop
INFO: Stopping ssh-slaves
</stderr>
      <duration>4.713</duration>
      <timestamp>2012-12-11T11:28:31</timestamp>
      <cases>
        <case>
          <duration>4.713</duration>
          <className>hudson.model.labels.LabelExpressionTest</className>
          <testName>testQueueBehavior2</testName>
          <skipped>false</skipped>
          <failedSince>0</failedSince>
        </case>
      </cases>
    </suite>
    <suite>
      <file>/home/jenkins/slave/workspace/jenkins_main_trunk/test/target/surefire-reports/hudson.model.labels.LabelExpressionTest.testQuote.835.xml</file>
      <name>hudson.model.labels.LabelExpressionTest.testQuote</name>
      <stdout>=== Starting LabelExpressionTest.testQuote
</stdout>
      <stderr>Dec 11, 2012 11:28:47 AM org.mortbay.log.Slf4jLog info
INFO: jetty-6.1.26
Dec 11, 2012 11:28:47 AM org.mortbay.log.Slf4jLog info
INFO: NO JSP Support for , did not find org.apache.jasper.servlet.JspServlet
Dec 11, 2012 11:28:47 AM org.mortbay.log.Slf4jLog info
INFO: Started SocketConnector@0.0.0.0:35568
Dec 11, 2012 11:28:47 AM jenkins.InitReactorRunner$1 onAttained
INFO: Started initialization
Dec 11, 2012 11:28:47 AM jenkins.InitReactorRunner$1 onAttained
INFO: Listed all plugins
Dec 11, 2012 
...[truncated 993 chars]...
hudson.PluginWrapper stop
INFO: Stopping ant
Dec 11, 2012 11:28:49 AM hudson.PluginWrapper stop
INFO: Stopping javadoc
Dec 11, 2012 11:28:49 AM hudson.PluginWrapper stop
INFO: Stopping subversion
Dec 11, 2012 11:28:49 AM hudson.PluginWrapper stop
INFO: Stopping cvs
Dec 11, 2012 11:28:49 AM hudson.PluginWrapper stop
INFO: Stopping maven-plugin
Dec 11, 2012 11:28:49 AM hudson.PluginWrapper stop
INFO: Stopping translation
Dec 11, 2012 11:28:49 AM hudson.PluginWrapper stop
INFO: Stopping ssh-slaves
</stderr>
      <duration>1.857</duration>
      <timestamp>2012-12-11T11:28:47</timestamp>
      <cases>
        <case>
          <duration>1.857</duration>
          <className>hudson.model.labels.LabelExpressionTest</className>
          <testName>testQuote</testName>
          <skipped>false</skipped>
          <failedSince>0</failedSince>
        </case>
      </cases>
    </suite>
    <suite>
      <file>/home/jenkins/slave/workspace/jenkins_main_trunk/test/target/surefire-reports/hudson.model.labels.LabelExpressionTest.testSetLabelString.829.xml</file>
      <name>hudson.model.labels.LabelExpressionTest.testSetLabelString</name>
      <stdout>=== Starting LabelExpressionTest.testSetLabelString
</stdout>
      <stderr>Dec 11, 2012 11:28:36 AM org.mortbay.log.Slf4jLog info
INFO: jetty-6.1.26
Dec 11, 2012 11:28:36 AM org.mortbay.log.Slf4jLog info
INFO: NO JSP Support for , did not find org.apache.jasper.servlet.JspServlet
Dec 11, 2012 11:28:36 AM org.mortbay.log.Slf4jLog info
INFO: Started SocketConnector@0.0.0.0:45283
Dec 11, 2012 11:28:36 AM jenkins.InitReactorRunner$1 onAttained
INFO: Started initialization
Dec 11, 2012 11:28:36 AM jenkins.InitReactorRunner$1 onAttained
INFO: Listed all plugins
Dec 11, 2012 
...[truncated 993 chars]...
hudson.PluginWrapper stop
INFO: Stopping ant
Dec 11, 2012 11:28:37 AM hudson.PluginWrapper stop
INFO: Stopping javadoc
Dec 11, 2012 11:28:37 AM hudson.PluginWrapper stop
INFO: Stopping subversion
Dec 11, 2012 11:28:37 AM hudson.PluginWrapper stop
INFO: Stopping cvs
Dec 11, 2012 11:28:37 AM hudson.PluginWrapper stop
INFO: Stopping maven-plugin
Dec 11, 2012 11:28:37 AM hudson.PluginWrapper stop
INFO: Stopping translation
Dec 11, 2012 11:28:37 AM hudson.PluginWrapper stop
INFO: Stopping ssh-slaves
</stderr>
      <duration>1.712</duration>
      <timestamp>2012-12-11T11:28:36</timestamp>
      <cases>
        <case>
          <duration>1.712</duration>
          <className>hudson.model.labels.LabelExpressionTest</className>
          <testName>testSetLabelString</testName>
          <skipped>false</skipped>
          <failedSince>0</failedSince>
        </case>
      </cases>
    </suite>
    <suite>
      <file>/home/jenkins/slave/workspace/jenkins_main_trunk/test/target/surefire-reports/hudson.model.listeners.ItemListenerTest.testOnCreatedViaCLI.838.xml</file>
      <name>hudson.model.listeners.ItemListenerTest.testOnCreatedViaCLI</name>
      <stdout>=== Starting ItemListenerTest.testOnCreatedViaCLI
</stdout>
      <stderr>Dec 11, 2012 11:28:53 AM org.mortbay.log.Slf4jLog info
INFO: jetty-6.1.26
Dec 11, 2012 11:28:53 AM org.mortbay.log.Slf4jLog info
INFO: NO JSP Support for , did not find org.apache.jasper.servlet.JspServlet
Dec 11, 2012 11:28:53 AM org.mortbay.log.Slf4jLog info
INFO: Started SocketConnector@0.0.0.0:40586
Dec 11, 2012 11:28:53 AM jenkins.InitReactorRunner$1 onAttained
INFO: Started initialization
Dec 11, 2012 11:28:53 AM jenkins.InitReactorRunner$1 onAttained
INFO: Listed all plugins
Dec 11, 2012 
...[truncated 1120 chars]...
hudson.PluginWrapper stop
INFO: Stopping ant
Dec 11, 2012 11:28:55 AM hudson.PluginWrapper stop
INFO: Stopping javadoc
Dec 11, 2012 11:28:55 AM hudson.PluginWrapper stop
INFO: Stopping subversion
Dec 11, 2012 11:28:55 AM hudson.PluginWrapper stop
INFO: Stopping cvs
Dec 11, 2012 11:28:55 AM hudson.PluginWrapper stop
INFO: Stopping maven-plugin
Dec 11, 2012 11:28:55 AM hudson.PluginWrapper stop
INFO: Stopping translation
Dec 11, 2012 11:28:55 AM hudson.PluginWrapper stop
INFO: Stopping ssh-slaves
</stderr>
      <duration>2.901</duration>
      <timestamp>2012-12-11T11:28:53</timestamp>
      <cases>
        <case>
          <duration>2.901</duration>
          <className>hudson.model.listeners.ItemListenerTest</className>
          <testName>testOnCreatedViaCLI</testName>
          <skipped>false</skipped>
          <failedSince>0</failedSince>
        </case>
      </cases>
    </suite>
    <suite>
      <file>/home/jenkins/slave/workspace/jenkins_main_trunk/test/target/surefire-reports/hudson.model.queue.LoadPredictorTest.test1.839.xml</file>
      <name>hudson.model.queue.LoadPredictorTest.test1</name>
      <stdout>=== Starting LoadPredictorTest.test1
</stdout>
      <stderr>Dec 11, 2012 11:28:56 AM org.mortbay.log.Slf4jLog info
INFO: jetty-6.1.26
Dec 11, 2012 11:28:56 AM org.mortbay.log.Slf4jLog info
INFO: NO JSP Support for , did not find org.apache.jasper.servlet.JspServlet
Dec 11, 2012 11:28:56 AM org.mortbay.log.Slf4jLog info
INFO: Started SocketConnector@0.0.0.0:58265
Dec 11, 2012 11:28:56 AM jenkins.InitReactorRunner$1 onAttained
INFO: Started initialization
Dec 11, 2012 11:28:56 AM jenkins.InitReactorRunner$1 onAttained
INFO: Listed all plugins
Dec 11, 2012 
...[truncated 993 chars]...
hudson.PluginWrapper stop
INFO: Stopping ant
Dec 11, 2012 11:28:57 AM hudson.PluginWrapper stop
INFO: Stopping javadoc
Dec 11, 2012 11:28:57 AM hudson.PluginWrapper stop
INFO: Stopping subversion
Dec 11, 2012 11:28:57 AM hudson.PluginWrapper stop
INFO: Stopping cvs
Dec 11, 2012 11:28:57 AM hudson.PluginWrapper stop
INFO: Stopping maven-plugin
Dec 11, 2012 11:28:57 AM hudson.PluginWrapper stop
INFO: Stopping translation
Dec 11, 2012 11:28:57 AM hudson.PluginWrapper stop
INFO: Stopping ssh-slaves
</stderr>
      <duration>2.005</duration>
      <timestamp>2012-12-11T11:28:56</timestamp>
      <cases>
        <case>
          <duration>2.005</duration>
          <className>hudson.model.queue.LoadPredictorTest</className>
          <testName>test1</testName>
          <skipped>false</skipped>
          <failedSince>0</failedSince>
        </case>
      </cases>
    </suite>
    <suite>
      <file>/home/jenkins/slave/workspace/jenkins_main_trunk/test/target/surefire-reports/hudson.model.queue.LoadPredictorTest.test2.840.xml</file>
      <name>hudson.model.queue.LoadPredictorTest.test2</name>
      <stdout>=== Starting LoadPredictorTest.test2
</stdout>
      <stderr>Dec 11, 2012 11:28:58 AM org.mortbay.log.Slf4jLog info
INFO: jetty-6.1.26
Dec 11, 2012 11:28:58 AM org.mortbay.log.Slf4jLog info
INFO: NO JSP Support for , did not find org.apache.jasper.servlet.JspServlet
Dec 11, 2012 11:28:58 AM org.mortbay.log.Slf4jLog info
INFO: Started SocketConnector@0.0.0.0:60537
Dec 11, 2012 11:28:58 AM jenkins.InitReactorRunner$1 onAttained
INFO: Started initialization
Dec 11, 2012 11:28:58 AM jenkins.InitReactorRunner$1 onAttained
INFO: Listed all plugins
Dec 11, 2012 
...[truncated 993 chars]...
hudson.PluginWrapper stop
INFO: Stopping ant
Dec 11, 2012 11:29:00 AM hudson.PluginWrapper stop
INFO: Stopping javadoc
Dec 11, 2012 11:29:00 AM hudson.PluginWrapper stop
INFO: Stopping subversion
Dec 11, 2012 11:29:00 AM hudson.PluginWrapper stop
INFO: Stopping cvs
Dec 11, 2012 11:29:00 AM hudson.PluginWrapper stop
INFO: Stopping maven-plugin
Dec 11, 2012 11:29:00 AM hudson.PluginWrapper stop
INFO: Stopping translation
Dec 11, 2012 11:29:00 AM hudson.PluginWrapper stop
INFO: Stopping ssh-slaves
</stderr>
      <duration>2.735</duration>
      <timestamp>2012-12-11T11:28:58</timestamp>
      <cases>
        <case>
          <duration>2.735</duration>
          <className>hudson.model.queue.LoadPredictorTest</className>
          <testName>test2</testName>
          <skipped>false</skipped>
          <failedSince>0</failedSince>
        </case>
      </cases>
    </suite>
    <suite>
      <file>/home/jenkins/slave/workspace/jenkins_main_trunk/test/target/surefire-reports/hudson.model.queue.WideExecutionTest.testRun.842.xml</file>
      <name>hudson.model.queue.WideExecutionTest.testRun</name>
      <stdout>=== Starting WideExecutionTest.testRun
</stdout>
      <stderr>Dec 11, 2012 11:29:08 AM org.mortbay.log.Slf4jLog info
INFO: jetty-6.1.26
Dec 11, 2012 11:29:08 AM org.mortbay.log.Slf4jLog info
INFO: NO JSP Support for , did not find org.apache.jasper.servlet.JspServlet
Dec 11, 2012 11:29:08 AM org.mortbay.log.Slf4jLog info
INFO: Started SocketConnector@0.0.0.0:49614
Dec 11, 2012 11:29:08 AM jenkins.InitReactorRunner$1 onAttained
INFO: Started initialization
Dec 11, 2012 11:29:08 AM jenkins.InitReactorRunner$1 onAttained
INFO: Listed all plugins
Dec 11, 2012 
...[truncated 1095 chars]...
hudson.PluginWrapper stop
INFO: Stopping ant
Dec 11, 2012 11:29:09 AM hudson.PluginWrapper stop
INFO: Stopping javadoc
Dec 11, 2012 11:29:09 AM hudson.PluginWrapper stop
INFO: Stopping subversion
Dec 11, 2012 11:29:09 AM hudson.PluginWrapper stop
INFO: Stopping cvs
Dec 11, 2012 11:29:09 AM hudson.PluginWrapper stop
INFO: Stopping maven-plugin
Dec 11, 2012 11:29:09 AM hudson.PluginWrapper stop
INFO: Stopping translation
Dec 11, 2012 11:29:09 AM hudson.PluginWrapper stop
INFO: Stopping ssh-slaves
</stderr>
      <duration>1.466</duration>
      <timestamp>2012-12-11T11:29:08</timestamp>
      <cases>
        <case>
          <duration>1.466</duration>
          <className>hudson.model.queue.WideExecutionTest</className>
          <testName>testRun</testName>
          <skipped>false</skipped>
          <failedSince>0</failedSince>
        </case>
      </cases>
    </suite>
    <suite>
      <file>/home/jenkins/slave/workspace/jenkins_main_trunk/test/target/surefire-reports/hudson.node_monitors.DiskSpaceMonitorDescriptorTest.testParse.844.xml</file>
      <name>hudson.node_monitors.DiskSpaceMonitorDescriptorTest.testParse</name>
      <stdout>=== Starting DiskSpaceMonitorDescriptorTest.testParse
</stdout>
      <stderr>Dec 11, 2012 11:29:12 AM org.mortbay.log.Slf4jLog info
INFO: jetty-6.1.26
Dec 11, 2012 11:29:12 AM org.mortbay.log.Slf4jLog info
INFO: NO JSP Support for , did not find org.apache.jasper.servlet.JspServlet
Dec 11, 2012 11:29:12 AM org.mortbay.log.Slf4jLog info
INFO: Started SocketConnector@0.0.0.0:57937
Dec 11, 2012 11:29:12 AM jenkins.InitReactorRunner$1 onAttained
INFO: Started initialization
Dec 11, 2012 11:29:12 AM jenkins.InitReactorRunner$1 onAttained
INFO: Listed all plugins
Dec 11, 2012 
...[truncated 993 chars]...
hudson.PluginWrapper stop
INFO: Stopping ant
Dec 11, 2012 11:29:13 AM hudson.PluginWrapper stop
INFO: Stopping javadoc
Dec 11, 2012 11:29:13 AM hudson.PluginWrapper stop
INFO: Stopping subversion
Dec 11, 2012 11:29:13 AM hudson.PluginWrapper stop
INFO: Stopping cvs
Dec 11, 2012 11:29:13 AM hudson.PluginWrapper stop
INFO: Stopping maven-plugin
Dec 11, 2012 11:29:13 AM hudson.PluginWrapper stop
INFO: Stopping translation
Dec 11, 2012 11:29:13 AM hudson.PluginWrapper stop
INFO: Stopping ssh-slaves
</stderr>
      <duration>1.316</duration>
      <timestamp>2012-12-11T11:29:12</timestamp>
      <cases>
        <case>
          <duration>1.316</duration>
          <className>hudson.node_monitors.DiskSpaceMonitorDescriptorTest</className>
          <testName>testParse</testName>
          <skipped>false</skipped>
          <failedSince>0</failedSince>
        </case>
      </cases>
    </suite>
    <suite>
      <file>/home/jenkins/slave/workspace/jenkins_main_trunk/test/target/surefire-reports/hudson.scm.ScmTest.testAbortDuringCheckoutMarksBuildAsAborted.846.xml</file>
      <name>hudson.scm.ScmTest.testAbortDuringCheckoutMarksBuildAsAborted</name>
      <stdout>=== Starting ScmTest.testAbortDuringCheckoutMarksBuildAsAborted
</stdout>
      <stderr>Dec 11, 2012 11:29:15 AM org.mortbay.log.Slf4jLog info
INFO: jetty-6.1.26
Dec 11, 2012 11:29:15 AM org.mortbay.log.Slf4jLog info
INFO: NO JSP Support for , did not find org.apache.jasper.servlet.JspServlet
Dec 11, 2012 11:29:15 AM org.mortbay.log.Slf4jLog info
INFO: Started SocketConnector@0.0.0.0:42635
Dec 11, 2012 11:29:15 AM jenkins.InitReactorRunner$1 onAttained
INFO: Started initialization
Dec 11, 2012 11:29:15 AM jenkins.InitReactorRunner$1 onAttained
INFO: Listed all plugins
Dec 11, 2012 
...[truncated 1692 chars]...
hudson.PluginWrapper stop
INFO: Stopping ant
Dec 11, 2012 11:29:16 AM hudson.PluginWrapper stop
INFO: Stopping javadoc
Dec 11, 2012 11:29:16 AM hudson.PluginWrapper stop
INFO: Stopping subversion
Dec 11, 2012 11:29:16 AM hudson.PluginWrapper stop
INFO: Stopping cvs
Dec 11, 2012 11:29:16 AM hudson.PluginWrapper stop
INFO: Stopping maven-plugin
Dec 11, 2012 11:29:16 AM hudson.PluginWrapper stop
INFO: Stopping translation
Dec 11, 2012 11:29:16 AM hudson.PluginWrapper stop
INFO: Stopping ssh-slaves
</stderr>
      <duration>1.551</duration>
      <timestamp>2012-12-11T11:29:15</timestamp>
      <cases>
        <case>
          <duration>1.551</duration>
          <className>hudson.scm.ScmTest</className>
          <testName>testAbortDuringCheckoutMarksBuildAsAborted</testName>
          <skipped>false</skipped>
          <failedSince>0</failedSince>
        </case>
      </cases>
    </suite>
    <suite>
      <file>/home/jenkins/slave/workspace/jenkins_main_trunk/test/target/surefire-reports/hudson.scm.ScmTest.testProjectDeletionAndCallback.845.xml</file>
      <name>hudson.scm.ScmTest.testProjectDeletionAndCallback</name>
      <stdout>=== Starting ScmTest.testProjectDeletionAndCallback
</stdout>
      <stderr>Dec 11, 2012 11:29:14 AM org.mortbay.log.Slf4jLog info
INFO: jetty-6.1.26
Dec 11, 2012 11:29:14 AM org.mortbay.log.Slf4jLog info
INFO: NO JSP Support for , did not find org.apache.jasper.servlet.JspServlet
Dec 11, 2012 11:29:14 AM org.mortbay.log.Slf4jLog info
INFO: Started SocketConnector@0.0.0.0:58855
Dec 11, 2012 11:29:14 AM jenkins.InitReactorRunner$1 onAttained
INFO: Started initialization
Dec 11, 2012 11:29:14 AM jenkins.InitReactorRunner$1 onAttained
INFO: Listed all plugins
Dec 11, 2012 
...[truncated 1095 chars]...
hudson.PluginWrapper stop
INFO: Stopping ant
Dec 11, 2012 11:29:15 AM hudson.PluginWrapper stop
INFO: Stopping javadoc
Dec 11, 2012 11:29:15 AM hudson.PluginWrapper stop
INFO: Stopping subversion
Dec 11, 2012 11:29:15 AM hudson.PluginWrapper stop
INFO: Stopping cvs
Dec 11, 2012 11:29:15 AM hudson.PluginWrapper stop
INFO: Stopping maven-plugin
Dec 11, 2012 11:29:15 AM hudson.PluginWrapper stop
INFO: Stopping translation
Dec 11, 2012 11:29:15 AM hudson.PluginWrapper stop
INFO: Stopping ssh-slaves
</stderr>
      <duration>1.908</duration>
      <timestamp>2012-12-11T11:29:14</timestamp>
      <cases>
        <case>
          <duration>1.908</duration>
          <className>hudson.scm.ScmTest</className>
          <testName>testProjectDeletionAndCallback</testName>
          <skipped>false</skipped>
          <failedSince>0</failedSince>
        </case>
      </cases>
    </suite>
    <suite>
      <file>/home/jenkins/slave/workspace/jenkins_main_trunk/test/target/surefire-reports/hudson.search.SearchTest.testCompletionOutsideView.855.xml</file>
      <name>hudson.search.SearchTest.testCompletionOutsideView</name>
      <stdout>=== Starting SearchTest.testCompletionOutsideView
</stdout>
      <stderr>Dec 11, 2012 11:29:44 AM org.mortbay.log.Slf4jLog info
INFO: jetty-6.1.26
Dec 11, 2012 11:29:44 AM org.mortbay.log.Slf4jLog info
INFO: NO JSP Support for , did not find org.apache.jasper.servlet.JspServlet
Dec 11, 2012 11:29:44 AM org.mortbay.log.Slf4jLog info
INFO: Started SocketConnector@0.0.0.0:33883
Dec 11, 2012 11:29:44 AM jenkins.InitReactorRunner$1 onAttained
INFO: Started initialization
Dec 11, 2012 11:29:44 AM jenkins.InitReactorRunner$1 onAttained
INFO: Listed all plugins
Dec 11, 2012 
...[truncated 993 chars]...
hudson.PluginWrapper stop
INFO: Stopping ant
Dec 11, 2012 11:29:46 AM hudson.PluginWrapper stop
INFO: Stopping javadoc
Dec 11, 2012 11:29:46 AM hudson.PluginWrapper stop
INFO: Stopping subversion
Dec 11, 2012 11:29:46 AM hudson.PluginWrapper stop
INFO: Stopping cvs
Dec 11, 2012 11:29:46 AM hudson.PluginWrapper stop
INFO: Stopping maven-plugin
Dec 11, 2012 11:29:46 AM hudson.PluginWrapper stop
INFO: Stopping translation
Dec 11, 2012 11:29:46 AM hudson.PluginWrapper stop
INFO: Stopping ssh-slaves
</stderr>
      <duration>2.733</duration>
      <timestamp>2012-12-11T11:29:44</timestamp>
      <cases>
        <case>
          <duration>2.733</duration>
          <className>hudson.search.SearchTest</className>
          <testName>testCompletionOutsideView</testName>
          <skipped>false</skipped>
          <failedSince>0</failedSince>
        </case>
      </cases>
    </suite>
    <suite>
      <file>/home/jenkins/slave/workspace/jenkins_main_trunk/test/target/surefire-reports/hudson.search.SearchTest.testDisabledJobShouldBeSearchable.854.xml</file>
      <name>hudson.search.SearchTest.testDisabledJobShouldBeSearchable</name>
      <stdout>=== Starting SearchTest.testDisabledJobShouldBeSearchable
</stdout>
      <stderr>Dec 11, 2012 11:29:42 AM org.mortbay.log.Slf4jLog info
INFO: jetty-6.1.26
Dec 11, 2012 11:29:42 AM org.mortbay.log.Slf4jLog info
INFO: NO JSP Support for , did not find org.apache.jasper.servlet.JspServlet
Dec 11, 2012 11:29:42 AM org.mortbay.log.Slf4jLog info
INFO: Started SocketConnector@0.0.0.0:59665
Dec 11, 2012 11:29:42 AM jenkins.InitReactorRunner$1 onAttained
INFO: Started initialization
Dec 11, 2012 11:29:42 AM jenkins.InitReactorRunner$1 onAttained
INFO: Listed all plugins
Dec 11, 2012 
...[truncated 993 chars]...
hudson.PluginWrapper stop
INFO: Stopping ant
Dec 11, 2012 11:29:43 AM hudson.PluginWrapper stop
INFO: Stopping javadoc
Dec 11, 2012 11:29:43 AM hudson.PluginWrapper stop
INFO: Stopping subversion
Dec 11, 2012 11:29:43 AM hudson.PluginWrapper stop
INFO: Stopping cvs
Dec 11, 2012 11:29:43 AM hudson.PluginWrapper stop
INFO: Stopping maven-plugin
Dec 11, 2012 11:29:43 AM hudson.PluginWrapper stop
INFO: Stopping translation
Dec 11, 2012 11:29:43 AM hudson.PluginWrapper stop
INFO: Stopping ssh-slaves
</stderr>
      <duration>2.084</duration>
      <timestamp>2012-12-11T11:29:42</timestamp>
      <cases>
        <case>
          <duration>2.084</duration>
          <className>hudson.search.SearchTest</className>
          <testName>testDisabledJobShouldBeSearchable</testName>
          <skipped>false</skipped>
          <failedSince>0</failedSince>
        </case>
      </cases>
    </suite>
    <suite>
      <file>/home/jenkins/slave/workspace/jenkins_main_trunk/test/target/surefire-reports/hudson.search.SearchTest.testFailure.847.xml</file>
      <name>hudson.search.SearchTest.testFailure</name>
      <stdout>=== Starting SearchTest.testFailure
</stdout>
      <stderr>Dec 11, 2012 11:29:17 AM org.mortbay.log.Slf4jLog info
INFO: jetty-6.1.26
Dec 11, 2012 11:29:17 AM org.mortbay.log.Slf4jLog info
INFO: NO JSP Support for , did not find org.apache.jasper.servlet.JspServlet
Dec 11, 2012 11:29:17 AM org.mortbay.log.Slf4jLog info
INFO: Started SocketConnector@0.0.0.0:45471
Dec 11, 2012 11:29:17 AM jenkins.InitReactorRunner$1 onAttained
INFO: Started initialization
Dec 11, 2012 11:29:17 AM jenkins.InitReactorRunner$1 onAttained
INFO: Listed all plugins
Dec 11, 2012 
...[truncated 12865 chars]...
hudson.PluginWrapper stop
INFO: Stopping ant
Dec 11, 2012 11:29:20 AM hudson.PluginWrapper stop
INFO: Stopping javadoc
Dec 11, 2012 11:29:20 AM hudson.PluginWrapper stop
INFO: Stopping subversion
Dec 11, 2012 11:29:20 AM hudson.PluginWrapper stop
INFO: Stopping cvs
Dec 11, 2012 11:29:20 AM hudson.PluginWrapper stop
INFO: Stopping maven-plugin
Dec 11, 2012 11:29:20 AM hudson.PluginWrapper stop
INFO: Stopping translation
Dec 11, 2012 11:29:20 AM hudson.PluginWrapper stop
INFO: Stopping ssh-slaves
</stderr>
      <duration>3.33</duration>
      <timestamp>2012-12-11T11:29:17</timestamp>
      <cases>
        <case>
          <duration>3.33</duration>
          <className>hudson.search.SearchTest</className>
          <testName>testFailure</testName>
          <skipped>false</skipped>
          <failedSince>0</failedSince>
        </case>
      </cases>
    </suite>
    <suite>
      <file>/home/jenkins/slave/workspace/jenkins_main_trunk/test/target/surefire-reports/hudson.search.SearchTest.testGetSuggestionsHasBothNamesAndDisplayNames.853.xml</file>
      <name>hudson.search.SearchTest.testGetSuggestionsHasBothNamesAndDisplayNames</name>
      <stdout>=== Starting SearchTest.testGetSuggestionsHasBothNamesAndDisplayNames
{&quot;suggestions&quot;:[{&quot;name&quot;:&quot;project name&quot;},{&quot;name&quot;:&quot;display name&quot;}]}
</stdout>
      <stderr>Dec 11, 2012 11:29:40 AM org.mortbay.log.Slf4jLog info
INFO: jetty-6.1.26
Dec 11, 2012 11:29:40 AM org.mortbay.log.Slf4jLog info
INFO: NO JSP Support for , did not find org.apache.jasper.servlet.JspServlet
Dec 11, 2012 11:29:40 AM org.mortbay.log.Slf4jLog info
INFO: Started SocketConnector@0.0.0.0:33127
Dec 11, 2012 11:29:40 AM jenkins.InitReactorRunner$1 onAttained
INFO: Started initialization
Dec 11, 2012 11:29:40 AM jenkins.InitReactorRunner$1 onAttained
INFO: Listed all plugins
Dec 11, 2012 
...[truncated 1257 chars]...
hudson.PluginWrapper stop
INFO: Stopping ant
Dec 11, 2012 11:29:41 AM hudson.PluginWrapper stop
INFO: Stopping javadoc
Dec 11, 2012 11:29:41 AM hudson.PluginWrapper stop
INFO: Stopping subversion
Dec 11, 2012 11:29:41 AM hudson.PluginWrapper stop
INFO: Stopping cvs
Dec 11, 2012 11:29:41 AM hudson.PluginWrapper stop
INFO: Stopping maven-plugin
Dec 11, 2012 11:29:41 AM hudson.PluginWrapper stop
INFO: Stopping translation
Dec 11, 2012 11:29:41 AM hudson.PluginWrapper stop
INFO: Stopping ssh-slaves
</stderr>
      <duration>1.315</duration>
      <timestamp>2012-12-11T11:29:40</timestamp>
      <cases>
        <case>
          <duration>1.315</duration>
          <className>hudson.search.SearchTest</className>
          <testName>testGetSuggestionsHasBothNamesAndDisplayNames</testName>
          <skipped>false</skipped>
          <failedSince>0</failedSince>
        </case>
      </cases>
    </suite>
    <suite>
      <file>/home/jenkins/slave/workspace/jenkins_main_trunk/test/target/surefire-reports/hudson.search.SearchTest.testProjectNamePrecedesDisplayName.852.xml</file>
      <name>hudson.search.SearchTest.testProjectNamePrecedesDisplayName</name>
      <stdout>=== Starting SearchTest.testProjectNamePrecedesDisplayName
</stdout>
      <stderr>Dec 11, 2012 11:29:36 AM org.mortbay.log.Slf4jLog info
INFO: jetty-6.1.26
Dec 11, 2012 11:29:36 AM org.mortbay.log.Slf4jLog info
INFO: NO JSP Support for , did not find org.apache.jasper.servlet.JspServlet
Dec 11, 2012 11:29:36 AM org.mortbay.log.Slf4jLog info
INFO: Started SocketConnector@0.0.0.0:48801
Dec 11, 2012 11:29:36 AM jenkins.InitReactorRunner$1 onAttained
INFO: Started initialization
Dec 11, 2012 11:29:36 AM jenkins.InitReactorRunner$1 onAttained
INFO: Listed all plugins
Dec 11, 2012 
...[truncated 6190 chars]...
hudson.PluginWrapper stop
INFO: Stopping ant
Dec 11, 2012 11:29:40 AM hudson.PluginWrapper stop
INFO: Stopping javadoc
Dec 11, 2012 11:29:40 AM hudson.PluginWrapper stop
INFO: Stopping subversion
Dec 11, 2012 11:29:40 AM hudson.PluginWrapper stop
INFO: Stopping cvs
Dec 11, 2012 11:29:40 AM hudson.PluginWrapper stop
INFO: Stopping maven-plugin
Dec 11, 2012 11:29:40 AM hudson.PluginWrapper stop
INFO: Stopping translation
Dec 11, 2012 11:29:40 AM hudson.PluginWrapper stop
INFO: Stopping ssh-slaves
</stderr>
      <duration>4.352</duration>
      <timestamp>2012-12-11T11:29:36</timestamp>
      <cases>
        <case>
          <duration>4.352</duration>
          <className>hudson.search.SearchTest</className>
          <testName>testProjectNamePrecedesDisplayName</testName>
          <skipped>false</skipped>
          <failedSince>0</failedSince>
        </case>
      </cases>
    </suite>
    <suite>
      <file>/home/jenkins/slave/workspace/jenkins_main_trunk/test/target/surefire-reports/hudson.search.SearchTest.testSearch2ProjectsWithSameDisplayName.851.xml</file>
      <name>hudson.search.SearchTest.testSearch2ProjectsWithSameDisplayName</name>
      <stdout>=== Starting SearchTest.testSearch2ProjectsWithSameDisplayName
</stdout>
      <stderr>Dec 11, 2012 11:29:32 AM org.mortbay.log.Slf4jLog info
INFO: jetty-6.1.26
Dec 11, 2012 11:29:32 AM org.mortbay.log.Slf4jLog info
INFO: NO JSP Support for , did not find org.apache.jasper.servlet.JspServlet
Dec 11, 2012 11:29:32 AM org.mortbay.log.Slf4jLog info
INFO: Started SocketConnector@0.0.0.0:58426
Dec 11, 2012 11:29:32 AM jenkins.InitReactorRunner$1 onAttained
INFO: Started initialization
Dec 11, 2012 11:29:32 AM jenkins.InitReactorRunner$1 onAttained
INFO: Listed all plugins
Dec 11, 2012 
...[truncated 6133 chars]...
hudson.PluginWrapper stop
INFO: Stopping ant
Dec 11, 2012 11:29:35 AM hudson.PluginWrapper stop
INFO: Stopping javadoc
Dec 11, 2012 11:29:35 AM hudson.PluginWrapper stop
INFO: Stopping subversion
Dec 11, 2012 11:29:35 AM hudson.PluginWrapper stop
INFO: Stopping cvs
Dec 11, 2012 11:29:35 AM hudson.PluginWrapper stop
INFO: Stopping maven-plugin
Dec 11, 2012 11:29:35 AM hudson.PluginWrapper stop
INFO: Stopping translation
Dec 11, 2012 11:29:35 AM hudson.PluginWrapper stop
INFO: Stopping ssh-slaves
</stderr>
      <duration>3.747</duration>
      <timestamp>2012-12-11T11:29:32</timestamp>
      <cases>
        <case>
          <duration>3.747</duration>
          <className>hudson.search.SearchTest</className>
          <testName>testSearch2ProjectsWithSameDisplayName</testName>
          <skipped>false</skipped>
          <failedSince>0</failedSince>
        </case>
      </cases>
    </suite>
    <suite>
      <file>/home/jenkins/slave/workspace/jenkins_main_trunk/test/target/surefire-reports/hudson.search.SearchTest.testSearchByDisplayName.850.xml</file>
      <name>hudson.search.SearchTest.testSearchByDisplayName</name>
      <stdout>=== Starting SearchTest.testSearchByDisplayName
</stdout>
      <stderr>Dec 11, 2012 11:29:28 AM org.mortbay.log.Slf4jLog info
INFO: jetty-6.1.26
Dec 11, 2012 11:29:28 AM org.mortbay.log.Slf4jLog info
INFO: NO JSP Support for , did not find org.apache.jasper.servlet.JspServlet
Dec 11, 2012 11:29:28 AM org.mortbay.log.Slf4jLog info
INFO: Started SocketConnector@0.0.0.0:54608
Dec 11, 2012 11:29:28 AM jenkins.InitReactorRunner$1 onAttained
INFO: Started initialization
Dec 11, 2012 11:29:28 AM jenkins.InitReactorRunner$1 onAttained
INFO: Listed all plugins
Dec 11, 2012 
...[truncated 6047 chars]...
hudson.PluginWrapper stop
INFO: Stopping ant
Dec 11, 2012 11:29:32 AM hudson.PluginWrapper stop
INFO: Stopping javadoc
Dec 11, 2012 11:29:32 AM hudson.PluginWrapper stop
INFO: Stopping subversion
Dec 11, 2012 11:29:32 AM hudson.PluginWrapper stop
INFO: Stopping cvs
Dec 11, 2012 11:29:32 AM hudson.PluginWrapper stop
INFO: Stopping maven-plugin
Dec 11, 2012 11:29:32 AM hudson.PluginWrapper stop
INFO: Stopping translation
Dec 11, 2012 11:29:32 AM hudson.PluginWrapper stop
INFO: Stopping ssh-slaves
</stderr>
      <duration>4.001</duration>
      <timestamp>2012-12-11T11:29:28</timestamp>
      <cases>
        <case>
          <duration>4.001</duration>
          <className>hudson.search.SearchTest</className>
          <testName>testSearchByDisplayName</testName>
          <skipped>false</skipped>
          <failedSince>0</failedSince>
        </case>
      </cases>
    </suite>
    <suite>
      <file>/home/jenkins/slave/workspace/jenkins_main_trunk/test/target/surefire-reports/hudson.search.SearchTest.testSearchByProjectName.849.xml</file>
      <name>hudson.search.SearchTest.testSearchByProjectName</name>
      <stdout>=== Starting SearchTest.testSearchByProjectName
</stdout>
      <stderr>Dec 11, 2012 11:29:24 AM org.mortbay.log.Slf4jLog info
INFO: jetty-6.1.26
Dec 11, 2012 11:29:24 AM org.mortbay.log.Slf4jLog info
INFO: NO JSP Support for , did not find org.apache.jasper.servlet.JspServlet
Dec 11, 2012 11:29:24 AM org.mortbay.log.Slf4jLog info
INFO: Started SocketConnector@0.0.0.0:41197
Dec 11, 2012 11:29:24 AM jenkins.InitReactorRunner$1 onAttained
INFO: Started initialization
Dec 11, 2012 11:29:24 AM jenkins.InitReactorRunner$1 onAttained
INFO: Listed all plugins
Dec 11, 2012 
...[truncated 6250 chars]...
hudson.PluginWrapper stop
INFO: Stopping ant
Dec 11, 2012 11:29:28 AM hudson.PluginWrapper stop
INFO: Stopping javadoc
Dec 11, 2012 11:29:28 AM hudson.PluginWrapper stop
INFO: Stopping subversion
Dec 11, 2012 11:29:28 AM hudson.PluginWrapper stop
INFO: Stopping cvs
Dec 11, 2012 11:29:28 AM hudson.PluginWrapper stop
INFO: Stopping maven-plugin
Dec 11, 2012 11:29:28 AM hudson.PluginWrapper stop
INFO: Stopping translation
Dec 11, 2012 11:29:28 AM hudson.PluginWrapper stop
INFO: Stopping ssh-slaves
</stderr>
      <duration>4.467</duration>
      <timestamp>2012-12-11T11:29:24</timestamp>
      <cases>
        <case>
          <duration>4.467</duration>
          <className>hudson.search.SearchTest</className>
          <testName>testSearchByProjectName</testName>
          <skipped>false</skipped>
          <failedSince>0</failedSince>
        </case>
      </cases>
    </suite>
    <suite>
      <file>/home/jenkins/slave/workspace/jenkins_main_trunk/test/target/surefire-reports/hudson.search.SearchTest.testXSS.848.xml</file>
      <name>hudson.search.SearchTest.testXSS</name>
      <stdout>=== Starting SearchTest.testXSS
</stdout>
      <stderr>Dec 11, 2012 11:29:20 AM org.mortbay.log.Slf4jLog info
INFO: jetty-6.1.26
Dec 11, 2012 11:29:20 AM org.mortbay.log.Slf4jLog info
INFO: NO JSP Support for , did not find org.apache.jasper.servlet.JspServlet
Dec 11, 2012 11:29:20 AM org.mortbay.log.Slf4jLog info
INFO: Started SocketConnector@0.0.0.0:57560
Dec 11, 2012 11:29:20 AM jenkins.InitReactorRunner$1 onAttained
INFO: Started initialization
Dec 11, 2012 11:29:20 AM jenkins.InitReactorRunner$1 onAttained
INFO: Listed all plugins
Dec 11, 2012 
...[truncated 12917 chars]...
hudson.PluginWrapper stop
INFO: Stopping ant
Dec 11, 2012 11:29:23 AM hudson.PluginWrapper stop
INFO: Stopping javadoc
Dec 11, 2012 11:29:23 AM hudson.PluginWrapper stop
INFO: Stopping subversion
Dec 11, 2012 11:29:23 AM hudson.PluginWrapper stop
INFO: Stopping cvs
Dec 11, 2012 11:29:23 AM hudson.PluginWrapper stop
INFO: Stopping maven-plugin
Dec 11, 2012 11:29:23 AM hudson.PluginWrapper stop
INFO: Stopping translation
Dec 11, 2012 11:29:23 AM hudson.PluginWrapper stop
INFO: Stopping ssh-slaves
</stderr>
      <duration>3.411</duration>
      <timestamp>2012-12-11T11:29:20</timestamp>
      <cases>
        <case>
          <duration>3.411</duration>
          <className>hudson.search.SearchTest</className>
          <testName>testXSS</testName>
          <skipped>false</skipped>
          <failedSince>0</failedSince>
        </case>
      </cases>
    </suite>
    <suite>
      <file>/home/jenkins/slave/workspace/jenkins_main_trunk/test/target/surefire-reports/hudson.security.CliAuthenticationTest.test1.856.xml</file>
      <name>hudson.security.CliAuthenticationTest.test1</name>
      <stdout>=== Starting CliAuthenticationTest.test1
</stdout>
      <stderr>Dec 11, 2012 11:29:46 AM org.mortbay.log.Slf4jLog info
INFO: jetty-6.1.26
Dec 11, 2012 11:29:46 AM org.mortbay.log.Slf4jLog info
INFO: NO JSP Support for , did not find org.apache.jasper.servlet.JspServlet
Dec 11, 2012 11:29:46 AM org.mortbay.log.Slf4jLog info
INFO: Started SocketConnector@0.0.0.0:34276
Dec 11, 2012 11:29:46 AM jenkins.InitReactorRunner$1 onAttained
INFO: Started initialization
Dec 11, 2012 11:29:46 AM jenkins.InitReactorRunner$1 onAttained
INFO: Listed all plugins
Dec 11, 2012 
...[truncated 1121 chars]...
hudson.PluginWrapper stop
INFO: Stopping ant
Dec 11, 2012 11:29:49 AM hudson.PluginWrapper stop
INFO: Stopping javadoc
Dec 11, 2012 11:29:49 AM hudson.PluginWrapper stop
INFO: Stopping subversion
Dec 11, 2012 11:29:49 AM hudson.PluginWrapper stop
INFO: Stopping cvs
Dec 11, 2012 11:29:49 AM hudson.PluginWrapper stop
INFO: Stopping maven-plugin
Dec 11, 2012 11:29:49 AM hudson.PluginWrapper stop
INFO: Stopping translation
Dec 11, 2012 11:29:49 AM hudson.PluginWrapper stop
INFO: Stopping ssh-slaves
</stderr>
      <duration>3.058</duration>
      <timestamp>2012-12-11T11:29:46</timestamp>
      <cases>
        <case>
          <duration>3.058</duration>
          <className>hudson.security.CliAuthenticationTest</className>
          <testName>test1</testName>
          <skipped>false</skipped>
          <failedSince>0</failedSince>
        </case>
      </cases>
    </suite>
    <suite>
      <file>/home/jenkins/slave/workspace/jenkins_main_trunk/test/target/surefire-reports/hudson.security.CliAuthenticationTest.testLogin.857.xml</file>
      <name>hudson.security.CliAuthenticationTest.testLogin</name>
      <stdout>=== Starting CliAuthenticationTest.testLogin
</stdout>
      <stderr>Dec 11, 2012 11:29:50 AM org.mortbay.log.Slf4jLog info
INFO: jetty-6.1.26
Dec 11, 2012 11:29:50 AM org.mortbay.log.Slf4jLog info
INFO: NO JSP Support for , did not find org.apache.jasper.servlet.JspServlet
Dec 11, 2012 11:29:50 AM org.mortbay.log.Slf4jLog info
INFO: Started SocketConnector@0.0.0.0:33615
Dec 11, 2012 11:29:50 AM jenkins.InitReactorRunner$1 onAttained
INFO: Started initialization
Dec 11, 2012 11:29:50 AM jenkins.InitReactorRunner$1 onAttained
INFO: Listed all plugins
Dec 11, 2012 
...[truncated 1505 chars]...
hudson.PluginWrapper stop
INFO: Stopping ant
Dec 11, 2012 11:29:54 AM hudson.PluginWrapper stop
INFO: Stopping javadoc
Dec 11, 2012 11:29:54 AM hudson.PluginWrapper stop
INFO: Stopping subversion
Dec 11, 2012 11:29:54 AM hudson.PluginWrapper stop
INFO: Stopping cvs
Dec 11, 2012 11:29:54 AM hudson.PluginWrapper stop
INFO: Stopping maven-plugin
Dec 11, 2012 11:29:54 AM hudson.PluginWrapper stop
INFO: Stopping translation
Dec 11, 2012 11:29:54 AM hudson.PluginWrapper stop
INFO: Stopping ssh-slaves
</stderr>
      <duration>4.723</duration>
      <timestamp>2012-12-11T11:29:50</timestamp>
      <cases>
        <case>
          <duration>4.723</duration>
          <className>hudson.security.CliAuthenticationTest</className>
          <testName>testLogin</testName>
          <skipped>false</skipped>
          <failedSince>0</failedSince>
        </case>
      </cases>
    </suite>
    <suite>
      <file>/home/jenkins/slave/workspace/jenkins_main_trunk/test/target/surefire-reports/hudson.security.HudsonPrivateSecurityRealmTest.testHashCompatibility.862.xml</file>
      <name>hudson.security.HudsonPrivateSecurityRealmTest.testHashCompatibility</name>
      <stdout>=== Starting HudsonPrivateSecurityRealmTest.testHashCompatibility
</stdout>
      <stderr></stderr>
      <duration>0.669</duration>
      <timestamp>2012-12-11T11:30:24</timestamp>
      <cases>
        <case>
          <duration>0.669</duration>
          <className>hudson.security.HudsonPrivateSecurityRealmTest</className>
          <testName>testHashCompatibility</testName>
          <skipped>false</skipped>
          <failedSince>0</failedSince>
        </case>
      </cases>
    </suite>
    <suite>
      <file>/home/jenkins/slave/workspace/jenkins_main_trunk/test/target/surefire-reports/hudson.security.LoginTest.testLoginErrorRedirect.863.xml</file>
      <name>hudson.security.LoginTest.testLoginErrorRedirect</name>
      <stdout>=== Starting LoginTest.testLoginErrorRedirect
http://localhost:60958/
</stdout>
      <stderr>Dec 11, 2012 11:30:25 AM org.mortbay.log.Slf4jLog info
INFO: jetty-6.1.26
Dec 11, 2012 11:30:25 AM org.mortbay.log.Slf4jLog info
INFO: NO JSP Support for , did not find org.apache.jasper.servlet.JspServlet
Dec 11, 2012 11:30:25 AM org.mortbay.log.Slf4jLog info
INFO: Started SocketConnector@0.0.0.0:60958
Dec 11, 2012 11:30:25 AM jenkins.InitReactorRunner$1 onAttained
INFO: Started initialization
Dec 11, 2012 11:30:25 AM jenkins.InitReactorRunner$1 onAttained
INFO: Listed all plugins
Dec 11, 2012 
...[truncated 3473 chars]...
hudson.PluginWrapper stop
INFO: Stopping ant
Dec 11, 2012 11:30:27 AM hudson.PluginWrapper stop
INFO: Stopping javadoc
Dec 11, 2012 11:30:27 AM hudson.PluginWrapper stop
INFO: Stopping subversion
Dec 11, 2012 11:30:27 AM hudson.PluginWrapper stop
INFO: Stopping cvs
Dec 11, 2012 11:30:27 AM hudson.PluginWrapper stop
INFO: Stopping maven-plugin
Dec 11, 2012 11:30:27 AM hudson.PluginWrapper stop
INFO: Stopping translation
Dec 11, 2012 11:30:27 AM hudson.PluginWrapper stop
INFO: Stopping ssh-slaves
</stderr>
      <duration>3.187</duration>
      <timestamp>2012-12-11T11:30:25</timestamp>
      <cases>
        <case>
          <duration>3.187</duration>
          <className>hudson.security.LoginTest</className>
          <testName>testLoginErrorRedirect</testName>
          <skipped>false</skipped>
          <failedSince>0</failedSince>
        </case>
      </cases>
    </suite>
    <suite>
      <file>/home/jenkins/slave/workspace/jenkins_main_trunk/test/target/surefire-reports/hudson.security.LoginTest.testLoginErrorRedirect2.864.xml</file>
      <name>hudson.security.LoginTest.testLoginErrorRedirect2</name>
      <stdout>=== Starting LoginTest.testLoginErrorRedirect2
http://localhost:51628/
</stdout>
      <stderr>Dec 11, 2012 11:30:28 AM org.mortbay.log.Slf4jLog info
INFO: jetty-6.1.26
Dec 11, 2012 11:30:28 AM org.mortbay.log.Slf4jLog info
INFO: NO JSP Support for , did not find org.apache.jasper.servlet.JspServlet
Dec 11, 2012 11:30:28 AM org.mortbay.log.Slf4jLog info
INFO: Started SocketConnector@0.0.0.0:51628
Dec 11, 2012 11:30:28 AM jenkins.InitReactorRunner$1 onAttained
INFO: Started initialization
Dec 11, 2012 11:30:28 AM jenkins.InitReactorRunner$1 onAttained
INFO: Listed all plugins
Dec 11, 2012 
...[truncated 23312 chars]...
hudson.PluginWrapper stop
INFO: Stopping ant
Dec 11, 2012 11:30:33 AM hudson.PluginWrapper stop
INFO: Stopping javadoc
Dec 11, 2012 11:30:33 AM hudson.PluginWrapper stop
INFO: Stopping subversion
Dec 11, 2012 11:30:33 AM hudson.PluginWrapper stop
INFO: Stopping cvs
Dec 11, 2012 11:30:33 AM hudson.PluginWrapper stop
INFO: Stopping maven-plugin
Dec 11, 2012 11:30:33 AM hudson.PluginWrapper stop
INFO: Stopping translation
Dec 11, 2012 11:30:33 AM hudson.PluginWrapper stop
INFO: Stopping ssh-slaves
</stderr>
      <duration>6.066</duration>
      <timestamp>2012-12-11T11:30:28</timestamp>
      <cases>
        <case>
          <duration>6.066</duration>
          <className>hudson.security.LoginTest</className>
          <testName>testLoginErrorRedirect2</testName>
          <skipped>false</skipped>
          <failedSince>0</failedSince>
        </case>
      </cases>
    </suite>
    <suite>
      <file>/home/jenkins/slave/workspace/jenkins_main_trunk/test/target/surefire-reports/hudson.security.PermissionGroupTest.testOrder.865.xml</file>
      <name>hudson.security.PermissionGroupTest.testOrder</name>
      <stdout>=== Starting PermissionGroupTest.testOrder
</stdout>
      <stderr>Dec 11, 2012 11:30:34 AM org.mortbay.log.Slf4jLog info
INFO: jetty-6.1.26
Dec 11, 2012 11:30:34 AM org.mortbay.log.Slf4jLog info
INFO: NO JSP Support for , did not find org.apache.jasper.servlet.JspServlet
Dec 11, 2012 11:30:34 AM org.mortbay.log.Slf4jLog info
INFO: Started SocketConnector@0.0.0.0:52156
Dec 11, 2012 11:30:34 AM jenkins.InitReactorRunner$1 onAttained
INFO: Started initialization
Dec 11, 2012 11:30:34 AM jenkins.InitReactorRunner$1 onAttained
INFO: Listed all plugins
Dec 11, 2012 
...[truncated 993 chars]...
hudson.PluginWrapper stop
INFO: Stopping ant
Dec 11, 2012 11:30:35 AM hudson.PluginWrapper stop
INFO: Stopping javadoc
Dec 11, 2012 11:30:35 AM hudson.PluginWrapper stop
INFO: Stopping subversion
Dec 11, 2012 11:30:35 AM hudson.PluginWrapper stop
INFO: Stopping cvs
Dec 11, 2012 11:30:35 AM hudson.PluginWrapper stop
INFO: Stopping maven-plugin
Dec 11, 2012 11:30:35 AM hudson.PluginWrapper stop
INFO: Stopping translation
Dec 11, 2012 11:30:35 AM hudson.PluginWrapper stop
INFO: Stopping ssh-slaves
</stderr>
      <duration>1.62</duration>
      <timestamp>2012-12-11T11:30:34</timestamp>
      <cases>
        <case>
          <duration>1.62</duration>
          <className>hudson.security.PermissionGroupTest</className>
          <testName>testOrder</testName>
          <skipped>false</skipped>
          <failedSince>0</failedSince>
        </case>
      </cases>
    </suite>
    <suite>
      <file>/home/jenkins/slave/workspace/jenkins_main_trunk/test/target/surefire-reports/hudson.security.csrf.DefaultCrumbIssuerTest.testClientIPFromHeader.866.xml</file>
      <name>hudson.security.csrf.DefaultCrumbIssuerTest.testClientIPFromHeader</name>
      <stdout>=== Starting DefaultCrumbIssuerTest.testClientIPFromHeader
</stdout>
      <stderr>Dec 11, 2012 11:30:36 AM org.mortbay.log.Slf4jLog info
INFO: jetty-6.1.26
Dec 11, 2012 11:30:36 AM org.mortbay.log.Slf4jLog info
INFO: NO JSP Support for , did not find org.apache.jasper.servlet.JspServlet
Dec 11, 2012 11:30:36 AM org.mortbay.log.Slf4jLog info
INFO: Started SocketConnector@0.0.0.0:51106
Dec 11, 2012 11:30:36 AM jenkins.InitReactorRunner$1 onAttained
INFO: Started initialization
Dec 11, 2012 11:30:36 AM jenkins.InitReactorRunner$1 onAttained
INFO: Listed all plugins
Dec 11, 2012 
...[truncated 6403 chars]...
hudson.PluginWrapper stop
INFO: Stopping ant
Dec 11, 2012 11:30:42 AM hudson.PluginWrapper stop
INFO: Stopping javadoc
Dec 11, 2012 11:30:42 AM hudson.PluginWrapper stop
INFO: Stopping subversion
Dec 11, 2012 11:30:42 AM hudson.PluginWrapper stop
INFO: Stopping cvs
Dec 11, 2012 11:30:42 AM hudson.PluginWrapper stop
INFO: Stopping maven-plugin
Dec 11, 2012 11:30:42 AM hudson.PluginWrapper stop
INFO: Stopping translation
Dec 11, 2012 11:30:42 AM hudson.PluginWrapper stop
INFO: Stopping ssh-slaves
</stderr>
      <duration>7.297</duration>
      <timestamp>2012-12-11T11:30:36</timestamp>
      <cases>
        <case>
          <duration>7.297</duration>
          <className>hudson.security.csrf.DefaultCrumbIssuerTest</className>
          <testName>testClientIPFromHeader</testName>
          <skipped>false</skipped>
          <failedSince>0</failedSince>
        </case>
      </cases>
    </suite>
    <suite>
      <file>/home/jenkins/slave/workspace/jenkins_main_trunk/test/target/surefire-reports/hudson.security.csrf.DefaultCrumbIssuerTest.testHeaderChange.867.xml</file>
      <name>hudson.security.csrf.DefaultCrumbIssuerTest.testHeaderChange</name>
      <stdout>=== Starting DefaultCrumbIssuerTest.testHeaderChange
</stdout>
      <stderr>Dec 11, 2012 11:30:43 AM org.mortbay.log.Slf4jLog info
INFO: jetty-6.1.26
Dec 11, 2012 11:30:43 AM org.mortbay.log.Slf4jLog info
INFO: NO JSP Support for , did not find org.apache.jasper.servlet.JspServlet
Dec 11, 2012 11:30:43 AM org.mortbay.log.Slf4jLog info
INFO: Started SocketConnector@0.0.0.0:52801
Dec 11, 2012 11:30:43 AM jenkins.InitReactorRunner$1 onAttained
INFO: Started initialization
Dec 11, 2012 11:30:43 AM jenkins.InitReactorRunner$1 onAttained
INFO: Listed all plugins
Dec 11, 2012 
...[truncated 5930 chars]...
hudson.PluginWrapper stop
INFO: Stopping ant
Dec 11, 2012 11:30:49 AM hudson.PluginWrapper stop
INFO: Stopping javadoc
Dec 11, 2012 11:30:49 AM hudson.PluginWrapper stop
INFO: Stopping subversion
Dec 11, 2012 11:30:49 AM hudson.PluginWrapper stop
INFO: Stopping cvs
Dec 11, 2012 11:30:49 AM hudson.PluginWrapper stop
INFO: Stopping maven-plugin
Dec 11, 2012 11:30:49 AM hudson.PluginWrapper stop
INFO: Stopping translation
Dec 11, 2012 11:30:49 AM hudson.PluginWrapper stop
INFO: Stopping ssh-slaves
</stderr>
      <duration>6.225</duration>
      <timestamp>2012-12-11T11:30:43</timestamp>
      <cases>
        <case>
          <duration>6.225</duration>
          <className>hudson.security.csrf.DefaultCrumbIssuerTest</className>
          <testName>testHeaderChange</testName>
          <skipped>false</skipped>
          <failedSince>0</failedSince>
        </case>
      </cases>
    </suite>
    <suite>
      <file>/home/jenkins/slave/workspace/jenkins_main_trunk/test/target/surefire-reports/hudson.security.csrf.DefaultCrumbIssuerTest.testProxyCompatibilityMode.870.xml</file>
      <name>hudson.security.csrf.DefaultCrumbIssuerTest.testProxyCompatibilityMode</name>
      <stdout>=== Starting DefaultCrumbIssuerTest.testProxyCompatibilityMode
</stdout>
      <stderr>Dec 11, 2012 11:31:05 AM org.mortbay.log.Slf4jLog info
INFO: jetty-6.1.26
Dec 11, 2012 11:31:05 AM org.mortbay.log.Slf4jLog info
INFO: NO JSP Support for , did not find org.apache.jasper.servlet.JspServlet
Dec 11, 2012 11:31:05 AM org.mortbay.log.Slf4jLog info
INFO: Started SocketConnector@0.0.0.0:53672
Dec 11, 2012 11:31:05 AM jenkins.InitReactorRunner$1 onAttained
INFO: Started initialization
Dec 11, 2012 11:31:05 AM jenkins.InitReactorRunner$1 onAttained
INFO: Listed all plugins
Dec 11, 2012 
...[truncated 6403 chars]...
hudson.PluginWrapper stop
INFO: Stopping ant
Dec 11, 2012 11:31:11 AM hudson.PluginWrapper stop
INFO: Stopping javadoc
Dec 11, 2012 11:31:11 AM hudson.PluginWrapper stop
INFO: Stopping subversion
Dec 11, 2012 11:31:11 AM hudson.PluginWrapper stop
INFO: Stopping cvs
Dec 11, 2012 11:31:11 AM hudson.PluginWrapper stop
INFO: Stopping maven-plugin
Dec 11, 2012 11:31:11 AM hudson.PluginWrapper stop
INFO: Stopping translation
Dec 11, 2012 11:31:11 AM hudson.PluginWrapper stop
INFO: Stopping ssh-slaves
</stderr>
      <duration>7.298</duration>
      <timestamp>2012-12-11T11:31:05</timestamp>
      <cases>
        <case>
          <duration>7.298</duration>
          <className>hudson.security.csrf.DefaultCrumbIssuerTest</className>
          <testName>testProxyCompatibilityMode</testName>
          <skipped>false</skipped>
          <failedSince>0</failedSince>
        </case>
      </cases>
    </suite>
    <suite>
      <file>/home/jenkins/slave/workspace/jenkins_main_trunk/test/target/surefire-reports/hudson.security.csrf.DefaultCrumbIssuerTest.testProxyIPChain.869.xml</file>
      <name>hudson.security.csrf.DefaultCrumbIssuerTest.testProxyIPChain</name>
      <stdout>=== Starting DefaultCrumbIssuerTest.testProxyIPChain
</stdout>
      <stderr>Dec 11, 2012 11:30:57 AM org.mortbay.log.Slf4jLog info
INFO: jetty-6.1.26
Dec 11, 2012 11:30:57 AM org.mortbay.log.Slf4jLog info
INFO: NO JSP Support for , did not find org.apache.jasper.servlet.JspServlet
Dec 11, 2012 11:30:57 AM org.mortbay.log.Slf4jLog info
INFO: Started SocketConnector@0.0.0.0:47721
Dec 11, 2012 11:30:57 AM jenkins.InitReactorRunner$1 onAttained
INFO: Started initialization
Dec 11, 2012 11:30:57 AM jenkins.InitReactorRunner$1 onAttained
INFO: Listed all plugins
Dec 11, 2012 
...[truncated 6403 chars]...
hudson.PluginWrapper stop
INFO: Stopping ant
Dec 11, 2012 11:31:04 AM hudson.PluginWrapper stop
INFO: Stopping javadoc
Dec 11, 2012 11:31:04 AM hudson.PluginWrapper stop
INFO: Stopping subversion
Dec 11, 2012 11:31:04 AM hudson.PluginWrapper stop
INFO: Stopping cvs
Dec 11, 2012 11:31:04 AM hudson.PluginWrapper stop
INFO: Stopping maven-plugin
Dec 11, 2012 11:31:04 AM hudson.PluginWrapper stop
INFO: Stopping translation
Dec 11, 2012 11:31:04 AM hudson.PluginWrapper stop
INFO: Stopping ssh-slaves
</stderr>
      <duration>7.593</duration>
      <timestamp>2012-12-11T11:30:57</timestamp>
      <cases>
        <case>
          <duration>7.593</duration>
          <className>hudson.security.csrf.DefaultCrumbIssuerTest</className>
          <testName>testProxyIPChain</testName>
          <skipped>false</skipped>
          <failedSince>0</failedSince>
        </case>
      </cases>
    </suite>
    <suite>
      <file>/home/jenkins/slave/workspace/jenkins_main_trunk/test/target/surefire-reports/hudson.security.csrf.DefaultCrumbIssuerTest.testProxyIPChanged.868.xml</file>
      <name>hudson.security.csrf.DefaultCrumbIssuerTest.testProxyIPChanged</name>
      <stdout>=== Starting DefaultCrumbIssuerTest.testProxyIPChanged
</stdout>
      <stderr>Dec 11, 2012 11:30:49 AM org.mortbay.log.Slf4jLog info
INFO: jetty-6.1.26
Dec 11, 2012 11:30:49 AM org.mortbay.log.Slf4jLog info
INFO: NO JSP Support for , did not find org.apache.jasper.servlet.JspServlet
Dec 11, 2012 11:30:49 AM org.mortbay.log.Slf4jLog info
INFO: Started SocketConnector@0.0.0.0:57108
Dec 11, 2012 11:30:49 AM jenkins.InitReactorRunner$1 onAttained
INFO: Started initialization
Dec 11, 2012 11:30:49 AM jenkins.InitReactorRunner$1 onAttained
INFO: Listed all plugins
Dec 11, 2012 
...[truncated 6403 chars]...
hudson.PluginWrapper stop
INFO: Stopping ant
Dec 11, 2012 11:30:56 AM hudson.PluginWrapper stop
INFO: Stopping javadoc
Dec 11, 2012 11:30:56 AM hudson.PluginWrapper stop
INFO: Stopping subversion
Dec 11, 2012 11:30:56 AM hudson.PluginWrapper stop
INFO: Stopping cvs
Dec 11, 2012 11:30:56 AM hudson.PluginWrapper stop
INFO: Stopping maven-plugin
Dec 11, 2012 11:30:56 AM hudson.PluginWrapper stop
INFO: Stopping translation
Dec 11, 2012 11:30:56 AM hudson.PluginWrapper stop
INFO: Stopping ssh-slaves
</stderr>
      <duration>7.928</duration>
      <timestamp>2012-12-11T11:30:49</timestamp>
      <cases>
        <case>
          <duration>7.928</duration>
          <className>hudson.security.csrf.DefaultCrumbIssuerTest</className>
          <testName>testProxyIPChanged</testName>
          <skipped>false</skipped>
          <failedSince>0</failedSince>
        </case>
      </cases>
    </suite>
    <suite>
      <file>/home/jenkins/slave/workspace/jenkins_main_trunk/test/target/surefire-reports/hudson.slaves.ComputerConnectorTest.testConfigRoundtrip.871.xml</file>
      <name>hudson.slaves.ComputerConnectorTest.testConfigRoundtrip</name>
      <stdout>=== Starting ComputerConnectorTest.testConfigRoundtrip
</stdout>
      <stderr>Dec 11, 2012 11:31:12 AM org.mortbay.log.Slf4jLog info
INFO: jetty-6.1.26
Dec 11, 2012 11:31:12 AM org.mortbay.log.Slf4jLog info
INFO: NO JSP Support for , did not find org.apache.jasper.servlet.JspServlet
Dec 11, 2012 11:31:12 AM org.mortbay.log.Slf4jLog info
INFO: Started SocketConnector@0.0.0.0:39323
Dec 11, 2012 11:31:12 AM jenkins.InitReactorRunner$1 onAttained
INFO: Started initialization
Dec 11, 2012 11:31:12 AM jenkins.InitReactorRunner$1 onAttained
INFO: Listed all plugins
Dec 11, 2012 
...[truncated 3473 chars]...
hudson.PluginWrapper stop
INFO: Stopping ant
Dec 11, 2012 11:31:14 AM hudson.PluginWrapper stop
INFO: Stopping javadoc
Dec 11, 2012 11:31:14 AM hudson.PluginWrapper stop
INFO: Stopping subversion
Dec 11, 2012 11:31:14 AM hudson.PluginWrapper stop
INFO: Stopping cvs
Dec 11, 2012 11:31:14 AM hudson.PluginWrapper stop
INFO: Stopping maven-plugin
Dec 11, 2012 11:31:14 AM hudson.PluginWrapper stop
INFO: Stopping translation
Dec 11, 2012 11:31:14 AM hudson.PluginWrapper stop
INFO: Stopping ssh-slaves
</stderr>
      <duration>2.643</duration>
      <timestamp>2012-12-11T11:31:12</timestamp>
      <cases>
        <case>
          <duration>2.643</duration>
          <className>hudson.slaves.ComputerConnectorTest</className>
          <testName>testConfigRoundtrip</testName>
          <skipped>false</skipped>
          <failedSince>0</failedSince>
        </case>
      </cases>
    </suite>
    <suite>
      <file>/home/jenkins/slave/workspace/jenkins_main_trunk/test/target/surefire-reports/hudson.slaves.JNLPLauncherTest.testConfigRoundtrip.879.xml</file>
      <name>hudson.slaves.JNLPLauncherTest.testConfigRoundtrip</name>
      <stdout>=== Starting JNLPLauncherTest.testConfigRoundtrip
</stdout>
      <stderr>Dec 11, 2012 11:31:41 AM org.mortbay.log.Slf4jLog info
INFO: jetty-6.1.26
Dec 11, 2012 11:31:41 AM org.mortbay.log.Slf4jLog info
INFO: NO JSP Support for , did not find org.apache.jasper.servlet.JspServlet
Dec 11, 2012 11:31:41 AM org.mortbay.log.Slf4jLog info
INFO: Started SocketConnector@0.0.0.0:43614
Dec 11, 2012 11:31:41 AM jenkins.InitReactorRunner$1 onAttained
INFO: Started initialization
Dec 11, 2012 11:31:41 AM jenkins.InitReactorRunner$1 onAttained
INFO: Listed all plugins
Dec 11, 2012 
...[truncated 6653 chars]...
hudson.PluginWrapper stop
INFO: Stopping ant
Dec 11, 2012 11:31:45 AM hudson.PluginWrapper stop
INFO: Stopping javadoc
Dec 11, 2012 11:31:45 AM hudson.PluginWrapper stop
INFO: Stopping subversion
Dec 11, 2012 11:31:45 AM hudson.PluginWrapper stop
INFO: Stopping cvs
Dec 11, 2012 11:31:45 AM hudson.PluginWrapper stop
INFO: Stopping maven-plugin
Dec 11, 2012 11:31:45 AM hudson.PluginWrapper stop
INFO: Stopping translation
Dec 11, 2012 11:31:45 AM hudson.PluginWrapper stop
INFO: Stopping ssh-slaves
</stderr>
      <duration>5.075</duration>
      <timestamp>2012-12-11T11:31:41</timestamp>
      <cases>
        <case>
          <duration>5.075</duration>
          <className>hudson.slaves.JNLPLauncherTest</className>
          <testName>testConfigRoundtrip</testName>
          <skipped>false</skipped>
          <failedSince>0</failedSince>
        </case>
      </cases>
    </suite>
    <suite>
      <file>/home/jenkins/slave/workspace/jenkins_main_trunk/test/target/surefire-reports/hudson.slaves.JNLPLauncherTest.testHeadlessLaunch.881.xml</file>
      <name>hudson.slaves.JNLPLauncherTest.testHeadlessLaunch</name>
      <stdout>=== Starting JNLPLauncherTest.testHeadlessLaunch
[.] $ /home/jenkins/slave/tools/JDK/jdk6_24/jre/bin/java -jar /home/jenkins/slave/workspace/jenkins_main_trunk/.repository/org/jvnet/hudson/netx/0.5-hudson-2/netx-0.5-hudson-2.jar -headless -basedir /home/jenkins/slave/workspace/jenkins_main_trunk/test/target/hudson8949806080242190183test -nosecurity -jnlp http://localhost:42924/computer/test/slave-agent.jnlp -arg -headless
Dec 11, 2012 11:31:50 AM hudson.remoting.jnlp.Main$CuiListener &lt;init&gt;
INFO: Hudson agent is running in headless mode.
Dec 11, 2012 11:31:50 AM hudson.remoting.jnlp.Main$CuiListener status
INFO: Locating server among [http://localhost:42924/]
Dec 11, 2012 11:31:50 AM hudson.remoting.jnlp.Main$CuiListener status
INFO: Connecting to localhost:34323
Dec 11, 2012 11:31:50 AM hudson.remoting.jnlp.Main$CuiListener status
INFO: Handshaking
Dec 11, 2012 11:31:50 AM hudson.remoting.jnlp.Main$CuiListener status
INFO: Connected
</stdout>
      <stderr>Dec 11, 2012 11:31:48 AM org.mortbay.log.Slf4jLog info
INFO: jetty-6.1.26
Dec 11, 2012 11:31:48 AM org.mortbay.log.Slf4jLog info
INFO: NO JSP Support for , did not find org.apache.jasper.servlet.JspServlet
Dec 11, 2012 11:31:48 AM org.mortbay.log.Slf4jLog info
INFO: Started SocketConnector@0.0.0.0:42924
Dec 11, 2012 11:31:48 AM jenkins.InitReactorRunner$1 onAttained
INFO: Started initialization
Dec 11, 2012 11:31:48 AM jenkins.InitReactorRunner$1 onAttained
INFO: Listed all plugins
Dec 11, 2012 
...[truncated 5207 chars]...
hudson.PluginWrapper stop
INFO: Stopping ant
Dec 11, 2012 11:31:51 AM hudson.PluginWrapper stop
INFO: Stopping javadoc
Dec 11, 2012 11:31:51 AM hudson.PluginWrapper stop
INFO: Stopping subversion
Dec 11, 2012 11:31:51 AM hudson.PluginWrapper stop
INFO: Stopping cvs
Dec 11, 2012 11:31:51 AM hudson.PluginWrapper stop
INFO: Stopping maven-plugin
Dec 11, 2012 11:31:51 AM hudson.PluginWrapper stop
INFO: Stopping translation
Dec 11, 2012 11:31:51 AM hudson.PluginWrapper stop
INFO: Stopping ssh-slaves
</stderr>
      <duration>4.437</duration>
      <timestamp>2012-12-11T11:31:47</timestamp>
      <cases>
        <case>
          <duration>4.437</duration>
          <className>hudson.slaves.JNLPLauncherTest</className>
          <testName>testHeadlessLaunch</testName>
          <skipped>false</skipped>
          <failedSince>0</failedSince>
        </case>
      </cases>
    </suite>
    <suite>
      <file>/home/jenkins/slave/workspace/jenkins_main_trunk/test/target/surefire-reports/hudson.slaves.JNLPLauncherTest.testLaunch.880.xml</file>
      <name>hudson.slaves.JNLPLauncherTest.testLaunch</name>
      <stdout>=== Starting JNLPLauncherTest.testLaunch
</stdout>
      <stderr>Dec 11, 2012 11:31:46 AM org.mortbay.log.Slf4jLog info
INFO: jetty-6.1.26
Dec 11, 2012 11:31:46 AM org.mortbay.log.Slf4jLog info
INFO: NO JSP Support for , did not find org.apache.jasper.servlet.JspServlet
Dec 11, 2012 11:31:46 AM org.mortbay.log.Slf4jLog info
INFO: Started SocketConnector@0.0.0.0:48530
Dec 11, 2012 11:31:46 AM jenkins.InitReactorRunner$1 onAttained
INFO: Started initialization
Dec 11, 2012 11:31:46 AM jenkins.InitReactorRunner$1 onAttained
INFO: Listed all plugins
Dec 11, 2012 
...[truncated 1062 chars]...
hudson.PluginWrapper stop
INFO: Stopping ant
Dec 11, 2012 11:31:47 AM hudson.PluginWrapper stop
INFO: Stopping javadoc
Dec 11, 2012 11:31:47 AM hudson.PluginWrapper stop
INFO: Stopping subversion
Dec 11, 2012 11:31:47 AM hudson.PluginWrapper stop
INFO: Stopping cvs
Dec 11, 2012 11:31:47 AM hudson.PluginWrapper stop
INFO: Stopping maven-plugin
Dec 11, 2012 11:31:47 AM hudson.PluginWrapper stop
INFO: Stopping translation
Dec 11, 2012 11:31:47 AM hudson.PluginWrapper stop
INFO: Stopping ssh-slaves
</stderr>
      <duration>1.789</duration>
      <timestamp>2012-12-11T11:31:46</timestamp>
      <cases>
        <case>
          <duration>1.789</duration>
          <className>hudson.slaves.JNLPLauncherTest</className>
          <testName>testLaunch</testName>
          <skipped>false</skipped>
          <failedSince>0</failedSince>
        </case>
      </cases>
    </suite>
    <suite>
      <file>/home/jenkins/slave/workspace/jenkins_main_trunk/test/target/surefire-reports/hudson.slaves.NodeCanTakeTaskTest.testTakeBlockedByProperty.882.xml</file>
      <name>hudson.slaves.NodeCanTakeTaskTest.testTakeBlockedByProperty</name>
      <stdout>=== Starting NodeCanTakeTaskTest.testTakeBlockedByProperty
</stdout>
      <stderr>Dec 11, 2012 11:31:52 AM org.mortbay.log.Slf4jLog info
INFO: jetty-6.1.26
Dec 11, 2012 11:31:52 AM org.mortbay.log.Slf4jLog info
INFO: NO JSP Support for , did not find org.apache.jasper.servlet.JspServlet
Dec 11, 2012 11:31:52 AM org.mortbay.log.Slf4jLog info
INFO: Started SocketConnector@0.0.0.0:51619
Dec 11, 2012 11:31:52 AM jenkins.InitReactorRunner$1 onAttained
INFO: Started initialization
Dec 11, 2012 11:31:52 AM jenkins.InitReactorRunner$1 onAttained
INFO: Listed all plugins
Dec 11, 2012 
...[truncated 1195 chars]...
hudson.PluginWrapper stop
INFO: Stopping ant
Dec 11, 2012 11:32:04 AM hudson.PluginWrapper stop
INFO: Stopping javadoc
Dec 11, 2012 11:32:04 AM hudson.PluginWrapper stop
INFO: Stopping subversion
Dec 11, 2012 11:32:04 AM hudson.PluginWrapper stop
INFO: Stopping cvs
Dec 11, 2012 11:32:04 AM hudson.PluginWrapper stop
INFO: Stopping maven-plugin
Dec 11, 2012 11:32:04 AM hudson.PluginWrapper stop
INFO: Stopping translation
Dec 11, 2012 11:32:04 AM hudson.PluginWrapper stop
INFO: Stopping ssh-slaves
</stderr>
      <duration>12.895</duration>
      <timestamp>2012-12-11T11:31:52</timestamp>
      <cases>
        <case>
          <duration>12.895</duration>
          <className>hudson.slaves.NodeCanTakeTaskTest</className>
          <testName>testTakeBlockedByProperty</testName>
          <skipped>false</skipped>
          <failedSince>0</failedSince>
        </case>
      </cases>
    </suite>
    <suite>
      <file>/home/jenkins/slave/workspace/jenkins_main_trunk/test/target/surefire-reports/hudson.slaves.NodePropertyTest.testBasicConfigRoundtrip.884.xml</file>
      <name>hudson.slaves.NodePropertyTest.testBasicConfigRoundtrip</name>
      <stdout>=== Starting NodePropertyTest.testBasicConfigRoundtrip
</stdout>
      <stderr>Dec 11, 2012 11:32:10 AM org.mortbay.log.Slf4jLog info
INFO: jetty-6.1.26
Dec 11, 2012 11:32:10 AM org.mortbay.log.Slf4jLog info
INFO: NO JSP Support for , did not find org.apache.jasper.servlet.JspServlet
Dec 11, 2012 11:32:10 AM org.mortbay.log.Slf4jLog info
INFO: Started SocketConnector@0.0.0.0:57258
Dec 11, 2012 11:32:10 AM jenkins.InitReactorRunner$1 onAttained
INFO: Started initialization
Dec 11, 2012 11:32:10 AM jenkins.InitReactorRunner$1 onAttained
INFO: Listed all plugins
Dec 11, 2012 
...[truncated 12213 chars]...
hudson.PluginWrapper stop
INFO: Stopping ant
Dec 11, 2012 11:32:17 AM hudson.PluginWrapper stop
INFO: Stopping javadoc
Dec 11, 2012 11:32:17 AM hudson.PluginWrapper stop
INFO: Stopping subversion
Dec 11, 2012 11:32:17 AM hudson.PluginWrapper stop
INFO: Stopping cvs
Dec 11, 2012 11:32:17 AM hudson.PluginWrapper stop
INFO: Stopping maven-plugin
Dec 11, 2012 11:32:17 AM hudson.PluginWrapper stop
INFO: Stopping translation
Dec 11, 2012 11:32:17 AM hudson.PluginWrapper stop
INFO: Stopping ssh-slaves
</stderr>
      <duration>8.506</duration>
      <timestamp>2012-12-11T11:32:10</timestamp>
      <cases>
        <case>
          <duration>8.506</duration>
          <className>hudson.slaves.NodePropertyTest</className>
          <testName>testBasicConfigRoundtrip</testName>
          <skipped>false</skipped>
          <failedSince>0</failedSince>
        </case>
      </cases>
    </suite>
    <suite>
      <file>/home/jenkins/slave/workspace/jenkins_main_trunk/test/target/surefire-reports/hudson.slaves.NodePropertyTest.testInvisibleProperty.883.xml</file>
      <name>hudson.slaves.NodePropertyTest.testInvisibleProperty</name>
      <stdout>=== Starting NodePropertyTest.testInvisibleProperty
</stdout>
      <stderr>Dec 11, 2012 11:32:05 AM org.mortbay.log.Slf4jLog info
INFO: jetty-6.1.26
Dec 11, 2012 11:32:05 AM org.mortbay.log.Slf4jLog info
INFO: NO JSP Support for , did not find org.apache.jasper.servlet.JspServlet
Dec 11, 2012 11:32:05 AM org.mortbay.log.Slf4jLog info
INFO: Started SocketConnector@0.0.0.0:53097
Dec 11, 2012 11:32:05 AM jenkins.InitReactorRunner$1 onAttained
INFO: Started initialization
Dec 11, 2012 11:32:05 AM jenkins.InitReactorRunner$1 onAttained
INFO: Listed all plugins
Dec 11, 2012 
...[truncated 6653 chars]...
hudson.PluginWrapper stop
INFO: Stopping ant
Dec 11, 2012 11:32:09 AM hudson.PluginWrapper stop
INFO: Stopping javadoc
Dec 11, 2012 11:32:09 AM hudson.PluginWrapper stop
INFO: Stopping subversion
Dec 11, 2012 11:32:09 AM hudson.PluginWrapper stop
INFO: Stopping cvs
Dec 11, 2012 11:32:09 AM hudson.PluginWrapper stop
INFO: Stopping maven-plugin
Dec 11, 2012 11:32:09 AM hudson.PluginWrapper stop
INFO: Stopping translation
Dec 11, 2012 11:32:09 AM hudson.PluginWrapper stop
INFO: Stopping ssh-slaves
</stderr>
      <duration>4.794</duration>
      <timestamp>2012-12-11T11:32:05</timestamp>
      <cases>
        <case>
          <duration>4.794</duration>
          <className>hudson.slaves.NodePropertyTest</className>
          <testName>testInvisibleProperty</testName>
          <skipped>false</skipped>
          <failedSince>0</failedSince>
        </case>
      </cases>
    </suite>
    <suite>
      <file>/home/jenkins/slave/workspace/jenkins_main_trunk/test/target/surefire-reports/hudson.slaves.NodeProvisionerTest.testDummy.885.xml</file>
      <name>hudson.slaves.NodeProvisionerTest.testDummy</name>
      <stdout>=== Starting NodeProvisionerTest.testDummy
</stdout>
      <stderr>Dec 11, 2012 11:32:18 AM org.mortbay.log.Slf4jLog info
INFO: jetty-6.1.26
Dec 11, 2012 11:32:18 AM org.mortbay.log.Slf4jLog info
INFO: NO JSP Support for , did not find org.apache.jasper.servlet.JspServlet
Dec 11, 2012 11:32:18 AM org.mortbay.log.Slf4jLog info
INFO: Started SocketConnector@0.0.0.0:58197
Dec 11, 2012 11:32:18 AM jenkins.InitReactorRunner$1 onAttained
INFO: Started initialization
Dec 11, 2012 11:32:18 AM jenkins.InitReactorRunner$1 onAttained
INFO: Listed all plugins
Dec 11, 2012 
...[truncated 993 chars]...
hudson.PluginWrapper stop
INFO: Stopping ant
Dec 11, 2012 11:32:20 AM hudson.PluginWrapper stop
INFO: Stopping javadoc
Dec 11, 2012 11:32:20 AM hudson.PluginWrapper stop
INFO: Stopping subversion
Dec 11, 2012 11:32:20 AM hudson.PluginWrapper stop
INFO: Stopping cvs
Dec 11, 2012 11:32:20 AM hudson.PluginWrapper stop
INFO: Stopping maven-plugin
Dec 11, 2012 11:32:20 AM hudson.PluginWrapper stop
INFO: Stopping translation
Dec 11, 2012 11:32:20 AM hudson.PluginWrapper stop
INFO: Stopping ssh-slaves
</stderr>
      <duration>2.807</duration>
      <timestamp>2012-12-11T11:32:18</timestamp>
      <cases>
        <case>
          <duration>2.807</duration>
          <className>hudson.slaves.NodeProvisionerTest</className>
          <testName>testDummy</testName>
          <skipped>false</skipped>
          <failedSince>0</failedSince>
        </case>
      </cases>
    </suite>
    <suite>
      <file>/home/jenkins/slave/workspace/jenkins_main_trunk/test/target/surefire-reports/hudson.tasks.ArtifactArchiverTest.testEmptyDirectories.888.xml</file>
      <name>hudson.tasks.ArtifactArchiverTest.testEmptyDirectories</name>
      <stdout>=== Starting ArtifactArchiverTest.testEmptyDirectories
</stdout>
      <stderr>Dec 11, 2012 11:32:37 AM org.mortbay.log.Slf4jLog info
INFO: jetty-6.1.26
Dec 11, 2012 11:32:37 AM org.mortbay.log.Slf4jLog info
INFO: NO JSP Support for , did not find org.apache.jasper.servlet.JspServlet
Dec 11, 2012 11:32:37 AM org.mortbay.log.Slf4jLog info
INFO: Started SocketConnector@0.0.0.0:51118
Dec 11, 2012 11:32:37 AM jenkins.InitReactorRunner$1 onAttained
INFO: Started initialization
Dec 11, 2012 11:32:37 AM jenkins.InitReactorRunner$1 onAttained
INFO: Listed all plugins
Dec 11, 2012 
...[truncated 1095 chars]...
hudson.PluginWrapper stop
INFO: Stopping ant
Dec 11, 2012 11:32:38 AM hudson.PluginWrapper stop
INFO: Stopping javadoc
Dec 11, 2012 11:32:38 AM hudson.PluginWrapper stop
INFO: Stopping subversion
Dec 11, 2012 11:32:38 AM hudson.PluginWrapper stop
INFO: Stopping cvs
Dec 11, 2012 11:32:38 AM hudson.PluginWrapper stop
INFO: Stopping maven-plugin
Dec 11, 2012 11:32:38 AM hudson.PluginWrapper stop
INFO: Stopping translation
Dec 11, 2012 11:32:38 AM hudson.PluginWrapper stop
INFO: Stopping ssh-slaves
</stderr>
      <duration>2.054</duration>
      <timestamp>2012-12-11T11:32:37</timestamp>
      <cases>
        <case>
          <duration>2.054</duration>
          <className>hudson.tasks.ArtifactArchiverTest</className>
          <testName>testEmptyDirectories</testName>
          <skipped>false</skipped>
          <failedSince>0</failedSince>
        </case>
      </cases>
    </suite>
    <suite>
      <file>/home/jenkins/slave/workspace/jenkins_main_trunk/test/target/surefire-reports/hudson.tasks.ArtifactArchiverTest.testStableVsUnstable.887.xml</file>
      <name>hudson.tasks.ArtifactArchiverTest.testStableVsUnstable</name>
      <stdout>=== Starting ArtifactArchiverTest.testStableVsUnstable
</stdout>
      <stderr>Dec 11, 2012 11:32:29 AM org.mortbay.log.Slf4jLog info
INFO: jetty-6.1.26
Dec 11, 2012 11:32:29 AM org.mortbay.log.Slf4jLog info
INFO: NO JSP Support for , did not find org.apache.jasper.servlet.JspServlet
Dec 11, 2012 11:32:29 AM org.mortbay.log.Slf4jLog info
INFO: Started SocketConnector@0.0.0.0:57741
Dec 11, 2012 11:32:29 AM jenkins.InitReactorRunner$1 onAttained
INFO: Started initialization
Dec 11, 2012 11:32:29 AM jenkins.InitReactorRunner$1 onAttained
INFO: Listed all plugins
Dec 11, 2012 
...[truncated 1605 chars]...
hudson.PluginWrapper stop
INFO: Stopping ant
Dec 11, 2012 11:32:36 AM hudson.PluginWrapper stop
INFO: Stopping javadoc
Dec 11, 2012 11:32:36 AM hudson.PluginWrapper stop
INFO: Stopping subversion
Dec 11, 2012 11:32:36 AM hudson.PluginWrapper stop
INFO: Stopping cvs
Dec 11, 2012 11:32:36 AM hudson.PluginWrapper stop
INFO: Stopping maven-plugin
Dec 11, 2012 11:32:36 AM hudson.PluginWrapper stop
INFO: Stopping translation
Dec 11, 2012 11:32:36 AM hudson.PluginWrapper stop
INFO: Stopping ssh-slaves
</stderr>
      <duration>7.304</duration>
      <timestamp>2012-12-11T11:32:29</timestamp>
      <cases>
        <case>
          <duration>7.304</duration>
          <className>hudson.tasks.ArtifactArchiverTest</className>
          <testName>testStableVsUnstable</testName>
          <skipped>false</skipped>
          <failedSince>0</failedSince>
        </case>
      </cases>
    </suite>
    <suite>
      <file>/home/jenkins/slave/workspace/jenkins_main_trunk/test/target/surefire-reports/hudson.tasks.ArtifactArchiverTest.testSuccessVsFailure.886.xml</file>
      <name>hudson.tasks.ArtifactArchiverTest.testSuccessVsFailure</name>
      <stdout>=== Starting ArtifactArchiverTest.testSuccessVsFailure
</stdout>
      <stderr>Dec 11, 2012 11:32:21 AM org.mortbay.log.Slf4jLog info
INFO: jetty-6.1.26
Dec 11, 2012 11:32:21 AM org.mortbay.log.Slf4jLog info
INFO: NO JSP Support for , did not find org.apache.jasper.servlet.JspServlet
Dec 11, 2012 11:32:21 AM org.mortbay.log.Slf4jLog info
INFO: Started SocketConnector@0.0.0.0:43803
Dec 11, 2012 11:32:21 AM jenkins.InitReactorRunner$1 onAttained
INFO: Started initialization
Dec 11, 2012 11:32:21 AM jenkins.InitReactorRunner$1 onAttained
INFO: Listed all plugins
Dec 11, 2012 
...[truncated 1707 chars]...
hudson.PluginWrapper stop
INFO: Stopping ant
Dec 11, 2012 11:32:29 AM hudson.PluginWrapper stop
INFO: Stopping javadoc
Dec 11, 2012 11:32:29 AM hudson.PluginWrapper stop
INFO: Stopping subversion
Dec 11, 2012 11:32:29 AM hudson.PluginWrapper stop
INFO: Stopping cvs
Dec 11, 2012 11:32:29 AM hudson.PluginWrapper stop
INFO: Stopping maven-plugin
Dec 11, 2012 11:32:29 AM hudson.PluginWrapper stop
INFO: Stopping translation
Dec 11, 2012 11:32:29 AM hudson.PluginWrapper stop
INFO: Stopping ssh-slaves
</stderr>
      <duration>8.331</duration>
      <timestamp>2012-12-11T11:32:21</timestamp>
      <cases>
        <case>
          <duration>8.331</duration>
          <className>hudson.tasks.ArtifactArchiverTest</className>
          <testName>testSuccessVsFailure</testName>
          <skipped>false</skipped>
          <failedSince>0</failedSince>
        </case>
      </cases>
    </suite>
    <suite>
      <file>/home/jenkins/slave/workspace/jenkins_main_trunk/test/target/surefire-reports/hudson.tasks.BuildTriggerTest.testBuildTrigger.889.xml</file>
      <name>hudson.tasks.BuildTriggerTest.testBuildTrigger</name>
      <stdout>=== Starting BuildTriggerTest.testBuildTrigger
</stdout>
      <stderr>Dec 11, 2012 11:32:39 AM org.mortbay.log.Slf4jLog info
INFO: jetty-6.1.26
Dec 11, 2012 11:32:39 AM org.mortbay.log.Slf4jLog info
INFO: NO JSP Support for , did not find org.apache.jasper.servlet.JspServlet
Dec 11, 2012 11:32:39 AM org.mortbay.log.Slf4jLog info
INFO: Started SocketConnector@0.0.0.0:40830
Dec 11, 2012 11:32:39 AM jenkins.InitReactorRunner$1 onAttained
INFO: Started initialization
Dec 11, 2012 11:32:39 AM jenkins.InitReactorRunner$1 onAttained
INFO: Listed all plugins
Dec 11, 2012 
...[truncated 7165 chars]...
hudson.PluginWrapper stop
INFO: Stopping ant
Dec 11, 2012 11:32:46 AM hudson.PluginWrapper stop
INFO: Stopping javadoc
Dec 11, 2012 11:32:46 AM hudson.PluginWrapper stop
INFO: Stopping subversion
Dec 11, 2012 11:32:46 AM hudson.PluginWrapper stop
INFO: Stopping cvs
Dec 11, 2012 11:32:46 AM hudson.PluginWrapper stop
INFO: Stopping maven-plugin
Dec 11, 2012 11:32:46 AM hudson.PluginWrapper stop
INFO: Stopping translation
Dec 11, 2012 11:32:46 AM hudson.PluginWrapper stop
INFO: Stopping ssh-slaves
</stderr>
      <duration>8.069</duration>
      <timestamp>2012-12-11T11:32:39</timestamp>
      <cases>
        <case>
          <duration>8.069</duration>
          <className>hudson.tasks.BuildTriggerTest</className>
          <testName>testBuildTrigger</testName>
          <skipped>false</skipped>
          <failedSince>0</failedSince>
        </case>
      </cases>
    </suite>
    <suite>
      <file>/home/jenkins/slave/workspace/jenkins_main_trunk/test/target/surefire-reports/hudson.tasks.BuildTriggerTest.testMavenBuildTrigger.891.xml</file>
      <name>hudson.tasks.BuildTriggerTest.testMavenBuildTrigger</name>
      <stdout>=== Starting BuildTriggerTest.testMavenBuildTrigger
</stdout>
      <stderr>Dec 11, 2012 11:32:55 AM org.mortbay.log.Slf4jLog info
INFO: jetty-6.1.26
Dec 11, 2012 11:32:55 AM org.mortbay.log.Slf4jLog info
INFO: NO JSP Support for , did not find org.apache.jasper.servlet.JspServlet
Dec 11, 2012 11:32:55 AM org.mortbay.log.Slf4jLog info
INFO: Started SocketConnector@0.0.0.0:34163
Dec 11, 2012 11:32:55 AM jenkins.InitReactorRunner$1 onAttained
INFO: Started initialization
Dec 11, 2012 11:32:55 AM jenkins.InitReactorRunner$1 onAttained
INFO: Listed all plugins
Dec 11, 2012 
...[truncated 7164 chars]...
hudson.PluginWrapper stop
INFO: Stopping ant
Dec 11, 2012 11:33:18 AM hudson.PluginWrapper stop
INFO: Stopping javadoc
Dec 11, 2012 11:33:18 AM hudson.PluginWrapper stop
INFO: Stopping subversion
Dec 11, 2012 11:33:18 AM hudson.PluginWrapper stop
INFO: Stopping cvs
Dec 11, 2012 11:33:18 AM hudson.PluginWrapper stop
INFO: Stopping maven-plugin
Dec 11, 2012 11:33:18 AM hudson.PluginWrapper stop
INFO: Stopping translation
Dec 11, 2012 11:33:18 AM hudson.PluginWrapper stop
INFO: Stopping ssh-slaves
</stderr>
      <duration>22.876</duration>
      <timestamp>2012-12-11T11:32:55</timestamp>
      <cases>
        <case>
          <duration>22.876</duration>
          <className>hudson.tasks.BuildTriggerTest</className>
          <testName>testMavenBuildTrigger</testName>
          <skipped>false</skipped>
          <failedSince>0</failedSince>
        </case>
      </cases>
    </suite>
    <suite>
      <file>/home/jenkins/slave/workspace/jenkins_main_trunk/test/target/surefire-reports/hudson.tasks.BuildTriggerTest.testMavenTriggerEvenWhenUnstable.892.xml</file>
      <name>hudson.tasks.BuildTriggerTest.testMavenTriggerEvenWhenUnstable</name>
      <stdout>=== Starting BuildTriggerTest.testMavenTriggerEvenWhenUnstable
</stdout>
      <stderr>Dec 11, 2012 11:33:18 AM org.mortbay.log.Slf4jLog info
INFO: jetty-6.1.26
Dec 11, 2012 11:33:18 AM org.mortbay.log.Slf4jLog info
INFO: NO JSP Support for , did not find org.apache.jasper.servlet.JspServlet
Dec 11, 2012 11:33:18 AM org.mortbay.log.Slf4jLog info
INFO: Started SocketConnector@0.0.0.0:43009
Dec 11, 2012 11:33:18 AM jenkins.InitReactorRunner$1 onAttained
INFO: Started initialization
Dec 11, 2012 11:33:18 AM jenkins.InitReactorRunner$1 onAttained
INFO: Listed all plugins
Dec 11, 2012 
...[truncated 7164 chars]...
hudson.PluginWrapper stop
INFO: Stopping ant
Dec 11, 2012 11:33:35 AM hudson.PluginWrapper stop
INFO: Stopping javadoc
Dec 11, 2012 11:33:35 AM hudson.PluginWrapper stop
INFO: Stopping subversion
Dec 11, 2012 11:33:35 AM hudson.PluginWrapper stop
INFO: Stopping cvs
Dec 11, 2012 11:33:35 AM hudson.PluginWrapper stop
INFO: Stopping maven-plugin
Dec 11, 2012 11:33:35 AM hudson.PluginWrapper stop
INFO: Stopping translation
Dec 11, 2012 11:33:35 AM hudson.PluginWrapper stop
INFO: Stopping ssh-slaves
</stderr>
      <duration>17.583</duration>
      <timestamp>2012-12-11T11:33:18</timestamp>
      <cases>
        <case>
          <duration>17.583</duration>
          <className>hudson.tasks.BuildTriggerTest</className>
          <testName>testMavenTriggerEvenWhenUnstable</testName>
          <skipped>false</skipped>
          <failedSince>0</failedSince>
        </case>
      </cases>
    </suite>
    <suite>
      <file>/home/jenkins/slave/workspace/jenkins_main_trunk/test/target/surefire-reports/hudson.tasks.BuildTriggerTest.testTriggerEvenWhenUnstable.890.xml</file>
      <name>hudson.tasks.BuildTriggerTest.testTriggerEvenWhenUnstable</name>
      <stdout>=== Starting BuildTriggerTest.testTriggerEvenWhenUnstable
</stdout>
      <stderr>Dec 11, 2012 11:32:47 AM org.mortbay.log.Slf4jLog info
INFO: jetty-6.1.26
Dec 11, 2012 11:32:47 AM org.mortbay.log.Slf4jLog info
INFO: NO JSP Support for , did not find org.apache.jasper.servlet.JspServlet
Dec 11, 2012 11:32:47 AM org.mortbay.log.Slf4jLog info
INFO: Started SocketConnector@0.0.0.0:59665
Dec 11, 2012 11:32:47 AM jenkins.InitReactorRunner$1 onAttained
INFO: Started initialization
Dec 11, 2012 11:32:47 AM jenkins.InitReactorRunner$1 onAttained
INFO: Listed all plugins
Dec 11, 2012 
...[truncated 7165 chars]...
hudson.PluginWrapper stop
INFO: Stopping ant
Dec 11, 2012 11:32:55 AM hudson.PluginWrapper stop
INFO: Stopping javadoc
Dec 11, 2012 11:32:55 AM hudson.PluginWrapper stop
INFO: Stopping subversion
Dec 11, 2012 11:32:55 AM hudson.PluginWrapper stop
INFO: Stopping cvs
Dec 11, 2012 11:32:55 AM hudson.PluginWrapper stop
INFO: Stopping maven-plugin
Dec 11, 2012 11:32:55 AM hudson.PluginWrapper stop
INFO: Stopping translation
Dec 11, 2012 11:32:55 AM hudson.PluginWrapper stop
INFO: Stopping ssh-slaves
</stderr>
      <duration>8.502</duration>
      <timestamp>2012-12-11T11:32:47</timestamp>
      <cases>
        <case>
          <duration>8.502</duration>
          <className>hudson.tasks.BuildTriggerTest</className>
          <testName>testTriggerEvenWhenUnstable</testName>
          <skipped>false</skipped>
          <failedSince>0</failedSince>
        </case>
      </cases>
    </suite>
    <suite>
      <file>/home/jenkins/slave/workspace/jenkins_main_trunk/test/target/surefire-reports/hudson.tasks.EnvVarsInConfigTasksTest.testFreeStyleAntOnSlave.894.xml</file>
      <name>hudson.tasks.EnvVarsInConfigTasksTest.testFreeStyleAntOnSlave</name>
      <stdout>=== Starting EnvVarsInConfigTasksTest.testFreeStyleAntOnSlave
#1 completed
#2 completed
Legacy code started this job.  No cause information is available
Building remotely on [8mha:AAAAnB+LCAAAAAAAAABb85aBtbiIQTGjNKU4P08vOT+vOD8nVc83PyU1x6OyILUoJzMv2y+/JJUBAhiZGBgqihhk0NSjKDWzXb3RdlLBUSYGJk8GtpzUvPSSDB8G5tKinBIGIZ+sxLJE/ZzEvHT94JKizLx0a6BxUmjGOUNodHsLgAy2EgYB/eT83ILSktQi/eKcxLJUAwCuxmeFxQAAAA==[0mslave0 in workspace /home/jenkins/slave/workspace/jenkins_main_trunk/test/target/hudson85595248700484
...[truncated 1000 chars]...
cho] Ant version: Apache Ant version 1.8.1 compiled on April 30 2010
     [echo] Project name: proba
     [echo] Java version: 1.6
     [echo] Ant home: /home/jenkins/slave/workspace/jenkins_main_trunk/test/target/hudson3995463780522790800test/apache-ant-1.8.1
     [echo] Test property: correct

[8mha:AAAAYB+LCAAAAAAAAABb85aBtbiIQSGjNKU4P0+vJLE4u1gvPjGvRM8xr8S/tCQ5PzfVL78ktUuDM0uMry+HiYGhoohBCqo8OT+vOD8nVc8ZQoMUMkAAI0hhAQAUXUdTXgAAAA==[0mBUILD SUCCESSFUL
Total time: 0 seconds
Finished: SUCCESS

</stdout>
      <stderr>Dec 11, 2012 11:33:42 AM org.mortbay.log.Slf4jLog info
INFO: jetty-6.1.26
Dec 11, 2012 11:33:42 AM org.mortbay.log.Slf4jLog info
INFO: NO JSP Support for , did not find org.apache.jasper.servlet.JspServlet
Dec 11, 2012 11:33:42 AM org.mortbay.log.Slf4jLog info
INFO: Started SocketConnector@0.0.0.0:46001
Dec 11, 2012 11:33:42 AM jenkins.InitReactorRunner$1 onAttained
INFO: Started initialization
Dec 11, 2012 11:33:42 AM jenkins.InitReactorRunner$1 onAttained
INFO: Listed all plugins
Dec 11, 2012 
...[truncated 1642 chars]...
hudson.PluginWrapper stop
INFO: Stopping ant
Dec 11, 2012 11:33:49 AM hudson.PluginWrapper stop
INFO: Stopping javadoc
Dec 11, 2012 11:33:49 AM hudson.PluginWrapper stop
INFO: Stopping subversion
Dec 11, 2012 11:33:49 AM hudson.PluginWrapper stop
INFO: Stopping cvs
Dec 11, 2012 11:33:49 AM hudson.PluginWrapper stop
INFO: Stopping maven-plugin
Dec 11, 2012 11:33:49 AM hudson.PluginWrapper stop
INFO: Stopping translation
Dec 11, 2012 11:33:49 AM hudson.PluginWrapper stop
INFO: Stopping ssh-slaves
</stderr>
      <duration>6.882</duration>
      <timestamp>2012-12-11T11:33:42</timestamp>
      <cases>
        <case>
          <duration>6.882</duration>
          <className>hudson.tasks.EnvVarsInConfigTasksTest</className>
          <testName>testFreeStyleAntOnSlave</testName>
          <skipped>false</skipped>
          <failedSince>0</failedSince>
        </case>
      </cases>
    </suite>
    <suite>
      <file>/home/jenkins/slave/workspace/jenkins_main_trunk/test/target/surefire-reports/hudson.tasks.EnvVarsInConfigTasksTest.testFreeStyleMavenOnSlave.895.xml</file>
      <name>hudson.tasks.EnvVarsInConfigTasksTest.testFreeStyleMavenOnSlave</name>
      <stdout>=== Starting EnvVarsInConfigTasksTest.testFreeStyleMavenOnSlave
#1 completed
Legacy code started this job.  No cause information is available
Building remotely on [8mha:AAAAnB+LCAAAAAAAAABb85aBtbiIQTGjNKU4P08vOT+vOD8nVc83PyU1x6OyILUoJzMv2y+/JJUBAhiZGBgqihhk0NSjKDWzXb3RdlLBUSYGJk8GtpzUvPSSDB8G5tKinBIGIZ+sxLJE/ZzEvHT94JKizLx0a6BxUmjGOUNodHsLgAy2EgYB/eT83ILSktQi/eKcxLJUQwA49mDyxQAAAA==[0mslave1 in workspace /home/jenkins/slave/workspace/jenkins_main_trunk/test/target/hudson6384717228856433160test/w
...[truncated 1638 chars]...
---------------------------------------------------------------
[INFO] No goals needed for project - skipping
[INFO] ------------------------------------------------------------------------
[INFO] BUILD SUCCESSFUL
[INFO] ------------------------------------------------------------------------
[INFO] Total time: &lt; 1 second
[INFO] Finished at: Tue Dec 11 11:33:56 UTC 2012
[INFO] Final Memory: 1M/59M
[INFO] ------------------------------------------------------------------------
Finished: SUCCESS

</stdout>
      <stderr>Dec 11, 2012 11:33:49 AM org.mortbay.log.Slf4jLog info
INFO: jetty-6.1.26
Dec 11, 2012 11:33:49 AM org.mortbay.log.Slf4jLog info
INFO: NO JSP Support for , did not find org.apache.jasper.servlet.JspServlet
Dec 11, 2012 11:33:49 AM org.mortbay.log.Slf4jLog info
INFO: Started SocketConnector@0.0.0.0:52529
Dec 11, 2012 11:33:49 AM jenkins.InitReactorRunner$1 onAttained
INFO: Started initialization
Dec 11, 2012 11:33:49 AM jenkins.InitReactorRunner$1 onAttained
INFO: Listed all plugins
Dec 11, 2012 
...[truncated 1642 chars]...
hudson.PluginWrapper stop
INFO: Stopping ant
Dec 11, 2012 11:33:56 AM hudson.PluginWrapper stop
INFO: Stopping javadoc
Dec 11, 2012 11:33:56 AM hudson.PluginWrapper stop
INFO: Stopping subversion
Dec 11, 2012 11:33:56 AM hudson.PluginWrapper stop
INFO: Stopping cvs
Dec 11, 2012 11:33:56 AM hudson.PluginWrapper stop
INFO: Stopping maven-plugin
Dec 11, 2012 11:33:56 AM hudson.PluginWrapper stop
INFO: Stopping translation
Dec 11, 2012 11:33:56 AM hudson.PluginWrapper stop
INFO: Stopping ssh-slaves
</stderr>
      <duration>7.233</duration>
      <timestamp>2012-12-11T11:33:49</timestamp>
      <cases>
        <case>
          <duration>7.233</duration>
          <className>hudson.tasks.EnvVarsInConfigTasksTest</className>
          <testName>testFreeStyleMavenOnSlave</testName>
          <skipped>false</skipped>
          <failedSince>0</failedSince>
        </case>
      </cases>
    </suite>
    <suite>
      <file>/home/jenkins/slave/workspace/jenkins_main_trunk/test/target/surefire-reports/hudson.tasks.EnvVarsInConfigTasksTest.testFreeStyleShellOnSlave.893.xml</file>
      <name>hudson.tasks.EnvVarsInConfigTasksTest.testFreeStyleShellOnSlave</name>
      <stdout>=== Starting EnvVarsInConfigTasksTest.testFreeStyleShellOnSlave
#1 completed
Legacy code started this job.  No cause information is available
Building remotely on [8mha:AAAAnB+LCAAAAAAAAABb85aBtbiIQTGjNKU4P08vOT+vOD8nVc83PyU1x6OyILUoJzMv2y+/JJUBAhiZGBgqihhk0NSjKDWzXb3RdlLBUSYGJk8GtpzUvPSSDB8G5tKinBIGIZ+sxLJE/ZzEvHT94JKizLx0a6BxUmjGOUNodHsLgAy2EgYB/eT83ILSktQi/eKcxLJUQwA49mDyxQAAAA==[0mslave1 in workspace /home/jenkins/slave/workspace/jenkins_main_trunk/test/target/hudson1039453734779645932test/w
...[truncated 818 chars]...
ins/slave/workspace/jenkins_main_trunk/test/target/hudson8936216085934403682test/workspace/test0
Deleting existing workspace /home/jenkins/slave/workspace/jenkins_main_trunk/test/target/hudson8936216085934403682test/workspace/test0
Staging file:/home/jenkins/slave/workspace/jenkins_main_trunk/test/target/classes/simple-projects.zip
[test0] $ /bin/sh -xe /tmp/hudson3703188432530389713.sh
+ echo /home/jenkins/slave/tools/JDK/jdk6_24/jre
/home/jenkins/slave/tools/JDK/jdk6_24/jre
Finished: SUCCESS

</stdout>
      <stderr>Dec 11, 2012 11:33:36 AM org.mortbay.log.Slf4jLog info
INFO: jetty-6.1.26
Dec 11, 2012 11:33:36 AM org.mortbay.log.Slf4jLog info
INFO: NO JSP Support for , did not find org.apache.jasper.servlet.JspServlet
Dec 11, 2012 11:33:36 AM org.mortbay.log.Slf4jLog info
INFO: Started SocketConnector@0.0.0.0:54279
Dec 11, 2012 11:33:36 AM jenkins.InitReactorRunner$1 onAttained
INFO: Started initialization
Dec 11, 2012 11:33:36 AM jenkins.InitReactorRunner$1 onAttained
INFO: Listed all plugins
Dec 11, 2012 
...[truncated 1642 chars]...
hudson.PluginWrapper stop
INFO: Stopping ant
Dec 11, 2012 11:33:42 AM hudson.PluginWrapper stop
INFO: Stopping javadoc
Dec 11, 2012 11:33:42 AM hudson.PluginWrapper stop
INFO: Stopping subversion
Dec 11, 2012 11:33:42 AM hudson.PluginWrapper stop
INFO: Stopping cvs
Dec 11, 2012 11:33:42 AM hudson.PluginWrapper stop
INFO: Stopping maven-plugin
Dec 11, 2012 11:33:42 AM hudson.PluginWrapper stop
INFO: Stopping translation
Dec 11, 2012 11:33:42 AM hudson.PluginWrapper stop
INFO: Stopping ssh-slaves
</stderr>
      <duration>6.463</duration>
      <timestamp>2012-12-11T11:33:36</timestamp>
      <cases>
        <case>
          <duration>6.463</duration>
          <className>hudson.tasks.EnvVarsInConfigTasksTest</className>
          <testName>testFreeStyleShellOnSlave</testName>
          <skipped>false</skipped>
          <failedSince>0</failedSince>
        </case>
      </cases>
    </suite>
    <suite>
      <file>/home/jenkins/slave/workspace/jenkins_main_trunk/test/target/surefire-reports/hudson.tasks.EnvVarsInConfigTasksTest.testNativeMavenOnSlave.896.xml</file>
      <name>hudson.tasks.EnvVarsInConfigTasksTest.testNativeMavenOnSlave</name>
      <stdout>=== Starting EnvVarsInConfigTasksTest.testNativeMavenOnSlave
#1 completed
Legacy code started this job.  No cause information is available
Building remotely on [8mha:AAAAnB+LCAAAAAAAAABb85aBtbiIQTGjNKU4P08vOT+vOD8nVc83PyU1x6OyILUoJzMv2y+/JJUBAhiZGBgqihhk0NSjKDWzXb3RdlLBUSYGJk8GtpzUvPSSDB8G5tKinBIGIZ+sxLJE/ZzEvHT94JKizLx0a6BxUmjGOUNodHsLgAy2EgYB/eT83ILSktQi/eKcxLJUQwA49mDyxQAAAA==[0mslave1 in workspace /home/jenkins/slave/workspace/jenkins_main_trunk/test/target/hudson1361184268235911223test/work
...[truncated 3197 chars]...
n/builds/2012-12-11_11-34-04/archive/com.example/test.prop.hudson/1.0/test.prop.hudson-1.0.pom
[INFO] ------------------------------------------------------------------------
[INFO] BUILD SUCCESSFUL
[INFO] ------------------------------------------------------------------------
[INFO] Total time: 2 seconds
[INFO] Finished at: Tue Dec 11 11:34:11 UTC 2012
[INFO] Final Memory: 5M/74M
[INFO] ------------------------------------------------------------------------
channel stopped
Finished: SUCCESS

</stdout>
      <stderr>Dec 11, 2012 11:33:56 AM org.mortbay.log.Slf4jLog info
INFO: jetty-6.1.26
Dec 11, 2012 11:33:56 AM org.mortbay.log.Slf4jLog info
INFO: NO JSP Support for , did not find org.apache.jasper.servlet.JspServlet
Dec 11, 2012 11:33:56 AM org.mortbay.log.Slf4jLog info
INFO: Started SocketConnector@0.0.0.0:42125
Dec 11, 2012 11:33:56 AM jenkins.InitReactorRunner$1 onAttained
INFO: Started initialization
Dec 11, 2012 11:33:56 AM jenkins.InitReactorRunner$1 onAttained
INFO: Listed all plugins
Dec 11, 2012 
...[truncated 1642 chars]...
hudson.PluginWrapper stop
INFO: Stopping ant
Dec 11, 2012 11:34:11 AM hudson.PluginWrapper stop
INFO: Stopping javadoc
Dec 11, 2012 11:34:11 AM hudson.PluginWrapper stop
INFO: Stopping subversion
Dec 11, 2012 11:34:11 AM hudson.PluginWrapper stop
INFO: Stopping cvs
Dec 11, 2012 11:34:11 AM hudson.PluginWrapper stop
INFO: Stopping maven-plugin
Dec 11, 2012 11:34:11 AM hudson.PluginWrapper stop
INFO: Stopping translation
Dec 11, 2012 11:34:11 AM hudson.PluginWrapper stop
INFO: Stopping ssh-slaves
</stderr>
      <duration>15.352</duration>
      <timestamp>2012-12-11T11:33:56</timestamp>
      <cases>
        <case>
          <duration>15.352</duration>
          <className>hudson.tasks.EnvVarsInConfigTasksTest</className>
          <testName>testNativeMavenOnSlave</testName>
          <skipped>false</skipped>
          <failedSince>0</failedSince>
        </case>
      </cases>
    </suite>
    <suite>
      <file>/home/jenkins/slave/workspace/jenkins_main_trunk/test/target/surefire-reports/hudson.tasks.FingerprinterTest.testCircularDependency.901.xml</file>
      <name>hudson.tasks.FingerprinterTest.testCircularDependency</name>
      <stdout>=== Starting FingerprinterTest.testCircularDependency
</stdout>
      <stderr>Dec 11, 2012 11:34:20 AM org.mortbay.log.Slf4jLog info
INFO: jetty-6.1.26
Dec 11, 2012 11:34:20 AM org.mortbay.log.Slf4jLog info
INFO: NO JSP Support for , did not find org.apache.jasper.servlet.JspServlet
Dec 11, 2012 11:34:20 AM org.mortbay.log.Slf4jLog info
INFO: Started SocketConnector@0.0.0.0:33146
Dec 11, 2012 11:34:20 AM jenkins.InitReactorRunner$1 onAttained
INFO: Started initialization
Dec 11, 2012 11:34:20 AM jenkins.InitReactorRunner$1 onAttained
INFO: Listed all plugins
Dec 11, 2012 
...[truncated 1197 chars]...
hudson.PluginWrapper stop
INFO: Stopping ant
Dec 11, 2012 11:34:22 AM hudson.PluginWrapper stop
INFO: Stopping javadoc
Dec 11, 2012 11:34:22 AM hudson.PluginWrapper stop
INFO: Stopping subversion
Dec 11, 2012 11:34:22 AM hudson.PluginWrapper stop
INFO: Stopping cvs
Dec 11, 2012 11:34:22 AM hudson.PluginWrapper stop
INFO: Stopping maven-plugin
Dec 11, 2012 11:34:22 AM hudson.PluginWrapper stop
INFO: Stopping translation
Dec 11, 2012 11:34:22 AM hudson.PluginWrapper stop
INFO: Stopping ssh-slaves
</stderr>
      <duration>2.781</duration>
      <timestamp>2012-12-11T11:34:20</timestamp>
      <cases>
        <case>
          <duration>2.781</duration>
          <className>hudson.tasks.FingerprinterTest</className>
          <testName>testCircularDependency</testName>
          <skipped>false</skipped>
          <failedSince>0</failedSince>
        </case>
      </cases>
    </suite>
    <suite>
      <file>/home/jenkins/slave/workspace/jenkins_main_trunk/test/target/surefire-reports/hudson.tasks.FingerprinterTest.testDependencyExclusion.900.xml</file>
      <name>hudson.tasks.FingerprinterTest.testDependencyExclusion</name>
      <stdout>=== Starting FingerprinterTest.testDependencyExclusion
</stdout>
      <stderr>Dec 11, 2012 11:34:19 AM org.mortbay.log.Slf4jLog info
INFO: jetty-6.1.26
Dec 11, 2012 11:34:19 AM org.mortbay.log.Slf4jLog info
INFO: NO JSP Support for , did not find org.apache.jasper.servlet.JspServlet
Dec 11, 2012 11:34:19 AM org.mortbay.log.Slf4jLog info
INFO: Started SocketConnector@0.0.0.0:54461
Dec 11, 2012 11:34:19 AM jenkins.InitReactorRunner$1 onAttained
INFO: Started initialization
Dec 11, 2012 11:34:19 AM jenkins.InitReactorRunner$1 onAttained
INFO: Listed all plugins
Dec 11, 2012 
...[truncated 1197 chars]...
hudson.PluginWrapper stop
INFO: Stopping ant
Dec 11, 2012 11:34:20 AM hudson.PluginWrapper stop
INFO: Stopping javadoc
Dec 11, 2012 11:34:20 AM hudson.PluginWrapper stop
INFO: Stopping subversion
Dec 11, 2012 11:34:20 AM hudson.PluginWrapper stop
INFO: Stopping cvs
Dec 11, 2012 11:34:20 AM hudson.PluginWrapper stop
INFO: Stopping maven-plugin
Dec 11, 2012 11:34:20 AM hudson.PluginWrapper stop
INFO: Stopping translation
Dec 11, 2012 11:34:20 AM hudson.PluginWrapper stop
INFO: Stopping ssh-slaves
</stderr>
      <duration>1.709</duration>
      <timestamp>2012-12-11T11:34:18</timestamp>
      <cases>
        <case>
          <duration>1.709</duration>
          <className>hudson.tasks.FingerprinterTest</className>
          <testName>testDependencyExclusion</testName>
          <skipped>false</skipped>
          <failedSince>0</failedSince>
        </case>
      </cases>
    </suite>
    <suite>
      <file>/home/jenkins/slave/workspace/jenkins_main_trunk/test/target/surefire-reports/hudson.tasks.FingerprinterTest.testFingerprintDependencies.897.xml</file>
      <name>hudson.tasks.FingerprinterTest.testFingerprintDependencies</name>
      <stdout>=== Starting FingerprinterTest.testFingerprintDependencies
</stdout>
      <stderr>Dec 11, 2012 11:34:12 AM org.mortbay.log.Slf4jLog info
INFO: jetty-6.1.26
Dec 11, 2012 11:34:12 AM org.mortbay.log.Slf4jLog info
INFO: NO JSP Support for , did not find org.apache.jasper.servlet.JspServlet
Dec 11, 2012 11:34:12 AM org.mortbay.log.Slf4jLog info
INFO: Started SocketConnector@0.0.0.0:59724
Dec 11, 2012 11:34:12 AM jenkins.InitReactorRunner$1 onAttained
INFO: Started initialization
Dec 11, 2012 11:34:12 AM jenkins.InitReactorRunner$1 onAttained
INFO: Listed all plugins
Dec 11, 2012 
...[truncated 1197 chars]...
hudson.PluginWrapper stop
INFO: Stopping ant
Dec 11, 2012 11:34:14 AM hudson.PluginWrapper stop
INFO: Stopping javadoc
Dec 11, 2012 11:34:14 AM hudson.PluginWrapper stop
INFO: Stopping subversion
Dec 11, 2012 11:34:14 AM hudson.PluginWrapper stop
INFO: Stopping cvs
Dec 11, 2012 11:34:14 AM hudson.PluginWrapper stop
INFO: Stopping maven-plugin
Dec 11, 2012 11:34:14 AM hudson.PluginWrapper stop
INFO: Stopping translation
Dec 11, 2012 11:34:14 AM hudson.PluginWrapper stop
INFO: Stopping ssh-slaves
</stderr>
      <duration>2.692</duration>
      <timestamp>2012-12-11T11:34:12</timestamp>
      <cases>
        <case>
          <duration>2.692</duration>
          <className>hudson.tasks.FingerprinterTest</className>
          <testName>testFingerprintDependencies</testName>
          <skipped>false</skipped>
          <failedSince>0</failedSince>
        </case>
      </cases>
    </suite>
    <suite>
      <file>/home/jenkins/slave/workspace/jenkins_main_trunk/test/target/surefire-reports/hudson.tasks.FingerprinterTest.testMatrixDependency.902.xml</file>
      <name>hudson.tasks.FingerprinterTest.testMatrixDependency</name>
      <stdout>=== Starting FingerprinterTest.testMatrixDependency
</stdout>
      <stderr>Dec 11, 2012 11:34:23 AM org.mortbay.log.Slf4jLog info
INFO: jetty-6.1.26
Dec 11, 2012 11:34:23 AM org.mortbay.log.Slf4jLog info
INFO: NO JSP Support for , did not find org.apache.jasper.servlet.JspServlet
Dec 11, 2012 11:34:23 AM org.mortbay.log.Slf4jLog info
INFO: Started SocketConnector@0.0.0.0:57585
Dec 11, 2012 11:34:23 AM jenkins.InitReactorRunner$1 onAttained
INFO: Started initialization
Dec 11, 2012 11:34:23 AM jenkins.InitReactorRunner$1 onAttained
INFO: Listed all plugins
Dec 11, 2012 
...[truncated 1409 chars]...
hudson.PluginWrapper stop
INFO: Stopping ant
Dec 11, 2012 11:34:26 AM hudson.PluginWrapper stop
INFO: Stopping javadoc
Dec 11, 2012 11:34:26 AM hudson.PluginWrapper stop
INFO: Stopping subversion
Dec 11, 2012 11:34:26 AM hudson.PluginWrapper stop
INFO: Stopping cvs
Dec 11, 2012 11:34:26 AM hudson.PluginWrapper stop
INFO: Stopping maven-plugin
Dec 11, 2012 11:34:26 AM hudson.PluginWrapper stop
INFO: Stopping translation
Dec 11, 2012 11:34:26 AM hudson.PluginWrapper stop
INFO: Stopping ssh-slaves
</stderr>
      <duration>3.561</duration>
      <timestamp>2012-12-11T11:34:23</timestamp>
      <cases>
        <case>
          <duration>3.561</duration>
          <className>hudson.tasks.FingerprinterTest</className>
          <testName>testMatrixDependency</testName>
          <skipped>false</skipped>
          <failedSince>0</failedSince>
        </case>
      </cases>
    </suite>
    <suite>
      <file>/home/jenkins/slave/workspace/jenkins_main_trunk/test/target/surefire-reports/hudson.tasks.FingerprinterTest.testMultipleDownstreamDependencies.899.xml</file>
      <name>hudson.tasks.FingerprinterTest.testMultipleDownstreamDependencies</name>
      <stdout>=== Starting FingerprinterTest.testMultipleDownstreamDependencies
</stdout>
      <stderr>Dec 11, 2012 11:34:16 AM org.mortbay.log.Slf4jLog info
INFO: jetty-6.1.26
Dec 11, 2012 11:34:16 AM org.mortbay.log.Slf4jLog info
INFO: NO JSP Support for , did not find org.apache.jasper.servlet.JspServlet
Dec 11, 2012 11:34:16 AM org.mortbay.log.Slf4jLog info
INFO: Started SocketConnector@0.0.0.0:55886
Dec 11, 2012 11:34:16 AM jenkins.InitReactorRunner$1 onAttained
INFO: Started initialization
Dec 11, 2012 11:34:16 AM jenkins.InitReactorRunner$1 onAttained
INFO: Listed all plugins
Dec 11, 2012 
...[truncated 1299 chars]...
hudson.PluginWrapper stop
INFO: Stopping ant
Dec 11, 2012 11:34:18 AM hudson.PluginWrapper stop
INFO: Stopping javadoc
Dec 11, 2012 11:34:18 AM hudson.PluginWrapper stop
INFO: Stopping subversion
Dec 11, 2012 11:34:18 AM hudson.PluginWrapper stop
INFO: Stopping cvs
Dec 11, 2012 11:34:18 AM hudson.PluginWrapper stop
INFO: Stopping maven-plugin
Dec 11, 2012 11:34:18 AM hudson.PluginWrapper stop
INFO: Stopping translation
Dec 11, 2012 11:34:18 AM hudson.PluginWrapper stop
INFO: Stopping ssh-slaves
</stderr>
      <duration>2.118</duration>
      <timestamp>2012-12-11T11:34:16</timestamp>
      <cases>
        <case>
          <duration>2.118</duration>
          <className>hudson.tasks.FingerprinterTest</className>
          <testName>testMultipleDownstreamDependencies</testName>
          <skipped>false</skipped>
          <failedSince>0</failedSince>
        </case>
      </cases>
    </suite>
    <suite>
      <file>/home/jenkins/slave/workspace/jenkins_main_trunk/test/target/surefire-reports/hudson.tasks.FingerprinterTest.testMultipleUpstreamDependencies.898.xml</file>
      <name>hudson.tasks.FingerprinterTest.testMultipleUpstreamDependencies</name>
      <stdout>=== Starting FingerprinterTest.testMultipleUpstreamDependencies
</stdout>
      <stderr>Dec 11, 2012 11:34:15 AM org.mortbay.log.Slf4jLog info
INFO: jetty-6.1.26
Dec 11, 2012 11:34:15 AM org.mortbay.log.Slf4jLog info
INFO: NO JSP Support for , did not find org.apache.jasper.servlet.JspServlet
Dec 11, 2012 11:34:15 AM org.mortbay.log.Slf4jLog info
INFO: Started SocketConnector@0.0.0.0:35817
Dec 11, 2012 11:34:15 AM jenkins.InitReactorRunner$1 onAttained
INFO: Started initialization
Dec 11, 2012 11:34:15 AM jenkins.InitReactorRunner$1 onAttained
INFO: Listed all plugins
Dec 11, 2012 
...[truncated 1299 chars]...
hudson.PluginWrapper stop
INFO: Stopping ant
Dec 11, 2012 11:34:16 AM hudson.PluginWrapper stop
INFO: Stopping javadoc
Dec 11, 2012 11:34:16 AM hudson.PluginWrapper stop
INFO: Stopping subversion
Dec 11, 2012 11:34:16 AM hudson.PluginWrapper stop
INFO: Stopping cvs
Dec 11, 2012 11:34:16 AM hudson.PluginWrapper stop
INFO: Stopping maven-plugin
Dec 11, 2012 11:34:16 AM hudson.PluginWrapper stop
INFO: Stopping translation
Dec 11, 2012 11:34:16 AM hudson.PluginWrapper stop
INFO: Stopping ssh-slaves
</stderr>
      <duration>1.846</duration>
      <timestamp>2012-12-11T11:34:15</timestamp>
      <cases>
        <case>
          <duration>1.846</duration>
          <className>hudson.tasks.FingerprinterTest</className>
          <testName>testMultipleUpstreamDependencies</testName>
          <skipped>false</skipped>
          <failedSince>0</failedSince>
        </case>
      </cases>
    </suite>
    <suite>
      <file>/home/jenkins/slave/workspace/jenkins_main_trunk/test/target/surefire-reports/hudson.tasks.FingerprinterTest.testProjectRename.903.xml</file>
      <name>hudson.tasks.FingerprinterTest.testProjectRename</name>
      <stdout>=== Starting FingerprinterTest.testProjectRename
</stdout>
      <stderr>Dec 11, 2012 11:34:27 AM org.mortbay.log.Slf4jLog info
INFO: jetty-6.1.26
Dec 11, 2012 11:34:27 AM org.mortbay.log.Slf4jLog info
INFO: NO JSP Support for , did not find org.apache.jasper.servlet.JspServlet
Dec 11, 2012 11:34:27 AM org.mortbay.log.Slf4jLog info
INFO: Started SocketConnector@0.0.0.0:38849
Dec 11, 2012 11:34:27 AM jenkins.InitReactorRunner$1 onAttained
INFO: Started initialization
Dec 11, 2012 11:34:27 AM jenkins.InitReactorRunner$1 onAttained
INFO: Listed all plugins
Dec 11, 2012 
...[truncated 1197 chars]...
hudson.PluginWrapper stop
INFO: Stopping ant
Dec 11, 2012 11:34:28 AM hudson.PluginWrapper stop
INFO: Stopping javadoc
Dec 11, 2012 11:34:28 AM hudson.PluginWrapper stop
INFO: Stopping subversion
Dec 11, 2012 11:34:28 AM hudson.PluginWrapper stop
INFO: Stopping cvs
Dec 11, 2012 11:34:28 AM hudson.PluginWrapper stop
INFO: Stopping maven-plugin
Dec 11, 2012 11:34:28 AM hudson.PluginWrapper stop
INFO: Stopping translation
Dec 11, 2012 11:34:28 AM hudson.PluginWrapper stop
INFO: Stopping ssh-slaves
</stderr>
      <duration>2.015</duration>
      <timestamp>2012-12-11T11:34:27</timestamp>
      <cases>
        <case>
          <duration>2.015</duration>
          <className>hudson.tasks.FingerprinterTest</className>
          <testName>testProjectRename</testName>
          <skipped>false</skipped>
          <failedSince>0</failedSince>
        </case>
      </cases>
    </suite>
    <suite>
      <file>/home/jenkins/slave/workspace/jenkins_main_trunk/test/target/surefire-reports/hudson.tasks.LogRotatorTest.testArtifactDelete.906.xml</file>
      <name>hudson.tasks.LogRotatorTest.testArtifactDelete</name>
      <stdout>=== Starting LogRotatorTest.testArtifactDelete
</stdout>
      <stderr>Dec 11, 2012 11:34:40 AM org.mortbay.log.Slf4jLog info
INFO: jetty-6.1.26
Dec 11, 2012 11:34:40 AM org.mortbay.log.Slf4jLog info
INFO: NO JSP Support for , did not find org.apache.jasper.servlet.JspServlet
Dec 11, 2012 11:34:40 AM org.mortbay.log.Slf4jLog info
INFO: Started SocketConnector@0.0.0.0:53695
Dec 11, 2012 11:34:40 AM jenkins.InitReactorRunner$1 onAttained
INFO: Started initialization
Dec 11, 2012 11:34:40 AM jenkins.InitReactorRunner$1 onAttained
INFO: Listed all plugins
Dec 11, 2012 
...[truncated 1809 chars]...
hudson.PluginWrapper stop
INFO: Stopping ant
Dec 11, 2012 11:34:49 AM hudson.PluginWrapper stop
INFO: Stopping javadoc
Dec 11, 2012 11:34:49 AM hudson.PluginWrapper stop
INFO: Stopping subversion
Dec 11, 2012 11:34:49 AM hudson.PluginWrapper stop
INFO: Stopping cvs
Dec 11, 2012 11:34:49 AM hudson.PluginWrapper stop
INFO: Stopping maven-plugin
Dec 11, 2012 11:34:49 AM hudson.PluginWrapper stop
INFO: Stopping translation
Dec 11, 2012 11:34:49 AM hudson.PluginWrapper stop
INFO: Stopping ssh-slaves
</stderr>
      <duration>9.545</duration>
      <timestamp>2012-12-11T11:34:40</timestamp>
      <cases>
        <case>
          <duration>9.545</duration>
          <className>hudson.tasks.LogRotatorTest</className>
          <testName>testArtifactDelete</testName>
          <skipped>false</skipped>
          <failedSince>0</failedSince>
        </case>
      </cases>
    </suite>
    <suite>
      <file>/home/jenkins/slave/workspace/jenkins_main_trunk/test/target/surefire-reports/hudson.tasks.LogRotatorTest.testStableVsUnstable.905.xml</file>
      <name>hudson.tasks.LogRotatorTest.testStableVsUnstable</name>
      <stdout>=== Starting LogRotatorTest.testStableVsUnstable
</stdout>
      <stderr>Dec 11, 2012 11:34:35 AM org.mortbay.log.Slf4jLog info
INFO: jetty-6.1.26
Dec 11, 2012 11:34:35 AM org.mortbay.log.Slf4jLog info
INFO: NO JSP Support for , did not find org.apache.jasper.servlet.JspServlet
Dec 11, 2012 11:34:35 AM org.mortbay.log.Slf4jLog info
INFO: Started SocketConnector@0.0.0.0:57673
Dec 11, 2012 11:34:36 AM jenkins.InitReactorRunner$1 onAttained
INFO: Started initialization
Dec 11, 2012 11:34:36 AM jenkins.InitReactorRunner$1 onAttained
INFO: Listed all plugins
Dec 11, 2012 
...[truncated 1401 chars]...
hudson.PluginWrapper stop
INFO: Stopping ant
Dec 11, 2012 11:34:40 AM hudson.PluginWrapper stop
INFO: Stopping javadoc
Dec 11, 2012 11:34:40 AM hudson.PluginWrapper stop
INFO: Stopping subversion
Dec 11, 2012 11:34:40 AM hudson.PluginWrapper stop
INFO: Stopping cvs
Dec 11, 2012 11:34:40 AM hudson.PluginWrapper stop
INFO: Stopping maven-plugin
Dec 11, 2012 11:34:40 AM hudson.PluginWrapper stop
INFO: Stopping translation
Dec 11, 2012 11:34:40 AM hudson.PluginWrapper stop
INFO: Stopping ssh-slaves
</stderr>
      <duration>4.945</duration>
      <timestamp>2012-12-11T11:34:35</timestamp>
      <cases>
        <case>
          <duration>4.945</duration>
          <className>hudson.tasks.LogRotatorTest</className>
          <testName>testStableVsUnstable</testName>
          <skipped>false</skipped>
          <failedSince>0</failedSince>
        </case>
      </cases>
    </suite>
    <suite>
      <file>/home/jenkins/slave/workspace/jenkins_main_trunk/test/target/surefire-reports/hudson.tasks.LogRotatorTest.testSuccessVsFailure.904.xml</file>
      <name>hudson.tasks.LogRotatorTest.testSuccessVsFailure</name>
      <stdout>=== Starting LogRotatorTest.testSuccessVsFailure
</stdout>
      <stderr>Dec 11, 2012 11:34:29 AM org.mortbay.log.Slf4jLog info
INFO: jetty-6.1.26
Dec 11, 2012 11:34:29 AM org.mortbay.log.Slf4jLog info
INFO: NO JSP Support for , did not find org.apache.jasper.servlet.JspServlet
Dec 11, 2012 11:34:29 AM org.mortbay.log.Slf4jLog info
INFO: Started SocketConnector@0.0.0.0:42926
Dec 11, 2012 11:34:29 AM jenkins.InitReactorRunner$1 onAttained
INFO: Started initialization
Dec 11, 2012 11:34:29 AM jenkins.InitReactorRunner$1 onAttained
INFO: Listed all plugins
Dec 11, 2012 
...[truncated 1401 chars]...
hudson.PluginWrapper stop
INFO: Stopping ant
Dec 11, 2012 11:34:35 AM hudson.PluginWrapper stop
INFO: Stopping javadoc
Dec 11, 2012 11:34:35 AM hudson.PluginWrapper stop
INFO: Stopping subversion
Dec 11, 2012 11:34:35 AM hudson.PluginWrapper stop
INFO: Stopping cvs
Dec 11, 2012 11:34:35 AM hudson.PluginWrapper stop
INFO: Stopping maven-plugin
Dec 11, 2012 11:34:35 AM hudson.PluginWrapper stop
INFO: Stopping translation
Dec 11, 2012 11:34:35 AM hudson.PluginWrapper stop
INFO: Stopping ssh-slaves
</stderr>
      <duration>6.866</duration>
      <timestamp>2012-12-11T11:34:29</timestamp>
      <cases>
        <case>
          <duration>6.866</duration>
          <className>hudson.tasks.LogRotatorTest</className>
          <testName>testSuccessVsFailure</testName>
          <skipped>false</skipped>
          <failedSince>0</failedSince>
        </case>
      </cases>
    </suite>
    <suite>
      <file>/home/jenkins/slave/workspace/jenkins_main_trunk/test/target/surefire-reports/hudson.tasks.MavenTest.testConfigRoundtrip.907.xml</file>
      <name>hudson.tasks.MavenTest.testConfigRoundtrip</name>
      <stdout>=== Starting MavenTest.testConfigRoundtrip
</stdout>
      <stderr>Dec 11, 2012 11:34:50 AM org.mortbay.log.Slf4jLog info
INFO: jetty-6.1.26
Dec 11, 2012 11:34:50 AM org.mortbay.log.Slf4jLog info
INFO: NO JSP Support for , did not find org.apache.jasper.servlet.JspServlet
Dec 11, 2012 11:34:50 AM org.mortbay.log.Slf4jLog info
INFO: Started SocketConnector@0.0.0.0:50307
Dec 11, 2012 11:34:50 AM jenkins.InitReactorRunner$1 onAttained
INFO: Started initialization
Dec 11, 2012 11:34:50 AM jenkins.InitReactorRunner$1 onAttained
INFO: Listed all plugins
Dec 11, 2012 
...[truncated 6853 chars]...
hudson.PluginWrapper stop
INFO: Stopping ant
Dec 11, 2012 11:34:56 AM hudson.PluginWrapper stop
INFO: Stopping javadoc
Dec 11, 2012 11:34:56 AM hudson.PluginWrapper stop
INFO: Stopping subversion
Dec 11, 2012 11:34:56 AM hudson.PluginWrapper stop
INFO: Stopping cvs
Dec 11, 2012 11:34:56 AM hudson.PluginWrapper stop
INFO: Stopping maven-plugin
Dec 11, 2012 11:34:56 AM hudson.PluginWrapper stop
INFO: Stopping translation
Dec 11, 2012 11:34:56 AM hudson.PluginWrapper stop
INFO: Stopping ssh-slaves
</stderr>
      <duration>6.822</duration>
      <timestamp>2012-12-11T11:34:50</timestamp>
      <cases>
        <case>
          <duration>6.822</duration>
          <className>hudson.tasks.MavenTest</className>
          <testName>testConfigRoundtrip</testName>
          <skipped>false</skipped>
          <failedSince>0</failedSince>
        </case>
      </cases>
    </suite>
    <suite>
      <file>/home/jenkins/slave/workspace/jenkins_main_trunk/test/target/surefire-reports/hudson.tasks.MavenTest.testGlobalConfigAjax.911.xml</file>
      <name>hudson.tasks.MavenTest.testGlobalConfigAjax</name>
      <stdout>=== Starting MavenTest.testGlobalConfigAjax
</stdout>
      <stderr>Dec 11, 2012 11:35:06 AM org.mortbay.log.Slf4jLog info
INFO: jetty-6.1.26
Dec 11, 2012 11:35:06 AM org.mortbay.log.Slf4jLog info
INFO: NO JSP Support for , did not find org.apache.jasper.servlet.JspServlet
Dec 11, 2012 11:35:06 AM org.mortbay.log.Slf4jLog info
INFO: Started SocketConnector@0.0.0.0:34468
Dec 11, 2012 11:35:06 AM jenkins.InitReactorRunner$1 onAttained
INFO: Started initialization
Dec 11, 2012 11:35:06 AM jenkins.InitReactorRunner$1 onAttained
INFO: Listed all plugins
Dec 11, 2012 
...[truncated 11813 chars]...
hudson.PluginWrapper stop
INFO: Stopping ant
Dec 11, 2012 11:35:19 AM hudson.PluginWrapper stop
INFO: Stopping javadoc
Dec 11, 2012 11:35:19 AM hudson.PluginWrapper stop
INFO: Stopping subversion
Dec 11, 2012 11:35:19 AM hudson.PluginWrapper stop
INFO: Stopping cvs
Dec 11, 2012 11:35:19 AM hudson.PluginWrapper stop
INFO: Stopping maven-plugin
Dec 11, 2012 11:35:19 AM hudson.PluginWrapper stop
INFO: Stopping translation
Dec 11, 2012 11:35:19 AM hudson.PluginWrapper stop
INFO: Stopping ssh-slaves
</stderr>
      <duration>13.939</duration>
      <timestamp>2012-12-11T11:35:06</timestamp>
      <cases>
        <case>
          <duration>13.939</duration>
          <className>hudson.tasks.MavenTest</className>
          <testName>testGlobalConfigAjax</testName>
          <skipped>false</skipped>
          <failedSince>0</failedSince>
        </case>
      </cases>
    </suite>
    <suite>
      <file>/home/jenkins/slave/workspace/jenkins_main_trunk/test/target/surefire-reports/hudson.tasks.MavenTest.testSensitiveParameters.908.xml</file>
      <name>hudson.tasks.MavenTest.testSensitiveParameters</name>
      <stdout>=== Starting MavenTest.testSensitiveParameters
Legacy code started this job.  No cause information is available
Building in workspace /home/jenkins/slave/workspace/jenkins_main_trunk/test/target/hudson2692679576670568054test/workspace/test0
Deleting existing workspace /home/jenkins/slave/workspace/jenkins_main_trunk/test/target/hudson2692679576670568054test/workspace/test0
Staging file:/home/jenkins/slave/workspace/jenkins_main_trunk/test/target/test-classes/hudson/tasks/maven-empty.zip
[test0] 
...[truncated 3692 chars]...
nkins_main_trunk/test/target/hudson2692679576670568054test/workspace/test0/target/BuildTriggerTest-0.1-SNAPSHOT.jar
[INFO] ------------------------------------------------------------------------
[INFO] BUILD SUCCESS
[INFO] ------------------------------------------------------------------------
[INFO] Total time: 2.018s
[INFO] Finished at: Tue Dec 11 11:35:01 UTC 2012
[INFO] Final Memory: 5M/106M
[INFO] ------------------------------------------------------------------------
Finished: SUCCESS

</stdout>
      <stderr>Dec 11, 2012 11:34:57 AM org.mortbay.log.Slf4jLog info
INFO: jetty-6.1.26
Dec 11, 2012 11:34:57 AM org.mortbay.log.Slf4jLog info
INFO: NO JSP Support for , did not find org.apache.jasper.servlet.JspServlet
Dec 11, 2012 11:34:57 AM org.mortbay.log.Slf4jLog info
INFO: Started SocketConnector@0.0.0.0:45064
Dec 11, 2012 11:34:57 AM jenkins.InitReactorRunner$1 onAttained
INFO: Started initialization
Dec 11, 2012 11:34:57 AM jenkins.InitReactorRunner$1 onAttained
INFO: Listed all plugins
Dec 11, 2012 
...[truncated 1095 chars]...
hudson.PluginWrapper stop
INFO: Stopping ant
Dec 11, 2012 11:35:02 AM hudson.PluginWrapper stop
INFO: Stopping javadoc
Dec 11, 2012 11:35:02 AM hudson.PluginWrapper stop
INFO: Stopping subversion
Dec 11, 2012 11:35:02 AM hudson.PluginWrapper stop
INFO: Stopping cvs
Dec 11, 2012 11:35:02 AM hudson.PluginWrapper stop
INFO: Stopping maven-plugin
Dec 11, 2012 11:35:02 AM hudson.PluginWrapper stop
INFO: Stopping translation
Dec 11, 2012 11:35:02 AM hudson.PluginWrapper stop
INFO: Stopping ssh-slaves
</stderr>
      <duration>5.397</duration>
      <timestamp>2012-12-11T11:34:57</timestamp>
      <cases>
        <case>
          <duration>5.397</duration>
          <className>hudson.tasks.MavenTest</className>
          <testName>testSensitiveParameters</testName>
          <skipped>false</skipped>
          <failedSince>0</failedSince>
        </case>
      </cases>
    </suite>
    <suite>
      <file>/home/jenkins/slave/workspace/jenkins_main_trunk/test/target/surefire-reports/hudson.tasks.MavenTest.testWithNodeProperty.909.xml</file>
      <name>hudson.tasks.MavenTest.testWithNodeProperty</name>
      <stdout>=== Starting MavenTest.testWithNodeProperty
</stdout>
      <stderr>Dec 11, 2012 11:35:02 AM org.mortbay.log.Slf4jLog info
INFO: jetty-6.1.26
Dec 11, 2012 11:35:02 AM org.mortbay.log.Slf4jLog info
INFO: NO JSP Support for , did not find org.apache.jasper.servlet.JspServlet
Dec 11, 2012 11:35:02 AM org.mortbay.log.Slf4jLog info
INFO: Started SocketConnector@0.0.0.0:54548
Dec 11, 2012 11:35:02 AM jenkins.InitReactorRunner$1 onAttained
INFO: Started initialization
Dec 11, 2012 11:35:02 AM jenkins.InitReactorRunner$1 onAttained
INFO: Listed all plugins
Dec 11, 2012 
...[truncated 1095 chars]...
hudson.PluginWrapper stop
INFO: Stopping ant
Dec 11, 2012 11:35:04 AM hudson.PluginWrapper stop
INFO: Stopping javadoc
Dec 11, 2012 11:35:04 AM hudson.PluginWrapper stop
INFO: Stopping subversion
Dec 11, 2012 11:35:04 AM hudson.PluginWrapper stop
INFO: Stopping cvs
Dec 11, 2012 11:35:04 AM hudson.PluginWrapper stop
INFO: Stopping maven-plugin
Dec 11, 2012 11:35:04 AM hudson.PluginWrapper stop
INFO: Stopping translation
Dec 11, 2012 11:35:04 AM hudson.PluginWrapper stop
INFO: Stopping ssh-slaves
</stderr>
      <duration>2.159</duration>
      <timestamp>2012-12-11T11:35:02</timestamp>
      <cases>
        <case>
          <duration>2.159</duration>
          <className>hudson.tasks.MavenTest</className>
          <testName>testWithNodeProperty</testName>
          <skipped>false</skipped>
          <failedSince>0</failedSince>
        </case>
      </cases>
    </suite>
    <suite>
      <file>/home/jenkins/slave/workspace/jenkins_main_trunk/test/target/surefire-reports/hudson.tasks.MavenTest.testWithParameter.910.xml</file>
      <name>hudson.tasks.MavenTest.testWithParameter</name>
      <stdout>=== Starting MavenTest.testWithParameter
</stdout>
      <stderr>Dec 11, 2012 11:35:04 AM org.mortbay.log.Slf4jLog info
INFO: jetty-6.1.26
Dec 11, 2012 11:35:04 AM org.mortbay.log.Slf4jLog info
INFO: NO JSP Support for , did not find org.apache.jasper.servlet.JspServlet
Dec 11, 2012 11:35:04 AM org.mortbay.log.Slf4jLog info
INFO: Started SocketConnector@0.0.0.0:60230
Dec 11, 2012 11:35:04 AM jenkins.InitReactorRunner$1 onAttained
INFO: Started initialization
Dec 11, 2012 11:35:04 AM jenkins.InitReactorRunner$1 onAttained
INFO: Listed all plugins
Dec 11, 2012 
...[truncated 1095 chars]...
hudson.PluginWrapper stop
INFO: Stopping ant
Dec 11, 2012 11:35:06 AM hudson.PluginWrapper stop
INFO: Stopping javadoc
Dec 11, 2012 11:35:06 AM hudson.PluginWrapper stop
INFO: Stopping subversion
Dec 11, 2012 11:35:06 AM hudson.PluginWrapper stop
INFO: Stopping cvs
Dec 11, 2012 11:35:06 AM hudson.PluginWrapper stop
INFO: Stopping maven-plugin
Dec 11, 2012 11:35:06 AM hudson.PluginWrapper stop
INFO: Stopping translation
Dec 11, 2012 11:35:06 AM hudson.PluginWrapper stop
INFO: Stopping ssh-slaves
</stderr>
      <duration>1.899</duration>
      <timestamp>2012-12-11T11:35:04</timestamp>
      <cases>
        <case>
          <duration>1.899</duration>
          <className>hudson.tasks.MavenTest</className>
          <testName>testWithParameter</testName>
          <skipped>false</skipped>
          <failedSince>0</failedSince>
        </case>
      </cases>
    </suite>
    <suite>
      <file>/home/jenkins/slave/workspace/jenkins_main_trunk/test/target/surefire-reports/hudson.tasks.ShellTest.testBasic.912.xml</file>
      <name>hudson.tasks.ShellTest.testBasic</name>
      <stdout>=== Starting ShellTest.testBasic
</stdout>
      <stderr>Dec 11, 2012 11:35:20 AM org.mortbay.log.Slf4jLog info
INFO: jetty-6.1.26
Dec 11, 2012 11:35:20 AM org.mortbay.log.Slf4jLog info
INFO: NO JSP Support for , did not find org.apache.jasper.servlet.JspServlet
Dec 11, 2012 11:35:20 AM org.mortbay.log.Slf4jLog info
INFO: Started SocketConnector@0.0.0.0:43268
Dec 11, 2012 11:35:20 AM jenkins.InitReactorRunner$1 onAttained
INFO: Started initialization
Dec 11, 2012 11:35:20 AM jenkins.InitReactorRunner$1 onAttained
INFO: Listed all plugins
Dec 11, 2012 
...[truncated 1195 chars]...
hudson.PluginWrapper stop
INFO: Stopping ant
Dec 11, 2012 11:35:22 AM hudson.PluginWrapper stop
INFO: Stopping javadoc
Dec 11, 2012 11:35:22 AM hudson.PluginWrapper stop
INFO: Stopping subversion
Dec 11, 2012 11:35:22 AM hudson.PluginWrapper stop
INFO: Stopping cvs
Dec 11, 2012 11:35:22 AM hudson.PluginWrapper stop
INFO: Stopping maven-plugin
Dec 11, 2012 11:35:22 AM hudson.PluginWrapper stop
INFO: Stopping translation
Dec 11, 2012 11:35:22 AM hudson.PluginWrapper stop
INFO: Stopping ssh-slaves
</stderr>
      <duration>2.54</duration>
      <timestamp>2012-12-11T11:35:20</timestamp>
      <cases>
        <case>
          <duration>2.54</duration>
          <className>hudson.tasks.ShellTest</className>
          <testName>testBasic</testName>
          <skipped>false</skipped>
          <failedSince>0</failedSince>
        </case>
      </cases>
    </suite>
    <suite>
      <file>/home/jenkins/slave/workspace/jenkins_main_trunk/test/target/surefire-reports/hudson.tasks.UserAvatarResolverTest.testIconSizeRegex.916.xml</file>
      <name>hudson.tasks.UserAvatarResolverTest.testIconSizeRegex</name>
      <stdout>=== Starting UserAvatarResolverTest.testIconSizeRegex
</stdout>
      <stderr>Dec 11, 2012 11:35:28 AM org.mortbay.log.Slf4jLog info
INFO: jetty-6.1.26
Dec 11, 2012 11:35:28 AM org.mortbay.log.Slf4jLog info
INFO: NO JSP Support for , did not find org.apache.jasper.servlet.JspServlet
Dec 11, 2012 11:35:28 AM org.mortbay.log.Slf4jLog info
INFO: Started SocketConnector@0.0.0.0:46741
Dec 11, 2012 11:35:28 AM jenkins.InitReactorRunner$1 onAttained
INFO: Started initialization
Dec 11, 2012 11:35:28 AM jenkins.InitReactorRunner$1 onAttained
INFO: Listed all plugins
Dec 11, 2012 
...[truncated 993 chars]...
hudson.PluginWrapper stop
INFO: Stopping ant
Dec 11, 2012 11:35:30 AM hudson.PluginWrapper stop
INFO: Stopping javadoc
Dec 11, 2012 11:35:30 AM hudson.PluginWrapper stop
INFO: Stopping subversion
Dec 11, 2012 11:35:30 AM hudson.PluginWrapper stop
INFO: Stopping cvs
Dec 11, 2012 11:35:30 AM hudson.PluginWrapper stop
INFO: Stopping maven-plugin
Dec 11, 2012 11:35:30 AM hudson.PluginWrapper stop
INFO: Stopping translation
Dec 11, 2012 11:35:30 AM hudson.PluginWrapper stop
INFO: Stopping ssh-slaves
</stderr>
      <duration>1.725</duration>
      <timestamp>2012-12-11T11:35:28</timestamp>
      <cases>
        <case>
          <duration>1.725</duration>
          <className>hudson.tasks.UserAvatarResolverTest</className>
          <testName>testIconSizeRegex</testName>
          <skipped>false</skipped>
          <failedSince>0</failedSince>
        </case>
      </cases>
    </suite>
    <suite>
      <file>/home/jenkins/slave/workspace/jenkins_main_trunk/test/target/surefire-reports/hudson.tasks.UserAvatarResolverTest.testThatNoResolverCanFindAvatar.915.xml</file>
      <name>hudson.tasks.UserAvatarResolverTest.testThatNoResolverCanFindAvatar</name>
      <stdout>=== Starting UserAvatarResolverTest.testThatNoResolverCanFindAvatar
</stdout>
      <stderr>Dec 11, 2012 11:35:27 AM org.mortbay.log.Slf4jLog info
INFO: jetty-6.1.26
Dec 11, 2012 11:35:27 AM org.mortbay.log.Slf4jLog info
INFO: NO JSP Support for , did not find org.apache.jasper.servlet.JspServlet
Dec 11, 2012 11:35:27 AM org.mortbay.log.Slf4jLog info
INFO: Started SocketConnector@0.0.0.0:47424
Dec 11, 2012 11:35:27 AM jenkins.InitReactorRunner$1 onAttained
INFO: Started initialization
Dec 11, 2012 11:35:27 AM jenkins.InitReactorRunner$1 onAttained
INFO: Listed all plugins
Dec 11, 2012 
...[truncated 993 chars]...
hudson.PluginWrapper stop
INFO: Stopping ant
Dec 11, 2012 11:35:28 AM hudson.PluginWrapper stop
INFO: Stopping javadoc
Dec 11, 2012 11:35:28 AM hudson.PluginWrapper stop
INFO: Stopping subversion
Dec 11, 2012 11:35:28 AM hudson.PluginWrapper stop
INFO: Stopping cvs
Dec 11, 2012 11:35:28 AM hudson.PluginWrapper stop
INFO: Stopping maven-plugin
Dec 11, 2012 11:35:28 AM hudson.PluginWrapper stop
INFO: Stopping translation
Dec 11, 2012 11:35:28 AM hudson.PluginWrapper stop
INFO: Stopping ssh-slaves
</stderr>
      <duration>1.509</duration>
      <timestamp>2012-12-11T11:35:27</timestamp>
      <cases>
        <case>
          <duration>1.509</duration>
          <className>hudson.tasks.UserAvatarResolverTest</className>
          <testName>testThatNoResolverCanFindAvatar</testName>
          <skipped>false</skipped>
          <failedSince>0</failedSince>
        </case>
      </cases>
    </suite>
    <suite>
      <file>/home/jenkins/slave/workspace/jenkins_main_trunk/test/target/surefire-reports/hudson.tasks.UserAvatarResolverTest.testThatResolverIsUsed.914.xml</file>
      <name>hudson.tasks.UserAvatarResolverTest.testThatResolverIsUsed</name>
      <stdout>=== Starting UserAvatarResolverTest.testThatResolverIsUsed
</stdout>
      <stderr>Dec 11, 2012 11:35:25 AM org.mortbay.log.Slf4jLog info
INFO: jetty-6.1.26
Dec 11, 2012 11:35:25 AM org.mortbay.log.Slf4jLog info
INFO: NO JSP Support for , did not find org.apache.jasper.servlet.JspServlet
Dec 11, 2012 11:35:25 AM org.mortbay.log.Slf4jLog info
INFO: Started SocketConnector@0.0.0.0:39211
Dec 11, 2012 11:35:25 AM jenkins.InitReactorRunner$1 onAttained
INFO: Started initialization
Dec 11, 2012 11:35:25 AM jenkins.InitReactorRunner$1 onAttained
INFO: Listed all plugins
Dec 11, 2012 
...[truncated 993 chars]...
hudson.PluginWrapper stop
INFO: Stopping ant
Dec 11, 2012 11:35:26 AM hudson.PluginWrapper stop
INFO: Stopping javadoc
Dec 11, 2012 11:35:26 AM hudson.PluginWrapper stop
INFO: Stopping subversion
Dec 11, 2012 11:35:26 AM hudson.PluginWrapper stop
INFO: Stopping cvs
Dec 11, 2012 11:35:26 AM hudson.PluginWrapper stop
INFO: Stopping maven-plugin
Dec 11, 2012 11:35:26 AM hudson.PluginWrapper stop
INFO: Stopping translation
Dec 11, 2012 11:35:26 AM hudson.PluginWrapper stop
INFO: Stopping ssh-slaves
</stderr>
      <duration>1.996</duration>
      <timestamp>2012-12-11T11:35:25</timestamp>
      <cases>
        <case>
          <duration>1.996</duration>
          <className>hudson.tasks.UserAvatarResolverTest</className>
          <testName>testThatResolverIsUsed</testName>
          <skipped>false</skipped>
          <failedSince>0</failedSince>
        </case>
      </cases>
    </suite>
    <suite>
      <file>/home/jenkins/slave/workspace/jenkins_main_trunk/test/target/surefire-reports/hudson.tasks.junit.CaseResultTest.testIssue20090516.917.xml</file>
      <name>hudson.tasks.junit.CaseResultTest.testIssue20090516</name>
      <stdout>=== Starting CaseResultTest.testIssue20090516
</stdout>
      <stderr>Dec 11, 2012 11:35:30 AM org.mortbay.log.Slf4jLog info
INFO: jetty-6.1.26
Dec 11, 2012 11:35:30 AM org.mortbay.log.Slf4jLog info
INFO: NO JSP Support for , did not find org.apache.jasper.servlet.JspServlet
Dec 11, 2012 11:35:30 AM org.mortbay.log.Slf4jLog info
INFO: Started SocketConnector@0.0.0.0:51871
Dec 11, 2012 11:35:30 AM jenkins.InitReactorRunner$1 onAttained
INFO: Started initialization
Dec 11, 2012 11:35:30 AM jenkins.InitReactorRunner$1 onAttained
INFO: Listed all plugins
Dec 11, 2012 
...[truncated 1095 chars]...
hudson.PluginWrapper stop
INFO: Stopping ant
Dec 11, 2012 11:35:31 AM hudson.PluginWrapper stop
INFO: Stopping javadoc
Dec 11, 2012 11:35:31 AM hudson.PluginWrapper stop
INFO: Stopping subversion
Dec 11, 2012 11:35:31 AM hudson.PluginWrapper stop
INFO: Stopping cvs
Dec 11, 2012 11:35:31 AM hudson.PluginWrapper stop
INFO: Stopping maven-plugin
Dec 11, 2012 11:35:31 AM hudson.PluginWrapper stop
INFO: Stopping translation
Dec 11, 2012 11:35:31 AM hudson.PluginWrapper stop
INFO: Stopping ssh-slaves
</stderr>
      <duration>1.723</duration>
      <timestamp>2012-12-11T11:35:30</timestamp>
      <cases>
        <case>
          <duration>1.723</duration>
          <className>hudson.tasks.junit.CaseResultTest</className>
          <testName>testIssue20090516</testName>
          <skipped>false</skipped>
          <failedSince>0</failedSince>
        </case>
      </cases>
    </suite>
    <suite>
      <file>/home/jenkins/slave/workspace/jenkins_main_trunk/test/target/surefire-reports/hudson.tasks.junit.CaseResultTest.testMavenErrorMsgAndStacktraceRender.919.xml</file>
      <name>hudson.tasks.junit.CaseResultTest.testMavenErrorMsgAndStacktraceRender</name>
      <stdout>=== Starting CaseResultTest.testMavenErrorMsgAndStacktraceRender
</stdout>
      <stderr>Dec 11, 2012 11:35:35 AM org.mortbay.log.Slf4jLog info
INFO: jetty-6.1.26
Dec 11, 2012 11:35:35 AM org.mortbay.log.Slf4jLog info
INFO: NO JSP Support for , did not find org.apache.jasper.servlet.JspServlet
Dec 11, 2012 11:35:35 AM org.mortbay.log.Slf4jLog info
INFO: Started SocketConnector@0.0.0.0:46217
Dec 11, 2012 11:35:35 AM jenkins.InitReactorRunner$1 onAttained
INFO: Started initialization
Dec 11, 2012 11:35:35 AM jenkins.InitReactorRunner$1 onAttained
INFO: Listed all plugins
Dec 11, 2012 
...[truncated 1107 chars]...
hudson.PluginWrapper stop
INFO: Stopping ant
Dec 11, 2012 11:35:46 AM hudson.PluginWrapper stop
INFO: Stopping javadoc
Dec 11, 2012 11:35:46 AM hudson.PluginWrapper stop
INFO: Stopping subversion
Dec 11, 2012 11:35:46 AM hudson.PluginWrapper stop
INFO: Stopping cvs
Dec 11, 2012 11:35:46 AM hudson.PluginWrapper stop
INFO: Stopping maven-plugin
Dec 11, 2012 11:35:46 AM hudson.PluginWrapper stop
INFO: Stopping translation
Dec 11, 2012 11:35:46 AM hudson.PluginWrapper stop
INFO: Stopping ssh-slaves
</stderr>
      <duration>11.496</duration>
      <timestamp>2012-12-11T11:35:35</timestamp>
      <cases>
        <case>
          <duration>11.496</duration>
          <className>hudson.tasks.junit.CaseResultTest</className>
          <testName>testMavenErrorMsgAndStacktraceRender</testName>
          <skipped>false</skipped>
          <failedSince>0</failedSince>
        </case>
      </cases>
    </suite>
    <suite>
      <file>/home/jenkins/slave/workspace/jenkins_main_trunk/test/target/surefire-reports/hudson.tasks.junit.CaseResultTest.testRemoteApiDefaultVisibility.920.xml</file>
      <name>hudson.tasks.junit.CaseResultTest.testRemoteApiDefaultVisibility</name>
      <stdout>=== Starting CaseResultTest.testRemoteApiDefaultVisibility
</stdout>
      <stderr>Dec 11, 2012 11:35:46 AM org.mortbay.log.Slf4jLog info
INFO: jetty-6.1.26
Dec 11, 2012 11:35:46 AM org.mortbay.log.Slf4jLog info
INFO: NO JSP Support for , did not find org.apache.jasper.servlet.JspServlet
Dec 11, 2012 11:35:46 AM org.mortbay.log.Slf4jLog info
INFO: Started SocketConnector@0.0.0.0:54522
Dec 11, 2012 11:35:46 AM jenkins.InitReactorRunner$1 onAttained
INFO: Started initialization
Dec 11, 2012 11:35:46 AM jenkins.InitReactorRunner$1 onAttained
INFO: Listed all plugins
Dec 11, 2012 
...[truncated 1104 chars]...
hudson.PluginWrapper stop
INFO: Stopping ant
Dec 11, 2012 11:35:48 AM hudson.PluginWrapper stop
INFO: Stopping javadoc
Dec 11, 2012 11:35:48 AM hudson.PluginWrapper stop
INFO: Stopping subversion
Dec 11, 2012 11:35:48 AM hudson.PluginWrapper stop
INFO: Stopping cvs
Dec 11, 2012 11:35:48 AM hudson.PluginWrapper stop
INFO: Stopping maven-plugin
Dec 11, 2012 11:35:48 AM hudson.PluginWrapper stop
INFO: Stopping translation
Dec 11, 2012 11:35:48 AM hudson.PluginWrapper stop
INFO: Stopping ssh-slaves
</stderr>
      <duration>2.085</duration>
      <timestamp>2012-12-11T11:35:46</timestamp>
      <cases>
        <case>
          <duration>2.085</duration>
          <className>hudson.tasks.junit.CaseResultTest</className>
          <testName>testRemoteApiDefaultVisibility</testName>
          <skipped>false</skipped>
          <failedSince>0</failedSince>
        </case>
      </cases>
    </suite>
    <suite>
      <file>/home/jenkins/slave/workspace/jenkins_main_trunk/test/target/surefire-reports/hudson.tasks.junit.CaseResultTest.testRemoteApiNameOnly.922.xml</file>
      <name>hudson.tasks.junit.CaseResultTest.testRemoteApiNameOnly</name>
      <stdout>=== Starting CaseResultTest.testRemoteApiNameOnly
</stdout>
      <stderr>Dec 11, 2012 11:35:50 AM org.mortbay.log.Slf4jLog info
INFO: jetty-6.1.26
Dec 11, 2012 11:35:50 AM org.mortbay.log.Slf4jLog info
INFO: NO JSP Support for , did not find org.apache.jasper.servlet.JspServlet
Dec 11, 2012 11:35:50 AM org.mortbay.log.Slf4jLog info
INFO: Started SocketConnector@0.0.0.0:36046
Dec 11, 2012 11:35:50 AM jenkins.InitReactorRunner$1 onAttained
INFO: Started initialization
Dec 11, 2012 11:35:50 AM jenkins.InitReactorRunner$1 onAttained
INFO: Listed all plugins
Dec 11, 2012 
...[truncated 1104 chars]...
hudson.PluginWrapper stop
INFO: Stopping ant
Dec 11, 2012 11:35:52 AM hudson.PluginWrapper stop
INFO: Stopping javadoc
Dec 11, 2012 11:35:52 AM hudson.PluginWrapper stop
INFO: Stopping subversion
Dec 11, 2012 11:35:52 AM hudson.PluginWrapper stop
INFO: Stopping cvs
Dec 11, 2012 11:35:52 AM hudson.PluginWrapper stop
INFO: Stopping maven-plugin
Dec 11, 2012 11:35:52 AM hudson.PluginWrapper stop
INFO: Stopping translation
Dec 11, 2012 11:35:52 AM hudson.PluginWrapper stop
INFO: Stopping ssh-slaves
</stderr>
      <duration>2.068</duration>
      <timestamp>2012-12-11T11:35:50</timestamp>
      <cases>
        <case>
          <duration>2.068</duration>
          <className>hudson.tasks.junit.CaseResultTest</className>
          <testName>testRemoteApiNameOnly</testName>
          <skipped>false</skipped>
          <failedSince>0</failedSince>
        </case>
      </cases>
    </suite>
    <suite>
      <file>/home/jenkins/slave/workspace/jenkins_main_trunk/test/target/surefire-reports/hudson.tasks.junit.CaseResultTest.testRemoteApiNoDetails.921.xml</file>
      <name>hudson.tasks.junit.CaseResultTest.testRemoteApiNoDetails</name>
      <stdout>=== Starting CaseResultTest.testRemoteApiNoDetails
</stdout>
      <stderr>Dec 11, 2012 11:35:48 AM org.mortbay.log.Slf4jLog info
INFO: jetty-6.1.26
Dec 11, 2012 11:35:48 AM org.mortbay.log.Slf4jLog info
INFO: NO JSP Support for , did not find org.apache.jasper.servlet.JspServlet
Dec 11, 2012 11:35:48 AM org.mortbay.log.Slf4jLog info
INFO: Started SocketConnector@0.0.0.0:41469
Dec 11, 2012 11:35:48 AM jenkins.InitReactorRunner$1 onAttained
INFO: Started initialization
Dec 11, 2012 11:35:48 AM jenkins.InitReactorRunner$1 onAttained
INFO: Listed all plugins
Dec 11, 2012 
...[truncated 1104 chars]...
hudson.PluginWrapper stop
INFO: Stopping ant
Dec 11, 2012 11:35:50 AM hudson.PluginWrapper stop
INFO: Stopping javadoc
Dec 11, 2012 11:35:50 AM hudson.PluginWrapper stop
INFO: Stopping subversion
Dec 11, 2012 11:35:50 AM hudson.PluginWrapper stop
INFO: Stopping cvs
Dec 11, 2012 11:35:50 AM hudson.PluginWrapper stop
INFO: Stopping maven-plugin
Dec 11, 2012 11:35:50 AM hudson.PluginWrapper stop
INFO: Stopping translation
Dec 11, 2012 11:35:50 AM hudson.PluginWrapper stop
INFO: Stopping ssh-slaves
</stderr>
      <duration>1.842</duration>
      <timestamp>2012-12-11T11:35:48</timestamp>
      <cases>
        <case>
          <duration>1.842</duration>
          <className>hudson.tasks.junit.CaseResultTest</className>
          <testName>testRemoteApiNoDetails</testName>
          <skipped>false</skipped>
          <failedSince>0</failedSince>
        </case>
      </cases>
    </suite>
    <suite>
      <file>/home/jenkins/slave/workspace/jenkins_main_trunk/test/target/surefire-reports/hudson.tasks.junit.HistoryTest.testFailedSince.923.xml</file>
      <name>hudson.tasks.junit.HistoryTest.testFailedSince</name>
      <stdout>=== Starting HistoryTest.testFailedSince
</stdout>
      <stderr>Dec 11, 2012 11:35:52 AM org.mortbay.log.Slf4jLog info
INFO: jetty-6.1.26
Dec 11, 2012 11:35:52 AM org.mortbay.log.Slf4jLog info
INFO: NO JSP Support for , did not find org.apache.jasper.servlet.JspServlet
Dec 11, 2012 11:35:52 AM org.mortbay.log.Slf4jLog info
INFO: Started SocketConnector@0.0.0.0:58330
Dec 11, 2012 11:35:52 AM jenkins.InitReactorRunner$1 onAttained
INFO: Started initialization
Dec 11, 2012 11:35:52 AM jenkins.InitReactorRunner$1 onAttained
INFO: Listed all plugins
Dec 11, 2012 
...[truncated 993 chars]...
hudson.PluginWrapper stop
INFO: Stopping ant
Dec 11, 2012 11:35:53 AM hudson.PluginWrapper stop
INFO: Stopping javadoc
Dec 11, 2012 11:35:53 AM hudson.PluginWrapper stop
INFO: Stopping subversion
Dec 11, 2012 11:35:53 AM hudson.PluginWrapper stop
INFO: Stopping cvs
Dec 11, 2012 11:35:53 AM hudson.PluginWrapper stop
INFO: Stopping maven-plugin
Dec 11, 2012 11:35:53 AM hudson.PluginWrapper stop
INFO: Stopping translation
Dec 11, 2012 11:35:53 AM hudson.PluginWrapper stop
INFO: Stopping ssh-slaves
</stderr>
      <duration>1.798</duration>
      <timestamp>2012-12-11T11:35:52</timestamp>
      <cases>
        <case>
          <duration>1.798</duration>
          <className>hudson.tasks.junit.HistoryTest</className>
          <testName>testFailedSince</testName>
          <skipped>false</skipped>
          <failedSince>0</failedSince>
        </case>
      </cases>
    </suite>
    <suite>
      <file>/home/jenkins/slave/workspace/jenkins_main_trunk/test/target/surefire-reports/hudson.tasks.junit.JUnitParserTest.testJustParsing.924.xml</file>
      <name>hudson.tasks.junit.JUnitParserTest.testJustParsing</name>
      <stdout>=== Starting JUnitParserTest.testJustParsing
in perform...
...touched everything
back from parse
We passed some assertions in the JUnitParserTestBuilder
</stdout>
      <stderr>Dec 11, 2012 11:35:54 AM org.mortbay.log.Slf4jLog info
INFO: jetty-6.1.26
Dec 11, 2012 11:35:54 AM org.mortbay.log.Slf4jLog info
INFO: NO JSP Support for , did not find org.apache.jasper.servlet.JspServlet
Dec 11, 2012 11:35:54 AM org.mortbay.log.Slf4jLog info
INFO: Started SocketConnector@0.0.0.0:53017
Dec 11, 2012 11:35:54 AM jenkins.InitReactorRunner$1 onAttained
INFO: Started initialization
Dec 11, 2012 11:35:54 AM jenkins.InitReactorRunner$1 onAttained
INFO: Listed all plugins
Dec 11, 2012 
...[truncated 1107 chars]...
hudson.PluginWrapper stop
INFO: Stopping ant
Dec 11, 2012 11:35:56 AM hudson.PluginWrapper stop
INFO: Stopping javadoc
Dec 11, 2012 11:35:56 AM hudson.PluginWrapper stop
INFO: Stopping subversion
Dec 11, 2012 11:35:56 AM hudson.PluginWrapper stop
INFO: Stopping cvs
Dec 11, 2012 11:35:56 AM hudson.PluginWrapper stop
INFO: Stopping maven-plugin
Dec 11, 2012 11:35:56 AM hudson.PluginWrapper stop
INFO: Stopping translation
Dec 11, 2012 11:35:56 AM hudson.PluginWrapper stop
INFO: Stopping ssh-slaves
</stderr>
      <duration>2.002</duration>
      <timestamp>2012-12-11T11:35:54</timestamp>
      <cases>
        <case>
          <duration>2.002</duration>
          <className>hudson.tasks.junit.JUnitParserTest</className>
          <testName>testJustParsing</testName>
          <skipped>false</skipped>
          <failedSince>0</failedSince>
        </case>
      </cases>
    </suite>
    <suite>
      <file>/home/jenkins/slave/workspace/jenkins_main_trunk/test/target/surefire-reports/hudson.tasks.junit.JUnitResultArchiverTest.testBasic.926.xml</file>
      <name>hudson.tasks.junit.JUnitResultArchiverTest.testBasic</name>
      <stdout>=== Starting JUnitResultArchiverTest.testBasic
</stdout>
      <stderr>Dec 11, 2012 11:35:59 AM org.mortbay.log.Slf4jLog info
INFO: jetty-6.1.26
Dec 11, 2012 11:35:59 AM org.mortbay.log.Slf4jLog info
INFO: NO JSP Support for , did not find org.apache.jasper.servlet.JspServlet
Dec 11, 2012 11:35:59 AM org.mortbay.log.Slf4jLog info
INFO: Started SocketConnector@0.0.0.0:45636
Dec 11, 2012 11:35:59 AM jenkins.InitReactorRunner$1 onAttained
INFO: Started initialization
Dec 11, 2012 11:35:59 AM jenkins.InitReactorRunner$1 onAttained
INFO: Listed all plugins
Dec 11, 2012 
...[truncated 15975 chars]...
hudson.PluginWrapper stop
INFO: Stopping ant
Dec 11, 2012 11:36:06 AM hudson.PluginWrapper stop
INFO: Stopping javadoc
Dec 11, 2012 11:36:06 AM hudson.PluginWrapper stop
INFO: Stopping subversion
Dec 11, 2012 11:36:06 AM hudson.PluginWrapper stop
INFO: Stopping cvs
Dec 11, 2012 11:36:06 AM hudson.PluginWrapper stop
INFO: Stopping maven-plugin
Dec 11, 2012 11:36:06 AM hudson.PluginWrapper stop
INFO: Stopping translation
Dec 11, 2012 11:36:06 AM hudson.PluginWrapper stop
INFO: Stopping ssh-slaves
</stderr>
      <duration>7.613</duration>
      <timestamp>2012-12-11T11:35:59</timestamp>
      <cases>
        <case>
          <duration>7.613</duration>
          <className>hudson.tasks.junit.JUnitResultArchiverTest</className>
          <testName>testBasic</testName>
          <skipped>false</skipped>
          <failedSince>0</failedSince>
        </case>
      </cases>
    </suite>
    <suite>
      <file>/home/jenkins/slave/workspace/jenkins_main_trunk/test/target/surefire-reports/hudson.tasks.junit.JUnitResultArchiverTest.testPersistence.925.xml</file>
      <name>hudson.tasks.junit.JUnitResultArchiverTest.testPersistence</name>
      <stdout>=== Starting JUnitResultArchiverTest.testPersistence
</stdout>
      <stderr>Dec 11, 2012 11:35:56 AM org.mortbay.log.Slf4jLog info
INFO: jetty-6.1.26
Dec 11, 2012 11:35:56 AM org.mortbay.log.Slf4jLog info
INFO: NO JSP Support for , did not find org.apache.jasper.servlet.JspServlet
Dec 11, 2012 11:35:56 AM org.mortbay.log.Slf4jLog info
INFO: Started SocketConnector@0.0.0.0:56411
Dec 11, 2012 11:35:56 AM jenkins.InitReactorRunner$1 onAttained
INFO: Started initialization
Dec 11, 2012 11:35:56 AM jenkins.InitReactorRunner$1 onAttained
INFO: Listed all plugins
Dec 11, 2012 
...[truncated 1734 chars]...
hudson.PluginWrapper stop
INFO: Stopping ant
Dec 11, 2012 11:35:58 AM hudson.PluginWrapper stop
INFO: Stopping javadoc
Dec 11, 2012 11:35:58 AM hudson.PluginWrapper stop
INFO: Stopping subversion
Dec 11, 2012 11:35:58 AM hudson.PluginWrapper stop
INFO: Stopping cvs
Dec 11, 2012 11:35:58 AM hudson.PluginWrapper stop
INFO: Stopping maven-plugin
Dec 11, 2012 11:35:58 AM hudson.PluginWrapper stop
INFO: Stopping translation
Dec 11, 2012 11:35:58 AM hudson.PluginWrapper stop
INFO: Stopping ssh-slaves
</stderr>
      <duration>2.661</duration>
      <timestamp>2012-12-11T11:35:56</timestamp>
      <cases>
        <case>
          <duration>2.661</duration>
          <className>hudson.tasks.junit.JUnitResultArchiverTest</className>
          <testName>testPersistence</testName>
          <skipped>false</skipped>
          <failedSince>0</failedSince>
        </case>
      </cases>
    </suite>
    <suite>
      <file>/home/jenkins/slave/workspace/jenkins_main_trunk/test/target/surefire-reports/hudson.tasks.junit.JUnitResultArchiverTest.testSetDescription.928.xml</file>
      <name>hudson.tasks.junit.JUnitResultArchiverTest.testSetDescription</name>
      <stdout>=== Starting JUnitResultArchiverTest.testSetDescription
</stdout>
      <stderr>Dec 11, 2012 11:36:18 AM org.mortbay.log.Slf4jLog info
INFO: jetty-6.1.26
Dec 11, 2012 11:36:18 AM org.mortbay.log.Slf4jLog info
INFO: NO JSP Support for , did not find org.apache.jasper.servlet.JspServlet
Dec 11, 2012 11:36:18 AM org.mortbay.log.Slf4jLog info
INFO: Started SocketConnector@0.0.0.0:60650
Dec 11, 2012 11:36:18 AM jenkins.InitReactorRunner$1 onAttained
INFO: Started initialization
Dec 11, 2012 11:36:18 AM jenkins.InitReactorRunner$1 onAttained
INFO: Listed all plugins
Dec 11, 2012 
...[truncated 15975 chars]...
hudson.PluginWrapper stop
INFO: Stopping ant
Dec 11, 2012 11:36:25 AM hudson.PluginWrapper stop
INFO: Stopping javadoc
Dec 11, 2012 11:36:25 AM hudson.PluginWrapper stop
INFO: Stopping subversion
Dec 11, 2012 11:36:25 AM hudson.PluginWrapper stop
INFO: Stopping cvs
Dec 11, 2012 11:36:25 AM hudson.PluginWrapper stop
INFO: Stopping maven-plugin
Dec 11, 2012 11:36:25 AM hudson.PluginWrapper stop
INFO: Stopping translation
Dec 11, 2012 11:36:25 AM hudson.PluginWrapper stop
INFO: Stopping ssh-slaves
</stderr>
      <duration>8.568</duration>
      <timestamp>2012-12-11T11:36:18</timestamp>
      <cases>
        <case>
          <duration>8.568</duration>
          <className>hudson.tasks.junit.JUnitResultArchiverTest</className>
          <testName>testSetDescription</testName>
          <skipped>false</skipped>
          <failedSince>0</failedSince>
        </case>
      </cases>
    </suite>
    <suite>
      <file>/home/jenkins/slave/workspace/jenkins_main_trunk/test/target/surefire-reports/hudson.tasks.junit.JUnitResultArchiverTest.testSlave.927.xml</file>
      <name>hudson.tasks.junit.JUnitResultArchiverTest.testSlave</name>
      <stdout>=== Starting JUnitResultArchiverTest.testSlave
</stdout>
      <stderr>Dec 11, 2012 11:36:06 AM org.mortbay.log.Slf4jLog info
INFO: jetty-6.1.26
Dec 11, 2012 11:36:06 AM org.mortbay.log.Slf4jLog info
INFO: NO JSP Support for , did not find org.apache.jasper.servlet.JspServlet
Dec 11, 2012 11:36:06 AM org.mortbay.log.Slf4jLog info
INFO: Started SocketConnector@0.0.0.0:56322
Dec 11, 2012 11:36:07 AM jenkins.InitReactorRunner$1 onAttained
INFO: Started initialization
Dec 11, 2012 11:36:07 AM jenkins.InitReactorRunner$1 onAttained
INFO: Listed all plugins
Dec 11, 2012 
...[truncated 16075 chars]...
hudson.PluginWrapper stop
INFO: Stopping ant
Dec 11, 2012 11:36:17 AM hudson.PluginWrapper stop
INFO: Stopping javadoc
Dec 11, 2012 11:36:17 AM hudson.PluginWrapper stop
INFO: Stopping subversion
Dec 11, 2012 11:36:17 AM hudson.PluginWrapper stop
INFO: Stopping cvs
Dec 11, 2012 11:36:17 AM hudson.PluginWrapper stop
INFO: Stopping maven-plugin
Dec 11, 2012 11:36:17 AM hudson.PluginWrapper stop
INFO: Stopping translation
Dec 11, 2012 11:36:17 AM hudson.PluginWrapper stop
INFO: Stopping ssh-slaves
</stderr>
      <duration>11.132</duration>
      <timestamp>2012-12-11T11:36:06</timestamp>
      <cases>
        <case>
          <duration>11.132</duration>
          <className>hudson.tasks.junit.JUnitResultArchiverTest</className>
          <testName>testSlave</testName>
          <skipped>false</skipped>
          <failedSince>0</failedSince>
        </case>
      </cases>
    </suite>
    <suite>
      <file>/home/jenkins/slave/workspace/jenkins_main_trunk/test/target/surefire-reports/hudson.tasks.junit.TestResultLinksTest.testFailureLinks.930.xml</file>
      <name>hudson.tasks.junit.TestResultLinksTest.testFailureLinks</name>
      <stdout>=== Starting TestResultLinksTest.testFailureLinks
relative path seems to be: tacoshack.meals/NachosTest/testBeanDip/
link is : tacoshack.meals/NachosTest/testBeanDip/
</stdout>
      <stderr>Dec 11, 2012 11:36:26 AM org.mortbay.log.Slf4jLog info
INFO: jetty-6.1.26
Dec 11, 2012 11:36:26 AM org.mortbay.log.Slf4jLog info
INFO: NO JSP Support for , did not find org.apache.jasper.servlet.JspServlet
Dec 11, 2012 11:36:26 AM org.mortbay.log.Slf4jLog info
INFO: Started SocketConnector@0.0.0.0:58706
Dec 11, 2012 11:36:26 AM jenkins.InitReactorRunner$1 onAttained
INFO: Started initialization
Dec 11, 2012 11:36:26 AM jenkins.InitReactorRunner$1 onAttained
INFO: Listed all plugins
Dec 11, 2012 
...[truncated 8538 chars]...
hudson.PluginWrapper stop
INFO: Stopping ant
Dec 11, 2012 11:36:32 AM hudson.PluginWrapper stop
INFO: Stopping javadoc
Dec 11, 2012 11:36:32 AM hudson.PluginWrapper stop
INFO: Stopping subversion
Dec 11, 2012 11:36:32 AM hudson.PluginWrapper stop
INFO: Stopping cvs
Dec 11, 2012 11:36:32 AM hudson.PluginWrapper stop
INFO: Stopping maven-plugin
Dec 11, 2012 11:36:32 AM hudson.PluginWrapper stop
INFO: Stopping translation
Dec 11, 2012 11:36:32 AM hudson.PluginWrapper stop
INFO: Stopping ssh-slaves
</stderr>
      <duration>6.012</duration>
      <timestamp>2012-12-11T11:36:26</timestamp>
      <cases>
        <case>
          <duration>6.012</duration>
          <className>hudson.tasks.junit.TestResultLinksTest</className>
          <testName>testFailureLinks</testName>
          <skipped>false</skipped>
          <failedSince>0</failedSince>
        </case>
      </cases>
    </suite>
    <suite>
      <file>/home/jenkins/slave/workspace/jenkins_main_trunk/test/target/surefire-reports/hudson.tasks.junit.TestResultLinksTest.testNonDescendantRelativePath.931.xml</file>
      <name>hudson.tasks.junit.TestResultLinksTest.testNonDescendantRelativePath</name>
      <stdout>=== Starting TestResultLinksTest.testNonDescendantRelativePath
relative path seems to be: tacoshack.meals/NachosTest/testBeanDip/
relative path2 seems to be: 
</stdout>
      <stderr>Dec 11, 2012 11:36:32 AM org.mortbay.log.Slf4jLog info
INFO: jetty-6.1.26
Dec 11, 2012 11:36:32 AM org.mortbay.log.Slf4jLog info
INFO: NO JSP Support for , did not find org.apache.jasper.servlet.JspServlet
Dec 11, 2012 11:36:32 AM org.mortbay.log.Slf4jLog info
INFO: Started SocketConnector@0.0.0.0:40064
Dec 11, 2012 11:36:32 AM jenkins.InitReactorRunner$1 onAttained
INFO: Started initialization
Dec 11, 2012 11:36:32 AM jenkins.InitReactorRunner$1 onAttained
INFO: Listed all plugins
Dec 11, 2012 
...[truncated 1462 chars]...
hudson.PluginWrapper stop
INFO: Stopping ant
Dec 11, 2012 11:36:33 AM hudson.PluginWrapper stop
INFO: Stopping javadoc
Dec 11, 2012 11:36:33 AM hudson.PluginWrapper stop
INFO: Stopping subversion
Dec 11, 2012 11:36:33 AM hudson.PluginWrapper stop
INFO: Stopping cvs
Dec 11, 2012 11:36:33 AM hudson.PluginWrapper stop
INFO: Stopping maven-plugin
Dec 11, 2012 11:36:33 AM hudson.PluginWrapper stop
INFO: Stopping translation
Dec 11, 2012 11:36:33 AM hudson.PluginWrapper stop
INFO: Stopping ssh-slaves
</stderr>
      <duration>1.691</duration>
      <timestamp>2012-12-11T11:36:32</timestamp>
      <cases>
        <case>
          <duration>1.691</duration>
          <className>hudson.tasks.junit.TestResultLinksTest</className>
          <testName>testNonDescendantRelativePath</testName>
          <skipped>false</skipped>
          <failedSince>0</failedSince>
        </case>
      </cases>
    </suite>
    <suite>
      <file>/home/jenkins/slave/workspace/jenkins_main_trunk/test/target/surefire-reports/hudson.tasks.junit.TestResultPublishingTest.testBasic.932.xml</file>
      <name>hudson.tasks.junit.TestResultPublishingTest.testBasic</name>
      <stdout>=== Starting TestResultPublishingTest.testBasic
</stdout>
      <stderr>Dec 11, 2012 11:36:34 AM org.mortbay.log.Slf4jLog info
INFO: jetty-6.1.26
Dec 11, 2012 11:36:34 AM org.mortbay.log.Slf4jLog info
INFO: NO JSP Support for , did not find org.apache.jasper.servlet.JspServlet
Dec 11, 2012 11:36:34 AM org.mortbay.log.Slf4jLog info
INFO: Started SocketConnector@0.0.0.0:47570
Dec 11, 2012 11:36:34 AM jenkins.InitReactorRunner$1 onAttained
INFO: Started initialization
Dec 11, 2012 11:36:34 AM jenkins.InitReactorRunner$1 onAttained
INFO: Listed all plugins
Dec 11, 2012 
...[truncated 15978 chars]...
hudson.PluginWrapper stop
INFO: Stopping ant
Dec 11, 2012 11:36:41 AM hudson.PluginWrapper stop
INFO: Stopping javadoc
Dec 11, 2012 11:36:41 AM hudson.PluginWrapper stop
INFO: Stopping subversion
Dec 11, 2012 11:36:41 AM hudson.PluginWrapper stop
INFO: Stopping cvs
Dec 11, 2012 11:36:41 AM hudson.PluginWrapper stop
INFO: Stopping maven-plugin
Dec 11, 2012 11:36:41 AM hudson.PluginWrapper stop
INFO: Stopping translation
Dec 11, 2012 11:36:41 AM hudson.PluginWrapper stop
INFO: Stopping ssh-slaves
</stderr>
      <duration>7.927</duration>
      <timestamp>2012-12-11T11:36:34</timestamp>
      <cases>
        <case>
          <duration>7.927</duration>
          <className>hudson.tasks.junit.TestResultPublishingTest</className>
          <testName>testBasic</testName>
          <skipped>false</skipped>
          <failedSince>0</failedSince>
        </case>
      </cases>
    </suite>
    <suite>
      <file>/home/jenkins/slave/workspace/jenkins_main_trunk/test/target/surefire-reports/hudson.tasks.junit.TestResultPublishingTest.testHistoryPageOpenJunit.936.xml</file>
      <name>hudson.tasks.junit.TestResultPublishingTest.testHistoryPageOpenJunit</name>
      <stdout>=== Starting TestResultPublishingTest.testHistoryPageOpenJunit
</stdout>
      <stderr>Dec 11, 2012 11:37:03 AM org.mortbay.log.Slf4jLog info
INFO: jetty-6.1.26
Dec 11, 2012 11:37:03 AM org.mortbay.log.Slf4jLog info
INFO: NO JSP Support for , did not find org.apache.jasper.servlet.JspServlet
Dec 11, 2012 11:37:03 AM org.mortbay.log.Slf4jLog info
INFO: Started SocketConnector@0.0.0.0:47049
Dec 11, 2012 11:37:03 AM jenkins.InitReactorRunner$1 onAttained
INFO: Started initialization
Dec 11, 2012 11:37:03 AM jenkins.InitReactorRunner$1 onAttained
INFO: Listed all plugins
Dec 11, 2012 
...[truncated 3473 chars]...
hudson.PluginWrapper stop
INFO: Stopping ant
Dec 11, 2012 11:37:06 AM hudson.PluginWrapper stop
INFO: Stopping javadoc
Dec 11, 2012 11:37:06 AM hudson.PluginWrapper stop
INFO: Stopping subversion
Dec 11, 2012 11:37:06 AM hudson.PluginWrapper stop
INFO: Stopping cvs
Dec 11, 2012 11:37:06 AM hudson.PluginWrapper stop
INFO: Stopping maven-plugin
Dec 11, 2012 11:37:06 AM hudson.PluginWrapper stop
INFO: Stopping translation
Dec 11, 2012 11:37:06 AM hudson.PluginWrapper stop
INFO: Stopping ssh-slaves
</stderr>
      <duration>3.184</duration>
      <timestamp>2012-12-11T11:37:03</timestamp>
      <cases>
        <case>
          <duration>3.184</duration>
          <className>hudson.tasks.junit.TestResultPublishingTest</className>
          <testName>testHistoryPageOpenJunit</testName>
          <skipped>false</skipped>
          <failedSince>0</failedSince>
        </case>
      </cases>
    </suite>
    <suite>
      <file>/home/jenkins/slave/workspace/jenkins_main_trunk/test/target/surefire-reports/hudson.tasks.junit.TestResultPublishingTest.testInterBuildDiffs.935.xml</file>
      <name>hudson.tasks.junit.TestResultPublishingTest.testInterBuildDiffs</name>
      <stdout>=== Starting TestResultPublishingTest.testInterBuildDiffs
</stdout>
      <stderr>Dec 11, 2012 11:37:01 AM org.mortbay.log.Slf4jLog info
INFO: jetty-6.1.26
Dec 11, 2012 11:37:01 AM org.mortbay.log.Slf4jLog info
INFO: NO JSP Support for , did not find org.apache.jasper.servlet.JspServlet
Dec 11, 2012 11:37:01 AM org.mortbay.log.Slf4jLog info
INFO: Started SocketConnector@0.0.0.0:45164
Dec 11, 2012 11:37:01 AM jenkins.InitReactorRunner$1 onAttained
INFO: Started initialization
Dec 11, 2012 11:37:01 AM jenkins.InitReactorRunner$1 onAttained
INFO: Listed all plugins
Dec 11, 2012 
...[truncated 3473 chars]...
hudson.PluginWrapper stop
INFO: Stopping ant
Dec 11, 2012 11:37:03 AM hudson.PluginWrapper stop
INFO: Stopping javadoc
Dec 11, 2012 11:37:03 AM hudson.PluginWrapper stop
INFO: Stopping subversion
Dec 11, 2012 11:37:03 AM hudson.PluginWrapper stop
INFO: Stopping cvs
Dec 11, 2012 11:37:03 AM hudson.PluginWrapper stop
INFO: Stopping maven-plugin
Dec 11, 2012 11:37:03 AM hudson.PluginWrapper stop
INFO: Stopping translation
Dec 11, 2012 11:37:03 AM hudson.PluginWrapper stop
INFO: Stopping ssh-slaves
</stderr>
      <duration>2.822</duration>
      <timestamp>2012-12-11T11:37:00</timestamp>
      <cases>
        <case>
          <duration>2.822</duration>
          <className>hudson.tasks.junit.TestResultPublishingTest</className>
          <testName>testInterBuildDiffs</testName>
          <skipped>false</skipped>
          <failedSince>0</failedSince>
        </case>
      </cases>
    </suite>
    <suite>
      <file>/home/jenkins/slave/workspace/jenkins_main_trunk/test/target/surefire-reports/hudson.tasks.junit.TestResultPublishingTest.testOpenJUnitPublishing.934.xml</file>
      <name>hudson.tasks.junit.TestResultPublishingTest.testOpenJUnitPublishing</name>
      <stdout>=== Starting TestResultPublishingTest.testOpenJUnitPublishing
</stdout>
      <stderr>Dec 11, 2012 11:36:53 AM org.mortbay.log.Slf4jLog info
INFO: jetty-6.1.26
Dec 11, 2012 11:36:53 AM org.mortbay.log.Slf4jLog info
INFO: NO JSP Support for , did not find org.apache.jasper.servlet.JspServlet
Dec 11, 2012 11:36:53 AM org.mortbay.log.Slf4jLog info
INFO: Started SocketConnector@0.0.0.0:44478
Dec 11, 2012 11:36:53 AM jenkins.InitReactorRunner$1 onAttained
INFO: Started initialization
Dec 11, 2012 11:36:53 AM jenkins.InitReactorRunner$1 onAttained
INFO: Listed all plugins
Dec 11, 2012 
...[truncated 13393 chars]...
hudson.PluginWrapper stop
INFO: Stopping ant
Dec 11, 2012 11:37:00 AM hudson.PluginWrapper stop
INFO: Stopping javadoc
Dec 11, 2012 11:37:00 AM hudson.PluginWrapper stop
INFO: Stopping subversion
Dec 11, 2012 11:37:00 AM hudson.PluginWrapper stop
INFO: Stopping cvs
Dec 11, 2012 11:37:00 AM hudson.PluginWrapper stop
INFO: Stopping maven-plugin
Dec 11, 2012 11:37:00 AM hudson.PluginWrapper stop
INFO: Stopping translation
Dec 11, 2012 11:37:00 AM hudson.PluginWrapper stop
INFO: Stopping ssh-slaves
</stderr>
      <duration>7.52</duration>
      <timestamp>2012-12-11T11:36:53</timestamp>
      <cases>
        <case>
          <duration>7.52</duration>
          <className>hudson.tasks.junit.TestResultPublishingTest</className>
          <testName>testOpenJUnitPublishing</testName>
          <skipped>false</skipped>
          <failedSince>0</failedSince>
        </case>
      </cases>
    </suite>
    <suite>
      <file>/home/jenkins/slave/workspace/jenkins_main_trunk/test/target/surefire-reports/hudson.tasks.junit.TestResultPublishingTest.testSlave.933.xml</file>
      <name>hudson.tasks.junit.TestResultPublishingTest.testSlave</name>
      <stdout>=== Starting TestResultPublishingTest.testSlave
</stdout>
      <stderr>Dec 11, 2012 11:36:42 AM org.mortbay.log.Slf4jLog info
INFO: jetty-6.1.26
Dec 11, 2012 11:36:42 AM org.mortbay.log.Slf4jLog info
INFO: NO JSP Support for , did not find org.apache.jasper.servlet.JspServlet
Dec 11, 2012 11:36:42 AM org.mortbay.log.Slf4jLog info
INFO: Started SocketConnector@0.0.0.0:43491
Dec 11, 2012 11:36:42 AM jenkins.InitReactorRunner$1 onAttained
INFO: Started initialization
Dec 11, 2012 11:36:42 AM jenkins.InitReactorRunner$1 onAttained
INFO: Listed all plugins
Dec 11, 2012 
...[truncated 16078 chars]...
hudson.PluginWrapper stop
INFO: Stopping ant
Dec 11, 2012 11:36:52 AM hudson.PluginWrapper stop
INFO: Stopping javadoc
Dec 11, 2012 11:36:52 AM hudson.PluginWrapper stop
INFO: Stopping subversion
Dec 11, 2012 11:36:52 AM hudson.PluginWrapper stop
INFO: Stopping cvs
Dec 11, 2012 11:36:52 AM hudson.PluginWrapper stop
INFO: Stopping maven-plugin
Dec 11, 2012 11:36:52 AM hudson.PluginWrapper stop
INFO: Stopping translation
Dec 11, 2012 11:36:52 AM hudson.PluginWrapper stop
INFO: Stopping ssh-slaves
</stderr>
      <duration>10.944</duration>
      <timestamp>2012-12-11T11:36:42</timestamp>
      <cases>
        <case>
          <duration>10.944</duration>
          <className>hudson.tasks.junit.TestResultPublishingTest</className>
          <testName>testSlave</testName>
          <skipped>false</skipped>
          <failedSince>0</failedSince>
        </case>
      </cases>
    </suite>
    <suite>
      <file>/home/jenkins/slave/workspace/jenkins_main_trunk/test/target/surefire-reports/hudson.tasks.test.TestResultExtensionTest.testTrivialRecorder.937.xml</file>
      <name>hudson.tasks.test.TestResultExtensionTest.testTrivialRecorder</name>
      <stdout>=== Starting TestResultExtensionTest.testTrivialRecorder
performing TrviialTestResultRecorder
done with TrivialTestResultRecorder
</stdout>
      <stderr>Dec 11, 2012 11:37:06 AM org.mortbay.log.Slf4jLog info
INFO: jetty-6.1.26
Dec 11, 2012 11:37:07 AM org.mortbay.log.Slf4jLog info
INFO: NO JSP Support for , did not find org.apache.jasper.servlet.JspServlet
Dec 11, 2012 11:37:07 AM org.mortbay.log.Slf4jLog info
INFO: Started SocketConnector@0.0.0.0:35059
Dec 11, 2012 11:37:07 AM jenkins.InitReactorRunner$1 onAttained
INFO: Started initialization
Dec 11, 2012 11:37:07 AM jenkins.InitReactorRunner$1 onAttained
INFO: Listed all plugins
Dec 11, 2012 
...[truncated 6061 chars]...
hudson.PluginWrapper stop
INFO: Stopping ant
Dec 11, 2012 11:37:10 AM hudson.PluginWrapper stop
INFO: Stopping javadoc
Dec 11, 2012 11:37:10 AM hudson.PluginWrapper stop
INFO: Stopping subversion
Dec 11, 2012 11:37:10 AM hudson.PluginWrapper stop
INFO: Stopping cvs
Dec 11, 2012 11:37:10 AM hudson.PluginWrapper stop
INFO: Stopping maven-plugin
Dec 11, 2012 11:37:10 AM hudson.PluginWrapper stop
INFO: Stopping translation
Dec 11, 2012 11:37:10 AM hudson.PluginWrapper stop
INFO: Stopping ssh-slaves
</stderr>
      <duration>3.865</duration>
      <timestamp>2012-12-11T11:37:06</timestamp>
      <cases>
        <case>
          <duration>3.865</duration>
          <className>hudson.tasks.test.TestResultExtensionTest</className>
          <testName>testTrivialRecorder</testName>
          <skipped>false</skipped>
          <failedSince>0</failedSince>
        </case>
      </cases>
    </suite>
    <suite>
      <file>/home/jenkins/slave/workspace/jenkins_main_trunk/test/target/surefire-reports/hudson.tools.JDKInstallerTest.testAutoInstallation142_17.943.xml</file>
      <name>hudson.tools.JDKInstallerTest.testAutoInstallation142_17</name>
      <stdout>=== Starting JDKInstallerTest.testAutoInstallation142_17
</stdout>
      <stderr>Dec 11, 2012 11:37:31 AM org.mortbay.log.Slf4jLog info
INFO: jetty-6.1.26
Dec 11, 2012 11:37:31 AM org.mortbay.log.Slf4jLog info
INFO: NO JSP Support for , did not find org.apache.jasper.servlet.JspServlet
Dec 11, 2012 11:37:31 AM org.mortbay.log.Slf4jLog info
INFO: Started SocketConnector@0.0.0.0:52590
Dec 11, 2012 11:37:31 AM jenkins.InitReactorRunner$1 onAttained
INFO: Started initialization
Dec 11, 2012 11:37:31 AM jenkins.InitReactorRunner$1 onAttained
INFO: Listed all plugins
Dec 11, 2012 
...[truncated 993 chars]...
hudson.PluginWrapper stop
INFO: Stopping ant
Dec 11, 2012 11:37:32 AM hudson.PluginWrapper stop
INFO: Stopping javadoc
Dec 11, 2012 11:37:32 AM hudson.PluginWrapper stop
INFO: Stopping subversion
Dec 11, 2012 11:37:32 AM hudson.PluginWrapper stop
INFO: Stopping cvs
Dec 11, 2012 11:37:32 AM hudson.PluginWrapper stop
INFO: Stopping maven-plugin
Dec 11, 2012 11:37:32 AM hudson.PluginWrapper stop
INFO: Stopping translation
Dec 11, 2012 11:37:32 AM hudson.PluginWrapper stop
INFO: Stopping ssh-slaves
</stderr>
      <duration>1.71</duration>
      <timestamp>2012-12-11T11:37:31</timestamp>
      <cases>
        <case>
          <duration>1.71</duration>
          <className>hudson.tools.JDKInstallerTest</className>
          <testName>testAutoInstallation142_17</testName>
          <skipped>false</skipped>
          <failedSince>0</failedSince>
        </case>
      </cases>
    </suite>
    <suite>
      <file>/home/jenkins/slave/workspace/jenkins_main_trunk/test/target/surefire-reports/hudson.tools.JDKInstallerTest.testAutoInstallation6u13.941.xml</file>
      <name>hudson.tools.JDKInstallerTest.testAutoInstallation6u13</name>
      <stdout>=== Starting JDKInstallerTest.testAutoInstallation6u13
</stdout>
      <stderr>Dec 11, 2012 11:37:26 AM org.mortbay.log.Slf4jLog info
INFO: jetty-6.1.26
Dec 11, 2012 11:37:26 AM org.mortbay.log.Slf4jLog info
INFO: NO JSP Support for , did not find org.apache.jasper.servlet.JspServlet
Dec 11, 2012 11:37:26 AM org.mortbay.log.Slf4jLog info
INFO: Started SocketConnector@0.0.0.0:39217
Dec 11, 2012 11:37:26 AM jenkins.InitReactorRunner$1 onAttained
INFO: Started initialization
Dec 11, 2012 11:37:26 AM jenkins.InitReactorRunner$1 onAttained
INFO: Listed all plugins
Dec 11, 2012 
...[truncated 993 chars]...
hudson.PluginWrapper stop
INFO: Stopping ant
Dec 11, 2012 11:37:28 AM hudson.PluginWrapper stop
INFO: Stopping javadoc
Dec 11, 2012 11:37:28 AM hudson.PluginWrapper stop
INFO: Stopping subversion
Dec 11, 2012 11:37:28 AM hudson.PluginWrapper stop
INFO: Stopping cvs
Dec 11, 2012 11:37:28 AM hudson.PluginWrapper stop
INFO: Stopping maven-plugin
Dec 11, 2012 11:37:28 AM hudson.PluginWrapper stop
INFO: Stopping translation
Dec 11, 2012 11:37:28 AM hudson.PluginWrapper stop
INFO: Stopping ssh-slaves
</stderr>
      <duration>1.752</duration>
      <timestamp>2012-12-11T11:37:26</timestamp>
      <cases>
        <case>
          <duration>1.752</duration>
          <className>hudson.tools.JDKInstallerTest</className>
          <testName>testAutoInstallation6u13</testName>
          <skipped>false</skipped>
          <failedSince>0</failedSince>
        </case>
      </cases>
    </suite>
    <suite>
      <file>/home/jenkins/slave/workspace/jenkins_main_trunk/test/target/surefire-reports/hudson.tools.JDKInstallerTest.testAutoInstallation7.942.xml</file>
      <name>hudson.tools.JDKInstallerTest.testAutoInstallation7</name>
      <stdout>=== Starting JDKInstallerTest.testAutoInstallation7
</stdout>
      <stderr>Dec 11, 2012 11:37:28 AM org.mortbay.log.Slf4jLog info
INFO: jetty-6.1.26
Dec 11, 2012 11:37:28 AM org.mortbay.log.Slf4jLog info
INFO: NO JSP Support for , did not find org.apache.jasper.servlet.JspServlet
Dec 11, 2012 11:37:28 AM org.mortbay.log.Slf4jLog info
INFO: Started SocketConnector@0.0.0.0:58497
Dec 11, 2012 11:37:28 AM jenkins.InitReactorRunner$1 onAttained
INFO: Started initialization
Dec 11, 2012 11:37:28 AM jenkins.InitReactorRunner$1 onAttained
INFO: Listed all plugins
Dec 11, 2012 
...[truncated 993 chars]...
hudson.PluginWrapper stop
INFO: Stopping ant
Dec 11, 2012 11:37:30 AM hudson.PluginWrapper stop
INFO: Stopping javadoc
Dec 11, 2012 11:37:30 AM hudson.PluginWrapper stop
INFO: Stopping subversion
Dec 11, 2012 11:37:30 AM hudson.PluginWrapper stop
INFO: Stopping cvs
Dec 11, 2012 11:37:30 AM hudson.PluginWrapper stop
INFO: Stopping maven-plugin
Dec 11, 2012 11:37:30 AM hudson.PluginWrapper stop
INFO: Stopping translation
Dec 11, 2012 11:37:30 AM hudson.PluginWrapper stop
INFO: Stopping ssh-slaves
</stderr>
      <duration>2.371</duration>
      <timestamp>2012-12-11T11:37:28</timestamp>
      <cases>
        <case>
          <duration>2.371</duration>
          <className>hudson.tools.JDKInstallerTest</className>
          <testName>testAutoInstallation7</testName>
          <skipped>false</skipped>
          <failedSince>0</failedSince>
        </case>
      </cases>
    </suite>
    <suite>
      <file>/home/jenkins/slave/workspace/jenkins_main_trunk/test/target/surefire-reports/hudson.tools.JDKInstallerTest.testConfigRoundtrip.938.xml</file>
      <name>hudson.tools.JDKInstallerTest.testConfigRoundtrip</name>
      <stdout>=== Starting JDKInstallerTest.testConfigRoundtrip
</stdout>
      <stderr>Dec 11, 2012 11:37:10 AM org.mortbay.log.Slf4jLog info
INFO: jetty-6.1.26
Dec 11, 2012 11:37:10 AM org.mortbay.log.Slf4jLog info
INFO: NO JSP Support for , did not find org.apache.jasper.servlet.JspServlet
Dec 11, 2012 11:37:10 AM org.mortbay.log.Slf4jLog info
INFO: Started SocketConnector@0.0.0.0:36012
Dec 11, 2012 11:37:10 AM jenkins.InitReactorRunner$1 onAttained
INFO: Started initialization
Dec 11, 2012 11:37:10 AM jenkins.InitReactorRunner$1 onAttained
INFO: Listed all plugins
Dec 11, 2012 
...[truncated 8449 chars]...
hudson.PluginWrapper stop
INFO: Stopping ant
Dec 11, 2012 11:37:18 AM hudson.PluginWrapper stop
INFO: Stopping javadoc
Dec 11, 2012 11:37:18 AM hudson.PluginWrapper stop
INFO: Stopping subversion
Dec 11, 2012 11:37:18 AM hudson.PluginWrapper stop
INFO: Stopping cvs
Dec 11, 2012 11:37:18 AM hudson.PluginWrapper stop
INFO: Stopping maven-plugin
Dec 11, 2012 11:37:18 AM hudson.PluginWrapper stop
INFO: Stopping translation
Dec 11, 2012 11:37:18 AM hudson.PluginWrapper stop
INFO: Stopping ssh-slaves
</stderr>
      <duration>8.669</duration>
      <timestamp>2012-12-11T11:37:10</timestamp>
      <cases>
        <case>
          <duration>8.669</duration>
          <className>hudson.tools.JDKInstallerTest</className>
          <testName>testConfigRoundtrip</testName>
          <skipped>false</skipped>
          <failedSince>0</failedSince>
        </case>
      </cases>
    </suite>
    <suite>
      <file>/home/jenkins/slave/workspace/jenkins_main_trunk/test/target/surefire-reports/hudson.tools.JDKInstallerTest.testEnterCredential.939.xml</file>
      <name>hudson.tools.JDKInstallerTest.testEnterCredential</name>
      <stdout>=== Starting JDKInstallerTest.testEnterCredential
</stdout>
      <stderr>Dec 11, 2012 11:37:19 AM org.mortbay.log.Slf4jLog info
INFO: jetty-6.1.26
Dec 11, 2012 11:37:19 AM org.mortbay.log.Slf4jLog info
INFO: NO JSP Support for , did not find org.apache.jasper.servlet.JspServlet
Dec 11, 2012 11:37:19 AM org.mortbay.log.Slf4jLog info
INFO: Started SocketConnector@0.0.0.0:34394
Dec 11, 2012 11:37:19 AM jenkins.InitReactorRunner$1 onAttained
INFO: Started initialization
Dec 11, 2012 11:37:19 AM jenkins.InitReactorRunner$1 onAttained
INFO: Listed all plugins
Dec 11, 2012 
...[truncated 7999 chars]...
hudson.PluginWrapper stop
INFO: Stopping ant
Dec 11, 2012 11:37:23 AM hudson.PluginWrapper stop
INFO: Stopping javadoc
Dec 11, 2012 11:37:23 AM hudson.PluginWrapper stop
INFO: Stopping subversion
Dec 11, 2012 11:37:23 AM hudson.PluginWrapper stop
INFO: Stopping cvs
Dec 11, 2012 11:37:23 AM hudson.PluginWrapper stop
INFO: Stopping maven-plugin
Dec 11, 2012 11:37:23 AM hudson.PluginWrapper stop
INFO: Stopping translation
Dec 11, 2012 11:37:23 AM hudson.PluginWrapper stop
INFO: Stopping ssh-slaves
</stderr>
      <duration>4.652</duration>
      <timestamp>2012-12-11T11:37:19</timestamp>
      <cases>
        <case>
          <duration>4.652</duration>
          <className>hudson.tools.JDKInstallerTest</className>
          <testName>testEnterCredential</testName>
          <skipped>false</skipped>
          <failedSince>0</failedSince>
        </case>
      </cases>
    </suite>
    <suite>
      <file>/home/jenkins/slave/workspace/jenkins_main_trunk/test/target/surefire-reports/hudson.tools.JDKInstallerTest.testFakeUnixInstall.944.xml</file>
      <name>hudson.tools.JDKInstallerTest.testFakeUnixInstall</name>
      <stdout>=== Starting JDKInstallerTest.testFakeUnixInstall
Installing /home/jenkins/slave/workspace/jenkins_main_trunk/test/target/fake-jdk-by-hudson7131490409898571486sh
[hudson4910229890630208359test] $ /home/jenkins/slave/workspace/jenkins_main_trunk/test/target/fake-jdk-by-hudson7131490409898571486sh -noregister
+ mkdir -p jdk1.6.0_dummy/bin
+ touch jdk1.6.0_dummy/bin/java
</stdout>
      <stderr>Dec 11, 2012 11:37:32 AM org.mortbay.log.Slf4jLog info
INFO: jetty-6.1.26
Dec 11, 2012 11:37:32 AM org.mortbay.log.Slf4jLog info
INFO: NO JSP Support for , did not find org.apache.jasper.servlet.JspServlet
Dec 11, 2012 11:37:32 AM org.mortbay.log.Slf4jLog info
INFO: Started SocketConnector@0.0.0.0:48186
Dec 11, 2012 11:37:32 AM jenkins.InitReactorRunner$1 onAttained
INFO: Started initialization
Dec 11, 2012 11:37:32 AM jenkins.InitReactorRunner$1 onAttained
INFO: Listed all plugins
Dec 11, 2012 
...[truncated 993 chars]...
hudson.PluginWrapper stop
INFO: Stopping ant
Dec 11, 2012 11:37:33 AM hudson.PluginWrapper stop
INFO: Stopping javadoc
Dec 11, 2012 11:37:33 AM hudson.PluginWrapper stop
INFO: Stopping subversion
Dec 11, 2012 11:37:33 AM hudson.PluginWrapper stop
INFO: Stopping cvs
Dec 11, 2012 11:37:33 AM hudson.PluginWrapper stop
INFO: Stopping maven-plugin
Dec 11, 2012 11:37:33 AM hudson.PluginWrapper stop
INFO: Stopping translation
Dec 11, 2012 11:37:33 AM hudson.PluginWrapper stop
INFO: Stopping ssh-slaves
</stderr>
      <duration>1.492</duration>
      <timestamp>2012-12-11T11:37:32</timestamp>
      <cases>
        <case>
          <duration>1.492</duration>
          <className>hudson.tools.JDKInstallerTest</className>
          <testName>testFakeUnixInstall</testName>
          <skipped>false</skipped>
          <failedSince>0</failedSince>
        </case>
      </cases>
    </suite>
    <suite>
      <file>/home/jenkins/slave/workspace/jenkins_main_trunk/test/target/surefire-reports/hudson.tools.JDKInstallerTest.testLocate.940.xml</file>
      <name>hudson.tools.JDKInstallerTest.testLocate</name>
      <stdout>=== Starting JDKInstallerTest.testLocate
</stdout>
      <stderr>Dec 11, 2012 11:37:24 AM org.mortbay.log.Slf4jLog info
INFO: jetty-6.1.26
Dec 11, 2012 11:37:24 AM org.mortbay.log.Slf4jLog info
INFO: NO JSP Support for , did not find org.apache.jasper.servlet.JspServlet
Dec 11, 2012 11:37:24 AM org.mortbay.log.Slf4jLog info
INFO: Started SocketConnector@0.0.0.0:60839
Dec 11, 2012 11:37:24 AM jenkins.InitReactorRunner$1 onAttained
INFO: Started initialization
Dec 11, 2012 11:37:24 AM jenkins.InitReactorRunner$1 onAttained
INFO: Listed all plugins
Dec 11, 2012 
...[truncated 993 chars]...
hudson.PluginWrapper stop
INFO: Stopping ant
Dec 11, 2012 11:37:26 AM hudson.PluginWrapper stop
INFO: Stopping javadoc
Dec 11, 2012 11:37:26 AM hudson.PluginWrapper stop
INFO: Stopping subversion
Dec 11, 2012 11:37:26 AM hudson.PluginWrapper stop
INFO: Stopping cvs
Dec 11, 2012 11:37:26 AM hudson.PluginWrapper stop
INFO: Stopping maven-plugin
Dec 11, 2012 11:37:26 AM hudson.PluginWrapper stop
INFO: Stopping translation
Dec 11, 2012 11:37:26 AM hudson.PluginWrapper stop
INFO: Stopping ssh-slaves
</stderr>
      <duration>2.699</duration>
      <timestamp>2012-12-11T11:37:24</timestamp>
      <cases>
        <case>
          <duration>2.699</duration>
          <className>hudson.tools.JDKInstallerTest</className>
          <testName>testLocate</testName>
          <skipped>false</skipped>
          <failedSince>0</failedSince>
        </case>
      </cases>
    </suite>
    <suite>
      <file>/home/jenkins/slave/workspace/jenkins_main_trunk/test/target/surefire-reports/hudson.tools.ToolLocationNodePropertyTest.testAnt.947.xml</file>
      <name>hudson.tools.ToolLocationNodePropertyTest.testAnt</name>
      <stdout>=== Starting ToolLocationNodePropertyTest.testAnt
Legacy code started this job.  No cause information is available
Building remotely on [8mha:AAAAnB+LCAAAAAAAAABb85aBtbiIQTGjNKU4P08vOT+vOD8nVc83PyU1x6OyILUoJzMv2y+/JJUBAhiZGBgqihhk0NSjKDWzXb3RdlLBUSYGJk8GtpzUvPSSDB8G5tKinBIGIZ+sxLJE/ZzEvHT94JKizLx0a6BxUmjGOUNodHsLgAy2EgYB/eT83ILSktQi/eKcxLJUAwCuxmeFxQAAAA==[0mslave0 in workspace /home/jenkins/slave/workspace/jenkins_main_trunk/test/target/hudson8026600336591713990test/workspace/test0
Staging buil
...[truncated 2112 chars]...
test/workspace/test0&apos;
export SHELL=&apos;/bin/bash&apos;
export SHLVL=&apos;1&apos;
export SSH_CLIENT=&apos;63.246.20.93 38998 22&apos;
export SSH_CONNECTION=&apos;63.246.20.93 38998 173.203.60.151 22&apos;
export USER=&apos;jenkins&apos;
export WORKSPACE=&apos;/home/jenkins/slave/workspace/jenkins_main_trunk/test/target/hudson8026600336591713990test/workspace/test0&apos;
export XDG_SESSION_COOKIE=&apos;ec28cae3daed1aeedaa87124002cf6be-1354297416.768835-213587212&apos;
export XFILESEARCHPATH=&apos;/usr/dt/app-defaults/%L/Dt&apos;
export _=&apos;/usr/bin/java&apos;
Finished: SUCCESS

</stdout>
      <stderr>Dec 11, 2012 11:37:44 AM org.mortbay.log.Slf4jLog info
INFO: jetty-6.1.26
Dec 11, 2012 11:37:44 AM org.mortbay.log.Slf4jLog info
INFO: NO JSP Support for , did not find org.apache.jasper.servlet.JspServlet
Dec 11, 2012 11:37:44 AM org.mortbay.log.Slf4jLog info
INFO: Started SocketConnector@0.0.0.0:58837
Dec 11, 2012 11:37:44 AM jenkins.InitReactorRunner$1 onAttained
INFO: Started initialization
Dec 11, 2012 11:37:44 AM jenkins.InitReactorRunner$1 onAttained
INFO: Listed all plugins
Dec 11, 2012 
...[truncated 1542 chars]...
hudson.PluginWrapper stop
INFO: Stopping ant
Dec 11, 2012 11:37:49 AM hudson.PluginWrapper stop
INFO: Stopping javadoc
Dec 11, 2012 11:37:49 AM hudson.PluginWrapper stop
INFO: Stopping subversion
Dec 11, 2012 11:37:49 AM hudson.PluginWrapper stop
INFO: Stopping cvs
Dec 11, 2012 11:37:49 AM hudson.PluginWrapper stop
INFO: Stopping maven-plugin
Dec 11, 2012 11:37:49 AM hudson.PluginWrapper stop
INFO: Stopping translation
Dec 11, 2012 11:37:49 AM hudson.PluginWrapper stop
INFO: Stopping ssh-slaves
</stderr>
      <duration>5.192</duration>
      <timestamp>2012-12-11T11:37:44</timestamp>
      <cases>
        <case>
          <duration>5.192</duration>
          <className>hudson.tools.ToolLocationNodePropertyTest</className>
          <testName>testAnt</testName>
          <skipped>false</skipped>
          <failedSince>0</failedSince>
        </case>
      </cases>
    </suite>
    <suite>
      <file>/home/jenkins/slave/workspace/jenkins_main_trunk/test/target/surefire-reports/hudson.tools.ToolLocationNodePropertyTest.testFormRoundTrip.946.xml</file>
      <name>hudson.tools.ToolLocationNodePropertyTest.testFormRoundTrip</name>
      <stdout>=== Starting ToolLocationNodePropertyTest.testFormRoundTrip
</stdout>
      <stderr>Dec 11, 2012 11:37:39 AM org.mortbay.log.Slf4jLog info
INFO: jetty-6.1.26
Dec 11, 2012 11:37:39 AM org.mortbay.log.Slf4jLog info
INFO: NO JSP Support for , did not find org.apache.jasper.servlet.JspServlet
Dec 11, 2012 11:37:39 AM org.mortbay.log.Slf4jLog info
INFO: Started SocketConnector@0.0.0.0:37846
Dec 11, 2012 11:37:39 AM jenkins.InitReactorRunner$1 onAttained
INFO: Started initialization
Dec 11, 2012 11:37:39 AM jenkins.InitReactorRunner$1 onAttained
INFO: Listed all plugins
Dec 11, 2012 
...[truncated 6653 chars]...
hudson.PluginWrapper stop
INFO: Stopping ant
Dec 11, 2012 11:37:43 AM hudson.PluginWrapper stop
INFO: Stopping javadoc
Dec 11, 2012 11:37:43 AM hudson.PluginWrapper stop
INFO: Stopping subversion
Dec 11, 2012 11:37:43 AM hudson.PluginWrapper stop
INFO: Stopping cvs
Dec 11, 2012 11:37:43 AM hudson.PluginWrapper stop
INFO: Stopping maven-plugin
Dec 11, 2012 11:37:43 AM hudson.PluginWrapper stop
INFO: Stopping translation
Dec 11, 2012 11:37:43 AM hudson.PluginWrapper stop
INFO: Stopping ssh-slaves
</stderr>
      <duration>5.275</duration>
      <timestamp>2012-12-11T11:37:39</timestamp>
      <cases>
        <case>
          <duration>5.275</duration>
          <className>hudson.tools.ToolLocationNodePropertyTest</className>
          <testName>testFormRoundTrip</testName>
          <skipped>false</skipped>
          <failedSince>0</failedSince>
        </case>
      </cases>
    </suite>
    <suite>
      <file>/home/jenkins/slave/workspace/jenkins_main_trunk/test/target/surefire-reports/hudson.tools.ToolLocationNodePropertyTest.testMaven.945.xml</file>
      <name>hudson.tools.ToolLocationNodePropertyTest.testMaven</name>
      <stdout>=== Starting ToolLocationNodePropertyTest.testMaven
</stdout>
      <stderr>Dec 11, 2012 11:37:34 AM org.mortbay.log.Slf4jLog info
INFO: jetty-6.1.26
Dec 11, 2012 11:37:34 AM org.mortbay.log.Slf4jLog info
INFO: NO JSP Support for , did not find org.apache.jasper.servlet.JspServlet
Dec 11, 2012 11:37:34 AM org.mortbay.log.Slf4jLog info
INFO: Started SocketConnector@0.0.0.0:56387
Dec 11, 2012 11:37:34 AM jenkins.InitReactorRunner$1 onAttained
INFO: Started initialization
Dec 11, 2012 11:37:34 AM jenkins.InitReactorRunner$1 onAttained
INFO: Listed all plugins
Dec 11, 2012 
...[truncated 1297 chars]...
hudson.PluginWrapper stop
INFO: Stopping ant
Dec 11, 2012 11:37:38 AM hudson.PluginWrapper stop
INFO: Stopping javadoc
Dec 11, 2012 11:37:38 AM hudson.PluginWrapper stop
INFO: Stopping subversion
Dec 11, 2012 11:37:38 AM hudson.PluginWrapper stop
INFO: Stopping cvs
Dec 11, 2012 11:37:38 AM hudson.PluginWrapper stop
INFO: Stopping maven-plugin
Dec 11, 2012 11:37:38 AM hudson.PluginWrapper stop
INFO: Stopping translation
Dec 11, 2012 11:37:38 AM hudson.PluginWrapper stop
INFO: Stopping ssh-slaves
</stderr>
      <duration>5.057</duration>
      <timestamp>2012-12-11T11:37:34</timestamp>
      <cases>
        <case>
          <duration>5.057</duration>
          <className>hudson.tools.ToolLocationNodePropertyTest</className>
          <testName>testMaven</testName>
          <skipped>false</skipped>
          <failedSince>0</failedSince>
        </case>
      </cases>
    </suite>
    <suite>
      <file>/home/jenkins/slave/workspace/jenkins_main_trunk/test/target/surefire-reports/hudson.tools.ToolLocationNodePropertyTest.testNativeMaven.948.xml</file>
      <name>hudson.tools.ToolLocationNodePropertyTest.testNativeMaven</name>
      <stdout>=== Starting ToolLocationNodePropertyTest.testNativeMaven
Legacy code started this job.  No cause information is available
Building remotely on [8mha:AAAAnB+LCAAAAAAAAABb85aBtbiIQTGjNKU4P08vOT+vOD8nVc83PyU1x6OyILUoJzMv2y+/JJUBAhiZGBgqihhk0NSjKDWzXb3RdlLBUSYGJk8GtpzUvPSSDB8G5tKinBIGIZ+sxLJE/ZzEvHT94JKizLx0a6BxUmjGOUNodHsLgAy2EgYB/eT83ILSktQi/eKcxLJUAwCuxmeFxQAAAA==[0mslave0 in workspace /home/jenkins/slave/workspace/jenkins_main_trunk/test/target/hudson5417096550756898635test/workspace/test1
Dele
...[truncated 2206 chars]...
n/builds/2012-12-11_11-37-56/archive/com.example/test.prop.hudson/1.0/test.prop.hudson-1.0.pom
[INFO] ------------------------------------------------------------------------
[INFO] BUILD SUCCESSFUL
[INFO] ------------------------------------------------------------------------
[INFO] Total time: 2 seconds
[INFO] Finished at: Tue Dec 11 11:38:02 UTC 2012
[INFO] Final Memory: 5M/74M
[INFO] ------------------------------------------------------------------------
channel stopped
Finished: SUCCESS

</stdout>
      <stderr>Dec 11, 2012 11:37:49 AM org.mortbay.log.Slf4jLog info
INFO: jetty-6.1.26
Dec 11, 2012 11:37:49 AM org.mortbay.log.Slf4jLog info
INFO: NO JSP Support for , did not find org.apache.jasper.servlet.JspServlet
Dec 11, 2012 11:37:49 AM org.mortbay.log.Slf4jLog info
INFO: Started SocketConnector@0.0.0.0:60483
Dec 11, 2012 11:37:49 AM jenkins.InitReactorRunner$1 onAttained
INFO: Started initialization
Dec 11, 2012 11:37:49 AM jenkins.InitReactorRunner$1 onAttained
INFO: Listed all plugins
Dec 11, 2012 
...[truncated 1297 chars]...
hudson.PluginWrapper stop
INFO: Stopping ant
Dec 11, 2012 11:38:02 AM hudson.PluginWrapper stop
INFO: Stopping javadoc
Dec 11, 2012 11:38:02 AM hudson.PluginWrapper stop
INFO: Stopping subversion
Dec 11, 2012 11:38:02 AM hudson.PluginWrapper stop
INFO: Stopping cvs
Dec 11, 2012 11:38:02 AM hudson.PluginWrapper stop
INFO: Stopping maven-plugin
Dec 11, 2012 11:38:02 AM hudson.PluginWrapper stop
INFO: Stopping translation
Dec 11, 2012 11:38:02 AM hudson.PluginWrapper stop
INFO: Stopping ssh-slaves
</stderr>
      <duration>13.446</duration>
      <timestamp>2012-12-11T11:37:49</timestamp>
      <cases>
        <case>
          <duration>13.446</duration>
          <className>hudson.tools.ToolLocationNodePropertyTest</className>
          <testName>testNativeMaven</testName>
          <skipped>false</skipped>
          <failedSince>0</failedSince>
        </case>
      </cases>
    </suite>
    <suite>
      <file>/home/jenkins/slave/workspace/jenkins_main_trunk/test/target/surefire-reports/hudson.tools.ToolLocationTest.testToolCompatibility.949.xml</file>
      <name>hudson.tools.ToolLocationTest.testToolCompatibility</name>
      <stdout>=== Starting ToolLocationTest.testToolCompatibility
</stdout>
      <stderr>Dec 11, 2012 11:38:03 AM org.mortbay.log.Slf4jLog info
INFO: jetty-6.1.26
Dec 11, 2012 11:38:03 AM org.mortbay.log.Slf4jLog info
INFO: NO JSP Support for , did not find org.apache.jasper.servlet.JspServlet
Dec 11, 2012 11:38:03 AM org.mortbay.log.Slf4jLog info
INFO: Started SocketConnector@0.0.0.0:40651
Dec 11, 2012 11:38:03 AM jenkins.InitReactorRunner$1 onAttained
INFO: Started initialization
Dec 11, 2012 11:38:03 AM jenkins.InitReactorRunner$1 onAttained
INFO: Listed all plugins
Dec 11, 2012 
...[truncated 993 chars]...
hudson.PluginWrapper stop
INFO: Stopping ant
Dec 11, 2012 11:38:04 AM hudson.PluginWrapper stop
INFO: Stopping javadoc
Dec 11, 2012 11:38:04 AM hudson.PluginWrapper stop
INFO: Stopping subversion
Dec 11, 2012 11:38:04 AM hudson.PluginWrapper stop
INFO: Stopping cvs
Dec 11, 2012 11:38:04 AM hudson.PluginWrapper stop
INFO: Stopping maven-plugin
Dec 11, 2012 11:38:04 AM hudson.PluginWrapper stop
INFO: Stopping translation
Dec 11, 2012 11:38:04 AM hudson.PluginWrapper stop
INFO: Stopping ssh-slaves
</stderr>
      <duration>2.045</duration>
      <timestamp>2012-12-11T11:38:03</timestamp>
      <cases>
        <case>
          <duration>2.045</duration>
          <className>hudson.tools.ToolLocationTest</className>
          <testName>testToolCompatibility</testName>
          <skipped>false</skipped>
          <failedSince>0</failedSince>
        </case>
      </cases>
    </suite>
    <suite>
      <file>/home/jenkins/slave/workspace/jenkins_main_trunk/test/target/surefire-reports/hudson.triggers.SCMTriggerTest.testMultiplePollingOneBuildAction.951.xml</file>
      <name>hudson.triggers.SCMTriggerTest.testMultiplePollingOneBuildAction</name>
      <stdout>=== Starting SCMTriggerTest.testMultiplePollingOneBuildAction
</stdout>
      <stderr>Dec 11, 2012 11:38:08 AM org.mortbay.log.Slf4jLog info
INFO: jetty-6.1.26
Dec 11, 2012 11:38:08 AM org.mortbay.log.Slf4jLog info
INFO: NO JSP Support for , did not find org.apache.jasper.servlet.JspServlet
Dec 11, 2012 11:38:08 AM org.mortbay.log.Slf4jLog info
INFO: Started SocketConnector@0.0.0.0:59907
Dec 11, 2012 11:38:08 AM jenkins.InitReactorRunner$1 onAttained
INFO: Started initialization
Dec 11, 2012 11:38:08 AM jenkins.InitReactorRunner$1 onAttained
INFO: Listed all plugins
Dec 11, 2012 
...[truncated 1197 chars]...
hudson.PluginWrapper stop
INFO: Stopping ant
Dec 11, 2012 11:38:19 AM hudson.PluginWrapper stop
INFO: Stopping javadoc
Dec 11, 2012 11:38:19 AM hudson.PluginWrapper stop
INFO: Stopping subversion
Dec 11, 2012 11:38:19 AM hudson.PluginWrapper stop
INFO: Stopping cvs
Dec 11, 2012 11:38:19 AM hudson.PluginWrapper stop
INFO: Stopping maven-plugin
Dec 11, 2012 11:38:19 AM hudson.PluginWrapper stop
INFO: Stopping translation
Dec 11, 2012 11:38:19 AM hudson.PluginWrapper stop
INFO: Stopping ssh-slaves
</stderr>
      <duration>12.318</duration>
      <timestamp>2012-12-11T11:38:08</timestamp>
      <cases>
        <case>
          <duration>12.318</duration>
          <className>hudson.triggers.SCMTriggerTest</className>
          <testName>testMultiplePollingOneBuildAction</testName>
          <skipped>false</skipped>
          <failedSince>0</failedSince>
        </case>
      </cases>
    </suite>
    <suite>
      <file>/home/jenkins/slave/workspace/jenkins_main_trunk/test/target/surefire-reports/hudson.triggers.SCMTriggerTest.testSimultaneousPollAndBuild.950.xml</file>
      <name>hudson.triggers.SCMTriggerTest.testSimultaneousPollAndBuild</name>
      <stdout>=== Starting SCMTriggerTest.testSimultaneousPollAndBuild
</stdout>
      <stderr>Dec 11, 2012 11:38:05 AM org.mortbay.log.Slf4jLog info
INFO: jetty-6.1.26
Dec 11, 2012 11:38:05 AM org.mortbay.log.Slf4jLog info
INFO: NO JSP Support for , did not find org.apache.jasper.servlet.JspServlet
Dec 11, 2012 11:38:05 AM org.mortbay.log.Slf4jLog info
INFO: Started SocketConnector@0.0.0.0:42835
Dec 11, 2012 11:38:05 AM jenkins.InitReactorRunner$1 onAttained
INFO: Started initialization
Dec 11, 2012 11:38:05 AM jenkins.InitReactorRunner$1 onAttained
INFO: Listed all plugins
Dec 11, 2012 
...[truncated 1095 chars]...
hudson.PluginWrapper stop
INFO: Stopping ant
Dec 11, 2012 11:38:07 AM hudson.PluginWrapper stop
INFO: Stopping javadoc
Dec 11, 2012 11:38:07 AM hudson.PluginWrapper stop
INFO: Stopping subversion
Dec 11, 2012 11:38:07 AM hudson.PluginWrapper stop
INFO: Stopping cvs
Dec 11, 2012 11:38:07 AM hudson.PluginWrapper stop
INFO: Stopping maven-plugin
Dec 11, 2012 11:38:07 AM hudson.PluginWrapper stop
INFO: Stopping translation
Dec 11, 2012 11:38:07 AM hudson.PluginWrapper stop
INFO: Stopping ssh-slaves
</stderr>
      <duration>2.768</duration>
      <timestamp>2012-12-11T11:38:05</timestamp>
      <cases>
        <case>
          <duration>2.768</duration>
          <className>hudson.triggers.SCMTriggerTest</className>
          <testName>testSimultaneousPollAndBuild</testName>
          <skipped>false</skipped>
          <failedSince>0</failedSince>
        </case>
      </cases>
    </suite>
    <suite>
      <file>/home/jenkins/slave/workspace/jenkins_main_trunk/test/target/surefire-reports/hudson.util.AlternativeUiTextProviderTest.testBasics.952.xml</file>
      <name>hudson.util.AlternativeUiTextProviderTest.testBasics</name>
      <stdout>=== Starting AlternativeUiTextProviderTest.testBasics
</stdout>
      <stderr>Dec 11, 2012 11:38:20 AM org.mortbay.log.Slf4jLog info
INFO: jetty-6.1.26
Dec 11, 2012 11:38:20 AM org.mortbay.log.Slf4jLog info
INFO: NO JSP Support for , did not find org.apache.jasper.servlet.JspServlet
Dec 11, 2012 11:38:20 AM org.mortbay.log.Slf4jLog info
INFO: Started SocketConnector@0.0.0.0:46024
Dec 11, 2012 11:38:20 AM jenkins.InitReactorRunner$1 onAttained
INFO: Started initialization
Dec 11, 2012 11:38:20 AM jenkins.InitReactorRunner$1 onAttained
INFO: Listed all plugins
Dec 11, 2012 
...[truncated 3473 chars]...
hudson.PluginWrapper stop
INFO: Stopping ant
Dec 11, 2012 11:38:22 AM hudson.PluginWrapper stop
INFO: Stopping javadoc
Dec 11, 2012 11:38:22 AM hudson.PluginWrapper stop
INFO: Stopping subversion
Dec 11, 2012 11:38:22 AM hudson.PluginWrapper stop
INFO: Stopping cvs
Dec 11, 2012 11:38:22 AM hudson.PluginWrapper stop
INFO: Stopping maven-plugin
Dec 11, 2012 11:38:22 AM hudson.PluginWrapper stop
INFO: Stopping translation
Dec 11, 2012 11:38:22 AM hudson.PluginWrapper stop
INFO: Stopping ssh-slaves
</stderr>
      <duration>3.085</duration>
      <timestamp>2012-12-11T11:38:20</timestamp>
      <cases>
        <case>
          <duration>3.085</duration>
          <className>hudson.util.AlternativeUiTextProviderTest</className>
          <testName>testBasics</testName>
          <skipped>false</skipped>
          <failedSince>0</failedSince>
        </case>
      </cases>
    </suite>
    <suite>
      <file>/home/jenkins/slave/workspace/jenkins_main_trunk/test/target/surefire-reports/hudson.util.ArgumentListBuilder2Test.testSlaveMask.953.xml</file>
      <name>hudson.util.ArgumentListBuilder2Test.testSlaveMask</name>
      <stdout>=== Starting ArgumentListBuilder2Test.testSlaveMask
$ java ********

</stdout>
      <stderr>Dec 11, 2012 11:38:23 AM org.mortbay.log.Slf4jLog info
INFO: jetty-6.1.26
Dec 11, 2012 11:38:23 AM org.mortbay.log.Slf4jLog info
INFO: NO JSP Support for , did not find org.apache.jasper.servlet.JspServlet
Dec 11, 2012 11:38:23 AM org.mortbay.log.Slf4jLog info
INFO: Started SocketConnector@0.0.0.0:47584
Dec 11, 2012 11:38:23 AM jenkins.InitReactorRunner$1 onAttained
INFO: Started initialization
Dec 11, 2012 11:38:23 AM jenkins.InitReactorRunner$1 onAttained
INFO: Listed all plugins
Dec 11, 2012 
...[truncated 1093 chars]...
hudson.PluginWrapper stop
INFO: Stopping ant
Dec 11, 2012 11:38:26 AM hudson.PluginWrapper stop
INFO: Stopping javadoc
Dec 11, 2012 11:38:26 AM hudson.PluginWrapper stop
INFO: Stopping subversion
Dec 11, 2012 11:38:26 AM hudson.PluginWrapper stop
INFO: Stopping cvs
Dec 11, 2012 11:38:26 AM hudson.PluginWrapper stop
INFO: Stopping maven-plugin
Dec 11, 2012 11:38:26 AM hudson.PluginWrapper stop
INFO: Stopping translation
Dec 11, 2012 11:38:26 AM hudson.PluginWrapper stop
INFO: Stopping ssh-slaves
</stderr>
      <duration>4.034</duration>
      <timestamp>2012-12-11T11:38:23</timestamp>
      <cases>
        <case>
          <duration>4.034</duration>
          <className>hudson.util.ArgumentListBuilder2Test</className>
          <testName>testSlaveMask</testName>
          <skipped>false</skipped>
          <failedSince>0</failedSince>
        </case>
      </cases>
    </suite>
    <suite>
      <file>/home/jenkins/slave/workspace/jenkins_main_trunk/test/target/surefire-reports/hudson.util.FormFieldValidatorTest.test2771.955.xml</file>
      <name>hudson.util.FormFieldValidatorTest.test2771</name>
      <stdout>=== Starting FormFieldValidatorTest.test2771
</stdout>
      <stderr>Dec 11, 2012 11:38:33 AM org.mortbay.log.Slf4jLog info
INFO: jetty-6.1.26
Dec 11, 2012 11:38:33 AM org.mortbay.log.Slf4jLog info
INFO: NO JSP Support for , did not find org.apache.jasper.servlet.JspServlet
Dec 11, 2012 11:38:33 AM org.mortbay.log.Slf4jLog info
INFO: Started SocketConnector@0.0.0.0:51945
Dec 11, 2012 11:38:33 AM jenkins.InitReactorRunner$1 onAttained
INFO: Started initialization
Dec 11, 2012 11:38:33 AM jenkins.InitReactorRunner$1 onAttained
INFO: Listed all plugins
Dec 11, 2012 
...[truncated 4602 chars]...
dson.PluginWrapper stop
INFO: Stopping javadoc
Dec 11, 2012 11:38:38 AM hudson.PluginWrapper stop
INFO: Stopping subversion
Dec 11, 2012 11:38:38 AM hudson.PluginWrapper stop
INFO: Stopping cvs
Dec 11, 2012 11:38:38 AM hudson.PluginWrapper stop
INFO: Stopping maven-plugin
Dec 11, 2012 11:38:38 AM hudson.PluginWrapper stop
INFO: Stopping translation
Dec 11, 2012 11:38:38 AM hudson.PluginWrapper stop
INFO: Stopping ssh-slaves
Dec 11, 2012 11:38:38 AM hudson.PluginWrapper stop
INFO: Stopping tasks
</stderr>
      <duration>6.815</duration>
      <timestamp>2012-12-11T11:38:33</timestamp>
      <cases>
        <case>
          <duration>6.815</duration>
          <className>hudson.util.FormFieldValidatorTest</className>
          <testName>test2771</testName>
          <skipped>false</skipped>
          <failedSince>0</failedSince>
        </case>
      </cases>
    </suite>
    <suite>
      <file>/home/jenkins/slave/workspace/jenkins_main_trunk/test/target/surefire-reports/hudson.util.FormFieldValidatorTest.testNegative.954.xml</file>
      <name>hudson.util.FormFieldValidatorTest.testNegative</name>
      <stdout>=== Starting FormFieldValidatorTest.testNegative
</stdout>
      <stderr>Dec 11, 2012 11:38:27 AM org.mortbay.log.Slf4jLog info
INFO: jetty-6.1.26
Dec 11, 2012 11:38:27 AM org.mortbay.log.Slf4jLog info
INFO: NO JSP Support for , did not find org.apache.jasper.servlet.JspServlet
Dec 11, 2012 11:38:27 AM org.mortbay.log.Slf4jLog info
INFO: Started SocketConnector@0.0.0.0:46635
Dec 11, 2012 11:38:27 AM jenkins.InitReactorRunner$1 onAttained
INFO: Started initialization
Dec 11, 2012 11:38:27 AM jenkins.InitReactorRunner$1 onAttained
INFO: Listed all plugins
Dec 11, 2012 
...[truncated 13498 chars]...
hudson.PluginWrapper stop
INFO: Stopping ant
Dec 11, 2012 11:38:32 AM hudson.PluginWrapper stop
INFO: Stopping javadoc
Dec 11, 2012 11:38:32 AM hudson.PluginWrapper stop
INFO: Stopping subversion
Dec 11, 2012 11:38:32 AM hudson.PluginWrapper stop
INFO: Stopping cvs
Dec 11, 2012 11:38:32 AM hudson.PluginWrapper stop
INFO: Stopping maven-plugin
Dec 11, 2012 11:38:32 AM hudson.PluginWrapper stop
INFO: Stopping translation
Dec 11, 2012 11:38:32 AM hudson.PluginWrapper stop
INFO: Stopping ssh-slaves
</stderr>
      <duration>5.586</duration>
      <timestamp>2012-12-11T11:38:27</timestamp>
      <cases>
        <case>
          <duration>5.586</duration>
          <className>hudson.util.FormFieldValidatorTest</className>
          <testName>testNegative</testName>
          <skipped>false</skipped>
          <failedSince>0</failedSince>
        </case>
      </cases>
    </suite>
    <suite>
      <file>/home/jenkins/slave/workspace/jenkins_main_trunk/test/target/surefire-reports/hudson.util.ProcessTreeKillerTest.testManualAbortProcess.956.xml</file>
      <name>hudson.util.ProcessTreeKillerTest.testManualAbortProcess</name>
      <stdout>=== Starting ProcessTreeKillerTest.testManualAbortProcess
</stdout>
      <stderr>Dec 11, 2012 11:38:39 AM org.mortbay.log.Slf4jLog info
INFO: jetty-6.1.26
Dec 11, 2012 11:38:40 AM org.mortbay.log.Slf4jLog info
INFO: NO JSP Support for , did not find org.apache.jasper.servlet.JspServlet
Dec 11, 2012 11:38:40 AM org.mortbay.log.Slf4jLog info
INFO: Started SocketConnector@0.0.0.0:57565
Dec 11, 2012 11:38:40 AM jenkins.InitReactorRunner$1 onAttained
INFO: Started initialization
Dec 11, 2012 11:38:40 AM jenkins.InitReactorRunner$1 onAttained
INFO: Listed all plugins
Dec 11, 2012 
...[truncated 1969 chars]...
hudson.PluginWrapper stop
INFO: Stopping ant
Dec 11, 2012 11:38:43 AM hudson.PluginWrapper stop
INFO: Stopping javadoc
Dec 11, 2012 11:38:43 AM hudson.PluginWrapper stop
INFO: Stopping subversion
Dec 11, 2012 11:38:43 AM hudson.PluginWrapper stop
INFO: Stopping cvs
Dec 11, 2012 11:38:43 AM hudson.PluginWrapper stop
INFO: Stopping maven-plugin
Dec 11, 2012 11:38:43 AM hudson.PluginWrapper stop
INFO: Stopping translation
Dec 11, 2012 11:38:43 AM hudson.PluginWrapper stop
INFO: Stopping ssh-slaves
</stderr>
      <duration>4.616</duration>
      <timestamp>2012-12-11T11:38:39</timestamp>
      <cases>
        <case>
          <duration>4.616</duration>
          <className>hudson.util.ProcessTreeKillerTest</className>
          <testName>testManualAbortProcess</testName>
          <skipped>false</skipped>
          <failedSince>0</failedSince>
        </case>
      </cases>
    </suite>
    <suite>
      <file>/home/jenkins/slave/workspace/jenkins_main_trunk/test/target/surefire-reports/hudson.views.ListViewColumnTest.testCreateView.957.xml</file>
      <name>hudson.views.ListViewColumnTest.testCreateView</name>
      <stdout>=== Starting ListViewColumnTest.testCreateView
</stdout>
      <stderr>Dec 11, 2012 11:38:44 AM org.mortbay.log.Slf4jLog info
INFO: jetty-6.1.26
Dec 11, 2012 11:38:44 AM org.mortbay.log.Slf4jLog info
INFO: NO JSP Support for , did not find org.apache.jasper.servlet.JspServlet
Dec 11, 2012 11:38:44 AM org.mortbay.log.Slf4jLog info
INFO: Started SocketConnector@0.0.0.0:38994
Dec 11, 2012 11:38:44 AM jenkins.InitReactorRunner$1 onAttained
INFO: Started initialization
Dec 11, 2012 11:38:44 AM jenkins.InitReactorRunner$1 onAttained
INFO: Listed all plugins
Dec 11, 2012 
...[truncated 6110 chars]...
hudson.PluginWrapper stop
INFO: Stopping ant
Dec 11, 2012 11:38:49 AM hudson.PluginWrapper stop
INFO: Stopping javadoc
Dec 11, 2012 11:38:49 AM hudson.PluginWrapper stop
INFO: Stopping subversion
Dec 11, 2012 11:38:49 AM hudson.PluginWrapper stop
INFO: Stopping cvs
Dec 11, 2012 11:38:49 AM hudson.PluginWrapper stop
INFO: Stopping maven-plugin
Dec 11, 2012 11:38:49 AM hudson.PluginWrapper stop
INFO: Stopping translation
Dec 11, 2012 11:38:49 AM hudson.PluginWrapper stop
INFO: Stopping ssh-slaves
</stderr>
      <duration>5.288</duration>
      <timestamp>2012-12-11T11:38:44</timestamp>
      <cases>
        <case>
          <duration>5.288</duration>
          <className>hudson.views.ListViewColumnTest</className>
          <testName>testCreateView</testName>
          <skipped>false</skipped>
          <failedSince>0</failedSince>
        </case>
      </cases>
    </suite>
    <suite>
      <file>/home/jenkins/slave/workspace/jenkins_main_trunk/test/target/surefire-reports/hudson.widgets.HistoryWidgetTest.testMoreLink.958.xml</file>
      <name>hudson.widgets.HistoryWidgetTest.testMoreLink</name>
      <stdout>=== Starting HistoryWidgetTest.testMoreLink
</stdout>
      <stderr>Dec 11, 2012 11:38:49 AM org.mortbay.log.Slf4jLog info
INFO: jetty-6.1.26
Dec 11, 2012 11:38:49 AM org.mortbay.log.Slf4jLog info
INFO: NO JSP Support for , did not find org.apache.jasper.servlet.JspServlet
Dec 11, 2012 11:38:49 AM org.mortbay.log.Slf4jLog info
INFO: Started SocketConnector@0.0.0.0:59320
Dec 11, 2012 11:38:50 AM jenkins.InitReactorRunner$1 onAttained
INFO: Started initialization
Dec 11, 2012 11:38:50 AM jenkins.InitReactorRunner$1 onAttained
INFO: Listed all plugins
Dec 11, 2012 
...[truncated 1299 chars]...
hudson.PluginWrapper stop
INFO: Stopping ant
Dec 11, 2012 11:38:53 AM hudson.PluginWrapper stop
INFO: Stopping javadoc
Dec 11, 2012 11:38:53 AM hudson.PluginWrapper stop
INFO: Stopping subversion
Dec 11, 2012 11:38:53 AM hudson.PluginWrapper stop
INFO: Stopping cvs
Dec 11, 2012 11:38:53 AM hudson.PluginWrapper stop
INFO: Stopping maven-plugin
Dec 11, 2012 11:38:53 AM hudson.PluginWrapper stop
INFO: Stopping translation
Dec 11, 2012 11:38:53 AM hudson.PluginWrapper stop
INFO: Stopping ssh-slaves
</stderr>
      <duration>3.934</duration>
      <timestamp>2012-12-11T11:38:49</timestamp>
      <cases>
        <case>
          <duration>3.934</duration>
          <className>hudson.widgets.HistoryWidgetTest</className>
          <testName>testMoreLink</testName>
          <skipped>false</skipped>
          <failedSince>0</failedSince>
        </case>
      </cases>
    </suite>
    <suite>
      <file>/home/jenkins/slave/workspace/jenkins_main_trunk/test/target/surefire-reports/hudson_AboutJenkins_index.jelly.480.xml</file>
      <name>hudson_AboutJenkins_index.jelly</name>
      <stdout></stdout>
      <stderr></stderr>
      <duration>0.025</duration>
      <timestamp>2012-12-11T10:55:05</timestamp>
      <cases>
        <case>
          <duration>0.025</duration>
          <className>org.jvnet.hudson.test.JellyTestSuiteBuilder$JellyCheck</className>
          <testName>hudson/AboutJenkins/index.jelly</testName>
          <skipped>false</skipped>
          <failedSince>0</failedSince>
        </case>
      </cases>
    </suite>
    <suite>
      <file>/home/jenkins/slave/workspace/jenkins_main_trunk/test/target/surefire-reports/hudson_PluginManager_PluginCycleDependenciesMonitor_message.jelly.160.xml</file>
      <name>hudson_PluginManager_PluginCycleDependenciesMonitor_message.jelly</name>
      <stdout></stdout>
      <stderr></stderr>
      <duration>0.003</duration>
      <timestamp>2012-12-11T10:54:59</timestamp>
      <cases>
        <case>
          <duration>0.003</duration>
          <className>org.jvnet.hudson.test.JellyTestSuiteBuilder$JellyCheck</className>
          <testName>hudson/PluginManager/PluginCycleDependenciesMonitor/message.jelly</testName>
          <skipped>false</skipped>
          <failedSince>0</failedSince>
        </case>
      </cases>
    </suite>
    <suite>
      <file>/home/jenkins/slave/workspace/jenkins_main_trunk/test/target/surefire-reports/hudson_PluginManager_PluginUpdateMonitor_message.jelly.162.xml</file>
      <name>hudson_PluginManager_PluginUpdateMonitor_message.jelly</name>
      <stdout></stdout>
      <stderr></stderr>
      <duration>0.004</duration>
      <timestamp>2012-12-11T10:54:59</timestamp>
      <cases>
        <case>
          <duration>0.004</duration>
          <className>org.jvnet.hudson.test.JellyTestSuiteBuilder$JellyCheck</className>
          <testName>hudson/PluginManager/PluginUpdateMonitor/message.jelly</testName>
          <skipped>false</skipped>
          <failedSince>0</failedSince>
        </case>
      </cases>
    </suite>
    <suite>
      <file>/home/jenkins/slave/workspace/jenkins_main_trunk/test/target/surefire-reports/hudson_PluginManager__api.jelly.165.xml</file>
      <name>hudson_PluginManager__api.jelly</name>
      <stdout></stdout>
      <stderr></stderr>
      <duration>0.004</duration>
      <timestamp>2012-12-11T10:54:59</timestamp>
      <cases>
        <case>
          <duration>0.004</duration>
          <className>org.jvnet.hudson.test.JellyTestSuiteBuilder$JellyCheck</className>
          <testName>hudson/PluginManager/_api.jelly</testName>
          <skipped>false</skipped>
          <failedSince>0</failedSince>
        </case>
      </cases>
    </suite>
    <suite>
      <file>/home/jenkins/slave/workspace/jenkins_main_trunk/test/target/surefire-reports/hudson_PluginManager_advanced.jelly.164.xml</file>
      <name>hudson_PluginManager_advanced.jelly</name>
      <stdout></stdout>
      <stderr></stderr>
      <duration>0.066</duration>
      <timestamp>2012-12-11T10:54:59</timestamp>
      <cases>
        <case>
          <duration>0.066</duration>
          <className>org.jvnet.hudson.test.JellyTestSuiteBuilder$JellyCheck</className>
          <testName>hudson/PluginManager/advanced.jelly</testName>
          <skipped>false</skipped>
          <failedSince>0</failedSince>
        </case>
      </cases>
    </suite>
    <suite>
      <file>/home/jenkins/slave/workspace/jenkins_main_trunk/test/target/surefire-reports/hudson_PluginManager_available.jelly.156.xml</file>
      <name>hudson_PluginManager_available.jelly</name>
      <stdout></stdout>
      <stderr></stderr>
      <duration>0.039</duration>
      <timestamp>2012-12-11T10:54:59</timestamp>
      <cases>
        <case>
          <duration>0.039</duration>
          <className>org.jvnet.hudson.test.JellyTestSuiteBuilder$JellyCheck</className>
          <testName>hudson/PluginManager/available.jelly</testName>
          <skipped>false</skipped>
          <failedSince>0</failedSince>
        </case>
      </cases>
    </suite>
    <suite>
      <file>/home/jenkins/slave/workspace/jenkins_main_trunk/test/target/surefire-reports/hudson_PluginManager_checkUpdates.jelly.163.xml</file>
      <name>hudson_PluginManager_checkUpdates.jelly</name>
      <stdout></stdout>
      <stderr></stderr>
      <duration>0.025</duration>
      <timestamp>2012-12-11T10:54:59</timestamp>
      <cases>
        <case>
          <duration>0.025</duration>
          <className>org.jvnet.hudson.test.JellyTestSuiteBuilder$JellyCheck</className>
          <testName>hudson/PluginManager/checkUpdates.jelly</testName>
          <skipped>false</skipped>
          <failedSince>0</failedSince>
        </case>
      </cases>
    </suite>
    <suite>
      <file>/home/jenkins/slave/workspace/jenkins_main_trunk/test/target/surefire-reports/hudson_PluginManager_index.jelly.159.xml</file>
      <name>hudson_PluginManager_index.jelly</name>
      <stdout></stdout>
      <stderr></stderr>
      <duration>0.042</duration>
      <timestamp>2012-12-11T10:54:59</timestamp>
      <cases>
        <case>
          <duration>0.042</duration>
          <className>org.jvnet.hudson.test.JellyTestSuiteBuilder$JellyCheck</className>
          <testName>hudson/PluginManager/index.jelly</testName>
          <skipped>false</skipped>
          <failedSince>0</failedSince>
        </case>
      </cases>
    </suite>
    <suite>
      <file>/home/jenkins/slave/workspace/jenkins_main_trunk/test/target/surefire-reports/hudson_PluginManager_installed.jelly.157.xml</file>
      <name>hudson_PluginManager_installed.jelly</name>
      <stdout></stdout>
      <stderr></stderr>
      <duration>0.038</duration>
      <timestamp>2012-12-11T10:54:59</timestamp>
      <cases>
        <case>
          <duration>0.038</duration>
          <className>org.jvnet.hudson.test.JellyTestSuiteBuilder$JellyCheck</className>
          <testName>hudson/PluginManager/installed.jelly</testName>
          <skipped>false</skipped>
          <failedSince>0</failedSince>
        </case>
      </cases>
    </suite>
    <suite>
      <file>/home/jenkins/slave/workspace/jenkins_main_trunk/test/target/surefire-reports/hudson_PluginManager_sites.jelly.155.xml</file>
      <name>hudson_PluginManager_sites.jelly</name>
      <stdout></stdout>
      <stderr></stderr>
      <duration>0.037</duration>
      <timestamp>2012-12-11T10:54:59</timestamp>
      <cases>
        <case>
          <duration>0.037</duration>
          <className>org.jvnet.hudson.test.JellyTestSuiteBuilder$JellyCheck</className>
          <testName>hudson/PluginManager/sites.jelly</testName>
          <skipped>false</skipped>
          <failedSince>0</failedSince>
        </case>
      </cases>
    </suite>
    <suite>
      <file>/home/jenkins/slave/workspace/jenkins_main_trunk/test/target/surefire-reports/hudson_PluginManager_tabBar.jelly.161.xml</file>
      <name>hudson_PluginManager_tabBar.jelly</name>
      <stdout></stdout>
      <stderr></stderr>
      <duration>0.011</duration>
      <timestamp>2012-12-11T10:54:59</timestamp>
      <cases>
        <case>
          <duration>0.011</duration>
          <className>org.jvnet.hudson.test.JellyTestSuiteBuilder$JellyCheck</className>
          <testName>hudson/PluginManager/tabBar.jelly</testName>
          <skipped>false</skipped>
          <failedSince>0</failedSince>
        </case>
      </cases>
    </suite>
    <suite>
      <file>/home/jenkins/slave/workspace/jenkins_main_trunk/test/target/surefire-reports/hudson_PluginManager_table.jelly.158.xml</file>
      <name>hudson_PluginManager_table.jelly</name>
      <stdout></stdout>
      <stderr></stderr>
      <duration>0.042</duration>
      <timestamp>2012-12-11T10:54:59</timestamp>
      <cases>
        <case>
          <duration>0.042</duration>
          <className>org.jvnet.hudson.test.JellyTestSuiteBuilder$JellyCheck</className>
          <testName>hudson/PluginManager/table.jelly</testName>
          <skipped>false</skipped>
          <failedSince>0</failedSince>
        </case>
      </cases>
    </suite>
    <suite>
      <file>/home/jenkins/slave/workspace/jenkins_main_trunk/test/target/surefire-reports/hudson_PluginWrapper_thirdPartyLicenses.jelly.526.xml</file>
      <name>hudson_PluginWrapper_thirdPartyLicenses.jelly</name>
      <stdout></stdout>
      <stderr></stderr>
      <duration>0.022</duration>
      <timestamp>2012-12-11T10:55:06</timestamp>
      <cases>
        <case>
          <duration>0.022</duration>
          <className>org.jvnet.hudson.test.JellyTestSuiteBuilder$JellyCheck</className>
          <testName>hudson/PluginWrapper/thirdPartyLicenses.jelly</testName>
          <skipped>false</skipped>
          <failedSince>0</failedSince>
        </case>
      </cases>
    </suite>
    <suite>
      <file>/home/jenkins/slave/workspace/jenkins_main_trunk/test/target/surefire-reports/hudson_TcpSlaveAgentListener_index.jelly.491.xml</file>
      <name>hudson_TcpSlaveAgentListener_index.jelly</name>
      <stdout></stdout>
      <stderr></stderr>
      <duration>0.002</duration>
      <timestamp>2012-12-11T10:55:05</timestamp>
      <cases>
        <case>
          <duration>0.002</duration>
          <className>org.jvnet.hudson.test.JellyTestSuiteBuilder$JellyCheck</className>
          <testName>hudson/TcpSlaveAgentListener/index.jelly</testName>
          <skipped>false</skipped>
          <failedSince>0</failedSince>
        </case>
      </cases>
    </suite>
    <suite>
      <file>/home/jenkins/slave/workspace/jenkins_main_trunk/test/target/surefire-reports/hudson_atom.jelly.188.xml</file>
      <name>hudson_atom.jelly</name>
      <stdout></stdout>
      <stderr></stderr>
      <duration>0.005</duration>
      <timestamp>2012-12-11T10:54:59</timestamp>
      <cases>
        <case>
          <duration>0.005</duration>
          <className>org.jvnet.hudson.test.JellyTestSuiteBuilder$JellyCheck</className>
          <testName>hudson/atom.jelly</testName>
          <skipped>false</skipped>
          <failedSince>0</failedSince>
        </case>
      </cases>
    </suite>
    <suite>
      <file>/home/jenkins/slave/workspace/jenkins_main_trunk/test/target/surefire-reports/hudson_diagnosis_HudsonHomeDiskUsageMonitor_index.jelly.250.xml</file>
      <name>hudson_diagnosis_HudsonHomeDiskUsageMonitor_index.jelly</name>
      <stdout></stdout>
      <stderr></stderr>
      <duration>0.022</duration>
      <timestamp>2012-12-11T10:55:01</timestamp>
      <cases>
        <case>
          <duration>0.022</duration>
          <className>org.jvnet.hudson.test.JellyTestSuiteBuilder$JellyCheck</className>
          <testName>hudson/diagnosis/HudsonHomeDiskUsageMonitor/index.jelly</testName>
          <skipped>false</skipped>
          <failedSince>0</failedSince>
        </case>
      </cases>
    </suite>
    <suite>
      <file>/home/jenkins/slave/workspace/jenkins_main_trunk/test/target/surefire-reports/hudson_diagnosis_HudsonHomeDiskUsageMonitor_message.jelly.251.xml</file>
      <name>hudson_diagnosis_HudsonHomeDiskUsageMonitor_message.jelly</name>
      <stdout></stdout>
      <stderr></stderr>
      <duration>0.004</duration>
      <timestamp>2012-12-11T10:55:01</timestamp>
      <cases>
        <case>
          <duration>0.004</duration>
          <className>org.jvnet.hudson.test.JellyTestSuiteBuilder$JellyCheck</className>
          <testName>hudson/diagnosis/HudsonHomeDiskUsageMonitor/message.jelly</testName>
          <skipped>false</skipped>
          <failedSince>0</failedSince>
        </case>
      </cases>
    </suite>
    <suite>
      <file>/home/jenkins/slave/workspace/jenkins_main_trunk/test/target/surefire-reports/hudson_diagnosis_MemoryUsageMonitor_index.jelly.252.xml</file>
      <name>hudson_diagnosis_MemoryUsageMonitor_index.jelly</name>
      <stdout></stdout>
      <stderr></stderr>
      <duration>0.022</duration>
      <timestamp>2012-12-11T10:55:01</timestamp>
      <cases>
        <case>
          <duration>0.022</duration>
          <className>org.jvnet.hudson.test.JellyTestSuiteBuilder$JellyCheck</className>
          <testName>hudson/diagnosis/MemoryUsageMonitor/index.jelly</testName>
          <skipped>false</skipped>
          <failedSince>0</failedSince>
        </case>
      </cases>
    </suite>
    <suite>
      <file>/home/jenkins/slave/workspace/jenkins_main_trunk/test/target/surefire-reports/hudson_diagnosis_NullIdDescriptorMonitor_message.jelly.245.xml</file>
      <name>hudson_diagnosis_NullIdDescriptorMonitor_message.jelly</name>
      <stdout></stdout>
      <stderr></stderr>
      <duration>0.003</duration>
      <timestamp>2012-12-11T10:55:01</timestamp>
      <cases>
        <case>
          <duration>0.003</duration>
          <className>org.jvnet.hudson.test.JellyTestSuiteBuilder$JellyCheck</className>
          <testName>hudson/diagnosis/NullIdDescriptorMonitor/message.jelly</testName>
          <skipped>false</skipped>
          <failedSince>0</failedSince>
        </case>
      </cases>
    </suite>
    <suite>
      <file>/home/jenkins/slave/workspace/jenkins_main_trunk/test/target/surefire-reports/hudson_diagnosis_OldDataMonitor_manage.jelly.246.xml</file>
      <name>hudson_diagnosis_OldDataMonitor_manage.jelly</name>
      <stdout></stdout>
      <stderr></stderr>
      <duration>0.027</duration>
      <timestamp>2012-12-11T10:55:01</timestamp>
      <cases>
        <case>
          <duration>0.027</duration>
          <className>org.jvnet.hudson.test.JellyTestSuiteBuilder$JellyCheck</className>
          <testName>hudson/diagnosis/OldDataMonitor/manage.jelly</testName>
          <skipped>false</skipped>
          <failedSince>0</failedSince>
        </case>
      </cases>
    </suite>
    <suite>
      <file>/home/jenkins/slave/workspace/jenkins_main_trunk/test/target/surefire-reports/hudson_diagnosis_OldDataMonitor_message.jelly.247.xml</file>
      <name>hudson_diagnosis_OldDataMonitor_message.jelly</name>
      <stdout></stdout>
      <stderr></stderr>
      <duration>0.004</duration>
      <timestamp>2012-12-11T10:55:01</timestamp>
      <cases>
        <case>
          <duration>0.004</duration>
          <className>org.jvnet.hudson.test.JellyTestSuiteBuilder$JellyCheck</className>
          <testName>hudson/diagnosis/OldDataMonitor/message.jelly</testName>
          <skipped>false</skipped>
          <failedSince>0</failedSince>
        </case>
      </cases>
    </suite>
    <suite>
      <file>/home/jenkins/slave/workspace/jenkins_main_trunk/test/target/surefire-reports/hudson_diagnosis_ReverseProxySetupMonitor_message.jelly.249.xml</file>
      <name>hudson_diagnosis_ReverseProxySetupMonitor_message.jelly</name>
      <stdout></stdout>
      <stderr></stderr>
      <duration>0.005</duration>
      <timestamp>2012-12-11T10:55:01</timestamp>
      <cases>
        <case>
          <duration>0.005</duration>
          <className>org.jvnet.hudson.test.JellyTestSuiteBuilder$JellyCheck</className>
          <testName>hudson/diagnosis/ReverseProxySetupMonitor/message.jelly</testName>
          <skipped>false</skipped>
          <failedSince>0</failedSince>
        </case>
      </cases>
    </suite>
    <suite>
      <file>/home/jenkins/slave/workspace/jenkins_main_trunk/test/target/surefire-reports/hudson_diagnosis_TooManyJobsButNoView_message.jelly.248.xml</file>
      <name>hudson_diagnosis_TooManyJobsButNoView_message.jelly</name>
      <stdout></stdout>
      <stderr></stderr>
      <duration>0.005</duration>
      <timestamp>2012-12-11T10:55:01</timestamp>
      <cases>
        <case>
          <duration>0.005</duration>
          <className>org.jvnet.hudson.test.JellyTestSuiteBuilder$JellyCheck</className>
          <testName>hudson/diagnosis/TooManyJobsButNoView/message.jelly</testName>
          <skipped>false</skipped>
          <failedSince>0</failedSince>
        </case>
      </cases>
    </suite>
    <suite>
      <file>/home/jenkins/slave/workspace/jenkins_main_trunk/test/target/surefire-reports/hudson_lifecycle_WindowsInstallerLink__restart.jelly.232.xml</file>
      <name>hudson_lifecycle_WindowsInstallerLink__restart.jelly</name>
      <stdout></stdout>
      <stderr></stderr>
      <duration>0.021</duration>
      <timestamp>2012-12-11T10:55:01</timestamp>
      <cases>
        <case>
          <duration>0.021</duration>
          <className>org.jvnet.hudson.test.JellyTestSuiteBuilder$JellyCheck</className>
          <testName>hudson/lifecycle/WindowsInstallerLink/_restart.jelly</testName>
          <skipped>false</skipped>
          <failedSince>0</failedSince>
        </case>
      </cases>
    </suite>
    <suite>
      <file>/home/jenkins/slave/workspace/jenkins_main_trunk/test/target/surefire-reports/hudson_lifecycle_WindowsInstallerLink_index.jelly.233.xml</file>
      <name>hudson_lifecycle_WindowsInstallerLink_index.jelly</name>
      <stdout></stdout>
      <stderr></stderr>
      <duration>0.031</duration>
      <timestamp>2012-12-11T10:55:01</timestamp>
      <cases>
        <case>
          <duration>0.031</duration>
          <className>org.jvnet.hudson.test.JellyTestSuiteBuilder$JellyCheck</className>
          <testName>hudson/lifecycle/WindowsInstallerLink/index.jelly</testName>
          <skipped>false</skipped>
          <failedSince>0</failedSince>
        </case>
      </cases>
    </suite>
    <suite>
      <file>/home/jenkins/slave/workspace/jenkins_main_trunk/test/target/surefire-reports/hudson_logging_LogRecorderManager_all.jelly.500.xml</file>
      <name>hudson_logging_LogRecorderManager_all.jelly</name>
      <stdout></stdout>
      <stderr></stderr>
      <duration>0.02</duration>
      <timestamp>2012-12-11T10:55:06</timestamp>
      <cases>
        <case>
          <duration>0.02</duration>
          <className>org.jvnet.hudson.test.JellyTestSuiteBuilder$JellyCheck</className>
          <testName>hudson/logging/LogRecorderManager/all.jelly</testName>
          <skipped>false</skipped>
          <failedSince>0</failedSince>
        </case>
      </cases>
    </suite>
    <suite>
      <file>/home/jenkins/slave/workspace/jenkins_main_trunk/test/target/surefire-reports/hudson_logging_LogRecorderManager_feeds.jelly.498.xml</file>
      <name>hudson_logging_LogRecorderManager_feeds.jelly</name>
      <stdout></stdout>
      <stderr></stderr>
      <duration>0.003</duration>
      <timestamp>2012-12-11T10:55:06</timestamp>
      <cases>
        <case>
          <duration>0.003</duration>
          <className>org.jvnet.hudson.test.JellyTestSuiteBuilder$JellyCheck</className>
          <testName>hudson/logging/LogRecorderManager/feeds.jelly</testName>
          <skipped>false</skipped>
          <failedSince>0</failedSince>
        </case>
      </cases>
    </suite>
    <suite>
      <file>/home/jenkins/slave/workspace/jenkins_main_trunk/test/target/surefire-reports/hudson_logging_LogRecorderManager_index.jelly.499.xml</file>
      <name>hudson_logging_LogRecorderManager_index.jelly</name>
      <stdout></stdout>
      <stderr></stderr>
      <duration>0.023</duration>
      <timestamp>2012-12-11T10:55:06</timestamp>
      <cases>
        <case>
          <duration>0.023</duration>
          <className>org.jvnet.hudson.test.JellyTestSuiteBuilder$JellyCheck</className>
          <testName>hudson/logging/LogRecorderManager/index.jelly</testName>
          <skipped>false</skipped>
          <failedSince>0</failedSince>
        </case>
      </cases>
    </suite>
    <suite>
      <file>/home/jenkins/slave/workspace/jenkins_main_trunk/test/target/surefire-reports/hudson_logging_LogRecorderManager_levels.jelly.502.xml</file>
      <name>hudson_logging_LogRecorderManager_levels.jelly</name>
      <stdout></stdout>
      <stderr></stderr>
      <duration>0.022</duration>
      <timestamp>2012-12-11T10:55:06</timestamp>
      <cases>
        <case>
          <duration>0.022</duration>
          <className>org.jvnet.hudson.test.JellyTestSuiteBuilder$JellyCheck</className>
          <testName>hudson/logging/LogRecorderManager/levels.jelly</testName>
          <skipped>false</skipped>
          <failedSince>0</failedSince>
        </case>
      </cases>
    </suite>
    <suite>
      <file>/home/jenkins/slave/workspace/jenkins_main_trunk/test/target/surefire-reports/hudson_logging_LogRecorderManager_new.jelly.501.xml</file>
      <name>hudson_logging_LogRecorderManager_new.jelly</name>
      <stdout></stdout>
      <stderr></stderr>
      <duration>0.026</duration>
      <timestamp>2012-12-11T10:55:06</timestamp>
      <cases>
        <case>
          <duration>0.026</duration>
          <className>org.jvnet.hudson.test.JellyTestSuiteBuilder$JellyCheck</className>
          <testName>hudson/logging/LogRecorderManager/new.jelly</testName>
          <skipped>false</skipped>
          <failedSince>0</failedSince>
        </case>
      </cases>
    </suite>
    <suite>
      <file>/home/jenkins/slave/workspace/jenkins_main_trunk/test/target/surefire-reports/hudson_logging_LogRecorderManager_sidepanel.jelly.497.xml</file>
      <name>hudson_logging_LogRecorderManager_sidepanel.jelly</name>
      <stdout></stdout>
      <stderr></stderr>
      <duration>0.016</duration>
      <timestamp>2012-12-11T10:55:06</timestamp>
      <cases>
        <case>
          <duration>0.016</duration>
          <className>org.jvnet.hudson.test.JellyTestSuiteBuilder$JellyCheck</className>
          <testName>hudson/logging/LogRecorderManager/sidepanel.jelly</testName>
          <skipped>false</skipped>
          <failedSince>0</failedSince>
        </case>
      </cases>
    </suite>
    <suite>
      <file>/home/jenkins/slave/workspace/jenkins_main_trunk/test/target/surefire-reports/hudson_logging_LogRecorder_configure.jelly.493.xml</file>
      <name>hudson_logging_LogRecorder_configure.jelly</name>
      <stdout></stdout>
      <stderr></stderr>
      <duration>0.041</duration>
      <timestamp>2012-12-11T10:55:05</timestamp>
      <cases>
        <case>
          <duration>0.041</duration>
          <className>org.jvnet.hudson.test.JellyTestSuiteBuilder$JellyCheck</className>
          <testName>hudson/logging/LogRecorder/configure.jelly</testName>
          <skipped>false</skipped>
          <failedSince>0</failedSince>
        </case>
      </cases>
    </suite>
    <suite>
      <file>/home/jenkins/slave/workspace/jenkins_main_trunk/test/target/surefire-reports/hudson_logging_LogRecorder_delete.jelly.496.xml</file>
      <name>hudson_logging_LogRecorder_delete.jelly</name>
      <stdout></stdout>
      <stderr></stderr>
      <duration>0.021</duration>
      <timestamp>2012-12-11T10:55:06</timestamp>
      <cases>
        <case>
          <duration>0.021</duration>
          <className>org.jvnet.hudson.test.JellyTestSuiteBuilder$JellyCheck</className>
          <testName>hudson/logging/LogRecorder/delete.jelly</testName>
          <skipped>false</skipped>
          <failedSince>0</failedSince>
        </case>
      </cases>
    </suite>
    <suite>
      <file>/home/jenkins/slave/workspace/jenkins_main_trunk/test/target/surefire-reports/hudson_logging_LogRecorder_index.jelly.495.xml</file>
      <name>hudson_logging_LogRecorder_index.jelly</name>
      <stdout></stdout>
      <stderr></stderr>
      <duration>0.02</duration>
      <timestamp>2012-12-11T10:55:06</timestamp>
      <cases>
        <case>
          <duration>0.02</duration>
          <className>org.jvnet.hudson.test.JellyTestSuiteBuilder$JellyCheck</className>
          <testName>hudson/logging/LogRecorder/index.jelly</testName>
          <skipped>false</skipped>
          <failedSince>0</failedSince>
        </case>
      </cases>
    </suite>
    <suite>
      <file>/home/jenkins/slave/workspace/jenkins_main_trunk/test/target/surefire-reports/hudson_logging_LogRecorder_sidepanel.jelly.494.xml</file>
      <name>hudson_logging_LogRecorder_sidepanel.jelly</name>
      <stdout></stdout>
      <stderr></stderr>
      <duration>0.012</duration>
      <timestamp>2012-12-11T10:55:06</timestamp>
      <cases>
        <case>
          <duration>0.012</duration>
          <className>org.jvnet.hudson.test.JellyTestSuiteBuilder$JellyCheck</className>
          <testName>hudson/logging/LogRecorder/sidepanel.jelly</testName>
          <skipped>false</skipped>
          <failedSince>0</failedSince>
        </case>
      </cases>
    </suite>
    <suite>
      <file>/home/jenkins/slave/workspace/jenkins_main_trunk/test/target/surefire-reports/hudson_markup_RawHtmlMarkupFormatter_config.jelly.503.xml</file>
      <name>hudson_markup_RawHtmlMarkupFormatter_config.jelly</name>
      <stdout></stdout>
      <stderr></stderr>
      <duration>0.008</duration>
      <timestamp>2012-12-11T10:55:06</timestamp>
      <cases>
        <case>
          <duration>0.008</duration>
          <className>org.jvnet.hudson.test.JellyTestSuiteBuilder$JellyCheck</className>
          <testName>hudson/markup/RawHtmlMarkupFormatter/config.jelly</testName>
          <skipped>false</skipped>
          <failedSince>0</failedSince>
        </case>
      </cases>
    </suite>
    <suite>
      <file>/home/jenkins/slave/workspace/jenkins_main_trunk/test/target/surefire-reports/hudson_matrix_JDKAxis_config.jelly.197.xml</file>
      <name>hudson_matrix_JDKAxis_config.jelly</name>
      <stdout></stdout>
      <stderr></stderr>
      <duration>0.01</duration>
      <timestamp>2012-12-11T10:55:00</timestamp>
      <cases>
        <case>
          <duration>0.01</duration>
          <className>org.jvnet.hudson.test.JellyTestSuiteBuilder$JellyCheck</className>
          <testName>hudson/matrix/JDKAxis/config.jelly</testName>
          <skipped>false</skipped>
          <failedSince>0</failedSince>
        </case>
      </cases>
    </suite>
    <suite>
      <file>/home/jenkins/slave/workspace/jenkins_main_trunk/test/target/surefire-reports/hudson_matrix_LabelAxis_config.jelly.200.xml</file>
      <name>hudson_matrix_LabelAxis_config.jelly</name>
      <stdout></stdout>
      <stderr></stderr>
      <duration>0.012</duration>
      <timestamp>2012-12-11T10:55:00</timestamp>
      <cases>
        <case>
          <duration>0.012</duration>
          <className>org.jvnet.hudson.test.JellyTestSuiteBuilder$JellyCheck</className>
          <testName>hudson/matrix/LabelAxis/config.jelly</testName>
          <skipped>false</skipped>
          <failedSince>0</failedSince>
        </case>
      </cases>
    </suite>
    <suite>
      <file>/home/jenkins/slave/workspace/jenkins_main_trunk/test/target/surefire-reports/hudson_matrix_LabelExpAxis_config.jelly.198.xml</file>
      <name>hudson_matrix_LabelExpAxis_config.jelly</name>
      <stdout></stdout>
      <stderr></stderr>
      <duration>0.016</duration>
      <timestamp>2012-12-11T10:55:00</timestamp>
      <cases>
        <case>
          <duration>0.016</duration>
          <className>org.jvnet.hudson.test.JellyTestSuiteBuilder$JellyCheck</className>
          <testName>hudson/matrix/LabelExpAxis/config.jelly</testName>
          <skipped>false</skipped>
          <failedSince>0</failedSince>
        </case>
      </cases>
    </suite>
    <suite>
      <file>/home/jenkins/slave/workspace/jenkins_main_trunk/test/target/surefire-reports/hudson_matrix_MatrixBuild_ajaxMatrix.jelly.196.xml</file>
      <name>hudson_matrix_MatrixBuild_ajaxMatrix.jelly</name>
      <stdout></stdout>
      <stderr></stderr>
      <duration>0.007</duration>
      <timestamp>2012-12-11T10:55:00</timestamp>
      <cases>
        <case>
          <duration>0.007</duration>
          <className>org.jvnet.hudson.test.JellyTestSuiteBuilder$JellyCheck</className>
          <testName>hudson/matrix/MatrixBuild/ajaxMatrix.jelly</testName>
          <skipped>false</skipped>
          <failedSince>0</failedSince>
        </case>
      </cases>
    </suite>
    <suite>
      <file>/home/jenkins/slave/workspace/jenkins_main_trunk/test/target/surefire-reports/hudson_matrix_MatrixBuild_confirmDeleteAll.jelly.195.xml</file>
      <name>hudson_matrix_MatrixBuild_confirmDeleteAll.jelly</name>
      <stdout></stdout>
      <stderr></stderr>
      <duration>0.025</duration>
      <timestamp>2012-12-11T10:55:00</timestamp>
      <cases>
        <case>
          <duration>0.025</duration>
          <className>org.jvnet.hudson.test.JellyTestSuiteBuilder$JellyCheck</className>
          <testName>hudson/matrix/MatrixBuild/confirmDeleteAll.jelly</testName>
          <skipped>false</skipped>
          <failedSince>0</failedSince>
        </case>
      </cases>
    </suite>
    <suite>
      <file>/home/jenkins/slave/workspace/jenkins_main_trunk/test/target/surefire-reports/hudson_matrix_MatrixBuild_delete.jelly.194.xml</file>
      <name>hudson_matrix_MatrixBuild_delete.jelly</name>
      <stdout></stdout>
      <stderr></stderr>
      <duration>0.008</duration>
      <timestamp>2012-12-11T10:55:00</timestamp>
      <cases>
        <case>
          <duration>0.008</duration>
          <className>org.jvnet.hudson.test.JellyTestSuiteBuilder$JellyCheck</className>
          <testName>hudson/matrix/MatrixBuild/delete.jelly</testName>
          <skipped>false</skipped>
          <failedSince>0</failedSince>
        </case>
      </cases>
    </suite>
    <suite>
      <file>/home/jenkins/slave/workspace/jenkins_main_trunk/test/target/surefire-reports/hudson_matrix_MatrixBuild_main.jelly.193.xml</file>
      <name>hudson_matrix_MatrixBuild_main.jelly</name>
      <stdout></stdout>
      <stderr></stderr>
      <duration>0.002</duration>
      <timestamp>2012-12-11T10:55:00</timestamp>
      <cases>
        <case>
          <duration>0.002</duration>
          <className>org.jvnet.hudson.test.JellyTestSuiteBuilder$JellyCheck</className>
          <testName>hudson/matrix/MatrixBuild/main.jelly</testName>
          <skipped>false</skipped>
          <failedSince>0</failedSince>
        </case>
      </cases>
    </suite>
    <suite>
      <file>/home/jenkins/slave/workspace/jenkins_main_trunk/test/target/surefire-reports/hudson_matrix_MatrixProject_ajaxMatrix.jelly.191.xml</file>
      <name>hudson_matrix_MatrixProject_ajaxMatrix.jelly</name>
      <stdout></stdout>
      <stderr></stderr>
      <duration>0.007</duration>
      <timestamp>2012-12-11T10:55:00</timestamp>
      <cases>
        <case>
          <duration>0.007</duration>
          <className>org.jvnet.hudson.test.JellyTestSuiteBuilder$JellyCheck</className>
          <testName>hudson/matrix/MatrixProject/ajaxMatrix.jelly</testName>
          <skipped>false</skipped>
          <failedSince>0</failedSince>
        </case>
      </cases>
    </suite>
    <suite>
      <file>/home/jenkins/slave/workspace/jenkins_main_trunk/test/target/surefire-reports/hudson_matrix_MatrixProject_configure_entries.jelly.192.xml</file>
      <name>hudson_matrix_MatrixProject_configure-entries.jelly</name>
      <stdout></stdout>
      <stderr></stderr>
      <duration>0.217</duration>
      <timestamp>2012-12-11T10:55:00</timestamp>
      <cases>
        <case>
          <duration>0.217</duration>
          <className>org.jvnet.hudson.test.JellyTestSuiteBuilder$JellyCheck</className>
          <testName>hudson/matrix/MatrixProject/configure-entries.jelly</testName>
          <skipped>false</skipped>
          <failedSince>0</failedSince>
        </case>
      </cases>
    </suite>
    <suite>
      <file>/home/jenkins/slave/workspace/jenkins_main_trunk/test/target/surefire-reports/hudson_matrix_MatrixProject_index.jelly.189.xml</file>
      <name>hudson_matrix_MatrixProject_index.jelly</name>
      <stdout></stdout>
      <stderr></stderr>
      <duration>0.037</duration>
      <timestamp>2012-12-11T10:55:00</timestamp>
      <cases>
        <case>
          <duration>0.037</duration>
          <className>org.jvnet.hudson.test.JellyTestSuiteBuilder$JellyCheck</className>
          <testName>hudson/matrix/MatrixProject/index.jelly</testName>
          <skipped>false</skipped>
          <failedSince>0</failedSince>
        </case>
      </cases>
    </suite>
    <suite>
      <file>/home/jenkins/slave/workspace/jenkins_main_trunk/test/target/surefire-reports/hudson_matrix_MatrixProject_newJobDetail.jelly.190.xml</file>
      <name>hudson_matrix_MatrixProject_newJobDetail.jelly</name>
      <stdout></stdout>
      <stderr></stderr>
      <duration>0.003</duration>
      <timestamp>2012-12-11T10:55:00</timestamp>
      <cases>
        <case>
          <duration>0.003</duration>
          <className>org.jvnet.hudson.test.JellyTestSuiteBuilder$JellyCheck</className>
          <testName>hudson/matrix/MatrixProject/newJobDetail.jelly</testName>
          <skipped>false</skipped>
          <failedSince>0</failedSince>
        </case>
      </cases>
    </suite>
    <suite>
      <file>/home/jenkins/slave/workspace/jenkins_main_trunk/test/target/surefire-reports/hudson_matrix_TextAxis_config.jelly.199.xml</file>
      <name>hudson_matrix_TextAxis_config.jelly</name>
      <stdout></stdout>
      <stderr></stderr>
      <duration>0.018</duration>
      <timestamp>2012-12-11T10:55:00</timestamp>
      <cases>
        <case>
          <duration>0.018</duration>
          <className>org.jvnet.hudson.test.JellyTestSuiteBuilder$JellyCheck</className>
          <testName>hudson/matrix/TextAxis/config.jelly</testName>
          <skipped>false</skipped>
          <failedSince>0</failedSince>
        </case>
      </cases>
    </suite>
    <suite>
      <file>/home/jenkins/slave/workspace/jenkins_main_trunk/test/target/surefire-reports/hudson_maven_AbstractMavenBuild__api.jelly.663.xml</file>
      <name>hudson_maven_AbstractMavenBuild__api.jelly</name>
      <stdout></stdout>
      <stderr></stderr>
      <duration>0.002</duration>
      <timestamp>2012-12-11T11:09:09</timestamp>
      <cases>
        <case>
          <duration>0.002</duration>
          <className>org.jvnet.hudson.test.JellyTestSuiteBuilder$JellyCheck</className>
          <testName>hudson/maven/AbstractMavenBuild/_api.jelly</testName>
          <skipped>false</skipped>
          <failedSince>0</failedSince>
        </case>
      </cases>
    </suite>
    <suite>
      <file>/home/jenkins/slave/workspace/jenkins_main_trunk/test/target/surefire-reports/hudson_maven_FilteredChangeLogSet_digest.jelly.665.xml</file>
      <name>hudson_maven_FilteredChangeLogSet_digest.jelly</name>
      <stdout></stdout>
      <stderr></stderr>
      <duration>0.001</duration>
      <timestamp>2012-12-11T11:09:09</timestamp>
      <cases>
        <case>
          <duration>0.001</duration>
          <className>org.jvnet.hudson.test.JellyTestSuiteBuilder$JellyCheck</className>
          <testName>hudson/maven/FilteredChangeLogSet/digest.jelly</testName>
          <skipped>false</skipped>
          <failedSince>0</failedSince>
        </case>
      </cases>
    </suite>
    <suite>
      <file>/home/jenkins/slave/workspace/jenkins_main_trunk/test/target/surefire-reports/hudson_maven_FilteredChangeLogSet_index.jelly.664.xml</file>
      <name>hudson_maven_FilteredChangeLogSet_index.jelly</name>
      <stdout></stdout>
      <stderr></stderr>
      <duration>0.002</duration>
      <timestamp>2012-12-11T11:09:09</timestamp>
      <cases>
        <case>
          <duration>0.002</duration>
          <className>org.jvnet.hudson.test.JellyTestSuiteBuilder$JellyCheck</className>
          <testName>hudson/maven/FilteredChangeLogSet/index.jelly</testName>
          <skipped>false</skipped>
          <failedSince>0</failedSince>
        </case>
      </cases>
    </suite>
    <suite>
      <file>/home/jenkins/slave/workspace/jenkins_main_trunk/test/target/surefire-reports/hudson_maven_MavenBuild_actions.jelly.671.xml</file>
      <name>hudson_maven_MavenBuild_actions.jelly</name>
      <stdout></stdout>
      <stderr></stderr>
      <duration>0.004</duration>
      <timestamp>2012-12-11T11:09:09</timestamp>
      <cases>
        <case>
          <duration>0.004</duration>
          <className>org.jvnet.hudson.test.JellyTestSuiteBuilder$JellyCheck</className>
          <testName>hudson/maven/MavenBuild/actions.jelly</testName>
          <skipped>false</skipped>
          <failedSince>0</failedSince>
        </case>
      </cases>
    </suite>
    <suite>
      <file>/home/jenkins/slave/workspace/jenkins_main_trunk/test/target/surefire-reports/hudson_maven_MavenBuild_executedMojos.jelly.670.xml</file>
      <name>hudson_maven_MavenBuild_executedMojos.jelly</name>
      <stdout></stdout>
      <stderr></stderr>
      <duration>0.022</duration>
      <timestamp>2012-12-11T11:09:09</timestamp>
      <cases>
        <case>
          <duration>0.022</duration>
          <className>org.jvnet.hudson.test.JellyTestSuiteBuilder$JellyCheck</className>
          <testName>hudson/maven/MavenBuild/executedMojos.jelly</testName>
          <skipped>false</skipped>
          <failedSince>0</failedSince>
        </case>
      </cases>
    </suite>
    <suite>
      <file>/home/jenkins/slave/workspace/jenkins_main_trunk/test/target/surefire-reports/hudson_maven_MavenModuleSetBuild_main.jelly.643.xml</file>
      <name>hudson_maven_MavenModuleSetBuild_main.jelly</name>
      <stdout></stdout>
      <stderr></stderr>
      <duration>0.007</duration>
      <timestamp>2012-12-11T11:09:08</timestamp>
      <cases>
        <case>
          <duration>0.007</duration>
          <className>org.jvnet.hudson.test.JellyTestSuiteBuilder$JellyCheck</className>
          <testName>hudson/maven/MavenModuleSetBuild/main.jelly</testName>
          <skipped>false</skipped>
          <failedSince>0</failedSince>
        </case>
      </cases>
    </suite>
    <suite>
      <file>/home/jenkins/slave/workspace/jenkins_main_trunk/test/target/surefire-reports/hudson_maven_MavenModuleSet_actions.jelly.651.xml</file>
      <name>hudson_maven_MavenModuleSet_actions.jelly</name>
      <stdout></stdout>
      <stderr></stderr>
      <duration>0.007</duration>
      <timestamp>2012-12-11T11:09:08</timestamp>
      <cases>
        <case>
          <duration>0.007</duration>
          <className>org.jvnet.hudson.test.JellyTestSuiteBuilder$JellyCheck</className>
          <testName>hudson/maven/MavenModuleSet/actions.jelly</testName>
          <skipped>false</skipped>
          <failedSince>0</failedSince>
        </case>
      </cases>
    </suite>
    <suite>
      <file>/home/jenkins/slave/workspace/jenkins_main_trunk/test/target/surefire-reports/hudson_maven_MavenModuleSet_ajaxBuildQueue.jelly.649.xml</file>
      <name>hudson_maven_MavenModuleSet_ajaxBuildQueue.jelly</name>
      <stdout></stdout>
      <stderr></stderr>
      <duration>0.008</duration>
      <timestamp>2012-12-11T11:09:08</timestamp>
      <cases>
        <case>
          <duration>0.008</duration>
          <className>org.jvnet.hudson.test.JellyTestSuiteBuilder$JellyCheck</className>
          <testName>hudson/maven/MavenModuleSet/ajaxBuildQueue.jelly</testName>
          <skipped>false</skipped>
          <failedSince>0</failedSince>
        </case>
      </cases>
    </suite>
    <suite>
      <file>/home/jenkins/slave/workspace/jenkins_main_trunk/test/target/surefire-reports/hudson_maven_MavenModuleSet_configure_entries.jelly.655.xml</file>
      <name>hudson_maven_MavenModuleSet_configure-entries.jelly</name>
      <stdout></stdout>
      <stderr></stderr>
      <duration>0.218</duration>
      <timestamp>2012-12-11T11:09:08</timestamp>
      <cases>
        <case>
          <duration>0.218</duration>
          <className>org.jvnet.hudson.test.JellyTestSuiteBuilder$JellyCheck</className>
          <testName>hudson/maven/MavenModuleSet/configure-entries.jelly</testName>
          <skipped>false</skipped>
          <failedSince>0</failedSince>
        </case>
      </cases>
    </suite>
    <suite>
      <file>/home/jenkins/slave/workspace/jenkins_main_trunk/test/target/surefire-reports/hudson_maven_MavenModuleSet_deleteAllDisabledModules.jelly.654.xml</file>
      <name>hudson_maven_MavenModuleSet_deleteAllDisabledModules.jelly</name>
      <stdout></stdout>
      <stderr></stderr>
      <duration>0.021</duration>
      <timestamp>2012-12-11T11:09:08</timestamp>
      <cases>
        <case>
          <duration>0.021</duration>
          <className>org.jvnet.hudson.test.JellyTestSuiteBuilder$JellyCheck</className>
          <testName>hudson/maven/MavenModuleSet/deleteAllDisabledModules.jelly</testName>
          <skipped>false</skipped>
          <failedSince>0</failedSince>
        </case>
      </cases>
    </suite>
    <suite>
      <file>/home/jenkins/slave/workspace/jenkins_main_trunk/test/target/surefire-reports/hudson_maven_MavenModuleSet_disabled.jelly.652.xml</file>
      <name>hudson_maven_MavenModuleSet_disabled.jelly</name>
      <stdout></stdout>
      <stderr></stderr>
      <duration>0.031</duration>
      <timestamp>2012-12-11T11:09:08</timestamp>
      <cases>
        <case>
          <duration>0.031</duration>
          <className>org.jvnet.hudson.test.JellyTestSuiteBuilder$JellyCheck</className>
          <testName>hudson/maven/MavenModuleSet/disabled.jelly</testName>
          <skipped>false</skipped>
          <failedSince>0</failedSince>
        </case>
      </cases>
    </suite>
    <suite>
      <file>/home/jenkins/slave/workspace/jenkins_main_trunk/test/target/surefire-reports/hudson_maven_MavenModuleSet_global.jelly.646.xml</file>
      <name>hudson_maven_MavenModuleSet_global.jelly</name>
      <stdout></stdout>
      <stderr></stderr>
      <duration>0.024</duration>
      <timestamp>2012-12-11T11:09:08</timestamp>
      <cases>
        <case>
          <duration>0.024</duration>
          <className>org.jvnet.hudson.test.JellyTestSuiteBuilder$JellyCheck</className>
          <testName>hudson/maven/MavenModuleSet/global.jelly</testName>
          <skipped>false</skipped>
          <failedSince>0</failedSince>
        </case>
      </cases>
    </suite>
    <suite>
      <file>/home/jenkins/slave/workspace/jenkins_main_trunk/test/target/surefire-reports/hudson_maven_MavenModuleSet_help_goals.jelly.648.xml</file>
      <name>hudson_maven_MavenModuleSet_help-goals.jelly</name>
      <stdout></stdout>
      <stderr></stderr>
      <duration>0.003</duration>
      <timestamp>2012-12-11T11:09:08</timestamp>
      <cases>
        <case>
          <duration>0.003</duration>
          <className>org.jvnet.hudson.test.JellyTestSuiteBuilder$JellyCheck</className>
          <testName>hudson/maven/MavenModuleSet/help-goals.jelly</testName>
          <skipped>false</skipped>
          <failedSince>0</failedSince>
        </case>
      </cases>
    </suite>
    <suite>
      <file>/home/jenkins/slave/workspace/jenkins_main_trunk/test/target/surefire-reports/hudson_maven_MavenModuleSet_index.jelly.650.xml</file>
      <name>hudson_maven_MavenModuleSet_index.jelly</name>
      <stdout></stdout>
      <stderr></stderr>
      <duration>0.038</duration>
      <timestamp>2012-12-11T11:09:08</timestamp>
      <cases>
        <case>
          <duration>0.038</duration>
          <className>org.jvnet.hudson.test.JellyTestSuiteBuilder$JellyCheck</className>
          <testName>hudson/maven/MavenModuleSet/index.jelly</testName>
          <skipped>false</skipped>
          <failedSince>0</failedSince>
        </case>
      </cases>
    </suite>
    <suite>
      <file>/home/jenkins/slave/workspace/jenkins_main_trunk/test/target/surefire-reports/hudson_maven_MavenModuleSet_modules.jelly.645.xml</file>
      <name>hudson_maven_MavenModuleSet_modules.jelly</name>
      <stdout></stdout>
      <stderr></stderr>
      <duration>0.032</duration>
      <timestamp>2012-12-11T11:09:08</timestamp>
      <cases>
        <case>
          <duration>0.032</duration>
          <className>org.jvnet.hudson.test.JellyTestSuiteBuilder$JellyCheck</className>
          <testName>hudson/maven/MavenModuleSet/modules.jelly</testName>
          <skipped>false</skipped>
          <failedSince>0</failedSince>
        </case>
      </cases>
    </suite>
    <suite>
      <file>/home/jenkins/slave/workspace/jenkins_main_trunk/test/target/surefire-reports/hudson_maven_MavenModuleSet_newJobDetail.jelly.653.xml</file>
      <name>hudson_maven_MavenModuleSet_newJobDetail.jelly</name>
      <stdout></stdout>
      <stderr></stderr>
      <duration>0.002</duration>
      <timestamp>2012-12-11T11:09:08</timestamp>
      <cases>
        <case>
          <duration>0.002</duration>
          <className>org.jvnet.hudson.test.JellyTestSuiteBuilder$JellyCheck</className>
          <testName>hudson/maven/MavenModuleSet/newJobDetail.jelly</testName>
          <skipped>false</skipped>
          <failedSince>0</failedSince>
        </case>
      </cases>
    </suite>
    <suite>
      <file>/home/jenkins/slave/workspace/jenkins_main_trunk/test/target/surefire-reports/hudson_maven_MavenModuleSet_sidepanel2.jelly.647.xml</file>
      <name>hudson_maven_MavenModuleSet_sidepanel2.jelly</name>
      <stdout></stdout>
      <stderr></stderr>
      <duration>0.006</duration>
      <timestamp>2012-12-11T11:09:08</timestamp>
      <cases>
        <case>
          <duration>0.006</duration>
          <className>org.jvnet.hudson.test.JellyTestSuiteBuilder$JellyCheck</className>
          <testName>hudson/maven/MavenModuleSet/sidepanel2.jelly</testName>
          <skipped>false</skipped>
          <failedSince>0</failedSince>
        </case>
      </cases>
    </suite>
    <suite>
      <file>/home/jenkins/slave/workspace/jenkins_main_trunk/test/target/surefire-reports/hudson_maven_MavenModule_configure_entries.jelly.662.xml</file>
      <name>hudson_maven_MavenModule_configure-entries.jelly</name>
      <stdout></stdout>
      <stderr></stderr>
      <duration>0.032</duration>
      <timestamp>2012-12-11T11:09:09</timestamp>
      <cases>
        <case>
          <duration>0.032</duration>
          <className>org.jvnet.hudson.test.JellyTestSuiteBuilder$JellyCheck</className>
          <testName>hudson/maven/MavenModule/configure-entries.jelly</testName>
          <skipped>false</skipped>
          <failedSince>0</failedSince>
        </case>
      </cases>
    </suite>
    <suite>
      <file>/home/jenkins/slave/workspace/jenkins_main_trunk/test/target/surefire-reports/hudson_maven_MavenProbeAction__script.jelly.658.xml</file>
      <name>hudson_maven_MavenProbeAction__script.jelly</name>
      <stdout></stdout>
      <stderr></stderr>
      <duration>0.022</duration>
      <timestamp>2012-12-11T11:09:09</timestamp>
      <cases>
        <case>
          <duration>0.022</duration>
          <className>org.jvnet.hudson.test.JellyTestSuiteBuilder$JellyCheck</className>
          <testName>hudson/maven/MavenProbeAction/_script.jelly</testName>
          <skipped>false</skipped>
          <failedSince>0</failedSince>
        </case>
      </cases>
    </suite>
    <suite>
      <file>/home/jenkins/slave/workspace/jenkins_main_trunk/test/target/surefire-reports/hudson_maven_MavenProbeAction_envVars.jelly.659.xml</file>
      <name>hudson_maven_MavenProbeAction_envVars.jelly</name>
      <stdout></stdout>
      <stderr></stderr>
      <duration>0.022</duration>
      <timestamp>2012-12-11T11:09:09</timestamp>
      <cases>
        <case>
          <duration>0.022</duration>
          <className>org.jvnet.hudson.test.JellyTestSuiteBuilder$JellyCheck</className>
          <testName>hudson/maven/MavenProbeAction/envVars.jelly</testName>
          <skipped>false</skipped>
          <failedSince>0</failedSince>
        </case>
      </cases>
    </suite>
    <suite>
      <file>/home/jenkins/slave/workspace/jenkins_main_trunk/test/target/surefire-reports/hudson_maven_MavenProbeAction_index.jelly.660.xml</file>
      <name>hudson_maven_MavenProbeAction_index.jelly</name>
      <stdout></stdout>
      <stderr></stderr>
      <duration>0.02</duration>
      <timestamp>2012-12-11T11:09:09</timestamp>
      <cases>
        <case>
          <duration>0.02</duration>
          <className>org.jvnet.hudson.test.JellyTestSuiteBuilder$JellyCheck</className>
          <testName>hudson/maven/MavenProbeAction/index.jelly</testName>
          <skipped>false</skipped>
          <failedSince>0</failedSince>
        </case>
      </cases>
    </suite>
    <suite>
      <file>/home/jenkins/slave/workspace/jenkins_main_trunk/test/target/surefire-reports/hudson_maven_MavenProbeAction_sidepanel.jelly.657.xml</file>
      <name>hudson_maven_MavenProbeAction_sidepanel.jelly</name>
      <stdout></stdout>
      <stderr></stderr>
      <duration>0.013</duration>
      <timestamp>2012-12-11T11:09:09</timestamp>
      <cases>
        <case>
          <duration>0.013</duration>
          <className>org.jvnet.hudson.test.JellyTestSuiteBuilder$JellyCheck</className>
          <testName>hudson/maven/MavenProbeAction/sidepanel.jelly</testName>
          <skipped>false</skipped>
          <failedSince>0</failedSince>
        </case>
      </cases>
    </suite>
    <suite>
      <file>/home/jenkins/slave/workspace/jenkins_main_trunk/test/target/surefire-reports/hudson_maven_MavenProbeAction_systemProperties.jelly.661.xml</file>
      <name>hudson_maven_MavenProbeAction_systemProperties.jelly</name>
      <stdout></stdout>
      <stderr></stderr>
      <duration>0.022</duration>
      <timestamp>2012-12-11T11:09:09</timestamp>
      <cases>
        <case>
          <duration>0.022</duration>
          <className>org.jvnet.hudson.test.JellyTestSuiteBuilder$JellyCheck</className>
          <testName>hudson/maven/MavenProbeAction/systemProperties.jelly</testName>
          <skipped>false</skipped>
          <failedSince>0</failedSince>
        </case>
      </cases>
    </suite>
    <suite>
      <file>/home/jenkins/slave/workspace/jenkins_main_trunk/test/target/surefire-reports/hudson_maven_MavenProbeAction_threads.jelly.656.xml</file>
      <name>hudson_maven_MavenProbeAction_threads.jelly</name>
      <stdout></stdout>
      <stderr></stderr>
      <duration>0.02</duration>
      <timestamp>2012-12-11T11:09:09</timestamp>
      <cases>
        <case>
          <duration>0.02</duration>
          <className>org.jvnet.hudson.test.JellyTestSuiteBuilder$JellyCheck</className>
          <testName>hudson/maven/MavenProbeAction/threads.jelly</testName>
          <skipped>false</skipped>
          <failedSince>0</failedSince>
        </case>
      </cases>
    </suite>
    <suite>
      <file>/home/jenkins/slave/workspace/jenkins_main_trunk/test/target/surefire-reports/hudson_maven_MavenTestDataPublisher_config.jelly.672.xml</file>
      <name>hudson_maven_MavenTestDataPublisher_config.jelly</name>
      <stdout></stdout>
      <stderr></stderr>
      <duration>0.012</duration>
      <timestamp>2012-12-11T11:09:09</timestamp>
      <cases>
        <case>
          <duration>0.012</duration>
          <className>org.jvnet.hudson.test.JellyTestSuiteBuilder$JellyCheck</className>
          <testName>hudson/maven/MavenTestDataPublisher/config.jelly</testName>
          <skipped>false</skipped>
          <failedSince>0</failedSince>
        </case>
      </cases>
    </suite>
    <suite>
      <file>/home/jenkins/slave/workspace/jenkins_main_trunk/test/target/surefire-reports/hudson_maven_RedeployPublisher_config.jelly.644.xml</file>
      <name>hudson_maven_RedeployPublisher_config.jelly</name>
      <stdout></stdout>
      <stderr></stderr>
      <duration>0.031</duration>
      <timestamp>2012-12-11T11:09:08</timestamp>
      <cases>
        <case>
          <duration>0.031</duration>
          <className>org.jvnet.hudson.test.JellyTestSuiteBuilder$JellyCheck</className>
          <testName>hudson/maven/RedeployPublisher/config.jelly</testName>
          <skipped>false</skipped>
          <failedSince>0</failedSince>
        </case>
      </cases>
    </suite>
    <suite>
      <file>/home/jenkins/slave/workspace/jenkins_main_trunk/test/target/surefire-reports/hudson_maven_reporters_MavenAbstractArtifactRecord_badge.jelly.667.xml</file>
      <name>hudson_maven_reporters_MavenAbstractArtifactRecord_badge.jelly</name>
      <stdout></stdout>
      <stderr></stderr>
      <duration>0.002</duration>
      <timestamp>2012-12-11T11:09:09</timestamp>
      <cases>
        <case>
          <duration>0.002</duration>
          <className>org.jvnet.hudson.test.JellyTestSuiteBuilder$JellyCheck</className>
          <testName>hudson/maven/reporters/MavenAbstractArtifactRecord/badge.jelly</testName>
          <skipped>false</skipped>
          <failedSince>0</failedSince>
        </case>
      </cases>
    </suite>
    <suite>
      <file>/home/jenkins/slave/workspace/jenkins_main_trunk/test/target/surefire-reports/hudson_maven_reporters_MavenAbstractArtifactRecord_index.jelly.668.xml</file>
      <name>hudson_maven_reporters_MavenAbstractArtifactRecord_index.jelly</name>
      <stdout></stdout>
      <stderr></stderr>
      <duration>0.024</duration>
      <timestamp>2012-12-11T11:09:09</timestamp>
      <cases>
        <case>
          <duration>0.024</duration>
          <className>org.jvnet.hudson.test.JellyTestSuiteBuilder$JellyCheck</className>
          <testName>hudson/maven/reporters/MavenAbstractArtifactRecord/index.jelly</testName>
          <skipped>false</skipped>
          <failedSince>0</failedSince>
        </case>
      </cases>
    </suite>
    <suite>
      <file>/home/jenkins/slave/workspace/jenkins_main_trunk/test/target/surefire-reports/hudson_maven_reporters_MavenArtifactRecord__api.jelly.669.xml</file>
      <name>hudson_maven_reporters_MavenArtifactRecord__api.jelly</name>
      <stdout></stdout>
      <stderr></stderr>
      <duration>0.002</duration>
      <timestamp>2012-12-11T11:09:09</timestamp>
      <cases>
        <case>
          <duration>0.002</duration>
          <className>org.jvnet.hudson.test.JellyTestSuiteBuilder$JellyCheck</className>
          <testName>hudson/maven/reporters/MavenArtifactRecord/_api.jelly</testName>
          <skipped>false</skipped>
          <failedSince>0</failedSince>
        </case>
      </cases>
    </suite>
    <suite>
      <file>/home/jenkins/slave/workspace/jenkins_main_trunk/test/target/surefire-reports/hudson_maven_reporters_SurefireAggregatedReport_index.jelly.666.xml</file>
      <name>hudson_maven_reporters_SurefireAggregatedReport_index.jelly</name>
      <stdout></stdout>
      <stderr></stderr>
      <duration>0.024</duration>
      <timestamp>2012-12-11T11:09:09</timestamp>
      <cases>
        <case>
          <duration>0.024</duration>
          <className>org.jvnet.hudson.test.JellyTestSuiteBuilder$JellyCheck</className>
          <testName>hudson/maven/reporters/SurefireAggregatedReport/index.jelly</testName>
          <skipped>false</skipped>
          <failedSince>0</failedSince>
        </case>
      </cases>
    </suite>
    <suite>
      <file>/home/jenkins/slave/workspace/jenkins_main_trunk/test/target/surefire-reports/hudson_model_AbstractBuild_changes.jelly.288.xml</file>
      <name>hudson_model_AbstractBuild_changes.jelly</name>
      <stdout></stdout>
      <stderr></stderr>
      <duration>0.024</duration>
      <timestamp>2012-12-11T10:55:02</timestamp>
      <cases>
        <case>
          <duration>0.024</duration>
          <className>org.jvnet.hudson.test.JellyTestSuiteBuilder$JellyCheck</className>
          <testName>hudson/model/AbstractBuild/changes.jelly</testName>
          <skipped>false</skipped>
          <failedSince>0</failedSince>
        </case>
      </cases>
    </suite>
    <suite>
      <file>/home/jenkins/slave/workspace/jenkins_main_trunk/test/target/surefire-reports/hudson_model_AbstractBuild_index.jelly.290.xml</file>
      <name>hudson_model_AbstractBuild_index.jelly</name>
      <stdout></stdout>
      <stderr></stderr>
      <duration>0.049</duration>
      <timestamp>2012-12-11T10:55:02</timestamp>
      <cases>
        <case>
          <duration>0.049</duration>
          <className>org.jvnet.hudson.test.JellyTestSuiteBuilder$JellyCheck</className>
          <testName>hudson/model/AbstractBuild/index.jelly</testName>
          <skipped>false</skipped>
          <failedSince>0</failedSince>
        </case>
      </cases>
    </suite>
    <suite>
      <file>/home/jenkins/slave/workspace/jenkins_main_trunk/test/target/surefire-reports/hudson_model_AbstractBuild_sidepanel.jelly.289.xml</file>
      <name>hudson_model_AbstractBuild_sidepanel.jelly</name>
      <stdout></stdout>
      <stderr></stderr>
      <duration>0.012</duration>
      <timestamp>2012-12-11T10:55:02</timestamp>
      <cases>
        <case>
          <duration>0.012</duration>
          <className>org.jvnet.hudson.test.JellyTestSuiteBuilder$JellyCheck</className>
          <testName>hudson/model/AbstractBuild/sidepanel.jelly</testName>
          <skipped>false</skipped>
          <failedSince>0</failedSince>
        </case>
      </cases>
    </suite>
    <suite>
      <file>/home/jenkins/slave/workspace/jenkins_main_trunk/test/target/surefire-reports/hudson_model_AbstractBuild_tasks.jelly.287.xml</file>
      <name>hudson_model_AbstractBuild_tasks.jelly</name>
      <stdout></stdout>
      <stderr></stderr>
      <duration>0.016</duration>
      <timestamp>2012-12-11T10:55:02</timestamp>
      <cases>
        <case>
          <duration>0.016</duration>
          <className>org.jvnet.hudson.test.JellyTestSuiteBuilder$JellyCheck</className>
          <testName>hudson/model/AbstractBuild/tasks.jelly</testName>
          <skipped>false</skipped>
          <failedSince>0</failedSince>
        </case>
      </cases>
    </suite>
    <suite>
      <file>/home/jenkins/slave/workspace/jenkins_main_trunk/test/target/surefire-reports/hudson_model_AbstractItem_configure_common.jelly.371.xml</file>
      <name>hudson_model_AbstractItem_configure-common.jelly</name>
      <stdout></stdout>
      <stderr></stderr>
      <duration>0.085</duration>
      <timestamp>2012-12-11T10:55:03</timestamp>
      <cases>
        <case>
          <duration>0.085</duration>
          <className>org.jvnet.hudson.test.JellyTestSuiteBuilder$JellyCheck</className>
          <testName>hudson/model/AbstractItem/configure-common.jelly</testName>
          <skipped>false</skipped>
          <failedSince>0</failedSince>
        </case>
      </cases>
    </suite>
    <suite>
      <file>/home/jenkins/slave/workspace/jenkins_main_trunk/test/target/surefire-reports/hudson_model_AbstractItem_delete.jelly.370.xml</file>
      <name>hudson_model_AbstractItem_delete.jelly</name>
      <stdout></stdout>
      <stderr></stderr>
      <duration>0.022</duration>
      <timestamp>2012-12-11T10:55:03</timestamp>
      <cases>
        <case>
          <duration>0.022</duration>
          <className>org.jvnet.hudson.test.JellyTestSuiteBuilder$JellyCheck</className>
          <testName>hudson/model/AbstractItem/delete.jelly</testName>
          <skipped>false</skipped>
          <failedSince>0</failedSince>
        </case>
      </cases>
    </suite>
    <suite>
      <file>/home/jenkins/slave/workspace/jenkins_main_trunk/test/target/surefire-reports/hudson_model_AbstractItem_noWorkspace.jelly.369.xml</file>
      <name>hudson_model_AbstractItem_noWorkspace.jelly</name>
      <stdout></stdout>
      <stderr></stderr>
      <duration>0.022</duration>
      <timestamp>2012-12-11T10:55:03</timestamp>
      <cases>
        <case>
          <duration>0.022</duration>
          <className>org.jvnet.hudson.test.JellyTestSuiteBuilder$JellyCheck</className>
          <testName>hudson/model/AbstractItem/noWorkspace.jelly</testName>
          <skipped>false</skipped>
          <failedSince>0</failedSince>
        </case>
      </cases>
    </suite>
    <suite>
      <file>/home/jenkins/slave/workspace/jenkins_main_trunk/test/target/surefire-reports/hudson_model_AbstractModelObject_descriptionForm.jelly.438.xml</file>
      <name>hudson_model_AbstractModelObject_descriptionForm.jelly</name>
      <stdout></stdout>
      <stderr></stderr>
      <duration>0.011</duration>
      <timestamp>2012-12-11T10:55:05</timestamp>
      <cases>
        <case>
          <duration>0.011</duration>
          <className>org.jvnet.hudson.test.JellyTestSuiteBuilder$JellyCheck</className>
          <testName>hudson/model/AbstractModelObject/descriptionForm.jelly</testName>
          <skipped>false</skipped>
          <failedSince>0</failedSince>
        </case>
      </cases>
    </suite>
    <suite>
      <file>/home/jenkins/slave/workspace/jenkins_main_trunk/test/target/surefire-reports/hudson_model_AbstractModelObject_editDescription.jelly.440.xml</file>
      <name>hudson_model_AbstractModelObject_editDescription.jelly</name>
      <stdout></stdout>
      <stderr></stderr>
      <duration>0.027</duration>
      <timestamp>2012-12-11T10:55:05</timestamp>
      <cases>
        <case>
          <duration>0.027</duration>
          <className>org.jvnet.hudson.test.JellyTestSuiteBuilder$JellyCheck</className>
          <testName>hudson/model/AbstractModelObject/editDescription.jelly</testName>
          <skipped>false</skipped>
          <failedSince>0</failedSince>
        </case>
      </cases>
    </suite>
    <suite>
      <file>/home/jenkins/slave/workspace/jenkins_main_trunk/test/target/surefire-reports/hudson_model_AbstractModelObject_error.jelly.439.xml</file>
      <name>hudson_model_AbstractModelObject_error.jelly</name>
      <stdout></stdout>
      <stderr></stderr>
      <duration>0.021</duration>
      <timestamp>2012-12-11T10:55:05</timestamp>
      <cases>
        <case>
          <duration>0.021</duration>
          <className>org.jvnet.hudson.test.JellyTestSuiteBuilder$JellyCheck</className>
          <testName>hudson/model/AbstractModelObject/error.jelly</testName>
          <skipped>false</skipped>
          <failedSince>0</failedSince>
        </case>
      </cases>
    </suite>
    <suite>
      <file>/home/jenkins/slave/workspace/jenkins_main_trunk/test/target/surefire-reports/hudson_model_AbstractProject__api.jelly.322.xml</file>
      <name>hudson_model_AbstractProject__api.jelly</name>
      <stdout></stdout>
      <stderr></stderr>
      <duration>0.002</duration>
      <timestamp>2012-12-11T10:55:02</timestamp>
      <cases>
        <case>
          <duration>0.002</duration>
          <className>org.jvnet.hudson.test.JellyTestSuiteBuilder$JellyCheck</className>
          <testName>hudson/model/AbstractProject/_api.jelly</testName>
          <skipped>false</skipped>
          <failedSince>0</failedSince>
        </case>
      </cases>
    </suite>
    <suite>
      <file>/home/jenkins/slave/workspace/jenkins_main_trunk/test/target/surefire-reports/hudson_model_AbstractProject_changes.jelly.315.xml</file>
      <name>hudson_model_AbstractProject_changes.jelly</name>
      <stdout></stdout>
      <stderr></stderr>
      <duration>0.021</duration>
      <timestamp>2012-12-11T10:55:02</timestamp>
      <cases>
        <case>
          <duration>0.021</duration>
          <className>org.jvnet.hudson.test.JellyTestSuiteBuilder$JellyCheck</className>
          <testName>hudson/model/AbstractProject/changes.jelly</testName>
          <skipped>false</skipped>
          <failedSince>0</failedSince>
        </case>
      </cases>
    </suite>
    <suite>
      <file>/home/jenkins/slave/workspace/jenkins_main_trunk/test/target/surefire-reports/hudson_model_AbstractProject_main.jelly.316.xml</file>
      <name>hudson_model_AbstractProject_main.jelly</name>
      <stdout></stdout>
      <stderr></stderr>
      <duration>0.021</duration>
      <timestamp>2012-12-11T10:55:02</timestamp>
      <cases>
        <case>
          <duration>0.021</duration>
          <className>org.jvnet.hudson.test.JellyTestSuiteBuilder$JellyCheck</className>
          <testName>hudson/model/AbstractProject/main.jelly</testName>
          <skipped>false</skipped>
          <failedSince>0</failedSince>
        </case>
      </cases>
    </suite>
    <suite>
      <file>/home/jenkins/slave/workspace/jenkins_main_trunk/test/target/surefire-reports/hudson_model_AbstractProject_makeDisabled.jelly.319.xml</file>
      <name>hudson_model_AbstractProject_makeDisabled.jelly</name>
      <stdout></stdout>
      <stderr></stderr>
      <duration>0.006</duration>
      <timestamp>2012-12-11T10:55:02</timestamp>
      <cases>
        <case>
          <duration>0.006</duration>
          <className>org.jvnet.hudson.test.JellyTestSuiteBuilder$JellyCheck</className>
          <testName>hudson/model/AbstractProject/makeDisabled.jelly</testName>
          <skipped>false</skipped>
          <failedSince>0</failedSince>
        </case>
      </cases>
    </suite>
    <suite>
      <file>/home/jenkins/slave/workspace/jenkins_main_trunk/test/target/surefire-reports/hudson_model_AbstractProject_sidepanel.jelly.317.xml</file>
      <name>hudson_model_AbstractProject_sidepanel.jelly</name>
      <stdout></stdout>
      <stderr></stderr>
      <duration>0.025</duration>
      <timestamp>2012-12-11T10:55:02</timestamp>
      <cases>
        <case>
          <duration>0.025</duration>
          <className>org.jvnet.hudson.test.JellyTestSuiteBuilder$JellyCheck</className>
          <testName>hudson/model/AbstractProject/sidepanel.jelly</testName>
          <skipped>false</skipped>
          <failedSince>0</failedSince>
        </case>
      </cases>
    </suite>
    <suite>
      <file>/home/jenkins/slave/workspace/jenkins_main_trunk/test/target/surefire-reports/hudson_model_AbstractProject_svn_password.jelly.321.xml</file>
      <name>hudson_model_AbstractProject_svn-password.jelly</name>
      <stdout></stdout>
      <stderr></stderr>
      <duration>0.02</duration>
      <timestamp>2012-12-11T10:55:02</timestamp>
      <cases>
        <case>
          <duration>0.02</duration>
          <className>org.jvnet.hudson.test.JellyTestSuiteBuilder$JellyCheck</className>
          <testName>hudson/model/AbstractProject/svn-password.jelly</testName>
          <skipped>false</skipped>
          <failedSince>0</failedSince>
        </case>
      </cases>
    </suite>
    <suite>
      <file>/home/jenkins/slave/workspace/jenkins_main_trunk/test/target/surefire-reports/hudson_model_AbstractProject_wipeOutWorkspace.jelly.314.xml</file>
      <name>hudson_model_AbstractProject_wipeOutWorkspace.jelly</name>
      <stdout></stdout>
      <stderr></stderr>
      <duration>0.022</duration>
      <timestamp>2012-12-11T10:55:02</timestamp>
      <cases>
        <case>
          <duration>0.022</duration>
          <className>org.jvnet.hudson.test.JellyTestSuiteBuilder$JellyCheck</className>
          <testName>hudson/model/AbstractProject/wipeOutWorkspace.jelly</testName>
          <skipped>false</skipped>
          <failedSince>0</failedSince>
        </case>
      </cases>
    </suite>
    <suite>
      <file>/home/jenkins/slave/workspace/jenkins_main_trunk/test/target/surefire-reports/hudson_model_AbstractProject_wipeOutWorkspaceBlocked.jelly.318.xml</file>
      <name>hudson_model_AbstractProject_wipeOutWorkspaceBlocked.jelly</name>
      <stdout></stdout>
      <stderr></stderr>
      <duration>0.02</duration>
      <timestamp>2012-12-11T10:55:02</timestamp>
      <cases>
        <case>
          <duration>0.02</duration>
          <className>org.jvnet.hudson.test.JellyTestSuiteBuilder$JellyCheck</className>
          <testName>hudson/model/AbstractProject/wipeOutWorkspaceBlocked.jelly</testName>
          <skipped>false</skipped>
          <failedSince>0</failedSince>
        </case>
      </cases>
    </suite>
    <suite>
      <file>/home/jenkins/slave/workspace/jenkins_main_trunk/test/target/surefire-reports/hudson_model_Actionable_actions.jelly.398.xml</file>
      <name>hudson_model_Actionable_actions.jelly</name>
      <stdout></stdout>
      <stderr></stderr>
      <duration>0.007</duration>
      <timestamp>2012-12-11T10:55:04</timestamp>
      <cases>
        <case>
          <duration>0.007</duration>
          <className>org.jvnet.hudson.test.JellyTestSuiteBuilder$JellyCheck</className>
          <testName>hudson/model/Actionable/actions.jelly</testName>
          <skipped>false</skipped>
          <failedSince>0</failedSince>
        </case>
      </cases>
    </suite>
    <suite>
      <file>/home/jenkins/slave/workspace/jenkins_main_trunk/test/target/surefire-reports/hudson_model_AgentSlave_config.jelly.348.xml</file>
      <name>hudson_model_AgentSlave_config.jelly</name>
      <stdout></stdout>
      <stderr></stderr>
      <duration>0.01</duration>
      <timestamp>2012-12-11T10:55:03</timestamp>
      <cases>
        <case>
          <duration>0.01</duration>
          <className>org.jvnet.hudson.test.JellyTestSuiteBuilder$JellyCheck</className>
          <testName>hudson/model/AgentSlave/config.jelly</testName>
          <skipped>false</skipped>
          <failedSince>0</failedSince>
        </case>
      </cases>
    </suite>
    <suite>
      <file>/home/jenkins/slave/workspace/jenkins_main_trunk/test/target/surefire-reports/hudson_model_AllView_newViewDetail.jelly.329.xml</file>
      <name>hudson_model_AllView_newViewDetail.jelly</name>
      <stdout></stdout>
      <stderr></stderr>
      <duration>0.002</duration>
      <timestamp>2012-12-11T10:55:03</timestamp>
      <cases>
        <case>
          <duration>0.002</duration>
          <className>org.jvnet.hudson.test.JellyTestSuiteBuilder$JellyCheck</className>
          <testName>hudson/model/AllView/newViewDetail.jelly</testName>
          <skipped>false</skipped>
          <failedSince>0</failedSince>
        </case>
      </cases>
    </suite>
    <suite>
      <file>/home/jenkins/slave/workspace/jenkins_main_trunk/test/target/surefire-reports/hudson_model_AllView_noJob.jelly.328.xml</file>
      <name>hudson_model_AllView_noJob.jelly</name>
      <stdout></stdout>
      <stderr></stderr>
      <duration>0.002</duration>
      <timestamp>2012-12-11T10:55:03</timestamp>
      <cases>
        <case>
          <duration>0.002</duration>
          <className>org.jvnet.hudson.test.JellyTestSuiteBuilder$JellyCheck</className>
          <testName>hudson/model/AllView/noJob.jelly</testName>
          <skipped>false</skipped>
          <failedSince>0</failedSince>
        </case>
      </cases>
    </suite>
    <suite>
      <file>/home/jenkins/slave/workspace/jenkins_main_trunk/test/target/surefire-reports/hudson_model_Api_index.jelly.351.xml</file>
      <name>hudson_model_Api_index.jelly</name>
      <stdout></stdout>
      <stderr></stderr>
      <duration>0.022</duration>
      <timestamp>2012-12-11T10:55:03</timestamp>
      <cases>
        <case>
          <duration>0.022</duration>
          <className>org.jvnet.hudson.test.JellyTestSuiteBuilder$JellyCheck</className>
          <testName>hudson/model/Api/index.jelly</testName>
          <skipped>false</skipped>
          <failedSince>0</failedSince>
        </case>
      </cases>
    </suite>
    <suite>
      <file>/home/jenkins/slave/workspace/jenkins_main_trunk/test/target/surefire-reports/hudson_model_BooleanParameterDefinition_config.jelly.331.xml</file>
      <name>hudson_model_BooleanParameterDefinition_config.jelly</name>
      <stdout></stdout>
      <stderr></stderr>
      <duration>0.02</duration>
      <timestamp>2012-12-11T10:55:03</timestamp>
      <cases>
        <case>
          <duration>0.02</duration>
          <className>org.jvnet.hudson.test.JellyTestSuiteBuilder$JellyCheck</className>
          <testName>hudson/model/BooleanParameterDefinition/config.jelly</testName>
          <skipped>false</skipped>
          <failedSince>0</failedSince>
        </case>
      </cases>
    </suite>
    <suite>
      <file>/home/jenkins/slave/workspace/jenkins_main_trunk/test/target/surefire-reports/hudson_model_BooleanParameterDefinition_index.jelly.332.xml</file>
      <name>hudson_model_BooleanParameterDefinition_index.jelly</name>
      <stdout></stdout>
      <stderr></stderr>
      <duration>0.008</duration>
      <timestamp>2012-12-11T10:55:03</timestamp>
      <cases>
        <case>
          <duration>0.008</duration>
          <className>org.jvnet.hudson.test.JellyTestSuiteBuilder$JellyCheck</className>
          <testName>hudson/model/BooleanParameterDefinition/index.jelly</testName>
          <skipped>false</skipped>
          <failedSince>0</failedSince>
        </case>
      </cases>
    </suite>
    <suite>
      <file>/home/jenkins/slave/workspace/jenkins_main_trunk/test/target/surefire-reports/hudson_model_BooleanParameterValue_value.jelly.413.xml</file>
      <name>hudson_model_BooleanParameterValue_value.jelly</name>
      <stdout></stdout>
      <stderr></stderr>
      <duration>0.008</duration>
      <timestamp>2012-12-11T10:55:04</timestamp>
      <cases>
        <case>
          <duration>0.008</duration>
          <className>org.jvnet.hudson.test.JellyTestSuiteBuilder$JellyCheck</className>
          <testName>hudson/model/BooleanParameterValue/value.jelly</testName>
          <skipped>false</skipped>
          <failedSince>0</failedSince>
        </case>
      </cases>
    </suite>
    <suite>
      <file>/home/jenkins/slave/workspace/jenkins_main_trunk/test/target/surefire-reports/hudson_model_BuildAuthorizationToken_config.jelly.326.xml</file>
      <name>hudson_model_BuildAuthorizationToken_config.jelly</name>
      <stdout></stdout>
      <stderr></stderr>
      <duration>0.015</duration>
      <timestamp>2012-12-11T10:55:03</timestamp>
      <cases>
        <case>
          <duration>0.015</duration>
          <className>org.jvnet.hudson.test.JellyTestSuiteBuilder$JellyCheck</className>
          <testName>hudson/model/BuildAuthorizationToken/config.jelly</testName>
          <skipped>false</skipped>
          <failedSince>0</failedSince>
        </case>
      </cases>
    </suite>
    <suite>
      <file>/home/jenkins/slave/workspace/jenkins_main_trunk/test/target/surefire-reports/hudson_model_BuildTimelineWidget_control.jelly.402.xml</file>
      <name>hudson_model_BuildTimelineWidget_control.jelly</name>
      <stdout></stdout>
      <stderr></stderr>
      <duration>0.004</duration>
      <timestamp>2012-12-11T10:55:04</timestamp>
      <cases>
        <case>
          <duration>0.004</duration>
          <className>org.jvnet.hudson.test.JellyTestSuiteBuilder$JellyCheck</className>
          <testName>hudson/model/BuildTimelineWidget/control.jelly</testName>
          <skipped>false</skipped>
          <failedSince>0</failedSince>
        </case>
      </cases>
    </suite>
    <suite>
      <file>/home/jenkins/slave/workspace/jenkins_main_trunk/test/target/surefire-reports/hudson_model_CauseAction_summary.jelly.286.xml</file>
      <name>hudson_model_CauseAction_summary.jelly</name>
      <stdout></stdout>
      <stderr></stderr>
      <duration>0.005</duration>
      <timestamp>2012-12-11T10:55:02</timestamp>
      <cases>
        <case>
          <duration>0.005</duration>
          <className>org.jvnet.hudson.test.JellyTestSuiteBuilder$JellyCheck</className>
          <testName>hudson/model/CauseAction/summary.jelly</testName>
          <skipped>false</skipped>
          <failedSince>0</failedSince>
        </case>
      </cases>
    </suite>
    <suite>
      <file>/home/jenkins/slave/workspace/jenkins_main_trunk/test/target/surefire-reports/hudson_model_Cause_UpstreamCause_description.jelly.437.xml</file>
      <name>hudson_model_Cause_UpstreamCause_description.jelly</name>
      <stdout></stdout>
      <stderr></stderr>
      <duration>0.003</duration>
      <timestamp>2012-12-11T10:55:05</timestamp>
      <cases>
        <case>
          <duration>0.003</duration>
          <className>org.jvnet.hudson.test.JellyTestSuiteBuilder$JellyCheck</className>
          <testName>hudson/model/Cause/UpstreamCause/description.jelly</testName>
          <skipped>false</skipped>
          <failedSince>0</failedSince>
        </case>
      </cases>
    </suite>
    <suite>
      <file>/home/jenkins/slave/workspace/jenkins_main_trunk/test/target/surefire-reports/hudson_model_Cause_UserCause_description.jelly.434.xml</file>
      <name>hudson_model_Cause_UserCause_description.jelly</name>
      <stdout></stdout>
      <stderr></stderr>
      <duration>0.002</duration>
      <timestamp>2012-12-11T10:55:05</timestamp>
      <cases>
        <case>
          <duration>0.002</duration>
          <className>org.jvnet.hudson.test.JellyTestSuiteBuilder$JellyCheck</className>
          <testName>hudson/model/Cause/UserCause/description.jelly</testName>
          <skipped>false</skipped>
          <failedSince>0</failedSince>
        </case>
      </cases>
    </suite>
    <suite>
      <file>/home/jenkins/slave/workspace/jenkins_main_trunk/test/target/surefire-reports/hudson_model_Cause_UserIdCause_description.jelly.435.xml</file>
      <name>hudson_model_Cause_UserIdCause_description.jelly</name>
      <stdout></stdout>
      <stderr></stderr>
      <duration>0.003</duration>
      <timestamp>2012-12-11T10:55:05</timestamp>
      <cases>
        <case>
          <duration>0.003</duration>
          <className>org.jvnet.hudson.test.JellyTestSuiteBuilder$JellyCheck</className>
          <testName>hudson/model/Cause/UserIdCause/description.jelly</testName>
          <skipped>false</skipped>
          <failedSince>0</failedSince>
        </case>
      </cases>
    </suite>
    <suite>
      <file>/home/jenkins/slave/workspace/jenkins_main_trunk/test/target/surefire-reports/hudson_model_Cause_description.jelly.436.xml</file>
      <name>hudson_model_Cause_description.jelly</name>
      <stdout></stdout>
      <stderr></stderr>
      <duration>0.002</duration>
      <timestamp>2012-12-11T10:55:05</timestamp>
      <cases>
        <case>
          <duration>0.002</duration>
          <className>org.jvnet.hudson.test.JellyTestSuiteBuilder$JellyCheck</className>
          <testName>hudson/model/Cause/description.jelly</testName>
          <skipped>false</skipped>
          <failedSince>0</failedSince>
        </case>
      </cases>
    </suite>
    <suite>
      <file>/home/jenkins/slave/workspace/jenkins_main_trunk/test/target/surefire-reports/hudson_model_ChoiceParameterDefinition_config.jelly.391.xml</file>
      <name>hudson_model_ChoiceParameterDefinition_config.jelly</name>
      <stdout></stdout>
      <stderr></stderr>
      <duration>0.021</duration>
      <timestamp>2012-12-11T10:55:04</timestamp>
      <cases>
        <case>
          <duration>0.021</duration>
          <className>org.jvnet.hudson.test.JellyTestSuiteBuilder$JellyCheck</className>
          <testName>hudson/model/ChoiceParameterDefinition/config.jelly</testName>
          <skipped>false</skipped>
          <failedSince>0</failedSince>
        </case>
      </cases>
    </suite>
    <suite>
      <file>/home/jenkins/slave/workspace/jenkins_main_trunk/test/target/surefire-reports/hudson_model_ChoiceParameterDefinition_index.jelly.392.xml</file>
      <name>hudson_model_ChoiceParameterDefinition_index.jelly</name>
      <stdout></stdout>
      <stderr></stderr>
      <duration>0.006</duration>
      <timestamp>2012-12-11T10:55:04</timestamp>
      <cases>
        <case>
          <duration>0.006</duration>
          <className>org.jvnet.hudson.test.JellyTestSuiteBuilder$JellyCheck</className>
          <testName>hudson/model/ChoiceParameterDefinition/index.jelly</testName>
          <skipped>false</skipped>
          <failedSince>0</failedSince>
        </case>
      </cases>
    </suite>
    <suite>
      <file>/home/jenkins/slave/workspace/jenkins_main_trunk/test/target/surefire-reports/hudson_model_ComputerSet__new.jelly.342.xml</file>
      <name>hudson_model_ComputerSet__new.jelly</name>
      <stdout></stdout>
      <stderr></stderr>
      <duration>0.029</duration>
      <timestamp>2012-12-11T10:55:03</timestamp>
      <cases>
        <case>
          <duration>0.029</duration>
          <className>org.jvnet.hudson.test.JellyTestSuiteBuilder$JellyCheck</className>
          <testName>hudson/model/ComputerSet/_new.jelly</testName>
          <skipped>false</skipped>
          <failedSince>0</failedSince>
        </case>
      </cases>
    </suite>
    <suite>
      <file>/home/jenkins/slave/workspace/jenkins_main_trunk/test/target/surefire-reports/hudson_model_ComputerSet_configure.jelly.339.xml</file>
      <name>hudson_model_ComputerSet_configure.jelly</name>
      <stdout></stdout>
      <stderr></stderr>
      <duration>0.035</duration>
      <timestamp>2012-12-11T10:55:03</timestamp>
      <cases>
        <case>
          <duration>0.035</duration>
          <className>org.jvnet.hudson.test.JellyTestSuiteBuilder$JellyCheck</className>
          <testName>hudson/model/ComputerSet/configure.jelly</testName>
          <skipped>false</skipped>
          <failedSince>0</failedSince>
        </case>
      </cases>
    </suite>
    <suite>
      <file>/home/jenkins/slave/workspace/jenkins_main_trunk/test/target/surefire-reports/hudson_model_ComputerSet_index.jelly.341.xml</file>
      <name>hudson_model_ComputerSet_index.jelly</name>
      <stdout></stdout>
      <stderr></stderr>
      <duration>0.024</duration>
      <timestamp>2012-12-11T10:55:03</timestamp>
      <cases>
        <case>
          <duration>0.024</duration>
          <className>org.jvnet.hudson.test.JellyTestSuiteBuilder$JellyCheck</className>
          <testName>hudson/model/ComputerSet/index.jelly</testName>
          <skipped>false</skipped>
          <failedSince>0</failedSince>
        </case>
      </cases>
    </suite>
    <suite>
      <file>/home/jenkins/slave/workspace/jenkins_main_trunk/test/target/surefire-reports/hudson_model_ComputerSet_new.jelly.343.xml</file>
      <name>hudson_model_ComputerSet_new.jelly</name>
      <stdout></stdout>
      <stderr></stderr>
      <duration>0.055</duration>
      <timestamp>2012-12-11T10:55:03</timestamp>
      <cases>
        <case>
          <duration>0.055</duration>
          <className>org.jvnet.hudson.test.JellyTestSuiteBuilder$JellyCheck</className>
          <testName>hudson/model/ComputerSet/new.jelly</testName>
          <skipped>false</skipped>
          <failedSince>0</failedSince>
        </case>
      </cases>
    </suite>
    <suite>
      <file>/home/jenkins/slave/workspace/jenkins_main_trunk/test/target/surefire-reports/hudson_model_ComputerSet_sidepanel.jelly.340.xml</file>
      <name>hudson_model_ComputerSet_sidepanel.jelly</name>
      <stdout></stdout>
      <stderr></stderr>
      <duration>0.024</duration>
      <timestamp>2012-12-11T10:55:03</timestamp>
      <cases>
        <case>
          <duration>0.024</duration>
          <className>org.jvnet.hudson.test.JellyTestSuiteBuilder$JellyCheck</className>
          <testName>hudson/model/ComputerSet/sidepanel.jelly</testName>
          <skipped>false</skipped>
          <failedSince>0</failedSince>
        </case>
      </cases>
    </suite>
    <suite>
      <file>/home/jenkins/slave/workspace/jenkins_main_trunk/test/target/surefire-reports/hudson_model_Computer__api.jelly.427.xml</file>
      <name>hudson_model_Computer__api.jelly</name>
      <stdout></stdout>
      <stderr></stderr>
      <duration>0.003</duration>
      <timestamp>2012-12-11T10:55:05</timestamp>
      <cases>
        <case>
          <duration>0.003</duration>
          <className>org.jvnet.hudson.test.JellyTestSuiteBuilder$JellyCheck</className>
          <testName>hudson/model/Computer/_api.jelly</testName>
          <skipped>false</skipped>
          <failedSince>0</failedSince>
        </case>
      </cases>
    </suite>
    <suite>
      <file>/home/jenkins/slave/workspace/jenkins_main_trunk/test/target/surefire-reports/hudson_model_Computer__script.jelly.420.xml</file>
      <name>hudson_model_Computer__script.jelly</name>
      <stdout></stdout>
      <stderr></stderr>
      <duration>0.022</duration>
      <timestamp>2012-12-11T10:55:04</timestamp>
      <cases>
        <case>
          <duration>0.022</duration>
          <className>org.jvnet.hudson.test.JellyTestSuiteBuilder$JellyCheck</className>
          <testName>hudson/model/Computer/_script.jelly</testName>
          <skipped>false</skipped>
          <failedSince>0</failedSince>
        </case>
      </cases>
    </suite>
    <suite>
      <file>/home/jenkins/slave/workspace/jenkins_main_trunk/test/target/surefire-reports/hudson_model_Computer__scriptText.jelly.416.xml</file>
      <name>hudson_model_Computer__scriptText.jelly</name>
      <stdout></stdout>
      <stderr></stderr>
      <duration>0.002</duration>
      <timestamp>2012-12-11T10:55:04</timestamp>
      <cases>
        <case>
          <duration>0.002</duration>
          <className>org.jvnet.hudson.test.JellyTestSuiteBuilder$JellyCheck</className>
          <testName>hudson/model/Computer/_scriptText.jelly</testName>
          <skipped>false</skipped>
          <failedSince>0</failedSince>
        </case>
      </cases>
    </suite>
    <suite>
      <file>/home/jenkins/slave/workspace/jenkins_main_trunk/test/target/surefire-reports/hudson_model_Computer_ajaxExecutors.jelly.415.xml</file>
      <name>hudson_model_Computer_ajaxExecutors.jelly</name>
      <stdout></stdout>
      <stderr></stderr>
      <duration>0.009</duration>
      <timestamp>2012-12-11T10:55:04</timestamp>
      <cases>
        <case>
          <duration>0.009</duration>
          <className>org.jvnet.hudson.test.JellyTestSuiteBuilder$JellyCheck</className>
          <testName>hudson/model/Computer/ajaxExecutors.jelly</testName>
          <skipped>false</skipped>
          <failedSince>0</failedSince>
        </case>
      </cases>
    </suite>
    <suite>
      <file>/home/jenkins/slave/workspace/jenkins_main_trunk/test/target/surefire-reports/hudson_model_Computer_builds.jelly.421.xml</file>
      <name>hudson_model_Computer_builds.jelly</name>
      <stdout></stdout>
      <stderr></stderr>
      <duration>0.026</duration>
      <timestamp>2012-12-11T10:55:04</timestamp>
      <cases>
        <case>
          <duration>0.026</duration>
          <className>org.jvnet.hudson.test.JellyTestSuiteBuilder$JellyCheck</className>
          <testName>hudson/model/Computer/builds.jelly</testName>
          <skipped>false</skipped>
          <failedSince>0</failedSince>
        </case>
      </cases>
    </suite>
    <suite>
      <file>/home/jenkins/slave/workspace/jenkins_main_trunk/test/target/surefire-reports/hudson_model_Computer_configure.jelly.414.xml</file>
      <name>hudson_model_Computer_configure.jelly</name>
      <stdout></stdout>
      <stderr></stderr>
      <duration>0.028</duration>
      <timestamp>2012-12-11T10:55:04</timestamp>
      <cases>
        <case>
          <duration>0.028</duration>
          <className>org.jvnet.hudson.test.JellyTestSuiteBuilder$JellyCheck</className>
          <testName>hudson/model/Computer/configure.jelly</testName>
          <skipped>false</skipped>
          <failedSince>0</failedSince>
        </case>
      </cases>
    </suite>
    <suite>
      <file>/home/jenkins/slave/workspace/jenkins_main_trunk/test/target/surefire-reports/hudson_model_Computer_custom_jnlp.jelly.423.xml</file>
      <name>hudson_model_Computer_custom-jnlp.jelly</name>
      <stdout></stdout>
      <stderr></stderr>
      <duration>0.02</duration>
      <timestamp>2012-12-11T10:55:05</timestamp>
      <cases>
        <case>
          <duration>0.02</duration>
          <className>org.jvnet.hudson.test.JellyTestSuiteBuilder$JellyCheck</className>
          <testName>hudson/model/Computer/custom-jnlp.jelly</testName>
          <skipped>false</skipped>
          <failedSince>0</failedSince>
        </case>
      </cases>
    </suite>
    <suite>
      <file>/home/jenkins/slave/workspace/jenkins_main_trunk/test/target/surefire-reports/hudson_model_Computer_delete.jelly.425.xml</file>
      <name>hudson_model_Computer_delete.jelly</name>
      <stdout></stdout>
      <stderr></stderr>
      <duration>0.025</duration>
      <timestamp>2012-12-11T10:55:05</timestamp>
      <cases>
        <case>
          <duration>0.025</duration>
          <className>org.jvnet.hudson.test.JellyTestSuiteBuilder$JellyCheck</className>
          <testName>hudson/model/Computer/delete.jelly</testName>
          <skipped>false</skipped>
          <failedSince>0</failedSince>
        </case>
      </cases>
    </suite>
    <suite>
      <file>/home/jenkins/slave/workspace/jenkins_main_trunk/test/target/surefire-reports/hudson_model_Computer_index.jelly.424.xml</file>
      <name>hudson_model_Computer_index.jelly</name>
      <stdout></stdout>
      <stderr></stderr>
      <duration>0.035</duration>
      <timestamp>2012-12-11T10:55:05</timestamp>
      <cases>
        <case>
          <duration>0.035</duration>
          <className>org.jvnet.hudson.test.JellyTestSuiteBuilder$JellyCheck</className>
          <testName>hudson/model/Computer/index.jelly</testName>
          <skipped>false</skipped>
          <failedSince>0</failedSince>
        </case>
      </cases>
    </suite>
    <suite>
      <file>/home/jenkins/slave/workspace/jenkins_main_trunk/test/target/surefire-reports/hudson_model_Computer_load_statistics.jelly.417.xml</file>
      <name>hudson_model_Computer_load-statistics.jelly</name>
      <stdout></stdout>
      <stderr></stderr>
      <duration>0.02</duration>
      <timestamp>2012-12-11T10:55:04</timestamp>
      <cases>
        <case>
          <duration>0.02</duration>
          <className>org.jvnet.hudson.test.JellyTestSuiteBuilder$JellyCheck</className>
          <testName>hudson/model/Computer/load-statistics.jelly</testName>
          <skipped>false</skipped>
          <failedSince>0</failedSince>
        </case>
      </cases>
    </suite>
    <suite>
      <file>/home/jenkins/slave/workspace/jenkins_main_trunk/test/target/surefire-reports/hudson_model_Computer_markOffline.jelly.426.xml</file>
      <name>hudson_model_Computer_markOffline.jelly</name>
      <stdout></stdout>
      <stderr></stderr>
      <duration>0.025</duration>
      <timestamp>2012-12-11T10:55:05</timestamp>
      <cases>
        <case>
          <duration>0.025</duration>
          <className>org.jvnet.hudson.test.JellyTestSuiteBuilder$JellyCheck</className>
          <testName>hudson/model/Computer/markOffline.jelly</testName>
          <skipped>false</skipped>
          <failedSince>0</failedSince>
        </case>
      </cases>
    </suite>
    <suite>
      <file>/home/jenkins/slave/workspace/jenkins_main_trunk/test/target/surefire-reports/hudson_model_Computer_nodepropertysummaries.jelly.418.xml</file>
      <name>hudson_model_Computer_nodepropertysummaries.jelly</name>
      <stdout></stdout>
      <stderr></stderr>
      <duration>0.002</duration>
      <timestamp>2012-12-11T10:55:04</timestamp>
      <cases>
        <case>
          <duration>0.002</duration>
          <className>org.jvnet.hudson.test.JellyTestSuiteBuilder$JellyCheck</className>
          <testName>hudson/model/Computer/nodepropertysummaries.jelly</testName>
          <skipped>false</skipped>
          <failedSince>0</failedSince>
        </case>
      </cases>
    </suite>
    <suite>
      <file>/home/jenkins/slave/workspace/jenkins_main_trunk/test/target/surefire-reports/hudson_model_Computer_setOfflineCause.jelly.422.xml</file>
      <name>hudson_model_Computer_setOfflineCause.jelly</name>
      <stdout></stdout>
      <stderr></stderr>
      <duration>0.024</duration>
      <timestamp>2012-12-11T10:55:04</timestamp>
      <cases>
        <case>
          <duration>0.024</duration>
          <className>org.jvnet.hudson.test.JellyTestSuiteBuilder$JellyCheck</className>
          <testName>hudson/model/Computer/setOfflineCause.jelly</testName>
          <skipped>false</skipped>
          <failedSince>0</failedSince>
        </case>
      </cases>
    </suite>
    <suite>
      <file>/home/jenkins/slave/workspace/jenkins_main_trunk/test/target/surefire-reports/hudson_model_Computer_sidepanel.jelly.419.xml</file>
      <name>hudson_model_Computer_sidepanel.jelly</name>
      <stdout></stdout>
      <stderr></stderr>
      <duration>0.027</duration>
      <timestamp>2012-12-11T10:55:04</timestamp>
      <cases>
        <case>
          <duration>0.027</duration>
          <className>org.jvnet.hudson.test.JellyTestSuiteBuilder$JellyCheck</className>
          <testName>hudson/model/Computer/sidepanel.jelly</testName>
          <skipped>false</skipped>
          <failedSince>0</failedSince>
        </case>
      </cases>
    </suite>
    <suite>
      <file>/home/jenkins/slave/workspace/jenkins_main_trunk/test/target/surefire-reports/hudson_model_Descriptor_newInstanceDetail.jelly.377.xml</file>
      <name>hudson_model_Descriptor_newInstanceDetail.jelly</name>
      <stdout></stdout>
      <stderr></stderr>
      <duration>0.002</duration>
      <timestamp>2012-12-11T10:55:04</timestamp>
      <cases>
        <case>
          <duration>0.002</duration>
          <className>org.jvnet.hudson.test.JellyTestSuiteBuilder$JellyCheck</className>
          <testName>hudson/model/Descriptor/newInstanceDetail.jelly</testName>
          <skipped>false</skipped>
          <failedSince>0</failedSince>
        </case>
      </cases>
    </suite>
    <suite>
      <file>/home/jenkins/slave/workspace/jenkins_main_trunk/test/target/surefire-reports/hudson_model_DirectoryBrowserSupport_dir.jelly.338.xml</file>
      <name>hudson_model_DirectoryBrowserSupport_dir.jelly</name>
      <stdout></stdout>
      <stderr></stderr>
      <duration>0.023</duration>
      <timestamp>2012-12-11T10:55:03</timestamp>
      <cases>
        <case>
          <duration>0.023</duration>
          <className>org.jvnet.hudson.test.JellyTestSuiteBuilder$JellyCheck</className>
          <testName>hudson/model/DirectoryBrowserSupport/dir.jelly</testName>
          <skipped>false</skipped>
          <failedSince>0</failedSince>
        </case>
      </cases>
    </suite>
    <suite>
      <file>/home/jenkins/slave/workspace/jenkins_main_trunk/test/target/surefire-reports/hudson_model_DownloadService_footer.jelly.394.xml</file>
      <name>hudson_model_DownloadService_footer.jelly</name>
      <stdout></stdout>
      <stderr></stderr>
      <duration>0.002</duration>
      <timestamp>2012-12-11T10:55:04</timestamp>
      <cases>
        <case>
          <duration>0.002</duration>
          <className>org.jvnet.hudson.test.JellyTestSuiteBuilder$JellyCheck</className>
          <testName>hudson/model/DownloadService/footer.jelly</testName>
          <skipped>false</skipped>
          <failedSince>0</failedSince>
        </case>
      </cases>
    </suite>
    <suite>
      <file>/home/jenkins/slave/workspace/jenkins_main_trunk/test/target/surefire-reports/hudson_model_Executor_causeOfDeath.jelly.393.xml</file>
      <name>hudson_model_Executor_causeOfDeath.jelly</name>
      <stdout></stdout>
      <stderr></stderr>
      <duration>0.025</duration>
      <timestamp>2012-12-11T10:55:04</timestamp>
      <cases>
        <case>
          <duration>0.025</duration>
          <className>org.jvnet.hudson.test.JellyTestSuiteBuilder$JellyCheck</className>
          <testName>hudson/model/Executor/causeOfDeath.jelly</testName>
          <skipped>false</skipped>
          <failedSince>0</failedSince>
        </case>
      </cases>
    </suite>
    <suite>
      <file>/home/jenkins/slave/workspace/jenkins_main_trunk/test/target/surefire-reports/hudson_model_FileParameterDefinition_config.jelly.441.xml</file>
      <name>hudson_model_FileParameterDefinition_config.jelly</name>
      <stdout></stdout>
      <stderr></stderr>
      <duration>0.014</duration>
      <timestamp>2012-12-11T10:55:05</timestamp>
      <cases>
        <case>
          <duration>0.014</duration>
          <className>org.jvnet.hudson.test.JellyTestSuiteBuilder$JellyCheck</className>
          <testName>hudson/model/FileParameterDefinition/config.jelly</testName>
          <skipped>false</skipped>
          <failedSince>0</failedSince>
        </case>
      </cases>
    </suite>
    <suite>
      <file>/home/jenkins/slave/workspace/jenkins_main_trunk/test/target/surefire-reports/hudson_model_FileParameterDefinition_index.jelly.442.xml</file>
      <name>hudson_model_FileParameterDefinition_index.jelly</name>
      <stdout></stdout>
      <stderr></stderr>
      <duration>0.006</duration>
      <timestamp>2012-12-11T10:55:05</timestamp>
      <cases>
        <case>
          <duration>0.006</duration>
          <className>org.jvnet.hudson.test.JellyTestSuiteBuilder$JellyCheck</className>
          <testName>hudson/model/FileParameterDefinition/index.jelly</testName>
          <skipped>false</skipped>
          <failedSince>0</failedSince>
        </case>
      </cases>
    </suite>
    <suite>
      <file>/home/jenkins/slave/workspace/jenkins_main_trunk/test/target/surefire-reports/hudson_model_FileParameterValue_value.jelly.395.xml</file>
      <name>hudson_model_FileParameterValue_value.jelly</name>
      <stdout></stdout>
      <stderr></stderr>
      <duration>0.009</duration>
      <timestamp>2012-12-11T10:55:04</timestamp>
      <cases>
        <case>
          <duration>0.009</duration>
          <className>org.jvnet.hudson.test.JellyTestSuiteBuilder$JellyCheck</className>
          <testName>hudson/model/FileParameterValue/value.jelly</testName>
          <skipped>false</skipped>
          <failedSince>0</failedSince>
        </case>
      </cases>
    </suite>
    <suite>
      <file>/home/jenkins/slave/workspace/jenkins_main_trunk/test/target/surefire-reports/hudson_model_Fingerprint_index.jelly.406.xml</file>
      <name>hudson_model_Fingerprint_index.jelly</name>
      <stdout></stdout>
      <stderr></stderr>
      <duration>0.039</duration>
      <timestamp>2012-12-11T10:55:04</timestamp>
      <cases>
        <case>
          <duration>0.039</duration>
          <className>org.jvnet.hudson.test.JellyTestSuiteBuilder$JellyCheck</className>
          <testName>hudson/model/Fingerprint/index.jelly</testName>
          <skipped>false</skipped>
          <failedSince>0</failedSince>
        </case>
      </cases>
    </suite>
    <suite>
      <file>/home/jenkins/slave/workspace/jenkins_main_trunk/test/target/surefire-reports/hudson_model_FreeStyleProject_configure_advanced.jelly.432.xml</file>
      <name>hudson_model_FreeStyleProject_configure-advanced.jelly</name>
      <stdout></stdout>
      <stderr></stderr>
      <duration>0.016</duration>
      <timestamp>2012-12-11T10:55:05</timestamp>
      <cases>
        <case>
          <duration>0.016</duration>
          <className>org.jvnet.hudson.test.JellyTestSuiteBuilder$JellyCheck</className>
          <testName>hudson/model/FreeStyleProject/configure-advanced.jelly</testName>
          <skipped>false</skipped>
          <failedSince>0</failedSince>
        </case>
      </cases>
    </suite>
    <suite>
      <file>/home/jenkins/slave/workspace/jenkins_main_trunk/test/target/surefire-reports/hudson_model_FreeStyleProject_newJobDetail.jelly.433.xml</file>
      <name>hudson_model_FreeStyleProject_newJobDetail.jelly</name>
      <stdout></stdout>
      <stderr></stderr>
      <duration>0.002</duration>
      <timestamp>2012-12-11T10:55:05</timestamp>
      <cases>
        <case>
          <duration>0.002</duration>
          <className>org.jvnet.hudson.test.JellyTestSuiteBuilder$JellyCheck</className>
          <testName>hudson/model/FreeStyleProject/newJobDetail.jelly</testName>
          <skipped>false</skipped>
          <failedSince>0</failedSince>
        </case>
      </cases>
    </suite>
    <suite>
      <file>/home/jenkins/slave/workspace/jenkins_main_trunk/test/target/surefire-reports/hudson_model_JDK_config.jelly.344.xml</file>
      <name>hudson_model_JDK_config.jelly</name>
      <stdout></stdout>
      <stderr></stderr>
      <duration>0.013</duration>
      <timestamp>2012-12-11T10:55:03</timestamp>
      <cases>
        <case>
          <duration>0.013</duration>
          <className>org.jvnet.hudson.test.JellyTestSuiteBuilder$JellyCheck</className>
          <testName>hudson/model/JDK/config.jelly</testName>
          <skipped>false</skipped>
          <failedSince>0</failedSince>
        </case>
      </cases>
    </suite>
    <suite>
      <file>/home/jenkins/slave/workspace/jenkins_main_trunk/test/target/surefire-reports/hudson_model_Job__api.jelly.310.xml</file>
      <name>hudson_model_Job__api.jelly</name>
      <stdout></stdout>
      <stderr></stderr>
      <duration>0.002</duration>
      <timestamp>2012-12-11T10:55:02</timestamp>
      <cases>
        <case>
          <duration>0.002</duration>
          <className>org.jvnet.hudson.test.JellyTestSuiteBuilder$JellyCheck</className>
          <testName>hudson/model/Job/_api.jelly</testName>
          <skipped>false</skipped>
          <failedSince>0</failedSince>
        </case>
      </cases>
    </suite>
    <suite>
      <file>/home/jenkins/slave/workspace/jenkins_main_trunk/test/target/surefire-reports/hudson_model_Job_buildTimeTrend.jelly.303.xml</file>
      <name>hudson_model_Job_buildTimeTrend.jelly</name>
      <stdout></stdout>
      <stderr></stderr>
      <duration>0.023</duration>
      <timestamp>2012-12-11T10:55:02</timestamp>
      <cases>
        <case>
          <duration>0.023</duration>
          <className>org.jvnet.hudson.test.JellyTestSuiteBuilder$JellyCheck</className>
          <testName>hudson/model/Job/buildTimeTrend.jelly</testName>
          <skipped>false</skipped>
          <failedSince>0</failedSince>
        </case>
      </cases>
    </suite>
    <suite>
      <file>/home/jenkins/slave/workspace/jenkins_main_trunk/test/target/surefire-reports/hudson_model_Job_configure.jelly.302.xml</file>
      <name>hudson_model_Job_configure.jelly</name>
      <stdout></stdout>
      <stderr></stderr>
      <duration>0.056</duration>
      <timestamp>2012-12-11T10:55:02</timestamp>
      <cases>
        <case>
          <duration>0.056</duration>
          <className>org.jvnet.hudson.test.JellyTestSuiteBuilder$JellyCheck</className>
          <testName>hudson/model/Job/configure.jelly</testName>
          <skipped>false</skipped>
          <failedSince>0</failedSince>
        </case>
      </cases>
    </suite>
    <suite>
      <file>/home/jenkins/slave/workspace/jenkins_main_trunk/test/target/surefire-reports/hudson_model_Job_configure_entries.jelly.308.xml</file>
      <name>hudson_model_Job_configure-entries.jelly</name>
      <stdout></stdout>
      <stderr></stderr>
      <duration>0.003</duration>
      <timestamp>2012-12-11T10:55:02</timestamp>
      <cases>
        <case>
          <duration>0.003</duration>
          <className>org.jvnet.hudson.test.JellyTestSuiteBuilder$JellyCheck</className>
          <testName>hudson/model/Job/configure-entries.jelly</testName>
          <skipped>false</skipped>
          <failedSince>0</failedSince>
        </case>
      </cases>
    </suite>
    <suite>
      <file>/home/jenkins/slave/workspace/jenkins_main_trunk/test/target/surefire-reports/hudson_model_Job_index.jelly.307.xml</file>
      <name>hudson_model_Job_index.jelly</name>
      <stdout></stdout>
      <stderr></stderr>
      <duration>0.028</duration>
      <timestamp>2012-12-11T10:55:02</timestamp>
      <cases>
        <case>
          <duration>0.028</duration>
          <className>org.jvnet.hudson.test.JellyTestSuiteBuilder$JellyCheck</className>
          <testName>hudson/model/Job/index.jelly</testName>
          <skipped>false</skipped>
          <failedSince>0</failedSince>
        </case>
      </cases>
    </suite>
    <suite>
      <file>/home/jenkins/slave/workspace/jenkins_main_trunk/test/target/surefire-reports/hudson_model_Job_jobpropertysummaries.jelly.309.xml</file>
      <name>hudson_model_Job_jobpropertysummaries.jelly</name>
      <stdout></stdout>
      <stderr></stderr>
      <duration>0.002</duration>
      <timestamp>2012-12-11T10:55:02</timestamp>
      <cases>
        <case>
          <duration>0.002</duration>
          <className>org.jvnet.hudson.test.JellyTestSuiteBuilder$JellyCheck</className>
          <testName>hudson/model/Job/jobpropertysummaries.jelly</testName>
          <skipped>false</skipped>
          <failedSince>0</failedSince>
        </case>
      </cases>
    </suite>
    <suite>
      <file>/home/jenkins/slave/workspace/jenkins_main_trunk/test/target/surefire-reports/hudson_model_Job_main.jelly.305.xml</file>
      <name>hudson_model_Job_main.jelly</name>
      <stdout></stdout>
      <stderr></stderr>
      <duration>0.002</duration>
      <timestamp>2012-12-11T10:55:02</timestamp>
      <cases>
        <case>
          <duration>0.002</duration>
          <className>org.jvnet.hudson.test.JellyTestSuiteBuilder$JellyCheck</className>
          <testName>hudson/model/Job/main.jelly</testName>
          <skipped>false</skipped>
          <failedSince>0</failedSince>
        </case>
      </cases>
    </suite>
    <suite>
      <file>/home/jenkins/slave/workspace/jenkins_main_trunk/test/target/surefire-reports/hudson_model_Job_newInstanceDetail.jelly.306.xml</file>
      <name>hudson_model_Job_newInstanceDetail.jelly</name>
      <stdout></stdout>
      <stderr></stderr>
      <duration>0.002</duration>
      <timestamp>2012-12-11T10:55:02</timestamp>
      <cases>
        <case>
          <duration>0.002</duration>
          <className>org.jvnet.hudson.test.JellyTestSuiteBuilder$JellyCheck</className>
          <testName>hudson/model/Job/newInstanceDetail.jelly</testName>
          <skipped>false</skipped>
          <failedSince>0</failedSince>
        </case>
      </cases>
    </suite>
    <suite>
      <file>/home/jenkins/slave/workspace/jenkins_main_trunk/test/target/surefire-reports/hudson_model_Job_permalinks.jelly.304.xml</file>
      <name>hudson_model_Job_permalinks.jelly</name>
      <stdout></stdout>
      <stderr></stderr>
      <duration>0.003</duration>
      <timestamp>2012-12-11T10:55:02</timestamp>
      <cases>
        <case>
          <duration>0.003</duration>
          <className>org.jvnet.hudson.test.JellyTestSuiteBuilder$JellyCheck</className>
          <testName>hudson/model/Job/permalinks.jelly</testName>
          <skipped>false</skipped>
          <failedSince>0</failedSince>
        </case>
      </cases>
    </suite>
    <suite>
      <file>/home/jenkins/slave/workspace/jenkins_main_trunk/test/target/surefire-reports/hudson_model_Job_rename.jelly.301.xml</file>
      <name>hudson_model_Job_rename.jelly</name>
      <stdout></stdout>
      <stderr></stderr>
      <duration>0.023</duration>
      <timestamp>2012-12-11T10:55:02</timestamp>
      <cases>
        <case>
          <duration>0.023</duration>
          <className>org.jvnet.hudson.test.JellyTestSuiteBuilder$JellyCheck</className>
          <testName>hudson/model/Job/rename.jelly</testName>
          <skipped>false</skipped>
          <failedSince>0</failedSince>
        </case>
      </cases>
    </suite>
    <suite>
      <file>/home/jenkins/slave/workspace/jenkins_main_trunk/test/target/surefire-reports/hudson_model_Job_rssHeader.jelly.300.xml</file>
      <name>hudson_model_Job_rssHeader.jelly</name>
      <stdout></stdout>
      <stderr></stderr>
      <duration>0.003</duration>
      <timestamp>2012-12-11T10:55:02</timestamp>
      <cases>
        <case>
          <duration>0.003</duration>
          <className>org.jvnet.hudson.test.JellyTestSuiteBuilder$JellyCheck</className>
          <testName>hudson/model/Job/rssHeader.jelly</testName>
          <skipped>false</skipped>
          <failedSince>0</failedSince>
        </case>
      </cases>
    </suite>
    <suite>
      <file>/home/jenkins/slave/workspace/jenkins_main_trunk/test/target/surefire-reports/hudson_model_Label_index.jelly.401.xml</file>
      <name>hudson_model_Label_index.jelly</name>
      <stdout></stdout>
      <stderr></stderr>
      <duration>0.031</duration>
      <timestamp>2012-12-11T10:55:04</timestamp>
      <cases>
        <case>
          <duration>0.031</duration>
          <className>org.jvnet.hudson.test.JellyTestSuiteBuilder$JellyCheck</className>
          <testName>hudson/model/Label/index.jelly</testName>
          <skipped>false</skipped>
          <failedSince>0</failedSince>
        </case>
      </cases>
    </suite>
    <suite>
      <file>/home/jenkins/slave/workspace/jenkins_main_trunk/test/target/surefire-reports/hudson_model_Label_load_statistics.jelly.399.xml</file>
      <name>hudson_model_Label_load-statistics.jelly</name>
      <stdout></stdout>
      <stderr></stderr>
      <duration>0.021</duration>
      <timestamp>2012-12-11T10:55:04</timestamp>
      <cases>
        <case>
          <duration>0.021</duration>
          <className>org.jvnet.hudson.test.JellyTestSuiteBuilder$JellyCheck</className>
          <testName>hudson/model/Label/load-statistics.jelly</testName>
          <skipped>false</skipped>
          <failedSince>0</failedSince>
        </case>
      </cases>
    </suite>
    <suite>
      <file>/home/jenkins/slave/workspace/jenkins_main_trunk/test/target/surefire-reports/hudson_model_Label_sidepanel.jelly.400.xml</file>
      <name>hudson_model_Label_sidepanel.jelly</name>
      <stdout></stdout>
      <stderr></stderr>
      <duration>0.01</duration>
      <timestamp>2012-12-11T10:55:04</timestamp>
      <cases>
        <case>
          <duration>0.01</duration>
          <className>org.jvnet.hudson.test.JellyTestSuiteBuilder$JellyCheck</className>
          <testName>hudson/model/Label/sidepanel.jelly</testName>
          <skipped>false</skipped>
          <failedSince>0</failedSince>
        </case>
      </cases>
    </suite>
    <suite>
      <file>/home/jenkins/slave/workspace/jenkins_main_trunk/test/target/surefire-reports/hudson_model_ListView__api.jelly.337.xml</file>
      <name>hudson_model_ListView__api.jelly</name>
      <stdout></stdout>
      <stderr></stderr>
      <duration>0.002</duration>
      <timestamp>2012-12-11T10:55:03</timestamp>
      <cases>
        <case>
          <duration>0.002</duration>
          <className>org.jvnet.hudson.test.JellyTestSuiteBuilder$JellyCheck</className>
          <testName>hudson/model/ListView/_api.jelly</testName>
          <skipped>false</skipped>
          <failedSince>0</failedSince>
        </case>
      </cases>
    </suite>
    <suite>
      <file>/home/jenkins/slave/workspace/jenkins_main_trunk/test/target/surefire-reports/hudson_model_ListView_configure_entries.jelly.336.xml</file>
      <name>hudson_model_ListView_configure-entries.jelly</name>
      <stdout></stdout>
      <stderr></stderr>
      <duration>0.049</duration>
      <timestamp>2012-12-11T10:55:03</timestamp>
      <cases>
        <case>
          <duration>0.049</duration>
          <className>org.jvnet.hudson.test.JellyTestSuiteBuilder$JellyCheck</className>
          <testName>hudson/model/ListView/configure-entries.jelly</testName>
          <skipped>false</skipped>
          <failedSince>0</failedSince>
        </case>
      </cases>
    </suite>
    <suite>
      <file>/home/jenkins/slave/workspace/jenkins_main_trunk/test/target/surefire-reports/hudson_model_ListView_newViewDetail.jelly.335.xml</file>
      <name>hudson_model_ListView_newViewDetail.jelly</name>
      <stdout></stdout>
      <stderr></stderr>
      <duration>0.002</duration>
      <timestamp>2012-12-11T10:55:03</timestamp>
      <cases>
        <case>
          <duration>0.002</duration>
          <className>org.jvnet.hudson.test.JellyTestSuiteBuilder$JellyCheck</className>
          <testName>hudson/model/ListView/newViewDetail.jelly</testName>
          <skipped>false</skipped>
          <failedSince>0</failedSince>
        </case>
      </cases>
    </suite>
    <suite>
      <file>/home/jenkins/slave/workspace/jenkins_main_trunk/test/target/surefire-reports/hudson_model_LoadStatistics_main.jelly.313.xml</file>
      <name>hudson_model_LoadStatistics_main.jelly</name>
      <stdout></stdout>
      <stderr></stderr>
      <duration>0.003</duration>
      <timestamp>2012-12-11T10:55:02</timestamp>
      <cases>
        <case>
          <duration>0.003</duration>
          <className>org.jvnet.hudson.test.JellyTestSuiteBuilder$JellyCheck</className>
          <testName>hudson/model/LoadStatistics/main.jelly</testName>
          <skipped>false</skipped>
          <failedSince>0</failedSince>
        </case>
      </cases>
    </suite>
    <suite>
      <file>/home/jenkins/slave/workspace/jenkins_main_trunk/test/target/surefire-reports/hudson_model_MyView_newViewDetail.jelly.450.xml</file>
      <name>hudson_model_MyView_newViewDetail.jelly</name>
      <stdout></stdout>
      <stderr></stderr>
      <duration>0.002</duration>
      <timestamp>2012-12-11T10:55:05</timestamp>
      <cases>
        <case>
          <duration>0.002</duration>
          <className>org.jvnet.hudson.test.JellyTestSuiteBuilder$JellyCheck</className>
          <testName>hudson/model/MyView/newViewDetail.jelly</testName>
          <skipped>false</skipped>
          <failedSince>0</failedSince>
        </case>
      </cases>
    </suite>
    <suite>
      <file>/home/jenkins/slave/workspace/jenkins_main_trunk/test/target/surefire-reports/hudson_model_MyView_noJob.jelly.449.xml</file>
      <name>hudson_model_MyView_noJob.jelly</name>
      <stdout></stdout>
      <stderr></stderr>
      <duration>0.002</duration>
      <timestamp>2012-12-11T10:55:05</timestamp>
      <cases>
        <case>
          <duration>0.002</duration>
          <className>org.jvnet.hudson.test.JellyTestSuiteBuilder$JellyCheck</className>
          <testName>hudson/model/MyView/noJob.jelly</testName>
          <skipped>false</skipped>
          <failedSince>0</failedSince>
        </case>
      </cases>
    </suite>
    <suite>
      <file>/home/jenkins/slave/workspace/jenkins_main_trunk/test/target/surefire-reports/hudson_model_MyViewsProperty_config.jelly.323.xml</file>
      <name>hudson_model_MyViewsProperty_config.jelly</name>
      <stdout></stdout>
      <stderr></stderr>
      <duration>0.009</duration>
      <timestamp>2012-12-11T10:55:02</timestamp>
      <cases>
        <case>
          <duration>0.009</duration>
          <className>org.jvnet.hudson.test.JellyTestSuiteBuilder$JellyCheck</className>
          <testName>hudson/model/MyViewsProperty/config.jelly</testName>
          <skipped>false</skipped>
          <failedSince>0</failedSince>
        </case>
      </cases>
    </suite>
    <suite>
      <file>/home/jenkins/slave/workspace/jenkins_main_trunk/test/target/surefire-reports/hudson_model_MyViewsProperty_newView.jelly.324.xml</file>
      <name>hudson_model_MyViewsProperty_newView.jelly</name>
      <stdout></stdout>
      <stderr></stderr>
      <duration>0.046</duration>
      <timestamp>2012-12-11T10:55:02</timestamp>
      <cases>
        <case>
          <duration>0.046</duration>
          <className>org.jvnet.hudson.test.JellyTestSuiteBuilder$JellyCheck</className>
          <testName>hudson/model/MyViewsProperty/newView.jelly</testName>
          <skipped>false</skipped>
          <failedSince>0</failedSince>
        </case>
      </cases>
    </suite>
    <suite>
      <file>/home/jenkins/slave/workspace/jenkins_main_trunk/test/target/surefire-reports/hudson_model_NoFingerprintMatch_index.jelly.430.xml</file>
      <name>hudson_model_NoFingerprintMatch_index.jelly</name>
      <stdout></stdout>
      <stderr></stderr>
      <duration>0.025</duration>
      <timestamp>2012-12-11T10:55:05</timestamp>
      <cases>
        <case>
          <duration>0.025</duration>
          <className>org.jvnet.hudson.test.JellyTestSuiteBuilder$JellyCheck</className>
          <testName>hudson/model/NoFingerprintMatch/index.jelly</testName>
          <skipped>false</skipped>
          <failedSince>0</failedSince>
        </case>
      </cases>
    </suite>
    <suite>
      <file>/home/jenkins/slave/workspace/jenkins_main_trunk/test/target/surefire-reports/hudson_model_ParameterDefinition_config.jelly.403.xml</file>
      <name>hudson_model_ParameterDefinition_config.jelly</name>
      <stdout></stdout>
      <stderr></stderr>
      <duration>0.005</duration>
      <timestamp>2012-12-11T10:55:04</timestamp>
      <cases>
        <case>
          <duration>0.005</duration>
          <className>org.jvnet.hudson.test.JellyTestSuiteBuilder$JellyCheck</className>
          <testName>hudson/model/ParameterDefinition/config.jelly</testName>
          <skipped>false</skipped>
          <failedSince>0</failedSince>
        </case>
      </cases>
    </suite>
    <suite>
      <file>/home/jenkins/slave/workspace/jenkins_main_trunk/test/target/surefire-reports/hudson_model_ParametersAction_index.jelly.347.xml</file>
      <name>hudson_model_ParametersAction_index.jelly</name>
      <stdout></stdout>
      <stderr></stderr>
      <duration>0.024</duration>
      <timestamp>2012-12-11T10:55:03</timestamp>
      <cases>
        <case>
          <duration>0.024</duration>
          <className>org.jvnet.hudson.test.JellyTestSuiteBuilder$JellyCheck</className>
          <testName>hudson/model/ParametersAction/index.jelly</testName>
          <skipped>false</skipped>
          <failedSince>0</failedSince>
        </case>
      </cases>
    </suite>
    <suite>
      <file>/home/jenkins/slave/workspace/jenkins_main_trunk/test/target/surefire-reports/hudson_model_ParametersDefinitionProperty_config.jelly.284.xml</file>
      <name>hudson_model_ParametersDefinitionProperty_config.jelly</name>
      <stdout></stdout>
      <stderr></stderr>
      <duration>0.017</duration>
      <timestamp>2012-12-11T10:55:02</timestamp>
      <cases>
        <case>
          <duration>0.017</duration>
          <className>org.jvnet.hudson.test.JellyTestSuiteBuilder$JellyCheck</className>
          <testName>hudson/model/ParametersDefinitionProperty/config.jelly</testName>
          <skipped>false</skipped>
          <failedSince>0</failedSince>
        </case>
      </cases>
    </suite>
    <suite>
      <file>/home/jenkins/slave/workspace/jenkins_main_trunk/test/target/surefire-reports/hudson_model_ParametersDefinitionProperty_index.jelly.285.xml</file>
      <name>hudson_model_ParametersDefinitionProperty_index.jelly</name>
      <stdout></stdout>
      <stderr></stderr>
      <duration>0.024</duration>
      <timestamp>2012-12-11T10:55:02</timestamp>
      <cases>
        <case>
          <duration>0.024</duration>
          <className>org.jvnet.hudson.test.JellyTestSuiteBuilder$JellyCheck</className>
          <testName>hudson/model/ParametersDefinitionProperty/index.jelly</testName>
          <skipped>false</skipped>
          <failedSince>0</failedSince>
        </case>
      </cases>
    </suite>
    <suite>
      <file>/home/jenkins/slave/workspace/jenkins_main_trunk/test/target/surefire-reports/hudson_model_PasswordParameterDefinition_config.jelly.311.xml</file>
      <name>hudson_model_PasswordParameterDefinition_config.jelly</name>
      <stdout></stdout>
      <stderr></stderr>
      <duration>0.022</duration>
      <timestamp>2012-12-11T10:55:02</timestamp>
      <cases>
        <case>
          <duration>0.022</duration>
          <className>org.jvnet.hudson.test.JellyTestSuiteBuilder$JellyCheck</className>
          <testName>hudson/model/PasswordParameterDefinition/config.jelly</testName>
          <skipped>false</skipped>
          <failedSince>0</failedSince>
        </case>
      </cases>
    </suite>
    <suite>
      <file>/home/jenkins/slave/workspace/jenkins_main_trunk/test/target/surefire-reports/hudson_model_PasswordParameterDefinition_index.jelly.312.xml</file>
      <name>hudson_model_PasswordParameterDefinition_index.jelly</name>
      <stdout></stdout>
      <stderr></stderr>
      <duration>0.008</duration>
      <timestamp>2012-12-11T10:55:02</timestamp>
      <cases>
        <case>
          <duration>0.008</duration>
          <className>org.jvnet.hudson.test.JellyTestSuiteBuilder$JellyCheck</className>
          <testName>hudson/model/PasswordParameterDefinition/index.jelly</testName>
          <skipped>false</skipped>
          <failedSince>0</failedSince>
        </case>
      </cases>
    </suite>
    <suite>
      <file>/home/jenkins/slave/workspace/jenkins_main_trunk/test/target/surefire-reports/hudson_model_PasswordParameterValue_value.jelly.330.xml</file>
      <name>hudson_model_PasswordParameterValue_value.jelly</name>
      <stdout></stdout>
      <stderr></stderr>
      <duration>0.008</duration>
      <timestamp>2012-12-11T10:55:03</timestamp>
      <cases>
        <case>
          <duration>0.008</duration>
          <className>org.jvnet.hudson.test.JellyTestSuiteBuilder$JellyCheck</className>
          <testName>hudson/model/PasswordParameterValue/value.jelly</testName>
          <skipped>false</skipped>
          <failedSince>0</failedSince>
        </case>
      </cases>
    </suite>
    <suite>
      <file>/home/jenkins/slave/workspace/jenkins_main_trunk/test/target/surefire-reports/hudson_model_PermalinkProjectAction_Permalink_link.jelly.431.xml</file>
      <name>hudson_model_PermalinkProjectAction_Permalink_link.jelly</name>
      <stdout></stdout>
      <stderr></stderr>
      <duration>0.003</duration>
      <timestamp>2012-12-11T10:55:05</timestamp>
      <cases>
        <case>
          <duration>0.003</duration>
          <className>org.jvnet.hudson.test.JellyTestSuiteBuilder$JellyCheck</className>
          <testName>hudson/model/PermalinkProjectAction/Permalink/link.jelly</testName>
          <skipped>false</skipped>
          <failedSince>0</failedSince>
        </case>
      </cases>
    </suite>
    <suite>
      <file>/home/jenkins/slave/workspace/jenkins_main_trunk/test/target/surefire-reports/hudson_model_Project_configure_entries.jelly.448.xml</file>
      <name>hudson_model_Project_configure-entries.jelly</name>
      <stdout></stdout>
      <stderr></stderr>
      <duration>0.058</duration>
      <timestamp>2012-12-11T10:55:05</timestamp>
      <cases>
        <case>
          <duration>0.058</duration>
          <className>org.jvnet.hudson.test.JellyTestSuiteBuilder$JellyCheck</className>
          <testName>hudson/model/Project/configure-entries.jelly</testName>
          <skipped>false</skipped>
          <failedSince>0</failedSince>
        </case>
      </cases>
    </suite>
    <suite>
      <file>/home/jenkins/slave/workspace/jenkins_main_trunk/test/target/surefire-reports/hudson_model_ProxyView_configure_entries.jelly.453.xml</file>
      <name>hudson_model_ProxyView_configure-entries.jelly</name>
      <stdout></stdout>
      <stderr></stderr>
      <duration>0.007</duration>
      <timestamp>2012-12-11T10:55:05</timestamp>
      <cases>
        <case>
          <duration>0.007</duration>
          <className>org.jvnet.hudson.test.JellyTestSuiteBuilder$JellyCheck</className>
          <testName>hudson/model/ProxyView/configure-entries.jelly</testName>
          <skipped>false</skipped>
          <failedSince>0</failedSince>
        </case>
      </cases>
    </suite>
    <suite>
      <file>/home/jenkins/slave/workspace/jenkins_main_trunk/test/target/surefire-reports/hudson_model_ProxyView_main.jelly.451.xml</file>
      <name>hudson_model_ProxyView_main.jelly</name>
      <stdout></stdout>
      <stderr></stderr>
      <duration>0.002</duration>
      <timestamp>2012-12-11T10:55:05</timestamp>
      <cases>
        <case>
          <duration>0.002</duration>
          <className>org.jvnet.hudson.test.JellyTestSuiteBuilder$JellyCheck</className>
          <testName>hudson/model/ProxyView/main.jelly</testName>
          <skipped>false</skipped>
          <failedSince>0</failedSince>
        </case>
      </cases>
    </suite>
    <suite>
      <file>/home/jenkins/slave/workspace/jenkins_main_trunk/test/target/surefire-reports/hudson_model_ProxyView_newViewDetail.jelly.452.xml</file>
      <name>hudson_model_ProxyView_newViewDetail.jelly</name>
      <stdout></stdout>
      <stderr></stderr>
      <duration>0.002</duration>
      <timestamp>2012-12-11T10:55:05</timestamp>
      <cases>
        <case>
          <duration>0.002</duration>
          <className>org.jvnet.hudson.test.JellyTestSuiteBuilder$JellyCheck</className>
          <testName>hudson/model/ProxyView/newViewDetail.jelly</testName>
          <skipped>false</skipped>
          <failedSince>0</failedSince>
        </case>
      </cases>
    </suite>
    <suite>
      <file>/home/jenkins/slave/workspace/jenkins_main_trunk/test/target/surefire-reports/hudson_model_RunParameterDefinition_config.jelly.333.xml</file>
      <name>hudson_model_RunParameterDefinition_config.jelly</name>
      <stdout></stdout>
      <stderr></stderr>
      <duration>0.026</duration>
      <timestamp>2012-12-11T10:55:03</timestamp>
      <cases>
        <case>
          <duration>0.026</duration>
          <className>org.jvnet.hudson.test.JellyTestSuiteBuilder$JellyCheck</className>
          <testName>hudson/model/RunParameterDefinition/config.jelly</testName>
          <skipped>false</skipped>
          <failedSince>0</failedSince>
        </case>
      </cases>
    </suite>
    <suite>
      <file>/home/jenkins/slave/workspace/jenkins_main_trunk/test/target/surefire-reports/hudson_model_RunParameterDefinition_index.jelly.334.xml</file>
      <name>hudson_model_RunParameterDefinition_index.jelly</name>
      <stdout></stdout>
      <stderr></stderr>
      <duration>0.005</duration>
      <timestamp>2012-12-11T10:55:03</timestamp>
      <cases>
        <case>
          <duration>0.005</duration>
          <className>org.jvnet.hudson.test.JellyTestSuiteBuilder$JellyCheck</className>
          <testName>hudson/model/RunParameterDefinition/index.jelly</testName>
          <skipped>false</skipped>
          <failedSince>0</failedSince>
        </case>
      </cases>
    </suite>
    <suite>
      <file>/home/jenkins/slave/workspace/jenkins_main_trunk/test/target/surefire-reports/hudson_model_RunParameterValue_value.jelly.327.xml</file>
      <name>hudson_model_RunParameterValue_value.jelly</name>
      <stdout></stdout>
      <stderr></stderr>
      <duration>0.005</duration>
      <timestamp>2012-12-11T10:55:03</timestamp>
      <cases>
        <case>
          <duration>0.005</duration>
          <className>org.jvnet.hudson.test.JellyTestSuiteBuilder$JellyCheck</className>
          <testName>hudson/model/RunParameterValue/value.jelly</testName>
          <skipped>false</skipped>
          <failedSince>0</failedSince>
        </case>
      </cases>
    </suite>
    <suite>
      <file>/home/jenkins/slave/workspace/jenkins_main_trunk/test/target/surefire-reports/hudson_model_Run_KeepLogBuildBadge_badge.jelly.295.xml</file>
      <name>hudson_model_Run_KeepLogBuildBadge_badge.jelly</name>
      <stdout></stdout>
      <stderr></stderr>
      <duration>0.002</duration>
      <timestamp>2012-12-11T10:55:02</timestamp>
      <cases>
        <case>
          <duration>0.002</duration>
          <className>org.jvnet.hudson.test.JellyTestSuiteBuilder$JellyCheck</className>
          <testName>hudson/model/Run/KeepLogBuildBadge/badge.jelly</testName>
          <skipped>false</skipped>
          <failedSince>0</failedSince>
        </case>
      </cases>
    </suite>
    <suite>
      <file>/home/jenkins/slave/workspace/jenkins_main_trunk/test/target/surefire-reports/hudson_model_Run__api.jelly.299.xml</file>
      <name>hudson_model_Run__api.jelly</name>
      <stdout></stdout>
      <stderr></stderr>
      <duration>0.004</duration>
      <timestamp>2012-12-11T10:55:02</timestamp>
      <cases>
        <case>
          <duration>0.004</duration>
          <className>org.jvnet.hudson.test.JellyTestSuiteBuilder$JellyCheck</className>
          <testName>hudson/model/Run/_api.jelly</testName>
          <skipped>false</skipped>
          <failedSince>0</failedSince>
        </case>
      </cases>
    </suite>
    <suite>
      <file>/home/jenkins/slave/workspace/jenkins_main_trunk/test/target/surefire-reports/hudson_model_Run_artifacts_index.jelly.292.xml</file>
      <name>hudson_model_Run_artifacts-index.jelly</name>
      <stdout></stdout>
      <stderr></stderr>
      <duration>0.025</duration>
      <timestamp>2012-12-11T10:55:02</timestamp>
      <cases>
        <case>
          <duration>0.025</duration>
          <className>org.jvnet.hudson.test.JellyTestSuiteBuilder$JellyCheck</className>
          <testName>hudson/model/Run/artifacts-index.jelly</testName>
          <skipped>false</skipped>
          <failedSince>0</failedSince>
        </case>
      </cases>
    </suite>
    <suite>
      <file>/home/jenkins/slave/workspace/jenkins_main_trunk/test/target/surefire-reports/hudson_model_Run_configure.jelly.293.xml</file>
      <name>hudson_model_Run_configure.jelly</name>
      <stdout></stdout>
      <stderr></stderr>
      <duration>0.036</duration>
      <timestamp>2012-12-11T10:55:02</timestamp>
      <cases>
        <case>
          <duration>0.036</duration>
          <className>org.jvnet.hudson.test.JellyTestSuiteBuilder$JellyCheck</className>
          <testName>hudson/model/Run/configure.jelly</testName>
          <skipped>false</skipped>
          <failedSince>0</failedSince>
        </case>
      </cases>
    </suite>
    <suite>
      <file>/home/jenkins/slave/workspace/jenkins_main_trunk/test/target/surefire-reports/hudson_model_Run_confirmDelete.jelly.291.xml</file>
      <name>hudson_model_Run_confirmDelete.jelly</name>
      <stdout></stdout>
      <stderr></stderr>
      <duration>0.022</duration>
      <timestamp>2012-12-11T10:55:02</timestamp>
      <cases>
        <case>
          <duration>0.022</duration>
          <className>org.jvnet.hudson.test.JellyTestSuiteBuilder$JellyCheck</className>
          <testName>hudson/model/Run/confirmDelete.jelly</testName>
          <skipped>false</skipped>
          <failedSince>0</failedSince>
        </case>
      </cases>
    </suite>
    <suite>
      <file>/home/jenkins/slave/workspace/jenkins_main_trunk/test/target/surefire-reports/hudson_model_Run_console.jelly.298.xml</file>
      <name>hudson_model_Run_console.jelly</name>
      <stdout></stdout>
      <stderr></stderr>
      <duration>0.031</duration>
      <timestamp>2012-12-11T10:55:02</timestamp>
      <cases>
        <case>
          <duration>0.031</duration>
          <className>org.jvnet.hudson.test.JellyTestSuiteBuilder$JellyCheck</className>
          <testName>hudson/model/Run/console.jelly</testName>
          <skipped>false</skipped>
          <failedSince>0</failedSince>
        </case>
      </cases>
    </suite>
    <suite>
      <file>/home/jenkins/slave/workspace/jenkins_main_trunk/test/target/surefire-reports/hudson_model_Run_consoleFull.jelly.294.xml</file>
      <name>hudson_model_Run_consoleFull.jelly</name>
      <stdout></stdout>
      <stderr></stderr>
      <duration>0.003</duration>
      <timestamp>2012-12-11T10:55:02</timestamp>
      <cases>
        <case>
          <duration>0.003</duration>
          <className>org.jvnet.hudson.test.JellyTestSuiteBuilder$JellyCheck</className>
          <testName>hudson/model/Run/consoleFull.jelly</testName>
          <skipped>false</skipped>
          <failedSince>0</failedSince>
        </case>
      </cases>
    </suite>
    <suite>
      <file>/home/jenkins/slave/workspace/jenkins_main_trunk/test/target/surefire-reports/hudson_model_Run_delete.jelly.297.xml</file>
      <name>hudson_model_Run_delete.jelly</name>
      <stdout></stdout>
      <stderr></stderr>
      <duration>0.005</duration>
      <timestamp>2012-12-11T10:55:02</timestamp>
      <cases>
        <case>
          <duration>0.005</duration>
          <className>org.jvnet.hudson.test.JellyTestSuiteBuilder$JellyCheck</className>
          <testName>hudson/model/Run/delete.jelly</testName>
          <skipped>false</skipped>
          <failedSince>0</failedSince>
        </case>
      </cases>
    </suite>
    <suite>
      <file>/home/jenkins/slave/workspace/jenkins_main_trunk/test/target/surefire-reports/hudson_model_Run_logKeep.jelly.296.xml</file>
      <name>hudson_model_Run_logKeep.jelly</name>
      <stdout></stdout>
      <stderr></stderr>
      <duration>0.004</duration>
      <timestamp>2012-12-11T10:55:02</timestamp>
      <cases>
        <case>
          <duration>0.004</duration>
          <className>org.jvnet.hudson.test.JellyTestSuiteBuilder$JellyCheck</className>
          <testName>hudson/model/Run/logKeep.jelly</testName>
          <skipped>false</skipped>
          <failedSince>0</failedSince>
        </case>
      </cases>
    </suite>
    <suite>
      <file>/home/jenkins/slave/workspace/jenkins_main_trunk/test/target/surefire-reports/hudson_model_Slave_help_launcher.jelly.349.xml</file>
      <name>hudson_model_Slave_help-launcher.jelly</name>
      <stdout></stdout>
      <stderr></stderr>
      <duration>0.005</duration>
      <timestamp>2012-12-11T10:55:03</timestamp>
      <cases>
        <case>
          <duration>0.005</duration>
          <className>org.jvnet.hudson.test.JellyTestSuiteBuilder$JellyCheck</className>
          <testName>hudson/model/Slave/help-launcher.jelly</testName>
          <skipped>false</skipped>
          <failedSince>0</failedSince>
        </case>
      </cases>
    </suite>
    <suite>
      <file>/home/jenkins/slave/workspace/jenkins_main_trunk/test/target/surefire-reports/hudson_model_StringParameterDefinition_config.jelly.396.xml</file>
      <name>hudson_model_StringParameterDefinition_config.jelly</name>
      <stdout></stdout>
      <stderr></stderr>
      <duration>0.021</duration>
      <timestamp>2012-12-11T10:55:04</timestamp>
      <cases>
        <case>
          <duration>0.021</duration>
          <className>org.jvnet.hudson.test.JellyTestSuiteBuilder$JellyCheck</className>
          <testName>hudson/model/StringParameterDefinition/config.jelly</testName>
          <skipped>false</skipped>
          <failedSince>0</failedSince>
        </case>
      </cases>
    </suite>
    <suite>
      <file>/home/jenkins/slave/workspace/jenkins_main_trunk/test/target/surefire-reports/hudson_model_StringParameterDefinition_index.jelly.397.xml</file>
      <name>hudson_model_StringParameterDefinition_index.jelly</name>
      <stdout></stdout>
      <stderr></stderr>
      <duration>0.008</duration>
      <timestamp>2012-12-11T10:55:04</timestamp>
      <cases>
        <case>
          <duration>0.008</duration>
          <className>org.jvnet.hudson.test.JellyTestSuiteBuilder$JellyCheck</className>
          <testName>hudson/model/StringParameterDefinition/index.jelly</testName>
          <skipped>false</skipped>
          <failedSince>0</failedSince>
        </case>
      </cases>
    </suite>
    <suite>
      <file>/home/jenkins/slave/workspace/jenkins_main_trunk/test/target/surefire-reports/hudson_model_StringParameterValue_value.jelly.325.xml</file>
      <name>hudson_model_StringParameterValue_value.jelly</name>
      <stdout></stdout>
      <stderr></stderr>
      <duration>0.008</duration>
      <timestamp>2012-12-11T10:55:03</timestamp>
      <cases>
        <case>
          <duration>0.008</duration>
          <className>org.jvnet.hudson.test.JellyTestSuiteBuilder$JellyCheck</className>
          <testName>hudson/model/StringParameterValue/value.jelly</testName>
          <skipped>false</skipped>
          <failedSince>0</failedSince>
        </case>
      </cases>
    </suite>
    <suite>
      <file>/home/jenkins/slave/workspace/jenkins_main_trunk/test/target/surefire-reports/hudson_model_TaskAction_log.jelly.350.xml</file>
      <name>hudson_model_TaskAction_log.jelly</name>
      <stdout></stdout>
      <stderr></stderr>
      <duration>0.005</duration>
      <timestamp>2012-12-11T10:55:03</timestamp>
      <cases>
        <case>
          <duration>0.005</duration>
          <className>org.jvnet.hudson.test.JellyTestSuiteBuilder$JellyCheck</className>
          <testName>hudson/model/TaskAction/log.jelly</testName>
          <skipped>false</skipped>
          <failedSince>0</failedSince>
        </case>
      </cases>
    </suite>
    <suite>
      <file>/home/jenkins/slave/workspace/jenkins_main_trunk/test/target/surefire-reports/hudson_model_TextParameterDefinition_config.jelly.345.xml</file>
      <name>hudson_model_TextParameterDefinition_config.jelly</name>
      <stdout></stdout>
      <stderr></stderr>
      <duration>0.02</duration>
      <timestamp>2012-12-11T10:55:03</timestamp>
      <cases>
        <case>
          <duration>0.02</duration>
          <className>org.jvnet.hudson.test.JellyTestSuiteBuilder$JellyCheck</className>
          <testName>hudson/model/TextParameterDefinition/config.jelly</testName>
          <skipped>false</skipped>
          <failedSince>0</failedSince>
        </case>
      </cases>
    </suite>
    <suite>
      <file>/home/jenkins/slave/workspace/jenkins_main_trunk/test/target/surefire-reports/hudson_model_TextParameterDefinition_index.jelly.346.xml</file>
      <name>hudson_model_TextParameterDefinition_index.jelly</name>
      <stdout></stdout>
      <stderr></stderr>
      <duration>0.009</duration>
      <timestamp>2012-12-11T10:55:03</timestamp>
      <cases>
        <case>
          <duration>0.009</duration>
          <className>org.jvnet.hudson.test.JellyTestSuiteBuilder$JellyCheck</className>
          <testName>hudson/model/TextParameterDefinition/index.jelly</testName>
          <skipped>false</skipped>
          <failedSince>0</failedSince>
        </case>
      </cases>
    </suite>
    <suite>
      <file>/home/jenkins/slave/workspace/jenkins_main_trunk/test/target/surefire-reports/hudson_model_TextParameterValue_value.jelly.429.xml</file>
      <name>hudson_model_TextParameterValue_value.jelly</name>
      <stdout></stdout>
      <stderr></stderr>
      <duration>0.008</duration>
      <timestamp>2012-12-11T10:55:05</timestamp>
      <cases>
        <case>
          <duration>0.008</duration>
          <className>org.jvnet.hudson.test.JellyTestSuiteBuilder$JellyCheck</className>
          <testName>hudson/model/TextParameterValue/value.jelly</testName>
          <skipped>false</skipped>
          <failedSince>0</failedSince>
        </case>
      </cases>
    </suite>
    <suite>
      <file>/home/jenkins/slave/workspace/jenkins_main_trunk/test/target/surefire-reports/hudson_model_TreeView_ajaxRows.jelly.446.xml</file>
      <name>hudson_model_TreeView_ajaxRows.jelly</name>
      <stdout></stdout>
      <stderr></stderr>
      <duration>0.007</duration>
      <timestamp>2012-12-11T10:55:05</timestamp>
      <cases>
        <case>
          <duration>0.007</duration>
          <className>org.jvnet.hudson.test.JellyTestSuiteBuilder$JellyCheck</className>
          <testName>hudson/model/TreeView/ajaxRows.jelly</testName>
          <skipped>false</skipped>
          <failedSince>0</failedSince>
        </case>
      </cases>
    </suite>
    <suite>
      <file>/home/jenkins/slave/workspace/jenkins_main_trunk/test/target/surefire-reports/hudson_model_TreeView_main.jelly.445.xml</file>
      <name>hudson_model_TreeView_main.jelly</name>
      <stdout></stdout>
      <stderr></stderr>
      <duration>0.01</duration>
      <timestamp>2012-12-11T10:55:05</timestamp>
      <cases>
        <case>
          <duration>0.01</duration>
          <className>org.jvnet.hudson.test.JellyTestSuiteBuilder$JellyCheck</className>
          <testName>hudson/model/TreeView/main.jelly</testName>
          <skipped>false</skipped>
          <failedSince>0</failedSince>
        </case>
      </cases>
    </suite>
    <suite>
      <file>/home/jenkins/slave/workspace/jenkins_main_trunk/test/target/surefire-reports/hudson_model_TreeView_newView.jelly.443.xml</file>
      <name>hudson_model_TreeView_newView.jelly</name>
      <stdout></stdout>
      <stderr></stderr>
      <duration>0.002</duration>
      <timestamp>2012-12-11T10:55:05</timestamp>
      <cases>
        <case>
          <duration>0.002</duration>
          <className>org.jvnet.hudson.test.JellyTestSuiteBuilder$JellyCheck</className>
          <testName>hudson/model/TreeView/newView.jelly</testName>
          <skipped>false</skipped>
          <failedSince>0</failedSince>
        </case>
      </cases>
    </suite>
    <suite>
      <file>/home/jenkins/slave/workspace/jenkins_main_trunk/test/target/surefire-reports/hudson_model_TreeView_newViewDetail.jelly.447.xml</file>
      <name>hudson_model_TreeView_newViewDetail.jelly</name>
      <stdout></stdout>
      <stderr></stderr>
      <duration>0.001</duration>
      <timestamp>2012-12-11T10:55:05</timestamp>
      <cases>
        <case>
          <duration>0.001</duration>
          <className>org.jvnet.hudson.test.JellyTestSuiteBuilder$JellyCheck</className>
          <testName>hudson/model/TreeView/newViewDetail.jelly</testName>
          <skipped>false</skipped>
          <failedSince>0</failedSince>
        </case>
      </cases>
    </suite>
    <suite>
      <file>/home/jenkins/slave/workspace/jenkins_main_trunk/test/target/surefire-reports/hudson_model_TreeView_sidepanel2.jelly.444.xml</file>
      <name>hudson_model_TreeView_sidepanel2.jelly</name>
      <stdout></stdout>
      <stderr></stderr>
      <duration>0.004</duration>
      <timestamp>2012-12-11T10:55:05</timestamp>
      <cases>
        <case>
          <duration>0.004</duration>
          <className>org.jvnet.hudson.test.JellyTestSuiteBuilder$JellyCheck</className>
          <testName>hudson/model/TreeView/sidepanel2.jelly</testName>
          <skipped>false</skipped>
          <failedSince>0</failedSince>
        </case>
      </cases>
    </suite>
    <suite>
      <file>/home/jenkins/slave/workspace/jenkins_main_trunk/test/target/surefire-reports/hudson_model_UpdateCenter_ConnectionCheckJob_row.jelly.355.xml</file>
      <name>hudson_model_UpdateCenter_ConnectionCheckJob_row.jelly</name>
      <stdout></stdout>
      <stderr></stderr>
      <duration>0.003</duration>
      <timestamp>2012-12-11T10:55:03</timestamp>
      <cases>
        <case>
          <duration>0.003</duration>
          <className>org.jvnet.hudson.test.JellyTestSuiteBuilder$JellyCheck</className>
          <testName>hudson/model/UpdateCenter/ConnectionCheckJob/row.jelly</testName>
          <skipped>false</skipped>
          <failedSince>0</failedSince>
        </case>
      </cases>
    </suite>
    <suite>
      <file>/home/jenkins/slave/workspace/jenkins_main_trunk/test/target/surefire-reports/hudson_model_UpdateCenter_CoreUpdateMonitor_message.jelly.353.xml</file>
      <name>hudson_model_UpdateCenter_CoreUpdateMonitor_message.jelly</name>
      <stdout></stdout>
      <stderr></stderr>
      <duration>0.004</duration>
      <timestamp>2012-12-11T10:55:03</timestamp>
      <cases>
        <case>
          <duration>0.004</duration>
          <className>org.jvnet.hudson.test.JellyTestSuiteBuilder$JellyCheck</className>
          <testName>hudson/model/UpdateCenter/CoreUpdateMonitor/message.jelly</testName>
          <skipped>false</skipped>
          <failedSince>0</failedSince>
        </case>
      </cases>
    </suite>
    <suite>
      <file>/home/jenkins/slave/workspace/jenkins_main_trunk/test/target/surefire-reports/hudson_model_UpdateCenter_DownloadJob_Failure_status.jelly.365.xml</file>
      <name>hudson_model_UpdateCenter_DownloadJob_Failure_status.jelly</name>
      <stdout></stdout>
      <stderr></stderr>
      <duration>0.003</duration>
      <timestamp>2012-12-11T10:55:03</timestamp>
      <cases>
        <case>
          <duration>0.003</duration>
          <className>org.jvnet.hudson.test.JellyTestSuiteBuilder$JellyCheck</className>
          <testName>hudson/model/UpdateCenter/DownloadJob/Failure/status.jelly</testName>
          <skipped>false</skipped>
          <failedSince>0</failedSince>
        </case>
      </cases>
    </suite>
    <suite>
      <file>/home/jenkins/slave/workspace/jenkins_main_trunk/test/target/surefire-reports/hudson_model_UpdateCenter_DownloadJob_Installing_status.jelly.364.xml</file>
      <name>hudson_model_UpdateCenter_DownloadJob_Installing_status.jelly</name>
      <stdout></stdout>
      <stderr></stderr>
      <duration>0.004</duration>
      <timestamp>2012-12-11T10:55:03</timestamp>
      <cases>
        <case>
          <duration>0.004</duration>
          <className>org.jvnet.hudson.test.JellyTestSuiteBuilder$JellyCheck</className>
          <testName>hudson/model/UpdateCenter/DownloadJob/Installing/status.jelly</testName>
          <skipped>false</skipped>
          <failedSince>0</failedSince>
        </case>
      </cases>
    </suite>
    <suite>
      <file>/home/jenkins/slave/workspace/jenkins_main_trunk/test/target/surefire-reports/hudson_model_UpdateCenter_DownloadJob_Pending_status.jelly.366.xml</file>
      <name>hudson_model_UpdateCenter_DownloadJob_Pending_status.jelly</name>
      <stdout></stdout>
      <stderr></stderr>
      <duration>0.002</duration>
      <timestamp>2012-12-11T10:55:03</timestamp>
      <cases>
        <case>
          <duration>0.002</duration>
          <className>org.jvnet.hudson.test.JellyTestSuiteBuilder$JellyCheck</className>
          <testName>hudson/model/UpdateCenter/DownloadJob/Pending/status.jelly</testName>
          <skipped>false</skipped>
          <failedSince>0</failedSince>
        </case>
      </cases>
    </suite>
    <suite>
      <file>/home/jenkins/slave/workspace/jenkins_main_trunk/test/target/surefire-reports/hudson_model_UpdateCenter_DownloadJob_Success_status.jelly.363.xml</file>
      <name>hudson_model_UpdateCenter_DownloadJob_Success_status.jelly</name>
      <stdout></stdout>
      <stderr></stderr>
      <duration>0.002</duration>
      <timestamp>2012-12-11T10:55:03</timestamp>
      <cases>
        <case>
          <duration>0.002</duration>
          <className>org.jvnet.hudson.test.JellyTestSuiteBuilder$JellyCheck</className>
          <testName>hudson/model/UpdateCenter/DownloadJob/Success/status.jelly</testName>
          <skipped>false</skipped>
          <failedSince>0</failedSince>
        </case>
      </cases>
    </suite>
    <suite>
      <file>/home/jenkins/slave/workspace/jenkins_main_trunk/test/target/surefire-reports/hudson_model_UpdateCenter_DownloadJob_row.jelly.367.xml</file>
      <name>hudson_model_UpdateCenter_DownloadJob_row.jelly</name>
      <stdout></stdout>
      <stderr></stderr>
      <duration>0.003</duration>
      <timestamp>2012-12-11T10:55:03</timestamp>
      <cases>
        <case>
          <duration>0.003</duration>
          <className>org.jvnet.hudson.test.JellyTestSuiteBuilder$JellyCheck</className>
          <testName>hudson/model/UpdateCenter/DownloadJob/row.jelly</testName>
          <skipped>false</skipped>
          <failedSince>0</failedSince>
        </case>
      </cases>
    </suite>
    <suite>
      <file>/home/jenkins/slave/workspace/jenkins_main_trunk/test/target/surefire-reports/hudson_model_UpdateCenter_PageDecoratorImpl_footer.jelly.362.xml</file>
      <name>hudson_model_UpdateCenter_PageDecoratorImpl_footer.jelly</name>
      <stdout></stdout>
      <stderr></stderr>
      <duration>0.002</duration>
      <timestamp>2012-12-11T10:55:03</timestamp>
      <cases>
        <case>
          <duration>0.002</duration>
          <className>org.jvnet.hudson.test.JellyTestSuiteBuilder$JellyCheck</className>
          <testName>hudson/model/UpdateCenter/PageDecoratorImpl/footer.jelly</testName>
          <skipped>false</skipped>
          <failedSince>0</failedSince>
        </case>
      </cases>
    </suite>
    <suite>
      <file>/home/jenkins/slave/workspace/jenkins_main_trunk/test/target/surefire-reports/hudson_model_UpdateCenter_RestartJenkinsJob_Canceled_status.jelly.360.xml</file>
      <name>hudson_model_UpdateCenter_RestartJenkinsJob_Canceled_status.jelly</name>
      <stdout></stdout>
      <stderr></stderr>
      <duration>0.002</duration>
      <timestamp>2012-12-11T10:55:03</timestamp>
      <cases>
        <case>
          <duration>0.002</duration>
          <className>org.jvnet.hudson.test.JellyTestSuiteBuilder$JellyCheck</className>
          <testName>hudson/model/UpdateCenter/RestartJenkinsJob/Canceled/status.jelly</testName>
          <skipped>false</skipped>
          <failedSince>0</failedSince>
        </case>
      </cases>
    </suite>
    <suite>
      <file>/home/jenkins/slave/workspace/jenkins_main_trunk/test/target/surefire-reports/hudson_model_UpdateCenter_RestartJenkinsJob_Failure_status.jelly.357.xml</file>
      <name>hudson_model_UpdateCenter_RestartJenkinsJob_Failure_status.jelly</name>
      <stdout></stdout>
      <stderr></stderr>
      <duration>0.002</duration>
      <timestamp>2012-12-11T10:55:03</timestamp>
      <cases>
        <case>
          <duration>0.002</duration>
          <className>org.jvnet.hudson.test.JellyTestSuiteBuilder$JellyCheck</className>
          <testName>hudson/model/UpdateCenter/RestartJenkinsJob/Failure/status.jelly</testName>
          <skipped>false</skipped>
          <failedSince>0</failedSince>
        </case>
      </cases>
    </suite>
    <suite>
      <file>/home/jenkins/slave/workspace/jenkins_main_trunk/test/target/surefire-reports/hudson_model_UpdateCenter_RestartJenkinsJob_Pending_status.jelly.358.xml</file>
      <name>hudson_model_UpdateCenter_RestartJenkinsJob_Pending_status.jelly</name>
      <stdout></stdout>
      <stderr></stderr>
      <duration>0.003</duration>
      <timestamp>2012-12-11T10:55:03</timestamp>
      <cases>
        <case>
          <duration>0.003</duration>
          <className>org.jvnet.hudson.test.JellyTestSuiteBuilder$JellyCheck</className>
          <testName>hudson/model/UpdateCenter/RestartJenkinsJob/Pending/status.jelly</testName>
          <skipped>false</skipped>
          <failedSince>0</failedSince>
        </case>
      </cases>
    </suite>
    <suite>
      <file>/home/jenkins/slave/workspace/jenkins_main_trunk/test/target/surefire-reports/hudson_model_UpdateCenter_RestartJenkinsJob_Running_status.jelly.359.xml</file>
      <name>hudson_model_UpdateCenter_RestartJenkinsJob_Running_status.jelly</name>
      <stdout></stdout>
      <stderr></stderr>
      <duration>0.002</duration>
      <timestamp>2012-12-11T10:55:03</timestamp>
      <cases>
        <case>
          <duration>0.002</duration>
          <className>org.jvnet.hudson.test.JellyTestSuiteBuilder$JellyCheck</className>
          <testName>hudson/model/UpdateCenter/RestartJenkinsJob/Running/status.jelly</testName>
          <skipped>false</skipped>
          <failedSince>0</failedSince>
        </case>
      </cases>
    </suite>
    <suite>
      <file>/home/jenkins/slave/workspace/jenkins_main_trunk/test/target/surefire-reports/hudson_model_UpdateCenter_RestartJenkinsJob_row.jelly.361.xml</file>
      <name>hudson_model_UpdateCenter_RestartJenkinsJob_row.jelly</name>
      <stdout></stdout>
      <stderr></stderr>
      <duration>0.003</duration>
      <timestamp>2012-12-11T10:55:03</timestamp>
      <cases>
        <case>
          <duration>0.003</duration>
          <className>org.jvnet.hudson.test.JellyTestSuiteBuilder$JellyCheck</className>
          <testName>hudson/model/UpdateCenter/RestartJenkinsJob/row.jelly</testName>
          <skipped>false</skipped>
          <failedSince>0</failedSince>
        </case>
      </cases>
    </suite>
    <suite>
      <file>/home/jenkins/slave/workspace/jenkins_main_trunk/test/target/surefire-reports/hudson_model_UpdateCenter__api.jelly.368.xml</file>
      <name>hudson_model_UpdateCenter__api.jelly</name>
      <stdout></stdout>
      <stderr></stderr>
      <duration>0.002</duration>
      <timestamp>2012-12-11T10:55:03</timestamp>
      <cases>
        <case>
          <duration>0.002</duration>
          <className>org.jvnet.hudson.test.JellyTestSuiteBuilder$JellyCheck</className>
          <testName>hudson/model/UpdateCenter/_api.jelly</testName>
          <skipped>false</skipped>
          <failedSince>0</failedSince>
        </case>
      </cases>
    </suite>
    <suite>
      <file>/home/jenkins/slave/workspace/jenkins_main_trunk/test/target/surefire-reports/hudson_model_UpdateCenter_body.jelly.352.xml</file>
      <name>hudson_model_UpdateCenter_body.jelly</name>
      <stdout></stdout>
      <stderr></stderr>
      <duration>0.003</duration>
      <timestamp>2012-12-11T10:55:03</timestamp>
      <cases>
        <case>
          <duration>0.003</duration>
          <className>org.jvnet.hudson.test.JellyTestSuiteBuilder$JellyCheck</className>
          <testName>hudson/model/UpdateCenter/body.jelly</testName>
          <skipped>false</skipped>
          <failedSince>0</failedSince>
        </case>
      </cases>
    </suite>
    <suite>
      <file>/home/jenkins/slave/workspace/jenkins_main_trunk/test/target/surefire-reports/hudson_model_UpdateCenter_index.jelly.356.xml</file>
      <name>hudson_model_UpdateCenter_index.jelly</name>
      <stdout></stdout>
      <stderr></stderr>
      <duration>0.021</duration>
      <timestamp>2012-12-11T10:55:03</timestamp>
      <cases>
        <case>
          <duration>0.021</duration>
          <className>org.jvnet.hudson.test.JellyTestSuiteBuilder$JellyCheck</className>
          <testName>hudson/model/UpdateCenter/index.jelly</testName>
          <skipped>false</skipped>
          <failedSince>0</failedSince>
        </case>
      </cases>
    </suite>
    <suite>
      <file>/home/jenkins/slave/workspace/jenkins_main_trunk/test/target/surefire-reports/hudson_model_UpdateCenter_sidepanel.jelly.354.xml</file>
      <name>hudson_model_UpdateCenter_sidepanel.jelly</name>
      <stdout></stdout>
      <stderr></stderr>
      <duration>0.011</duration>
      <timestamp>2012-12-11T10:55:03</timestamp>
      <cases>
        <case>
          <duration>0.011</duration>
          <className>org.jvnet.hudson.test.JellyTestSuiteBuilder$JellyCheck</className>
          <testName>hudson/model/UpdateCenter/sidepanel.jelly</testName>
          <skipped>false</skipped>
          <failedSince>0</failedSince>
        </case>
      </cases>
    </suite>
    <suite>
      <file>/home/jenkins/slave/workspace/jenkins_main_trunk/test/target/surefire-reports/hudson_model_UpdateSite__api.jelly.405.xml</file>
      <name>hudson_model_UpdateSite__api.jelly</name>
      <stdout></stdout>
      <stderr></stderr>
      <duration>0.002</duration>
      <timestamp>2012-12-11T10:55:04</timestamp>
      <cases>
        <case>
          <duration>0.002</duration>
          <className>org.jvnet.hudson.test.JellyTestSuiteBuilder$JellyCheck</className>
          <testName>hudson/model/UpdateSite/_api.jelly</testName>
          <skipped>false</skipped>
          <failedSince>0</failedSince>
        </case>
      </cases>
    </suite>
    <suite>
      <file>/home/jenkins/slave/workspace/jenkins_main_trunk/test/target/surefire-reports/hudson_model_UsageStatistics_footer.jelly.428.xml</file>
      <name>hudson_model_UsageStatistics_footer.jelly</name>
      <stdout></stdout>
      <stderr></stderr>
      <duration>0.003</duration>
      <timestamp>2012-12-11T10:55:05</timestamp>
      <cases>
        <case>
          <duration>0.003</duration>
          <className>org.jvnet.hudson.test.JellyTestSuiteBuilder$JellyCheck</className>
          <testName>hudson/model/UsageStatistics/footer.jelly</testName>
          <skipped>false</skipped>
          <failedSince>0</failedSince>
        </case>
      </cases>
    </suite>
    <suite>
      <file>/home/jenkins/slave/workspace/jenkins_main_trunk/test/target/surefire-reports/hudson_model_User_builds.jelly.410.xml</file>
      <name>hudson_model_User_builds.jelly</name>
      <stdout></stdout>
      <stderr></stderr>
      <duration>0.027</duration>
      <timestamp>2012-12-11T10:55:04</timestamp>
      <cases>
        <case>
          <duration>0.027</duration>
          <className>org.jvnet.hudson.test.JellyTestSuiteBuilder$JellyCheck</className>
          <testName>hudson/model/User/builds.jelly</testName>
          <skipped>false</skipped>
          <failedSince>0</failedSince>
        </case>
      </cases>
    </suite>
    <suite>
      <file>/home/jenkins/slave/workspace/jenkins_main_trunk/test/target/surefire-reports/hudson_model_User_configure.jelly.408.xml</file>
      <name>hudson_model_User_configure.jelly</name>
      <stdout></stdout>
      <stderr></stderr>
      <duration>0.038</duration>
      <timestamp>2012-12-11T10:55:04</timestamp>
      <cases>
        <case>
          <duration>0.038</duration>
          <className>org.jvnet.hudson.test.JellyTestSuiteBuilder$JellyCheck</className>
          <testName>hudson/model/User/configure.jelly</testName>
          <skipped>false</skipped>
          <failedSince>0</failedSince>
        </case>
      </cases>
    </suite>
    <suite>
      <file>/home/jenkins/slave/workspace/jenkins_main_trunk/test/target/surefire-reports/hudson_model_User_delete.jelly.412.xml</file>
      <name>hudson_model_User_delete.jelly</name>
      <stdout></stdout>
      <stderr></stderr>
      <duration>0.024</duration>
      <timestamp>2012-12-11T10:55:04</timestamp>
      <cases>
        <case>
          <duration>0.024</duration>
          <className>org.jvnet.hudson.test.JellyTestSuiteBuilder$JellyCheck</className>
          <testName>hudson/model/User/delete.jelly</testName>
          <skipped>false</skipped>
          <failedSince>0</failedSince>
        </case>
      </cases>
    </suite>
    <suite>
      <file>/home/jenkins/slave/workspace/jenkins_main_trunk/test/target/surefire-reports/hudson_model_User_index.jelly.411.xml</file>
      <name>hudson_model_User_index.jelly</name>
      <stdout></stdout>
      <stderr></stderr>
      <duration>0.023</duration>
      <timestamp>2012-12-11T10:55:04</timestamp>
      <cases>
        <case>
          <duration>0.023</duration>
          <className>org.jvnet.hudson.test.JellyTestSuiteBuilder$JellyCheck</className>
          <testName>hudson/model/User/index.jelly</testName>
          <skipped>false</skipped>
          <failedSince>0</failedSince>
        </case>
      </cases>
    </suite>
    <suite>
      <file>/home/jenkins/slave/workspace/jenkins_main_trunk/test/target/surefire-reports/hudson_model_User_sidepanel.jelly.409.xml</file>
      <name>hudson_model_User_sidepanel.jelly</name>
      <stdout></stdout>
      <stderr></stderr>
      <duration>0.022</duration>
      <timestamp>2012-12-11T10:55:04</timestamp>
      <cases>
        <case>
          <duration>0.022</duration>
          <className>org.jvnet.hudson.test.JellyTestSuiteBuilder$JellyCheck</className>
          <testName>hudson/model/User/sidepanel.jelly</testName>
          <skipped>false</skipped>
          <failedSince>0</failedSince>
        </case>
      </cases>
    </suite>
    <suite>
      <file>/home/jenkins/slave/workspace/jenkins_main_trunk/test/target/surefire-reports/hudson_model_ViewDescriptor_newInstanceDetail.jelly.407.xml</file>
      <name>hudson_model_ViewDescriptor_newInstanceDetail.jelly</name>
      <stdout></stdout>
      <stderr></stderr>
      <duration>0.002</duration>
      <timestamp>2012-12-11T10:55:04</timestamp>
      <cases>
        <case>
          <duration>0.002</duration>
          <className>org.jvnet.hudson.test.JellyTestSuiteBuilder$JellyCheck</className>
          <testName>hudson/model/ViewDescriptor/newInstanceDetail.jelly</testName>
          <skipped>false</skipped>
          <failedSince>0</failedSince>
        </case>
      </cases>
    </suite>
    <suite>
      <file>/home/jenkins/slave/workspace/jenkins_main_trunk/test/target/surefire-reports/hudson_model_View_AsynchPeople_index.jelly.379.xml</file>
      <name>hudson_model_View_AsynchPeople_index.jelly</name>
      <stdout></stdout>
      <stderr></stderr>
      <duration>0.026</duration>
      <timestamp>2012-12-11T10:55:04</timestamp>
      <cases>
        <case>
          <duration>0.026</duration>
          <className>org.jvnet.hudson.test.JellyTestSuiteBuilder$JellyCheck</className>
          <testName>hudson/model/View/AsynchPeople/index.jelly</testName>
          <skipped>false</skipped>
          <failedSince>0</failedSince>
        </case>
      </cases>
    </suite>
    <suite>
      <file>/home/jenkins/slave/workspace/jenkins_main_trunk/test/target/surefire-reports/hudson_model_View_People_index.jelly.381.xml</file>
      <name>hudson_model_View_People_index.jelly</name>
      <stdout></stdout>
      <stderr></stderr>
      <duration>0.022</duration>
      <timestamp>2012-12-11T10:55:04</timestamp>
      <cases>
        <case>
          <duration>0.022</duration>
          <className>org.jvnet.hudson.test.JellyTestSuiteBuilder$JellyCheck</className>
          <testName>hudson/model/View/People/index.jelly</testName>
          <skipped>false</skipped>
          <failedSince>0</failedSince>
        </case>
      </cases>
    </suite>
    <suite>
      <file>/home/jenkins/slave/workspace/jenkins_main_trunk/test/target/surefire-reports/hudson_model_View__api.jelly.390.xml</file>
      <name>hudson_model_View__api.jelly</name>
      <stdout></stdout>
      <stderr></stderr>
      <duration>0.002</duration>
      <timestamp>2012-12-11T10:55:04</timestamp>
      <cases>
        <case>
          <duration>0.002</duration>
          <className>org.jvnet.hudson.test.JellyTestSuiteBuilder$JellyCheck</className>
          <testName>hudson/model/View/_api.jelly</testName>
          <skipped>false</skipped>
          <failedSince>0</failedSince>
        </case>
      </cases>
    </suite>
    <suite>
      <file>/home/jenkins/slave/workspace/jenkins_main_trunk/test/target/surefire-reports/hudson_model_View_ajaxBuildQueue.jelly.385.xml</file>
      <name>hudson_model_View_ajaxBuildQueue.jelly</name>
      <stdout></stdout>
      <stderr></stderr>
      <duration>0.007</duration>
      <timestamp>2012-12-11T10:55:04</timestamp>
      <cases>
        <case>
          <duration>0.007</duration>
          <className>org.jvnet.hudson.test.JellyTestSuiteBuilder$JellyCheck</className>
          <testName>hudson/model/View/ajaxBuildQueue.jelly</testName>
          <skipped>false</skipped>
          <failedSince>0</failedSince>
        </case>
      </cases>
    </suite>
    <suite>
      <file>/home/jenkins/slave/workspace/jenkins_main_trunk/test/target/surefire-reports/hudson_model_View_ajaxExecutors.jelly.380.xml</file>
      <name>hudson_model_View_ajaxExecutors.jelly</name>
      <stdout></stdout>
      <stderr></stderr>
      <duration>0.011</duration>
      <timestamp>2012-12-11T10:55:04</timestamp>
      <cases>
        <case>
          <duration>0.011</duration>
          <className>org.jvnet.hudson.test.JellyTestSuiteBuilder$JellyCheck</className>
          <testName>hudson/model/View/ajaxExecutors.jelly</testName>
          <skipped>false</skipped>
          <failedSince>0</failedSince>
        </case>
      </cases>
    </suite>
    <suite>
      <file>/home/jenkins/slave/workspace/jenkins_main_trunk/test/target/surefire-reports/hudson_model_View_builds.jelly.386.xml</file>
      <name>hudson_model_View_builds.jelly</name>
      <stdout></stdout>
      <stderr></stderr>
      <duration>0.026</duration>
      <timestamp>2012-12-11T10:55:04</timestamp>
      <cases>
        <case>
          <duration>0.026</duration>
          <className>org.jvnet.hudson.test.JellyTestSuiteBuilder$JellyCheck</className>
          <testName>hudson/model/View/builds.jelly</testName>
          <skipped>false</skipped>
          <failedSince>0</failedSince>
        </case>
      </cases>
    </suite>
    <suite>
      <file>/home/jenkins/slave/workspace/jenkins_main_trunk/test/target/surefire-reports/hudson_model_View_cc.xml.jelly.389.xml</file>
      <name>hudson_model_View_cc.xml.jelly</name>
      <stdout></stdout>
      <stderr></stderr>
      <duration>0.003</duration>
      <timestamp>2012-12-11T10:55:04</timestamp>
      <cases>
        <case>
          <duration>0.003</duration>
          <className>org.jvnet.hudson.test.JellyTestSuiteBuilder$JellyCheck</className>
          <testName>hudson/model/View/cc.xml.jelly</testName>
          <skipped>false</skipped>
          <failedSince>0</failedSince>
        </case>
      </cases>
    </suite>
    <suite>
      <file>/home/jenkins/slave/workspace/jenkins_main_trunk/test/target/surefire-reports/hudson_model_View_configure.jelly.378.xml</file>
      <name>hudson_model_View_configure.jelly</name>
      <stdout></stdout>
      <stderr></stderr>
      <duration>0.056</duration>
      <timestamp>2012-12-11T10:55:04</timestamp>
      <cases>
        <case>
          <duration>0.056</duration>
          <className>org.jvnet.hudson.test.JellyTestSuiteBuilder$JellyCheck</className>
          <testName>hudson/model/View/configure.jelly</testName>
          <skipped>false</skipped>
          <failedSince>0</failedSince>
        </case>
      </cases>
    </suite>
    <suite>
      <file>/home/jenkins/slave/workspace/jenkins_main_trunk/test/target/surefire-reports/hudson_model_View_delete.jelly.388.xml</file>
      <name>hudson_model_View_delete.jelly</name>
      <stdout></stdout>
      <stderr></stderr>
      <duration>0.022</duration>
      <timestamp>2012-12-11T10:55:04</timestamp>
      <cases>
        <case>
          <duration>0.022</duration>
          <className>org.jvnet.hudson.test.JellyTestSuiteBuilder$JellyCheck</className>
          <testName>hudson/model/View/delete.jelly</testName>
          <skipped>false</skipped>
          <failedSince>0</failedSince>
        </case>
      </cases>
    </suite>
    <suite>
      <file>/home/jenkins/slave/workspace/jenkins_main_trunk/test/target/surefire-reports/hudson_model_View_index.jelly.387.xml</file>
      <name>hudson_model_View_index.jelly</name>
      <stdout></stdout>
      <stderr></stderr>
      <duration>0.025</duration>
      <timestamp>2012-12-11T10:55:04</timestamp>
      <cases>
        <case>
          <duration>0.025</duration>
          <className>org.jvnet.hudson.test.JellyTestSuiteBuilder$JellyCheck</className>
          <testName>hudson/model/View/index.jelly</testName>
          <skipped>false</skipped>
          <failedSince>0</failedSince>
        </case>
      </cases>
    </suite>
    <suite>
      <file>/home/jenkins/slave/workspace/jenkins_main_trunk/test/target/surefire-reports/hudson_model_View_newJob.jelly.383.xml</file>
      <name>hudson_model_View_newJob.jelly</name>
      <stdout></stdout>
      <stderr></stderr>
      <duration>0.043</duration>
      <timestamp>2012-12-11T10:55:04</timestamp>
      <cases>
        <case>
          <duration>0.043</duration>
          <className>org.jvnet.hudson.test.JellyTestSuiteBuilder$JellyCheck</className>
          <testName>hudson/model/View/newJob.jelly</testName>
          <skipped>false</skipped>
          <failedSince>0</failedSince>
        </case>
      </cases>
    </suite>
    <suite>
      <file>/home/jenkins/slave/workspace/jenkins_main_trunk/test/target/surefire-reports/hudson_model_View_noJob.jelly.382.xml</file>
      <name>hudson_model_View_noJob.jelly</name>
      <stdout></stdout>
      <stderr></stderr>
      <duration>0.002</duration>
      <timestamp>2012-12-11T10:55:04</timestamp>
      <cases>
        <case>
          <duration>0.002</duration>
          <className>org.jvnet.hudson.test.JellyTestSuiteBuilder$JellyCheck</className>
          <testName>hudson/model/View/noJob.jelly</testName>
          <skipped>false</skipped>
          <failedSince>0</failedSince>
        </case>
      </cases>
    </suite>
    <suite>
      <file>/home/jenkins/slave/workspace/jenkins_main_trunk/test/target/surefire-reports/hudson_model_View_sidepanel.jelly.384.xml</file>
      <name>hudson_model_View_sidepanel.jelly</name>
      <stdout></stdout>
      <stderr></stderr>
      <duration>0.035</duration>
      <timestamp>2012-12-11T10:55:04</timestamp>
      <cases>
        <case>
          <duration>0.035</duration>
          <className>org.jvnet.hudson.test.JellyTestSuiteBuilder$JellyCheck</className>
          <testName>hudson/model/View/sidepanel.jelly</testName>
          <skipped>false</skipped>
          <failedSince>0</failedSince>
        </case>
      </cases>
    </suite>
    <suite>
      <file>/home/jenkins/slave/workspace/jenkins_main_trunk/test/target/surefire-reports/hudson_model_labels_LabelAtom_configure.jelly.404.xml</file>
      <name>hudson_model_labels_LabelAtom_configure.jelly</name>
      <stdout></stdout>
      <stderr></stderr>
      <duration>0.038</duration>
      <timestamp>2012-12-11T10:55:04</timestamp>
      <cases>
        <case>
          <duration>0.038</duration>
          <className>org.jvnet.hudson.test.JellyTestSuiteBuilder$JellyCheck</className>
          <testName>hudson/model/labels/LabelAtom/configure.jelly</testName>
          <skipped>false</skipped>
          <failedSince>0</failedSince>
        </case>
      </cases>
    </suite>
    <suite>
      <file>/home/jenkins/slave/workspace/jenkins_main_trunk/test/target/surefire-reports/hudson_model_queue_CauseOfBlockage_BecauseLabelIsBusy_summary.jelly.376.xml</file>
      <name>hudson_model_queue_CauseOfBlockage_BecauseLabelIsBusy_summary.jelly</name>
      <stdout></stdout>
      <stderr></stderr>
      <duration>0.003</duration>
      <timestamp>2012-12-11T10:55:04</timestamp>
      <cases>
        <case>
          <duration>0.003</duration>
          <className>org.jvnet.hudson.test.JellyTestSuiteBuilder$JellyCheck</className>
          <testName>hudson/model/queue/CauseOfBlockage/BecauseLabelIsBusy/summary.jelly</testName>
          <skipped>false</skipped>
          <failedSince>0</failedSince>
        </case>
      </cases>
    </suite>
    <suite>
      <file>/home/jenkins/slave/workspace/jenkins_main_trunk/test/target/surefire-reports/hudson_model_queue_CauseOfBlockage_BecauseLabelIsOffline_summary.jelly.374.xml</file>
      <name>hudson_model_queue_CauseOfBlockage_BecauseLabelIsOffline_summary.jelly</name>
      <stdout></stdout>
      <stderr></stderr>
      <duration>0.002</duration>
      <timestamp>2012-12-11T10:55:03</timestamp>
      <cases>
        <case>
          <duration>0.002</duration>
          <className>org.jvnet.hudson.test.JellyTestSuiteBuilder$JellyCheck</className>
          <testName>hudson/model/queue/CauseOfBlockage/BecauseLabelIsOffline/summary.jelly</testName>
          <skipped>false</skipped>
          <failedSince>0</failedSince>
        </case>
      </cases>
    </suite>
    <suite>
      <file>/home/jenkins/slave/workspace/jenkins_main_trunk/test/target/surefire-reports/hudson_model_queue_CauseOfBlockage_BecauseNodeIsBusy_summary.jelly.375.xml</file>
      <name>hudson_model_queue_CauseOfBlockage_BecauseNodeIsBusy_summary.jelly</name>
      <stdout></stdout>
      <stderr></stderr>
      <duration>0.003</duration>
      <timestamp>2012-12-11T10:55:04</timestamp>
      <cases>
        <case>
          <duration>0.003</duration>
          <className>org.jvnet.hudson.test.JellyTestSuiteBuilder$JellyCheck</className>
          <testName>hudson/model/queue/CauseOfBlockage/BecauseNodeIsBusy/summary.jelly</testName>
          <skipped>false</skipped>
          <failedSince>0</failedSince>
        </case>
      </cases>
    </suite>
    <suite>
      <file>/home/jenkins/slave/workspace/jenkins_main_trunk/test/target/surefire-reports/hudson_model_queue_CauseOfBlockage_BecauseNodeIsOffline_summary.jelly.373.xml</file>
      <name>hudson_model_queue_CauseOfBlockage_BecauseNodeIsOffline_summary.jelly</name>
      <stdout></stdout>
      <stderr></stderr>
      <duration>0.003</duration>
      <timestamp>2012-12-11T10:55:03</timestamp>
      <cases>
        <case>
          <duration>0.003</duration>
          <className>org.jvnet.hudson.test.JellyTestSuiteBuilder$JellyCheck</className>
          <testName>hudson/model/queue/CauseOfBlockage/BecauseNodeIsOffline/summary.jelly</testName>
          <skipped>false</skipped>
          <failedSince>0</failedSince>
        </case>
      </cases>
    </suite>
    <suite>
      <file>/home/jenkins/slave/workspace/jenkins_main_trunk/test/target/surefire-reports/hudson_model_queue_CauseOfBlockage_summary.jelly.372.xml</file>
      <name>hudson_model_queue_CauseOfBlockage_summary.jelly</name>
      <stdout></stdout>
      <stderr></stderr>
      <duration>0.003</duration>
      <timestamp>2012-12-11T10:55:03</timestamp>
      <cases>
        <case>
          <duration>0.003</duration>
          <className>org.jvnet.hudson.test.JellyTestSuiteBuilder$JellyCheck</className>
          <testName>hudson/model/queue/CauseOfBlockage/summary.jelly</testName>
          <skipped>false</skipped>
          <failedSince>0</failedSince>
        </case>
      </cases>
    </suite>
    <suite>
      <file>/home/jenkins/slave/workspace/jenkins_main_trunk/test/target/surefire-reports/hudson_node_monitors_AbstractDiskSpaceMonitor_config.jelly.486.xml</file>
      <name>hudson_node_monitors_AbstractDiskSpaceMonitor_config.jelly</name>
      <stdout></stdout>
      <stderr></stderr>
      <duration>0.012</duration>
      <timestamp>2012-12-11T10:55:05</timestamp>
      <cases>
        <case>
          <duration>0.012</duration>
          <className>org.jvnet.hudson.test.JellyTestSuiteBuilder$JellyCheck</className>
          <testName>hudson/node_monitors/AbstractDiskSpaceMonitor/config.jelly</testName>
          <skipped>false</skipped>
          <failedSince>0</failedSince>
        </case>
      </cases>
    </suite>
    <suite>
      <file>/home/jenkins/slave/workspace/jenkins_main_trunk/test/target/surefire-reports/hudson_node_monitors_ArchitectureMonitor_column.jelly.482.xml</file>
      <name>hudson_node_monitors_ArchitectureMonitor_column.jelly</name>
      <stdout></stdout>
      <stderr></stderr>
      <duration>0.003</duration>
      <timestamp>2012-12-11T10:55:05</timestamp>
      <cases>
        <case>
          <duration>0.003</duration>
          <className>org.jvnet.hudson.test.JellyTestSuiteBuilder$JellyCheck</className>
          <testName>hudson/node_monitors/ArchitectureMonitor/column.jelly</testName>
          <skipped>false</skipped>
          <failedSince>0</failedSince>
        </case>
      </cases>
    </suite>
    <suite>
      <file>/home/jenkins/slave/workspace/jenkins_main_trunk/test/target/surefire-reports/hudson_node_monitors_ClockMonitor_column.jelly.481.xml</file>
      <name>hudson_node_monitors_ClockMonitor_column.jelly</name>
      <stdout></stdout>
      <stderr></stderr>
      <duration>0.002</duration>
      <timestamp>2012-12-11T10:55:05</timestamp>
      <cases>
        <case>
          <duration>0.002</duration>
          <className>org.jvnet.hudson.test.JellyTestSuiteBuilder$JellyCheck</className>
          <testName>hudson/node_monitors/ClockMonitor/column.jelly</testName>
          <skipped>false</skipped>
          <failedSince>0</failedSince>
        </case>
      </cases>
    </suite>
    <suite>
      <file>/home/jenkins/slave/workspace/jenkins_main_trunk/test/target/surefire-reports/hudson_node_monitors_DiskSpaceMonitorDescriptor_DiskSpace_cause.jelly.485.xml</file>
      <name>hudson_node_monitors_DiskSpaceMonitorDescriptor_DiskSpace_cause.jelly</name>
      <stdout></stdout>
      <stderr></stderr>
      <duration>0.002</duration>
      <timestamp>2012-12-11T10:55:05</timestamp>
      <cases>
        <case>
          <duration>0.002</duration>
          <className>org.jvnet.hudson.test.JellyTestSuiteBuilder$JellyCheck</className>
          <testName>hudson/node_monitors/DiskSpaceMonitorDescriptor/DiskSpace/cause.jelly</testName>
          <skipped>false</skipped>
          <failedSince>0</failedSince>
        </case>
      </cases>
    </suite>
    <suite>
      <file>/home/jenkins/slave/workspace/jenkins_main_trunk/test/target/surefire-reports/hudson_node_monitors_DiskSpaceMonitor_column.jelly.483.xml</file>
      <name>hudson_node_monitors_DiskSpaceMonitor_column.jelly</name>
      <stdout></stdout>
      <stderr></stderr>
      <duration>0.002</duration>
      <timestamp>2012-12-11T10:55:05</timestamp>
      <cases>
        <case>
          <duration>0.002</duration>
          <className>org.jvnet.hudson.test.JellyTestSuiteBuilder$JellyCheck</className>
          <testName>hudson/node_monitors/DiskSpaceMonitor/column.jelly</testName>
          <skipped>false</skipped>
          <failedSince>0</failedSince>
        </case>
      </cases>
    </suite>
    <suite>
      <file>/home/jenkins/slave/workspace/jenkins_main_trunk/test/target/surefire-reports/hudson_node_monitors_MonitorMarkedNodeOffline_message.jelly.489.xml</file>
      <name>hudson_node_monitors_MonitorMarkedNodeOffline_message.jelly</name>
      <stdout></stdout>
      <stderr></stderr>
      <duration>0.003</duration>
      <timestamp>2012-12-11T10:55:05</timestamp>
      <cases>
        <case>
          <duration>0.003</duration>
          <className>org.jvnet.hudson.test.JellyTestSuiteBuilder$JellyCheck</className>
          <testName>hudson/node_monitors/MonitorMarkedNodeOffline/message.jelly</testName>
          <skipped>false</skipped>
          <failedSince>0</failedSince>
        </case>
      </cases>
    </suite>
    <suite>
      <file>/home/jenkins/slave/workspace/jenkins_main_trunk/test/target/surefire-reports/hudson_node_monitors_ResponseTimeMonitor_Data_cause.jelly.487.xml</file>
      <name>hudson_node_monitors_ResponseTimeMonitor_Data_cause.jelly</name>
      <stdout></stdout>
      <stderr></stderr>
      <duration>0.003</duration>
      <timestamp>2012-12-11T10:55:05</timestamp>
      <cases>
        <case>
          <duration>0.003</duration>
          <className>org.jvnet.hudson.test.JellyTestSuiteBuilder$JellyCheck</className>
          <testName>hudson/node_monitors/ResponseTimeMonitor/Data/cause.jelly</testName>
          <skipped>false</skipped>
          <failedSince>0</failedSince>
        </case>
      </cases>
    </suite>
    <suite>
      <file>/home/jenkins/slave/workspace/jenkins_main_trunk/test/target/surefire-reports/hudson_node_monitors_ResponseTimeMonitor_column.jelly.488.xml</file>
      <name>hudson_node_monitors_ResponseTimeMonitor_column.jelly</name>
      <stdout></stdout>
      <stderr></stderr>
      <duration>0.003</duration>
      <timestamp>2012-12-11T10:55:05</timestamp>
      <cases>
        <case>
          <duration>0.003</duration>
          <className>org.jvnet.hudson.test.JellyTestSuiteBuilder$JellyCheck</className>
          <testName>hudson/node_monitors/ResponseTimeMonitor/column.jelly</testName>
          <skipped>false</skipped>
          <failedSince>0</failedSince>
        </case>
      </cases>
    </suite>
    <suite>
      <file>/home/jenkins/slave/workspace/jenkins_main_trunk/test/target/surefire-reports/hudson_node_monitors_SwapSpaceMonitor_column.jelly.484.xml</file>
      <name>hudson_node_monitors_SwapSpaceMonitor_column.jelly</name>
      <stdout></stdout>
      <stderr></stderr>
      <duration>0.004</duration>
      <timestamp>2012-12-11T10:55:05</timestamp>
      <cases>
        <case>
          <duration>0.004</duration>
          <className>org.jvnet.hudson.test.JellyTestSuiteBuilder$JellyCheck</className>
          <testName>hudson/node_monitors/SwapSpaceMonitor/column.jelly</testName>
          <skipped>false</skipped>
          <failedSince>0</failedSince>
        </case>
      </cases>
    </suite>
    <suite>
      <file>/home/jenkins/slave/workspace/jenkins_main_trunk/test/target/surefire-reports/hudson_node_monitors_TemporarySpaceMonitor_column.jelly.490.xml</file>
      <name>hudson_node_monitors_TemporarySpaceMonitor_column.jelly</name>
      <stdout></stdout>
      <stderr></stderr>
      <duration>0.002</duration>
      <timestamp>2012-12-11T10:55:05</timestamp>
      <cases>
        <case>
          <duration>0.002</duration>
          <className>org.jvnet.hudson.test.JellyTestSuiteBuilder$JellyCheck</className>
          <testName>hudson/node_monitors/TemporarySpaceMonitor/column.jelly</testName>
          <skipped>false</skipped>
          <failedSince>0</failedSince>
        </case>
      </cases>
    </suite>
    <suite>
      <file>/home/jenkins/slave/workspace/jenkins_main_trunk/test/target/surefire-reports/hudson_os_solaris_ZFSInstaller_MigrationCompleteNotice_message.jelly.207.xml</file>
      <name>hudson_os_solaris_ZFSInstaller_MigrationCompleteNotice_message.jelly</name>
      <stdout></stdout>
      <stderr></stderr>
      <duration>0.004</duration>
      <timestamp>2012-12-11T10:55:00</timestamp>
      <cases>
        <case>
          <duration>0.004</duration>
          <className>org.jvnet.hudson.test.JellyTestSuiteBuilder$JellyCheck</className>
          <testName>hudson/os/solaris/ZFSInstaller/MigrationCompleteNotice/message.jelly</testName>
          <skipped>false</skipped>
          <failedSince>0</failedSince>
        </case>
      </cases>
    </suite>
    <suite>
      <file>/home/jenkins/slave/workspace/jenkins_main_trunk/test/target/surefire-reports/hudson_os_solaris_ZFSInstaller_MigrationFailedNotice_index.jelly.205.xml</file>
      <name>hudson_os_solaris_ZFSInstaller_MigrationFailedNotice_index.jelly</name>
      <stdout></stdout>
      <stderr></stderr>
      <duration>0.024</duration>
      <timestamp>2012-12-11T10:55:00</timestamp>
      <cases>
        <case>
          <duration>0.024</duration>
          <className>org.jvnet.hudson.test.JellyTestSuiteBuilder$JellyCheck</className>
          <testName>hudson/os/solaris/ZFSInstaller/MigrationFailedNotice/index.jelly</testName>
          <skipped>false</skipped>
          <failedSince>0</failedSince>
        </case>
      </cases>
    </suite>
    <suite>
      <file>/home/jenkins/slave/workspace/jenkins_main_trunk/test/target/surefire-reports/hudson_os_solaris_ZFSInstaller_MigrationFailedNotice_message.jelly.206.xml</file>
      <name>hudson_os_solaris_ZFSInstaller_MigrationFailedNotice_message.jelly</name>
      <stdout></stdout>
      <stderr></stderr>
      <duration>0.003</duration>
      <timestamp>2012-12-11T10:55:00</timestamp>
      <cases>
        <case>
          <duration>0.003</duration>
          <className>org.jvnet.hudson.test.JellyTestSuiteBuilder$JellyCheck</className>
          <testName>hudson/os/solaris/ZFSInstaller/MigrationFailedNotice/message.jelly</testName>
          <skipped>false</skipped>
          <failedSince>0</failedSince>
        </case>
      </cases>
    </suite>
    <suite>
      <file>/home/jenkins/slave/workspace/jenkins_main_trunk/test/target/surefire-reports/hudson_os_solaris_ZFSInstaller_askRootPassword.jelly.209.xml</file>
      <name>hudson_os_solaris_ZFSInstaller_askRootPassword.jelly</name>
      <stdout></stdout>
      <stderr></stderr>
      <duration>0.044</duration>
      <timestamp>2012-12-11T10:55:00</timestamp>
      <cases>
        <case>
          <duration>0.044</duration>
          <className>org.jvnet.hudson.test.JellyTestSuiteBuilder$JellyCheck</className>
          <testName>hudson/os/solaris/ZFSInstaller/askRootPassword.jelly</testName>
          <skipped>false</skipped>
          <failedSince>0</failedSince>
        </case>
      </cases>
    </suite>
    <suite>
      <file>/home/jenkins/slave/workspace/jenkins_main_trunk/test/target/surefire-reports/hudson_os_solaris_ZFSInstaller_confirm.jelly.204.xml</file>
      <name>hudson_os_solaris_ZFSInstaller_confirm.jelly</name>
      <stdout></stdout>
      <stderr></stderr>
      <duration>0.041</duration>
      <timestamp>2012-12-11T10:55:00</timestamp>
      <cases>
        <case>
          <duration>0.041</duration>
          <className>org.jvnet.hudson.test.JellyTestSuiteBuilder$JellyCheck</className>
          <testName>hudson/os/solaris/ZFSInstaller/confirm.jelly</testName>
          <skipped>false</skipped>
          <failedSince>0</failedSince>
        </case>
      </cases>
    </suite>
    <suite>
      <file>/home/jenkins/slave/workspace/jenkins_main_trunk/test/target/surefire-reports/hudson_os_solaris_ZFSInstaller_message.jelly.208.xml</file>
      <name>hudson_os_solaris_ZFSInstaller_message.jelly</name>
      <stdout></stdout>
      <stderr></stderr>
      <duration>0.004</duration>
      <timestamp>2012-12-11T10:55:00</timestamp>
      <cases>
        <case>
          <duration>0.004</duration>
          <className>org.jvnet.hudson.test.JellyTestSuiteBuilder$JellyCheck</className>
          <testName>hudson/os/solaris/ZFSInstaller/message.jelly</testName>
          <skipped>false</skipped>
          <failedSince>0</failedSince>
        </case>
      </cases>
    </suite>
    <suite>
      <file>/home/jenkins/slave/workspace/jenkins_main_trunk/test/target/surefire-reports/hudson_os_windows_ManagedWindowsServiceConnector_config.jelly.203.xml</file>
      <name>hudson_os_windows_ManagedWindowsServiceConnector_config.jelly</name>
      <stdout></stdout>
      <stderr></stderr>
      <duration>0.019</duration>
      <timestamp>2012-12-11T10:55:00</timestamp>
      <cases>
        <case>
          <duration>0.019</duration>
          <className>org.jvnet.hudson.test.JellyTestSuiteBuilder$JellyCheck</className>
          <testName>hudson/os/windows/ManagedWindowsServiceConnector/config.jelly</testName>
          <skipped>false</skipped>
          <failedSince>0</failedSince>
        </case>
      </cases>
    </suite>
    <suite>
      <file>/home/jenkins/slave/workspace/jenkins_main_trunk/test/target/surefire-reports/hudson_os_windows_ManagedWindowsServiceLauncher_config.jelly.201.xml</file>
      <name>hudson_os_windows_ManagedWindowsServiceLauncher_config.jelly</name>
      <stdout></stdout>
      <stderr></stderr>
      <duration>0.048</duration>
      <timestamp>2012-12-11T10:55:00</timestamp>
      <cases>
        <case>
          <duration>0.048</duration>
          <className>org.jvnet.hudson.test.JellyTestSuiteBuilder$JellyCheck</className>
          <testName>hudson/os/windows/ManagedWindowsServiceLauncher/config.jelly</testName>
          <skipped>false</skipped>
          <failedSince>0</failedSince>
        </case>
      </cases>
    </suite>
    <suite>
      <file>/home/jenkins/slave/workspace/jenkins_main_trunk/test/target/surefire-reports/hudson_os_windows_ManagedWindowsServiceLauncher_help.jelly.202.xml</file>
      <name>hudson_os_windows_ManagedWindowsServiceLauncher_help.jelly</name>
      <stdout></stdout>
      <stderr></stderr>
      <duration>0.003</duration>
      <timestamp>2012-12-11T10:55:00</timestamp>
      <cases>
        <case>
          <duration>0.003</duration>
          <className>org.jvnet.hudson.test.JellyTestSuiteBuilder$JellyCheck</className>
          <testName>hudson/os/windows/ManagedWindowsServiceLauncher/help.jelly</testName>
          <skipped>false</skipped>
          <failedSince>0</failedSince>
        </case>
      </cases>
    </suite>
    <suite>
      <file>/home/jenkins/slave/workspace/jenkins_main_trunk/test/target/surefire-reports/hudson_rss20.jelly.492.xml</file>
      <name>hudson_rss20.jelly</name>
      <stdout></stdout>
      <stderr></stderr>
      <duration>0.003</duration>
      <timestamp>2012-12-11T10:55:05</timestamp>
      <cases>
        <case>
          <duration>0.003</duration>
          <className>org.jvnet.hudson.test.JellyTestSuiteBuilder$JellyCheck</className>
          <testName>hudson/rss20.jelly</testName>
          <skipped>false</skipped>
          <failedSince>0</failedSince>
        </case>
      </cases>
    </suite>
    <suite>
      <file>/home/jenkins/slave/workspace/jenkins_main_trunk/test/target/surefire-reports/hudson_scm_AbstractScmTagAction_badge.jelly.531.xml</file>
      <name>hudson_scm_AbstractScmTagAction_badge.jelly</name>
      <stdout></stdout>
      <stderr></stderr>
      <duration>0.002</duration>
      <timestamp>2012-12-11T10:55:06</timestamp>
      <cases>
        <case>
          <duration>0.002</duration>
          <className>org.jvnet.hudson.test.JellyTestSuiteBuilder$JellyCheck</className>
          <testName>hudson/scm/AbstractScmTagAction/badge.jelly</testName>
          <skipped>false</skipped>
          <failedSince>0</failedSince>
        </case>
      </cases>
    </suite>
    <suite>
      <file>/home/jenkins/slave/workspace/jenkins_main_trunk/test/target/surefire-reports/hudson_scm_AbstractScmTagAction_inProgress.jelly.532.xml</file>
      <name>hudson_scm_AbstractScmTagAction_inProgress.jelly</name>
      <stdout></stdout>
      <stderr></stderr>
      <duration>0.021</duration>
      <timestamp>2012-12-11T10:55:06</timestamp>
      <cases>
        <case>
          <duration>0.021</duration>
          <className>org.jvnet.hudson.test.JellyTestSuiteBuilder$JellyCheck</className>
          <testName>hudson/scm/AbstractScmTagAction/inProgress.jelly</testName>
          <skipped>false</skipped>
          <failedSince>0</failedSince>
        </case>
      </cases>
    </suite>
    <suite>
      <file>/home/jenkins/slave/workspace/jenkins_main_trunk/test/target/surefire-reports/hudson_scm_EmptyChangeLogSet_digest.jelly.530.xml</file>
      <name>hudson_scm_EmptyChangeLogSet_digest.jelly</name>
      <stdout></stdout>
      <stderr></stderr>
      <duration>0.003</duration>
      <timestamp>2012-12-11T10:55:06</timestamp>
      <cases>
        <case>
          <duration>0.003</duration>
          <className>org.jvnet.hudson.test.JellyTestSuiteBuilder$JellyCheck</className>
          <testName>hudson/scm/EmptyChangeLogSet/digest.jelly</testName>
          <skipped>false</skipped>
          <failedSince>0</failedSince>
        </case>
      </cases>
    </suite>
    <suite>
      <file>/home/jenkins/slave/workspace/jenkins_main_trunk/test/target/surefire-reports/hudson_scm_EmptyChangeLogSet_index.jelly.529.xml</file>
      <name>hudson_scm_EmptyChangeLogSet_index.jelly</name>
      <stdout></stdout>
      <stderr></stderr>
      <duration>0.003</duration>
      <timestamp>2012-12-11T10:55:06</timestamp>
      <cases>
        <case>
          <duration>0.003</duration>
          <className>org.jvnet.hudson.test.JellyTestSuiteBuilder$JellyCheck</className>
          <testName>hudson/scm/EmptyChangeLogSet/index.jelly</testName>
          <skipped>false</skipped>
          <failedSince>0</failedSince>
        </case>
      </cases>
    </suite>
    <suite>
      <file>/home/jenkins/slave/workspace/jenkins_main_trunk/test/target/surefire-reports/hudson_scm_NullSCM_config.jelly.528.xml</file>
      <name>hudson_scm_NullSCM_config.jelly</name>
      <stdout></stdout>
      <stderr></stderr>
      <duration>0.003</duration>
      <timestamp>2012-12-11T10:55:06</timestamp>
      <cases>
        <case>
          <duration>0.003</duration>
          <className>org.jvnet.hudson.test.JellyTestSuiteBuilder$JellyCheck</className>
          <testName>hudson/scm/NullSCM/config.jelly</testName>
          <skipped>false</skipped>
          <failedSince>0</failedSince>
        </case>
      </cases>
    </suite>
    <suite>
      <file>/home/jenkins/slave/workspace/jenkins_main_trunk/test/target/surefire-reports/hudson_scm_SCM_project_changes.jelly.527.xml</file>
      <name>hudson_scm_SCM_project-changes.jelly</name>
      <stdout></stdout>
      <stderr></stderr>
      <duration>0.004</duration>
      <timestamp>2012-12-11T10:55:06</timestamp>
      <cases>
        <case>
          <duration>0.004</duration>
          <className>org.jvnet.hudson.test.JellyTestSuiteBuilder$JellyCheck</className>
          <testName>hudson/scm/SCM/project-changes.jelly</testName>
          <skipped>false</skipped>
          <failedSince>0</failedSince>
        </case>
      </cases>
    </suite>
    <suite>
      <file>/home/jenkins/slave/workspace/jenkins_main_trunk/test/target/surefire-reports/hudson_search_Search_search_failed.jelly.211.xml</file>
      <name>hudson_search_Search_search-failed.jelly</name>
      <stdout></stdout>
      <stderr></stderr>
      <duration>0.028</duration>
      <timestamp>2012-12-11T10:55:00</timestamp>
      <cases>
        <case>
          <duration>0.028</duration>
          <className>org.jvnet.hudson.test.JellyTestSuiteBuilder$JellyCheck</className>
          <testName>hudson/search/Search/search-failed.jelly</testName>
          <skipped>false</skipped>
          <failedSince>0</failedSince>
        </case>
      </cases>
    </suite>
    <suite>
      <file>/home/jenkins/slave/workspace/jenkins_main_trunk/test/target/surefire-reports/hudson_search_UserSearchProperty_config.jelly.210.xml</file>
      <name>hudson_search_UserSearchProperty_config.jelly</name>
      <stdout></stdout>
      <stderr></stderr>
      <duration>0.01</duration>
      <timestamp>2012-12-11T10:55:00</timestamp>
      <cases>
        <case>
          <duration>0.01</duration>
          <className>org.jvnet.hudson.test.JellyTestSuiteBuilder$JellyCheck</className>
          <testName>hudson/search/UserSearchProperty/config.jelly</testName>
          <skipped>false</skipped>
          <failedSince>0</failedSince>
        </case>
      </cases>
    </suite>
    <suite>
      <file>/home/jenkins/slave/workspace/jenkins_main_trunk/test/target/surefire-reports/hudson_security_AuthorizationMatrixProperty_config.jelly.212.xml</file>
      <name>hudson_security_AuthorizationMatrixProperty_config.jelly</name>
      <stdout></stdout>
      <stderr></stderr>
      <duration>0.011</duration>
      <timestamp>2012-12-11T10:55:00</timestamp>
      <cases>
        <case>
          <duration>0.011</duration>
          <className>org.jvnet.hudson.test.JellyTestSuiteBuilder$JellyCheck</className>
          <testName>hudson/security/AuthorizationMatrixProperty/config.jelly</testName>
          <skipped>false</skipped>
          <failedSince>0</failedSince>
        </case>
      </cases>
    </suite>
    <suite>
      <file>/home/jenkins/slave/workspace/jenkins_main_trunk/test/target/surefire-reports/hudson_security_GlobalMatrixAuthorizationStrategy_config.jelly.226.xml</file>
      <name>hudson_security_GlobalMatrixAuthorizationStrategy_config.jelly</name>
      <stdout></stdout>
      <stderr></stderr>
      <duration>0.013</duration>
      <timestamp>2012-12-11T10:55:00</timestamp>
      <cases>
        <case>
          <duration>0.013</duration>
          <className>org.jvnet.hudson.test.JellyTestSuiteBuilder$JellyCheck</className>
          <testName>hudson/security/GlobalMatrixAuthorizationStrategy/config.jelly</testName>
          <skipped>false</skipped>
          <failedSince>0</failedSince>
        </case>
      </cases>
    </suite>
    <suite>
      <file>/home/jenkins/slave/workspace/jenkins_main_trunk/test/target/surefire-reports/hudson_security_HudsonPrivateSecurityRealm_Details_config.jelly.220.xml</file>
      <name>hudson_security_HudsonPrivateSecurityRealm_Details_config.jelly</name>
      <stdout></stdout>
      <stderr></stderr>
      <duration>0.011</duration>
      <timestamp>2012-12-11T10:55:00</timestamp>
      <cases>
        <case>
          <duration>0.011</duration>
          <className>org.jvnet.hudson.test.JellyTestSuiteBuilder$JellyCheck</className>
          <testName>hudson/security/HudsonPrivateSecurityRealm/Details/config.jelly</testName>
          <skipped>false</skipped>
          <failedSince>0</failedSince>
        </case>
      </cases>
    </suite>
    <suite>
      <file>/home/jenkins/slave/workspace/jenkins_main_trunk/test/target/surefire-reports/hudson_security_HudsonPrivateSecurityRealm__entryForm.jelly.225.xml</file>
      <name>hudson_security_HudsonPrivateSecurityRealm__entryForm.jelly</name>
      <stdout></stdout>
      <stderr></stderr>
      <duration>0.026</duration>
      <timestamp>2012-12-11T10:55:00</timestamp>
      <cases>
        <case>
          <duration>0.026</duration>
          <className>org.jvnet.hudson.test.JellyTestSuiteBuilder$JellyCheck</className>
          <testName>hudson/security/HudsonPrivateSecurityRealm/_entryForm.jelly</testName>
          <skipped>false</skipped>
          <failedSince>0</failedSince>
        </case>
      </cases>
    </suite>
    <suite>
      <file>/home/jenkins/slave/workspace/jenkins_main_trunk/test/target/surefire-reports/hudson_security_HudsonPrivateSecurityRealm_addUser.jelly.224.xml</file>
      <name>hudson_security_HudsonPrivateSecurityRealm_addUser.jelly</name>
      <stdout></stdout>
      <stderr></stderr>
      <duration>0.026</duration>
      <timestamp>2012-12-11T10:55:00</timestamp>
      <cases>
        <case>
          <duration>0.026</duration>
          <className>org.jvnet.hudson.test.JellyTestSuiteBuilder$JellyCheck</className>
          <testName>hudson/security/HudsonPrivateSecurityRealm/addUser.jelly</testName>
          <skipped>false</skipped>
          <failedSince>0</failedSince>
        </case>
      </cases>
    </suite>
    <suite>
      <file>/home/jenkins/slave/workspace/jenkins_main_trunk/test/target/surefire-reports/hudson_security_HudsonPrivateSecurityRealm_config.jelly.215.xml</file>
      <name>hudson_security_HudsonPrivateSecurityRealm_config.jelly</name>
      <stdout></stdout>
      <stderr></stderr>
      <duration>0.022</duration>
      <timestamp>2012-12-11T10:55:00</timestamp>
      <cases>
        <case>
          <duration>0.022</duration>
          <className>org.jvnet.hudson.test.JellyTestSuiteBuilder$JellyCheck</className>
          <testName>hudson/security/HudsonPrivateSecurityRealm/config.jelly</testName>
          <skipped>false</skipped>
          <failedSince>0</failedSince>
        </case>
      </cases>
    </suite>
    <suite>
      <file>/home/jenkins/slave/workspace/jenkins_main_trunk/test/target/surefire-reports/hudson_security_HudsonPrivateSecurityRealm_firstUser.jelly.217.xml</file>
      <name>hudson_security_HudsonPrivateSecurityRealm_firstUser.jelly</name>
      <stdout></stdout>
      <stderr></stderr>
      <duration>0.027</duration>
      <timestamp>2012-12-11T10:55:00</timestamp>
      <cases>
        <case>
          <duration>0.027</duration>
          <className>org.jvnet.hudson.test.JellyTestSuiteBuilder$JellyCheck</className>
          <testName>hudson/security/HudsonPrivateSecurityRealm/firstUser.jelly</testName>
          <skipped>false</skipped>
          <failedSince>0</failedSince>
        </case>
      </cases>
    </suite>
    <suite>
      <file>/home/jenkins/slave/workspace/jenkins_main_trunk/test/target/surefire-reports/hudson_security_HudsonPrivateSecurityRealm_index.jelly.223.xml</file>
      <name>hudson_security_HudsonPrivateSecurityRealm_index.jelly</name>
      <stdout></stdout>
      <stderr></stderr>
      <duration>0.023</duration>
      <timestamp>2012-12-11T10:55:00</timestamp>
      <cases>
        <case>
          <duration>0.023</duration>
          <className>org.jvnet.hudson.test.JellyTestSuiteBuilder$JellyCheck</className>
          <testName>hudson/security/HudsonPrivateSecurityRealm/index.jelly</testName>
          <skipped>false</skipped>
          <failedSince>0</failedSince>
        </case>
      </cases>
    </suite>
    <suite>
      <file>/home/jenkins/slave/workspace/jenkins_main_trunk/test/target/surefire-reports/hudson_security_HudsonPrivateSecurityRealm_loginLink.jelly.219.xml</file>
      <name>hudson_security_HudsonPrivateSecurityRealm_loginLink.jelly</name>
      <stdout></stdout>
      <stderr></stderr>
      <duration>0.002</duration>
      <timestamp>2012-12-11T10:55:00</timestamp>
      <cases>
        <case>
          <duration>0.002</duration>
          <className>org.jvnet.hudson.test.JellyTestSuiteBuilder$JellyCheck</className>
          <testName>hudson/security/HudsonPrivateSecurityRealm/loginLink.jelly</testName>
          <skipped>false</skipped>
          <failedSince>0</failedSince>
        </case>
      </cases>
    </suite>
    <suite>
      <file>/home/jenkins/slave/workspace/jenkins_main_trunk/test/target/surefire-reports/hudson_security_HudsonPrivateSecurityRealm_sidepanel.jelly.221.xml</file>
      <name>hudson_security_HudsonPrivateSecurityRealm_sidepanel.jelly</name>
      <stdout></stdout>
      <stderr></stderr>
      <duration>0.013</duration>
      <timestamp>2012-12-11T10:55:00</timestamp>
      <cases>
        <case>
          <duration>0.013</duration>
          <className>org.jvnet.hudson.test.JellyTestSuiteBuilder$JellyCheck</className>
          <testName>hudson/security/HudsonPrivateSecurityRealm/sidepanel.jelly</testName>
          <skipped>false</skipped>
          <failedSince>0</failedSince>
        </case>
      </cases>
    </suite>
    <suite>
      <file>/home/jenkins/slave/workspace/jenkins_main_trunk/test/target/surefire-reports/hudson_security_HudsonPrivateSecurityRealm_signup.jelly.218.xml</file>
      <name>hudson_security_HudsonPrivateSecurityRealm_signup.jelly</name>
      <stdout></stdout>
      <stderr></stderr>
      <duration>0.026</duration>
      <timestamp>2012-12-11T10:55:00</timestamp>
      <cases>
        <case>
          <duration>0.026</duration>
          <className>org.jvnet.hudson.test.JellyTestSuiteBuilder$JellyCheck</className>
          <testName>hudson/security/HudsonPrivateSecurityRealm/signup.jelly</testName>
          <skipped>false</skipped>
          <failedSince>0</failedSince>
        </case>
      </cases>
    </suite>
    <suite>
      <file>/home/jenkins/slave/workspace/jenkins_main_trunk/test/target/surefire-reports/hudson_security_HudsonPrivateSecurityRealm_success.jelly.216.xml</file>
      <name>hudson_security_HudsonPrivateSecurityRealm_success.jelly</name>
      <stdout></stdout>
      <stderr></stderr>
      <duration>0.023</duration>
      <timestamp>2012-12-11T10:55:00</timestamp>
      <cases>
        <case>
          <duration>0.023</duration>
          <className>org.jvnet.hudson.test.JellyTestSuiteBuilder$JellyCheck</className>
          <testName>hudson/security/HudsonPrivateSecurityRealm/success.jelly</testName>
          <skipped>false</skipped>
          <failedSince>0</failedSince>
        </case>
      </cases>
    </suite>
    <suite>
      <file>/home/jenkins/slave/workspace/jenkins_main_trunk/test/target/surefire-reports/hudson_security_LegacySecurityRealm_config.jelly.231.xml</file>
      <name>hudson_security_LegacySecurityRealm_config.jelly</name>
      <stdout></stdout>
      <stderr></stderr>
      <duration>0.006</duration>
      <timestamp>2012-12-11T10:55:01</timestamp>
      <cases>
        <case>
          <duration>0.006</duration>
          <className>org.jvnet.hudson.test.JellyTestSuiteBuilder$JellyCheck</className>
          <testName>hudson/security/LegacySecurityRealm/config.jelly</testName>
          <skipped>false</skipped>
          <failedSince>0</failedSince>
        </case>
      </cases>
    </suite>
    <suite>
      <file>/home/jenkins/slave/workspace/jenkins_main_trunk/test/target/surefire-reports/hudson_security_SecurityRealm_loginLink.jelly.230.xml</file>
      <name>hudson_security_SecurityRealm_loginLink.jelly</name>
      <stdout></stdout>
      <stderr></stderr>
      <duration>0.005</duration>
      <timestamp>2012-12-11T10:55:01</timestamp>
      <cases>
        <case>
          <duration>0.005</duration>
          <className>org.jvnet.hudson.test.JellyTestSuiteBuilder$JellyCheck</className>
          <testName>hudson/security/SecurityRealm/loginLink.jelly</testName>
          <skipped>false</skipped>
          <failedSince>0</failedSince>
        </case>
      </cases>
    </suite>
    <suite>
      <file>/home/jenkins/slave/workspace/jenkins_main_trunk/test/target/surefire-reports/hudson_security_WhoAmI_index.jelly.229.xml</file>
      <name>hudson_security_WhoAmI_index.jelly</name>
      <stdout></stdout>
      <stderr></stderr>
      <duration>0.024</duration>
      <timestamp>2012-12-11T10:55:01</timestamp>
      <cases>
        <case>
          <duration>0.024</duration>
          <className>org.jvnet.hudson.test.JellyTestSuiteBuilder$JellyCheck</className>
          <testName>hudson/security/WhoAmI/index.jelly</testName>
          <skipped>false</skipped>
          <failedSince>0</failedSince>
        </case>
      </cases>
    </suite>
    <suite>
      <file>/home/jenkins/slave/workspace/jenkins_main_trunk/test/target/surefire-reports/hudson_security_csrf_DefaultCrumbIssuer_config.jelly.214.xml</file>
      <name>hudson_security_csrf_DefaultCrumbIssuer_config.jelly</name>
      <stdout></stdout>
      <stderr></stderr>
      <duration>0.01</duration>
      <timestamp>2012-12-11T10:55:00</timestamp>
      <cases>
        <case>
          <duration>0.01</duration>
          <className>org.jvnet.hudson.test.JellyTestSuiteBuilder$JellyCheck</className>
          <testName>hudson/security/csrf/DefaultCrumbIssuer/config.jelly</testName>
          <skipped>false</skipped>
          <failedSince>0</failedSince>
        </case>
      </cases>
    </suite>
    <suite>
      <file>/home/jenkins/slave/workspace/jenkins_main_trunk/test/target/surefire-reports/hudson_slaves_CommandConnector_config.jelly.473.xml</file>
      <name>hudson_slaves_CommandConnector_config.jelly</name>
      <stdout></stdout>
      <stderr></stderr>
      <duration>0.012</duration>
      <timestamp>2012-12-11T10:55:05</timestamp>
      <cases>
        <case>
          <duration>0.012</duration>
          <className>org.jvnet.hudson.test.JellyTestSuiteBuilder$JellyCheck</className>
          <testName>hudson/slaves/CommandConnector/config.jelly</testName>
          <skipped>false</skipped>
          <failedSince>0</failedSince>
        </case>
      </cases>
    </suite>
    <suite>
      <file>/home/jenkins/slave/workspace/jenkins_main_trunk/test/target/surefire-reports/hudson_slaves_CommandLauncher_config.jelly.457.xml</file>
      <name>hudson_slaves_CommandLauncher_config.jelly</name>
      <stdout></stdout>
      <stderr></stderr>
      <duration>0.008</duration>
      <timestamp>2012-12-11T10:55:05</timestamp>
      <cases>
        <case>
          <duration>0.008</duration>
          <className>org.jvnet.hudson.test.JellyTestSuiteBuilder$JellyCheck</className>
          <testName>hudson/slaves/CommandLauncher/config.jelly</testName>
          <skipped>false</skipped>
          <failedSince>0</failedSince>
        </case>
      </cases>
    </suite>
    <suite>
      <file>/home/jenkins/slave/workspace/jenkins_main_trunk/test/target/surefire-reports/hudson_slaves_CommandLauncher_help.jelly.458.xml</file>
      <name>hudson_slaves_CommandLauncher_help.jelly</name>
      <stdout></stdout>
      <stderr></stderr>
      <duration>0.003</duration>
      <timestamp>2012-12-11T10:55:05</timestamp>
      <cases>
        <case>
          <duration>0.003</duration>
          <className>org.jvnet.hudson.test.JellyTestSuiteBuilder$JellyCheck</className>
          <testName>hudson/slaves/CommandLauncher/help.jelly</testName>
          <skipped>false</skipped>
          <failedSince>0</failedSince>
        </case>
      </cases>
    </suite>
    <suite>
      <file>/home/jenkins/slave/workspace/jenkins_main_trunk/test/target/surefire-reports/hudson_slaves_ComputerLauncherFilter_main.jelly.459.xml</file>
      <name>hudson_slaves_ComputerLauncherFilter_main.jelly</name>
      <stdout></stdout>
      <stderr></stderr>
      <duration>0.003</duration>
      <timestamp>2012-12-11T10:55:05</timestamp>
      <cases>
        <case>
          <duration>0.003</duration>
          <className>org.jvnet.hudson.test.JellyTestSuiteBuilder$JellyCheck</className>
          <testName>hudson/slaves/ComputerLauncherFilter/main.jelly</testName>
          <skipped>false</skipped>
          <failedSince>0</failedSince>
        </case>
      </cases>
    </suite>
    <suite>
      <file>/home/jenkins/slave/workspace/jenkins_main_trunk/test/target/surefire-reports/hudson_slaves_ComputerLauncher_main.jelly.469.xml</file>
      <name>hudson_slaves_ComputerLauncher_main.jelly</name>
      <stdout></stdout>
      <stderr></stderr>
      <duration>0.006</duration>
      <timestamp>2012-12-11T10:55:05</timestamp>
      <cases>
        <case>
          <duration>0.006</duration>
          <className>org.jvnet.hudson.test.JellyTestSuiteBuilder$JellyCheck</className>
          <testName>hudson/slaves/ComputerLauncher/main.jelly</testName>
          <skipped>false</skipped>
          <failedSince>0</failedSince>
        </case>
      </cases>
    </suite>
    <suite>
      <file>/home/jenkins/slave/workspace/jenkins_main_trunk/test/target/surefire-reports/hudson_slaves_DelegatingComputerLauncher_config.jelly.460.xml</file>
      <name>hudson_slaves_DelegatingComputerLauncher_config.jelly</name>
      <stdout></stdout>
      <stderr></stderr>
      <duration>0.012</duration>
      <timestamp>2012-12-11T10:55:05</timestamp>
      <cases>
        <case>
          <duration>0.012</duration>
          <className>org.jvnet.hudson.test.JellyTestSuiteBuilder$JellyCheck</className>
          <testName>hudson/slaves/DelegatingComputerLauncher/config.jelly</testName>
          <skipped>false</skipped>
          <failedSince>0</failedSince>
        </case>
      </cases>
    </suite>
    <suite>
      <file>/home/jenkins/slave/workspace/jenkins_main_trunk/test/target/surefire-reports/hudson_slaves_DumbSlave_configure_entries.jelly.471.xml</file>
      <name>hudson_slaves_DumbSlave_configure-entries.jelly</name>
      <stdout></stdout>
      <stderr></stderr>
      <duration>0.068</duration>
      <timestamp>2012-12-11T10:55:05</timestamp>
      <cases>
        <case>
          <duration>0.068</duration>
          <className>org.jvnet.hudson.test.JellyTestSuiteBuilder$JellyCheck</className>
          <testName>hudson/slaves/DumbSlave/configure-entries.jelly</testName>
          <skipped>false</skipped>
          <failedSince>0</failedSince>
        </case>
      </cases>
    </suite>
    <suite>
      <file>/home/jenkins/slave/workspace/jenkins_main_trunk/test/target/surefire-reports/hudson_slaves_DumbSlave_newInstanceDetail.jelly.470.xml</file>
      <name>hudson_slaves_DumbSlave_newInstanceDetail.jelly</name>
      <stdout></stdout>
      <stderr></stderr>
      <duration>0.003</duration>
      <timestamp>2012-12-11T10:55:05</timestamp>
      <cases>
        <case>
          <duration>0.003</duration>
          <className>org.jvnet.hudson.test.JellyTestSuiteBuilder$JellyCheck</className>
          <testName>hudson/slaves/DumbSlave/newInstanceDetail.jelly</testName>
          <skipped>false</skipped>
          <failedSince>0</failedSince>
        </case>
      </cases>
    </suite>
    <suite>
      <file>/home/jenkins/slave/workspace/jenkins_main_trunk/test/target/surefire-reports/hudson_slaves_EnvironmentVariablesNodeProperty_config.jelly.461.xml</file>
      <name>hudson_slaves_EnvironmentVariablesNodeProperty_config.jelly</name>
      <stdout></stdout>
      <stderr></stderr>
      <duration>0.022</duration>
      <timestamp>2012-12-11T10:55:05</timestamp>
      <cases>
        <case>
          <duration>0.022</duration>
          <className>org.jvnet.hudson.test.JellyTestSuiteBuilder$JellyCheck</className>
          <testName>hudson/slaves/EnvironmentVariablesNodeProperty/config.jelly</testName>
          <skipped>false</skipped>
          <failedSince>0</failedSince>
        </case>
      </cases>
    </suite>
    <suite>
      <file>/home/jenkins/slave/workspace/jenkins_main_trunk/test/target/surefire-reports/hudson_slaves_JNLPLauncher_config.jelly.454.xml</file>
      <name>hudson_slaves_JNLPLauncher_config.jelly</name>
      <stdout></stdout>
      <stderr></stderr>
      <duration>0.014</duration>
      <timestamp>2012-12-11T10:55:05</timestamp>
      <cases>
        <case>
          <duration>0.014</duration>
          <className>org.jvnet.hudson.test.JellyTestSuiteBuilder$JellyCheck</className>
          <testName>hudson/slaves/JNLPLauncher/config.jelly</testName>
          <skipped>false</skipped>
          <failedSince>0</failedSince>
        </case>
      </cases>
    </suite>
    <suite>
      <file>/home/jenkins/slave/workspace/jenkins_main_trunk/test/target/surefire-reports/hudson_slaves_JNLPLauncher_help.jelly.456.xml</file>
      <name>hudson_slaves_JNLPLauncher_help.jelly</name>
      <stdout></stdout>
      <stderr></stderr>
      <duration>0.002</duration>
      <timestamp>2012-12-11T10:55:05</timestamp>
      <cases>
        <case>
          <duration>0.002</duration>
          <className>org.jvnet.hudson.test.JellyTestSuiteBuilder$JellyCheck</className>
          <testName>hudson/slaves/JNLPLauncher/help.jelly</testName>
          <skipped>false</skipped>
          <failedSince>0</failedSince>
        </case>
      </cases>
    </suite>
    <suite>
      <file>/home/jenkins/slave/workspace/jenkins_main_trunk/test/target/surefire-reports/hudson_slaves_JNLPLauncher_main.jelly.455.xml</file>
      <name>hudson_slaves_JNLPLauncher_main.jelly</name>
      <stdout></stdout>
      <stderr></stderr>
      <duration>0.006</duration>
      <timestamp>2012-12-11T10:55:05</timestamp>
      <cases>
        <case>
          <duration>0.006</duration>
          <className>org.jvnet.hudson.test.JellyTestSuiteBuilder$JellyCheck</className>
          <testName>hudson/slaves/JNLPLauncher/main.jelly</testName>
          <skipped>false</skipped>
          <failedSince>0</failedSince>
        </case>
      </cases>
    </suite>
    <suite>
      <file>/home/jenkins/slave/workspace/jenkins_main_trunk/test/target/surefire-reports/hudson_slaves_OfflineCause_ChannelTermination_cause.jelly.474.xml</file>
      <name>hudson_slaves_OfflineCause_ChannelTermination_cause.jelly</name>
      <stdout></stdout>
      <stderr></stderr>
      <duration>0.002</duration>
      <timestamp>2012-12-11T10:55:05</timestamp>
      <cases>
        <case>
          <duration>0.002</duration>
          <className>org.jvnet.hudson.test.JellyTestSuiteBuilder$JellyCheck</className>
          <testName>hudson/slaves/OfflineCause/ChannelTermination/cause.jelly</testName>
          <skipped>false</skipped>
          <failedSince>0</failedSince>
        </case>
      </cases>
    </suite>
    <suite>
      <file>/home/jenkins/slave/workspace/jenkins_main_trunk/test/target/surefire-reports/hudson_slaves_OfflineCause_LaunchFailed_cause.jelly.475.xml</file>
      <name>hudson_slaves_OfflineCause_LaunchFailed_cause.jelly</name>
      <stdout></stdout>
      <stderr></stderr>
      <duration>0.003</duration>
      <timestamp>2012-12-11T10:55:05</timestamp>
      <cases>
        <case>
          <duration>0.003</duration>
          <className>org.jvnet.hudson.test.JellyTestSuiteBuilder$JellyCheck</className>
          <testName>hudson/slaves/OfflineCause/LaunchFailed/cause.jelly</testName>
          <skipped>false</skipped>
          <failedSince>0</failedSince>
        </case>
      </cases>
    </suite>
    <suite>
      <file>/home/jenkins/slave/workspace/jenkins_main_trunk/test/target/surefire-reports/hudson_slaves_OfflineCause_cause.jelly.476.xml</file>
      <name>hudson_slaves_OfflineCause_cause.jelly</name>
      <stdout></stdout>
      <stderr></stderr>
      <duration>0.002</duration>
      <timestamp>2012-12-11T10:55:05</timestamp>
      <cases>
        <case>
          <duration>0.002</duration>
          <className>org.jvnet.hudson.test.JellyTestSuiteBuilder$JellyCheck</className>
          <testName>hudson/slaves/OfflineCause/cause.jelly</testName>
          <skipped>false</skipped>
          <failedSince>0</failedSince>
        </case>
      </cases>
    </suite>
    <suite>
      <file>/home/jenkins/slave/workspace/jenkins_main_trunk/test/target/surefire-reports/hudson_slaves_RetentionStrategy_Demand_config.jelly.478.xml</file>
      <name>hudson_slaves_RetentionStrategy_Demand_config.jelly</name>
      <stdout></stdout>
      <stderr></stderr>
      <duration>0.013</duration>
      <timestamp>2012-12-11T10:55:05</timestamp>
      <cases>
        <case>
          <duration>0.013</duration>
          <className>org.jvnet.hudson.test.JellyTestSuiteBuilder$JellyCheck</className>
          <testName>hudson/slaves/RetentionStrategy/Demand/config.jelly</testName>
          <skipped>false</skipped>
          <failedSince>0</failedSince>
        </case>
      </cases>
    </suite>
    <suite>
      <file>/home/jenkins/slave/workspace/jenkins_main_trunk/test/target/surefire-reports/hudson_slaves_RetentionStrategy_Scheduled_config.jelly.479.xml</file>
      <name>hudson_slaves_RetentionStrategy_Scheduled_config.jelly</name>
      <stdout></stdout>
      <stderr></stderr>
      <duration>0.018</duration>
      <timestamp>2012-12-11T10:55:05</timestamp>
      <cases>
        <case>
          <duration>0.018</duration>
          <className>org.jvnet.hudson.test.JellyTestSuiteBuilder$JellyCheck</className>
          <testName>hudson/slaves/RetentionStrategy/Scheduled/config.jelly</testName>
          <skipped>false</skipped>
          <failedSince>0</failedSince>
        </case>
      </cases>
    </suite>
    <suite>
      <file>/home/jenkins/slave/workspace/jenkins_main_trunk/test/target/surefire-reports/hudson_slaves_RetentionStrategy_config.jelly.477.xml</file>
      <name>hudson_slaves_RetentionStrategy_config.jelly</name>
      <stdout></stdout>
      <stderr></stderr>
      <duration>0.002</duration>
      <timestamp>2012-12-11T10:55:05</timestamp>
      <cases>
        <case>
          <duration>0.002</duration>
          <className>org.jvnet.hudson.test.JellyTestSuiteBuilder$JellyCheck</className>
          <testName>hudson/slaves/RetentionStrategy/config.jelly</testName>
          <skipped>false</skipped>
          <failedSince>0</failedSince>
        </case>
      </cases>
    </suite>
    <suite>
      <file>/home/jenkins/slave/workspace/jenkins_main_trunk/test/target/surefire-reports/hudson_slaves_SimpleScheduledRetentionStrategy_config.jelly.472.xml</file>
      <name>hudson_slaves_SimpleScheduledRetentionStrategy_config.jelly</name>
      <stdout></stdout>
      <stderr></stderr>
      <duration>0.029</duration>
      <timestamp>2012-12-11T10:55:05</timestamp>
      <cases>
        <case>
          <duration>0.029</duration>
          <className>org.jvnet.hudson.test.JellyTestSuiteBuilder$JellyCheck</className>
          <testName>hudson/slaves/SimpleScheduledRetentionStrategy/config.jelly</testName>
          <skipped>false</skipped>
          <failedSince>0</failedSince>
        </case>
      </cases>
    </suite>
    <suite>
      <file>/home/jenkins/slave/workspace/jenkins_main_trunk/test/target/surefire-reports/hudson_slaves_SlaveComputer_already_launched.jelly.468.xml</file>
      <name>hudson_slaves_SlaveComputer_already-launched.jelly</name>
      <stdout></stdout>
      <stderr></stderr>
      <duration>0.02</duration>
      <timestamp>2012-12-11T10:55:05</timestamp>
      <cases>
        <case>
          <duration>0.02</duration>
          <className>org.jvnet.hudson.test.JellyTestSuiteBuilder$JellyCheck</className>
          <testName>hudson/slaves/SlaveComputer/already-launched.jelly</testName>
          <skipped>false</skipped>
          <failedSince>0</failedSince>
        </case>
      </cases>
    </suite>
    <suite>
      <file>/home/jenkins/slave/workspace/jenkins_main_trunk/test/target/surefire-reports/hudson_slaves_SlaveComputer_disconnect.jelly.464.xml</file>
      <name>hudson_slaves_SlaveComputer_disconnect.jelly</name>
      <stdout></stdout>
      <stderr></stderr>
      <duration>0.023</duration>
      <timestamp>2012-12-11T10:55:05</timestamp>
      <cases>
        <case>
          <duration>0.023</duration>
          <className>org.jvnet.hudson.test.JellyTestSuiteBuilder$JellyCheck</className>
          <testName>hudson/slaves/SlaveComputer/disconnect.jelly</testName>
          <skipped>false</skipped>
          <failedSince>0</failedSince>
        </case>
      </cases>
    </suite>
    <suite>
      <file>/home/jenkins/slave/workspace/jenkins_main_trunk/test/target/surefire-reports/hudson_slaves_SlaveComputer_log.jelly.463.xml</file>
      <name>hudson_slaves_SlaveComputer_log.jelly</name>
      <stdout></stdout>
      <stderr></stderr>
      <duration>0.022</duration>
      <timestamp>2012-12-11T10:55:05</timestamp>
      <cases>
        <case>
          <duration>0.022</duration>
          <className>org.jvnet.hudson.test.JellyTestSuiteBuilder$JellyCheck</className>
          <testName>hudson/slaves/SlaveComputer/log.jelly</testName>
          <skipped>false</skipped>
          <failedSince>0</failedSince>
        </case>
      </cases>
    </suite>
    <suite>
      <file>/home/jenkins/slave/workspace/jenkins_main_trunk/test/target/surefire-reports/hudson_slaves_SlaveComputer_sidepanel2.jelly.465.xml</file>
      <name>hudson_slaves_SlaveComputer_sidepanel2.jelly</name>
      <stdout></stdout>
      <stderr></stderr>
      <duration>0.008</duration>
      <timestamp>2012-12-11T10:55:05</timestamp>
      <cases>
        <case>
          <duration>0.008</duration>
          <className>org.jvnet.hudson.test.JellyTestSuiteBuilder$JellyCheck</className>
          <testName>hudson/slaves/SlaveComputer/sidepanel2.jelly</testName>
          <skipped>false</skipped>
          <failedSince>0</failedSince>
        </case>
      </cases>
    </suite>
    <suite>
      <file>/home/jenkins/slave/workspace/jenkins_main_trunk/test/target/surefire-reports/hudson_slaves_SlaveComputer_slave_agent.jnlp.jelly.466.xml</file>
      <name>hudson_slaves_SlaveComputer_slave-agent.jnlp.jelly</name>
      <stdout></stdout>
      <stderr></stderr>
      <duration>0.005</duration>
      <timestamp>2012-12-11T10:55:05</timestamp>
      <cases>
        <case>
          <duration>0.005</duration>
          <className>org.jvnet.hudson.test.JellyTestSuiteBuilder$JellyCheck</className>
          <testName>hudson/slaves/SlaveComputer/slave-agent.jnlp.jelly</testName>
          <skipped>false</skipped>
          <failedSince>0</failedSince>
        </case>
      </cases>
    </suite>
    <suite>
      <file>/home/jenkins/slave/workspace/jenkins_main_trunk/test/target/surefire-reports/hudson_slaves_SlaveComputer_systemInfo.jelly.462.xml</file>
      <name>hudson_slaves_SlaveComputer_systemInfo.jelly</name>
      <stdout></stdout>
      <stderr></stderr>
      <duration>0.024</duration>
      <timestamp>2012-12-11T10:55:05</timestamp>
      <cases>
        <case>
          <duration>0.024</duration>
          <className>org.jvnet.hudson.test.JellyTestSuiteBuilder$JellyCheck</className>
          <testName>hudson/slaves/SlaveComputer/systemInfo.jelly</testName>
          <skipped>false</skipped>
          <failedSince>0</failedSince>
        </case>
      </cases>
    </suite>
    <suite>
      <file>/home/jenkins/slave/workspace/jenkins_main_trunk/test/target/surefire-reports/hudson_slaves_SlaveComputer_threadDump.jelly.467.xml</file>
      <name>hudson_slaves_SlaveComputer_threadDump.jelly</name>
      <stdout></stdout>
      <stderr></stderr>
      <duration>0.026</duration>
      <timestamp>2012-12-11T10:55:05</timestamp>
      <cases>
        <case>
          <duration>0.026</duration>
          <className>org.jvnet.hudson.test.JellyTestSuiteBuilder$JellyCheck</className>
          <testName>hudson/slaves/SlaveComputer/threadDump.jelly</testName>
          <skipped>false</skipped>
          <failedSince>0</failedSince>
        </case>
      </cases>
    </suite>
    <suite>
      <file>/home/jenkins/slave/workspace/jenkins_main_trunk/test/target/surefire-reports/hudson_tasks_ArtifactArchiver_config.jelly.275.xml</file>
      <name>hudson_tasks_ArtifactArchiver_config.jelly</name>
      <stdout></stdout>
      <stderr></stderr>
      <duration>0.022</duration>
      <timestamp>2012-12-11T10:55:01</timestamp>
      <cases>
        <case>
          <duration>0.022</duration>
          <className>org.jvnet.hudson.test.JellyTestSuiteBuilder$JellyCheck</className>
          <testName>hudson/tasks/ArtifactArchiver/config.jelly</testName>
          <skipped>false</skipped>
          <failedSince>0</failedSince>
        </case>
      </cases>
    </suite>
    <suite>
      <file>/home/jenkins/slave/workspace/jenkins_main_trunk/test/target/surefire-reports/hudson_tasks_BatchFile_config.jelly.253.xml</file>
      <name>hudson_tasks_BatchFile_config.jelly</name>
      <stdout></stdout>
      <stderr></stderr>
      <duration>0.009</duration>
      <timestamp>2012-12-11T10:55:01</timestamp>
      <cases>
        <case>
          <duration>0.009</duration>
          <className>org.jvnet.hudson.test.JellyTestSuiteBuilder$JellyCheck</className>
          <testName>hudson/tasks/BatchFile/config.jelly</testName>
          <skipped>false</skipped>
          <failedSince>0</failedSince>
        </case>
      </cases>
    </suite>
    <suite>
      <file>/home/jenkins/slave/workspace/jenkins_main_trunk/test/target/surefire-reports/hudson_tasks_BuildTrigger_config.jelly.272.xml</file>
      <name>hudson_tasks_BuildTrigger_config.jelly</name>
      <stdout></stdout>
      <stderr></stderr>
      <duration>0.022</duration>
      <timestamp>2012-12-11T10:55:01</timestamp>
      <cases>
        <case>
          <duration>0.022</duration>
          <className>org.jvnet.hudson.test.JellyTestSuiteBuilder$JellyCheck</className>
          <testName>hudson/tasks/BuildTrigger/config.jelly</testName>
          <skipped>false</skipped>
          <failedSince>0</failedSince>
        </case>
      </cases>
    </suite>
    <suite>
      <file>/home/jenkins/slave/workspace/jenkins_main_trunk/test/target/surefire-reports/hudson_tasks_Fingerprinter_FingerprintAction_index.jelly.274.xml</file>
      <name>hudson_tasks_Fingerprinter_FingerprintAction_index.jelly</name>
      <stdout></stdout>
      <stderr></stderr>
      <duration>0.025</duration>
      <timestamp>2012-12-11T10:55:01</timestamp>
      <cases>
        <case>
          <duration>0.025</duration>
          <className>org.jvnet.hudson.test.JellyTestSuiteBuilder$JellyCheck</className>
          <testName>hudson/tasks/Fingerprinter/FingerprintAction/index.jelly</testName>
          <skipped>false</skipped>
          <failedSince>0</failedSince>
        </case>
      </cases>
    </suite>
    <suite>
      <file>/home/jenkins/slave/workspace/jenkins_main_trunk/test/target/surefire-reports/hudson_tasks_Fingerprinter_config.jelly.273.xml</file>
      <name>hudson_tasks_Fingerprinter_config.jelly</name>
      <stdout></stdout>
      <stderr></stderr>
      <duration>0.022</duration>
      <timestamp>2012-12-11T10:55:01</timestamp>
      <cases>
        <case>
          <duration>0.022</duration>
          <className>org.jvnet.hudson.test.JellyTestSuiteBuilder$JellyCheck</className>
          <testName>hudson/tasks/Fingerprinter/config.jelly</testName>
          <skipped>false</skipped>
          <failedSince>0</failedSince>
        </case>
      </cases>
    </suite>
    <suite>
      <file>/home/jenkins/slave/workspace/jenkins_main_trunk/test/target/surefire-reports/hudson_tasks_LogRotator_config.jelly.264.xml</file>
      <name>hudson_tasks_LogRotator_config.jelly</name>
      <stdout></stdout>
      <stderr></stderr>
      <duration>0.026</duration>
      <timestamp>2012-12-11T10:55:01</timestamp>
      <cases>
        <case>
          <duration>0.026</duration>
          <className>org.jvnet.hudson.test.JellyTestSuiteBuilder$JellyCheck</className>
          <testName>hudson/tasks/LogRotator/config.jelly</testName>
          <skipped>false</skipped>
          <failedSince>0</failedSince>
        </case>
      </cases>
    </suite>
    <suite>
      <file>/home/jenkins/slave/workspace/jenkins_main_trunk/test/target/surefire-reports/hudson_tasks_Maven_MavenInstallation_config.jelly.277.xml</file>
      <name>hudson_tasks_Maven_MavenInstallation_config.jelly</name>
      <stdout></stdout>
      <stderr></stderr>
      <duration>0.016</duration>
      <timestamp>2012-12-11T10:55:01</timestamp>
      <cases>
        <case>
          <duration>0.016</duration>
          <className>org.jvnet.hudson.test.JellyTestSuiteBuilder$JellyCheck</className>
          <testName>hudson/tasks/Maven/MavenInstallation/config.jelly</testName>
          <skipped>false</skipped>
          <failedSince>0</failedSince>
        </case>
      </cases>
    </suite>
    <suite>
      <file>/home/jenkins/slave/workspace/jenkins_main_trunk/test/target/surefire-reports/hudson_tasks_Maven_config.jelly.276.xml</file>
      <name>hudson_tasks_Maven_config.jelly</name>
      <stdout></stdout>
      <stderr></stderr>
      <duration>0.077</duration>
      <timestamp>2012-12-11T10:55:01</timestamp>
      <cases>
        <case>
          <duration>0.077</duration>
          <className>org.jvnet.hudson.test.JellyTestSuiteBuilder$JellyCheck</className>
          <testName>hudson/tasks/Maven/config.jelly</testName>
          <skipped>false</skipped>
          <failedSince>0</failedSince>
        </case>
      </cases>
    </suite>
    <suite>
      <file>/home/jenkins/slave/workspace/jenkins_main_trunk/test/target/surefire-reports/hudson_tasks_junit_CaseResult_index.jelly.269.xml</file>
      <name>hudson_tasks_junit_CaseResult_index.jelly</name>
      <stdout></stdout>
      <stderr></stderr>
      <duration>0.028</duration>
      <timestamp>2012-12-11T10:55:01</timestamp>
      <cases>
        <case>
          <duration>0.028</duration>
          <className>org.jvnet.hudson.test.JellyTestSuiteBuilder$JellyCheck</className>
          <testName>hudson/tasks/junit/CaseResult/index.jelly</testName>
          <skipped>false</skipped>
          <failedSince>0</failedSince>
        </case>
      </cases>
    </suite>
    <suite>
      <file>/home/jenkins/slave/workspace/jenkins_main_trunk/test/target/surefire-reports/hudson_tasks_junit_CaseResult_list.jelly.268.xml</file>
      <name>hudson_tasks_junit_CaseResult_list.jelly</name>
      <stdout></stdout>
      <stderr></stderr>
      <duration>0.004</duration>
      <timestamp>2012-12-11T10:55:01</timestamp>
      <cases>
        <case>
          <duration>0.004</duration>
          <className>org.jvnet.hudson.test.JellyTestSuiteBuilder$JellyCheck</className>
          <testName>hudson/tasks/junit/CaseResult/list.jelly</testName>
          <skipped>false</skipped>
          <failedSince>0</failedSince>
        </case>
      </cases>
    </suite>
    <suite>
      <file>/home/jenkins/slave/workspace/jenkins_main_trunk/test/target/surefire-reports/hudson_tasks_junit_CaseResult_summary.jelly.267.xml</file>
      <name>hudson_tasks_junit_CaseResult_summary.jelly</name>
      <stdout></stdout>
      <stderr></stderr>
      <duration>0.002</duration>
      <timestamp>2012-12-11T10:55:01</timestamp>
      <cases>
        <case>
          <duration>0.002</duration>
          <className>org.jvnet.hudson.test.JellyTestSuiteBuilder$JellyCheck</className>
          <testName>hudson/tasks/junit/CaseResult/summary.jelly</testName>
          <skipped>false</skipped>
          <failedSince>0</failedSince>
        </case>
      </cases>
    </suite>
    <suite>
      <file>/home/jenkins/slave/workspace/jenkins_main_trunk/test/target/surefire-reports/hudson_tasks_junit_ClassResult_body.jelly.270.xml</file>
      <name>hudson_tasks_junit_ClassResult_body.jelly</name>
      <stdout></stdout>
      <stderr></stderr>
      <duration>0.003</duration>
      <timestamp>2012-12-11T10:55:01</timestamp>
      <cases>
        <case>
          <duration>0.003</duration>
          <className>org.jvnet.hudson.test.JellyTestSuiteBuilder$JellyCheck</className>
          <testName>hudson/tasks/junit/ClassResult/body.jelly</testName>
          <skipped>false</skipped>
          <failedSince>0</failedSince>
        </case>
      </cases>
    </suite>
    <suite>
      <file>/home/jenkins/slave/workspace/jenkins_main_trunk/test/target/surefire-reports/hudson_tasks_junit_ClassResult_list.jelly.271.xml</file>
      <name>hudson_tasks_junit_ClassResult_list.jelly</name>
      <stdout></stdout>
      <stderr></stderr>
      <duration>0.003</duration>
      <timestamp>2012-12-11T10:55:01</timestamp>
      <cases>
        <case>
          <duration>0.003</duration>
          <className>org.jvnet.hudson.test.JellyTestSuiteBuilder$JellyCheck</className>
          <testName>hudson/tasks/junit/ClassResult/list.jelly</testName>
          <skipped>false</skipped>
          <failedSince>0</failedSince>
        </case>
      </cases>
    </suite>
    <suite>
      <file>/home/jenkins/slave/workspace/jenkins_main_trunk/test/target/surefire-reports/hudson_tasks_junit_History_index.jelly.266.xml</file>
      <name>hudson_tasks_junit_History_index.jelly</name>
      <stdout></stdout>
      <stderr></stderr>
      <duration>0.029</duration>
      <timestamp>2012-12-11T10:55:01</timestamp>
      <cases>
        <case>
          <duration>0.029</duration>
          <className>org.jvnet.hudson.test.JellyTestSuiteBuilder$JellyCheck</className>
          <testName>hudson/tasks/junit/History/index.jelly</testName>
          <skipped>false</skipped>
          <failedSince>0</failedSince>
        </case>
      </cases>
    </suite>
    <suite>
      <file>/home/jenkins/slave/workspace/jenkins_main_trunk/test/target/surefire-reports/hudson_tasks_junit_JUnitResultArchiver_config.jelly.265.xml</file>
      <name>hudson_tasks_junit_JUnitResultArchiver_config.jelly</name>
      <stdout></stdout>
      <stderr></stderr>
      <duration>0.03</duration>
      <timestamp>2012-12-11T10:55:01</timestamp>
      <cases>
        <case>
          <duration>0.03</duration>
          <className>org.jvnet.hudson.test.JellyTestSuiteBuilder$JellyCheck</className>
          <testName>hudson/tasks/junit/JUnitResultArchiver/config.jelly</testName>
          <skipped>false</skipped>
          <failedSince>0</failedSince>
        </case>
      </cases>
    </suite>
    <suite>
      <file>/home/jenkins/slave/workspace/jenkins_main_trunk/test/target/surefire-reports/hudson_tasks_test_AbstractTestResultAction_summary.jelly.255.xml</file>
      <name>hudson_tasks_test_AbstractTestResultAction_summary.jelly</name>
      <stdout></stdout>
      <stderr></stderr>
      <duration>0.007</duration>
      <timestamp>2012-12-11T10:55:01</timestamp>
      <cases>
        <case>
          <duration>0.007</duration>
          <className>org.jvnet.hudson.test.JellyTestSuiteBuilder$JellyCheck</className>
          <testName>hudson/tasks/test/AbstractTestResultAction/summary.jelly</testName>
          <skipped>false</skipped>
          <failedSince>0</failedSince>
        </case>
      </cases>
    </suite>
    <suite>
      <file>/home/jenkins/slave/workspace/jenkins_main_trunk/test/target/surefire-reports/hudson_tasks_test_AggregatedTestResultPublisher_config.jelly.257.xml</file>
      <name>hudson_tasks_test_AggregatedTestResultPublisher_config.jelly</name>
      <stdout></stdout>
      <stderr></stderr>
      <duration>0.022</duration>
      <timestamp>2012-12-11T10:55:01</timestamp>
      <cases>
        <case>
          <duration>0.022</duration>
          <className>org.jvnet.hudson.test.JellyTestSuiteBuilder$JellyCheck</className>
          <testName>hudson/tasks/test/AggregatedTestResultPublisher/config.jelly</testName>
          <skipped>false</skipped>
          <failedSince>0</failedSince>
        </case>
      </cases>
    </suite>
    <suite>
      <file>/home/jenkins/slave/workspace/jenkins_main_trunk/test/target/surefire-reports/hudson_tasks_test_MatrixTestResult_index.jelly.254.xml</file>
      <name>hudson_tasks_test_MatrixTestResult_index.jelly</name>
      <stdout></stdout>
      <stderr></stderr>
      <duration>0.026</duration>
      <timestamp>2012-12-11T10:55:01</timestamp>
      <cases>
        <case>
          <duration>0.026</duration>
          <className>org.jvnet.hudson.test.JellyTestSuiteBuilder$JellyCheck</className>
          <testName>hudson/tasks/test/MatrixTestResult/index.jelly</testName>
          <skipped>false</skipped>
          <failedSince>0</failedSince>
        </case>
      </cases>
    </suite>
    <suite>
      <file>/home/jenkins/slave/workspace/jenkins_main_trunk/test/target/surefire-reports/hudson_tasks_test_MetaTabulatedResult_body.jelly.262.xml</file>
      <name>hudson_tasks_test_MetaTabulatedResult_body.jelly</name>
      <stdout></stdout>
      <stderr></stderr>
      <duration>0.004</duration>
      <timestamp>2012-12-11T10:55:01</timestamp>
      <cases>
        <case>
          <duration>0.004</duration>
          <className>org.jvnet.hudson.test.JellyTestSuiteBuilder$JellyCheck</className>
          <testName>hudson/tasks/test/MetaTabulatedResult/body.jelly</testName>
          <skipped>false</skipped>
          <failedSince>0</failedSince>
        </case>
      </cases>
    </suite>
    <suite>
      <file>/home/jenkins/slave/workspace/jenkins_main_trunk/test/target/surefire-reports/hudson_tasks_test_MetaTabulatedResult_list.jelly.263.xml</file>
      <name>hudson_tasks_test_MetaTabulatedResult_list.jelly</name>
      <stdout></stdout>
      <stderr></stderr>
      <duration>0.004</duration>
      <timestamp>2012-12-11T10:55:01</timestamp>
      <cases>
        <case>
          <duration>0.004</duration>
          <className>org.jvnet.hudson.test.JellyTestSuiteBuilder$JellyCheck</className>
          <testName>hudson/tasks/test/MetaTabulatedResult/list.jelly</testName>
          <skipped>false</skipped>
          <failedSince>0</failedSince>
        </case>
      </cases>
    </suite>
    <suite>
      <file>/home/jenkins/slave/workspace/jenkins_main_trunk/test/target/surefire-reports/hudson_tasks_test_TestObject_sidepanel.jelly.261.xml</file>
      <name>hudson_tasks_test_TestObject_sidepanel.jelly</name>
      <stdout></stdout>
      <stderr></stderr>
      <duration>0.015</duration>
      <timestamp>2012-12-11T10:55:01</timestamp>
      <cases>
        <case>
          <duration>0.015</duration>
          <className>org.jvnet.hudson.test.JellyTestSuiteBuilder$JellyCheck</className>
          <testName>hudson/tasks/test/TestObject/sidepanel.jelly</testName>
          <skipped>false</skipped>
          <failedSince>0</failedSince>
        </case>
      </cases>
    </suite>
    <suite>
      <file>/home/jenkins/slave/workspace/jenkins_main_trunk/test/target/surefire-reports/hudson_tasks_test_TestResultProjectAction_floatingBox.jelly.259.xml</file>
      <name>hudson_tasks_test_TestResultProjectAction_floatingBox.jelly</name>
      <stdout></stdout>
      <stderr></stderr>
      <duration>0.003</duration>
      <timestamp>2012-12-11T10:55:01</timestamp>
      <cases>
        <case>
          <duration>0.003</duration>
          <className>org.jvnet.hudson.test.JellyTestSuiteBuilder$JellyCheck</className>
          <testName>hudson/tasks/test/TestResultProjectAction/floatingBox.jelly</testName>
          <skipped>false</skipped>
          <failedSince>0</failedSince>
        </case>
      </cases>
    </suite>
    <suite>
      <file>/home/jenkins/slave/workspace/jenkins_main_trunk/test/target/surefire-reports/hudson_tasks_test_TestResultProjectAction_index.jelly.260.xml</file>
      <name>hudson_tasks_test_TestResultProjectAction_index.jelly</name>
      <stdout></stdout>
      <stderr></stderr>
      <duration>0.021</duration>
      <timestamp>2012-12-11T10:55:01</timestamp>
      <cases>
        <case>
          <duration>0.021</duration>
          <className>org.jvnet.hudson.test.JellyTestSuiteBuilder$JellyCheck</className>
          <testName>hudson/tasks/test/TestResultProjectAction/index.jelly</testName>
          <skipped>false</skipped>
          <failedSince>0</failedSince>
        </case>
      </cases>
    </suite>
    <suite>
      <file>/home/jenkins/slave/workspace/jenkins_main_trunk/test/target/surefire-reports/hudson_tasks_test_TestResult_index.jelly.256.xml</file>
      <name>hudson_tasks_test_TestResult_index.jelly</name>
      <stdout></stdout>
      <stderr></stderr>
      <duration>0.025</duration>
      <timestamp>2012-12-11T10:55:01</timestamp>
      <cases>
        <case>
          <duration>0.025</duration>
          <className>org.jvnet.hudson.test.JellyTestSuiteBuilder$JellyCheck</className>
          <testName>hudson/tasks/test/TestResult/index.jelly</testName>
          <skipped>false</skipped>
          <failedSince>0</failedSince>
        </case>
      </cases>
    </suite>
    <suite>
      <file>/home/jenkins/slave/workspace/jenkins_main_trunk/test/target/surefire-reports/hudson_tools_CommandInstaller_config.jelly.243.xml</file>
      <name>hudson_tools_CommandInstaller_config.jelly</name>
      <stdout></stdout>
      <stderr></stderr>
      <duration>0.021</duration>
      <timestamp>2012-12-11T10:55:01</timestamp>
      <cases>
        <case>
          <duration>0.021</duration>
          <className>org.jvnet.hudson.test.JellyTestSuiteBuilder$JellyCheck</className>
          <testName>hudson/tools/CommandInstaller/config.jelly</testName>
          <skipped>false</skipped>
          <failedSince>0</failedSince>
        </case>
      </cases>
    </suite>
    <suite>
      <file>/home/jenkins/slave/workspace/jenkins_main_trunk/test/target/surefire-reports/hudson_tools_DownloadFromUrlInstaller_config.jelly.236.xml</file>
      <name>hudson_tools_DownloadFromUrlInstaller_config.jelly</name>
      <stdout></stdout>
      <stderr></stderr>
      <duration>0.01</duration>
      <timestamp>2012-12-11T10:55:01</timestamp>
      <cases>
        <case>
          <duration>0.01</duration>
          <className>org.jvnet.hudson.test.JellyTestSuiteBuilder$JellyCheck</className>
          <testName>hudson/tools/DownloadFromUrlInstaller/config.jelly</testName>
          <skipped>false</skipped>
          <failedSince>0</failedSince>
        </case>
      </cases>
    </suite>
    <suite>
      <file>/home/jenkins/slave/workspace/jenkins_main_trunk/test/target/surefire-reports/hudson_tools_InstallSourceProperty_config.jelly.235.xml</file>
      <name>hudson_tools_InstallSourceProperty_config.jelly</name>
      <stdout></stdout>
      <stderr></stderr>
      <duration>0.011</duration>
      <timestamp>2012-12-11T10:55:01</timestamp>
      <cases>
        <case>
          <duration>0.011</duration>
          <className>org.jvnet.hudson.test.JellyTestSuiteBuilder$JellyCheck</className>
          <testName>hudson/tools/InstallSourceProperty/config.jelly</testName>
          <skipped>false</skipped>
          <failedSince>0</failedSince>
        </case>
      </cases>
    </suite>
    <suite>
      <file>/home/jenkins/slave/workspace/jenkins_main_trunk/test/target/surefire-reports/hudson_tools_JDKInstaller_DescriptorImpl_credentialOK.jelly.241.xml</file>
      <name>hudson_tools_JDKInstaller_DescriptorImpl_credentialOK.jelly</name>
      <stdout></stdout>
      <stderr></stderr>
      <duration>0.021</duration>
      <timestamp>2012-12-11T10:55:01</timestamp>
      <cases>
        <case>
          <duration>0.021</duration>
          <className>org.jvnet.hudson.test.JellyTestSuiteBuilder$JellyCheck</className>
          <testName>hudson/tools/JDKInstaller/DescriptorImpl/credentialOK.jelly</testName>
          <skipped>false</skipped>
          <failedSince>0</failedSince>
        </case>
      </cases>
    </suite>
    <suite>
      <file>/home/jenkins/slave/workspace/jenkins_main_trunk/test/target/surefire-reports/hudson_tools_JDKInstaller_DescriptorImpl_enterCredential.jelly.242.xml</file>
      <name>hudson_tools_JDKInstaller_DescriptorImpl_enterCredential.jelly</name>
      <stdout></stdout>
      <stderr></stderr>
      <duration>0.036</duration>
      <timestamp>2012-12-11T10:55:01</timestamp>
      <cases>
        <case>
          <duration>0.036</duration>
          <className>org.jvnet.hudson.test.JellyTestSuiteBuilder$JellyCheck</className>
          <testName>hudson/tools/JDKInstaller/DescriptorImpl/enterCredential.jelly</testName>
          <skipped>false</skipped>
          <failedSince>0</failedSince>
        </case>
      </cases>
    </suite>
    <suite>
      <file>/home/jenkins/slave/workspace/jenkins_main_trunk/test/target/surefire-reports/hudson_tools_JDKInstaller_config.jelly.240.xml</file>
      <name>hudson_tools_JDKInstaller_config.jelly</name>
      <stdout></stdout>
      <stderr></stderr>
      <duration>0.016</duration>
      <timestamp>2012-12-11T10:55:01</timestamp>
      <cases>
        <case>
          <duration>0.016</duration>
          <className>org.jvnet.hudson.test.JellyTestSuiteBuilder$JellyCheck</className>
          <testName>hudson/tools/JDKInstaller/config.jelly</testName>
          <skipped>false</skipped>
          <failedSince>0</failedSince>
        </case>
      </cases>
    </suite>
    <suite>
      <file>/home/jenkins/slave/workspace/jenkins_main_trunk/test/target/surefire-reports/hudson_tools_ToolInstallation_config.jelly.238.xml</file>
      <name>hudson_tools_ToolInstallation_config.jelly</name>
      <stdout></stdout>
      <stderr></stderr>
      <duration>0.014</duration>
      <timestamp>2012-12-11T10:55:01</timestamp>
      <cases>
        <case>
          <duration>0.014</duration>
          <className>org.jvnet.hudson.test.JellyTestSuiteBuilder$JellyCheck</className>
          <testName>hudson/tools/ToolInstallation/config.jelly</testName>
          <skipped>false</skipped>
          <failedSince>0</failedSince>
        </case>
      </cases>
    </suite>
    <suite>
      <file>/home/jenkins/slave/workspace/jenkins_main_trunk/test/target/surefire-reports/hudson_tools_ToolInstallation_global.jelly.237.xml</file>
      <name>hudson_tools_ToolInstallation_global.jelly</name>
      <stdout></stdout>
      <stderr></stderr>
      <duration>0.029</duration>
      <timestamp>2012-12-11T10:55:01</timestamp>
      <cases>
        <case>
          <duration>0.029</duration>
          <className>org.jvnet.hudson.test.JellyTestSuiteBuilder$JellyCheck</className>
          <testName>hudson/tools/ToolInstallation/global.jelly</testName>
          <skipped>false</skipped>
          <failedSince>0</failedSince>
        </case>
      </cases>
    </suite>
    <suite>
      <file>/home/jenkins/slave/workspace/jenkins_main_trunk/test/target/surefire-reports/hudson_tools_ToolLocationNodeProperty_config.jelly.244.xml</file>
      <name>hudson_tools_ToolLocationNodeProperty_config.jelly</name>
      <stdout></stdout>
      <stderr></stderr>
      <duration>0.026</duration>
      <timestamp>2012-12-11T10:55:01</timestamp>
      <cases>
        <case>
          <duration>0.026</duration>
          <className>org.jvnet.hudson.test.JellyTestSuiteBuilder$JellyCheck</className>
          <testName>hudson/tools/ToolLocationNodeProperty/config.jelly</testName>
          <skipped>false</skipped>
          <failedSince>0</failedSince>
        </case>
      </cases>
    </suite>
    <suite>
      <file>/home/jenkins/slave/workspace/jenkins_main_trunk/test/target/surefire-reports/hudson_tools_ZipExtractionInstaller_config.jelly.239.xml</file>
      <name>hudson_tools_ZipExtractionInstaller_config.jelly</name>
      <stdout></stdout>
      <stderr></stderr>
      <duration>0.021</duration>
      <timestamp>2012-12-11T10:55:01</timestamp>
      <cases>
        <case>
          <duration>0.021</duration>
          <className>org.jvnet.hudson.test.JellyTestSuiteBuilder$JellyCheck</className>
          <testName>hudson/tools/ZipExtractionInstaller/config.jelly</testName>
          <skipped>false</skipped>
          <failedSince>0</failedSince>
        </case>
      </cases>
    </suite>
    <suite>
      <file>/home/jenkins/slave/workspace/jenkins_main_trunk/test/target/surefire-reports/hudson_tools_label.jelly.234.xml</file>
      <name>hudson_tools_label.jelly</name>
      <stdout></stdout>
      <stderr></stderr>
      <duration>0.008</duration>
      <timestamp>2012-12-11T10:55:01</timestamp>
      <cases>
        <case>
          <duration>0.008</duration>
          <className>org.jvnet.hudson.test.JellyTestSuiteBuilder$JellyCheck</className>
          <testName>hudson/tools/label.jelly</testName>
          <skipped>false</skipped>
          <failedSince>0</failedSince>
        </case>
      </cases>
    </suite>
    <suite>
      <file>/home/jenkins/slave/workspace/jenkins_main_trunk/test/target/surefire-reports/hudson_triggers_SCMTrigger_AdministrativeMonitorImpl_message.jelly.521.xml</file>
      <name>hudson_triggers_SCMTrigger_AdministrativeMonitorImpl_message.jelly</name>
      <stdout></stdout>
      <stderr></stderr>
      <duration>0.002</duration>
      <timestamp>2012-12-11T10:55:06</timestamp>
      <cases>
        <case>
          <duration>0.002</duration>
          <className>org.jvnet.hudson.test.JellyTestSuiteBuilder$JellyCheck</className>
          <testName>hudson/triggers/SCMTrigger/AdministrativeMonitorImpl/message.jelly</testName>
          <skipped>false</skipped>
          <failedSince>0</failedSince>
        </case>
      </cases>
    </suite>
    <suite>
      <file>/home/jenkins/slave/workspace/jenkins_main_trunk/test/target/surefire-reports/hudson_triggers_SCMTrigger_BuildAction_index.jelly.524.xml</file>
      <name>hudson_triggers_SCMTrigger_BuildAction_index.jelly</name>
      <stdout></stdout>
      <stderr></stderr>
      <duration>0.02</duration>
      <timestamp>2012-12-11T10:55:06</timestamp>
      <cases>
        <case>
          <duration>0.02</duration>
          <className>org.jvnet.hudson.test.JellyTestSuiteBuilder$JellyCheck</className>
          <testName>hudson/triggers/SCMTrigger/BuildAction/index.jelly</testName>
          <skipped>false</skipped>
          <failedSince>0</failedSince>
        </case>
      </cases>
    </suite>
    <suite>
      <file>/home/jenkins/slave/workspace/jenkins_main_trunk/test/target/surefire-reports/hudson_triggers_SCMTrigger_DescriptorImpl_index.jelly.522.xml</file>
      <name>hudson_triggers_SCMTrigger_DescriptorImpl_index.jelly</name>
      <stdout></stdout>
      <stderr></stderr>
      <duration>0.02</duration>
      <timestamp>2012-12-11T10:55:06</timestamp>
      <cases>
        <case>
          <duration>0.02</duration>
          <className>org.jvnet.hudson.test.JellyTestSuiteBuilder$JellyCheck</className>
          <testName>hudson/triggers/SCMTrigger/DescriptorImpl/index.jelly</testName>
          <skipped>false</skipped>
          <failedSince>0</failedSince>
        </case>
      </cases>
    </suite>
    <suite>
      <file>/home/jenkins/slave/workspace/jenkins_main_trunk/test/target/surefire-reports/hudson_triggers_SCMTrigger_SCMAction_index.jelly.523.xml</file>
      <name>hudson_triggers_SCMTrigger_SCMAction_index.jelly</name>
      <stdout></stdout>
      <stderr></stderr>
      <duration>0.02</duration>
      <timestamp>2012-12-11T10:55:06</timestamp>
      <cases>
        <case>
          <duration>0.02</duration>
          <className>org.jvnet.hudson.test.JellyTestSuiteBuilder$JellyCheck</className>
          <testName>hudson/triggers/SCMTrigger/SCMAction/index.jelly</testName>
          <skipped>false</skipped>
          <failedSince>0</failedSince>
        </case>
      </cases>
    </suite>
    <suite>
      <file>/home/jenkins/slave/workspace/jenkins_main_trunk/test/target/surefire-reports/hudson_triggers_SCMTrigger_SCMTriggerCause_description.jelly.525.xml</file>
      <name>hudson_triggers_SCMTrigger_SCMTriggerCause_description.jelly</name>
      <stdout></stdout>
      <stderr></stderr>
      <duration>0.002</duration>
      <timestamp>2012-12-11T10:55:06</timestamp>
      <cases>
        <case>
          <duration>0.002</duration>
          <className>org.jvnet.hudson.test.JellyTestSuiteBuilder$JellyCheck</className>
          <testName>hudson/triggers/SCMTrigger/SCMTriggerCause/description.jelly</testName>
          <skipped>false</skipped>
          <failedSince>0</failedSince>
        </case>
      </cases>
    </suite>
    <suite>
      <file>/home/jenkins/slave/workspace/jenkins_main_trunk/test/target/surefire-reports/hudson_triggers_SCMTrigger_config.jelly.520.xml</file>
      <name>hudson_triggers_SCMTrigger_config.jelly</name>
      <stdout></stdout>
      <stderr></stderr>
      <duration>0.014</duration>
      <timestamp>2012-12-11T10:55:06</timestamp>
      <cases>
        <case>
          <duration>0.014</duration>
          <className>org.jvnet.hudson.test.JellyTestSuiteBuilder$JellyCheck</className>
          <testName>hudson/triggers/SCMTrigger/config.jelly</testName>
          <skipped>false</skipped>
          <failedSince>0</failedSince>
        </case>
      </cases>
    </suite>
    <suite>
      <file>/home/jenkins/slave/workspace/jenkins_main_trunk/test/target/surefire-reports/hudson_triggers_SCMTrigger_global.jelly.519.xml</file>
      <name>hudson_triggers_SCMTrigger_global.jelly</name>
      <stdout></stdout>
      <stderr></stderr>
      <duration>0.011</duration>
      <timestamp>2012-12-11T10:55:06</timestamp>
      <cases>
        <case>
          <duration>0.011</duration>
          <className>org.jvnet.hudson.test.JellyTestSuiteBuilder$JellyCheck</className>
          <testName>hudson/triggers/SCMTrigger/global.jelly</testName>
          <skipped>false</skipped>
          <failedSince>0</failedSince>
        </case>
      </cases>
    </suite>
    <suite>
      <file>/home/jenkins/slave/workspace/jenkins_main_trunk/test/target/surefire-reports/hudson_triggers_TimerTrigger_config.jelly.518.xml</file>
      <name>hudson_triggers_TimerTrigger_config.jelly</name>
      <stdout></stdout>
      <stderr></stderr>
      <duration>0.009</duration>
      <timestamp>2012-12-11T10:55:06</timestamp>
      <cases>
        <case>
          <duration>0.009</duration>
          <className>org.jvnet.hudson.test.JellyTestSuiteBuilder$JellyCheck</className>
          <testName>hudson/triggers/TimerTrigger/config.jelly</testName>
          <skipped>false</skipped>
          <failedSince>0</failedSince>
        </case>
      </cases>
    </suite>
    <suite>
      <file>/home/jenkins/slave/workspace/jenkins_main_trunk/test/target/surefire-reports/hudson_util_AWTProblem_index.jelly.516.xml</file>
      <name>hudson_util_AWTProblem_index.jelly</name>
      <stdout></stdout>
      <stderr></stderr>
      <duration>0.022</duration>
      <timestamp>2012-12-11T10:55:06</timestamp>
      <cases>
        <case>
          <duration>0.022</duration>
          <className>org.jvnet.hudson.test.JellyTestSuiteBuilder$JellyCheck</className>
          <testName>hudson/util/AWTProblem/index.jelly</testName>
          <skipped>false</skipped>
          <failedSince>0</failedSince>
        </case>
      </cases>
    </suite>
    <suite>
      <file>/home/jenkins/slave/workspace/jenkins_main_trunk/test/target/surefire-reports/hudson_util_AdministrativeError_index.jelly.512.xml</file>
      <name>hudson_util_AdministrativeError_index.jelly</name>
      <stdout></stdout>
      <stderr></stderr>
      <duration>0.022</duration>
      <timestamp>2012-12-11T10:55:06</timestamp>
      <cases>
        <case>
          <duration>0.022</duration>
          <className>org.jvnet.hudson.test.JellyTestSuiteBuilder$JellyCheck</className>
          <testName>hudson/util/AdministrativeError/index.jelly</testName>
          <skipped>false</skipped>
          <failedSince>0</failedSince>
        </case>
      </cases>
    </suite>
    <suite>
      <file>/home/jenkins/slave/workspace/jenkins_main_trunk/test/target/surefire-reports/hudson_util_AdministrativeError_message.jelly.513.xml</file>
      <name>hudson_util_AdministrativeError_message.jelly</name>
      <stdout></stdout>
      <stderr></stderr>
      <duration>0.003</duration>
      <timestamp>2012-12-11T10:55:06</timestamp>
      <cases>
        <case>
          <duration>0.003</duration>
          <className>org.jvnet.hudson.test.JellyTestSuiteBuilder$JellyCheck</className>
          <testName>hudson/util/AdministrativeError/message.jelly</testName>
          <skipped>false</skipped>
          <failedSince>0</failedSince>
        </case>
      </cases>
    </suite>
    <suite>
      <file>/home/jenkins/slave/workspace/jenkins_main_trunk/test/target/surefire-reports/hudson_util_DoubleLaunchChecker_index.jelly.508.xml</file>
      <name>hudson_util_DoubleLaunchChecker_index.jelly</name>
      <stdout></stdout>
      <stderr></stderr>
      <duration>0.022</duration>
      <timestamp>2012-12-11T10:55:06</timestamp>
      <cases>
        <case>
          <duration>0.022</duration>
          <className>org.jvnet.hudson.test.JellyTestSuiteBuilder$JellyCheck</className>
          <testName>hudson/util/DoubleLaunchChecker/index.jelly</testName>
          <skipped>false</skipped>
          <failedSince>0</failedSince>
        </case>
      </cases>
    </suite>
    <suite>
      <file>/home/jenkins/slave/workspace/jenkins_main_trunk/test/target/surefire-reports/hudson_util_HudsonFailedToLoad_index.jelly.505.xml</file>
      <name>hudson_util_HudsonFailedToLoad_index.jelly</name>
      <stdout></stdout>
      <stderr></stderr>
      <duration>0.022</duration>
      <timestamp>2012-12-11T10:55:06</timestamp>
      <cases>
        <case>
          <duration>0.022</duration>
          <className>org.jvnet.hudson.test.JellyTestSuiteBuilder$JellyCheck</className>
          <testName>hudson/util/HudsonFailedToLoad/index.jelly</testName>
          <skipped>false</skipped>
          <failedSince>0</failedSince>
        </case>
      </cases>
    </suite>
    <suite>
      <file>/home/jenkins/slave/workspace/jenkins_main_trunk/test/target/surefire-reports/hudson_util_HudsonIsLoading_index.jelly.506.xml</file>
      <name>hudson_util_HudsonIsLoading_index.jelly</name>
      <stdout></stdout>
      <stderr></stderr>
      <duration>0.021</duration>
      <timestamp>2012-12-11T10:55:06</timestamp>
      <cases>
        <case>
          <duration>0.021</duration>
          <className>org.jvnet.hudson.test.JellyTestSuiteBuilder$JellyCheck</className>
          <testName>hudson/util/HudsonIsLoading/index.jelly</testName>
          <skipped>false</skipped>
          <failedSince>0</failedSince>
        </case>
      </cases>
    </suite>
    <suite>
      <file>/home/jenkins/slave/workspace/jenkins_main_trunk/test/target/surefire-reports/hudson_util_HudsonIsRestarting_index.jelly.517.xml</file>
      <name>hudson_util_HudsonIsRestarting_index.jelly</name>
      <stdout></stdout>
      <stderr></stderr>
      <duration>0.021</duration>
      <timestamp>2012-12-11T10:55:06</timestamp>
      <cases>
        <case>
          <duration>0.021</duration>
          <className>org.jvnet.hudson.test.JellyTestSuiteBuilder$JellyCheck</className>
          <testName>hudson/util/HudsonIsRestarting/index.jelly</testName>
          <skipped>false</skipped>
          <failedSince>0</failedSince>
        </case>
      </cases>
    </suite>
    <suite>
      <file>/home/jenkins/slave/workspace/jenkins_main_trunk/test/target/surefire-reports/hudson_util_IncompatibleAntVersionDetected_index.jelly.510.xml</file>
      <name>hudson_util_IncompatibleAntVersionDetected_index.jelly</name>
      <stdout></stdout>
      <stderr></stderr>
      <duration>0.022</duration>
      <timestamp>2012-12-11T10:55:06</timestamp>
      <cases>
        <case>
          <duration>0.022</duration>
          <className>org.jvnet.hudson.test.JellyTestSuiteBuilder$JellyCheck</className>
          <testName>hudson/util/IncompatibleAntVersionDetected/index.jelly</testName>
          <skipped>false</skipped>
          <failedSince>0</failedSince>
        </case>
      </cases>
    </suite>
    <suite>
      <file>/home/jenkins/slave/workspace/jenkins_main_trunk/test/target/surefire-reports/hudson_util_IncompatibleServletVersionDetected_index.jelly.504.xml</file>
      <name>hudson_util_IncompatibleServletVersionDetected_index.jelly</name>
      <stdout></stdout>
      <stderr></stderr>
      <duration>0.022</duration>
      <timestamp>2012-12-11T10:55:06</timestamp>
      <cases>
        <case>
          <duration>0.022</duration>
          <className>org.jvnet.hudson.test.JellyTestSuiteBuilder$JellyCheck</className>
          <testName>hudson/util/IncompatibleServletVersionDetected/index.jelly</testName>
          <skipped>false</skipped>
          <failedSince>0</failedSince>
        </case>
      </cases>
    </suite>
    <suite>
      <file>/home/jenkins/slave/workspace/jenkins_main_trunk/test/target/surefire-reports/hudson_util_IncompatibleVMDetected_index.jelly.515.xml</file>
      <name>hudson_util_IncompatibleVMDetected_index.jelly</name>
      <stdout></stdout>
      <stderr></stderr>
      <duration>0.022</duration>
      <timestamp>2012-12-11T10:55:06</timestamp>
      <cases>
        <case>
          <duration>0.022</duration>
          <className>org.jvnet.hudson.test.JellyTestSuiteBuilder$JellyCheck</className>
          <testName>hudson/util/IncompatibleVMDetected/index.jelly</testName>
          <skipped>false</skipped>
          <failedSince>0</failedSince>
        </case>
      </cases>
    </suite>
    <suite>
      <file>/home/jenkins/slave/workspace/jenkins_main_trunk/test/target/surefire-reports/hudson_util_InsufficientPermissionDetected_index.jelly.511.xml</file>
      <name>hudson_util_InsufficientPermissionDetected_index.jelly</name>
      <stdout></stdout>
      <stderr></stderr>
      <duration>0.021</duration>
      <timestamp>2012-12-11T10:55:06</timestamp>
      <cases>
        <case>
          <duration>0.021</duration>
          <className>org.jvnet.hudson.test.JellyTestSuiteBuilder$JellyCheck</className>
          <testName>hudson/util/InsufficientPermissionDetected/index.jelly</testName>
          <skipped>false</skipped>
          <failedSince>0</failedSince>
        </case>
      </cases>
    </suite>
    <suite>
      <file>/home/jenkins/slave/workspace/jenkins_main_trunk/test/target/surefire-reports/hudson_util_JNADoublyLoaded_index.jelly.514.xml</file>
      <name>hudson_util_JNADoublyLoaded_index.jelly</name>
      <stdout></stdout>
      <stderr></stderr>
      <duration>0.023</duration>
      <timestamp>2012-12-11T10:55:06</timestamp>
      <cases>
        <case>
          <duration>0.023</duration>
          <className>org.jvnet.hudson.test.JellyTestSuiteBuilder$JellyCheck</className>
          <testName>hudson/util/JNADoublyLoaded/index.jelly</testName>
          <skipped>false</skipped>
          <failedSince>0</failedSince>
        </case>
      </cases>
    </suite>
    <suite>
      <file>/home/jenkins/slave/workspace/jenkins_main_trunk/test/target/surefire-reports/hudson_util_NoHomeDir_index.jelly.509.xml</file>
      <name>hudson_util_NoHomeDir_index.jelly</name>
      <stdout></stdout>
      <stderr></stderr>
      <duration>0.025</duration>
      <timestamp>2012-12-11T10:55:06</timestamp>
      <cases>
        <case>
          <duration>0.025</duration>
          <className>org.jvnet.hudson.test.JellyTestSuiteBuilder$JellyCheck</className>
          <testName>hudson/util/NoHomeDir/index.jelly</testName>
          <skipped>false</skipped>
          <failedSince>0</failedSince>
        </case>
      </cases>
    </suite>
    <suite>
      <file>/home/jenkins/slave/workspace/jenkins_main_trunk/test/target/surefire-reports/hudson_util_NoTempDir_index.jelly.507.xml</file>
      <name>hudson_util_NoTempDir_index.jelly</name>
      <stdout></stdout>
      <stderr></stderr>
      <duration>0.021</duration>
      <timestamp>2012-12-11T10:55:06</timestamp>
      <cases>
        <case>
          <duration>0.021</duration>
          <className>org.jvnet.hudson.test.JellyTestSuiteBuilder$JellyCheck</className>
          <testName>hudson/util/NoTempDir/index.jelly</testName>
          <skipped>false</skipped>
          <failedSince>0</failedSince>
        </case>
      </cases>
    </suite>
    <suite>
      <file>/home/jenkins/slave/workspace/jenkins_main_trunk/test/target/surefire-reports/hudson_views_BuildButtonColumn_column.jelly.171.xml</file>
      <name>hudson_views_BuildButtonColumn_column.jelly</name>
      <stdout></stdout>
      <stderr></stderr>
      <duration>0.004</duration>
      <timestamp>2012-12-11T10:54:59</timestamp>
      <cases>
        <case>
          <duration>0.004</duration>
          <className>org.jvnet.hudson.test.JellyTestSuiteBuilder$JellyCheck</className>
          <testName>hudson/views/BuildButtonColumn/column.jelly</testName>
          <skipped>false</skipped>
          <failedSince>0</failedSince>
        </case>
      </cases>
    </suite>
    <suite>
      <file>/home/jenkins/slave/workspace/jenkins_main_trunk/test/target/surefire-reports/hudson_views_BuildButtonColumn_columnHeader.jelly.170.xml</file>
      <name>hudson_views_BuildButtonColumn_columnHeader.jelly</name>
      <stdout></stdout>
      <stderr></stderr>
      <duration>0.002</duration>
      <timestamp>2012-12-11T10:54:59</timestamp>
      <cases>
        <case>
          <duration>0.002</duration>
          <className>org.jvnet.hudson.test.JellyTestSuiteBuilder$JellyCheck</className>
          <testName>hudson/views/BuildButtonColumn/columnHeader.jelly</testName>
          <skipped>false</skipped>
          <failedSince>0</failedSince>
        </case>
      </cases>
    </suite>
    <suite>
      <file>/home/jenkins/slave/workspace/jenkins_main_trunk/test/target/surefire-reports/hudson_views_DefaultMyViewsTabBar_myViewTabs.jelly.172.xml</file>
      <name>hudson_views_DefaultMyViewsTabBar_myViewTabs.jelly</name>
      <stdout></stdout>
      <stderr></stderr>
      <duration>0.008</duration>
      <timestamp>2012-12-11T10:54:59</timestamp>
      <cases>
        <case>
          <duration>0.008</duration>
          <className>org.jvnet.hudson.test.JellyTestSuiteBuilder$JellyCheck</className>
          <testName>hudson/views/DefaultMyViewsTabBar/myViewTabs.jelly</testName>
          <skipped>false</skipped>
          <failedSince>0</failedSince>
        </case>
      </cases>
    </suite>
    <suite>
      <file>/home/jenkins/slave/workspace/jenkins_main_trunk/test/target/surefire-reports/hudson_views_DefaultViewsTabBar_viewTabs.jelly.166.xml</file>
      <name>hudson_views_DefaultViewsTabBar_viewTabs.jelly</name>
      <stdout></stdout>
      <stderr></stderr>
      <duration>0.009</duration>
      <timestamp>2012-12-11T10:54:59</timestamp>
      <cases>
        <case>
          <duration>0.009</duration>
          <className>org.jvnet.hudson.test.JellyTestSuiteBuilder$JellyCheck</className>
          <testName>hudson/views/DefaultViewsTabBar/viewTabs.jelly</testName>
          <skipped>false</skipped>
          <failedSince>0</failedSince>
        </case>
      </cases>
    </suite>
    <suite>
      <file>/home/jenkins/slave/workspace/jenkins_main_trunk/test/target/surefire-reports/hudson_views_JobColumn_column.jelly.187.xml</file>
      <name>hudson_views_JobColumn_column.jelly</name>
      <stdout></stdout>
      <stderr></stderr>
      <duration>0.003</duration>
      <timestamp>2012-12-11T10:54:59</timestamp>
      <cases>
        <case>
          <duration>0.003</duration>
          <className>org.jvnet.hudson.test.JellyTestSuiteBuilder$JellyCheck</className>
          <testName>hudson/views/JobColumn/column.jelly</testName>
          <skipped>false</skipped>
          <failedSince>0</failedSince>
        </case>
      </cases>
    </suite>
    <suite>
      <file>/home/jenkins/slave/workspace/jenkins_main_trunk/test/target/surefire-reports/hudson_views_JobColumn_columnHeader.jelly.186.xml</file>
      <name>hudson_views_JobColumn_columnHeader.jelly</name>
      <stdout></stdout>
      <stderr></stderr>
      <duration>0.003</duration>
      <timestamp>2012-12-11T10:54:59</timestamp>
      <cases>
        <case>
          <duration>0.003</duration>
          <className>org.jvnet.hudson.test.JellyTestSuiteBuilder$JellyCheck</className>
          <testName>hudson/views/JobColumn/columnHeader.jelly</testName>
          <skipped>false</skipped>
          <failedSince>0</failedSince>
        </case>
      </cases>
    </suite>
    <suite>
      <file>/home/jenkins/slave/workspace/jenkins_main_trunk/test/target/surefire-reports/hudson_views_LastDurationColumn_column.jelly.183.xml</file>
      <name>hudson_views_LastDurationColumn_column.jelly</name>
      <stdout></stdout>
      <stderr></stderr>
      <duration>0.003</duration>
      <timestamp>2012-12-11T10:54:59</timestamp>
      <cases>
        <case>
          <duration>0.003</duration>
          <className>org.jvnet.hudson.test.JellyTestSuiteBuilder$JellyCheck</className>
          <testName>hudson/views/LastDurationColumn/column.jelly</testName>
          <skipped>false</skipped>
          <failedSince>0</failedSince>
        </case>
      </cases>
    </suite>
    <suite>
      <file>/home/jenkins/slave/workspace/jenkins_main_trunk/test/target/surefire-reports/hudson_views_LastDurationColumn_columnHeader.jelly.182.xml</file>
      <name>hudson_views_LastDurationColumn_columnHeader.jelly</name>
      <stdout></stdout>
      <stderr></stderr>
      <duration>0.002</duration>
      <timestamp>2012-12-11T10:54:59</timestamp>
      <cases>
        <case>
          <duration>0.002</duration>
          <className>org.jvnet.hudson.test.JellyTestSuiteBuilder$JellyCheck</className>
          <testName>hudson/views/LastDurationColumn/columnHeader.jelly</testName>
          <skipped>false</skipped>
          <failedSince>0</failedSince>
        </case>
      </cases>
    </suite>
    <suite>
      <file>/home/jenkins/slave/workspace/jenkins_main_trunk/test/target/surefire-reports/hudson_views_LastFailureColumn_column.jelly.174.xml</file>
      <name>hudson_views_LastFailureColumn_column.jelly</name>
      <stdout></stdout>
      <stderr></stderr>
      <duration>0.003</duration>
      <timestamp>2012-12-11T10:54:59</timestamp>
      <cases>
        <case>
          <duration>0.003</duration>
          <className>org.jvnet.hudson.test.JellyTestSuiteBuilder$JellyCheck</className>
          <testName>hudson/views/LastFailureColumn/column.jelly</testName>
          <skipped>false</skipped>
          <failedSince>0</failedSince>
        </case>
      </cases>
    </suite>
    <suite>
      <file>/home/jenkins/slave/workspace/jenkins_main_trunk/test/target/surefire-reports/hudson_views_LastFailureColumn_columnHeader.jelly.173.xml</file>
      <name>hudson_views_LastFailureColumn_columnHeader.jelly</name>
      <stdout></stdout>
      <stderr></stderr>
      <duration>0.002</duration>
      <timestamp>2012-12-11T10:54:59</timestamp>
      <cases>
        <case>
          <duration>0.002</duration>
          <className>org.jvnet.hudson.test.JellyTestSuiteBuilder$JellyCheck</className>
          <testName>hudson/views/LastFailureColumn/columnHeader.jelly</testName>
          <skipped>false</skipped>
          <failedSince>0</failedSince>
        </case>
      </cases>
    </suite>
    <suite>
      <file>/home/jenkins/slave/workspace/jenkins_main_trunk/test/target/surefire-reports/hudson_views_LastStableColumn_column.jelly.169.xml</file>
      <name>hudson_views_LastStableColumn_column.jelly</name>
      <stdout></stdout>
      <stderr></stderr>
      <duration>0.003</duration>
      <timestamp>2012-12-11T10:54:59</timestamp>
      <cases>
        <case>
          <duration>0.003</duration>
          <className>org.jvnet.hudson.test.JellyTestSuiteBuilder$JellyCheck</className>
          <testName>hudson/views/LastStableColumn/column.jelly</testName>
          <skipped>false</skipped>
          <failedSince>0</failedSince>
        </case>
      </cases>
    </suite>
    <suite>
      <file>/home/jenkins/slave/workspace/jenkins_main_trunk/test/target/surefire-reports/hudson_views_LastStableColumn_columnHeader.jelly.168.xml</file>
      <name>hudson_views_LastStableColumn_columnHeader.jelly</name>
      <stdout></stdout>
      <stderr></stderr>
      <duration>0.002</duration>
      <timestamp>2012-12-11T10:54:59</timestamp>
      <cases>
        <case>
          <duration>0.002</duration>
          <className>org.jvnet.hudson.test.JellyTestSuiteBuilder$JellyCheck</className>
          <testName>hudson/views/LastStableColumn/columnHeader.jelly</testName>
          <skipped>false</skipped>
          <failedSince>0</failedSince>
        </case>
      </cases>
    </suite>
    <suite>
      <file>/home/jenkins/slave/workspace/jenkins_main_trunk/test/target/surefire-reports/hudson_views_LastSuccessColumn_column.jelly.178.xml</file>
      <name>hudson_views_LastSuccessColumn_column.jelly</name>
      <stdout></stdout>
      <stderr></stderr>
      <duration>0.002</duration>
      <timestamp>2012-12-11T10:54:59</timestamp>
      <cases>
        <case>
          <duration>0.002</duration>
          <className>org.jvnet.hudson.test.JellyTestSuiteBuilder$JellyCheck</className>
          <testName>hudson/views/LastSuccessColumn/column.jelly</testName>
          <skipped>false</skipped>
          <failedSince>0</failedSince>
        </case>
      </cases>
    </suite>
    <suite>
      <file>/home/jenkins/slave/workspace/jenkins_main_trunk/test/target/surefire-reports/hudson_views_LastSuccessColumn_columnHeader.jelly.177.xml</file>
      <name>hudson_views_LastSuccessColumn_columnHeader.jelly</name>
      <stdout></stdout>
      <stderr></stderr>
      <duration>0.002</duration>
      <timestamp>2012-12-11T10:54:59</timestamp>
      <cases>
        <case>
          <duration>0.002</duration>
          <className>org.jvnet.hudson.test.JellyTestSuiteBuilder$JellyCheck</className>
          <testName>hudson/views/LastSuccessColumn/columnHeader.jelly</testName>
          <skipped>false</skipped>
          <failedSince>0</failedSince>
        </case>
      </cases>
    </suite>
    <suite>
      <file>/home/jenkins/slave/workspace/jenkins_main_trunk/test/target/surefire-reports/hudson_views_ListViewColumn_columnHeader.jelly.180.xml</file>
      <name>hudson_views_ListViewColumn_columnHeader.jelly</name>
      <stdout></stdout>
      <stderr></stderr>
      <duration>0.002</duration>
      <timestamp>2012-12-11T10:54:59</timestamp>
      <cases>
        <case>
          <duration>0.002</duration>
          <className>org.jvnet.hudson.test.JellyTestSuiteBuilder$JellyCheck</className>
          <testName>hudson/views/ListViewColumn/columnHeader.jelly</testName>
          <skipped>false</skipped>
          <failedSince>0</failedSince>
        </case>
      </cases>
    </suite>
    <suite>
      <file>/home/jenkins/slave/workspace/jenkins_main_trunk/test/target/surefire-reports/hudson_views_ListViewColumn_config.jelly.179.xml</file>
      <name>hudson_views_ListViewColumn_config.jelly</name>
      <stdout></stdout>
      <stderr></stderr>
      <duration>0.002</duration>
      <timestamp>2012-12-11T10:54:59</timestamp>
      <cases>
        <case>
          <duration>0.002</duration>
          <className>org.jvnet.hudson.test.JellyTestSuiteBuilder$JellyCheck</className>
          <testName>hudson/views/ListViewColumn/config.jelly</testName>
          <skipped>false</skipped>
          <failedSince>0</failedSince>
        </case>
      </cases>
    </suite>
    <suite>
      <file>/home/jenkins/slave/workspace/jenkins_main_trunk/test/target/surefire-reports/hudson_views_MyViewsTabBarDescriptor_config.jelly.167.xml</file>
      <name>hudson_views_MyViewsTabBarDescriptor_config.jelly</name>
      <stdout></stdout>
      <stderr></stderr>
      <duration>0.002</duration>
      <timestamp>2012-12-11T10:54:59</timestamp>
      <cases>
        <case>
          <duration>0.002</duration>
          <className>org.jvnet.hudson.test.JellyTestSuiteBuilder$JellyCheck</className>
          <testName>hudson/views/MyViewsTabBarDescriptor/config.jelly</testName>
          <skipped>false</skipped>
          <failedSince>0</failedSince>
        </case>
      </cases>
    </suite>
    <suite>
      <file>/home/jenkins/slave/workspace/jenkins_main_trunk/test/target/surefire-reports/hudson_views_StatusColumn_column.jelly.185.xml</file>
      <name>hudson_views_StatusColumn_column.jelly</name>
      <stdout></stdout>
      <stderr></stderr>
      <duration>0.003</duration>
      <timestamp>2012-12-11T10:54:59</timestamp>
      <cases>
        <case>
          <duration>0.003</duration>
          <className>org.jvnet.hudson.test.JellyTestSuiteBuilder$JellyCheck</className>
          <testName>hudson/views/StatusColumn/column.jelly</testName>
          <skipped>false</skipped>
          <failedSince>0</failedSince>
        </case>
      </cases>
    </suite>
    <suite>
      <file>/home/jenkins/slave/workspace/jenkins_main_trunk/test/target/surefire-reports/hudson_views_StatusColumn_columnHeader.jelly.184.xml</file>
      <name>hudson_views_StatusColumn_columnHeader.jelly</name>
      <stdout></stdout>
      <stderr></stderr>
      <duration>0.003</duration>
      <timestamp>2012-12-11T10:54:59</timestamp>
      <cases>
        <case>
          <duration>0.003</duration>
          <className>org.jvnet.hudson.test.JellyTestSuiteBuilder$JellyCheck</className>
          <testName>hudson/views/StatusColumn/columnHeader.jelly</testName>
          <skipped>false</skipped>
          <failedSince>0</failedSince>
        </case>
      </cases>
    </suite>
    <suite>
      <file>/home/jenkins/slave/workspace/jenkins_main_trunk/test/target/surefire-reports/hudson_views_ViewsTabBarDescriptor_config.jelly.181.xml</file>
      <name>hudson_views_ViewsTabBarDescriptor_config.jelly</name>
      <stdout></stdout>
      <stderr></stderr>
      <duration>0.002</duration>
      <timestamp>2012-12-11T10:54:59</timestamp>
      <cases>
        <case>
          <duration>0.002</duration>
          <className>org.jvnet.hudson.test.JellyTestSuiteBuilder$JellyCheck</className>
          <testName>hudson/views/ViewsTabBarDescriptor/config.jelly</testName>
          <skipped>false</skipped>
          <failedSince>0</failedSince>
        </case>
      </cases>
    </suite>
    <suite>
      <file>/home/jenkins/slave/workspace/jenkins_main_trunk/test/target/surefire-reports/hudson_views_WeatherColumn_column.jelly.176.xml</file>
      <name>hudson_views_WeatherColumn_column.jelly</name>
      <stdout></stdout>
      <stderr></stderr>
      <duration>0.006</duration>
      <timestamp>2012-12-11T10:54:59</timestamp>
      <cases>
        <case>
          <duration>0.006</duration>
          <className>org.jvnet.hudson.test.JellyTestSuiteBuilder$JellyCheck</className>
          <testName>hudson/views/WeatherColumn/column.jelly</testName>
          <skipped>false</skipped>
          <failedSince>0</failedSince>
        </case>
      </cases>
    </suite>
    <suite>
      <file>/home/jenkins/slave/workspace/jenkins_main_trunk/test/target/surefire-reports/hudson_views_WeatherColumn_columnHeader.jelly.175.xml</file>
      <name>hudson_views_WeatherColumn_columnHeader.jelly</name>
      <stdout></stdout>
      <stderr></stderr>
      <duration>0.002</duration>
      <timestamp>2012-12-11T10:54:59</timestamp>
      <cases>
        <case>
          <duration>0.002</duration>
          <className>org.jvnet.hudson.test.JellyTestSuiteBuilder$JellyCheck</className>
          <testName>hudson/views/WeatherColumn/columnHeader.jelly</testName>
          <skipped>false</skipped>
          <failedSince>0</failedSince>
        </case>
      </cases>
    </suite>
    <suite>
      <file>/home/jenkins/slave/workspace/jenkins_main_trunk/test/target/surefire-reports/hudson_widgets_BuildHistoryWidget_entries.jelly.278.xml</file>
      <name>hudson_widgets_BuildHistoryWidget_entries.jelly</name>
      <stdout></stdout>
      <stderr></stderr>
      <duration>0.004</duration>
      <timestamp>2012-12-11T10:55:02</timestamp>
      <cases>
        <case>
          <duration>0.004</duration>
          <className>org.jvnet.hudson.test.JellyTestSuiteBuilder$JellyCheck</className>
          <testName>hudson/widgets/BuildHistoryWidget/entries.jelly</testName>
          <skipped>false</skipped>
          <failedSince>0</failedSince>
        </case>
      </cases>
    </suite>
    <suite>
      <file>/home/jenkins/slave/workspace/jenkins_main_trunk/test/target/surefire-reports/hudson_widgets_HistoryWidget_ajaxBuildHistory.jelly.283.xml</file>
      <name>hudson_widgets_HistoryWidget_ajaxBuildHistory.jelly</name>
      <stdout></stdout>
      <stderr></stderr>
      <duration>0.004</duration>
      <timestamp>2012-12-11T10:55:02</timestamp>
      <cases>
        <case>
          <duration>0.004</duration>
          <className>org.jvnet.hudson.test.JellyTestSuiteBuilder$JellyCheck</className>
          <testName>hudson/widgets/HistoryWidget/ajaxBuildHistory.jelly</testName>
          <skipped>false</skipped>
          <failedSince>0</failedSince>
        </case>
      </cases>
    </suite>
    <suite>
      <file>/home/jenkins/slave/workspace/jenkins_main_trunk/test/target/surefire-reports/hudson_widgets_HistoryWidget_all.jelly.282.xml</file>
      <name>hudson_widgets_HistoryWidget_all.jelly</name>
      <stdout></stdout>
      <stderr></stderr>
      <duration>0.004</duration>
      <timestamp>2012-12-11T10:55:02</timestamp>
      <cases>
        <case>
          <duration>0.004</duration>
          <className>org.jvnet.hudson.test.JellyTestSuiteBuilder$JellyCheck</className>
          <testName>hudson/widgets/HistoryWidget/all.jelly</testName>
          <skipped>false</skipped>
          <failedSince>0</failedSince>
        </case>
      </cases>
    </suite>
    <suite>
      <file>/home/jenkins/slave/workspace/jenkins_main_trunk/test/target/surefire-reports/hudson_widgets_HistoryWidget_entries.jelly.280.xml</file>
      <name>hudson_widgets_HistoryWidget_entries.jelly</name>
      <stdout></stdout>
      <stderr></stderr>
      <duration>0.003</duration>
      <timestamp>2012-12-11T10:55:02</timestamp>
      <cases>
        <case>
          <duration>0.003</duration>
          <className>org.jvnet.hudson.test.JellyTestSuiteBuilder$JellyCheck</className>
          <testName>hudson/widgets/HistoryWidget/entries.jelly</testName>
          <skipped>false</skipped>
          <failedSince>0</failedSince>
        </case>
      </cases>
    </suite>
    <suite>
      <file>/home/jenkins/slave/workspace/jenkins_main_trunk/test/target/surefire-reports/hudson_widgets_HistoryWidget_entry.jelly.281.xml</file>
      <name>hudson_widgets_HistoryWidget_entry.jelly</name>
      <stdout></stdout>
      <stderr></stderr>
      <duration>0.008</duration>
      <timestamp>2012-12-11T10:55:02</timestamp>
      <cases>
        <case>
          <duration>0.008</duration>
          <className>org.jvnet.hudson.test.JellyTestSuiteBuilder$JellyCheck</className>
          <testName>hudson/widgets/HistoryWidget/entry.jelly</testName>
          <skipped>false</skipped>
          <failedSince>0</failedSince>
        </case>
      </cases>
    </suite>
    <suite>
      <file>/home/jenkins/slave/workspace/jenkins_main_trunk/test/target/surefire-reports/hudson_widgets_HistoryWidget_index.jelly.279.xml</file>
      <name>hudson_widgets_HistoryWidget_index.jelly</name>
      <stdout></stdout>
      <stderr></stderr>
      <duration>0.008</duration>
      <timestamp>2012-12-11T10:55:02</timestamp>
      <cases>
        <case>
          <duration>0.008</duration>
          <className>org.jvnet.hudson.test.JellyTestSuiteBuilder$JellyCheck</className>
          <testName>hudson/widgets/HistoryWidget/index.jelly</testName>
          <skipped>false</skipped>
          <failedSince>0</failedSince>
        </case>
      </cases>
    </suite>
    <suite>
      <file>/home/jenkins/slave/workspace/jenkins_main_trunk/test/target/surefire-reports/ity.ExtendedReadPermissionTest.testNoConfigAccessWithPermissionEnabled.860.xml</file>
      <name>hudson.security.ExtendedReadPermissionTest.testNoConfigAccessWithPermissionEnabled</name>
      <stdout>=== Starting ExtendedReadPermissionTest.testNoConfigAccessWithPermissionEnabled
</stdout>
      <stderr>Dec 11, 2012 11:30:07 AM org.mortbay.log.Slf4jLog info
INFO: jetty-6.1.26
Dec 11, 2012 11:30:07 AM org.mortbay.log.Slf4jLog info
INFO: NO JSP Support for , did not find org.apache.jasper.servlet.JspServlet
Dec 11, 2012 11:30:07 AM org.mortbay.log.Slf4jLog info
INFO: Started SocketConnector@0.0.0.0:54493
Dec 11, 2012 11:30:07 AM jenkins.InitReactorRunner$1 onAttained
INFO: Started initialization
Dec 11, 2012 11:30:07 AM jenkins.InitReactorRunner$1 onAttained
INFO: Listed all plugins
Dec 11, 2012 
...[truncated 15453 chars]...
hudson.PluginWrapper stop
INFO: Stopping ant
Dec 11, 2012 11:30:12 AM hudson.PluginWrapper stop
INFO: Stopping javadoc
Dec 11, 2012 11:30:12 AM hudson.PluginWrapper stop
INFO: Stopping subversion
Dec 11, 2012 11:30:12 AM hudson.PluginWrapper stop
INFO: Stopping cvs
Dec 11, 2012 11:30:12 AM hudson.PluginWrapper stop
INFO: Stopping maven-plugin
Dec 11, 2012 11:30:12 AM hudson.PluginWrapper stop
INFO: Stopping translation
Dec 11, 2012 11:30:12 AM hudson.PluginWrapper stop
INFO: Stopping ssh-slaves
</stderr>
      <duration>4.886</duration>
      <timestamp>2012-12-11T11:30:07</timestamp>
      <cases>
        <case>
          <duration>4.886</duration>
          <className>hudson.security.ExtendedReadPermissionTest</className>
          <testName>testNoConfigAccessWithPermissionEnabled</testName>
          <skipped>false</skipped>
          <failedSince>0</failedSince>
        </case>
      </cases>
    </suite>
    <suite>
      <file>/home/jenkins/slave/workspace/jenkins_main_trunk/test/target/surefire-reports/jenkins.ExtensionFilterTest.testFilter.959.xml</file>
      <name>jenkins.ExtensionFilterTest.testFilter</name>
      <stdout>=== Starting ExtensionFilterTest.testFilter
</stdout>
      <stderr>Dec 11, 2012 11:38:53 AM org.mortbay.log.Slf4jLog info
INFO: jetty-6.1.26
Dec 11, 2012 11:38:53 AM org.mortbay.log.Slf4jLog info
INFO: NO JSP Support for , did not find org.apache.jasper.servlet.JspServlet
Dec 11, 2012 11:38:53 AM org.mortbay.log.Slf4jLog info
INFO: Started SocketConnector@0.0.0.0:33849
Dec 11, 2012 11:38:53 AM jenkins.InitReactorRunner$1 onAttained
INFO: Started initialization
Dec 11, 2012 11:38:53 AM jenkins.InitReactorRunner$1 onAttained
INFO: Listed all plugins
Dec 11, 2012 
...[truncated 993 chars]...
hudson.PluginWrapper stop
INFO: Stopping ant
Dec 11, 2012 11:38:57 AM hudson.PluginWrapper stop
INFO: Stopping javadoc
Dec 11, 2012 11:38:57 AM hudson.PluginWrapper stop
INFO: Stopping subversion
Dec 11, 2012 11:38:57 AM hudson.PluginWrapper stop
INFO: Stopping cvs
Dec 11, 2012 11:38:57 AM hudson.PluginWrapper stop
INFO: Stopping maven-plugin
Dec 11, 2012 11:38:57 AM hudson.PluginWrapper stop
INFO: Stopping translation
Dec 11, 2012 11:38:57 AM hudson.PluginWrapper stop
INFO: Stopping ssh-slaves
</stderr>
      <duration>3.737</duration>
      <timestamp>2012-12-11T11:38:53</timestamp>
      <cases>
        <case>
          <duration>3.737</duration>
          <className>jenkins.ExtensionFilterTest</className>
          <testName>testFilter</testName>
          <skipped>false</skipped>
          <failedSince>0</failedSince>
        </case>
      </cases>
    </suite>
    <suite>
      <file>/home/jenkins/slave/workspace/jenkins_main_trunk/test/target/surefire-reports/jenkins.model.JenkinsLocationConfigurationTest.testLocalHostWarning.960.xml</file>
      <name>jenkins.model.JenkinsLocationConfigurationTest.testLocalHostWarning</name>
      <stdout>=== Starting JenkinsLocationConfigurationTest.testLocalHostWarning
</stdout>
      <stderr>Dec 11, 2012 11:38:57 AM org.mortbay.log.Slf4jLog info
INFO: jetty-6.1.26
Dec 11, 2012 11:38:57 AM org.mortbay.log.Slf4jLog info
INFO: NO JSP Support for , did not find org.apache.jasper.servlet.JspServlet
Dec 11, 2012 11:38:57 AM org.mortbay.log.Slf4jLog info
INFO: Started SocketConnector@0.0.0.0:50131
Dec 11, 2012 11:38:57 AM jenkins.InitReactorRunner$1 onAttained
INFO: Started initialization
Dec 11, 2012 11:38:57 AM jenkins.InitReactorRunner$1 onAttained
INFO: Listed all plugins
Dec 11, 2012 
...[truncated 3923 chars]...
hudson.PluginWrapper stop
INFO: Stopping ant
Dec 11, 2012 11:39:02 AM hudson.PluginWrapper stop
INFO: Stopping javadoc
Dec 11, 2012 11:39:02 AM hudson.PluginWrapper stop
INFO: Stopping subversion
Dec 11, 2012 11:39:02 AM hudson.PluginWrapper stop
INFO: Stopping cvs
Dec 11, 2012 11:39:02 AM hudson.PluginWrapper stop
INFO: Stopping maven-plugin
Dec 11, 2012 11:39:02 AM hudson.PluginWrapper stop
INFO: Stopping translation
Dec 11, 2012 11:39:02 AM hudson.PluginWrapper stop
INFO: Stopping ssh-slaves
</stderr>
      <duration>5.811</duration>
      <timestamp>2012-12-11T11:38:57</timestamp>
      <cases>
        <case>
          <duration>5.811</duration>
          <className>jenkins.model.JenkinsLocationConfigurationTest</className>
          <testName>testLocalHostWarning</testName>
          <skipped>false</skipped>
          <failedSince>0</failedSince>
        </case>
      </cases>
    </suite>
    <suite>
      <file>/home/jenkins/slave/workspace/jenkins_main_trunk/test/target/surefire-reports/jenkins.model.JenkinsTest.testDoCheckDisplayNameSameAsDisplayName.969.xml</file>
      <name>jenkins.model.JenkinsTest.testDoCheckDisplayNameSameAsDisplayName</name>
      <stdout>=== Starting JenkinsTest.testDoCheckDisplayNameSameAsDisplayName
</stdout>
      <stderr>Dec 11, 2012 11:39:19 AM org.mortbay.log.Slf4jLog info
INFO: jetty-6.1.26
Dec 11, 2012 11:39:19 AM org.mortbay.log.Slf4jLog info
INFO: NO JSP Support for , did not find org.apache.jasper.servlet.JspServlet
Dec 11, 2012 11:39:19 AM org.mortbay.log.Slf4jLog info
INFO: Started SocketConnector@0.0.0.0:42117
Dec 11, 2012 11:39:19 AM jenkins.InitReactorRunner$1 onAttained
INFO: Started initialization
Dec 11, 2012 11:39:19 AM jenkins.InitReactorRunner$1 onAttained
INFO: Listed all plugins
Dec 11, 2012 
...[truncated 993 chars]...
hudson.PluginWrapper stop
INFO: Stopping ant
Dec 11, 2012 11:39:21 AM hudson.PluginWrapper stop
INFO: Stopping javadoc
Dec 11, 2012 11:39:21 AM hudson.PluginWrapper stop
INFO: Stopping subversion
Dec 11, 2012 11:39:21 AM hudson.PluginWrapper stop
INFO: Stopping cvs
Dec 11, 2012 11:39:21 AM hudson.PluginWrapper stop
INFO: Stopping maven-plugin
Dec 11, 2012 11:39:21 AM hudson.PluginWrapper stop
INFO: Stopping translation
Dec 11, 2012 11:39:21 AM hudson.PluginWrapper stop
INFO: Stopping ssh-slaves
</stderr>
      <duration>2.072</duration>
      <timestamp>2012-12-11T11:39:19</timestamp>
      <cases>
        <case>
          <duration>2.072</duration>
          <className>jenkins.model.JenkinsTest</className>
          <testName>testDoCheckDisplayNameSameAsDisplayName</testName>
          <skipped>false</skipped>
          <failedSince>0</failedSince>
        </case>
      </cases>
    </suite>
    <suite>
      <file>/home/jenkins/slave/workspace/jenkins_main_trunk/test/target/surefire-reports/jenkins.model.JenkinsTest.testDoCheckDisplayNameSameAsJobName.970.xml</file>
      <name>jenkins.model.JenkinsTest.testDoCheckDisplayNameSameAsJobName</name>
      <stdout>=== Starting JenkinsTest.testDoCheckDisplayNameSameAsJobName
</stdout>
      <stderr>Dec 11, 2012 11:39:21 AM org.mortbay.log.Slf4jLog info
INFO: jetty-6.1.26
Dec 11, 2012 11:39:21 AM org.mortbay.log.Slf4jLog info
INFO: NO JSP Support for , did not find org.apache.jasper.servlet.JspServlet
Dec 11, 2012 11:39:21 AM org.mortbay.log.Slf4jLog info
INFO: Started SocketConnector@0.0.0.0:60919
Dec 11, 2012 11:39:21 AM jenkins.InitReactorRunner$1 onAttained
INFO: Started initialization
Dec 11, 2012 11:39:21 AM jenkins.InitReactorRunner$1 onAttained
INFO: Listed all plugins
Dec 11, 2012 
...[truncated 993 chars]...
hudson.PluginWrapper stop
INFO: Stopping ant
Dec 11, 2012 11:39:23 AM hudson.PluginWrapper stop
INFO: Stopping javadoc
Dec 11, 2012 11:39:23 AM hudson.PluginWrapper stop
INFO: Stopping subversion
Dec 11, 2012 11:39:23 AM hudson.PluginWrapper stop
INFO: Stopping cvs
Dec 11, 2012 11:39:23 AM hudson.PluginWrapper stop
INFO: Stopping maven-plugin
Dec 11, 2012 11:39:23 AM hudson.PluginWrapper stop
INFO: Stopping translation
Dec 11, 2012 11:39:23 AM hudson.PluginWrapper stop
INFO: Stopping ssh-slaves
</stderr>
      <duration>2.079</duration>
      <timestamp>2012-12-11T11:39:21</timestamp>
      <cases>
        <case>
          <duration>2.079</duration>
          <className>jenkins.model.JenkinsTest</className>
          <testName>testDoCheckDisplayNameSameAsJobName</testName>
          <skipped>false</skipped>
          <failedSince>0</failedSince>
        </case>
      </cases>
    </suite>
    <suite>
      <file>/home/jenkins/slave/workspace/jenkins_main_trunk/test/target/surefire-reports/jenkins.model.JenkinsTest.testDoCheckDisplayNameUnique.968.xml</file>
      <name>jenkins.model.JenkinsTest.testDoCheckDisplayNameUnique</name>
      <stdout>=== Starting JenkinsTest.testDoCheckDisplayNameUnique
</stdout>
      <stderr>Dec 11, 2012 11:39:17 AM org.mortbay.log.Slf4jLog info
INFO: jetty-6.1.26
Dec 11, 2012 11:39:17 AM org.mortbay.log.Slf4jLog info
INFO: NO JSP Support for , did not find org.apache.jasper.servlet.JspServlet
Dec 11, 2012 11:39:17 AM org.mortbay.log.Slf4jLog info
INFO: Started SocketConnector@0.0.0.0:52876
Dec 11, 2012 11:39:17 AM jenkins.InitReactorRunner$1 onAttained
INFO: Started initialization
Dec 11, 2012 11:39:17 AM jenkins.InitReactorRunner$1 onAttained
INFO: Listed all plugins
Dec 11, 2012 
...[truncated 993 chars]...
hudson.PluginWrapper stop
INFO: Stopping ant
Dec 11, 2012 11:39:19 AM hudson.PluginWrapper stop
INFO: Stopping javadoc
Dec 11, 2012 11:39:19 AM hudson.PluginWrapper stop
INFO: Stopping subversion
Dec 11, 2012 11:39:19 AM hudson.PluginWrapper stop
INFO: Stopping cvs
Dec 11, 2012 11:39:19 AM hudson.PluginWrapper stop
INFO: Stopping maven-plugin
Dec 11, 2012 11:39:19 AM hudson.PluginWrapper stop
INFO: Stopping translation
Dec 11, 2012 11:39:19 AM hudson.PluginWrapper stop
INFO: Stopping ssh-slaves
</stderr>
      <duration>1.879</duration>
      <timestamp>2012-12-11T11:39:17</timestamp>
      <cases>
        <case>
          <duration>1.879</duration>
          <className>jenkins.model.JenkinsTest</className>
          <testName>testDoCheckDisplayNameUnique</testName>
          <skipped>false</skipped>
          <failedSince>0</failedSince>
        </case>
      </cases>
    </suite>
    <suite>
      <file>/home/jenkins/slave/workspace/jenkins_main_trunk/test/target/surefire-reports/jenkins.model.JenkinsTest.testIsDisplayNameUniqueFalse.963.xml</file>
      <name>jenkins.model.JenkinsTest.testIsDisplayNameUniqueFalse</name>
      <stdout>=== Starting JenkinsTest.testIsDisplayNameUniqueFalse
</stdout>
      <stderr>Dec 11, 2012 11:39:08 AM org.mortbay.log.Slf4jLog info
INFO: jetty-6.1.26
Dec 11, 2012 11:39:08 AM org.mortbay.log.Slf4jLog info
INFO: NO JSP Support for , did not find org.apache.jasper.servlet.JspServlet
Dec 11, 2012 11:39:08 AM org.mortbay.log.Slf4jLog info
INFO: Started SocketConnector@0.0.0.0:45405
Dec 11, 2012 11:39:08 AM jenkins.InitReactorRunner$1 onAttained
INFO: Started initialization
Dec 11, 2012 11:39:08 AM jenkins.InitReactorRunner$1 onAttained
INFO: Listed all plugins
Dec 11, 2012 
...[truncated 993 chars]...
hudson.PluginWrapper stop
INFO: Stopping ant
Dec 11, 2012 11:39:10 AM hudson.PluginWrapper stop
INFO: Stopping javadoc
Dec 11, 2012 11:39:10 AM hudson.PluginWrapper stop
INFO: Stopping subversion
Dec 11, 2012 11:39:10 AM hudson.PluginWrapper stop
INFO: Stopping cvs
Dec 11, 2012 11:39:10 AM hudson.PluginWrapper stop
INFO: Stopping maven-plugin
Dec 11, 2012 11:39:10 AM hudson.PluginWrapper stop
INFO: Stopping translation
Dec 11, 2012 11:39:10 AM hudson.PluginWrapper stop
INFO: Stopping ssh-slaves
</stderr>
      <duration>2.552</duration>
      <timestamp>2012-12-11T11:39:08</timestamp>
      <cases>
        <case>
          <duration>2.552</duration>
          <className>jenkins.model.JenkinsTest</className>
          <testName>testIsDisplayNameUniqueFalse</testName>
          <skipped>false</skipped>
          <failedSince>0</failedSince>
        </case>
      </cases>
    </suite>
    <suite>
      <file>/home/jenkins/slave/workspace/jenkins_main_trunk/test/target/surefire-reports/jenkins.model.JenkinsTest.testIsDisplayNameUniqueSameAsCurrentJob.964.xml</file>
      <name>jenkins.model.JenkinsTest.testIsDisplayNameUniqueSameAsCurrentJob</name>
      <stdout>=== Starting JenkinsTest.testIsDisplayNameUniqueSameAsCurrentJob
</stdout>
      <stderr>Dec 11, 2012 11:39:10 AM org.mortbay.log.Slf4jLog info
INFO: jetty-6.1.26
Dec 11, 2012 11:39:10 AM org.mortbay.log.Slf4jLog info
INFO: NO JSP Support for , did not find org.apache.jasper.servlet.JspServlet
Dec 11, 2012 11:39:10 AM org.mortbay.log.Slf4jLog info
INFO: Started SocketConnector@0.0.0.0:58593
Dec 11, 2012 11:39:10 AM jenkins.InitReactorRunner$1 onAttained
INFO: Started initialization
Dec 11, 2012 11:39:10 AM jenkins.InitReactorRunner$1 onAttained
INFO: Listed all plugins
Dec 11, 2012 
...[truncated 993 chars]...
hudson.PluginWrapper stop
INFO: Stopping ant
Dec 11, 2012 11:39:12 AM hudson.PluginWrapper stop
INFO: Stopping javadoc
Dec 11, 2012 11:39:12 AM hudson.PluginWrapper stop
INFO: Stopping subversion
Dec 11, 2012 11:39:12 AM hudson.PluginWrapper stop
INFO: Stopping cvs
Dec 11, 2012 11:39:12 AM hudson.PluginWrapper stop
INFO: Stopping maven-plugin
Dec 11, 2012 11:39:12 AM hudson.PluginWrapper stop
INFO: Stopping translation
Dec 11, 2012 11:39:12 AM hudson.PluginWrapper stop
INFO: Stopping ssh-slaves
</stderr>
      <duration>1.885</duration>
      <timestamp>2012-12-11T11:39:10</timestamp>
      <cases>
        <case>
          <duration>1.885</duration>
          <className>jenkins.model.JenkinsTest</className>
          <testName>testIsDisplayNameUniqueSameAsCurrentJob</testName>
          <skipped>false</skipped>
          <failedSince>0</failedSince>
        </case>
      </cases>
    </suite>
    <suite>
      <file>/home/jenkins/slave/workspace/jenkins_main_trunk/test/target/surefire-reports/jenkins.model.JenkinsTest.testIsDisplayNameUniqueTrue.962.xml</file>
      <name>jenkins.model.JenkinsTest.testIsDisplayNameUniqueTrue</name>
      <stdout>=== Starting JenkinsTest.testIsDisplayNameUniqueTrue
</stdout>
      <stderr>Dec 11, 2012 11:39:05 AM org.mortbay.log.Slf4jLog info
INFO: jetty-6.1.26
Dec 11, 2012 11:39:05 AM org.mortbay.log.Slf4jLog info
INFO: NO JSP Support for , did not find org.apache.jasper.servlet.JspServlet
Dec 11, 2012 11:39:05 AM org.mortbay.log.Slf4jLog info
INFO: Started SocketConnector@0.0.0.0:47841
Dec 11, 2012 11:39:05 AM jenkins.InitReactorRunner$1 onAttained
INFO: Started initialization
Dec 11, 2012 11:39:05 AM jenkins.InitReactorRunner$1 onAttained
INFO: Listed all plugins
Dec 11, 2012 
...[truncated 993 chars]...
hudson.PluginWrapper stop
INFO: Stopping ant
Dec 11, 2012 11:39:07 AM hudson.PluginWrapper stop
INFO: Stopping javadoc
Dec 11, 2012 11:39:07 AM hudson.PluginWrapper stop
INFO: Stopping subversion
Dec 11, 2012 11:39:07 AM hudson.PluginWrapper stop
INFO: Stopping cvs
Dec 11, 2012 11:39:07 AM hudson.PluginWrapper stop
INFO: Stopping maven-plugin
Dec 11, 2012 11:39:07 AM hudson.PluginWrapper stop
INFO: Stopping translation
Dec 11, 2012 11:39:07 AM hudson.PluginWrapper stop
INFO: Stopping ssh-slaves
</stderr>
      <duration>2.423</duration>
      <timestamp>2012-12-11T11:39:05</timestamp>
      <cases>
        <case>
          <duration>2.423</duration>
          <className>jenkins.model.JenkinsTest</className>
          <testName>testIsDisplayNameUniqueTrue</testName>
          <skipped>false</skipped>
          <failedSince>0</failedSince>
        </case>
      </cases>
    </suite>
    <suite>
      <file>/home/jenkins/slave/workspace/jenkins_main_trunk/test/target/surefire-reports/jenkins.model.JenkinsTest.testIsNameUniqueFalse.966.xml</file>
      <name>jenkins.model.JenkinsTest.testIsNameUniqueFalse</name>
      <stdout>=== Starting JenkinsTest.testIsNameUniqueFalse
</stdout>
      <stderr>Dec 11, 2012 11:39:14 AM org.mortbay.log.Slf4jLog info
INFO: jetty-6.1.26
Dec 11, 2012 11:39:14 AM org.mortbay.log.Slf4jLog info
INFO: NO JSP Support for , did not find org.apache.jasper.servlet.JspServlet
Dec 11, 2012 11:39:14 AM org.mortbay.log.Slf4jLog info
INFO: Started SocketConnector@0.0.0.0:51400
Dec 11, 2012 11:39:14 AM jenkins.InitReactorRunner$1 onAttained
INFO: Started initialization
Dec 11, 2012 11:39:14 AM jenkins.InitReactorRunner$1 onAttained
INFO: Listed all plugins
Dec 11, 2012 
...[truncated 993 chars]...
hudson.PluginWrapper stop
INFO: Stopping ant
Dec 11, 2012 11:39:15 AM hudson.PluginWrapper stop
INFO: Stopping javadoc
Dec 11, 2012 11:39:15 AM hudson.PluginWrapper stop
INFO: Stopping subversion
Dec 11, 2012 11:39:15 AM hudson.PluginWrapper stop
INFO: Stopping cvs
Dec 11, 2012 11:39:15 AM hudson.PluginWrapper stop
INFO: Stopping maven-plugin
Dec 11, 2012 11:39:15 AM hudson.PluginWrapper stop
INFO: Stopping translation
Dec 11, 2012 11:39:15 AM hudson.PluginWrapper stop
INFO: Stopping ssh-slaves
</stderr>
      <duration>1.459</duration>
      <timestamp>2012-12-11T11:39:14</timestamp>
      <cases>
        <case>
          <duration>1.459</duration>
          <className>jenkins.model.JenkinsTest</className>
          <testName>testIsNameUniqueFalse</testName>
          <skipped>false</skipped>
          <failedSince>0</failedSince>
        </case>
      </cases>
    </suite>
    <suite>
      <file>/home/jenkins/slave/workspace/jenkins_main_trunk/test/target/surefire-reports/jenkins.model.JenkinsTest.testIsNameUniqueSameAsCurrentJob.967.xml</file>
      <name>jenkins.model.JenkinsTest.testIsNameUniqueSameAsCurrentJob</name>
      <stdout>=== Starting JenkinsTest.testIsNameUniqueSameAsCurrentJob
</stdout>
      <stderr>Dec 11, 2012 11:39:16 AM org.mortbay.log.Slf4jLog info
INFO: jetty-6.1.26
Dec 11, 2012 11:39:16 AM org.mortbay.log.Slf4jLog info
INFO: NO JSP Support for , did not find org.apache.jasper.servlet.JspServlet
Dec 11, 2012 11:39:16 AM org.mortbay.log.Slf4jLog info
INFO: Started SocketConnector@0.0.0.0:60679
Dec 11, 2012 11:39:16 AM jenkins.InitReactorRunner$1 onAttained
INFO: Started initialization
Dec 11, 2012 11:39:16 AM jenkins.InitReactorRunner$1 onAttained
INFO: Listed all plugins
Dec 11, 2012 
...[truncated 993 chars]...
hudson.PluginWrapper stop
INFO: Stopping ant
Dec 11, 2012 11:39:17 AM hudson.PluginWrapper stop
INFO: Stopping javadoc
Dec 11, 2012 11:39:17 AM hudson.PluginWrapper stop
INFO: Stopping subversion
Dec 11, 2012 11:39:17 AM hudson.PluginWrapper stop
INFO: Stopping cvs
Dec 11, 2012 11:39:17 AM hudson.PluginWrapper stop
INFO: Stopping maven-plugin
Dec 11, 2012 11:39:17 AM hudson.PluginWrapper stop
INFO: Stopping translation
Dec 11, 2012 11:39:17 AM hudson.PluginWrapper stop
INFO: Stopping ssh-slaves
</stderr>
      <duration>1.519</duration>
      <timestamp>2012-12-11T11:39:16</timestamp>
      <cases>
        <case>
          <duration>1.519</duration>
          <className>jenkins.model.JenkinsTest</className>
          <testName>testIsNameUniqueSameAsCurrentJob</testName>
          <skipped>false</skipped>
          <failedSince>0</failedSince>
        </case>
      </cases>
    </suite>
    <suite>
      <file>/home/jenkins/slave/workspace/jenkins_main_trunk/test/target/surefire-reports/jenkins.model.JenkinsTest.testIsNameUniqueTrue.965.xml</file>
      <name>jenkins.model.JenkinsTest.testIsNameUniqueTrue</name>
      <stdout>=== Starting JenkinsTest.testIsNameUniqueTrue
</stdout>
      <stderr>Dec 11, 2012 11:39:12 AM org.mortbay.log.Slf4jLog info
INFO: jetty-6.1.26
Dec 11, 2012 11:39:12 AM org.mortbay.log.Slf4jLog info
INFO: NO JSP Support for , did not find org.apache.jasper.servlet.JspServlet
Dec 11, 2012 11:39:12 AM org.mortbay.log.Slf4jLog info
INFO: Started SocketConnector@0.0.0.0:47054
Dec 11, 2012 11:39:12 AM jenkins.InitReactorRunner$1 onAttained
INFO: Started initialization
Dec 11, 2012 11:39:12 AM jenkins.InitReactorRunner$1 onAttained
INFO: Listed all plugins
Dec 11, 2012 
...[truncated 993 chars]...
hudson.PluginWrapper stop
INFO: Stopping ant
Dec 11, 2012 11:39:14 AM hudson.PluginWrapper stop
INFO: Stopping javadoc
Dec 11, 2012 11:39:14 AM hudson.PluginWrapper stop
INFO: Stopping subversion
Dec 11, 2012 11:39:14 AM hudson.PluginWrapper stop
INFO: Stopping cvs
Dec 11, 2012 11:39:14 AM hudson.PluginWrapper stop
INFO: Stopping maven-plugin
Dec 11, 2012 11:39:14 AM hudson.PluginWrapper stop
INFO: Stopping translation
Dec 11, 2012 11:39:14 AM hudson.PluginWrapper stop
INFO: Stopping ssh-slaves
</stderr>
      <duration>2.128</duration>
      <timestamp>2012-12-11T11:39:12</timestamp>
      <cases>
        <case>
          <duration>2.128</duration>
          <className>jenkins.model.JenkinsTest</className>
          <testName>testIsNameUniqueTrue</testName>
          <skipped>false</skipped>
          <failedSince>0</failedSince>
        </case>
      </cases>
    </suite>
    <suite>
      <file>/home/jenkins/slave/workspace/jenkins_main_trunk/test/target/surefire-reports/jenkins.model.JenkinsTest.testUnprotectedRootAction.961.xml</file>
      <name>jenkins.model.JenkinsTest.testUnprotectedRootAction</name>
      <stdout>=== Starting JenkinsTest.testUnprotectedRootAction
</stdout>
      <stderr>Dec 11, 2012 11:39:03 AM org.mortbay.log.Slf4jLog info
INFO: jetty-6.1.26
Dec 11, 2012 11:39:03 AM org.mortbay.log.Slf4jLog info
INFO: NO JSP Support for , did not find org.apache.jasper.servlet.JspServlet
Dec 11, 2012 11:39:03 AM org.mortbay.log.Slf4jLog info
INFO: Started SocketConnector@0.0.0.0:44403
Dec 11, 2012 11:39:03 AM jenkins.InitReactorRunner$1 onAttained
INFO: Started initialization
Dec 11, 2012 11:39:03 AM jenkins.InitReactorRunner$1 onAttained
INFO: Listed all plugins
Dec 11, 2012 
...[truncated 18165 chars]...
hudson.PluginWrapper stop
INFO: Stopping ant
Dec 11, 2012 11:39:05 AM hudson.PluginWrapper stop
INFO: Stopping javadoc
Dec 11, 2012 11:39:05 AM hudson.PluginWrapper stop
INFO: Stopping subversion
Dec 11, 2012 11:39:05 AM hudson.PluginWrapper stop
INFO: Stopping cvs
Dec 11, 2012 11:39:05 AM hudson.PluginWrapper stop
INFO: Stopping maven-plugin
Dec 11, 2012 11:39:05 AM hudson.PluginWrapper stop
INFO: Stopping translation
Dec 11, 2012 11:39:05 AM hudson.PluginWrapper stop
INFO: Stopping ssh-slaves
</stderr>
      <duration>2.333</duration>
      <timestamp>2012-12-11T11:39:03</timestamp>
      <cases>
        <case>
          <duration>2.333</duration>
          <className>jenkins.model.JenkinsTest</className>
          <testName>testUnprotectedRootAction</testName>
          <skipped>false</skipped>
          <failedSince>0</failedSince>
        </case>
      </cases>
    </suite>
    <suite>
      <file>/home/jenkins/slave/workspace/jenkins_main_trunk/test/target/surefire-reports/jenkins.scm.SCMCheckoutStrategyTest.testConfigRoundtrip.971.xml</file>
      <name>jenkins.scm.SCMCheckoutStrategyTest.testConfigRoundtrip</name>
      <stdout>=== Starting SCMCheckoutStrategyTest.testConfigRoundtrip
</stdout>
      <stderr>Dec 11, 2012 11:39:23 AM org.mortbay.log.Slf4jLog info
INFO: jetty-6.1.26
Dec 11, 2012 11:39:23 AM org.mortbay.log.Slf4jLog info
INFO: NO JSP Support for , did not find org.apache.jasper.servlet.JspServlet
Dec 11, 2012 11:39:23 AM org.mortbay.log.Slf4jLog info
INFO: Started SocketConnector@0.0.0.0:43981
Dec 11, 2012 11:39:23 AM jenkins.InitReactorRunner$1 onAttained
INFO: Started initialization
Dec 11, 2012 11:39:23 AM jenkins.InitReactorRunner$1 onAttained
INFO: Listed all plugins
Dec 11, 2012 
...[truncated 4373 chars]...
hudson.PluginWrapper stop
INFO: Stopping ant
Dec 11, 2012 11:39:28 AM hudson.PluginWrapper stop
INFO: Stopping javadoc
Dec 11, 2012 11:39:28 AM hudson.PluginWrapper stop
INFO: Stopping subversion
Dec 11, 2012 11:39:28 AM hudson.PluginWrapper stop
INFO: Stopping cvs
Dec 11, 2012 11:39:28 AM hudson.PluginWrapper stop
INFO: Stopping maven-plugin
Dec 11, 2012 11:39:28 AM hudson.PluginWrapper stop
INFO: Stopping translation
Dec 11, 2012 11:39:28 AM hudson.PluginWrapper stop
INFO: Stopping ssh-slaves
</stderr>
      <duration>5.477</duration>
      <timestamp>2012-12-11T11:39:23</timestamp>
      <cases>
        <case>
          <duration>5.477</duration>
          <className>jenkins.scm.SCMCheckoutStrategyTest</className>
          <testName>testConfigRoundtrip</testName>
          <skipped>false</skipped>
          <failedSince>0</failedSince>
        </case>
      </cases>
    </suite>
    <suite>
      <file>/home/jenkins/slave/workspace/jenkins_main_trunk/test/target/surefire-reports/jenkins.scm.SCMCheckoutStrategyTest.testConfigRoundtrip2.972.xml</file>
      <name>jenkins.scm.SCMCheckoutStrategyTest.testConfigRoundtrip2</name>
      <stdout>=== Starting SCMCheckoutStrategyTest.testConfigRoundtrip2
[jenkins.scm.DefaultSCMCheckoutStrategyImpl$DescriptorImpl@5c3582d1, jenkins.scm.SCMCheckoutStrategyTest$TestSCMCheckoutStrategy$DescriptorImpl@3d1f96a2]
</stdout>
      <stderr>Dec 11, 2012 11:39:29 AM org.mortbay.log.Slf4jLog info
INFO: jetty-6.1.26
Dec 11, 2012 11:39:29 AM org.mortbay.log.Slf4jLog info
INFO: NO JSP Support for , did not find org.apache.jasper.servlet.JspServlet
Dec 11, 2012 11:39:29 AM org.mortbay.log.Slf4jLog info
INFO: Started SocketConnector@0.0.0.0:37395
Dec 11, 2012 11:39:29 AM jenkins.InitReactorRunner$1 onAttained
INFO: Started initialization
Dec 11, 2012 11:39:29 AM jenkins.InitReactorRunner$1 onAttained
INFO: Listed all plugins
Dec 11, 2012 
...[truncated 10233 chars]...
hudson.PluginWrapper stop
INFO: Stopping ant
Dec 11, 2012 11:39:39 AM hudson.PluginWrapper stop
INFO: Stopping javadoc
Dec 11, 2012 11:39:39 AM hudson.PluginWrapper stop
INFO: Stopping subversion
Dec 11, 2012 11:39:39 AM hudson.PluginWrapper stop
INFO: Stopping cvs
Dec 11, 2012 11:39:39 AM hudson.PluginWrapper stop
INFO: Stopping maven-plugin
Dec 11, 2012 11:39:39 AM hudson.PluginWrapper stop
INFO: Stopping translation
Dec 11, 2012 11:39:39 AM hudson.PluginWrapper stop
INFO: Stopping ssh-slaves
</stderr>
      <duration>10.87</duration>
      <timestamp>2012-12-11T11:39:29</timestamp>
      <cases>
        <case>
          <duration>10.87</duration>
          <className>jenkins.scm.SCMCheckoutStrategyTest</className>
          <testName>testConfigRoundtrip2</testName>
          <skipped>false</skipped>
          <failedSince>0</failedSince>
        </case>
      </cases>
    </suite>
    <suite>
      <file>/home/jenkins/slave/workspace/jenkins_main_trunk/test/target/surefire-reports/jenkins.security.ApiTokenPropertyTest.testBasics.973.xml</file>
      <name>jenkins.security.ApiTokenPropertyTest.testBasics</name>
      <stdout>=== Starting ApiTokenPropertyTest.testBasics
</stdout>
      <stderr>Dec 11, 2012 11:39:40 AM org.mortbay.log.Slf4jLog info
INFO: jetty-6.1.26
Dec 11, 2012 11:39:40 AM org.mortbay.log.Slf4jLog info
INFO: NO JSP Support for , did not find org.apache.jasper.servlet.JspServlet
Dec 11, 2012 11:39:40 AM org.mortbay.log.Slf4jLog info
INFO: Started SocketConnector@0.0.0.0:45167
Dec 11, 2012 11:39:40 AM jenkins.InitReactorRunner$1 onAttained
INFO: Started initialization
Dec 11, 2012 11:39:40 AM jenkins.InitReactorRunner$1 onAttained
INFO: Listed all plugins
Dec 11, 2012 
...[truncated 5953 chars]...
hudson.PluginWrapper stop
INFO: Stopping ant
Dec 11, 2012 11:39:43 AM hudson.PluginWrapper stop
INFO: Stopping javadoc
Dec 11, 2012 11:39:43 AM hudson.PluginWrapper stop
INFO: Stopping subversion
Dec 11, 2012 11:39:43 AM hudson.PluginWrapper stop
INFO: Stopping cvs
Dec 11, 2012 11:39:43 AM hudson.PluginWrapper stop
INFO: Stopping maven-plugin
Dec 11, 2012 11:39:43 AM hudson.PluginWrapper stop
INFO: Stopping translation
Dec 11, 2012 11:39:43 AM hudson.PluginWrapper stop
INFO: Stopping ssh-slaves
</stderr>
      <duration>4.217</duration>
      <timestamp>2012-12-11T11:39:40</timestamp>
      <cases>
        <case>
          <duration>4.217</duration>
          <className>jenkins.security.ApiTokenPropertyTest</className>
          <testName>testBasics</testName>
          <skipped>false</skipped>
          <failedSince>0</failedSince>
        </case>
      </cases>
    </suite>
    <suite>
      <file>/home/jenkins/slave/workspace/jenkins_main_trunk/test/target/surefire-reports/jenkins_management_PluginsLink_info.jelly.25.xml</file>
      <name>jenkins_management_PluginsLink_info.jelly</name>
      <stdout></stdout>
      <stderr></stderr>
      <duration>0.004</duration>
      <timestamp>2012-12-11T10:54:57</timestamp>
      <cases>
        <case>
          <duration>0.004</duration>
          <className>org.jvnet.hudson.test.JellyTestSuiteBuilder$JellyCheck</className>
          <testName>jenkins/management/PluginsLink/info.jelly</testName>
          <skipped>false</skipped>
          <failedSince>0</failedSince>
        </case>
      </cases>
    </suite>
    <suite>
      <file>/home/jenkins/slave/workspace/jenkins_main_trunk/test/target/surefire-reports/jenkins_model_Jenkins_MasterComputer_configure.jelly.0.xml</file>
      <name>jenkins_model_Jenkins_MasterComputer_configure.jelly</name>
      <stdout></stdout>
      <stderr></stderr>
      <duration>0.285</duration>
      <timestamp>2012-12-11T10:54:55</timestamp>
      <cases>
        <case>
          <duration>0.285</duration>
          <className>org.jvnet.hudson.test.JellyTestSuiteBuilder$JellyCheck</className>
          <testName>jenkins/model/Jenkins/MasterComputer/configure.jelly</testName>
          <skipped>false</skipped>
          <failedSince>0</failedSince>
        </case>
      </cases>
    </suite>
    <suite>
      <file>/home/jenkins/slave/workspace/jenkins_main_trunk/test/target/surefire-reports/jenkins_model_Jenkins__api.jelly.23.xml</file>
      <name>jenkins_model_Jenkins__api.jelly</name>
      <stdout></stdout>
      <stderr></stderr>
      <duration>0.006</duration>
      <timestamp>2012-12-11T10:54:57</timestamp>
      <cases>
        <case>
          <duration>0.006</duration>
          <className>org.jvnet.hudson.test.JellyTestSuiteBuilder$JellyCheck</className>
          <testName>jenkins/model/Jenkins/_api.jelly</testName>
          <skipped>false</skipped>
          <failedSince>0</failedSince>
        </case>
      </cases>
    </suite>
    <suite>
      <file>/home/jenkins/slave/workspace/jenkins_main_trunk/test/target/surefire-reports/jenkins_model_Jenkins__cli.jelly.3.xml</file>
      <name>jenkins_model_Jenkins__cli.jelly</name>
      <stdout></stdout>
      <stderr></stderr>
      <duration>0.044</duration>
      <timestamp>2012-12-11T10:54:56</timestamp>
      <cases>
        <case>
          <duration>0.044</duration>
          <className>org.jvnet.hudson.test.JellyTestSuiteBuilder$JellyCheck</className>
          <testName>jenkins/model/Jenkins/_cli.jelly</testName>
          <skipped>false</skipped>
          <failedSince>0</failedSince>
        </case>
      </cases>
    </suite>
    <suite>
      <file>/home/jenkins/slave/workspace/jenkins_main_trunk/test/target/surefire-reports/jenkins_model_Jenkins__restart.jelly.11.xml</file>
      <name>jenkins_model_Jenkins__restart.jelly</name>
      <stdout></stdout>
      <stderr></stderr>
      <duration>0.038</duration>
      <timestamp>2012-12-11T10:54:57</timestamp>
      <cases>
        <case>
          <duration>0.038</duration>
          <className>org.jvnet.hudson.test.JellyTestSuiteBuilder$JellyCheck</className>
          <testName>jenkins/model/Jenkins/_restart.jelly</testName>
          <skipped>false</skipped>
          <failedSince>0</failedSince>
        </case>
      </cases>
    </suite>
    <suite>
      <file>/home/jenkins/slave/workspace/jenkins_main_trunk/test/target/surefire-reports/jenkins_model_Jenkins__safeRestart.jelly.22.xml</file>
      <name>jenkins_model_Jenkins__safeRestart.jelly</name>
      <stdout></stdout>
      <stderr></stderr>
      <duration>0.041</duration>
      <timestamp>2012-12-11T10:54:57</timestamp>
      <cases>
        <case>
          <duration>0.041</duration>
          <className>org.jvnet.hudson.test.JellyTestSuiteBuilder$JellyCheck</className>
          <testName>jenkins/model/Jenkins/_safeRestart.jelly</testName>
          <skipped>false</skipped>
          <failedSince>0</failedSince>
        </case>
      </cases>
    </suite>
    <suite>
      <file>/home/jenkins/slave/workspace/jenkins_main_trunk/test/target/surefire-reports/jenkins_model_Jenkins__script.jelly.17.xml</file>
      <name>jenkins_model_Jenkins__script.jelly</name>
      <stdout></stdout>
      <stderr></stderr>
      <duration>0.04</duration>
      <timestamp>2012-12-11T10:54:57</timestamp>
      <cases>
        <case>
          <duration>0.04</duration>
          <className>org.jvnet.hudson.test.JellyTestSuiteBuilder$JellyCheck</className>
          <testName>jenkins/model/Jenkins/_script.jelly</testName>
          <skipped>false</skipped>
          <failedSince>0</failedSince>
        </case>
      </cases>
    </suite>
    <suite>
      <file>/home/jenkins/slave/workspace/jenkins_main_trunk/test/target/surefire-reports/jenkins_model_Jenkins__scriptText.jelly.10.xml</file>
      <name>jenkins_model_Jenkins__scriptText.jelly</name>
      <stdout></stdout>
      <stderr></stderr>
      <duration>0.004</duration>
      <timestamp>2012-12-11T10:54:57</timestamp>
      <cases>
        <case>
          <duration>0.004</duration>
          <className>org.jvnet.hudson.test.JellyTestSuiteBuilder$JellyCheck</className>
          <testName>jenkins/model/Jenkins/_scriptText.jelly</testName>
          <skipped>false</skipped>
          <failedSince>0</failedSince>
        </case>
      </cases>
    </suite>
    <suite>
      <file>/home/jenkins/slave/workspace/jenkins_main_trunk/test/target/surefire-reports/jenkins_model_Jenkins_accessDenied.jelly.24.xml</file>
      <name>jenkins_model_Jenkins_accessDenied.jelly</name>
      <stdout></stdout>
      <stderr></stderr>
      <duration>0.05</duration>
      <timestamp>2012-12-11T10:54:57</timestamp>
      <cases>
        <case>
          <duration>0.05</duration>
          <className>org.jvnet.hudson.test.JellyTestSuiteBuilder$JellyCheck</className>
          <testName>jenkins/model/Jenkins/accessDenied.jelly</testName>
          <skipped>false</skipped>
          <failedSince>0</failedSince>
        </case>
      </cases>
    </suite>
    <suite>
      <file>/home/jenkins/slave/workspace/jenkins_main_trunk/test/target/surefire-reports/jenkins_model_Jenkins_configure.jelly.2.xml</file>
      <name>jenkins_model_Jenkins_configure.jelly</name>
      <stdout></stdout>
      <stderr></stderr>
      <duration>0.111</duration>
      <timestamp>2012-12-11T10:54:56</timestamp>
      <cases>
        <case>
          <duration>0.111</duration>
          <className>org.jvnet.hudson.test.JellyTestSuiteBuilder$JellyCheck</className>
          <testName>jenkins/model/Jenkins/configure.jelly</testName>
          <skipped>false</skipped>
          <failedSince>0</failedSince>
        </case>
      </cases>
    </suite>
    <suite>
      <file>/home/jenkins/slave/workspace/jenkins_main_trunk/test/target/surefire-reports/jenkins_model_Jenkins_configureExecutors.jelly.18.xml</file>
      <name>jenkins_model_Jenkins_configureExecutors.jelly</name>
      <stdout></stdout>
      <stderr></stderr>
      <duration>0.038</duration>
      <timestamp>2012-12-11T10:54:57</timestamp>
      <cases>
        <case>
          <duration>0.038</duration>
          <className>org.jvnet.hudson.test.JellyTestSuiteBuilder$JellyCheck</className>
          <testName>jenkins/model/Jenkins/configureExecutors.jelly</testName>
          <skipped>false</skipped>
          <failedSince>0</failedSince>
        </case>
      </cases>
    </suite>
    <suite>
      <file>/home/jenkins/slave/workspace/jenkins_main_trunk/test/target/surefire-reports/jenkins_model_Jenkins_downgrade.jelly.13.xml</file>
      <name>jenkins_model_Jenkins_downgrade.jelly</name>
      <stdout></stdout>
      <stderr></stderr>
      <duration>0.004</duration>
      <timestamp>2012-12-11T10:54:57</timestamp>
      <cases>
        <case>
          <duration>0.004</duration>
          <className>org.jvnet.hudson.test.JellyTestSuiteBuilder$JellyCheck</className>
          <testName>jenkins/model/Jenkins/downgrade.jelly</testName>
          <skipped>false</skipped>
          <failedSince>0</failedSince>
        </case>
      </cases>
    </suite>
    <suite>
      <file>/home/jenkins/slave/workspace/jenkins_main_trunk/test/target/surefire-reports/jenkins_model_Jenkins_fingerprintCheck.jelly.15.xml</file>
      <name>jenkins_model_Jenkins_fingerprintCheck.jelly</name>
      <stdout></stdout>
      <stderr></stderr>
      <duration>0.05</duration>
      <timestamp>2012-12-11T10:54:57</timestamp>
      <cases>
        <case>
          <duration>0.05</duration>
          <className>org.jvnet.hudson.test.JellyTestSuiteBuilder$JellyCheck</className>
          <testName>jenkins/model/Jenkins/fingerprintCheck.jelly</testName>
          <skipped>false</skipped>
          <failedSince>0</failedSince>
        </case>
      </cases>
    </suite>
    <suite>
      <file>/home/jenkins/slave/workspace/jenkins_main_trunk/test/target/surefire-reports/jenkins_model_Jenkins_legend.jelly.6.xml</file>
      <name>jenkins_model_Jenkins_legend.jelly</name>
      <stdout></stdout>
      <stderr></stderr>
      <duration>0.049</duration>
      <timestamp>2012-12-11T10:54:57</timestamp>
      <cases>
        <case>
          <duration>0.049</duration>
          <className>org.jvnet.hudson.test.JellyTestSuiteBuilder$JellyCheck</className>
          <testName>jenkins/model/Jenkins/legend.jelly</testName>
          <skipped>false</skipped>
          <failedSince>0</failedSince>
        </case>
      </cases>
    </suite>
    <suite>
      <file>/home/jenkins/slave/workspace/jenkins_main_trunk/test/target/surefire-reports/jenkins_model_Jenkins_load_statistics.jelly.14.xml</file>
      <name>jenkins_model_Jenkins_load-statistics.jelly</name>
      <stdout></stdout>
      <stderr></stderr>
      <duration>0.035</duration>
      <timestamp>2012-12-11T10:54:57</timestamp>
      <cases>
        <case>
          <duration>0.035</duration>
          <className>org.jvnet.hudson.test.JellyTestSuiteBuilder$JellyCheck</className>
          <testName>jenkins/model/Jenkins/load-statistics.jelly</testName>
          <skipped>false</skipped>
          <failedSince>0</failedSince>
        </case>
      </cases>
    </suite>
    <suite>
      <file>/home/jenkins/slave/workspace/jenkins_main_trunk/test/target/surefire-reports/jenkins_model_Jenkins_login.jelly.7.xml</file>
      <name>jenkins_model_Jenkins_login.jelly</name>
      <stdout></stdout>
      <stderr></stderr>
      <duration>0.043</duration>
      <timestamp>2012-12-11T10:54:57</timestamp>
      <cases>
        <case>
          <duration>0.043</duration>
          <className>org.jvnet.hudson.test.JellyTestSuiteBuilder$JellyCheck</className>
          <testName>jenkins/model/Jenkins/login.jelly</testName>
          <skipped>false</skipped>
          <failedSince>0</failedSince>
        </case>
      </cases>
    </suite>
    <suite>
      <file>/home/jenkins/slave/workspace/jenkins_main_trunk/test/target/surefire-reports/jenkins_model_Jenkins_loginError.jelly.9.xml</file>
      <name>jenkins_model_Jenkins_loginError.jelly</name>
      <stdout></stdout>
      <stderr></stderr>
      <duration>0.045</duration>
      <timestamp>2012-12-11T10:54:57</timestamp>
      <cases>
        <case>
          <duration>0.045</duration>
          <className>org.jvnet.hudson.test.JellyTestSuiteBuilder$JellyCheck</className>
          <testName>jenkins/model/Jenkins/loginError.jelly</testName>
          <skipped>false</skipped>
          <failedSince>0</failedSince>
        </case>
      </cases>
    </suite>
    <suite>
      <file>/home/jenkins/slave/workspace/jenkins_main_trunk/test/target/surefire-reports/jenkins_model_Jenkins_manage.jelly.20.xml</file>
      <name>jenkins_model_Jenkins_manage.jelly</name>
      <stdout></stdout>
      <stderr></stderr>
      <duration>0.043</duration>
      <timestamp>2012-12-11T10:54:57</timestamp>
      <cases>
        <case>
          <duration>0.043</duration>
          <className>org.jvnet.hudson.test.JellyTestSuiteBuilder$JellyCheck</className>
          <testName>jenkins/model/Jenkins/manage.jelly</testName>
          <skipped>false</skipped>
          <failedSince>0</failedSince>
        </case>
      </cases>
    </suite>
    <suite>
      <file>/home/jenkins/slave/workspace/jenkins_main_trunk/test/target/surefire-reports/jenkins_model_Jenkins_newView.jelly.4.xml</file>
      <name>jenkins_model_Jenkins_newView.jelly</name>
      <stdout></stdout>
      <stderr></stderr>
      <duration>0.087</duration>
      <timestamp>2012-12-11T10:54:56</timestamp>
      <cases>
        <case>
          <duration>0.087</duration>
          <className>org.jvnet.hudson.test.JellyTestSuiteBuilder$JellyCheck</className>
          <testName>jenkins/model/Jenkins/newView.jelly</testName>
          <skipped>false</skipped>
          <failedSince>0</failedSince>
        </case>
      </cases>
    </suite>
    <suite>
      <file>/home/jenkins/slave/workspace/jenkins_main_trunk/test/target/surefire-reports/jenkins_model_Jenkins_noPrincipal.jelly.8.xml</file>
      <name>jenkins_model_Jenkins_noPrincipal.jelly</name>
      <stdout></stdout>
      <stderr></stderr>
      <duration>0.045</duration>
      <timestamp>2012-12-11T10:54:57</timestamp>
      <cases>
        <case>
          <duration>0.045</duration>
          <className>org.jvnet.hudson.test.JellyTestSuiteBuilder$JellyCheck</className>
          <testName>jenkins/model/Jenkins/noPrincipal.jelly</testName>
          <skipped>false</skipped>
          <failedSince>0</failedSince>
        </case>
      </cases>
    </suite>
    <suite>
      <file>/home/jenkins/slave/workspace/jenkins_main_trunk/test/target/surefire-reports/jenkins_model_Jenkins_opensearch.xml.jelly.12.xml</file>
      <name>jenkins_model_Jenkins_opensearch.xml.jelly</name>
      <stdout></stdout>
      <stderr></stderr>
      <duration>0.006</duration>
      <timestamp>2012-12-11T10:54:57</timestamp>
      <cases>
        <case>
          <duration>0.006</duration>
          <className>org.jvnet.hudson.test.JellyTestSuiteBuilder$JellyCheck</className>
          <testName>jenkins/model/Jenkins/opensearch.xml.jelly</testName>
          <skipped>false</skipped>
          <failedSince>0</failedSince>
        </case>
      </cases>
    </suite>
    <suite>
      <file>/home/jenkins/slave/workspace/jenkins_main_trunk/test/target/surefire-reports/jenkins_model_Jenkins_projectRelationship.jelly.1.xml</file>
      <name>jenkins_model_Jenkins_projectRelationship.jelly</name>
      <stdout></stdout>
      <stderr></stderr>
      <duration>0.099</duration>
      <timestamp>2012-12-11T10:54:56</timestamp>
      <cases>
        <case>
          <duration>0.099</duration>
          <className>org.jvnet.hudson.test.JellyTestSuiteBuilder$JellyCheck</className>
          <testName>jenkins/model/Jenkins/projectRelationship.jelly</testName>
          <skipped>false</skipped>
          <failedSince>0</failedSince>
        </case>
      </cases>
    </suite>
    <suite>
      <file>/home/jenkins/slave/workspace/jenkins_main_trunk/test/target/surefire-reports/jenkins_model_Jenkins_projectRelationship_help.jelly.21.xml</file>
      <name>jenkins_model_Jenkins_projectRelationship-help.jelly</name>
      <stdout></stdout>
      <stderr></stderr>
      <duration>0.046</duration>
      <timestamp>2012-12-11T10:54:57</timestamp>
      <cases>
        <case>
          <duration>0.046</duration>
          <className>org.jvnet.hudson.test.JellyTestSuiteBuilder$JellyCheck</className>
          <testName>jenkins/model/Jenkins/projectRelationship-help.jelly</testName>
          <skipped>false</skipped>
          <failedSince>0</failedSince>
        </case>
      </cases>
    </suite>
    <suite>
      <file>/home/jenkins/slave/workspace/jenkins_main_trunk/test/target/surefire-reports/jenkins_model_Jenkins_sidepanel.jelly.16.xml</file>
      <name>jenkins_model_Jenkins_sidepanel.jelly</name>
      <stdout></stdout>
      <stderr></stderr>
      <duration>0.003</duration>
      <timestamp>2012-12-11T10:54:57</timestamp>
      <cases>
        <case>
          <duration>0.003</duration>
          <className>org.jvnet.hudson.test.JellyTestSuiteBuilder$JellyCheck</className>
          <testName>jenkins/model/Jenkins/sidepanel.jelly</testName>
          <skipped>false</skipped>
          <failedSince>0</failedSince>
        </case>
      </cases>
    </suite>
    <suite>
      <file>/home/jenkins/slave/workspace/jenkins_main_trunk/test/target/surefire-reports/jenkins_model_Jenkins_systemInfo.jelly.5.xml</file>
      <name>jenkins_model_Jenkins_systemInfo.jelly</name>
      <stdout></stdout>
      <stderr></stderr>
      <duration>0.056</duration>
      <timestamp>2012-12-11T10:54:57</timestamp>
      <cases>
        <case>
          <duration>0.056</duration>
          <className>org.jvnet.hudson.test.JellyTestSuiteBuilder$JellyCheck</className>
          <testName>jenkins/model/Jenkins/systemInfo.jelly</testName>
          <skipped>false</skipped>
          <failedSince>0</failedSince>
        </case>
      </cases>
    </suite>
    <suite>
      <file>/home/jenkins/slave/workspace/jenkins_main_trunk/test/target/surefire-reports/jenkins_model_Jenkins_threadDump.jelly.19.xml</file>
      <name>jenkins_model_Jenkins_threadDump.jelly</name>
      <stdout></stdout>
      <stderr></stderr>
      <duration>0.041</duration>
      <timestamp>2012-12-11T10:54:57</timestamp>
      <cases>
        <case>
          <duration>0.041</duration>
          <className>org.jvnet.hudson.test.JellyTestSuiteBuilder$JellyCheck</className>
          <testName>jenkins/model/Jenkins/threadDump.jelly</testName>
          <skipped>false</skipped>
          <failedSince>0</failedSince>
        </case>
      </cases>
    </suite>
    <suite>
      <file>/home/jenkins/slave/workspace/jenkins_main_trunk/test/target/surefire-reports/jenkins_mvn_DefaultGlobalSettingsProvider_config.jelly.26.xml</file>
      <name>jenkins_mvn_DefaultGlobalSettingsProvider_config.jelly</name>
      <stdout></stdout>
      <stderr></stderr>
      <duration>0.059</duration>
      <timestamp>2012-12-11T10:54:57</timestamp>
      <cases>
        <case>
          <duration>0.059</duration>
          <className>org.jvnet.hudson.test.JellyTestSuiteBuilder$JellyCheck</className>
          <testName>jenkins/mvn/DefaultGlobalSettingsProvider/config.jelly</testName>
          <skipped>false</skipped>
          <failedSince>0</failedSince>
        </case>
      </cases>
    </suite>
    <suite>
      <file>/home/jenkins/slave/workspace/jenkins_main_trunk/test/target/surefire-reports/jenkins_mvn_DefaultSettingsProvider_config.jelly.29.xml</file>
      <name>jenkins_mvn_DefaultSettingsProvider_config.jelly</name>
      <stdout></stdout>
      <stderr></stderr>
      <duration>0.004</duration>
      <timestamp>2012-12-11T10:54:58</timestamp>
      <cases>
        <case>
          <duration>0.004</duration>
          <className>org.jvnet.hudson.test.JellyTestSuiteBuilder$JellyCheck</className>
          <testName>jenkins/mvn/DefaultSettingsProvider/config.jelly</testName>
          <skipped>false</skipped>
          <failedSince>0</failedSince>
        </case>
      </cases>
    </suite>
    <suite>
      <file>/home/jenkins/slave/workspace/jenkins_main_trunk/test/target/surefire-reports/jenkins_mvn_FilePathGlobalSettingsProvider_config.jelly.28.xml</file>
      <name>jenkins_mvn_FilePathGlobalSettingsProvider_config.jelly</name>
      <stdout></stdout>
      <stderr></stderr>
      <duration>0.016</duration>
      <timestamp>2012-12-11T10:54:58</timestamp>
      <cases>
        <case>
          <duration>0.016</duration>
          <className>org.jvnet.hudson.test.JellyTestSuiteBuilder$JellyCheck</className>
          <testName>jenkins/mvn/FilePathGlobalSettingsProvider/config.jelly</testName>
          <skipped>false</skipped>
          <failedSince>0</failedSince>
        </case>
      </cases>
    </suite>
    <suite>
      <file>/home/jenkins/slave/workspace/jenkins_main_trunk/test/target/surefire-reports/jenkins_mvn_FilePathSettingsProvider_config.jelly.27.xml</file>
      <name>jenkins_mvn_FilePathSettingsProvider_config.jelly</name>
      <stdout></stdout>
      <stderr></stderr>
      <duration>0.017</duration>
      <timestamp>2012-12-11T10:54:58</timestamp>
      <cases>
        <case>
          <duration>0.017</duration>
          <className>org.jvnet.hudson.test.JellyTestSuiteBuilder$JellyCheck</className>
          <testName>jenkins/mvn/FilePathSettingsProvider/config.jelly</testName>
          <skipped>false</skipped>
          <failedSince>0</failedSince>
        </case>
      </cases>
    </suite>
    <suite>
      <file>/home/jenkins/slave/workspace/jenkins_main_trunk/test/target/surefire-reports/jenkins_scm_SCMCheckoutStrategy_config.jelly.30.xml</file>
      <name>jenkins_scm_SCMCheckoutStrategy_config.jelly</name>
      <stdout></stdout>
      <stderr></stderr>
      <duration>0.004</duration>
      <timestamp>2012-12-11T10:54:58</timestamp>
      <cases>
        <case>
          <duration>0.004</duration>
          <className>org.jvnet.hudson.test.JellyTestSuiteBuilder$JellyCheck</className>
          <testName>jenkins/scm/SCMCheckoutStrategy/config.jelly</testName>
          <skipped>false</skipped>
          <failedSince>0</failedSince>
        </case>
      </cases>
    </suite>
    <suite>
      <file>/home/jenkins/slave/workspace/jenkins_main_trunk/test/target/surefire-reports/lib.form.AdvancedButtonTest.testNestedOptionalBlock.974.xml</file>
      <name>lib.form.AdvancedButtonTest.testNestedOptionalBlock</name>
      <stdout>=== Starting AdvancedButtonTest.testNestedOptionalBlock
{&quot;a&quot;:&quot;avalue&quot;,&quot;b&quot;:&quot;bvalue&quot;,&quot;c&quot;:{&quot;d&quot;:&quot;dvalue&quot;},&quot;crumb&quot;:&quot;test&quot;}
</stdout>
      <stderr>Dec 11, 2012 11:39:44 AM org.mortbay.log.Slf4jLog info
INFO: jetty-6.1.26
Dec 11, 2012 11:39:44 AM org.mortbay.log.Slf4jLog info
INFO: NO JSP Support for , did not find org.apache.jasper.servlet.JspServlet
Dec 11, 2012 11:39:44 AM org.mortbay.log.Slf4jLog info
INFO: Started SocketConnector@0.0.0.0:41935
Dec 11, 2012 11:39:44 AM jenkins.InitReactorRunner$1 onAttained
INFO: Started initialization
Dec 11, 2012 11:39:44 AM jenkins.InitReactorRunner$1 onAttained
INFO: Listed all plugins
Dec 11, 2012 
...[truncated 3473 chars]...
hudson.PluginWrapper stop
INFO: Stopping ant
Dec 11, 2012 11:39:46 AM hudson.PluginWrapper stop
INFO: Stopping javadoc
Dec 11, 2012 11:39:46 AM hudson.PluginWrapper stop
INFO: Stopping subversion
Dec 11, 2012 11:39:46 AM hudson.PluginWrapper stop
INFO: Stopping cvs
Dec 11, 2012 11:39:46 AM hudson.PluginWrapper stop
INFO: Stopping maven-plugin
Dec 11, 2012 11:39:46 AM hudson.PluginWrapper stop
INFO: Stopping translation
Dec 11, 2012 11:39:46 AM hudson.PluginWrapper stop
INFO: Stopping ssh-slaves
</stderr>
      <duration>2.433</duration>
      <timestamp>2012-12-11T11:39:44</timestamp>
      <cases>
        <case>
          <duration>2.433</duration>
          <className>lib.form.AdvancedButtonTest</className>
          <testName>testNestedOptionalBlock</testName>
          <skipped>false</skipped>
          <failedSince>0</failedSince>
        </case>
      </cases>
    </suite>
    <suite>
      <file>/home/jenkins/slave/workspace/jenkins_main_trunk/test/target/surefire-reports/lib.form.DropdownListTest.test1.975.xml</file>
      <name>lib.form.DropdownListTest.test1</name>
      <stdout>=== Starting DropdownListTest.test1
{&quot;&quot;:&quot;buildGoal&quot;,&quot;crumb&quot;:&quot;test&quot;,&quot;goalType&quot;:{&quot;a&quot;:&quot;avalue&quot;}}
</stdout>
      <stderr>Dec 11, 2012 11:39:46 AM org.mortbay.log.Slf4jLog info
INFO: jetty-6.1.26
Dec 11, 2012 11:39:46 AM org.mortbay.log.Slf4jLog info
INFO: NO JSP Support for , did not find org.apache.jasper.servlet.JspServlet
Dec 11, 2012 11:39:46 AM org.mortbay.log.Slf4jLog info
INFO: Started SocketConnector@0.0.0.0:44263
Dec 11, 2012 11:39:46 AM jenkins.InitReactorRunner$1 onAttained
INFO: Started initialization
Dec 11, 2012 11:39:46 AM jenkins.InitReactorRunner$1 onAttained
INFO: Listed all plugins
Dec 11, 2012 
...[truncated 3473 chars]...
hudson.PluginWrapper stop
INFO: Stopping ant
Dec 11, 2012 11:39:49 AM hudson.PluginWrapper stop
INFO: Stopping javadoc
Dec 11, 2012 11:39:49 AM hudson.PluginWrapper stop
INFO: Stopping subversion
Dec 11, 2012 11:39:49 AM hudson.PluginWrapper stop
INFO: Stopping cvs
Dec 11, 2012 11:39:49 AM hudson.PluginWrapper stop
INFO: Stopping maven-plugin
Dec 11, 2012 11:39:49 AM hudson.PluginWrapper stop
INFO: Stopping translation
Dec 11, 2012 11:39:49 AM hudson.PluginWrapper stop
INFO: Stopping ssh-slaves
</stderr>
      <duration>3.582</duration>
      <timestamp>2012-12-11T11:39:46</timestamp>
      <cases>
        <case>
          <duration>3.582</duration>
          <className>lib.form.DropdownListTest</className>
          <testName>test1</testName>
          <skipped>false</skipped>
          <failedSince>0</failedSince>
        </case>
      </cases>
    </suite>
    <suite>
      <file>/home/jenkins/slave/workspace/jenkins_main_trunk/test/target/surefire-reports/lib.form.EnumSetTest.test1.976.xml</file>
      <name>lib.form.EnumSetTest.test1</name>
      <stdout>=== Starting EnumSetTest.test1
{&quot;crumb&quot;:&quot;test&quot;}
null
</stdout>
      <stderr>Dec 11, 2012 11:39:50 AM org.mortbay.log.Slf4jLog info
INFO: jetty-6.1.26
Dec 11, 2012 11:39:50 AM org.mortbay.log.Slf4jLog info
INFO: NO JSP Support for , did not find org.apache.jasper.servlet.JspServlet
Dec 11, 2012 11:39:50 AM org.mortbay.log.Slf4jLog info
INFO: Started SocketConnector@0.0.0.0:56034
Dec 11, 2012 11:39:50 AM jenkins.InitReactorRunner$1 onAttained
INFO: Started initialization
Dec 11, 2012 11:39:50 AM jenkins.InitReactorRunner$1 onAttained
INFO: Listed all plugins
Dec 11, 2012 
...[truncated 3473 chars]...
hudson.PluginWrapper stop
INFO: Stopping ant
Dec 11, 2012 11:39:53 AM hudson.PluginWrapper stop
INFO: Stopping javadoc
Dec 11, 2012 11:39:53 AM hudson.PluginWrapper stop
INFO: Stopping subversion
Dec 11, 2012 11:39:53 AM hudson.PluginWrapper stop
INFO: Stopping cvs
Dec 11, 2012 11:39:53 AM hudson.PluginWrapper stop
INFO: Stopping maven-plugin
Dec 11, 2012 11:39:53 AM hudson.PluginWrapper stop
INFO: Stopping translation
Dec 11, 2012 11:39:53 AM hudson.PluginWrapper stop
INFO: Stopping ssh-slaves
</stderr>
      <duration>3.6</duration>
      <timestamp>2012-12-11T11:39:50</timestamp>
      <cases>
        <case>
          <duration>3.6</duration>
          <className>lib.form.EnumSetTest</className>
          <testName>test1</testName>
          <skipped>false</skipped>
          <failedSince>0</failedSince>
        </case>
      </cases>
    </suite>
    <suite>
      <file>/home/jenkins/slave/workspace/jenkins_main_trunk/test/target/surefire-reports/lib.form.ExpandableTextboxTest.testMultiline.977.xml</file>
      <name>lib.form.ExpandableTextboxTest.testMultiline</name>
      <stdout>=== Starting ExpandableTextboxTest.testMultiline
</stdout>
      <stderr>Dec 11, 2012 11:39:54 AM org.mortbay.log.Slf4jLog info
INFO: jetty-6.1.26
Dec 11, 2012 11:39:54 AM org.mortbay.log.Slf4jLog info
INFO: NO JSP Support for , did not find org.apache.jasper.servlet.JspServlet
Dec 11, 2012 11:39:54 AM org.mortbay.log.Slf4jLog info
INFO: Started SocketConnector@0.0.0.0:61000
Dec 11, 2012 11:39:54 AM jenkins.InitReactorRunner$1 onAttained
INFO: Started initialization
Dec 11, 2012 11:39:54 AM jenkins.InitReactorRunner$1 onAttained
INFO: Listed all plugins
Dec 11, 2012 
...[truncated 3473 chars]...
hudson.PluginWrapper stop
INFO: Stopping ant
Dec 11, 2012 11:39:56 AM hudson.PluginWrapper stop
INFO: Stopping javadoc
Dec 11, 2012 11:39:56 AM hudson.PluginWrapper stop
INFO: Stopping subversion
Dec 11, 2012 11:39:56 AM hudson.PluginWrapper stop
INFO: Stopping cvs
Dec 11, 2012 11:39:56 AM hudson.PluginWrapper stop
INFO: Stopping maven-plugin
Dec 11, 2012 11:39:56 AM hudson.PluginWrapper stop
INFO: Stopping translation
Dec 11, 2012 11:39:56 AM hudson.PluginWrapper stop
INFO: Stopping ssh-slaves
</stderr>
      <duration>2.577</duration>
      <timestamp>2012-12-11T11:39:54</timestamp>
      <cases>
        <case>
          <duration>2.577</duration>
          <className>lib.form.ExpandableTextboxTest</className>
          <testName>testMultiline</testName>
          <skipped>false</skipped>
          <failedSince>0</failedSince>
        </case>
      </cases>
    </suite>
    <suite>
      <file>/home/jenkins/slave/workspace/jenkins_main_trunk/test/target/surefire-reports/lib.form.NameRefTest.test1.978.xml</file>
      <name>lib.form.NameRefTest.test1</name>
      <stdout>=== Starting NameRefTest.test1
{&quot;foo&quot;:{&quot;bar&quot;:{&quot;zot&quot;:&quot;zot&quot;}}}
</stdout>
      <stderr>Dec 11, 2012 11:39:56 AM org.mortbay.log.Slf4jLog info
INFO: jetty-6.1.26
Dec 11, 2012 11:39:56 AM org.mortbay.log.Slf4jLog info
INFO: NO JSP Support for , did not find org.apache.jasper.servlet.JspServlet
Dec 11, 2012 11:39:56 AM org.mortbay.log.Slf4jLog info
INFO: Started SocketConnector@0.0.0.0:42652
Dec 11, 2012 11:39:56 AM jenkins.InitReactorRunner$1 onAttained
INFO: Started initialization
Dec 11, 2012 11:39:56 AM jenkins.InitReactorRunner$1 onAttained
INFO: Listed all plugins
Dec 11, 2012 
...[truncated 3473 chars]...
hudson.PluginWrapper stop
INFO: Stopping ant
Dec 11, 2012 11:39:59 AM hudson.PluginWrapper stop
INFO: Stopping javadoc
Dec 11, 2012 11:39:59 AM hudson.PluginWrapper stop
INFO: Stopping subversion
Dec 11, 2012 11:39:59 AM hudson.PluginWrapper stop
INFO: Stopping cvs
Dec 11, 2012 11:39:59 AM hudson.PluginWrapper stop
INFO: Stopping maven-plugin
Dec 11, 2012 11:39:59 AM hudson.PluginWrapper stop
INFO: Stopping translation
Dec 11, 2012 11:39:59 AM hudson.PluginWrapper stop
INFO: Stopping ssh-slaves
</stderr>
      <duration>3.066</duration>
      <timestamp>2012-12-11T11:39:56</timestamp>
      <cases>
        <case>
          <duration>3.066</duration>
          <className>lib.form.NameRefTest</className>
          <testName>test1</testName>
          <skipped>false</skipped>
          <failedSince>0</failedSince>
        </case>
      </cases>
    </suite>
    <suite>
      <file>/home/jenkins/slave/workspace/jenkins_main_trunk/test/target/surefire-reports/lib.form.PasswordTest.test1.979.xml</file>
      <name>lib.form.PasswordTest.test1</name>
      <stdout>=== Starting PasswordTest.test1
</stdout>
      <stderr>Dec 11, 2012 11:39:59 AM org.mortbay.log.Slf4jLog info
INFO: jetty-6.1.26
Dec 11, 2012 11:39:59 AM org.mortbay.log.Slf4jLog info
INFO: NO JSP Support for , did not find org.apache.jasper.servlet.JspServlet
Dec 11, 2012 11:39:59 AM org.mortbay.log.Slf4jLog info
INFO: Started SocketConnector@0.0.0.0:49986
Dec 11, 2012 11:39:59 AM jenkins.InitReactorRunner$1 onAttained
INFO: Started initialization
Dec 11, 2012 11:39:59 AM jenkins.InitReactorRunner$1 onAttained
INFO: Listed all plugins
Dec 11, 2012 
...[truncated 3473 chars]...
hudson.PluginWrapper stop
INFO: Stopping ant
Dec 11, 2012 11:40:01 AM hudson.PluginWrapper stop
INFO: Stopping javadoc
Dec 11, 2012 11:40:01 AM hudson.PluginWrapper stop
INFO: Stopping subversion
Dec 11, 2012 11:40:01 AM hudson.PluginWrapper stop
INFO: Stopping cvs
Dec 11, 2012 11:40:01 AM hudson.PluginWrapper stop
INFO: Stopping maven-plugin
Dec 11, 2012 11:40:01 AM hudson.PluginWrapper stop
INFO: Stopping translation
Dec 11, 2012 11:40:01 AM hudson.PluginWrapper stop
INFO: Stopping ssh-slaves
</stderr>
      <duration>2.412</duration>
      <timestamp>2012-12-11T11:39:59</timestamp>
      <cases>
        <case>
          <duration>2.412</duration>
          <className>lib.form.PasswordTest</className>
          <testName>test1</testName>
          <skipped>false</skipped>
          <failedSince>0</failedSince>
        </case>
      </cases>
    </suite>
    <suite>
      <file>/home/jenkins/slave/workspace/jenkins_main_trunk/test/target/surefire-reports/lib.form.RepeatablePropertyTest.testNullFieldNoDefault.981.xml</file>
      <name>lib.form.RepeatablePropertyTest.testNullFieldNoDefault</name>
      <stdout>=== Starting RepeatablePropertyTest.testNullFieldNoDefault
</stdout>
      <stderr>Dec 11, 2012 11:40:04 AM org.mortbay.log.Slf4jLog info
INFO: jetty-6.1.26
Dec 11, 2012 11:40:04 AM org.mortbay.log.Slf4jLog info
INFO: NO JSP Support for , did not find org.apache.jasper.servlet.JspServlet
Dec 11, 2012 11:40:04 AM org.mortbay.log.Slf4jLog info
INFO: Started SocketConnector@0.0.0.0:43445
Dec 11, 2012 11:40:04 AM jenkins.InitReactorRunner$1 onAttained
INFO: Started initialization
Dec 11, 2012 11:40:04 AM jenkins.InitReactorRunner$1 onAttained
INFO: Listed all plugins
Dec 11, 2012 
...[truncated 3473 chars]...
hudson.PluginWrapper stop
INFO: Stopping ant
Dec 11, 2012 11:40:06 AM hudson.PluginWrapper stop
INFO: Stopping javadoc
Dec 11, 2012 11:40:06 AM hudson.PluginWrapper stop
INFO: Stopping subversion
Dec 11, 2012 11:40:06 AM hudson.PluginWrapper stop
INFO: Stopping cvs
Dec 11, 2012 11:40:06 AM hudson.PluginWrapper stop
INFO: Stopping maven-plugin
Dec 11, 2012 11:40:06 AM hudson.PluginWrapper stop
INFO: Stopping translation
Dec 11, 2012 11:40:06 AM hudson.PluginWrapper stop
INFO: Stopping ssh-slaves
</stderr>
      <duration>2.316</duration>
      <timestamp>2012-12-11T11:40:04</timestamp>
      <cases>
        <case>
          <duration>2.316</duration>
          <className>lib.form.RepeatablePropertyTest</className>
          <testName>testNullFieldNoDefault</testName>
          <skipped>false</skipped>
          <failedSince>0</failedSince>
        </case>
      </cases>
    </suite>
    <suite>
      <file>/home/jenkins/slave/workspace/jenkins_main_trunk/test/target/surefire-reports/lib.form.RepeatablePropertyTest.testNullFieldWithDefault.982.xml</file>
      <name>lib.form.RepeatablePropertyTest.testNullFieldWithDefault</name>
      <stdout>=== Starting RepeatablePropertyTest.testNullFieldWithDefault
</stdout>
      <stderr>Dec 11, 2012 11:40:06 AM org.mortbay.log.Slf4jLog info
INFO: jetty-6.1.26
Dec 11, 2012 11:40:06 AM org.mortbay.log.Slf4jLog info
INFO: NO JSP Support for , did not find org.apache.jasper.servlet.JspServlet
Dec 11, 2012 11:40:06 AM org.mortbay.log.Slf4jLog info
INFO: Started SocketConnector@0.0.0.0:49063
Dec 11, 2012 11:40:06 AM jenkins.InitReactorRunner$1 onAttained
INFO: Started initialization
Dec 11, 2012 11:40:06 AM jenkins.InitReactorRunner$1 onAttained
INFO: Listed all plugins
Dec 11, 2012 
...[truncated 3473 chars]...
hudson.PluginWrapper stop
INFO: Stopping ant
Dec 11, 2012 11:40:08 AM hudson.PluginWrapper stop
INFO: Stopping javadoc
Dec 11, 2012 11:40:08 AM hudson.PluginWrapper stop
INFO: Stopping subversion
Dec 11, 2012 11:40:08 AM hudson.PluginWrapper stop
INFO: Stopping cvs
Dec 11, 2012 11:40:08 AM hudson.PluginWrapper stop
INFO: Stopping maven-plugin
Dec 11, 2012 11:40:08 AM hudson.PluginWrapper stop
INFO: Stopping translation
Dec 11, 2012 11:40:08 AM hudson.PluginWrapper stop
INFO: Stopping ssh-slaves
</stderr>
      <duration>2.56</duration>
      <timestamp>2012-12-11T11:40:06</timestamp>
      <cases>
        <case>
          <duration>2.56</duration>
          <className>lib.form.RepeatablePropertyTest</className>
          <testName>testNullFieldWithDefault</testName>
          <skipped>false</skipped>
          <failedSince>0</failedSince>
        </case>
      </cases>
    </suite>
    <suite>
      <file>/home/jenkins/slave/workspace/jenkins_main_trunk/test/target/surefire-reports/lib.form.RepeatablePropertyTest.testSimple.980.xml</file>
      <name>lib.form.RepeatablePropertyTest.testSimple</name>
      <stdout>=== Starting RepeatablePropertyTest.testSimple
</stdout>
      <stderr>Dec 11, 2012 11:40:02 AM org.mortbay.log.Slf4jLog info
INFO: jetty-6.1.26
Dec 11, 2012 11:40:02 AM org.mortbay.log.Slf4jLog info
INFO: NO JSP Support for , did not find org.apache.jasper.servlet.JspServlet
Dec 11, 2012 11:40:02 AM org.mortbay.log.Slf4jLog info
INFO: Started SocketConnector@0.0.0.0:33465
Dec 11, 2012 11:40:02 AM jenkins.InitReactorRunner$1 onAttained
INFO: Started initialization
Dec 11, 2012 11:40:02 AM jenkins.InitReactorRunner$1 onAttained
INFO: Listed all plugins
Dec 11, 2012 
...[truncated 3473 chars]...
hudson.PluginWrapper stop
INFO: Stopping ant
Dec 11, 2012 11:40:03 AM hudson.PluginWrapper stop
INFO: Stopping javadoc
Dec 11, 2012 11:40:03 AM hudson.PluginWrapper stop
INFO: Stopping subversion
Dec 11, 2012 11:40:03 AM hudson.PluginWrapper stop
INFO: Stopping cvs
Dec 11, 2012 11:40:03 AM hudson.PluginWrapper stop
INFO: Stopping maven-plugin
Dec 11, 2012 11:40:03 AM hudson.PluginWrapper stop
INFO: Stopping translation
Dec 11, 2012 11:40:03 AM hudson.PluginWrapper stop
INFO: Stopping ssh-slaves
</stderr>
      <duration>2.437</duration>
      <timestamp>2012-12-11T11:40:02</timestamp>
      <cases>
        <case>
          <duration>2.437</duration>
          <className>lib.form.RepeatablePropertyTest</className>
          <testName>testSimple</testName>
          <skipped>false</skipped>
          <failedSince>0</failedSince>
        </case>
      </cases>
    </suite>
    <suite>
      <file>/home/jenkins/slave/workspace/jenkins_main_trunk/test/target/surefire-reports/lib.form.RepeatableTest.testDropdownList.996.xml</file>
      <name>lib.form.RepeatableTest.testDropdownList</name>
      <stdout>=== Starting RepeatableTest.testDropdownList
</stdout>
      <stderr>Dec 11, 2012 11:40:50 AM org.mortbay.log.Slf4jLog info
INFO: jetty-6.1.26
Dec 11, 2012 11:40:50 AM org.mortbay.log.Slf4jLog info
INFO: NO JSP Support for , did not find org.apache.jasper.servlet.JspServlet
Dec 11, 2012 11:40:50 AM org.mortbay.log.Slf4jLog info
INFO: Started SocketConnector@0.0.0.0:48608
Dec 11, 2012 11:40:50 AM jenkins.InitReactorRunner$1 onAttained
INFO: Started initialization
Dec 11, 2012 11:40:50 AM jenkins.InitReactorRunner$1 onAttained
INFO: Listed all plugins
Dec 11, 2012 
...[truncated 3473 chars]...
hudson.PluginWrapper stop
INFO: Stopping ant
Dec 11, 2012 11:40:53 AM hudson.PluginWrapper stop
INFO: Stopping javadoc
Dec 11, 2012 11:40:53 AM hudson.PluginWrapper stop
INFO: Stopping subversion
Dec 11, 2012 11:40:53 AM hudson.PluginWrapper stop
INFO: Stopping cvs
Dec 11, 2012 11:40:53 AM hudson.PluginWrapper stop
INFO: Stopping maven-plugin
Dec 11, 2012 11:40:53 AM hudson.PluginWrapper stop
INFO: Stopping translation
Dec 11, 2012 11:40:53 AM hudson.PluginWrapper stop
INFO: Stopping ssh-slaves
</stderr>
      <duration>2.998</duration>
      <timestamp>2012-12-11T11:40:50</timestamp>
      <cases>
        <case>
          <duration>2.998</duration>
          <className>lib.form.RepeatableTest</className>
          <testName>testDropdownList</testName>
          <skipped>false</skipped>
          <failedSince>0</failedSince>
        </case>
      </cases>
    </suite>
    <suite>
      <file>/home/jenkins/slave/workspace/jenkins_main_trunk/test/target/surefire-reports/lib.form.RepeatableTest.testFieldDefaultsIgnoredIfFieldHasData.992.xml</file>
      <name>lib.form.RepeatableTest.testFieldDefaultsIgnoredIfFieldHasData</name>
      <stdout>=== Starting RepeatableTest.testFieldDefaultsIgnoredIfFieldHasData
</stdout>
      <stderr>Dec 11, 2012 11:40:38 AM org.mortbay.log.Slf4jLog info
INFO: jetty-6.1.26
Dec 11, 2012 11:40:38 AM org.mortbay.log.Slf4jLog info
INFO: NO JSP Support for , did not find org.apache.jasper.servlet.JspServlet
Dec 11, 2012 11:40:38 AM org.mortbay.log.Slf4jLog info
INFO: Started SocketConnector@0.0.0.0:34510
Dec 11, 2012 11:40:38 AM jenkins.InitReactorRunner$1 onAttained
INFO: Started initialization
Dec 11, 2012 11:40:38 AM jenkins.InitReactorRunner$1 onAttained
INFO: Listed all plugins
Dec 11, 2012 
...[truncated 3473 chars]...
hudson.PluginWrapper stop
INFO: Stopping ant
Dec 11, 2012 11:40:41 AM hudson.PluginWrapper stop
INFO: Stopping javadoc
Dec 11, 2012 11:40:41 AM hudson.PluginWrapper stop
INFO: Stopping subversion
Dec 11, 2012 11:40:41 AM hudson.PluginWrapper stop
INFO: Stopping cvs
Dec 11, 2012 11:40:41 AM hudson.PluginWrapper stop
INFO: Stopping maven-plugin
Dec 11, 2012 11:40:41 AM hudson.PluginWrapper stop
INFO: Stopping translation
Dec 11, 2012 11:40:41 AM hudson.PluginWrapper stop
INFO: Stopping ssh-slaves
</stderr>
      <duration>3.353</duration>
      <timestamp>2012-12-11T11:40:38</timestamp>
      <cases>
        <case>
          <duration>3.353</duration>
          <className>lib.form.RepeatableTest</className>
          <testName>testFieldDefaultsIgnoredIfFieldHasData</testName>
          <skipped>false</skipped>
          <failedSince>0</failedSince>
        </case>
      </cases>
    </suite>
    <suite>
      <file>/home/jenkins/slave/workspace/jenkins_main_trunk/test/target/surefire-reports/lib.form.RepeatableTest.testFieldWithDefaults.991.xml</file>
      <name>lib.form.RepeatableTest.testFieldWithDefaults</name>
      <stdout>=== Starting RepeatableTest.testFieldWithDefaults
</stdout>
      <stderr>Dec 11, 2012 11:40:34 AM org.mortbay.log.Slf4jLog info
INFO: jetty-6.1.26
Dec 11, 2012 11:40:34 AM org.mortbay.log.Slf4jLog info
INFO: NO JSP Support for , did not find org.apache.jasper.servlet.JspServlet
Dec 11, 2012 11:40:34 AM org.mortbay.log.Slf4jLog info
INFO: Started SocketConnector@0.0.0.0:33925
Dec 11, 2012 11:40:34 AM jenkins.InitReactorRunner$1 onAttained
INFO: Started initialization
Dec 11, 2012 11:40:34 AM jenkins.InitReactorRunner$1 onAttained
INFO: Listed all plugins
Dec 11, 2012 
...[truncated 3473 chars]...
hudson.PluginWrapper stop
INFO: Stopping ant
Dec 11, 2012 11:40:37 AM hudson.PluginWrapper stop
INFO: Stopping javadoc
Dec 11, 2012 11:40:37 AM hudson.PluginWrapper stop
INFO: Stopping subversion
Dec 11, 2012 11:40:37 AM hudson.PluginWrapper stop
INFO: Stopping cvs
Dec 11, 2012 11:40:37 AM hudson.PluginWrapper stop
INFO: Stopping maven-plugin
Dec 11, 2012 11:40:37 AM hudson.PluginWrapper stop
INFO: Stopping translation
Dec 11, 2012 11:40:37 AM hudson.PluginWrapper stop
INFO: Stopping ssh-slaves
</stderr>
      <duration>4.309</duration>
      <timestamp>2012-12-11T11:40:34</timestamp>
      <cases>
        <case>
          <duration>4.309</duration>
          <className>lib.form.RepeatableTest</className>
          <testName>testFieldWithDefaults</testName>
          <skipped>false</skipped>
          <failedSince>0</failedSince>
        </case>
      </cases>
    </suite>
    <suite>
      <file>/home/jenkins/slave/workspace/jenkins_main_trunk/test/target/surefire-reports/lib.form.RepeatableTest.testItemsDefaultsIgnoredIfFieldHasData.990.xml</file>
      <name>lib.form.RepeatableTest.testItemsDefaultsIgnoredIfFieldHasData</name>
      <stdout>=== Starting RepeatableTest.testItemsDefaultsIgnoredIfFieldHasData
</stdout>
      <stderr>Dec 11, 2012 11:40:31 AM org.mortbay.log.Slf4jLog info
INFO: jetty-6.1.26
Dec 11, 2012 11:40:31 AM org.mortbay.log.Slf4jLog info
INFO: NO JSP Support for , did not find org.apache.jasper.servlet.JspServlet
Dec 11, 2012 11:40:31 AM org.mortbay.log.Slf4jLog info
INFO: Started SocketConnector@0.0.0.0:46295
Dec 11, 2012 11:40:31 AM jenkins.InitReactorRunner$1 onAttained
INFO: Started initialization
Dec 11, 2012 11:40:31 AM jenkins.InitReactorRunner$1 onAttained
INFO: Listed all plugins
Dec 11, 2012 
...[truncated 3473 chars]...
hudson.PluginWrapper stop
INFO: Stopping ant
Dec 11, 2012 11:40:33 AM hudson.PluginWrapper stop
INFO: Stopping javadoc
Dec 11, 2012 11:40:33 AM hudson.PluginWrapper stop
INFO: Stopping subversion
Dec 11, 2012 11:40:33 AM hudson.PluginWrapper stop
INFO: Stopping cvs
Dec 11, 2012 11:40:33 AM hudson.PluginWrapper stop
INFO: Stopping maven-plugin
Dec 11, 2012 11:40:33 AM hudson.PluginWrapper stop
INFO: Stopping translation
Dec 11, 2012 11:40:33 AM hudson.PluginWrapper stop
INFO: Stopping ssh-slaves
</stderr>
      <duration>2.888</duration>
      <timestamp>2012-12-11T11:40:31</timestamp>
      <cases>
        <case>
          <duration>2.888</duration>
          <className>lib.form.RepeatableTest</className>
          <testName>testItemsDefaultsIgnoredIfFieldHasData</testName>
          <skipped>false</skipped>
          <failedSince>0</failedSince>
        </case>
      </cases>
    </suite>
    <suite>
      <file>/home/jenkins/slave/workspace/jenkins_main_trunk/test/target/surefire-reports/lib.form.RepeatableTest.testItemsWithDefaults.989.xml</file>
      <name>lib.form.RepeatableTest.testItemsWithDefaults</name>
      <stdout>=== Starting RepeatableTest.testItemsWithDefaults
</stdout>
      <stderr>Dec 11, 2012 11:40:28 AM org.mortbay.log.Slf4jLog info
INFO: jetty-6.1.26
Dec 11, 2012 11:40:28 AM org.mortbay.log.Slf4jLog info
INFO: NO JSP Support for , did not find org.apache.jasper.servlet.JspServlet
Dec 11, 2012 11:40:28 AM org.mortbay.log.Slf4jLog info
INFO: Started SocketConnector@0.0.0.0:54768
Dec 11, 2012 11:40:28 AM jenkins.InitReactorRunner$1 onAttained
INFO: Started initialization
Dec 11, 2012 11:40:28 AM jenkins.InitReactorRunner$1 onAttained
INFO: Listed all plugins
Dec 11, 2012 
...[truncated 3473 chars]...
hudson.PluginWrapper stop
INFO: Stopping ant
Dec 11, 2012 11:40:30 AM hudson.PluginWrapper stop
INFO: Stopping javadoc
Dec 11, 2012 11:40:30 AM hudson.PluginWrapper stop
INFO: Stopping subversion
Dec 11, 2012 11:40:30 AM hudson.PluginWrapper stop
INFO: Stopping cvs
Dec 11, 2012 11:40:30 AM hudson.PluginWrapper stop
INFO: Stopping maven-plugin
Dec 11, 2012 11:40:30 AM hudson.PluginWrapper stop
INFO: Stopping translation
Dec 11, 2012 11:40:30 AM hudson.PluginWrapper stop
INFO: Stopping ssh-slaves
</stderr>
      <duration>2.698</duration>
      <timestamp>2012-12-11T11:40:28</timestamp>
      <cases>
        <case>
          <duration>2.698</duration>
          <className>lib.form.RepeatableTest</className>
          <testName>testItemsWithDefaults</testName>
          <skipped>false</skipped>
          <failedSince>0</failedSince>
        </case>
      </cases>
    </suite>
    <suite>
      <file>/home/jenkins/slave/workspace/jenkins_main_trunk/test/target/surefire-reports/lib.form.RepeatableTest.testMinimum.986.xml</file>
      <name>lib.form.RepeatableTest.testMinimum</name>
      <stdout>=== Starting RepeatableTest.testMinimum
</stdout>
      <stderr>Dec 11, 2012 11:40:19 AM org.mortbay.log.Slf4jLog info
INFO: jetty-6.1.26
Dec 11, 2012 11:40:19 AM org.mortbay.log.Slf4jLog info
INFO: NO JSP Support for , did not find org.apache.jasper.servlet.JspServlet
Dec 11, 2012 11:40:19 AM org.mortbay.log.Slf4jLog info
INFO: Started SocketConnector@0.0.0.0:48586
Dec 11, 2012 11:40:19 AM jenkins.InitReactorRunner$1 onAttained
INFO: Started initialization
Dec 11, 2012 11:40:19 AM jenkins.InitReactorRunner$1 onAttained
INFO: Listed all plugins
Dec 11, 2012 
...[truncated 3473 chars]...
hudson.PluginWrapper stop
INFO: Stopping ant
Dec 11, 2012 11:40:20 AM hudson.PluginWrapper stop
INFO: Stopping javadoc
Dec 11, 2012 11:40:20 AM hudson.PluginWrapper stop
INFO: Stopping subversion
Dec 11, 2012 11:40:20 AM hudson.PluginWrapper stop
INFO: Stopping cvs
Dec 11, 2012 11:40:20 AM hudson.PluginWrapper stop
INFO: Stopping maven-plugin
Dec 11, 2012 11:40:20 AM hudson.PluginWrapper stop
INFO: Stopping translation
Dec 11, 2012 11:40:20 AM hudson.PluginWrapper stop
INFO: Stopping ssh-slaves
</stderr>
      <duration>2.484</duration>
      <timestamp>2012-12-11T11:40:19</timestamp>
      <cases>
        <case>
          <duration>2.484</duration>
          <className>lib.form.RepeatableTest</className>
          <testName>testMinimum</testName>
          <skipped>false</skipped>
          <failedSince>0</failedSince>
        </case>
      </cases>
    </suite>
    <suite>
      <file>/home/jenkins/slave/workspace/jenkins_main_trunk/test/target/surefire-reports/lib.form.RepeatableTest.testMinimum_ExistingData.987.xml</file>
      <name>lib.form.RepeatableTest.testMinimum_ExistingData</name>
      <stdout>=== Starting RepeatableTest.testMinimum_ExistingData
</stdout>
      <stderr>Dec 11, 2012 11:40:21 AM org.mortbay.log.Slf4jLog info
INFO: jetty-6.1.26
Dec 11, 2012 11:40:21 AM org.mortbay.log.Slf4jLog info
INFO: NO JSP Support for , did not find org.apache.jasper.servlet.JspServlet
Dec 11, 2012 11:40:21 AM org.mortbay.log.Slf4jLog info
INFO: Started SocketConnector@0.0.0.0:54579
Dec 11, 2012 11:40:21 AM jenkins.InitReactorRunner$1 onAttained
INFO: Started initialization
Dec 11, 2012 11:40:21 AM jenkins.InitReactorRunner$1 onAttained
INFO: Listed all plugins
Dec 11, 2012 
...[truncated 3473 chars]...
hudson.PluginWrapper stop
INFO: Stopping ant
Dec 11, 2012 11:40:23 AM hudson.PluginWrapper stop
INFO: Stopping javadoc
Dec 11, 2012 11:40:23 AM hudson.PluginWrapper stop
INFO: Stopping subversion
Dec 11, 2012 11:40:23 AM hudson.PluginWrapper stop
INFO: Stopping cvs
Dec 11, 2012 11:40:23 AM hudson.PluginWrapper stop
INFO: Stopping maven-plugin
Dec 11, 2012 11:40:23 AM hudson.PluginWrapper stop
INFO: Stopping translation
Dec 11, 2012 11:40:23 AM hudson.PluginWrapper stop
INFO: Stopping ssh-slaves
</stderr>
      <duration>2.683</duration>
      <timestamp>2012-12-11T11:40:21</timestamp>
      <cases>
        <case>
          <duration>2.683</duration>
          <className>lib.form.RepeatableTest</className>
          <testName>testMinimum_ExistingData</testName>
          <skipped>false</skipped>
          <failedSince>0</failedSince>
        </case>
      </cases>
    </suite>
    <suite>
      <file>/home/jenkins/slave/workspace/jenkins_main_trunk/test/target/surefire-reports/lib.form.RepeatableTest.testNested.997.xml</file>
      <name>lib.form.RepeatableTest.testNested</name>
      <stdout>=== Starting RepeatableTest.testNested
</stdout>
      <stderr>Dec 11, 2012 11:40:53 AM org.mortbay.log.Slf4jLog info
INFO: jetty-6.1.26
Dec 11, 2012 11:40:53 AM org.mortbay.log.Slf4jLog info
INFO: NO JSP Support for , did not find org.apache.jasper.servlet.JspServlet
Dec 11, 2012 11:40:53 AM org.mortbay.log.Slf4jLog info
INFO: Started SocketConnector@0.0.0.0:55287
Dec 11, 2012 11:40:53 AM jenkins.InitReactorRunner$1 onAttained
INFO: Started initialization
Dec 11, 2012 11:40:53 AM jenkins.InitReactorRunner$1 onAttained
INFO: Listed all plugins
Dec 11, 2012 
...[truncated 3473 chars]...
hudson.PluginWrapper stop
INFO: Stopping ant
Dec 11, 2012 11:40:56 AM hudson.PluginWrapper stop
INFO: Stopping javadoc
Dec 11, 2012 11:40:56 AM hudson.PluginWrapper stop
INFO: Stopping subversion
Dec 11, 2012 11:40:56 AM hudson.PluginWrapper stop
INFO: Stopping cvs
Dec 11, 2012 11:40:56 AM hudson.PluginWrapper stop
INFO: Stopping maven-plugin
Dec 11, 2012 11:40:56 AM hudson.PluginWrapper stop
INFO: Stopping translation
Dec 11, 2012 11:40:56 AM hudson.PluginWrapper stop
INFO: Stopping ssh-slaves
</stderr>
      <duration>3.652</duration>
      <timestamp>2012-12-11T11:40:53</timestamp>
      <cases>
        <case>
          <duration>3.652</duration>
          <className>lib.form.RepeatableTest</className>
          <testName>testNested</testName>
          <skipped>false</skipped>
          <failedSince>0</failedSince>
        </case>
      </cases>
    </suite>
    <suite>
      <file>/home/jenkins/slave/workspace/jenkins_main_trunk/test/target/surefire-reports/lib.form.RepeatableTest.testNestedRadio.998.xml</file>
      <name>lib.form.RepeatableTest.testNestedRadio</name>
      <stdout>=== Starting RepeatableTest.testNestedRadio
</stdout>
      <stderr>Dec 11, 2012 11:40:57 AM org.mortbay.log.Slf4jLog info
INFO: jetty-6.1.26
Dec 11, 2012 11:40:57 AM org.mortbay.log.Slf4jLog info
INFO: NO JSP Support for , did not find org.apache.jasper.servlet.JspServlet
Dec 11, 2012 11:40:57 AM org.mortbay.log.Slf4jLog info
INFO: Started SocketConnector@0.0.0.0:40237
Dec 11, 2012 11:40:57 AM jenkins.InitReactorRunner$1 onAttained
INFO: Started initialization
Dec 11, 2012 11:40:57 AM jenkins.InitReactorRunner$1 onAttained
INFO: Listed all plugins
Dec 11, 2012 
...[truncated 3473 chars]...
hudson.PluginWrapper stop
INFO: Stopping ant
Dec 11, 2012 11:41:00 AM hudson.PluginWrapper stop
INFO: Stopping javadoc
Dec 11, 2012 11:41:00 AM hudson.PluginWrapper stop
INFO: Stopping subversion
Dec 11, 2012 11:41:00 AM hudson.PluginWrapper stop
INFO: Stopping cvs
Dec 11, 2012 11:41:00 AM hudson.PluginWrapper stop
INFO: Stopping maven-plugin
Dec 11, 2012 11:41:00 AM hudson.PluginWrapper stop
INFO: Stopping translation
Dec 11, 2012 11:41:00 AM hudson.PluginWrapper stop
INFO: Stopping ssh-slaves
</stderr>
      <duration>3.537</duration>
      <timestamp>2012-12-11T11:40:57</timestamp>
      <cases>
        <case>
          <duration>3.537</duration>
          <className>lib.form.RepeatableTest</className>
          <testName>testNestedRadio</testName>
          <skipped>false</skipped>
          <failedSince>0</failedSince>
        </case>
      </cases>
    </suite>
    <suite>
      <file>/home/jenkins/slave/workspace/jenkins_main_trunk/test/target/surefire-reports/lib.form.RepeatableTest.testNoData.988.xml</file>
      <name>lib.form.RepeatableTest.testNoData</name>
      <stdout>=== Starting RepeatableTest.testNoData
</stdout>
      <stderr>Dec 11, 2012 11:40:24 AM org.mortbay.log.Slf4jLog info
INFO: jetty-6.1.26
Dec 11, 2012 11:40:24 AM org.mortbay.log.Slf4jLog info
INFO: NO JSP Support for , did not find org.apache.jasper.servlet.JspServlet
Dec 11, 2012 11:40:24 AM org.mortbay.log.Slf4jLog info
INFO: Started SocketConnector@0.0.0.0:44443
Dec 11, 2012 11:40:24 AM jenkins.InitReactorRunner$1 onAttained
INFO: Started initialization
Dec 11, 2012 11:40:24 AM jenkins.InitReactorRunner$1 onAttained
INFO: Listed all plugins
Dec 11, 2012 
...[truncated 5953 chars]...
hudson.PluginWrapper stop
INFO: Stopping ant
Dec 11, 2012 11:40:27 AM hudson.PluginWrapper stop
INFO: Stopping javadoc
Dec 11, 2012 11:40:27 AM hudson.PluginWrapper stop
INFO: Stopping subversion
Dec 11, 2012 11:40:27 AM hudson.PluginWrapper stop
INFO: Stopping cvs
Dec 11, 2012 11:40:27 AM hudson.PluginWrapper stop
INFO: Stopping maven-plugin
Dec 11, 2012 11:40:27 AM hudson.PluginWrapper stop
INFO: Stopping translation
Dec 11, 2012 11:40:27 AM hudson.PluginWrapper stop
INFO: Stopping ssh-slaves
</stderr>
      <duration>4.507</duration>
      <timestamp>2012-12-11T11:40:24</timestamp>
      <cases>
        <case>
          <duration>4.507</duration>
          <className>lib.form.RepeatableTest</className>
          <testName>testNoData</testName>
          <skipped>false</skipped>
          <failedSince>0</failedSince>
        </case>
      </cases>
    </suite>
    <suite>
      <file>/home/jenkins/slave/workspace/jenkins_main_trunk/test/target/surefire-reports/lib.form.RepeatableTest.testRadio.993.xml</file>
      <name>lib.form.RepeatableTest.testRadio</name>
      <stdout>=== Starting RepeatableTest.testRadio
</stdout>
      <stderr>Dec 11, 2012 11:40:42 AM org.mortbay.log.Slf4jLog info
INFO: jetty-6.1.26
Dec 11, 2012 11:40:42 AM org.mortbay.log.Slf4jLog info
INFO: NO JSP Support for , did not find org.apache.jasper.servlet.JspServlet
Dec 11, 2012 11:40:42 AM org.mortbay.log.Slf4jLog info
INFO: Started SocketConnector@0.0.0.0:57865
Dec 11, 2012 11:40:42 AM jenkins.InitReactorRunner$1 onAttained
INFO: Started initialization
Dec 11, 2012 11:40:42 AM jenkins.InitReactorRunner$1 onAttained
INFO: Listed all plugins
Dec 11, 2012 
...[truncated 3473 chars]...
hudson.PluginWrapper stop
INFO: Stopping ant
Dec 11, 2012 11:40:43 AM hudson.PluginWrapper stop
INFO: Stopping javadoc
Dec 11, 2012 11:40:43 AM hudson.PluginWrapper stop
INFO: Stopping subversion
Dec 11, 2012 11:40:43 AM hudson.PluginWrapper stop
INFO: Stopping cvs
Dec 11, 2012 11:40:43 AM hudson.PluginWrapper stop
INFO: Stopping maven-plugin
Dec 11, 2012 11:40:43 AM hudson.PluginWrapper stop
INFO: Stopping translation
Dec 11, 2012 11:40:43 AM hudson.PluginWrapper stop
INFO: Stopping ssh-slaves
</stderr>
      <duration>2.618</duration>
      <timestamp>2012-12-11T11:40:42</timestamp>
      <cases>
        <case>
          <duration>2.618</duration>
          <className>lib.form.RepeatableTest</className>
          <testName>testRadio</testName>
          <skipped>false</skipped>
          <failedSince>0</failedSince>
        </case>
      </cases>
    </suite>
    <suite>
      <file>/home/jenkins/slave/workspace/jenkins_main_trunk/test/target/surefire-reports/lib.form.RepeatableTest.testRadioBlock.995.xml</file>
      <name>lib.form.RepeatableTest.testRadioBlock</name>
      <stdout>=== Starting RepeatableTest.testRadioBlock
</stdout>
      <stderr>Dec 11, 2012 11:40:48 AM org.mortbay.log.Slf4jLog info
INFO: jetty-6.1.26
Dec 11, 2012 11:40:48 AM org.mortbay.log.Slf4jLog info
INFO: NO JSP Support for , did not find org.apache.jasper.servlet.JspServlet
Dec 11, 2012 11:40:48 AM org.mortbay.log.Slf4jLog info
INFO: Started SocketConnector@0.0.0.0:42594
Dec 11, 2012 11:40:48 AM jenkins.InitReactorRunner$1 onAttained
INFO: Started initialization
Dec 11, 2012 11:40:48 AM jenkins.InitReactorRunner$1 onAttained
INFO: Listed all plugins
Dec 11, 2012 
...[truncated 3473 chars]...
hudson.PluginWrapper stop
INFO: Stopping ant
Dec 11, 2012 11:40:50 AM hudson.PluginWrapper stop
INFO: Stopping javadoc
Dec 11, 2012 11:40:50 AM hudson.PluginWrapper stop
INFO: Stopping subversion
Dec 11, 2012 11:40:50 AM hudson.PluginWrapper stop
INFO: Stopping cvs
Dec 11, 2012 11:40:50 AM hudson.PluginWrapper stop
INFO: Stopping maven-plugin
Dec 11, 2012 11:40:50 AM hudson.PluginWrapper stop
INFO: Stopping translation
Dec 11, 2012 11:40:50 AM hudson.PluginWrapper stop
INFO: Stopping ssh-slaves
</stderr>
      <duration>2.815</duration>
      <timestamp>2012-12-11T11:40:48</timestamp>
      <cases>
        <case>
          <duration>2.815</duration>
          <className>lib.form.RepeatableTest</className>
          <testName>testRadioBlock</testName>
          <skipped>false</skipped>
          <failedSince>0</failedSince>
        </case>
      </cases>
    </suite>
    <suite>
      <file>/home/jenkins/slave/workspace/jenkins_main_trunk/test/target/surefire-reports/lib.form.RepeatableTest.testRadio_ExistingData.994.xml</file>
      <name>lib.form.RepeatableTest.testRadio_ExistingData</name>
      <stdout>=== Starting RepeatableTest.testRadio_ExistingData
</stdout>
      <stderr>Dec 11, 2012 11:40:44 AM org.mortbay.log.Slf4jLog info
INFO: jetty-6.1.26
Dec 11, 2012 11:40:44 AM org.mortbay.log.Slf4jLog info
INFO: NO JSP Support for , did not find org.apache.jasper.servlet.JspServlet
Dec 11, 2012 11:40:44 AM org.mortbay.log.Slf4jLog info
INFO: Started SocketConnector@0.0.0.0:40478
Dec 11, 2012 11:40:44 AM jenkins.InitReactorRunner$1 onAttained
INFO: Started initialization
Dec 11, 2012 11:40:44 AM jenkins.InitReactorRunner$1 onAttained
INFO: Listed all plugins
Dec 11, 2012 
...[truncated 3473 chars]...
hudson.PluginWrapper stop
INFO: Stopping ant
Dec 11, 2012 11:40:47 AM hudson.PluginWrapper stop
INFO: Stopping javadoc
Dec 11, 2012 11:40:47 AM hudson.PluginWrapper stop
INFO: Stopping subversion
Dec 11, 2012 11:40:47 AM hudson.PluginWrapper stop
INFO: Stopping cvs
Dec 11, 2012 11:40:47 AM hudson.PluginWrapper stop
INFO: Stopping maven-plugin
Dec 11, 2012 11:40:47 AM hudson.PluginWrapper stop
INFO: Stopping translation
Dec 11, 2012 11:40:47 AM hudson.PluginWrapper stop
INFO: Stopping ssh-slaves
</stderr>
      <duration>3.443</duration>
      <timestamp>2012-12-11T11:40:44</timestamp>
      <cases>
        <case>
          <duration>3.443</duration>
          <className>lib.form.RepeatableTest</className>
          <testName>testRadio_ExistingData</testName>
          <skipped>false</skipped>
          <failedSince>0</failedSince>
        </case>
      </cases>
    </suite>
    <suite>
      <file>/home/jenkins/slave/workspace/jenkins_main_trunk/test/target/surefire-reports/lib.form.RepeatableTest.testSimple.984.xml</file>
      <name>lib.form.RepeatableTest.testSimple</name>
      <stdout>=== Starting RepeatableTest.testSimple
</stdout>
      <stderr>Dec 11, 2012 11:40:12 AM org.mortbay.log.Slf4jLog info
INFO: jetty-6.1.26
Dec 11, 2012 11:40:12 AM org.mortbay.log.Slf4jLog info
INFO: NO JSP Support for , did not find org.apache.jasper.servlet.JspServlet
Dec 11, 2012 11:40:12 AM org.mortbay.log.Slf4jLog info
INFO: Started SocketConnector@0.0.0.0:56385
Dec 11, 2012 11:40:12 AM jenkins.InitReactorRunner$1 onAttained
INFO: Started initialization
Dec 11, 2012 11:40:12 AM jenkins.InitReactorRunner$1 onAttained
INFO: Listed all plugins
Dec 11, 2012 
...[truncated 3473 chars]...
hudson.PluginWrapper stop
INFO: Stopping ant
Dec 11, 2012 11:40:14 AM hudson.PluginWrapper stop
INFO: Stopping javadoc
Dec 11, 2012 11:40:14 AM hudson.PluginWrapper stop
INFO: Stopping subversion
Dec 11, 2012 11:40:14 AM hudson.PluginWrapper stop
INFO: Stopping cvs
Dec 11, 2012 11:40:14 AM hudson.PluginWrapper stop
INFO: Stopping maven-plugin
Dec 11, 2012 11:40:14 AM hudson.PluginWrapper stop
INFO: Stopping translation
Dec 11, 2012 11:40:14 AM hudson.PluginWrapper stop
INFO: Stopping ssh-slaves
</stderr>
      <duration>2.685</duration>
      <timestamp>2012-12-11T11:40:12</timestamp>
      <cases>
        <case>
          <duration>2.685</duration>
          <className>lib.form.RepeatableTest</className>
          <testName>testSimple</testName>
          <skipped>false</skipped>
          <failedSince>0</failedSince>
        </case>
      </cases>
    </suite>
    <suite>
      <file>/home/jenkins/slave/workspace/jenkins_main_trunk/test/target/surefire-reports/lib.form.RepeatableTest.testSimple_ExistingData.985.xml</file>
      <name>lib.form.RepeatableTest.testSimple_ExistingData</name>
      <stdout>=== Starting RepeatableTest.testSimple_ExistingData
</stdout>
      <stderr>Dec 11, 2012 11:40:14 AM org.mortbay.log.Slf4jLog info
INFO: jetty-6.1.26
Dec 11, 2012 11:40:14 AM org.mortbay.log.Slf4jLog info
INFO: NO JSP Support for , did not find org.apache.jasper.servlet.JspServlet
Dec 11, 2012 11:40:14 AM org.mortbay.log.Slf4jLog info
INFO: Started SocketConnector@0.0.0.0:40544
Dec 11, 2012 11:40:14 AM jenkins.InitReactorRunner$1 onAttained
INFO: Started initialization
Dec 11, 2012 11:40:14 AM jenkins.InitReactorRunner$1 onAttained
INFO: Listed all plugins
Dec 11, 2012 
...[truncated 3473 chars]...
hudson.PluginWrapper stop
INFO: Stopping ant
Dec 11, 2012 11:40:18 AM hudson.PluginWrapper stop
INFO: Stopping javadoc
Dec 11, 2012 11:40:18 AM hudson.PluginWrapper stop
INFO: Stopping subversion
Dec 11, 2012 11:40:18 AM hudson.PluginWrapper stop
INFO: Stopping cvs
Dec 11, 2012 11:40:18 AM hudson.PluginWrapper stop
INFO: Stopping maven-plugin
Dec 11, 2012 11:40:18 AM hudson.PluginWrapper stop
INFO: Stopping translation
Dec 11, 2012 11:40:18 AM hudson.PluginWrapper stop
INFO: Stopping ssh-slaves
</stderr>
      <duration>4.216</duration>
      <timestamp>2012-12-11T11:40:14</timestamp>
      <cases>
        <case>
          <duration>4.216</duration>
          <className>lib.form.RepeatableTest</className>
          <testName>testSimple_ExistingData</testName>
          <skipped>false</skipped>
          <failedSince>0</failedSince>
        </case>
      </cases>
    </suite>
    <suite>
      <file>/home/jenkins/slave/workspace/jenkins_main_trunk/test/target/surefire-reports/lib.form.RowVisibilityGroupTest.test1.999.xml</file>
      <name>lib.form.RowVisibilityGroupTest.test1</name>
      <stdout>=== Starting RowVisibilityGroupTest.test1
</stdout>
      <stderr>Dec 11, 2012 11:41:01 AM org.mortbay.log.Slf4jLog info
INFO: jetty-6.1.26
Dec 11, 2012 11:41:01 AM org.mortbay.log.Slf4jLog info
INFO: NO JSP Support for , did not find org.apache.jasper.servlet.JspServlet
Dec 11, 2012 11:41:01 AM org.mortbay.log.Slf4jLog info
INFO: Started SocketConnector@0.0.0.0:54704
Dec 11, 2012 11:41:01 AM jenkins.InitReactorRunner$1 onAttained
INFO: Started initialization
Dec 11, 2012 11:41:01 AM jenkins.InitReactorRunner$1 onAttained
INFO: Listed all plugins
Dec 11, 2012 
...[truncated 3473 chars]...
hudson.PluginWrapper stop
INFO: Stopping ant
Dec 11, 2012 11:41:02 AM hudson.PluginWrapper stop
INFO: Stopping javadoc
Dec 11, 2012 11:41:02 AM hudson.PluginWrapper stop
INFO: Stopping subversion
Dec 11, 2012 11:41:02 AM hudson.PluginWrapper stop
INFO: Stopping cvs
Dec 11, 2012 11:41:02 AM hudson.PluginWrapper stop
INFO: Stopping maven-plugin
Dec 11, 2012 11:41:02 AM hudson.PluginWrapper stop
INFO: Stopping translation
Dec 11, 2012 11:41:02 AM hudson.PluginWrapper stop
INFO: Stopping ssh-slaves
</stderr>
      <duration>2.514</duration>
      <timestamp>2012-12-11T11:41:01</timestamp>
      <cases>
        <case>
          <duration>2.514</duration>
          <className>lib.form.RowVisibilityGroupTest</className>
          <testName>test1</testName>
          <skipped>false</skipped>
          <failedSince>0</failedSince>
        </case>
      </cases>
    </suite>
    <suite>
      <file>/home/jenkins/slave/workspace/jenkins_main_trunk/test/target/surefire-reports/lib.form.RowVisibilityGroupTest.test2.1000.xml</file>
      <name>lib.form.RowVisibilityGroupTest.test2</name>
      <stdout>=== Starting RowVisibilityGroupTest.test2
{&quot;&quot;:&quot;0&quot;,&quot;crumb&quot;:&quot;test&quot;,&quot;drink&quot;:{&quot;inner&quot;:{&quot;textbox2&quot;:&quot;Budweiser&quot;},&quot;stapler-class&quot;:&quot;lib.form.RowVisibilityGroupTest$Beer&quot;,&quot;textbox1&quot;:&quot;&quot;}}
</stdout>
      <stderr>Dec 11, 2012 11:41:03 AM org.mortbay.log.Slf4jLog info
INFO: jetty-6.1.26
Dec 11, 2012 11:41:03 AM org.mortbay.log.Slf4jLog info
INFO: NO JSP Support for , did not find org.apache.jasper.servlet.JspServlet
Dec 11, 2012 11:41:03 AM org.mortbay.log.Slf4jLog info
INFO: Started SocketConnector@0.0.0.0:57802
Dec 11, 2012 11:41:03 AM jenkins.InitReactorRunner$1 onAttained
INFO: Started initialization
Dec 11, 2012 11:41:03 AM jenkins.InitReactorRunner$1 onAttained
INFO: Listed all plugins
Dec 11, 2012 
...[truncated 3473 chars]...
hudson.PluginWrapper stop
INFO: Stopping ant
Dec 11, 2012 11:41:05 AM hudson.PluginWrapper stop
INFO: Stopping javadoc
Dec 11, 2012 11:41:05 AM hudson.PluginWrapper stop
INFO: Stopping subversion
Dec 11, 2012 11:41:05 AM hudson.PluginWrapper stop
INFO: Stopping cvs
Dec 11, 2012 11:41:05 AM hudson.PluginWrapper stop
INFO: Stopping maven-plugin
Dec 11, 2012 11:41:05 AM hudson.PluginWrapper stop
INFO: Stopping translation
Dec 11, 2012 11:41:05 AM hudson.PluginWrapper stop
INFO: Stopping ssh-slaves
</stderr>
      <duration>2.944</duration>
      <timestamp>2012-12-11T11:41:03</timestamp>
      <cases>
        <case>
          <duration>2.944</duration>
          <className>lib.form.RowVisibilityGroupTest</className>
          <testName>test2</testName>
          <skipped>false</skipped>
          <failedSince>0</failedSince>
        </case>
      </cases>
    </suite>
    <suite>
      <file>/home/jenkins/slave/workspace/jenkins_main_trunk/test/target/surefire-reports/lib.form.ValidateButtonTest.test1.1001.xml</file>
      <name>lib.form.ValidateButtonTest.test1</name>
      <stdout>=== Starting ValidateButtonTest.test1
</stdout>
      <stderr>Dec 11, 2012 11:41:06 AM org.mortbay.log.Slf4jLog info
INFO: jetty-6.1.26
Dec 11, 2012 11:41:06 AM org.mortbay.log.Slf4jLog info
INFO: NO JSP Support for , did not find org.apache.jasper.servlet.JspServlet
Dec 11, 2012 11:41:06 AM org.mortbay.log.Slf4jLog info
INFO: Started SocketConnector@0.0.0.0:42314
Dec 11, 2012 11:41:06 AM jenkins.InitReactorRunner$1 onAttained
INFO: Started initialization
Dec 11, 2012 11:41:06 AM jenkins.InitReactorRunner$1 onAttained
INFO: Listed all plugins
Dec 11, 2012 
...[truncated 3473 chars]...
hudson.PluginWrapper stop
INFO: Stopping ant
Dec 11, 2012 11:41:08 AM hudson.PluginWrapper stop
INFO: Stopping javadoc
Dec 11, 2012 11:41:08 AM hudson.PluginWrapper stop
INFO: Stopping subversion
Dec 11, 2012 11:41:08 AM hudson.PluginWrapper stop
INFO: Stopping cvs
Dec 11, 2012 11:41:08 AM hudson.PluginWrapper stop
INFO: Stopping maven-plugin
Dec 11, 2012 11:41:08 AM hudson.PluginWrapper stop
INFO: Stopping translation
Dec 11, 2012 11:41:08 AM hudson.PluginWrapper stop
INFO: Stopping ssh-slaves
</stderr>
      <duration>2.562</duration>
      <timestamp>2012-12-11T11:41:06</timestamp>
      <cases>
        <case>
          <duration>2.562</duration>
          <className>lib.form.ValidateButtonTest</className>
          <testName>test1</testName>
          <skipped>false</skipped>
          <failedSince>0</failedSince>
        </case>
      </cases>
    </suite>
    <suite>
      <file>/home/jenkins/slave/workspace/jenkins_main_trunk/test/target/surefire-reports/lib.hudson.ActionsTest.testOverride.1002.xml</file>
      <name>lib.hudson.ActionsTest.testOverride</name>
      <stdout>=== Starting ActionsTest.testOverride
</stdout>
      <stderr>Dec 11, 2012 11:41:09 AM org.mortbay.log.Slf4jLog info
INFO: jetty-6.1.26
Dec 11, 2012 11:41:09 AM org.mortbay.log.Slf4jLog info
INFO: NO JSP Support for , did not find org.apache.jasper.servlet.JspServlet
Dec 11, 2012 11:41:09 AM org.mortbay.log.Slf4jLog info
INFO: Started SocketConnector@0.0.0.0:56539
Dec 11, 2012 11:41:09 AM jenkins.InitReactorRunner$1 onAttained
INFO: Started initialization
Dec 11, 2012 11:41:09 AM jenkins.InitReactorRunner$1 onAttained
INFO: Listed all plugins
Dec 11, 2012 
...[truncated 3473 chars]...
hudson.PluginWrapper stop
INFO: Stopping ant
Dec 11, 2012 11:41:11 AM hudson.PluginWrapper stop
INFO: Stopping javadoc
Dec 11, 2012 11:41:11 AM hudson.PluginWrapper stop
INFO: Stopping subversion
Dec 11, 2012 11:41:11 AM hudson.PluginWrapper stop
INFO: Stopping cvs
Dec 11, 2012 11:41:11 AM hudson.PluginWrapper stop
INFO: Stopping maven-plugin
Dec 11, 2012 11:41:11 AM hudson.PluginWrapper stop
INFO: Stopping translation
Dec 11, 2012 11:41:11 AM hudson.PluginWrapper stop
INFO: Stopping ssh-slaves
</stderr>
      <duration>2.837</duration>
      <timestamp>2012-12-11T11:41:09</timestamp>
      <cases>
        <case>
          <duration>2.837</duration>
          <className>lib.hudson.ActionsTest</className>
          <testName>testOverride</testName>
          <skipped>false</skipped>
          <failedSince>0</failedSince>
        </case>
      </cases>
    </suite>
    <suite>
      <file>/home/jenkins/slave/workspace/jenkins_main_trunk/test/target/surefire-reports/lib.hudson.ListScmBrowsersTest.testSelectBoxesUnique.1003.xml</file>
      <name>lib.hudson.ListScmBrowsersTest.testSelectBoxesUnique</name>
      <stdout>=== Starting ListScmBrowsersTest.testSelectBoxesUnique
</stdout>
      <stderr>Dec 11, 2012 11:41:12 AM org.mortbay.log.Slf4jLog info
INFO: jetty-6.1.26
Dec 11, 2012 11:41:12 AM org.mortbay.log.Slf4jLog info
INFO: NO JSP Support for , did not find org.apache.jasper.servlet.JspServlet
Dec 11, 2012 11:41:12 AM org.mortbay.log.Slf4jLog info
INFO: Started SocketConnector@0.0.0.0:44210
Dec 11, 2012 11:41:12 AM jenkins.InitReactorRunner$1 onAttained
INFO: Started initialization
Dec 11, 2012 11:41:12 AM jenkins.InitReactorRunner$1 onAttained
INFO: Listed all plugins
Dec 11, 2012 
...[truncated 4373 chars]...
hudson.PluginWrapper stop
INFO: Stopping ant
Dec 11, 2012 11:41:17 AM hudson.PluginWrapper stop
INFO: Stopping javadoc
Dec 11, 2012 11:41:17 AM hudson.PluginWrapper stop
INFO: Stopping subversion
Dec 11, 2012 11:41:17 AM hudson.PluginWrapper stop
INFO: Stopping cvs
Dec 11, 2012 11:41:17 AM hudson.PluginWrapper stop
INFO: Stopping maven-plugin
Dec 11, 2012 11:41:17 AM hudson.PluginWrapper stop
INFO: Stopping translation
Dec 11, 2012 11:41:17 AM hudson.PluginWrapper stop
INFO: Stopping ssh-slaves
</stderr>
      <duration>5.653</duration>
      <timestamp>2012-12-11T11:41:12</timestamp>
      <cases>
        <case>
          <duration>5.653</duration>
          <className>lib.hudson.ListScmBrowsersTest</className>
          <testName>testSelectBoxesUnique</testName>
          <skipped>false</skipped>
          <failedSince>0</failedSince>
        </case>
      </cases>
    </suite>
    <suite>
      <file>/home/jenkins/slave/workspace/jenkins_main_trunk/test/target/surefire-reports/lib.hudson.ListScmBrowsersTest.testSelectBoxesUnique2.1004.xml</file>
      <name>lib.hudson.ListScmBrowsersTest.testSelectBoxesUnique2</name>
      <stdout>=== Starting ListScmBrowsersTest.testSelectBoxesUnique2
</stdout>
      <stderr>Dec 11, 2012 11:41:17 AM org.mortbay.log.Slf4jLog info
INFO: jetty-6.1.26
Dec 11, 2012 11:41:17 AM org.mortbay.log.Slf4jLog info
INFO: NO JSP Support for , did not find org.apache.jasper.servlet.JspServlet
Dec 11, 2012 11:41:17 AM org.mortbay.log.Slf4jLog info
INFO: Started SocketConnector@0.0.0.0:41937
Dec 11, 2012 11:41:17 AM jenkins.InitReactorRunner$1 onAttained
INFO: Started initialization
Dec 11, 2012 11:41:17 AM jenkins.InitReactorRunner$1 onAttained
INFO: Listed all plugins
Dec 11, 2012 
...[truncated 4373 chars]...
hudson.PluginWrapper stop
INFO: Stopping ant
Dec 11, 2012 11:41:23 AM hudson.PluginWrapper stop
INFO: Stopping javadoc
Dec 11, 2012 11:41:23 AM hudson.PluginWrapper stop
INFO: Stopping subversion
Dec 11, 2012 11:41:23 AM hudson.PluginWrapper stop
INFO: Stopping cvs
Dec 11, 2012 11:41:23 AM hudson.PluginWrapper stop
INFO: Stopping maven-plugin
Dec 11, 2012 11:41:23 AM hudson.PluginWrapper stop
INFO: Stopping translation
Dec 11, 2012 11:41:23 AM hudson.PluginWrapper stop
INFO: Stopping ssh-slaves
</stderr>
      <duration>6.807</duration>
      <timestamp>2012-12-11T11:41:17</timestamp>
      <cases>
        <case>
          <duration>6.807</duration>
          <className>lib.hudson.ListScmBrowsersTest</className>
          <testName>testSelectBoxesUnique2</testName>
          <skipped>false</skipped>
          <failedSince>0</failedSince>
        </case>
      </cases>
    </suite>
    <suite>
      <file>/home/jenkins/slave/workspace/jenkins_main_trunk/test/target/surefire-reports/lib.hudson.ListScmBrowsersTest.testSelectBoxesUnique3.1005.xml</file>
      <name>lib.hudson.ListScmBrowsersTest.testSelectBoxesUnique3</name>
      <stdout>=== Starting ListScmBrowsersTest.testSelectBoxesUnique3
</stdout>
      <stderr>Dec 11, 2012 11:41:24 AM org.mortbay.log.Slf4jLog info
INFO: jetty-6.1.26
Dec 11, 2012 11:41:24 AM org.mortbay.log.Slf4jLog info
INFO: NO JSP Support for , did not find org.apache.jasper.servlet.JspServlet
Dec 11, 2012 11:41:24 AM org.mortbay.log.Slf4jLog info
INFO: Started SocketConnector@0.0.0.0:44958
Dec 11, 2012 11:41:24 AM jenkins.InitReactorRunner$1 onAttained
INFO: Started initialization
Dec 11, 2012 11:41:24 AM jenkins.InitReactorRunner$1 onAttained
INFO: Listed all plugins
Dec 11, 2012 
...[truncated 4373 chars]...
hudson.PluginWrapper stop
INFO: Stopping ant
Dec 11, 2012 11:41:29 AM hudson.PluginWrapper stop
INFO: Stopping javadoc
Dec 11, 2012 11:41:29 AM hudson.PluginWrapper stop
INFO: Stopping subversion
Dec 11, 2012 11:41:29 AM hudson.PluginWrapper stop
INFO: Stopping cvs
Dec 11, 2012 11:41:29 AM hudson.PluginWrapper stop
INFO: Stopping maven-plugin
Dec 11, 2012 11:41:29 AM hudson.PluginWrapper stop
INFO: Stopping translation
Dec 11, 2012 11:41:29 AM hudson.PluginWrapper stop
INFO: Stopping ssh-slaves
</stderr>
      <duration>6.228</duration>
      <timestamp>2012-12-11T11:41:24</timestamp>
      <cases>
        <case>
          <duration>6.228</duration>
          <className>lib.hudson.ListScmBrowsersTest</className>
          <testName>testSelectBoxesUnique3</testName>
          <skipped>false</skipped>
          <failedSince>0</failedSince>
        </case>
      </cases>
    </suite>
    <suite>
      <file>/home/jenkins/slave/workspace/jenkins_main_trunk/test/target/surefire-reports/lib.layout.RenderOnDemandTest.testBehaviour.1006.xml</file>
      <name>lib.layout.RenderOnDemandTest.testBehaviour</name>
      <stdout>=== Starting RenderOnDemandTest.testBehaviour
</stdout>
      <stderr>Dec 11, 2012 11:41:30 AM org.mortbay.log.Slf4jLog info
INFO: jetty-6.1.26
Dec 11, 2012 11:41:30 AM org.mortbay.log.Slf4jLog info
INFO: NO JSP Support for , did not find org.apache.jasper.servlet.JspServlet
Dec 11, 2012 11:41:30 AM org.mortbay.log.Slf4jLog info
INFO: Started SocketConnector@0.0.0.0:32941
Dec 11, 2012 11:41:30 AM jenkins.InitReactorRunner$1 onAttained
INFO: Started initialization
Dec 11, 2012 11:41:30 AM jenkins.InitReactorRunner$1 onAttained
INFO: Listed all plugins
Dec 11, 2012 
...[truncated 3473 chars]...
hudson.PluginWrapper stop
INFO: Stopping ant
Dec 11, 2012 11:41:33 AM hudson.PluginWrapper stop
INFO: Stopping javadoc
Dec 11, 2012 11:41:33 AM hudson.PluginWrapper stop
INFO: Stopping subversion
Dec 11, 2012 11:41:33 AM hudson.PluginWrapper stop
INFO: Stopping cvs
Dec 11, 2012 11:41:33 AM hudson.PluginWrapper stop
INFO: Stopping maven-plugin
Dec 11, 2012 11:41:33 AM hudson.PluginWrapper stop
INFO: Stopping translation
Dec 11, 2012 11:41:33 AM hudson.PluginWrapper stop
INFO: Stopping ssh-slaves
</stderr>
      <duration>3.158</duration>
      <timestamp>2012-12-11T11:41:30</timestamp>
      <cases>
        <case>
          <duration>3.158</duration>
          <className>lib.layout.RenderOnDemandTest</className>
          <testName>testBehaviour</testName>
          <skipped>false</skipped>
          <failedSince>0</failedSince>
        </case>
      </cases>
    </suite>
    <suite>
      <file>/home/jenkins/slave/workspace/jenkins_main_trunk/test/target/surefire-reports/lib.layout.RenderOnDemandTest.testScript.1007.xml</file>
      <name>lib.layout.RenderOnDemandTest.testScript</name>
      <stdout>=== Starting RenderOnDemandTest.testScript
Try http://localhost:43959/self/testScript
Jenkins is running at http://localhost:43959/
</stdout>
      <stderr>Dec 11, 2012 11:41:33 AM org.mortbay.log.Slf4jLog info
INFO: jetty-6.1.26
Dec 11, 2012 11:41:33 AM org.mortbay.log.Slf4jLog info
INFO: NO JSP Support for , did not find org.apache.jasper.servlet.JspServlet
Dec 11, 2012 11:41:33 AM org.mortbay.log.Slf4jLog info
INFO: Started SocketConnector@0.0.0.0:43959
Dec 11, 2012 11:41:33 AM jenkins.InitReactorRunner$1 onAttained
INFO: Started initialization
Dec 11, 2012 11:41:33 AM jenkins.InitReactorRunner$1 onAttained
INFO: Listed all plugins
Dec 11, 2012 
...[truncated 3748 chars]...
hudson.PluginWrapper stop
INFO: Stopping ant
Dec 11, 2012 11:41:35 AM hudson.PluginWrapper stop
INFO: Stopping javadoc
Dec 11, 2012 11:41:35 AM hudson.PluginWrapper stop
INFO: Stopping subversion
Dec 11, 2012 11:41:35 AM hudson.PluginWrapper stop
INFO: Stopping cvs
Dec 11, 2012 11:41:35 AM hudson.PluginWrapper stop
INFO: Stopping maven-plugin
Dec 11, 2012 11:41:35 AM hudson.PluginWrapper stop
INFO: Stopping translation
Dec 11, 2012 11:41:35 AM hudson.PluginWrapper stop
INFO: Stopping ssh-slaves
</stderr>
      <duration>2.605</duration>
      <timestamp>2012-12-11T11:41:33</timestamp>
      <cases>
        <case>
          <duration>2.605</duration>
          <className>lib.layout.RenderOnDemandTest</className>
          <testName>testScript</testName>
          <skipped>false</skipped>
          <failedSince>0</failedSince>
        </case>
      </cases>
    </suite>
    <suite>
      <file>/home/jenkins/slave/workspace/jenkins_main_trunk/test/target/surefire-reports/lib_form_advanced.jelly.129.xml</file>
      <name>lib_form_advanced.jelly</name>
      <stdout></stdout>
      <stderr></stderr>
      <duration>0.003</duration>
      <timestamp>2012-12-11T10:54:59</timestamp>
      <cases>
        <case>
          <duration>0.003</duration>
          <className>org.jvnet.hudson.test.JellyTestSuiteBuilder$JellyCheck</className>
          <testName>lib/form/advanced.jelly</testName>
          <skipped>false</skipped>
          <failedSince>0</failedSince>
        </case>
      </cases>
    </suite>
    <suite>
      <file>/home/jenkins/slave/workspace/jenkins_main_trunk/test/target/surefire-reports/lib_form_apply.jelly.117.xml</file>
      <name>lib_form_apply.jelly</name>
      <stdout></stdout>
      <stderr></stderr>
      <duration>0.002</duration>
      <timestamp>2012-12-11T10:54:59</timestamp>
      <cases>
        <case>
          <duration>0.002</duration>
          <className>org.jvnet.hudson.test.JellyTestSuiteBuilder$JellyCheck</className>
          <testName>lib/form/apply.jelly</testName>
          <skipped>false</skipped>
          <failedSince>0</failedSince>
        </case>
      </cases>
    </suite>
    <suite>
      <file>/home/jenkins/slave/workspace/jenkins_main_trunk/test/target/surefire-reports/lib_form_block.jelly.110.xml</file>
      <name>lib_form_block.jelly</name>
      <stdout></stdout>
      <stderr></stderr>
      <duration>0.003</duration>
      <timestamp>2012-12-11T10:54:59</timestamp>
      <cases>
        <case>
          <duration>0.003</duration>
          <className>org.jvnet.hudson.test.JellyTestSuiteBuilder$JellyCheck</className>
          <testName>lib/form/block.jelly</testName>
          <skipped>false</skipped>
          <failedSince>0</failedSince>
        </case>
      </cases>
    </suite>
    <suite>
      <file>/home/jenkins/slave/workspace/jenkins_main_trunk/test/target/surefire-reports/lib_form_booleanRadio.jelly.101.xml</file>
      <name>lib_form_booleanRadio.jelly</name>
      <stdout></stdout>
      <stderr></stderr>
      <duration>0.007</duration>
      <timestamp>2012-12-11T10:54:59</timestamp>
      <cases>
        <case>
          <duration>0.007</duration>
          <className>org.jvnet.hudson.test.JellyTestSuiteBuilder$JellyCheck</className>
          <testName>lib/form/booleanRadio.jelly</testName>
          <skipped>false</skipped>
          <failedSince>0</failedSince>
        </case>
      </cases>
    </suite>
    <suite>
      <file>/home/jenkins/slave/workspace/jenkins_main_trunk/test/target/surefire-reports/lib_form_breadcrumb_config_outline.jelly.95.xml</file>
      <name>lib_form_breadcrumb-config-outline.jelly</name>
      <stdout></stdout>
      <stderr></stderr>
      <duration>0.004</duration>
      <timestamp>2012-12-11T10:54:59</timestamp>
      <cases>
        <case>
          <duration>0.004</duration>
          <className>org.jvnet.hudson.test.JellyTestSuiteBuilder$JellyCheck</className>
          <testName>lib/form/breadcrumb-config-outline.jelly</testName>
          <skipped>false</skipped>
          <failedSince>0</failedSince>
        </case>
      </cases>
    </suite>
    <suite>
      <file>/home/jenkins/slave/workspace/jenkins_main_trunk/test/target/surefire-reports/lib_form_checkbox.jelly.96.xml</file>
      <name>lib_form_checkbox.jelly</name>
      <stdout></stdout>
      <stderr></stderr>
      <duration>0.005</duration>
      <timestamp>2012-12-11T10:54:59</timestamp>
      <cases>
        <case>
          <duration>0.005</duration>
          <className>org.jvnet.hudson.test.JellyTestSuiteBuilder$JellyCheck</className>
          <testName>lib/form/checkbox.jelly</testName>
          <skipped>false</skipped>
          <failedSince>0</failedSince>
        </case>
      </cases>
    </suite>
    <suite>
      <file>/home/jenkins/slave/workspace/jenkins_main_trunk/test/target/surefire-reports/lib_form_combobox.jelly.88.xml</file>
      <name>lib_form_combobox.jelly</name>
      <stdout></stdout>
      <stderr></stderr>
      <duration>0.005</duration>
      <timestamp>2012-12-11T10:54:58</timestamp>
      <cases>
        <case>
          <duration>0.005</duration>
          <className>org.jvnet.hudson.test.JellyTestSuiteBuilder$JellyCheck</className>
          <testName>lib/form/combobox.jelly</testName>
          <skipped>false</skipped>
          <failedSince>0</failedSince>
        </case>
      </cases>
    </suite>
    <suite>
      <file>/home/jenkins/slave/workspace/jenkins_main_trunk/test/target/surefire-reports/lib_form_description.jelly.107.xml</file>
      <name>lib_form_description.jelly</name>
      <stdout></stdout>
      <stderr></stderr>
      <duration>0.003</duration>
      <timestamp>2012-12-11T10:54:59</timestamp>
      <cases>
        <case>
          <duration>0.003</duration>
          <className>org.jvnet.hudson.test.JellyTestSuiteBuilder$JellyCheck</className>
          <testName>lib/form/description.jelly</testName>
          <skipped>false</skipped>
          <failedSince>0</failedSince>
        </case>
      </cases>
    </suite>
    <suite>
      <file>/home/jenkins/slave/workspace/jenkins_main_trunk/test/target/surefire-reports/lib_form_descriptorList.jelly.125.xml</file>
      <name>lib_form_descriptorList.jelly</name>
      <stdout></stdout>
      <stderr></stderr>
      <duration>0.017</duration>
      <timestamp>2012-12-11T10:54:59</timestamp>
      <cases>
        <case>
          <duration>0.017</duration>
          <className>org.jvnet.hudson.test.JellyTestSuiteBuilder$JellyCheck</className>
          <testName>lib/form/descriptorList.jelly</testName>
          <skipped>false</skipped>
          <failedSince>0</failedSince>
        </case>
      </cases>
    </suite>
    <suite>
      <file>/home/jenkins/slave/workspace/jenkins_main_trunk/test/target/surefire-reports/lib_form_descriptorRadioList.jelly.106.xml</file>
      <name>lib_form_descriptorRadioList.jelly</name>
      <stdout></stdout>
      <stderr></stderr>
      <duration>0.011</duration>
      <timestamp>2012-12-11T10:54:59</timestamp>
      <cases>
        <case>
          <duration>0.011</duration>
          <className>org.jvnet.hudson.test.JellyTestSuiteBuilder$JellyCheck</className>
          <testName>lib/form/descriptorRadioList.jelly</testName>
          <skipped>false</skipped>
          <failedSince>0</failedSince>
        </case>
      </cases>
    </suite>
    <suite>
      <file>/home/jenkins/slave/workspace/jenkins_main_trunk/test/target/surefire-reports/lib_form_dropdownDescriptorSelector.jelly.104.xml</file>
      <name>lib_form_dropdownDescriptorSelector.jelly</name>
      <stdout></stdout>
      <stderr></stderr>
      <duration>0.014</duration>
      <timestamp>2012-12-11T10:54:59</timestamp>
      <cases>
        <case>
          <duration>0.014</duration>
          <className>org.jvnet.hudson.test.JellyTestSuiteBuilder$JellyCheck</className>
          <testName>lib/form/dropdownDescriptorSelector.jelly</testName>
          <skipped>false</skipped>
          <failedSince>0</failedSince>
        </case>
      </cases>
    </suite>
    <suite>
      <file>/home/jenkins/slave/workspace/jenkins_main_trunk/test/target/surefire-reports/lib_form_dropdownList.jelly.115.xml</file>
      <name>lib_form_dropdownList.jelly</name>
      <stdout></stdout>
      <stderr></stderr>
      <duration>0.006</duration>
      <timestamp>2012-12-11T10:54:59</timestamp>
      <cases>
        <case>
          <duration>0.006</duration>
          <className>org.jvnet.hudson.test.JellyTestSuiteBuilder$JellyCheck</className>
          <testName>lib/form/dropdownList.jelly</testName>
          <skipped>false</skipped>
          <failedSince>0</failedSince>
        </case>
      </cases>
    </suite>
    <suite>
      <file>/home/jenkins/slave/workspace/jenkins_main_trunk/test/target/surefire-reports/lib_form_dropdownListBlock.jelly.132.xml</file>
      <name>lib_form_dropdownListBlock.jelly</name>
      <stdout></stdout>
      <stderr></stderr>
      <duration>0.007</duration>
      <timestamp>2012-12-11T10:54:59</timestamp>
      <cases>
        <case>
          <duration>0.007</duration>
          <className>org.jvnet.hudson.test.JellyTestSuiteBuilder$JellyCheck</className>
          <testName>lib/form/dropdownListBlock.jelly</testName>
          <skipped>false</skipped>
          <failedSince>0</failedSince>
        </case>
      </cases>
    </suite>
    <suite>
      <file>/home/jenkins/slave/workspace/jenkins_main_trunk/test/target/surefire-reports/lib_form_editableComboBox.jelly.93.xml</file>
      <name>lib_form_editableComboBox.jelly</name>
      <stdout></stdout>
      <stderr></stderr>
      <duration>0.005</duration>
      <timestamp>2012-12-11T10:54:59</timestamp>
      <cases>
        <case>
          <duration>0.005</duration>
          <className>org.jvnet.hudson.test.JellyTestSuiteBuilder$JellyCheck</className>
          <testName>lib/form/editableComboBox.jelly</testName>
          <skipped>false</skipped>
          <failedSince>0</failedSince>
        </case>
      </cases>
    </suite>
    <suite>
      <file>/home/jenkins/slave/workspace/jenkins_main_trunk/test/target/surefire-reports/lib_form_editableComboBoxValue.jelly.109.xml</file>
      <name>lib_form_editableComboBoxValue.jelly</name>
      <stdout></stdout>
      <stderr></stderr>
      <duration>0.003</duration>
      <timestamp>2012-12-11T10:54:59</timestamp>
      <cases>
        <case>
          <duration>0.003</duration>
          <className>org.jvnet.hudson.test.JellyTestSuiteBuilder$JellyCheck</className>
          <testName>lib/form/editableComboBoxValue.jelly</testName>
          <skipped>false</skipped>
          <failedSince>0</failedSince>
        </case>
      </cases>
    </suite>
    <suite>
      <file>/home/jenkins/slave/workspace/jenkins_main_trunk/test/target/surefire-reports/lib_form_entry.jelly.120.xml</file>
      <name>lib_form_entry.jelly</name>
      <stdout></stdout>
      <stderr></stderr>
      <duration>0.008</duration>
      <timestamp>2012-12-11T10:54:59</timestamp>
      <cases>
        <case>
          <duration>0.008</duration>
          <className>org.jvnet.hudson.test.JellyTestSuiteBuilder$JellyCheck</className>
          <testName>lib/form/entry.jelly</testName>
          <skipped>false</skipped>
          <failedSince>0</failedSince>
        </case>
      </cases>
    </suite>
    <suite>
      <file>/home/jenkins/slave/workspace/jenkins_main_trunk/test/target/surefire-reports/lib_form_enum.jelly.98.xml</file>
      <name>lib_form_enum.jelly</name>
      <stdout></stdout>
      <stderr></stderr>
      <duration>0.005</duration>
      <timestamp>2012-12-11T10:54:59</timestamp>
      <cases>
        <case>
          <duration>0.005</duration>
          <className>org.jvnet.hudson.test.JellyTestSuiteBuilder$JellyCheck</className>
          <testName>lib/form/enum.jelly</testName>
          <skipped>false</skipped>
          <failedSince>0</failedSince>
        </case>
      </cases>
    </suite>
    <suite>
      <file>/home/jenkins/slave/workspace/jenkins_main_trunk/test/target/surefire-reports/lib_form_enumSet.jelly.87.xml</file>
      <name>lib_form_enumSet.jelly</name>
      <stdout></stdout>
      <stderr></stderr>
      <duration>0.003</duration>
      <timestamp>2012-12-11T10:54:58</timestamp>
      <cases>
        <case>
          <duration>0.003</duration>
          <className>org.jvnet.hudson.test.JellyTestSuiteBuilder$JellyCheck</className>
          <testName>lib/form/enumSet.jelly</testName>
          <skipped>false</skipped>
          <failedSince>0</failedSince>
        </case>
      </cases>
    </suite>
    <suite>
      <file>/home/jenkins/slave/workspace/jenkins_main_trunk/test/target/surefire-reports/lib_form_expandableTextbox.jelly.113.xml</file>
      <name>lib_form_expandableTextbox.jelly</name>
      <stdout></stdout>
      <stderr></stderr>
      <duration>0.009</duration>
      <timestamp>2012-12-11T10:54:59</timestamp>
      <cases>
        <case>
          <duration>0.009</duration>
          <className>org.jvnet.hudson.test.JellyTestSuiteBuilder$JellyCheck</className>
          <testName>lib/form/expandableTextbox.jelly</testName>
          <skipped>false</skipped>
          <failedSince>0</failedSince>
        </case>
      </cases>
    </suite>
    <suite>
      <file>/home/jenkins/slave/workspace/jenkins_main_trunk/test/target/surefire-reports/lib_form_form.jelly.108.xml</file>
      <name>lib_form_form.jelly</name>
      <stdout></stdout>
      <stderr></stderr>
      <duration>0.003</duration>
      <timestamp>2012-12-11T10:54:59</timestamp>
      <cases>
        <case>
          <duration>0.003</duration>
          <className>org.jvnet.hudson.test.JellyTestSuiteBuilder$JellyCheck</className>
          <testName>lib/form/form.jelly</testName>
          <skipped>false</skipped>
          <failedSince>0</failedSince>
        </case>
      </cases>
    </suite>
    <suite>
      <file>/home/jenkins/slave/workspace/jenkins_main_trunk/test/target/surefire-reports/lib_form_helpArea.jelly.86.xml</file>
      <name>lib_form_helpArea.jelly</name>
      <stdout></stdout>
      <stderr></stderr>
      <duration>0.002</duration>
      <timestamp>2012-12-11T10:54:58</timestamp>
      <cases>
        <case>
          <duration>0.002</duration>
          <className>org.jvnet.hudson.test.JellyTestSuiteBuilder$JellyCheck</className>
          <testName>lib/form/helpArea.jelly</testName>
          <skipped>false</skipped>
          <failedSince>0</failedSince>
        </case>
      </cases>
    </suite>
    <suite>
      <file>/home/jenkins/slave/workspace/jenkins_main_trunk/test/target/surefire-reports/lib_form_hetero_list.jelly.128.xml</file>
      <name>lib_form_hetero-list.jelly</name>
      <stdout></stdout>
      <stderr></stderr>
      <duration>0.013</duration>
      <timestamp>2012-12-11T10:54:59</timestamp>
      <cases>
        <case>
          <duration>0.013</duration>
          <className>org.jvnet.hudson.test.JellyTestSuiteBuilder$JellyCheck</className>
          <testName>lib/form/hetero-list.jelly</testName>
          <skipped>false</skipped>
          <failedSince>0</failedSince>
        </case>
      </cases>
    </suite>
    <suite>
      <file>/home/jenkins/slave/workspace/jenkins_main_trunk/test/target/surefire-reports/lib_form_hetero_radio.jelly.92.xml</file>
      <name>lib_form_hetero-radio.jelly</name>
      <stdout></stdout>
      <stderr></stderr>
      <duration>0.009</duration>
      <timestamp>2012-12-11T10:54:59</timestamp>
      <cases>
        <case>
          <duration>0.009</duration>
          <className>org.jvnet.hudson.test.JellyTestSuiteBuilder$JellyCheck</className>
          <testName>lib/form/hetero-radio.jelly</testName>
          <skipped>false</skipped>
          <failedSince>0</failedSince>
        </case>
      </cases>
    </suite>
    <suite>
      <file>/home/jenkins/slave/workspace/jenkins_main_trunk/test/target/surefire-reports/lib_form_invisibleEntry.jelly.103.xml</file>
      <name>lib_form_invisibleEntry.jelly</name>
      <stdout></stdout>
      <stderr></stderr>
      <duration>0.002</duration>
      <timestamp>2012-12-11T10:54:59</timestamp>
      <cases>
        <case>
          <duration>0.002</duration>
          <className>org.jvnet.hudson.test.JellyTestSuiteBuilder$JellyCheck</className>
          <testName>lib/form/invisibleEntry.jelly</testName>
          <skipped>false</skipped>
          <failedSince>0</failedSince>
        </case>
      </cases>
    </suite>
    <suite>
      <file>/home/jenkins/slave/workspace/jenkins_main_trunk/test/target/surefire-reports/lib_form_nested.jelly.133.xml</file>
      <name>lib_form_nested.jelly</name>
      <stdout></stdout>
      <stderr></stderr>
      <duration>0.002</duration>
      <timestamp>2012-12-11T10:54:59</timestamp>
      <cases>
        <case>
          <duration>0.002</duration>
          <className>org.jvnet.hudson.test.JellyTestSuiteBuilder$JellyCheck</className>
          <testName>lib/form/nested.jelly</testName>
          <skipped>false</skipped>
          <failedSince>0</failedSince>
        </case>
      </cases>
    </suite>
    <suite>
      <file>/home/jenkins/slave/workspace/jenkins_main_trunk/test/target/surefire-reports/lib_form_number.jelly.121.xml</file>
      <name>lib_form_number.jelly</name>
      <stdout></stdout>
      <stderr></stderr>
      <duration>0.004</duration>
      <timestamp>2012-12-11T10:54:59</timestamp>
      <cases>
        <case>
          <duration>0.004</duration>
          <className>org.jvnet.hudson.test.JellyTestSuiteBuilder$JellyCheck</className>
          <testName>lib/form/number.jelly</testName>
          <skipped>false</skipped>
          <failedSince>0</failedSince>
        </case>
      </cases>
    </suite>
    <suite>
      <file>/home/jenkins/slave/workspace/jenkins_main_trunk/test/target/surefire-reports/lib_form_option.jelly.94.xml</file>
      <name>lib_form_option.jelly</name>
      <stdout></stdout>
      <stderr></stderr>
      <duration>0.003</duration>
      <timestamp>2012-12-11T10:54:59</timestamp>
      <cases>
        <case>
          <duration>0.003</duration>
          <className>org.jvnet.hudson.test.JellyTestSuiteBuilder$JellyCheck</className>
          <testName>lib/form/option.jelly</testName>
          <skipped>false</skipped>
          <failedSince>0</failedSince>
        </case>
      </cases>
    </suite>
    <suite>
      <file>/home/jenkins/slave/workspace/jenkins_main_trunk/test/target/surefire-reports/lib_form_optionalBlock.jelly.118.xml</file>
      <name>lib_form_optionalBlock.jelly</name>
      <stdout></stdout>
      <stderr></stderr>
      <duration>0.011</duration>
      <timestamp>2012-12-11T10:54:59</timestamp>
      <cases>
        <case>
          <duration>0.011</duration>
          <className>org.jvnet.hudson.test.JellyTestSuiteBuilder$JellyCheck</className>
          <testName>lib/form/optionalBlock.jelly</testName>
          <skipped>false</skipped>
          <failedSince>0</failedSince>
        </case>
      </cases>
    </suite>
    <suite>
      <file>/home/jenkins/slave/workspace/jenkins_main_trunk/test/target/surefire-reports/lib_form_optionalProperty.jelly.131.xml</file>
      <name>lib_form_optionalProperty.jelly</name>
      <stdout></stdout>
      <stderr></stderr>
      <duration>0.013</duration>
      <timestamp>2012-12-11T10:54:59</timestamp>
      <cases>
        <case>
          <duration>0.013</duration>
          <className>org.jvnet.hudson.test.JellyTestSuiteBuilder$JellyCheck</className>
          <testName>lib/form/optionalProperty.jelly</testName>
          <skipped>false</skipped>
          <failedSince>0</failedSince>
        </case>
      </cases>
    </suite>
    <suite>
      <file>/home/jenkins/slave/workspace/jenkins_main_trunk/test/target/surefire-reports/lib_form_password.jelly.119.xml</file>
      <name>lib_form_password.jelly</name>
      <stdout></stdout>
      <stderr></stderr>
      <duration>0.004</duration>
      <timestamp>2012-12-11T10:54:59</timestamp>
      <cases>
        <case>
          <duration>0.004</duration>
          <className>org.jvnet.hudson.test.JellyTestSuiteBuilder$JellyCheck</className>
          <testName>lib/form/password.jelly</testName>
          <skipped>false</skipped>
          <failedSince>0</failedSince>
        </case>
      </cases>
    </suite>
    <suite>
      <file>/home/jenkins/slave/workspace/jenkins_main_trunk/test/target/surefire-reports/lib_form_prepareDatabinding.jelly.126.xml</file>
      <name>lib_form_prepareDatabinding.jelly</name>
      <stdout></stdout>
      <stderr></stderr>
      <duration>0.003</duration>
      <timestamp>2012-12-11T10:54:59</timestamp>
      <cases>
        <case>
          <duration>0.003</duration>
          <className>org.jvnet.hudson.test.JellyTestSuiteBuilder$JellyCheck</className>
          <testName>lib/form/prepareDatabinding.jelly</testName>
          <skipped>false</skipped>
          <failedSince>0</failedSince>
        </case>
      </cases>
    </suite>
    <suite>
      <file>/home/jenkins/slave/workspace/jenkins_main_trunk/test/target/surefire-reports/lib_form_property.jelly.114.xml</file>
      <name>lib_form_property.jelly</name>
      <stdout></stdout>
      <stderr></stderr>
      <duration>0.006</duration>
      <timestamp>2012-12-11T10:54:59</timestamp>
      <cases>
        <case>
          <duration>0.006</duration>
          <className>org.jvnet.hudson.test.JellyTestSuiteBuilder$JellyCheck</className>
          <testName>lib/form/property.jelly</testName>
          <skipped>false</skipped>
          <failedSince>0</failedSince>
        </case>
      </cases>
    </suite>
    <suite>
      <file>/home/jenkins/slave/workspace/jenkins_main_trunk/test/target/surefire-reports/lib_form_radio.jelly.89.xml</file>
      <name>lib_form_radio.jelly</name>
      <stdout></stdout>
      <stderr></stderr>
      <duration>0.003</duration>
      <timestamp>2012-12-11T10:54:58</timestamp>
      <cases>
        <case>
          <duration>0.003</duration>
          <className>org.jvnet.hudson.test.JellyTestSuiteBuilder$JellyCheck</className>
          <testName>lib/form/radio.jelly</testName>
          <skipped>false</skipped>
          <failedSince>0</failedSince>
        </case>
      </cases>
    </suite>
    <suite>
      <file>/home/jenkins/slave/workspace/jenkins_main_trunk/test/target/surefire-reports/lib_form_radioBlock.jelly.85.xml</file>
      <name>lib_form_radioBlock.jelly</name>
      <stdout></stdout>
      <stderr></stderr>
      <duration>0.005</duration>
      <timestamp>2012-12-11T10:54:58</timestamp>
      <cases>
        <case>
          <duration>0.005</duration>
          <className>org.jvnet.hudson.test.JellyTestSuiteBuilder$JellyCheck</className>
          <testName>lib/form/radioBlock.jelly</testName>
          <skipped>false</skipped>
          <failedSince>0</failedSince>
        </case>
      </cases>
    </suite>
    <suite>
      <file>/home/jenkins/slave/workspace/jenkins_main_trunk/test/target/surefire-reports/lib_form_readOnlyTextbox.jelly.102.xml</file>
      <name>lib_form_readOnlyTextbox.jelly</name>
      <stdout></stdout>
      <stderr></stderr>
      <duration>0.005</duration>
      <timestamp>2012-12-11T10:54:59</timestamp>
      <cases>
        <case>
          <duration>0.005</duration>
          <className>org.jvnet.hudson.test.JellyTestSuiteBuilder$JellyCheck</className>
          <testName>lib/form/readOnlyTextbox.jelly</testName>
          <skipped>false</skipped>
          <failedSince>0</failedSince>
        </case>
      </cases>
    </suite>
    <suite>
      <file>/home/jenkins/slave/workspace/jenkins_main_trunk/test/target/surefire-reports/lib_form_repeatable.jelly.97.xml</file>
      <name>lib_form_repeatable.jelly</name>
      <stdout></stdout>
      <stderr></stderr>
      <duration>0.006</duration>
      <timestamp>2012-12-11T10:54:59</timestamp>
      <cases>
        <case>
          <duration>0.006</duration>
          <className>org.jvnet.hudson.test.JellyTestSuiteBuilder$JellyCheck</className>
          <testName>lib/form/repeatable.jelly</testName>
          <skipped>false</skipped>
          <failedSince>0</failedSince>
        </case>
      </cases>
    </suite>
    <suite>
      <file>/home/jenkins/slave/workspace/jenkins_main_trunk/test/target/surefire-reports/lib_form_repeatableDeleteButton.jelly.111.xml</file>
      <name>lib_form_repeatableDeleteButton.jelly</name>
      <stdout></stdout>
      <stderr></stderr>
      <duration>0.003</duration>
      <timestamp>2012-12-11T10:54:59</timestamp>
      <cases>
        <case>
          <duration>0.003</duration>
          <className>org.jvnet.hudson.test.JellyTestSuiteBuilder$JellyCheck</className>
          <testName>lib/form/repeatableDeleteButton.jelly</testName>
          <skipped>false</skipped>
          <failedSince>0</failedSince>
        </case>
      </cases>
    </suite>
    <suite>
      <file>/home/jenkins/slave/workspace/jenkins_main_trunk/test/target/surefire-reports/lib_form_repeatableHeteroProperty.jelly.112.xml</file>
      <name>lib_form_repeatableHeteroProperty.jelly</name>
      <stdout></stdout>
      <stderr></stderr>
      <duration>0.013</duration>
      <timestamp>2012-12-11T10:54:59</timestamp>
      <cases>
        <case>
          <duration>0.013</duration>
          <className>org.jvnet.hudson.test.JellyTestSuiteBuilder$JellyCheck</className>
          <testName>lib/form/repeatableHeteroProperty.jelly</testName>
          <skipped>false</skipped>
          <failedSince>0</failedSince>
        </case>
      </cases>
    </suite>
    <suite>
      <file>/home/jenkins/slave/workspace/jenkins_main_trunk/test/target/surefire-reports/lib_form_repeatableProperty.jelly.123.xml</file>
      <name>lib_form_repeatableProperty.jelly</name>
      <stdout></stdout>
      <stderr></stderr>
      <duration>0.008</duration>
      <timestamp>2012-12-11T10:54:59</timestamp>
      <cases>
        <case>
          <duration>0.008</duration>
          <className>org.jvnet.hudson.test.JellyTestSuiteBuilder$JellyCheck</className>
          <testName>lib/form/repeatableProperty.jelly</testName>
          <skipped>false</skipped>
          <failedSince>0</failedSince>
        </case>
      </cases>
    </suite>
    <suite>
      <file>/home/jenkins/slave/workspace/jenkins_main_trunk/test/target/surefire-reports/lib_form_richtextarea.jelly.127.xml</file>
      <name>lib_form_richtextarea.jelly</name>
      <stdout></stdout>
      <stderr></stderr>
      <duration>0.004</duration>
      <timestamp>2012-12-11T10:54:59</timestamp>
      <cases>
        <case>
          <duration>0.004</duration>
          <className>org.jvnet.hudson.test.JellyTestSuiteBuilder$JellyCheck</className>
          <testName>lib/form/richtextarea.jelly</testName>
          <skipped>false</skipped>
          <failedSince>0</failedSince>
        </case>
      </cases>
    </suite>
    <suite>
      <file>/home/jenkins/slave/workspace/jenkins_main_trunk/test/target/surefire-reports/lib_form_rowSet.jelly.100.xml</file>
      <name>lib_form_rowSet.jelly</name>
      <stdout></stdout>
      <stderr></stderr>
      <duration>0.003</duration>
      <timestamp>2012-12-11T10:54:59</timestamp>
      <cases>
        <case>
          <duration>0.003</duration>
          <className>org.jvnet.hudson.test.JellyTestSuiteBuilder$JellyCheck</className>
          <testName>lib/form/rowSet.jelly</testName>
          <skipped>false</skipped>
          <failedSince>0</failedSince>
        </case>
      </cases>
    </suite>
    <suite>
      <file>/home/jenkins/slave/workspace/jenkins_main_trunk/test/target/surefire-reports/lib_form_section.jelly.124.xml</file>
      <name>lib_form_section.jelly</name>
      <stdout></stdout>
      <stderr></stderr>
      <duration>0.006</duration>
      <timestamp>2012-12-11T10:54:59</timestamp>
      <cases>
        <case>
          <duration>0.006</duration>
          <className>org.jvnet.hudson.test.JellyTestSuiteBuilder$JellyCheck</className>
          <testName>lib/form/section.jelly</testName>
          <skipped>false</skipped>
          <failedSince>0</failedSince>
        </case>
      </cases>
    </suite>
    <suite>
      <file>/home/jenkins/slave/workspace/jenkins_main_trunk/test/target/surefire-reports/lib_form_select.jelly.122.xml</file>
      <name>lib_form_select.jelly</name>
      <stdout></stdout>
      <stderr></stderr>
      <duration>0.004</duration>
      <timestamp>2012-12-11T10:54:59</timestamp>
      <cases>
        <case>
          <duration>0.004</duration>
          <className>org.jvnet.hudson.test.JellyTestSuiteBuilder$JellyCheck</className>
          <testName>lib/form/select.jelly</testName>
          <skipped>false</skipped>
          <failedSince>0</failedSince>
        </case>
      </cases>
    </suite>
    <suite>
      <file>/home/jenkins/slave/workspace/jenkins_main_trunk/test/target/surefire-reports/lib_form_slave_mode.jelly.130.xml</file>
      <name>lib_form_slave-mode.jelly</name>
      <stdout></stdout>
      <stderr></stderr>
      <duration>0.008</duration>
      <timestamp>2012-12-11T10:54:59</timestamp>
      <cases>
        <case>
          <duration>0.008</duration>
          <className>org.jvnet.hudson.test.JellyTestSuiteBuilder$JellyCheck</className>
          <testName>lib/form/slave-mode.jelly</testName>
          <skipped>false</skipped>
          <failedSince>0</failedSince>
        </case>
      </cases>
    </suite>
    <suite>
      <file>/home/jenkins/slave/workspace/jenkins_main_trunk/test/target/surefire-reports/lib_form_submit.jelly.91.xml</file>
      <name>lib_form_submit.jelly</name>
      <stdout></stdout>
      <stderr></stderr>
      <duration>0.003</duration>
      <timestamp>2012-12-11T10:54:59</timestamp>
      <cases>
        <case>
          <duration>0.003</duration>
          <className>org.jvnet.hudson.test.JellyTestSuiteBuilder$JellyCheck</className>
          <testName>lib/form/submit.jelly</testName>
          <skipped>false</skipped>
          <failedSince>0</failedSince>
        </case>
      </cases>
    </suite>
    <suite>
      <file>/home/jenkins/slave/workspace/jenkins_main_trunk/test/target/surefire-reports/lib_form_textarea.jelly.90.xml</file>
      <name>lib_form_textarea.jelly</name>
      <stdout></stdout>
      <stderr></stderr>
      <duration>0.009</duration>
      <timestamp>2012-12-11T10:54:58</timestamp>
      <cases>
        <case>
          <duration>0.009</duration>
          <className>org.jvnet.hudson.test.JellyTestSuiteBuilder$JellyCheck</className>
          <testName>lib/form/textarea.jelly</testName>
          <skipped>false</skipped>
          <failedSince>0</failedSince>
        </case>
      </cases>
    </suite>
    <suite>
      <file>/home/jenkins/slave/workspace/jenkins_main_trunk/test/target/surefire-reports/lib_form_textbox.jelly.105.xml</file>
      <name>lib_form_textbox.jelly</name>
      <stdout></stdout>
      <stderr></stderr>
      <duration>0.006</duration>
      <timestamp>2012-12-11T10:54:59</timestamp>
      <cases>
        <case>
          <duration>0.006</duration>
          <className>org.jvnet.hudson.test.JellyTestSuiteBuilder$JellyCheck</className>
          <testName>lib/form/textbox.jelly</testName>
          <skipped>false</skipped>
          <failedSince>0</failedSince>
        </case>
      </cases>
    </suite>
    <suite>
      <file>/home/jenkins/slave/workspace/jenkins_main_trunk/test/target/surefire-reports/lib_form_validateButton.jelly.99.xml</file>
      <name>lib_form_validateButton.jelly</name>
      <stdout></stdout>
      <stderr></stderr>
      <duration>0.007</duration>
      <timestamp>2012-12-11T10:54:59</timestamp>
      <cases>
        <case>
          <duration>0.007</duration>
          <className>org.jvnet.hudson.test.JellyTestSuiteBuilder$JellyCheck</className>
          <testName>lib/form/validateButton.jelly</testName>
          <skipped>false</skipped>
          <failedSince>0</failedSince>
        </case>
      </cases>
    </suite>
    <suite>
      <file>/home/jenkins/slave/workspace/jenkins_main_trunk/test/target/surefire-reports/lib_form_withCustomDescriptorByName.jelly.116.xml</file>
      <name>lib_form_withCustomDescriptorByName.jelly</name>
      <stdout></stdout>
      <stderr></stderr>
      <duration>0.004</duration>
      <timestamp>2012-12-11T10:54:59</timestamp>
      <cases>
        <case>
          <duration>0.004</duration>
          <className>org.jvnet.hudson.test.JellyTestSuiteBuilder$JellyCheck</className>
          <testName>lib/form/withCustomDescriptorByName.jelly</testName>
          <skipped>false</skipped>
          <failedSince>0</failedSince>
        </case>
      </cases>
    </suite>
    <suite>
      <file>/home/jenkins/slave/workspace/jenkins_main_trunk/test/target/surefire-reports/lib_hudson_abstractItemLink.jelly.75.xml</file>
      <name>lib_hudson_abstractItemLink.jelly</name>
      <stdout></stdout>
      <stderr></stderr>
      <duration>0.003</duration>
      <timestamp>2012-12-11T10:54:58</timestamp>
      <cases>
        <case>
          <duration>0.003</duration>
          <className>org.jvnet.hudson.test.JellyTestSuiteBuilder$JellyCheck</className>
          <testName>lib/hudson/abstractItemLink.jelly</testName>
          <skipped>false</skipped>
          <failedSince>0</failedSince>
        </case>
      </cases>
    </suite>
    <suite>
      <file>/home/jenkins/slave/workspace/jenkins_main_trunk/test/target/surefire-reports/lib_hudson_actions.jelly.74.xml</file>
      <name>lib_hudson_actions.jelly</name>
      <stdout></stdout>
      <stderr></stderr>
      <duration>0.008</duration>
      <timestamp>2012-12-11T10:54:58</timestamp>
      <cases>
        <case>
          <duration>0.008</duration>
          <className>org.jvnet.hudson.test.JellyTestSuiteBuilder$JellyCheck</className>
          <testName>lib/hudson/actions.jelly</testName>
          <skipped>false</skipped>
          <failedSince>0</failedSince>
        </case>
      </cases>
    </suite>
    <suite>
      <file>/home/jenkins/slave/workspace/jenkins_main_trunk/test/target/surefire-reports/lib_hudson_artifactList.jelly.49.xml</file>
      <name>lib_hudson_artifactList.jelly</name>
      <stdout></stdout>
      <stderr></stderr>
      <duration>0.014</duration>
      <timestamp>2012-12-11T10:54:58</timestamp>
      <cases>
        <case>
          <duration>0.014</duration>
          <className>org.jvnet.hudson.test.JellyTestSuiteBuilder$JellyCheck</className>
          <testName>lib/hudson/artifactList.jelly</testName>
          <skipped>false</skipped>
          <failedSince>0</failedSince>
        </case>
      </cases>
    </suite>
    <suite>
      <file>/home/jenkins/slave/workspace/jenkins_main_trunk/test/target/surefire-reports/lib_hudson_ballColorTd.jelly.80.xml</file>
      <name>lib_hudson_ballColorTd.jelly</name>
      <stdout></stdout>
      <stderr></stderr>
      <duration>0.003</duration>
      <timestamp>2012-12-11T10:54:58</timestamp>
      <cases>
        <case>
          <duration>0.003</duration>
          <className>org.jvnet.hudson.test.JellyTestSuiteBuilder$JellyCheck</className>
          <testName>lib/hudson/ballColorTd.jelly</testName>
          <skipped>false</skipped>
          <failedSince>0</failedSince>
        </case>
      </cases>
    </suite>
    <suite>
      <file>/home/jenkins/slave/workspace/jenkins_main_trunk/test/target/surefire-reports/lib_hudson_buildCaption.jelly.43.xml</file>
      <name>lib_hudson_buildCaption.jelly</name>
      <stdout></stdout>
      <stderr></stderr>
      <duration>0.007</duration>
      <timestamp>2012-12-11T10:54:58</timestamp>
      <cases>
        <case>
          <duration>0.007</duration>
          <className>org.jvnet.hudson.test.JellyTestSuiteBuilder$JellyCheck</className>
          <testName>lib/hudson/buildCaption.jelly</testName>
          <skipped>false</skipped>
          <failedSince>0</failedSince>
        </case>
      </cases>
    </suite>
    <suite>
      <file>/home/jenkins/slave/workspace/jenkins_main_trunk/test/target/surefire-reports/lib_hudson_buildEnvVar.jelly.34.xml</file>
      <name>lib_hudson_buildEnvVar.jelly</name>
      <stdout></stdout>
      <stderr></stderr>
      <duration>0.004</duration>
      <timestamp>2012-12-11T10:54:58</timestamp>
      <cases>
        <case>
          <duration>0.004</duration>
          <className>org.jvnet.hudson.test.JellyTestSuiteBuilder$JellyCheck</className>
          <testName>lib/hudson/buildEnvVar.jelly</testName>
          <skipped>false</skipped>
          <failedSince>0</failedSince>
        </case>
      </cases>
    </suite>
    <suite>
      <file>/home/jenkins/slave/workspace/jenkins_main_trunk/test/target/surefire-reports/lib_hudson_buildHealth.jelly.72.xml</file>
      <name>lib_hudson_buildHealth.jelly</name>
      <stdout></stdout>
      <stderr></stderr>
      <duration>0.004</duration>
      <timestamp>2012-12-11T10:54:58</timestamp>
      <cases>
        <case>
          <duration>0.004</duration>
          <className>org.jvnet.hudson.test.JellyTestSuiteBuilder$JellyCheck</className>
          <testName>lib/hudson/buildHealth.jelly</testName>
          <skipped>false</skipped>
          <failedSince>0</failedSince>
        </case>
      </cases>
    </suite>
    <suite>
      <file>/home/jenkins/slave/workspace/jenkins_main_trunk/test/target/surefire-reports/lib_hudson_buildLink.jelly.73.xml</file>
      <name>lib_hudson_buildLink.jelly</name>
      <stdout></stdout>
      <stderr></stderr>
      <duration>0.004</duration>
      <timestamp>2012-12-11T10:54:58</timestamp>
      <cases>
        <case>
          <duration>0.004</duration>
          <className>org.jvnet.hudson.test.JellyTestSuiteBuilder$JellyCheck</className>
          <testName>lib/hudson/buildLink.jelly</testName>
          <skipped>false</skipped>
          <failedSince>0</failedSince>
        </case>
      </cases>
    </suite>
    <suite>
      <file>/home/jenkins/slave/workspace/jenkins_main_trunk/test/target/surefire-reports/lib_hudson_buildListTable.jelly.39.xml</file>
      <name>lib_hudson_buildListTable.jelly</name>
      <stdout></stdout>
      <stderr></stderr>
      <duration>0.017</duration>
      <timestamp>2012-12-11T10:54:58</timestamp>
      <cases>
        <case>
          <duration>0.017</duration>
          <className>org.jvnet.hudson.test.JellyTestSuiteBuilder$JellyCheck</className>
          <testName>lib/hudson/buildListTable.jelly</testName>
          <skipped>false</skipped>
          <failedSince>0</failedSince>
        </case>
      </cases>
    </suite>
    <suite>
      <file>/home/jenkins/slave/workspace/jenkins_main_trunk/test/target/surefire-reports/lib_hudson_buildProgressBar.jelly.77.xml</file>
      <name>lib_hudson_buildProgressBar.jelly</name>
      <stdout></stdout>
      <stderr></stderr>
      <duration>0.006</duration>
      <timestamp>2012-12-11T10:54:58</timestamp>
      <cases>
        <case>
          <duration>0.006</duration>
          <className>org.jvnet.hudson.test.JellyTestSuiteBuilder$JellyCheck</className>
          <testName>lib/hudson/buildProgressBar.jelly</testName>
          <skipped>false</skipped>
          <failedSince>0</failedSince>
        </case>
      </cases>
    </suite>
    <suite>
      <file>/home/jenkins/slave/workspace/jenkins_main_trunk/test/target/surefire-reports/lib_hudson_buildRangeLink.jelly.35.xml</file>
      <name>lib_hudson_buildRangeLink.jelly</name>
      <stdout></stdout>
      <stderr></stderr>
      <duration>0.022</duration>
      <timestamp>2012-12-11T10:54:58</timestamp>
      <cases>
        <case>
          <duration>0.022</duration>
          <className>org.jvnet.hudson.test.JellyTestSuiteBuilder$JellyCheck</className>
          <testName>lib/hudson/buildRangeLink.jelly</testName>
          <skipped>false</skipped>
          <failedSince>0</failedSince>
        </case>
      </cases>
    </suite>
    <suite>
      <file>/home/jenkins/slave/workspace/jenkins_main_trunk/test/target/surefire-reports/lib_hudson_buildStatusSummary.jelly.47.xml</file>
      <name>lib_hudson_buildStatusSummary.jelly</name>
      <stdout></stdout>
      <stderr></stderr>
      <duration>0.004</duration>
      <timestamp>2012-12-11T10:54:58</timestamp>
      <cases>
        <case>
          <duration>0.004</duration>
          <className>org.jvnet.hudson.test.JellyTestSuiteBuilder$JellyCheck</className>
          <testName>lib/hudson/buildStatusSummary.jelly</testName>
          <skipped>false</skipped>
          <failedSince>0</failedSince>
        </case>
      </cases>
    </suite>
    <suite>
      <file>/home/jenkins/slave/workspace/jenkins_main_trunk/test/target/surefire-reports/lib_hudson_editTypeIcon.jelly.51.xml</file>
      <name>lib_hudson_editTypeIcon.jelly</name>
      <stdout></stdout>
      <stderr></stderr>
      <duration>0.004</duration>
      <timestamp>2012-12-11T10:54:58</timestamp>
      <cases>
        <case>
          <duration>0.004</duration>
          <className>org.jvnet.hudson.test.JellyTestSuiteBuilder$JellyCheck</className>
          <testName>lib/hudson/editTypeIcon.jelly</testName>
          <skipped>false</skipped>
          <failedSince>0</failedSince>
        </case>
      </cases>
    </suite>
    <suite>
      <file>/home/jenkins/slave/workspace/jenkins_main_trunk/test/target/surefire-reports/lib_hudson_editableDescription.jelly.53.xml</file>
      <name>lib_hudson_editableDescription.jelly</name>
      <stdout></stdout>
      <stderr></stderr>
      <duration>0.008</duration>
      <timestamp>2012-12-11T10:54:58</timestamp>
      <cases>
        <case>
          <duration>0.008</duration>
          <className>org.jvnet.hudson.test.JellyTestSuiteBuilder$JellyCheck</className>
          <testName>lib/hudson/editableDescription.jelly</testName>
          <skipped>false</skipped>
          <failedSince>0</failedSince>
        </case>
      </cases>
    </suite>
    <suite>
      <file>/home/jenkins/slave/workspace/jenkins_main_trunk/test/target/surefire-reports/lib_hudson_executors.jelly.48.xml</file>
      <name>lib_hudson_executors.jelly</name>
      <stdout></stdout>
      <stderr></stderr>
      <duration>0.017</duration>
      <timestamp>2012-12-11T10:54:58</timestamp>
      <cases>
        <case>
          <duration>0.017</duration>
          <className>org.jvnet.hudson.test.JellyTestSuiteBuilder$JellyCheck</className>
          <testName>lib/hudson/executors.jelly</testName>
          <skipped>false</skipped>
          <failedSince>0</failedSince>
        </case>
      </cases>
    </suite>
    <suite>
      <file>/home/jenkins/slave/workspace/jenkins_main_trunk/test/target/surefire-reports/lib_hudson_help.jelly.76.xml</file>
      <name>lib_hudson_help.jelly</name>
      <stdout></stdout>
      <stderr></stderr>
      <duration>0.003</duration>
      <timestamp>2012-12-11T10:54:58</timestamp>
      <cases>
        <case>
          <duration>0.003</duration>
          <className>org.jvnet.hudson.test.JellyTestSuiteBuilder$JellyCheck</className>
          <testName>lib/hudson/help.jelly</testName>
          <skipped>false</skipped>
          <failedSince>0</failedSince>
        </case>
      </cases>
    </suite>
    <suite>
      <file>/home/jenkins/slave/workspace/jenkins_main_trunk/test/target/surefire-reports/lib_hudson_iconSize.jelly.52.xml</file>
      <name>lib_hudson_iconSize.jelly</name>
      <stdout></stdout>
      <stderr></stderr>
      <duration>0.005</duration>
      <timestamp>2012-12-11T10:54:58</timestamp>
      <cases>
        <case>
          <duration>0.005</duration>
          <className>org.jvnet.hudson.test.JellyTestSuiteBuilder$JellyCheck</className>
          <testName>lib/hudson/iconSize.jelly</testName>
          <skipped>false</skipped>
          <failedSince>0</failedSince>
        </case>
      </cases>
    </suite>
    <suite>
      <file>/home/jenkins/slave/workspace/jenkins_main_trunk/test/target/surefire-reports/lib_hudson_jobLink.jelly.42.xml</file>
      <name>lib_hudson_jobLink.jelly</name>
      <stdout></stdout>
      <stderr></stderr>
      <duration>0.004</duration>
      <timestamp>2012-12-11T10:54:58</timestamp>
      <cases>
        <case>
          <duration>0.004</duration>
          <className>org.jvnet.hudson.test.JellyTestSuiteBuilder$JellyCheck</className>
          <testName>lib/hudson/jobLink.jelly</testName>
          <skipped>false</skipped>
          <failedSince>0</failedSince>
        </case>
      </cases>
    </suite>
    <suite>
      <file>/home/jenkins/slave/workspace/jenkins_main_trunk/test/target/surefire-reports/lib_hudson_listScmBrowsers.jelly.44.xml</file>
      <name>lib_hudson_listScmBrowsers.jelly</name>
      <stdout></stdout>
      <stderr></stderr>
      <duration>0.022</duration>
      <timestamp>2012-12-11T10:54:58</timestamp>
      <cases>
        <case>
          <duration>0.022</duration>
          <className>org.jvnet.hudson.test.JellyTestSuiteBuilder$JellyCheck</className>
          <testName>lib/hudson/listScmBrowsers.jelly</testName>
          <skipped>false</skipped>
          <failedSince>0</failedSince>
        </case>
      </cases>
    </suite>
    <suite>
      <file>/home/jenkins/slave/workspace/jenkins_main_trunk/test/target/surefire-reports/lib_hudson_newFromList_form.jelly.83.xml</file>
      <name>lib_hudson_newFromList_form.jelly</name>
      <stdout></stdout>
      <stderr></stderr>
      <duration>0.038</duration>
      <timestamp>2012-12-11T10:54:58</timestamp>
      <cases>
        <case>
          <duration>0.038</duration>
          <className>org.jvnet.hudson.test.JellyTestSuiteBuilder$JellyCheck</className>
          <testName>lib/hudson/newFromList/form.jelly</testName>
          <skipped>false</skipped>
          <failedSince>0</failedSince>
        </case>
      </cases>
    </suite>
    <suite>
      <file>/home/jenkins/slave/workspace/jenkins_main_trunk/test/target/surefire-reports/lib_hudson_node.jelly.41.xml</file>
      <name>lib_hudson_node.jelly</name>
      <stdout></stdout>
      <stderr></stderr>
      <duration>0.004</duration>
      <timestamp>2012-12-11T10:54:58</timestamp>
      <cases>
        <case>
          <duration>0.004</duration>
          <className>org.jvnet.hudson.test.JellyTestSuiteBuilder$JellyCheck</className>
          <testName>lib/hudson/node.jelly</testName>
          <skipped>false</skipped>
          <failedSince>0</failedSince>
        </case>
      </cases>
    </suite>
    <suite>
      <file>/home/jenkins/slave/workspace/jenkins_main_trunk/test/target/surefire-reports/lib_hudson_progressBar.jelly.36.xml</file>
      <name>lib_hudson_progressBar.jelly</name>
      <stdout></stdout>
      <stderr></stderr>
      <duration>0.005</duration>
      <timestamp>2012-12-11T10:54:58</timestamp>
      <cases>
        <case>
          <duration>0.005</duration>
          <className>org.jvnet.hudson.test.JellyTestSuiteBuilder$JellyCheck</className>
          <testName>lib/hudson/progressBar.jelly</testName>
          <skipped>false</skipped>
          <failedSince>0</failedSince>
        </case>
      </cases>
    </suite>
    <suite>
      <file>/home/jenkins/slave/workspace/jenkins_main_trunk/test/target/surefire-reports/lib_hudson_progressiveText.jelly.32.xml</file>
      <name>lib_hudson_progressiveText.jelly</name>
      <stdout></stdout>
      <stderr></stderr>
      <duration>0.004</duration>
      <timestamp>2012-12-11T10:54:58</timestamp>
      <cases>
        <case>
          <duration>0.004</duration>
          <className>org.jvnet.hudson.test.JellyTestSuiteBuilder$JellyCheck</className>
          <testName>lib/hudson/progressiveText.jelly</testName>
          <skipped>false</skipped>
          <failedSince>0</failedSince>
        </case>
      </cases>
    </suite>
    <suite>
      <file>/home/jenkins/slave/workspace/jenkins_main_trunk/test/target/surefire-reports/lib_hudson_projectView.jelly.45.xml</file>
      <name>lib_hudson_projectView.jelly</name>
      <stdout></stdout>
      <stderr></stderr>
      <duration>0.016</duration>
      <timestamp>2012-12-11T10:54:58</timestamp>
      <cases>
        <case>
          <duration>0.016</duration>
          <className>org.jvnet.hudson.test.JellyTestSuiteBuilder$JellyCheck</className>
          <testName>lib/hudson/projectView.jelly</testName>
          <skipped>false</skipped>
          <failedSince>0</failedSince>
        </case>
      </cases>
    </suite>
    <suite>
      <file>/home/jenkins/slave/workspace/jenkins_main_trunk/test/target/surefire-reports/lib_hudson_projectViewNested.jelly.84.xml</file>
      <name>lib_hudson_projectViewNested.jelly</name>
      <stdout></stdout>
      <stderr></stderr>
      <duration>0.003</duration>
      <timestamp>2012-12-11T10:54:58</timestamp>
      <cases>
        <case>
          <duration>0.003</duration>
          <className>org.jvnet.hudson.test.JellyTestSuiteBuilder$JellyCheck</className>
          <testName>lib/hudson/projectViewNested.jelly</testName>
          <skipped>false</skipped>
          <failedSince>0</failedSince>
        </case>
      </cases>
    </suite>
    <suite>
      <file>/home/jenkins/slave/workspace/jenkins_main_trunk/test/target/surefire-reports/lib_hudson_projectViewRow.jelly.40.xml</file>
      <name>lib_hudson_projectViewRow.jelly</name>
      <stdout></stdout>
      <stderr></stderr>
      <duration>0.004</duration>
      <timestamp>2012-12-11T10:54:58</timestamp>
      <cases>
        <case>
          <duration>0.004</duration>
          <className>org.jvnet.hudson.test.JellyTestSuiteBuilder$JellyCheck</className>
          <testName>lib/hudson/projectViewRow.jelly</testName>
          <skipped>false</skipped>
          <failedSince>0</failedSince>
        </case>
      </cases>
    </suite>
    <suite>
      <file>/home/jenkins/slave/workspace/jenkins_main_trunk/test/target/surefire-reports/lib_hudson_project_build_permalink.jelly.59.xml</file>
      <name>lib_hudson_project_build-permalink.jelly</name>
      <stdout></stdout>
      <stderr></stderr>
      <duration>0.005</duration>
      <timestamp>2012-12-11T10:54:58</timestamp>
      <cases>
        <case>
          <duration>0.005</duration>
          <className>org.jvnet.hudson.test.JellyTestSuiteBuilder$JellyCheck</className>
          <testName>lib/hudson/project/build-permalink.jelly</testName>
          <skipped>false</skipped>
          <failedSince>0</failedSince>
        </case>
      </cases>
    </suite>
    <suite>
      <file>/home/jenkins/slave/workspace/jenkins_main_trunk/test/target/surefire-reports/lib_hudson_project_config_blockWhenDownstreamBuilding.jelly.70.xml</file>
      <name>lib_hudson_project_config-blockWhenDownstreamBuilding.jelly</name>
      <stdout></stdout>
      <stderr></stderr>
      <duration>0.01</duration>
      <timestamp>2012-12-11T10:54:58</timestamp>
      <cases>
        <case>
          <duration>0.01</duration>
          <className>org.jvnet.hudson.test.JellyTestSuiteBuilder$JellyCheck</className>
          <testName>lib/hudson/project/config-blockWhenDownstreamBuilding.jelly</testName>
          <skipped>false</skipped>
          <failedSince>0</failedSince>
        </case>
      </cases>
    </suite>
    <suite>
      <file>/home/jenkins/slave/workspace/jenkins_main_trunk/test/target/surefire-reports/lib_hudson_project_config_blockWhenUpstreamBuilding.jelly.69.xml</file>
      <name>lib_hudson_project_config-blockWhenUpstreamBuilding.jelly</name>
      <stdout></stdout>
      <stderr></stderr>
      <duration>0.011</duration>
      <timestamp>2012-12-11T10:54:58</timestamp>
      <cases>
        <case>
          <duration>0.011</duration>
          <className>org.jvnet.hudson.test.JellyTestSuiteBuilder$JellyCheck</className>
          <testName>lib/hudson/project/config-blockWhenUpstreamBuilding.jelly</testName>
          <skipped>false</skipped>
          <failedSince>0</failedSince>
        </case>
      </cases>
    </suite>
    <suite>
      <file>/home/jenkins/slave/workspace/jenkins_main_trunk/test/target/surefire-reports/lib_hudson_project_config_buildWrappers.jelly.58.xml</file>
      <name>lib_hudson_project_config-buildWrappers.jelly</name>
      <stdout></stdout>
      <stderr></stderr>
      <duration>0.021</duration>
      <timestamp>2012-12-11T10:54:58</timestamp>
      <cases>
        <case>
          <duration>0.021</duration>
          <className>org.jvnet.hudson.test.JellyTestSuiteBuilder$JellyCheck</className>
          <testName>lib/hudson/project/config-buildWrappers.jelly</testName>
          <skipped>false</skipped>
          <failedSince>0</failedSince>
        </case>
      </cases>
    </suite>
    <suite>
      <file>/home/jenkins/slave/workspace/jenkins_main_trunk/test/target/surefire-reports/lib_hudson_project_config_builders.jelly.64.xml</file>
      <name>lib_hudson_project_config-builders.jelly</name>
      <stdout></stdout>
      <stderr></stderr>
      <duration>0.029</duration>
      <timestamp>2012-12-11T10:54:58</timestamp>
      <cases>
        <case>
          <duration>0.029</duration>
          <className>org.jvnet.hudson.test.JellyTestSuiteBuilder$JellyCheck</className>
          <testName>lib/hudson/project/config-builders.jelly</testName>
          <skipped>false</skipped>
          <failedSince>0</failedSince>
        </case>
      </cases>
    </suite>
    <suite>
      <file>/home/jenkins/slave/workspace/jenkins_main_trunk/test/target/surefire-reports/lib_hudson_project_config_concurrentBuild.jelly.66.xml</file>
      <name>lib_hudson_project_config-concurrentBuild.jelly</name>
      <stdout></stdout>
      <stderr></stderr>
      <duration>0.016</duration>
      <timestamp>2012-12-11T10:54:58</timestamp>
      <cases>
        <case>
          <duration>0.016</duration>
          <className>org.jvnet.hudson.test.JellyTestSuiteBuilder$JellyCheck</className>
          <testName>lib/hudson/project/config-concurrentBuild.jelly</testName>
          <skipped>false</skipped>
          <failedSince>0</failedSince>
        </case>
      </cases>
    </suite>
    <suite>
      <file>/home/jenkins/slave/workspace/jenkins_main_trunk/test/target/surefire-reports/lib_hudson_project_config_customWorkspace.jelly.57.xml</file>
      <name>lib_hudson_project_config-customWorkspace.jelly</name>
      <stdout></stdout>
      <stderr></stderr>
      <duration>0.027</duration>
      <timestamp>2012-12-11T10:54:58</timestamp>
      <cases>
        <case>
          <duration>0.027</duration>
          <className>org.jvnet.hudson.test.JellyTestSuiteBuilder$JellyCheck</className>
          <testName>lib/hudson/project/config-customWorkspace.jelly</testName>
          <skipped>false</skipped>
          <failedSince>0</failedSince>
        </case>
      </cases>
    </suite>
    <suite>
      <file>/home/jenkins/slave/workspace/jenkins_main_trunk/test/target/surefire-reports/lib_hudson_project_config_disableBuild.jelly.62.xml</file>
      <name>lib_hudson_project_config-disableBuild.jelly</name>
      <stdout></stdout>
      <stderr></stderr>
      <duration>0.014</duration>
      <timestamp>2012-12-11T10:54:58</timestamp>
      <cases>
        <case>
          <duration>0.014</duration>
          <className>org.jvnet.hudson.test.JellyTestSuiteBuilder$JellyCheck</className>
          <testName>lib/hudson/project/config-disableBuild.jelly</testName>
          <skipped>false</skipped>
          <failedSince>0</failedSince>
        </case>
      </cases>
    </suite>
    <suite>
      <file>/home/jenkins/slave/workspace/jenkins_main_trunk/test/target/surefire-reports/lib_hudson_project_config_publishers.jelly.55.xml</file>
      <name>lib_hudson_project_config-publishers.jelly</name>
      <stdout></stdout>
      <stderr></stderr>
      <duration>0.024</duration>
      <timestamp>2012-12-11T10:54:58</timestamp>
      <cases>
        <case>
          <duration>0.024</duration>
          <className>org.jvnet.hudson.test.JellyTestSuiteBuilder$JellyCheck</className>
          <testName>lib/hudson/project/config-publishers.jelly</testName>
          <skipped>false</skipped>
          <failedSince>0</failedSince>
        </case>
      </cases>
    </suite>
    <suite>
      <file>/home/jenkins/slave/workspace/jenkins_main_trunk/test/target/surefire-reports/lib_hudson_project_config_publishers2.jelly.71.xml</file>
      <name>lib_hudson_project_config-publishers2.jelly</name>
      <stdout></stdout>
      <stderr></stderr>
      <duration>0.016</duration>
      <timestamp>2012-12-11T10:54:58</timestamp>
      <cases>
        <case>
          <duration>0.016</duration>
          <className>org.jvnet.hudson.test.JellyTestSuiteBuilder$JellyCheck</className>
          <testName>lib/hudson/project/config-publishers2.jelly</testName>
          <skipped>false</skipped>
          <failedSince>0</failedSince>
        </case>
      </cases>
    </suite>
    <suite>
      <file>/home/jenkins/slave/workspace/jenkins_main_trunk/test/target/surefire-reports/lib_hudson_project_config_quietPeriod.jelly.54.xml</file>
      <name>lib_hudson_project_config-quietPeriod.jelly</name>
      <stdout></stdout>
      <stderr></stderr>
      <duration>0.027</duration>
      <timestamp>2012-12-11T10:54:58</timestamp>
      <cases>
        <case>
          <duration>0.027</duration>
          <className>org.jvnet.hudson.test.JellyTestSuiteBuilder$JellyCheck</className>
          <testName>lib/hudson/project/config-quietPeriod.jelly</testName>
          <skipped>false</skipped>
          <failedSince>0</failedSince>
        </case>
      </cases>
    </suite>
    <suite>
      <file>/home/jenkins/slave/workspace/jenkins_main_trunk/test/target/surefire-reports/lib_hudson_project_config_retryCount.jelly.61.xml</file>
      <name>lib_hudson_project_config-retryCount.jelly</name>
      <stdout></stdout>
      <stderr></stderr>
      <duration>0.03</duration>
      <timestamp>2012-12-11T10:54:58</timestamp>
      <cases>
        <case>
          <duration>0.03</duration>
          <className>org.jvnet.hudson.test.JellyTestSuiteBuilder$JellyCheck</className>
          <testName>lib/hudson/project/config-retryCount.jelly</testName>
          <skipped>false</skipped>
          <failedSince>0</failedSince>
        </case>
      </cases>
    </suite>
    <suite>
      <file>/home/jenkins/slave/workspace/jenkins_main_trunk/test/target/surefire-reports/lib_hudson_project_config_scm.jelly.56.xml</file>
      <name>lib_hudson_project_config-scm.jelly</name>
      <stdout></stdout>
      <stderr></stderr>
      <duration>0.039</duration>
      <timestamp>2012-12-11T10:54:58</timestamp>
      <cases>
        <case>
          <duration>0.039</duration>
          <className>org.jvnet.hudson.test.JellyTestSuiteBuilder$JellyCheck</className>
          <testName>lib/hudson/project/config-scm.jelly</testName>
          <skipped>false</skipped>
          <failedSince>0</failedSince>
        </case>
      </cases>
    </suite>
    <suite>
      <file>/home/jenkins/slave/workspace/jenkins_main_trunk/test/target/surefire-reports/lib_hudson_project_config_trigger.jelly.63.xml</file>
      <name>lib_hudson_project_config-trigger.jelly</name>
      <stdout></stdout>
      <stderr></stderr>
      <duration>0.026</duration>
      <timestamp>2012-12-11T10:54:58</timestamp>
      <cases>
        <case>
          <duration>0.026</duration>
          <className>org.jvnet.hudson.test.JellyTestSuiteBuilder$JellyCheck</className>
          <testName>lib/hudson/project/config-trigger.jelly</testName>
          <skipped>false</skipped>
          <failedSince>0</failedSince>
        </case>
      </cases>
    </suite>
    <suite>
      <file>/home/jenkins/slave/workspace/jenkins_main_trunk/test/target/surefire-reports/lib_hudson_project_config_upstream_pseudo_trigger.jelly.68.xml</file>
      <name>lib_hudson_project_config-upstream-pseudo-trigger.jelly</name>
      <stdout></stdout>
      <stderr></stderr>
      <duration>0.023</duration>
      <timestamp>2012-12-11T10:54:58</timestamp>
      <cases>
        <case>
          <duration>0.023</duration>
          <className>org.jvnet.hudson.test.JellyTestSuiteBuilder$JellyCheck</className>
          <testName>lib/hudson/project/config-upstream-pseudo-trigger.jelly</testName>
          <skipped>false</skipped>
          <failedSince>0</failedSince>
        </case>
      </cases>
    </suite>
    <suite>
      <file>/home/jenkins/slave/workspace/jenkins_main_trunk/test/target/surefire-reports/lib_hudson_project_matrix.jelly.67.xml</file>
      <name>lib_hudson_project_matrix.jelly</name>
      <stdout></stdout>
      <stderr></stderr>
      <duration>0.008</duration>
      <timestamp>2012-12-11T10:54:58</timestamp>
      <cases>
        <case>
          <duration>0.008</duration>
          <className>org.jvnet.hudson.test.JellyTestSuiteBuilder$JellyCheck</className>
          <testName>lib/hudson/project/matrix.jelly</testName>
          <skipped>false</skipped>
          <failedSince>0</failedSince>
        </case>
      </cases>
    </suite>
    <suite>
      <file>/home/jenkins/slave/workspace/jenkins_main_trunk/test/target/surefire-reports/lib_hudson_project_projectActionFloatingBox.jelly.65.xml</file>
      <name>lib_hudson_project_projectActionFloatingBox.jelly</name>
      <stdout></stdout>
      <stderr></stderr>
      <duration>0.004</duration>
      <timestamp>2012-12-11T10:54:58</timestamp>
      <cases>
        <case>
          <duration>0.004</duration>
          <className>org.jvnet.hudson.test.JellyTestSuiteBuilder$JellyCheck</className>
          <testName>lib/hudson/project/projectActionFloatingBox.jelly</testName>
          <skipped>false</skipped>
          <failedSince>0</failedSince>
        </case>
      </cases>
    </suite>
    <suite>
      <file>/home/jenkins/slave/workspace/jenkins_main_trunk/test/target/surefire-reports/lib_hudson_project_upstream_downstream.jelly.60.xml</file>
      <name>lib_hudson_project_upstream-downstream.jelly</name>
      <stdout></stdout>
      <stderr></stderr>
      <duration>0.007</duration>
      <timestamp>2012-12-11T10:54:58</timestamp>
      <cases>
        <case>
          <duration>0.007</duration>
          <className>org.jvnet.hudson.test.JellyTestSuiteBuilder$JellyCheck</className>
          <testName>lib/hudson/project/upstream-downstream.jelly</testName>
          <skipped>false</skipped>
          <failedSince>0</failedSince>
        </case>
      </cases>
    </suite>
    <suite>
      <file>/home/jenkins/slave/workspace/jenkins_main_trunk/test/target/surefire-reports/lib_hudson_propertyTable.jelly.78.xml</file>
      <name>lib_hudson_propertyTable.jelly</name>
      <stdout></stdout>
      <stderr></stderr>
      <duration>0.003</duration>
      <timestamp>2012-12-11T10:54:58</timestamp>
      <cases>
        <case>
          <duration>0.003</duration>
          <className>org.jvnet.hudson.test.JellyTestSuiteBuilder$JellyCheck</className>
          <testName>lib/hudson/propertyTable.jelly</testName>
          <skipped>false</skipped>
          <failedSince>0</failedSince>
        </case>
      </cases>
    </suite>
    <suite>
      <file>/home/jenkins/slave/workspace/jenkins_main_trunk/test/target/surefire-reports/lib_hudson_queue.jelly.79.xml</file>
      <name>lib_hudson_queue.jelly</name>
      <stdout></stdout>
      <stderr></stderr>
      <duration>0.008</duration>
      <timestamp>2012-12-11T10:54:58</timestamp>
      <cases>
        <case>
          <duration>0.008</duration>
          <className>org.jvnet.hudson.test.JellyTestSuiteBuilder$JellyCheck</className>
          <testName>lib/hudson/queue.jelly</testName>
          <skipped>false</skipped>
          <failedSince>0</failedSince>
        </case>
      </cases>
    </suite>
    <suite>
      <file>/home/jenkins/slave/workspace/jenkins_main_trunk/test/target/surefire-reports/lib_hudson_rssBar.jelly.82.xml</file>
      <name>lib_hudson_rssBar.jelly</name>
      <stdout></stdout>
      <stderr></stderr>
      <duration>0.003</duration>
      <timestamp>2012-12-11T10:54:58</timestamp>
      <cases>
        <case>
          <duration>0.003</duration>
          <className>org.jvnet.hudson.test.JellyTestSuiteBuilder$JellyCheck</className>
          <testName>lib/hudson/rssBar.jelly</testName>
          <skipped>false</skipped>
          <failedSince>0</failedSince>
        </case>
      </cases>
    </suite>
    <suite>
      <file>/home/jenkins/slave/workspace/jenkins_main_trunk/test/target/surefire-reports/lib_hudson_rssBar_with_iconSize.jelly.38.xml</file>
      <name>lib_hudson_rssBar-with-iconSize.jelly</name>
      <stdout></stdout>
      <stderr></stderr>
      <duration>0.007</duration>
      <timestamp>2012-12-11T10:54:58</timestamp>
      <cases>
        <case>
          <duration>0.007</duration>
          <className>org.jvnet.hudson.test.JellyTestSuiteBuilder$JellyCheck</className>
          <testName>lib/hudson/rssBar-with-iconSize.jelly</testName>
          <skipped>false</skipped>
          <failedSince>0</failedSince>
        </case>
      </cases>
    </suite>
    <suite>
      <file>/home/jenkins/slave/workspace/jenkins_main_trunk/test/target/surefire-reports/lib_hudson_scriptConsole.jelly.46.xml</file>
      <name>lib_hudson_scriptConsole.jelly</name>
      <stdout></stdout>
      <stderr></stderr>
      <duration>0.041</duration>
      <timestamp>2012-12-11T10:54:58</timestamp>
      <cases>
        <case>
          <duration>0.041</duration>
          <className>org.jvnet.hudson.test.JellyTestSuiteBuilder$JellyCheck</className>
          <testName>lib/hudson/scriptConsole.jelly</testName>
          <skipped>false</skipped>
          <failedSince>0</failedSince>
        </case>
      </cases>
    </suite>
    <suite>
      <file>/home/jenkins/slave/workspace/jenkins_main_trunk/test/target/surefire-reports/lib_hudson_setIconSize.jelly.50.xml</file>
      <name>lib_hudson_setIconSize.jelly</name>
      <stdout></stdout>
      <stderr></stderr>
      <duration>0.004</duration>
      <timestamp>2012-12-11T10:54:58</timestamp>
      <cases>
        <case>
          <duration>0.004</duration>
          <className>org.jvnet.hudson.test.JellyTestSuiteBuilder$JellyCheck</className>
          <testName>lib/hudson/setIconSize.jelly</testName>
          <skipped>false</skipped>
          <failedSince>0</failedSince>
        </case>
      </cases>
    </suite>
    <suite>
      <file>/home/jenkins/slave/workspace/jenkins_main_trunk/test/target/surefire-reports/lib_hudson_summary.jelly.37.xml</file>
      <name>lib_hudson_summary.jelly</name>
      <stdout></stdout>
      <stderr></stderr>
      <duration>0.006</duration>
      <timestamp>2012-12-11T10:54:58</timestamp>
      <cases>
        <case>
          <duration>0.006</duration>
          <className>org.jvnet.hudson.test.JellyTestSuiteBuilder$JellyCheck</className>
          <testName>lib/hudson/summary.jelly</testName>
          <skipped>false</skipped>
          <failedSince>0</failedSince>
        </case>
      </cases>
    </suite>
    <suite>
      <file>/home/jenkins/slave/workspace/jenkins_main_trunk/test/target/surefire-reports/lib_hudson_test_result.jelly.81.xml</file>
      <name>lib_hudson_test-result.jelly</name>
      <stdout></stdout>
      <stderr></stderr>
      <duration>0.003</duration>
      <timestamp>2012-12-11T10:54:58</timestamp>
      <cases>
        <case>
          <duration>0.003</duration>
          <className>org.jvnet.hudson.test.JellyTestSuiteBuilder$JellyCheck</className>
          <testName>lib/hudson/test-result.jelly</testName>
          <skipped>false</skipped>
          <failedSince>0</failedSince>
        </case>
      </cases>
    </suite>
    <suite>
      <file>/home/jenkins/slave/workspace/jenkins_main_trunk/test/target/surefire-reports/lib_hudson_thirdPartyLicenses.jelly.33.xml</file>
      <name>lib_hudson_thirdPartyLicenses.jelly</name>
      <stdout></stdout>
      <stderr></stderr>
      <duration>0.005</duration>
      <timestamp>2012-12-11T10:54:58</timestamp>
      <cases>
        <case>
          <duration>0.005</duration>
          <className>org.jvnet.hudson.test.JellyTestSuiteBuilder$JellyCheck</className>
          <testName>lib/hudson/thirdPartyLicenses.jelly</testName>
          <skipped>false</skipped>
          <failedSince>0</failedSince>
        </case>
      </cases>
    </suite>
    <suite>
      <file>/home/jenkins/slave/workspace/jenkins_main_trunk/test/target/surefire-reports/lib_layout_ajax.jelly.145.xml</file>
      <name>lib_layout_ajax.jelly</name>
      <stdout></stdout>
      <stderr></stderr>
      <duration>0.003</duration>
      <timestamp>2012-12-11T10:54:59</timestamp>
      <cases>
        <case>
          <duration>0.003</duration>
          <className>org.jvnet.hudson.test.JellyTestSuiteBuilder$JellyCheck</className>
          <testName>lib/layout/ajax.jelly</testName>
          <skipped>false</skipped>
          <failedSince>0</failedSince>
        </case>
      </cases>
    </suite>
    <suite>
      <file>/home/jenkins/slave/workspace/jenkins_main_trunk/test/target/surefire-reports/lib_layout_breadcrumb.jelly.143.xml</file>
      <name>lib_layout_breadcrumb.jelly</name>
      <stdout></stdout>
      <stderr></stderr>
      <duration>0.003</duration>
      <timestamp>2012-12-11T10:54:59</timestamp>
      <cases>
        <case>
          <duration>0.003</duration>
          <className>org.jvnet.hudson.test.JellyTestSuiteBuilder$JellyCheck</className>
          <testName>lib/layout/breadcrumb.jelly</testName>
          <skipped>false</skipped>
          <failedSince>0</failedSince>
        </case>
      </cases>
    </suite>
    <suite>
      <file>/home/jenkins/slave/workspace/jenkins_main_trunk/test/target/surefire-reports/lib_layout_breadcrumbBar.jelly.136.xml</file>
      <name>lib_layout_breadcrumbBar.jelly</name>
      <stdout></stdout>
      <stderr></stderr>
      <duration>0.004</duration>
      <timestamp>2012-12-11T10:54:59</timestamp>
      <cases>
        <case>
          <duration>0.004</duration>
          <className>org.jvnet.hudson.test.JellyTestSuiteBuilder$JellyCheck</className>
          <testName>lib/layout/breadcrumbBar.jelly</testName>
          <skipped>false</skipped>
          <failedSince>0</failedSince>
        </case>
      </cases>
    </suite>
    <suite>
      <file>/home/jenkins/slave/workspace/jenkins_main_trunk/test/target/surefire-reports/lib_layout_copyButton.jelly.141.xml</file>
      <name>lib_layout_copyButton.jelly</name>
      <stdout></stdout>
      <stderr></stderr>
      <duration>0.003</duration>
      <timestamp>2012-12-11T10:54:59</timestamp>
      <cases>
        <case>
          <duration>0.003</duration>
          <className>org.jvnet.hudson.test.JellyTestSuiteBuilder$JellyCheck</className>
          <testName>lib/layout/copyButton.jelly</testName>
          <skipped>false</skipped>
          <failedSince>0</failedSince>
        </case>
      </cases>
    </suite>
    <suite>
      <file>/home/jenkins/slave/workspace/jenkins_main_trunk/test/target/surefire-reports/lib_layout_expandButton.jelly.138.xml</file>
      <name>lib_layout_expandButton.jelly</name>
      <stdout></stdout>
      <stderr></stderr>
      <duration>0.003</duration>
      <timestamp>2012-12-11T10:54:59</timestamp>
      <cases>
        <case>
          <duration>0.003</duration>
          <className>org.jvnet.hudson.test.JellyTestSuiteBuilder$JellyCheck</className>
          <testName>lib/layout/expandButton.jelly</testName>
          <skipped>false</skipped>
          <failedSince>0</failedSince>
        </case>
      </cases>
    </suite>
    <suite>
      <file>/home/jenkins/slave/workspace/jenkins_main_trunk/test/target/surefire-reports/lib_layout_hasPermission.jelly.139.xml</file>
      <name>lib_layout_hasPermission.jelly</name>
      <stdout></stdout>
      <stderr></stderr>
      <duration>0.003</duration>
      <timestamp>2012-12-11T10:54:59</timestamp>
      <cases>
        <case>
          <duration>0.003</duration>
          <className>org.jvnet.hudson.test.JellyTestSuiteBuilder$JellyCheck</className>
          <testName>lib/layout/hasPermission.jelly</testName>
          <skipped>false</skipped>
          <failedSince>0</failedSince>
        </case>
      </cases>
    </suite>
    <suite>
      <file>/home/jenkins/slave/workspace/jenkins_main_trunk/test/target/surefire-reports/lib_layout_header.jelly.144.xml</file>
      <name>lib_layout_header.jelly</name>
      <stdout></stdout>
      <stderr></stderr>
      <duration>0.003</duration>
      <timestamp>2012-12-11T10:54:59</timestamp>
      <cases>
        <case>
          <duration>0.003</duration>
          <className>org.jvnet.hudson.test.JellyTestSuiteBuilder$JellyCheck</className>
          <testName>lib/layout/header.jelly</testName>
          <skipped>false</skipped>
          <failedSince>0</failedSince>
        </case>
      </cases>
    </suite>
    <suite>
      <file>/home/jenkins/slave/workspace/jenkins_main_trunk/test/target/surefire-reports/lib_layout_isAdmin.jelly.146.xml</file>
      <name>lib_layout_isAdmin.jelly</name>
      <stdout></stdout>
      <stderr></stderr>
      <duration>0.003</duration>
      <timestamp>2012-12-11T10:54:59</timestamp>
      <cases>
        <case>
          <duration>0.003</duration>
          <className>org.jvnet.hudson.test.JellyTestSuiteBuilder$JellyCheck</className>
          <testName>lib/layout/isAdmin.jelly</testName>
          <skipped>false</skipped>
          <failedSince>0</failedSince>
        </case>
      </cases>
    </suite>
    <suite>
      <file>/home/jenkins/slave/workspace/jenkins_main_trunk/test/target/surefire-reports/lib_layout_isAdminOrTest.jelly.152.xml</file>
      <name>lib_layout_isAdminOrTest.jelly</name>
      <stdout></stdout>
      <stderr></stderr>
      <duration>0.003</duration>
      <timestamp>2012-12-11T10:54:59</timestamp>
      <cases>
        <case>
          <duration>0.003</duration>
          <className>org.jvnet.hudson.test.JellyTestSuiteBuilder$JellyCheck</className>
          <testName>lib/layout/isAdminOrTest.jelly</testName>
          <skipped>false</skipped>
          <failedSince>0</failedSince>
        </case>
      </cases>
    </suite>
    <suite>
      <file>/home/jenkins/slave/workspace/jenkins_main_trunk/test/target/surefire-reports/lib_layout_layout.jelly.148.xml</file>
      <name>lib_layout_layout.jelly</name>
      <stdout></stdout>
      <stderr></stderr>
      <duration>0.026</duration>
      <timestamp>2012-12-11T10:54:59</timestamp>
      <cases>
        <case>
          <duration>0.026</duration>
          <className>org.jvnet.hudson.test.JellyTestSuiteBuilder$JellyCheck</className>
          <testName>lib/layout/layout.jelly</testName>
          <skipped>false</skipped>
          <failedSince>0</failedSince>
        </case>
      </cases>
    </suite>
    <suite>
      <file>/home/jenkins/slave/workspace/jenkins_main_trunk/test/target/surefire-reports/lib_layout_main_panel.jelly.154.xml</file>
      <name>lib_layout_main-panel.jelly</name>
      <stdout></stdout>
      <stderr></stderr>
      <duration>0.002</duration>
      <timestamp>2012-12-11T10:54:59</timestamp>
      <cases>
        <case>
          <duration>0.002</duration>
          <className>org.jvnet.hudson.test.JellyTestSuiteBuilder$JellyCheck</className>
          <testName>lib/layout/main-panel.jelly</testName>
          <skipped>false</skipped>
          <failedSince>0</failedSince>
        </case>
      </cases>
    </suite>
    <suite>
      <file>/home/jenkins/slave/workspace/jenkins_main_trunk/test/target/surefire-reports/lib_layout_pane.jelly.153.xml</file>
      <name>lib_layout_pane.jelly</name>
      <stdout></stdout>
      <stderr></stderr>
      <duration>0.003</duration>
      <timestamp>2012-12-11T10:54:59</timestamp>
      <cases>
        <case>
          <duration>0.003</duration>
          <className>org.jvnet.hudson.test.JellyTestSuiteBuilder$JellyCheck</className>
          <testName>lib/layout/pane.jelly</testName>
          <skipped>false</skipped>
          <failedSince>0</failedSince>
        </case>
      </cases>
    </suite>
    <suite>
      <file>/home/jenkins/slave/workspace/jenkins_main_trunk/test/target/surefire-reports/lib_layout_progressiveRendering.jelly.150.xml</file>
      <name>lib_layout_progressiveRendering.jelly</name>
      <stdout></stdout>
      <stderr></stderr>
      <duration>0.004</duration>
      <timestamp>2012-12-11T10:54:59</timestamp>
      <cases>
        <case>
          <duration>0.004</duration>
          <className>org.jvnet.hudson.test.JellyTestSuiteBuilder$JellyCheck</className>
          <testName>lib/layout/progressiveRendering.jelly</testName>
          <skipped>false</skipped>
          <failedSince>0</failedSince>
        </case>
      </cases>
    </suite>
    <suite>
      <file>/home/jenkins/slave/workspace/jenkins_main_trunk/test/target/surefire-reports/lib_layout_renderOnDemand.jelly.135.xml</file>
      <name>lib_layout_renderOnDemand.jelly</name>
      <stdout></stdout>
      <stderr></stderr>
      <duration>0.003</duration>
      <timestamp>2012-12-11T10:54:59</timestamp>
      <cases>
        <case>
          <duration>0.003</duration>
          <className>org.jvnet.hudson.test.JellyTestSuiteBuilder$JellyCheck</className>
          <testName>lib/layout/renderOnDemand.jelly</testName>
          <skipped>false</skipped>
          <failedSince>0</failedSince>
        </case>
      </cases>
    </suite>
    <suite>
      <file>/home/jenkins/slave/workspace/jenkins_main_trunk/test/target/surefire-reports/lib_layout_rightspace.jelly.149.xml</file>
      <name>lib_layout_rightspace.jelly</name>
      <stdout></stdout>
      <stderr></stderr>
      <duration>0.003</duration>
      <timestamp>2012-12-11T10:54:59</timestamp>
      <cases>
        <case>
          <duration>0.003</duration>
          <className>org.jvnet.hudson.test.JellyTestSuiteBuilder$JellyCheck</className>
          <testName>lib/layout/rightspace.jelly</testName>
          <skipped>false</skipped>
          <failedSince>0</failedSince>
        </case>
      </cases>
    </suite>
    <suite>
      <file>/home/jenkins/slave/workspace/jenkins_main_trunk/test/target/surefire-reports/lib_layout_side_panel.jelly.140.xml</file>
      <name>lib_layout_side-panel.jelly</name>
      <stdout></stdout>
      <stderr></stderr>
      <duration>0.004</duration>
      <timestamp>2012-12-11T10:54:59</timestamp>
      <cases>
        <case>
          <duration>0.004</duration>
          <className>org.jvnet.hudson.test.JellyTestSuiteBuilder$JellyCheck</className>
          <testName>lib/layout/side-panel.jelly</testName>
          <skipped>false</skipped>
          <failedSince>0</failedSince>
        </case>
      </cases>
    </suite>
    <suite>
      <file>/home/jenkins/slave/workspace/jenkins_main_trunk/test/target/surefire-reports/lib_layout_tab.jelly.134.xml</file>
      <name>lib_layout_tab.jelly</name>
      <stdout></stdout>
      <stderr></stderr>
      <duration>0.004</duration>
      <timestamp>2012-12-11T10:54:59</timestamp>
      <cases>
        <case>
          <duration>0.004</duration>
          <className>org.jvnet.hudson.test.JellyTestSuiteBuilder$JellyCheck</className>
          <testName>lib/layout/tab.jelly</testName>
          <skipped>false</skipped>
          <failedSince>0</failedSince>
        </case>
      </cases>
    </suite>
    <suite>
      <file>/home/jenkins/slave/workspace/jenkins_main_trunk/test/target/surefire-reports/lib_layout_tabBar.jelly.147.xml</file>
      <name>lib_layout_tabBar.jelly</name>
      <stdout></stdout>
      <stderr></stderr>
      <duration>0.003</duration>
      <timestamp>2012-12-11T10:54:59</timestamp>
      <cases>
        <case>
          <duration>0.003</duration>
          <className>org.jvnet.hudson.test.JellyTestSuiteBuilder$JellyCheck</className>
          <testName>lib/layout/tabBar.jelly</testName>
          <skipped>false</skipped>
          <failedSince>0</failedSince>
        </case>
      </cases>
    </suite>
    <suite>
      <file>/home/jenkins/slave/workspace/jenkins_main_trunk/test/target/surefire-reports/lib_layout_task.jelly.142.xml</file>
      <name>lib_layout_task.jelly</name>
      <stdout></stdout>
      <stderr></stderr>
      <duration>0.005</duration>
      <timestamp>2012-12-11T10:54:59</timestamp>
      <cases>
        <case>
          <duration>0.005</duration>
          <className>org.jvnet.hudson.test.JellyTestSuiteBuilder$JellyCheck</className>
          <testName>lib/layout/task.jelly</testName>
          <skipped>false</skipped>
          <failedSince>0</failedSince>
        </case>
      </cases>
    </suite>
    <suite>
      <file>/home/jenkins/slave/workspace/jenkins_main_trunk/test/target/surefire-reports/lib_layout_tasks.jelly.137.xml</file>
      <name>lib_layout_tasks.jelly</name>
      <stdout></stdout>
      <stderr></stderr>
      <duration>0.003</duration>
      <timestamp>2012-12-11T10:54:59</timestamp>
      <cases>
        <case>
          <duration>0.003</duration>
          <className>org.jvnet.hudson.test.JellyTestSuiteBuilder$JellyCheck</className>
          <testName>lib/layout/tasks.jelly</testName>
          <skipped>false</skipped>
          <failedSince>0</failedSince>
        </case>
      </cases>
    </suite>
    <suite>
      <file>/home/jenkins/slave/workspace/jenkins_main_trunk/test/target/surefire-reports/lib_layout_yui.jelly.151.xml</file>
      <name>lib_layout_yui.jelly</name>
      <stdout></stdout>
      <stderr></stderr>
      <duration>0.003</duration>
      <timestamp>2012-12-11T10:54:59</timestamp>
      <cases>
        <case>
          <duration>0.003</duration>
          <className>org.jvnet.hudson.test.JellyTestSuiteBuilder$JellyCheck</className>
          <testName>lib/layout/yui.jelly</testName>
          <skipped>false</skipped>
          <failedSince>0</failedSince>
        </case>
      </cases>
    </suite>
    <suite>
      <file>/home/jenkins/slave/workspace/jenkins_main_trunk/test/target/surefire-reports/lib_test_bar.jelly.31.xml</file>
      <name>lib_test_bar.jelly</name>
      <stdout></stdout>
      <stderr></stderr>
      <duration>0.009</duration>
      <timestamp>2012-12-11T10:54:58</timestamp>
      <cases>
        <case>
          <duration>0.009</duration>
          <className>org.jvnet.hudson.test.JellyTestSuiteBuilder$JellyCheck</className>
          <testName>lib/test/bar.jelly</testName>
          <skipped>false</skipped>
          <failedSince>0</failedSince>
        </case>
      </cases>
    </suite>
    <suite>
      <file>/home/jenkins/slave/workspace/jenkins_main_trunk/test/target/surefire-reports/ls.LabelExpressionTest.testDataCompatibilityWithHostNameWithWhitespace.834.xml</file>
      <name>hudson.model.labels.LabelExpressionTest.testDataCompatibilityWithHostNameWithWhitespace</name>
      <stdout>=== Starting LabelExpressionTest.testDataCompatibilityWithHostNameWithWhitespace
</stdout>
      <stderr>Dec 11, 2012 11:28:45 AM org.mortbay.log.Slf4jLog info
INFO: jetty-6.1.26
Dec 11, 2012 11:28:45 AM org.mortbay.log.Slf4jLog info
INFO: NO JSP Support for , did not find org.apache.jasper.servlet.JspServlet
Dec 11, 2012 11:28:45 AM org.mortbay.log.Slf4jLog info
INFO: Started SocketConnector@0.0.0.0:37323
Dec 11, 2012 11:28:45 AM jenkins.InitReactorRunner$1 onAttained
INFO: Started initialization
Dec 11, 2012 11:28:45 AM jenkins.InitReactorRunner$1 onAttained
INFO: Listed all plugins
Dec 11, 2012 
...[truncated 993 chars]...
hudson.PluginWrapper stop
INFO: Stopping ant
Dec 11, 2012 11:28:47 AM hudson.PluginWrapper stop
INFO: Stopping javadoc
Dec 11, 2012 11:28:47 AM hudson.PluginWrapper stop
INFO: Stopping subversion
Dec 11, 2012 11:28:47 AM hudson.PluginWrapper stop
INFO: Stopping cvs
Dec 11, 2012 11:28:47 AM hudson.PluginWrapper stop
INFO: Stopping maven-plugin
Dec 11, 2012 11:28:47 AM hudson.PluginWrapper stop
INFO: Stopping translation
Dec 11, 2012 11:28:47 AM hudson.PluginWrapper stop
INFO: Stopping ssh-slaves
</stderr>
      <duration>1.972</duration>
      <timestamp>2012-12-11T11:28:45</timestamp>
      <cases>
        <case>
          <duration>1.972</duration>
          <className>hudson.model.labels.LabelExpressionTest</className>
          <testName>testDataCompatibilityWithHostNameWithWhitespace</testName>
          <skipped>false</skipped>
          <failedSince>0</failedSince>
        </case>
      </cases>
    </suite>
    <suite>
      <file>/home/jenkins/slave/workspace/jenkins_main_trunk/test/target/surefire-reports/maven.MavenMultiModuleTest.testIncrementalRedeployAfterAggregatorError.682.xml</file>
      <name>hudson.maven.MavenMultiModuleTest.testIncrementalRedeployAfterAggregatorError</name>
      <stdout>=== Starting MavenMultiModuleTest.testIncrementalRedeployAfterAggregatorError
</stdout>
      <stderr>Dec 11, 2012 11:11:43 AM org.mortbay.log.Slf4jLog info
INFO: jetty-6.1.26
Dec 11, 2012 11:11:43 AM org.mortbay.log.Slf4jLog info
INFO: NO JSP Support for , did not find org.apache.jasper.servlet.JspServlet
Dec 11, 2012 11:11:43 AM org.mortbay.log.Slf4jLog info
INFO: Started SocketConnector@0.0.0.0:36279
Dec 11, 2012 11:11:43 AM jenkins.InitReactorRunner$1 onAttained
INFO: Started initialization
Dec 11, 2012 11:11:43 AM jenkins.InitReactorRunner$1 onAttained
INFO: Listed all plugins
Dec 11, 2012 
...[truncated 1197 chars]...
hudson.PluginWrapper stop
INFO: Stopping ant
Dec 11, 2012 11:12:13 AM hudson.PluginWrapper stop
INFO: Stopping javadoc
Dec 11, 2012 11:12:13 AM hudson.PluginWrapper stop
INFO: Stopping subversion
Dec 11, 2012 11:12:13 AM hudson.PluginWrapper stop
INFO: Stopping cvs
Dec 11, 2012 11:12:13 AM hudson.PluginWrapper stop
INFO: Stopping maven-plugin
Dec 11, 2012 11:12:13 AM hudson.PluginWrapper stop
INFO: Stopping translation
Dec 11, 2012 11:12:13 AM hudson.PluginWrapper stop
INFO: Stopping ssh-slaves
</stderr>
      <duration>30.07</duration>
      <timestamp>2012-12-11T11:11:43</timestamp>
      <cases>
        <case>
          <duration>30.07</duration>
          <className>hudson.maven.MavenMultiModuleTest</className>
          <testName>testIncrementalRedeployAfterAggregatorError</testName>
          <skipped>false</skipped>
          <failedSince>0</failedSince>
        </case>
      </cases>
    </suite>
    <suite>
      <file>/home/jenkins/slave/workspace/jenkins_main_trunk/test/target/surefire-reports/mentInterceptorTest.testSimpleMaven3BuildWithArgInterceptor_ArgBuilder.628.xml</file>
      <name>hudson.maven.MavenArgumentInterceptorTest.testSimpleMaven3BuildWithArgInterceptor_ArgBuilder</name>
      <stdout>=== Starting MavenArgumentInterceptorTest.testSimpleMaven3BuildWithArgInterceptor_ArgBuilder
</stdout>
      <stderr>Dec 11, 2012 11:06:04 AM org.mortbay.log.Slf4jLog info
INFO: jetty-6.1.26
Dec 11, 2012 11:06:04 AM org.mortbay.log.Slf4jLog info
INFO: NO JSP Support for , did not find org.apache.jasper.servlet.JspServlet
Dec 11, 2012 11:06:04 AM org.mortbay.log.Slf4jLog info
INFO: Started SocketConnector@0.0.0.0:60558
Dec 11, 2012 11:06:04 AM jenkins.InitReactorRunner$1 onAttained
INFO: Started initialization
Dec 11, 2012 11:06:04 AM jenkins.InitReactorRunner$1 onAttained
INFO: Listed all plugins
Dec 11, 2012 
...[truncated 1095 chars]...
hudson.PluginWrapper stop
INFO: Stopping ant
Dec 11, 2012 11:06:17 AM hudson.PluginWrapper stop
INFO: Stopping javadoc
Dec 11, 2012 11:06:17 AM hudson.PluginWrapper stop
INFO: Stopping subversion
Dec 11, 2012 11:06:17 AM hudson.PluginWrapper stop
INFO: Stopping cvs
Dec 11, 2012 11:06:17 AM hudson.PluginWrapper stop
INFO: Stopping maven-plugin
Dec 11, 2012 11:06:17 AM hudson.PluginWrapper stop
INFO: Stopping translation
Dec 11, 2012 11:06:17 AM hudson.PluginWrapper stop
INFO: Stopping ssh-slaves
</stderr>
      <duration>13.326</duration>
      <timestamp>2012-12-11T11:06:04</timestamp>
      <cases>
        <case>
          <duration>13.326</duration>
          <className>hudson.maven.MavenArgumentInterceptorTest</className>
          <testName>testSimpleMaven3BuildWithArgInterceptor_ArgBuilder</testName>
          <skipped>false</skipped>
          <failedSince>0</failedSince>
        </case>
      </cases>
    </suite>
    <suite>
      <file>/home/jenkins/slave/workspace/jenkins_main_trunk/test/target/surefire-reports/model.ExecutorTest.testWhenAnExecuterIsYankedANewExecuterTakesItsPlace.751.xml</file>
      <name>hudson.model.ExecutorTest.testWhenAnExecuterIsYankedANewExecuterTakesItsPlace</name>
      <stdout>=== Starting ExecutorTest.testWhenAnExecuterIsYankedANewExecuterTakesItsPlace
</stdout>
      <stderr>Dec 11, 2012 11:22:39 AM org.mortbay.log.Slf4jLog info
INFO: jetty-6.1.26
Dec 11, 2012 11:22:39 AM org.mortbay.log.Slf4jLog info
INFO: NO JSP Support for , did not find org.apache.jasper.servlet.JspServlet
Dec 11, 2012 11:22:39 AM org.mortbay.log.Slf4jLog info
INFO: Started SocketConnector@0.0.0.0:57910
Dec 11, 2012 11:22:39 AM jenkins.InitReactorRunner$1 onAttained
INFO: Started initialization
Dec 11, 2012 11:22:39 AM jenkins.InitReactorRunner$1 onAttained
INFO: Listed all plugins
Dec 11, 2012 
...[truncated 993 chars]...
hudson.PluginWrapper stop
INFO: Stopping ant
Dec 11, 2012 11:22:40 AM hudson.PluginWrapper stop
INFO: Stopping javadoc
Dec 11, 2012 11:22:40 AM hudson.PluginWrapper stop
INFO: Stopping subversion
Dec 11, 2012 11:22:40 AM hudson.PluginWrapper stop
INFO: Stopping cvs
Dec 11, 2012 11:22:40 AM hudson.PluginWrapper stop
INFO: Stopping maven-plugin
Dec 11, 2012 11:22:40 AM hudson.PluginWrapper stop
INFO: Stopping translation
Dec 11, 2012 11:22:40 AM hudson.PluginWrapper stop
INFO: Stopping ssh-slaves
</stderr>
      <duration>1.332</duration>
      <timestamp>2012-12-11T11:22:39</timestamp>
      <cases>
        <case>
          <duration>1.332</duration>
          <className>hudson.model.ExecutorTest</className>
          <testName>testWhenAnExecuterIsYankedANewExecuterTakesItsPlace</testName>
          <skipped>false</skipped>
          <failedSince>0</failedSince>
        </case>
      </cases>
    </suite>
    <suite>
      <file>/home/jenkins/slave/workspace/jenkins_main_trunk/test/target/surefire-reports/n.slaves.EnvironmentVariableNodePropertyTest.testFormRoundTripForSlave.878.xml</file>
      <name>hudson.slaves.EnvironmentVariableNodePropertyTest.testFormRoundTripForSlave</name>
      <stdout>=== Starting EnvironmentVariableNodePropertyTest.testFormRoundTripForSlave
</stdout>
      <stderr>Dec 11, 2012 11:31:35 AM org.mortbay.log.Slf4jLog info
INFO: jetty-6.1.26
Dec 11, 2012 11:31:35 AM org.mortbay.log.Slf4jLog info
INFO: NO JSP Support for , did not find org.apache.jasper.servlet.JspServlet
Dec 11, 2012 11:31:35 AM org.mortbay.log.Slf4jLog info
INFO: Started SocketConnector@0.0.0.0:39610
Dec 11, 2012 11:31:35 AM jenkins.InitReactorRunner$1 onAttained
INFO: Started initialization
Dec 11, 2012 11:31:35 AM jenkins.InitReactorRunner$1 onAttained
INFO: Listed all plugins
Dec 11, 2012 
...[truncated 6653 chars]...
hudson.PluginWrapper stop
INFO: Stopping ant
Dec 11, 2012 11:31:40 AM hudson.PluginWrapper stop
INFO: Stopping javadoc
Dec 11, 2012 11:31:40 AM hudson.PluginWrapper stop
INFO: Stopping subversion
Dec 11, 2012 11:31:40 AM hudson.PluginWrapper stop
INFO: Stopping cvs
Dec 11, 2012 11:31:40 AM hudson.PluginWrapper stop
INFO: Stopping maven-plugin
Dec 11, 2012 11:31:40 AM hudson.PluginWrapper stop
INFO: Stopping translation
Dec 11, 2012 11:31:40 AM hudson.PluginWrapper stop
INFO: Stopping ssh-slaves
</stderr>
      <duration>5.596</duration>
      <timestamp>2012-12-11T11:31:35</timestamp>
      <cases>
        <case>
          <duration>5.596</duration>
          <className>hudson.slaves.EnvironmentVariableNodePropertyTest</className>
          <testName>testFormRoundTripForSlave</testName>
          <skipped>false</skipped>
          <failedSince>0</failedSince>
        </case>
      </cases>
    </suite>
    <suite>
      <file>/home/jenkins/slave/workspace/jenkins_main_trunk/test/target/surefire-reports/nArgumentInterceptorTest.testSimpleMaven3BuildWithArgInterceptor_Goals.627.xml</file>
      <name>hudson.maven.MavenArgumentInterceptorTest.testSimpleMaven3BuildWithArgInterceptor_Goals</name>
      <stdout>=== Starting MavenArgumentInterceptorTest.testSimpleMaven3BuildWithArgInterceptor_Goals
</stdout>
      <stderr>Dec 11, 2012 11:05:55 AM org.mortbay.log.Slf4jLog info
INFO: jetty-6.1.26
Dec 11, 2012 11:05:55 AM org.mortbay.log.Slf4jLog info
INFO: NO JSP Support for , did not find org.apache.jasper.servlet.JspServlet
Dec 11, 2012 11:05:55 AM org.mortbay.log.Slf4jLog info
INFO: Started SocketConnector@0.0.0.0:41656
Dec 11, 2012 11:05:55 AM jenkins.InitReactorRunner$1 onAttained
INFO: Started initialization
Dec 11, 2012 11:05:55 AM jenkins.InitReactorRunner$1 onAttained
INFO: Listed all plugins
Dec 11, 2012 
...[truncated 1095 chars]...
hudson.PluginWrapper stop
INFO: Stopping ant
Dec 11, 2012 11:06:03 AM hudson.PluginWrapper stop
INFO: Stopping javadoc
Dec 11, 2012 11:06:03 AM hudson.PluginWrapper stop
INFO: Stopping subversion
Dec 11, 2012 11:06:03 AM hudson.PluginWrapper stop
INFO: Stopping cvs
Dec 11, 2012 11:06:03 AM hudson.PluginWrapper stop
INFO: Stopping maven-plugin
Dec 11, 2012 11:06:03 AM hudson.PluginWrapper stop
INFO: Stopping translation
Dec 11, 2012 11:06:03 AM hudson.PluginWrapper stop
INFO: Stopping ssh-slaves
</stderr>
      <duration>8.876</duration>
      <timestamp>2012-12-11T11:05:55</timestamp>
      <cases>
        <case>
          <duration>8.876</duration>
          <className>hudson.maven.MavenArgumentInterceptorTest</className>
          <testName>testSimpleMaven3BuildWithArgInterceptor_Goals</testName>
          <skipped>false</skipped>
          <failedSince>0</failedSince>
        </case>
      </cases>
    </suite>
    <suite>
      <file>/home/jenkins/slave/workspace/jenkins_main_trunk/test/target/surefire-reports/n_model_AbstractProject_BecauseOfUpstreamBuildInProgress_summary.jelly.320.xml</file>
      <name>hudson_model_AbstractProject_BecauseOfUpstreamBuildInProgress_summary.jelly</name>
      <stdout></stdout>
      <stderr></stderr>
      <duration>0.003</duration>
      <timestamp>2012-12-11T10:55:02</timestamp>
      <cases>
        <case>
          <duration>0.003</duration>
          <className>org.jvnet.hudson.test.JellyTestSuiteBuilder$JellyCheck</className>
          <testName>hudson/model/AbstractProject/BecauseOfUpstreamBuildInProgress/summary.jelly</testName>
          <skipped>false</skipped>
          <failedSince>0</failedSince>
        </case>
      </cases>
    </suite>
    <suite>
      <file>/home/jenkins/slave/workspace/jenkins_main_trunk/test/target/surefire-reports/on.model.SimpleJobTest.testGetEstimatedDurationIfPrevious3BuildsFailed.811.xml</file>
      <name>hudson.model.SimpleJobTest.testGetEstimatedDurationIfPrevious3BuildsFailed</name>
      <stdout>=== Starting SimpleJobTest.testGetEstimatedDurationIfPrevious3BuildsFailed
</stdout>
      <stderr>Dec 11, 2012 11:27:19 AM org.mortbay.log.Slf4jLog info
INFO: jetty-6.1.26
Dec 11, 2012 11:27:19 AM org.mortbay.log.Slf4jLog info
INFO: NO JSP Support for , did not find org.apache.jasper.servlet.JspServlet
Dec 11, 2012 11:27:19 AM org.mortbay.log.Slf4jLog info
INFO: Started SocketConnector@0.0.0.0:54688
Dec 11, 2012 11:27:19 AM jenkins.InitReactorRunner$1 onAttained
INFO: Started initialization
Dec 11, 2012 11:27:19 AM jenkins.InitReactorRunner$1 onAttained
INFO: Listed all plugins
Dec 11, 2012 
...[truncated 993 chars]...
hudson.PluginWrapper stop
INFO: Stopping ant
Dec 11, 2012 11:27:21 AM hudson.PluginWrapper stop
INFO: Stopping javadoc
Dec 11, 2012 11:27:21 AM hudson.PluginWrapper stop
INFO: Stopping subversion
Dec 11, 2012 11:27:21 AM hudson.PluginWrapper stop
INFO: Stopping cvs
Dec 11, 2012 11:27:21 AM hudson.PluginWrapper stop
INFO: Stopping maven-plugin
Dec 11, 2012 11:27:21 AM hudson.PluginWrapper stop
INFO: Stopping translation
Dec 11, 2012 11:27:21 AM hudson.PluginWrapper stop
INFO: Stopping ssh-slaves
</stderr>
      <duration>1.76</duration>
      <timestamp>2012-12-11T11:27:19</timestamp>
      <cases>
        <case>
          <duration>1.76</duration>
          <className>hudson.model.SimpleJobTest</className>
          <testName>testGetEstimatedDurationIfPrevious3BuildsFailed</testName>
          <skipped>false</skipped>
          <failedSince>0</failedSince>
        </case>
      </cases>
    </suite>
    <suite>
      <file>/home/jenkins/slave/workspace/jenkins_main_trunk/test/target/surefire-reports/on.slaves.EnvironmentVariableNodePropertyTest.testSlavePropertyOnSlave.872.xml</file>
      <name>hudson.slaves.EnvironmentVariableNodePropertyTest.testSlavePropertyOnSlave</name>
      <stdout>=== Starting EnvironmentVariableNodePropertyTest.testSlavePropertyOnSlave
Legacy code started this job.  No cause information is available
Building remotely on [8mha:AAAAnB+LCAAAAAAAAABb85aBtbiIQTGjNKU4P08vOT+vOD8nVc83PyU1x6OyILUoJzMv2y+/JJUBAhiZGBgqihhk0NSjKDWzXb3RdlLBUSYGJk8GtpzUvPSSDB8G5tKinBIGIZ+sxLJE/ZzEvHT94JKizLx0a6BxUmjGOUNodHsLgAy2EgYB/eT83ILSktQi/eKcxLJUAwCuxmeFxQAAAA==[0mslave0 in workspace /home/jenkins/slave/workspace/jenkins_main_trunk/test/target/hudson6364987691898727180test/workspace/test0
Finished: SUCCESS

</stdout>
      <stderr>Dec 11, 2012 11:31:15 AM org.mortbay.log.Slf4jLog info
INFO: jetty-6.1.26
Dec 11, 2012 11:31:15 AM org.mortbay.log.Slf4jLog info
INFO: NO JSP Support for , did not find org.apache.jasper.servlet.JspServlet
Dec 11, 2012 11:31:15 AM org.mortbay.log.Slf4jLog info
INFO: Started SocketConnector@0.0.0.0:57701
Dec 11, 2012 11:31:15 AM jenkins.InitReactorRunner$1 onAttained
INFO: Started initialization
Dec 11, 2012 11:31:15 AM jenkins.InitReactorRunner$1 onAttained
INFO: Listed all plugins
Dec 11, 2012 
...[truncated 1195 chars]...
hudson.PluginWrapper stop
INFO: Stopping ant
Dec 11, 2012 11:31:17 AM hudson.PluginWrapper stop
INFO: Stopping javadoc
Dec 11, 2012 11:31:17 AM hudson.PluginWrapper stop
INFO: Stopping subversion
Dec 11, 2012 11:31:17 AM hudson.PluginWrapper stop
INFO: Stopping cvs
Dec 11, 2012 11:31:17 AM hudson.PluginWrapper stop
INFO: Stopping maven-plugin
Dec 11, 2012 11:31:17 AM hudson.PluginWrapper stop
INFO: Stopping translation
Dec 11, 2012 11:31:17 AM hudson.PluginWrapper stop
INFO: Stopping ssh-slaves
</stderr>
      <duration>3.126</duration>
      <timestamp>2012-12-11T11:31:15</timestamp>
      <cases>
        <case>
          <duration>3.126</duration>
          <className>hudson.slaves.EnvironmentVariableNodePropertyTest</className>
          <testName>testSlavePropertyOnSlave</testName>
          <skipped>false</skipped>
          <failedSince>0</failedSince>
        </case>
      </cases>
    </suite>
    <suite>
      <file>/home/jenkins/slave/workspace/jenkins_main_trunk/test/target/surefire-reports/on.tasks.junit.CaseResultTest.testFreestyleErrorMsgAndStacktraceRender.918.xml</file>
      <name>hudson.tasks.junit.CaseResultTest.testFreestyleErrorMsgAndStacktraceRender</name>
      <stdout>=== Starting CaseResultTest.testFreestyleErrorMsgAndStacktraceRender
</stdout>
      <stderr>Dec 11, 2012 11:35:32 AM org.mortbay.log.Slf4jLog info
INFO: jetty-6.1.26
Dec 11, 2012 11:35:32 AM org.mortbay.log.Slf4jLog info
INFO: NO JSP Support for , did not find org.apache.jasper.servlet.JspServlet
Dec 11, 2012 11:35:32 AM org.mortbay.log.Slf4jLog info
INFO: Started SocketConnector@0.0.0.0:59651
Dec 11, 2012 11:35:32 AM jenkins.InitReactorRunner$1 onAttained
INFO: Started initialization
Dec 11, 2012 11:35:32 AM jenkins.InitReactorRunner$1 onAttained
INFO: Listed all plugins
Dec 11, 2012 
...[truncated 3581 chars]...
hudson.PluginWrapper stop
INFO: Stopping ant
Dec 11, 2012 11:35:34 AM hudson.PluginWrapper stop
INFO: Stopping javadoc
Dec 11, 2012 11:35:34 AM hudson.PluginWrapper stop
INFO: Stopping subversion
Dec 11, 2012 11:35:34 AM hudson.PluginWrapper stop
INFO: Stopping cvs
Dec 11, 2012 11:35:34 AM hudson.PluginWrapper stop
INFO: Stopping maven-plugin
Dec 11, 2012 11:35:34 AM hudson.PluginWrapper stop
INFO: Stopping translation
Dec 11, 2012 11:35:34 AM hudson.PluginWrapper stop
INFO: Stopping ssh-slaves
</stderr>
      <duration>2.915</duration>
      <timestamp>2012-12-11T11:35:32</timestamp>
      <cases>
        <case>
          <duration>2.915</duration>
          <className>hudson.tasks.junit.CaseResultTest</className>
          <testName>testFreestyleErrorMsgAndStacktraceRender</testName>
          <skipped>false</skipped>
          <failedSince>0</failedSince>
        </case>
      </cases>
    </suite>
    <suite>
      <file>/home/jenkins/slave/workspace/jenkins_main_trunk/test/target/surefire-reports/on_security_GlobalMatrixAuthorizationStrategy_help_user_group_ja.jelly.227.xml</file>
      <name>hudson_security_GlobalMatrixAuthorizationStrategy_help-user-group_ja.jelly</name>
      <stdout></stdout>
      <stderr></stderr>
      <duration>0.004</duration>
      <timestamp>2012-12-11T10:55:00</timestamp>
      <cases>
        <case>
          <duration>0.004</duration>
          <className>org.jvnet.hudson.test.JellyTestSuiteBuilder$JellyCheck</className>
          <testName>hudson/security/GlobalMatrixAuthorizationStrategy/help-user-group_ja.jelly</testName>
          <skipped>false</skipped>
          <failedSince>0</failedSince>
        </case>
      </cases>
    </suite>
    <suite>
      <file>/home/jenkins/slave/workspace/jenkins_main_trunk/test/target/surefire-reports/org.jvnet.hudson.main.AppTest.test1.1008.xml</file>
      <name>org.jvnet.hudson.main.AppTest.test1</name>
      <stdout>=== Starting AppTest.test1
#1 completed
</stdout>
      <stderr>Dec 11, 2012 11:41:36 AM org.mortbay.log.Slf4jLog info
INFO: jetty-6.1.26
Dec 11, 2012 11:41:36 AM org.mortbay.log.Slf4jLog info
INFO: NO JSP Support for , did not find org.apache.jasper.servlet.JspServlet
Dec 11, 2012 11:41:36 AM org.mortbay.log.Slf4jLog info
INFO: Started SocketConnector@0.0.0.0:47471
Dec 11, 2012 11:41:36 AM jenkins.InitReactorRunner$1 onAttained
INFO: Started initialization
Dec 11, 2012 11:41:36 AM jenkins.InitReactorRunner$1 onAttained
INFO: Listed all plugins
Dec 11, 2012 
...[truncated 1095 chars]...
hudson.PluginWrapper stop
INFO: Stopping ant
Dec 11, 2012 11:41:37 AM hudson.PluginWrapper stop
INFO: Stopping javadoc
Dec 11, 2012 11:41:37 AM hudson.PluginWrapper stop
INFO: Stopping subversion
Dec 11, 2012 11:41:37 AM hudson.PluginWrapper stop
INFO: Stopping cvs
Dec 11, 2012 11:41:37 AM hudson.PluginWrapper stop
INFO: Stopping maven-plugin
Dec 11, 2012 11:41:37 AM hudson.PluginWrapper stop
INFO: Stopping translation
Dec 11, 2012 11:41:37 AM hudson.PluginWrapper stop
INFO: Stopping ssh-slaves
</stderr>
      <duration>1.884</duration>
      <timestamp>2012-12-11T11:41:36</timestamp>
      <cases>
        <case>
          <duration>1.884</duration>
          <className>org.jvnet.hudson.main.AppTest</className>
          <testName>test1</testName>
          <skipped>false</skipped>
          <failedSince>0</failedSince>
        </case>
      </cases>
    </suite>
    <suite>
      <file>/home/jenkins/slave/workspace/jenkins_main_trunk/test/target/surefire-reports/org.jvnet.hudson.main.AppTest.test2.1009.xml</file>
      <name>org.jvnet.hudson.main.AppTest.test2</name>
      <stdout>=== Starting AppTest.test2
#1 completed
</stdout>
      <stderr>Dec 11, 2012 11:41:38 AM org.mortbay.log.Slf4jLog info
INFO: jetty-6.1.26
Dec 11, 2012 11:41:38 AM org.mortbay.log.Slf4jLog info
INFO: NO JSP Support for , did not find org.apache.jasper.servlet.JspServlet
Dec 11, 2012 11:41:38 AM org.mortbay.log.Slf4jLog info
INFO: Started SocketConnector@0.0.0.0:46943
Dec 11, 2012 11:41:38 AM jenkins.InitReactorRunner$1 onAttained
INFO: Started initialization
Dec 11, 2012 11:41:38 AM jenkins.InitReactorRunner$1 onAttained
INFO: Listed all plugins
Dec 11, 2012 
...[truncated 1095 chars]...
hudson.PluginWrapper stop
INFO: Stopping ant
Dec 11, 2012 11:41:41 AM hudson.PluginWrapper stop
INFO: Stopping javadoc
Dec 11, 2012 11:41:41 AM hudson.PluginWrapper stop
INFO: Stopping subversion
Dec 11, 2012 11:41:41 AM hudson.PluginWrapper stop
INFO: Stopping cvs
Dec 11, 2012 11:41:41 AM hudson.PluginWrapper stop
INFO: Stopping maven-plugin
Dec 11, 2012 11:41:41 AM hudson.PluginWrapper stop
INFO: Stopping translation
Dec 11, 2012 11:41:41 AM hudson.PluginWrapper stop
INFO: Stopping ssh-slaves
</stderr>
      <duration>3.449</duration>
      <timestamp>2012-12-11T11:41:38</timestamp>
      <cases>
        <case>
          <duration>3.449</duration>
          <className>org.jvnet.hudson.main.AppTest</className>
          <testName>test2</testName>
          <skipped>false</skipped>
          <failedSince>0</failedSince>
        </case>
      </cases>
    </suite>
    <suite>
      <file>/home/jenkins/slave/workspace/jenkins_main_trunk/test/target/surefire-reports/org.jvnet.hudson.test.JellyTestSuiteBuilder_JellyTestSuite.533.xml</file>
      <name>org.jvnet.hudson.test.JellyTestSuiteBuilder$JellyTestSuite</name>
      <stdout></stdout>
      <stderr></stderr>
      <duration>0.001</duration>
      <timestamp>2012-12-11T10:55:07</timestamp>
      <cases>
        <case>
          <duration>0.001</duration>
          <className>org.jvnet.hudson.test.junit.FailedTest</className>
          <testName>org.jvnet.hudson.test.JellyTestSuiteBuilder$JellyTestSuite</testName>
          <skipped>false</skipped>
          <failedSince>0</failedSince>
        </case>
        <case>
          <duration>0.0</duration>
          <className>org.jvnet.hudson.test.junit.FailedTest</className>
          <testName>org.jvnet.hudson.test.JellyTestSuiteBuilder$JellyTestSuite</testName>
          <skipped>false</skipped>
          <failedSince>0</failedSince>
        </case>
      </cases>
    </suite>
    <suite>
      <file>/home/jenkins/slave/workspace/jenkins_main_trunk/test/target/surefire-reports/ractProjectTest.testConfiguringBlockBuildWhenUpstreamBuildingRoundtrip.722.xml</file>
      <name>hudson.model.AbstractProjectTest.testConfiguringBlockBuildWhenUpstreamBuildingRoundtrip</name>
      <stdout>=== Starting AbstractProjectTest.testConfiguringBlockBuildWhenUpstreamBuildingRoundtrip
</stdout>
      <stderr>Dec 11, 2012 11:21:12 AM org.mortbay.log.Slf4jLog info
INFO: jetty-6.1.26
Dec 11, 2012 11:21:12 AM org.mortbay.log.Slf4jLog info
INFO: NO JSP Support for , did not find org.apache.jasper.servlet.JspServlet
Dec 11, 2012 11:21:12 AM org.mortbay.log.Slf4jLog info
INFO: Started SocketConnector@0.0.0.0:50432
Dec 11, 2012 11:21:12 AM jenkins.InitReactorRunner$1 onAttained
INFO: Started initialization
Dec 11, 2012 11:21:12 AM jenkins.InitReactorRunner$1 onAttained
INFO: Listed all plugins
Dec 11, 2012 
...[truncated 10233 chars]...
hudson.PluginWrapper stop
INFO: Stopping ant
Dec 11, 2012 11:21:21 AM hudson.PluginWrapper stop
INFO: Stopping javadoc
Dec 11, 2012 11:21:21 AM hudson.PluginWrapper stop
INFO: Stopping subversion
Dec 11, 2012 11:21:21 AM hudson.PluginWrapper stop
INFO: Stopping cvs
Dec 11, 2012 11:21:21 AM hudson.PluginWrapper stop
INFO: Stopping maven-plugin
Dec 11, 2012 11:21:21 AM hudson.PluginWrapper stop
INFO: Stopping translation
Dec 11, 2012 11:21:21 AM hudson.PluginWrapper stop
INFO: Stopping ssh-slaves
</stderr>
      <duration>10.282</duration>
      <timestamp>2012-12-11T11:21:12</timestamp>
      <cases>
        <case>
          <duration>10.282</duration>
          <className>hudson.model.AbstractProjectTest</className>
          <testName>testConfiguringBlockBuildWhenUpstreamBuildingRoundtrip</testName>
          <skipped>false</skipped>
          <failedSince>0</failedSince>
        </case>
      </cases>
    </suite>
    <suite>
      <file>/home/jenkins/slave/workspace/jenkins_main_trunk/test/target/surefire-reports/scripts.BehaviorTest.testCssSelectors.1012.xml</file>
      <name>scripts.BehaviorTest.testCssSelectors</name>
      <stdout>=== Starting BehaviorTest.testCssSelectors
</stdout>
      <stderr>Dec 11, 2012 11:41:43 AM org.mortbay.log.Slf4jLog info
INFO: jetty-6.1.26
Dec 11, 2012 11:41:43 AM org.mortbay.log.Slf4jLog info
INFO: NO JSP Support for , did not find org.apache.jasper.servlet.JspServlet
Dec 11, 2012 11:41:43 AM org.mortbay.log.Slf4jLog info
INFO: Started SocketConnector@0.0.0.0:34577
Dec 11, 2012 11:41:43 AM jenkins.InitReactorRunner$1 onAttained
INFO: Started initialization
Dec 11, 2012 11:41:43 AM jenkins.InitReactorRunner$1 onAttained
INFO: Listed all plugins
Dec 11, 2012 
...[truncated 3473 chars]...
hudson.PluginWrapper stop
INFO: Stopping ant
Dec 11, 2012 11:41:45 AM hudson.PluginWrapper stop
INFO: Stopping javadoc
Dec 11, 2012 11:41:45 AM hudson.PluginWrapper stop
INFO: Stopping subversion
Dec 11, 2012 11:41:45 AM hudson.PluginWrapper stop
INFO: Stopping cvs
Dec 11, 2012 11:41:45 AM hudson.PluginWrapper stop
INFO: Stopping maven-plugin
Dec 11, 2012 11:41:45 AM hudson.PluginWrapper stop
INFO: Stopping translation
Dec 11, 2012 11:41:45 AM hudson.PluginWrapper stop
INFO: Stopping ssh-slaves
</stderr>
      <duration>2.272</duration>
      <timestamp>2012-12-11T11:41:43</timestamp>
      <cases>
        <case>
          <duration>2.272</duration>
          <className>scripts.BehaviorTest</className>
          <testName>testCssSelectors</testName>
          <skipped>false</skipped>
          <failedSince>0</failedSince>
        </case>
      </cases>
    </suite>
    <suite>
      <file>/home/jenkins/slave/workspace/jenkins_main_trunk/test/target/surefire-reports/scripts.BehaviorTest.testDuplicateRegistrations.1013.xml</file>
      <name>scripts.BehaviorTest.testDuplicateRegistrations</name>
      <stdout>=== Starting BehaviorTest.testDuplicateRegistrations
</stdout>
      <stderr>Dec 11, 2012 11:41:45 AM org.mortbay.log.Slf4jLog info
INFO: jetty-6.1.26
Dec 11, 2012 11:41:45 AM org.mortbay.log.Slf4jLog info
INFO: NO JSP Support for , did not find org.apache.jasper.servlet.JspServlet
Dec 11, 2012 11:41:45 AM org.mortbay.log.Slf4jLog info
INFO: Started SocketConnector@0.0.0.0:58023
Dec 11, 2012 11:41:45 AM jenkins.InitReactorRunner$1 onAttained
INFO: Started initialization
Dec 11, 2012 11:41:45 AM jenkins.InitReactorRunner$1 onAttained
INFO: Listed all plugins
Dec 11, 2012 
...[truncated 3473 chars]...
hudson.PluginWrapper stop
INFO: Stopping ant
Dec 11, 2012 11:41:49 AM hudson.PluginWrapper stop
INFO: Stopping javadoc
Dec 11, 2012 11:41:49 AM hudson.PluginWrapper stop
INFO: Stopping subversion
Dec 11, 2012 11:41:49 AM hudson.PluginWrapper stop
INFO: Stopping cvs
Dec 11, 2012 11:41:49 AM hudson.PluginWrapper stop
INFO: Stopping maven-plugin
Dec 11, 2012 11:41:49 AM hudson.PluginWrapper stop
INFO: Stopping translation
Dec 11, 2012 11:41:49 AM hudson.PluginWrapper stop
INFO: Stopping ssh-slaves
</stderr>
      <duration>4.075</duration>
      <timestamp>2012-12-11T11:41:45</timestamp>
      <cases>
        <case>
          <duration>4.075</duration>
          <className>scripts.BehaviorTest</className>
          <testName>testDuplicateRegistrations</testName>
          <skipped>false</skipped>
          <failedSince>0</failedSince>
        </case>
      </cases>
    </suite>
    <suite>
      <file>/home/jenkins/slave/workspace/jenkins_main_trunk/test/target/surefire-reports/scripts.BehaviorTest.testSelectorOrdering.1014.xml</file>
      <name>scripts.BehaviorTest.testSelectorOrdering</name>
      <stdout>=== Starting BehaviorTest.testSelectorOrdering
</stdout>
      <stderr>Dec 11, 2012 11:41:49 AM org.mortbay.log.Slf4jLog info
INFO: jetty-6.1.26
Dec 11, 2012 11:41:49 AM org.mortbay.log.Slf4jLog info
INFO: NO JSP Support for , did not find org.apache.jasper.servlet.JspServlet
Dec 11, 2012 11:41:49 AM org.mortbay.log.Slf4jLog info
INFO: Started SocketConnector@0.0.0.0:43586
Dec 11, 2012 11:41:49 AM jenkins.InitReactorRunner$1 onAttained
INFO: Started initialization
Dec 11, 2012 11:41:49 AM jenkins.InitReactorRunner$1 onAttained
INFO: Listed all plugins
Dec 11, 2012 
...[truncated 3473 chars]...
hudson.PluginWrapper stop
INFO: Stopping ant
Dec 11, 2012 11:41:51 AM hudson.PluginWrapper stop
INFO: Stopping javadoc
Dec 11, 2012 11:41:51 AM hudson.PluginWrapper stop
INFO: Stopping subversion
Dec 11, 2012 11:41:51 AM hudson.PluginWrapper stop
INFO: Stopping cvs
Dec 11, 2012 11:41:51 AM hudson.PluginWrapper stop
INFO: Stopping maven-plugin
Dec 11, 2012 11:41:51 AM hudson.PluginWrapper stop
INFO: Stopping translation
Dec 11, 2012 11:41:51 AM hudson.PluginWrapper stop
INFO: Stopping ssh-slaves
</stderr>
      <duration>2.674</duration>
      <timestamp>2012-12-11T11:41:49</timestamp>
      <cases>
        <case>
          <duration>2.674</duration>
          <className>scripts.BehaviorTest</className>
          <testName>testSelectorOrdering</testName>
          <skipped>false</skipped>
          <failedSince>0</failedSince>
        </case>
      </cases>
    </suite>
    <suite>
      <file>/home/jenkins/slave/workspace/jenkins_main_trunk/test/target/surefire-reports/security.HudsonPrivateSecurityRealmTest.testDataCompatibilityWith1_282.861.xml</file>
      <name>hudson.security.HudsonPrivateSecurityRealmTest.testDataCompatibilityWith1_282</name>
      <stdout>=== Starting HudsonPrivateSecurityRealmTest.testDataCompatibilityWith1_282
</stdout>
      <stderr>Dec 11, 2012 11:30:12 AM org.mortbay.log.Slf4jLog info
INFO: jetty-6.1.26
Dec 11, 2012 11:30:12 AM org.mortbay.log.Slf4jLog info
INFO: NO JSP Support for , did not find org.apache.jasper.servlet.JspServlet
Dec 11, 2012 11:30:12 AM org.mortbay.log.Slf4jLog info
INFO: Started SocketConnector@0.0.0.0:50386
Dec 11, 2012 11:30:12 AM jenkins.InitReactorRunner$1 onAttained
INFO: Started initialization
Dec 11, 2012 11:30:12 AM jenkins.InitReactorRunner$1 onAttained
INFO: Listed all plugins
Dec 11, 2012 
...[truncated 34245 chars]...
hudson.PluginWrapper stop
INFO: Stopping ant
Dec 11, 2012 11:30:23 AM hudson.PluginWrapper stop
INFO: Stopping javadoc
Dec 11, 2012 11:30:23 AM hudson.PluginWrapper stop
INFO: Stopping subversion
Dec 11, 2012 11:30:23 AM hudson.PluginWrapper stop
INFO: Stopping cvs
Dec 11, 2012 11:30:23 AM hudson.PluginWrapper stop
INFO: Stopping maven-plugin
Dec 11, 2012 11:30:23 AM hudson.PluginWrapper stop
INFO: Stopping translation
Dec 11, 2012 11:30:23 AM hudson.PluginWrapper stop
INFO: Stopping ssh-slaves
</stderr>
      <duration>11.801</duration>
      <timestamp>2012-12-11T11:30:12</timestamp>
      <cases>
        <case>
          <duration>11.801</duration>
          <className>hudson.security.HudsonPrivateSecurityRealmTest</className>
          <testName>testDataCompatibilityWith1_282</testName>
          <skipped>false</skipped>
          <failedSince>0</failedSince>
        </case>
      </cases>
    </suite>
    <suite>
      <file>/home/jenkins/slave/workspace/jenkins_main_trunk/test/target/surefire-reports/sizeSurefire_hudson.tasks.junit.SuiteResultTest_.929.xml</file>
      <name>sizeSurefire(hudson.tasks.junit.SuiteResultTest)</name>
      <stdout></stdout>
      <stderr></stderr>
      <duration>0.185</duration>
      <timestamp>2012-12-11T11:36:26</timestamp>
      <cases>
        <case>
          <duration>0.185</duration>
          <className>hudson.tasks.junit.SuiteResultTest</className>
          <testName>sizeSurefire</testName>
          <skipped>false</skipped>
          <failedSince>0</failedSince>
        </case>
      </cases>
    </suite>
    <suite>
      <file>/home/jenkins/slave/workspace/jenkins_main_trunk/test/target/surefire-reports/tendedReadPermissionTest.testReadOnlyConfigAccessWithPermissionEnabled.858.xml</file>
      <name>hudson.security.ExtendedReadPermissionTest.testReadOnlyConfigAccessWithPermissionEnabled</name>
      <stdout>=== Starting ExtendedReadPermissionTest.testReadOnlyConfigAccessWithPermissionEnabled
</stdout>
      <stderr>Dec 11, 2012 11:29:54 AM org.mortbay.log.Slf4jLog info
INFO: jetty-6.1.26
Dec 11, 2012 11:29:54 AM org.mortbay.log.Slf4jLog info
INFO: NO JSP Support for , did not find org.apache.jasper.servlet.JspServlet
Dec 11, 2012 11:29:54 AM org.mortbay.log.Slf4jLog info
INFO: Started SocketConnector@0.0.0.0:49454
Dec 11, 2012 11:29:54 AM jenkins.InitReactorRunner$1 onAttained
INFO: Started initialization
Dec 11, 2012 11:29:54 AM jenkins.InitReactorRunner$1 onAttained
INFO: Listed all plugins
Dec 11, 2012 
...[truncated 9333 chars]...
hudson.PluginWrapper stop
INFO: Stopping ant
Dec 11, 2012 11:30:01 AM hudson.PluginWrapper stop
INFO: Stopping javadoc
Dec 11, 2012 11:30:01 AM hudson.PluginWrapper stop
INFO: Stopping subversion
Dec 11, 2012 11:30:01 AM hudson.PluginWrapper stop
INFO: Stopping cvs
Dec 11, 2012 11:30:01 AM hudson.PluginWrapper stop
INFO: Stopping maven-plugin
Dec 11, 2012 11:30:01 AM hudson.PluginWrapper stop
INFO: Stopping translation
Dec 11, 2012 11:30:01 AM hudson.PluginWrapper stop
INFO: Stopping ssh-slaves
</stderr>
      <duration>7.592</duration>
      <timestamp>2012-12-11T11:29:54</timestamp>
      <cases>
        <case>
          <duration>7.592</duration>
          <className>hudson.security.ExtendedReadPermissionTest</className>
          <testName>testReadOnlyConfigAccessWithPermissionEnabled</testName>
          <skipped>false</skipped>
          <failedSince>0</failedSince>
        </case>
      </cases>
    </suite>
    <suite>
      <file>/home/jenkins/slave/workspace/jenkins_main_trunk/test/target/surefire-reports/trix.MatrixProjectDependencyTest.testMatrixProjectTriggersDependencies.595.xml</file>
      <name>hudson.matrix.MatrixProjectDependencyTest.testMatrixProjectTriggersDependencies</name>
      <stdout>=== Starting MatrixProjectDependencyTest.testMatrixProjectTriggersDependencies
</stdout>
      <stderr>Dec 11, 2012 10:59:13 AM org.mortbay.log.Slf4jLog info
INFO: jetty-6.1.26
Dec 11, 2012 10:59:13 AM org.mortbay.log.Slf4jLog info
INFO: NO JSP Support for , did not find org.apache.jasper.servlet.JspServlet
Dec 11, 2012 10:59:13 AM org.mortbay.log.Slf4jLog info
INFO: Started SocketConnector@0.0.0.0:58840
Dec 11, 2012 10:59:14 AM jenkins.InitReactorRunner$1 onAttained
INFO: Started initialization
Dec 11, 2012 10:59:14 AM jenkins.InitReactorRunner$1 onAttained
INFO: Listed all plugins
Dec 11, 2012 
...[truncated 1309 chars]...
hudson.PluginWrapper stop
INFO: Stopping ant
Dec 11, 2012 10:59:21 AM hudson.PluginWrapper stop
INFO: Stopping javadoc
Dec 11, 2012 10:59:21 AM hudson.PluginWrapper stop
INFO: Stopping subversion
Dec 11, 2012 10:59:21 AM hudson.PluginWrapper stop
INFO: Stopping cvs
Dec 11, 2012 10:59:21 AM hudson.PluginWrapper stop
INFO: Stopping maven-plugin
Dec 11, 2012 10:59:21 AM hudson.PluginWrapper stop
INFO: Stopping translation
Dec 11, 2012 10:59:21 AM hudson.PluginWrapper stop
INFO: Stopping ssh-slaves
</stderr>
      <duration>7.923</duration>
      <timestamp>2012-12-11T10:59:13</timestamp>
      <cases>
        <case>
          <duration>7.923</duration>
          <className>hudson.matrix.MatrixProjectDependencyTest</className>
          <testName>testMatrixProjectTriggersDependencies</testName>
          <skipped>false</skipped>
          <failedSince>0</failedSince>
        </case>
      </cases>
    </suite>
    <suite>
      <file>/home/jenkins/slave/workspace/jenkins_main_trunk/test/target/surefire-reports/udson.PluginManagerTest.testUberClassLoaderDoesntUseContextClassLoader.554.xml</file>
      <name>hudson.PluginManagerTest.testUberClassLoaderDoesntUseContextClassLoader</name>
      <stdout>=== Starting PluginManagerTest.testUberClassLoaderDoesntUseContextClassLoader
</stdout>
      <stderr>Dec 11, 2012 10:56:08 AM org.mortbay.log.Slf4jLog info
INFO: jetty-6.1.26
Dec 11, 2012 10:56:08 AM org.mortbay.log.Slf4jLog info
INFO: NO JSP Support for , did not find org.apache.jasper.servlet.JspServlet
Dec 11, 2012 10:56:08 AM org.mortbay.log.Slf4jLog info
INFO: Started SocketConnector@0.0.0.0:55613
Dec 11, 2012 10:56:08 AM jenkins.InitReactorRunner$1 onAttained
INFO: Started initialization
Dec 11, 2012 10:56:09 AM jenkins.InitReactorRunner$1 onAttained
INFO: Listed all plugins
Dec 11, 2012 
...[truncated 993 chars]...
hudson.PluginWrapper stop
INFO: Stopping ant
Dec 11, 2012 10:56:10 AM hudson.PluginWrapper stop
INFO: Stopping javadoc
Dec 11, 2012 10:56:10 AM hudson.PluginWrapper stop
INFO: Stopping subversion
Dec 11, 2012 10:56:10 AM hudson.PluginWrapper stop
INFO: Stopping cvs
Dec 11, 2012 10:56:10 AM hudson.PluginWrapper stop
INFO: Stopping maven-plugin
Dec 11, 2012 10:56:10 AM hudson.PluginWrapper stop
INFO: Stopping translation
Dec 11, 2012 10:56:10 AM hudson.PluginWrapper stop
INFO: Stopping ssh-slaves
</stderr>
      <duration>2.439</duration>
      <timestamp>2012-12-11T10:56:08</timestamp>
      <cases>
        <case>
          <duration>2.439</duration>
          <className>hudson.PluginManagerTest</className>
          <testName>testUberClassLoaderDoesntUseContextClassLoader</testName>
          <skipped>false</skipped>
          <failedSince>0</failedSince>
        </case>
      </cases>
    </suite>
    <suite>
      <file>/home/jenkins/slave/workspace/jenkins_main_trunk/test/target/surefire-reports/udson.console.ConsoleAnnotatorTest.testCompletedStatelessLogAnnotation.575.xml</file>
      <name>hudson.console.ConsoleAnnotatorTest.testCompletedStatelessLogAnnotation</name>
      <stdout>=== Starting ConsoleAnnotatorTest.testCompletedStatelessLogAnnotation
Legacy code started this job.  No cause information is available
Building in workspace /home/jenkins/slave/workspace/jenkins_main_trunk/test/target/hudson6337870623303590755test/workspace/test0
---
ooo
ooo
Finished: SUCCESS

</stdout>
      <stderr>Dec 11, 2012 10:57:34 AM org.mortbay.log.Slf4jLog info
INFO: jetty-6.1.26
Dec 11, 2012 10:57:34 AM org.mortbay.log.Slf4jLog info
INFO: NO JSP Support for , did not find org.apache.jasper.servlet.JspServlet
Dec 11, 2012 10:57:34 AM org.mortbay.log.Slf4jLog info
INFO: Started SocketConnector@0.0.0.0:54639
Dec 11, 2012 10:57:34 AM jenkins.InitReactorRunner$1 onAttained
INFO: Started initialization
Dec 11, 2012 10:57:34 AM jenkins.InitReactorRunner$1 onAttained
INFO: Listed all plugins
Dec 11, 2012 
...[truncated 3575 chars]...
hudson.PluginWrapper stop
INFO: Stopping ant
Dec 11, 2012 10:57:36 AM hudson.PluginWrapper stop
INFO: Stopping javadoc
Dec 11, 2012 10:57:36 AM hudson.PluginWrapper stop
INFO: Stopping subversion
Dec 11, 2012 10:57:36 AM hudson.PluginWrapper stop
INFO: Stopping cvs
Dec 11, 2012 10:57:36 AM hudson.PluginWrapper stop
INFO: Stopping maven-plugin
Dec 11, 2012 10:57:36 AM hudson.PluginWrapper stop
INFO: Stopping translation
Dec 11, 2012 10:57:36 AM hudson.PluginWrapper stop
INFO: Stopping ssh-slaves
</stderr>
      <duration>2.366</duration>
      <timestamp>2012-12-11T10:57:34</timestamp>
      <cases>
        <case>
          <duration>2.366</duration>
          <className>hudson.console.ConsoleAnnotatorTest</className>
          <testName>testCompletedStatelessLogAnnotation</testName>
          <skipped>false</skipped>
          <failedSince>0</failedSince>
        </case>
      </cases>
    </suite>
    <suite>
      <file>/home/jenkins/slave/workspace/jenkins_main_trunk/test/target/surefire-reports/udson.maven.MavenOptsTest.testEnvAndGlobalMavenOptsOverriddenByProject.686.xml</file>
      <name>hudson.maven.MavenOptsTest.testEnvAndGlobalMavenOptsOverriddenByProject</name>
      <stdout>=== Starting MavenOptsTest.testEnvAndGlobalMavenOptsOverriddenByProject
</stdout>
      <stderr>Dec 11, 2012 11:12:56 AM org.mortbay.log.Slf4jLog info
INFO: jetty-6.1.26
Dec 11, 2012 11:12:56 AM org.mortbay.log.Slf4jLog info
INFO: NO JSP Support for , did not find org.apache.jasper.servlet.JspServlet
Dec 11, 2012 11:12:56 AM org.mortbay.log.Slf4jLog info
INFO: Started SocketConnector@0.0.0.0:35708
Dec 11, 2012 11:12:56 AM jenkins.InitReactorRunner$1 onAttained
INFO: Started initialization
Dec 11, 2012 11:12:56 AM jenkins.InitReactorRunner$1 onAttained
INFO: Listed all plugins
Dec 11, 2012 
...[truncated 1195 chars]...
hudson.PluginWrapper stop
INFO: Stopping ant
Dec 11, 2012 11:13:10 AM hudson.PluginWrapper stop
INFO: Stopping javadoc
Dec 11, 2012 11:13:10 AM hudson.PluginWrapper stop
INFO: Stopping subversion
Dec 11, 2012 11:13:10 AM hudson.PluginWrapper stop
INFO: Stopping cvs
Dec 11, 2012 11:13:10 AM hudson.PluginWrapper stop
INFO: Stopping maven-plugin
Dec 11, 2012 11:13:10 AM hudson.PluginWrapper stop
INFO: Stopping translation
Dec 11, 2012 11:13:10 AM hudson.PluginWrapper stop
INFO: Stopping ssh-slaves
</stderr>
      <duration>14.173</duration>
      <timestamp>2012-12-11T11:12:56</timestamp>
      <cases>
        <case>
          <duration>14.173</duration>
          <className>hudson.maven.MavenOptsTest</className>
          <testName>testEnvAndGlobalMavenOptsOverriddenByProject</testName>
          <skipped>false</skipped>
          <failedSince>0</failedSince>
        </case>
      </cases>
    </suite>
    <suite>
      <file>/home/jenkins/slave/workspace/jenkins_main_trunk/test/target/surefire-reports/udson.slaves.EnvironmentVariableNodePropertyTest.testVariableResolving.876.xml</file>
      <name>hudson.slaves.EnvironmentVariableNodePropertyTest.testVariableResolving</name>
      <stdout>=== Starting EnvironmentVariableNodePropertyTest.testVariableResolving
Legacy code started this job.  No cause information is available
Building on master in workspace /home/jenkins/slave/workspace/jenkins_main_trunk/test/target/hudson1520496875211846382test/workspace/test0
Finished: SUCCESS

</stdout>
      <stderr>Dec 11, 2012 11:31:27 AM org.mortbay.log.Slf4jLog info
INFO: jetty-6.1.26
Dec 11, 2012 11:31:27 AM org.mortbay.log.Slf4jLog info
INFO: NO JSP Support for , did not find org.apache.jasper.servlet.JspServlet
Dec 11, 2012 11:31:27 AM org.mortbay.log.Slf4jLog info
INFO: Started SocketConnector@0.0.0.0:37582
Dec 11, 2012 11:31:27 AM jenkins.InitReactorRunner$1 onAttained
INFO: Started initialization
Dec 11, 2012 11:31:27 AM jenkins.InitReactorRunner$1 onAttained
INFO: Listed all plugins
Dec 11, 2012 
...[truncated 1095 chars]...
hudson.PluginWrapper stop
INFO: Stopping ant
Dec 11, 2012 11:31:30 AM hudson.PluginWrapper stop
INFO: Stopping javadoc
Dec 11, 2012 11:31:30 AM hudson.PluginWrapper stop
INFO: Stopping subversion
Dec 11, 2012 11:31:30 AM hudson.PluginWrapper stop
INFO: Stopping cvs
Dec 11, 2012 11:31:30 AM hudson.PluginWrapper stop
INFO: Stopping maven-plugin
Dec 11, 2012 11:31:30 AM hudson.PluginWrapper stop
INFO: Stopping translation
Dec 11, 2012 11:31:30 AM hudson.PluginWrapper stop
INFO: Stopping ssh-slaves
</stderr>
      <duration>2.721</duration>
      <timestamp>2012-12-11T11:31:27</timestamp>
      <cases>
        <case>
          <duration>2.721</duration>
          <className>hudson.slaves.EnvironmentVariableNodePropertyTest</className>
          <testName>testVariableResolving</testName>
          <skipped>false</skipped>
          <failedSince>0</failedSince>
        </case>
      </cases>
    </suite>
    <suite>
      <file>/home/jenkins/slave/workspace/jenkins_main_trunk/test/target/surefire-reports/udson_security_GlobalMatrixAuthorizationStrategy_help_user_group.jelly.228.xml</file>
      <name>hudson_security_GlobalMatrixAuthorizationStrategy_help-user-group.jelly</name>
      <stdout></stdout>
      <stderr></stderr>
      <duration>0.005</duration>
      <timestamp>2012-12-11T10:55:00</timestamp>
      <cases>
        <case>
          <duration>0.005</duration>
          <className>org.jvnet.hudson.test.JellyTestSuiteBuilder$JellyCheck</className>
          <testName>hudson/security/GlobalMatrixAuthorizationStrategy/help-user-group.jelly</testName>
          <skipped>false</skipped>
          <failedSince>0</failedSince>
        </case>
      </cases>
    </suite>
    <suite>
      <file>/home/jenkins/slave/workspace/jenkins_main_trunk/ui-samples-plugin/target/surefire-reports/TEST-InjectedTest.xml</file>
      <name>InjectedTest</name>
      <duration>3.874</duration>
      <cases>
        <case>
          <duration>0.225</duration>
          <className>org.jvnet.hudson.test.JellyTestSuiteBuilder$JellyCheck</className>
          <testName>/home/jenkins/slave/workspace/jenkins_main_trunk/ui-samples-plugin/target/classes/</testName>
          <skipped>false</skipped>
          <failedSince>0</failedSince>
        </case>
        <case>
          <duration>0.056</duration>
          <className>org.jvnet.hudson.test.JellyTestSuiteBuilder$JellyCheck</className>
          <testName>/home/jenkins/slave/workspace/jenkins_main_trunk/ui-samples-plugin/target/classes/</testName>
          <skipped>false</skipped>
          <failedSince>0</failedSince>
        </case>
        <case>
          <duration>0.059</duration>
          <className>org.jvnet.hudson.test.JellyTestSuiteBuilder$JellyCheck</className>
          <testName>/home/jenkins/slave/workspace/jenkins_main_trunk/ui-samples-plugin/target/classes/</testName>
          <skipped>false</skipped>
          <failedSince>0</failedSince>
        </case>
        <case>
          <duration>0.062</duration>
          <className>org.jvnet.hudson.test.JellyTestSuiteBuilder$JellyCheck</className>
          <testName>/home/jenkins/slave/workspace/jenkins_main_trunk/ui-samples-plugin/target/classes/</testName>
          <skipped>false</skipped>
          <failedSince>0</failedSince>
        </case>
        <case>
          <duration>0.069</duration>
          <className>org.jvnet.hudson.test.JellyTestSuiteBuilder$JellyCheck</className>
          <testName>/home/jenkins/slave/workspace/jenkins_main_trunk/ui-samples-plugin/target/classes/</testName>
          <skipped>false</skipped>
          <failedSince>0</failedSince>
        </case>
        <case>
          <duration>0.082</duration>
          <className>org.jvnet.hudson.test.JellyTestSuiteBuilder$JellyCheck</className>
          <testName>/home/jenkins/slave/workspace/jenkins_main_trunk/ui-samples-plugin/target/classes/</testName>
          <skipped>false</skipped>
          <failedSince>0</failedSince>
        </case>
        <case>
          <duration>0.065</duration>
          <className>org.jvnet.hudson.test.JellyTestSuiteBuilder$JellyCheck</className>
          <testName>/home/jenkins/slave/workspace/jenkins_main_trunk/ui-samples-plugin/target/classes/</testName>
          <skipped>false</skipped>
          <failedSince>0</failedSince>
        </case>
        <case>
          <duration>0.018</duration>
          <className>org.jvnet.hudson.test.JellyTestSuiteBuilder$JellyCheck</className>
          <testName>/home/jenkins/slave/workspace/jenkins_main_trunk/ui-samples-plugin/target/classes/</testName>
          <skipped>false</skipped>
          <failedSince>0</failedSince>
        </case>
        <case>
          <duration>0.077</duration>
          <className>org.jvnet.hudson.test.JellyTestSuiteBuilder$JellyCheck</className>
          <testName>/home/jenkins/slave/workspace/jenkins_main_trunk/ui-samples-plugin/target/classes/</testName>
          <skipped>false</skipped>
          <failedSince>0</failedSince>
        </case>
        <case>
          <duration>0.045</duration>
          <className>org.jvnet.hudson.test.JellyTestSuiteBuilder$JellyCheck</className>
          <testName>/home/jenkins/slave/workspace/jenkins_main_trunk/ui-samples-plugin/target/classes/</testName>
          <skipped>false</skipped>
          <failedSince>0</failedSince>
        </case>
        <case>
          <duration>0.0</duration>
          <className>org.jvnet.hudson.test.junit.FailedTest</className>
          <testName>org.jvnet.hudson.test.JellyTestSuiteBuilder$JellyTestSuite</testName>
          <skipped>false</skipped>
          <failedSince>0</failedSince>
        </case>
        <case>
          <duration>3.116</duration>
          <className>org.jvnet.hudson.test.PluginAutomaticTestBuilder$CliSanityTest</className>
          <testName>testCliSanity</testName>
          <skipped>false</skipped>
          <failedSince>0</failedSince>
        </case>
      </cases>
    </suite>
  </suites>
  <duration>2898.7256</duration>
  <keepLongStdio>false</keepLongStdio>
</result>